ARM GAS  C:\Users\LUKASC~1\AppData\Local\Temp\ccVvzmGe.s 			page 1


   1              		.syntax unified
   2              		.cpu cortex-m3
   3              		.fpu softvfp
   4              		.eabi_attribute 20, 1
   5              		.eabi_attribute 21, 1
   6              		.eabi_attribute 23, 3
   7              		.eabi_attribute 24, 1
   8              		.eabi_attribute 25, 1
   9              		.eabi_attribute 26, 1
  10              		.eabi_attribute 30, 6
  11              		.eabi_attribute 34, 1
  12              		.eabi_attribute 18, 4
  13              		.thumb
  14              		.file	"cymetadata.c"
  15              		.text
  16              	.Ltext0:
  17              		.cfi_sections	.debug_frame
  18              		.global	cy_meta_configecc
  19              		.section	.cyconfigecc,"a",%progbits
  20              		.align	2
  21              		.type	cy_meta_configecc, %object
  22              		.size	cy_meta_configecc, 1592
  23              	cy_meta_configecc:
  24 0000 01       		.byte	1
  25 0001 45       		.byte	69
  26 0002 00       		.byte	0
  27 0003 40       		.byte	64
  28 0004 04       		.byte	4
  29 0005 52       		.byte	82
  30 0006 00       		.byte	0
  31 0007 40       		.byte	64
  32 0008 02       		.byte	2
  33 0009 64       		.byte	100
  34 000a 00       		.byte	0
  35 000b 40       		.byte	64
  36 000c 04       		.byte	4
  37 000d 65       		.byte	101
  38 000e 00       		.byte	0
  39 000f 40       		.byte	64
  40 0010 49       		.byte	73
  41 0011 04       		.byte	4
  42 0012 01       		.byte	1
  43 0013 40       		.byte	64
  44 0014 3A       		.byte	58
  45 0015 05       		.byte	5
  46 0016 01       		.byte	1
  47 0017 40       		.byte	64
  48 0018 22       		.byte	34
  49 0019 06       		.byte	6
  50 001a 01       		.byte	1
  51 001b 40       		.byte	64
  52 001c 4D       		.byte	77
  53 001d 07       		.byte	7
  54 001e 01       		.byte	1
  55 001f 40       		.byte	64
  56 0020 01       		.byte	1
  57 0021 0B       		.byte	11
ARM GAS  C:\Users\LUKASC~1\AppData\Local\Temp\ccVvzmGe.s 			page 2


  58 0022 01       		.byte	1
  59 0023 40       		.byte	64
  60 0024 56       		.byte	86
  61 0025 14       		.byte	20
  62 0026 01       		.byte	1
  63 0027 40       		.byte	64
  64 0028 4E       		.byte	78
  65 0029 15       		.byte	21
  66 002a 01       		.byte	1
  67 002b 40       		.byte	64
  68 002c 5C       		.byte	92
  69 002d 16       		.byte	22
  70 002e 01       		.byte	1
  71 002f 40       		.byte	64
  72 0030 48       		.byte	72
  73 0031 17       		.byte	23
  74 0032 01       		.byte	1
  75 0033 40       		.byte	64
  76 0034 02       		.byte	2
  77 0035 19       		.byte	25
  78 0036 01       		.byte	1
  79 0037 40       		.byte	64
  80 0038 02       		.byte	2
  81 0039 1B       		.byte	27
  82 003a 01       		.byte	1
  83 003b 40       		.byte	64
  84 003c 06       		.byte	6
  85 003d 40       		.byte	64
  86 003e 01       		.byte	1
  87 003f 40       		.byte	64
  88 0040 06       		.byte	6
  89 0041 41       		.byte	65
  90 0042 01       		.byte	1
  91 0043 40       		.byte	64
  92 0044 09       		.byte	9
  93 0045 42       		.byte	66
  94 0046 01       		.byte	1
  95 0047 40       		.byte	64
  96 0048 06       		.byte	6
  97 0049 43       		.byte	67
  98 004a 01       		.byte	1
  99 004b 40       		.byte	64
 100 004c 01       		.byte	1
 101 004d 46       		.byte	70
 102 004e 01       		.byte	1
 103 004f 40       		.byte	64
 104 0050 04       		.byte	4
 105 0051 47       		.byte	71
 106 0052 01       		.byte	1
 107 0053 40       		.byte	64
 108 0054 05       		.byte	5
 109 0055 48       		.byte	72
 110 0056 01       		.byte	1
 111 0057 40       		.byte	64
 112 0058 07       		.byte	7
 113 0059 49       		.byte	73
 114 005a 01       		.byte	1
ARM GAS  C:\Users\LUKASC~1\AppData\Local\Temp\ccVvzmGe.s 			page 3


 115 005b 40       		.byte	64
 116 005c 04       		.byte	4
 117 005d 4C       		.byte	76
 118 005e 01       		.byte	1
 119 005f 40       		.byte	64
 120 0060 0D       		.byte	13
 121 0061 4D       		.byte	77
 122 0062 01       		.byte	1
 123 0063 40       		.byte	64
 124 0064 06       		.byte	6
 125 0065 50       		.byte	80
 126 0066 01       		.byte	1
 127 0067 40       		.byte	64
 128 0068 02       		.byte	2
 129 0069 51       		.byte	81
 130 006a 01       		.byte	1
 131 006b 40       		.byte	64
 132 006c 7E       		.byte	126
 133 006d 02       		.byte	2
 134 006e 04       		.byte	4
 135 006f 03       		.byte	3
 136 0070 28       		.byte	40
 137 0071 0A       		.byte	10
 138 0072 29       		.byte	41
 139 0073 08       		.byte	8
 140 0074 7C       		.byte	124
 141 0075 40       		.byte	64
 142 0076 84       		.byte	-124
 143 0077 38       		.byte	56
 144 0078 85       		.byte	-123
 145 0079 71       		.byte	113
 146 007a 84       		.byte	-124
 147 007b 0F       		.byte	15
 148 007c 85       		.byte	-123
 149 007d 0F       		.byte	15
 150 007e 86       		.byte	-122
 151 007f 71       		.byte	113
 152 0080 87       		.byte	-121
 153 0081 38       		.byte	56
 154 0082 03       		.byte	3
 155 0083 02       		.byte	2
 156 0084 04       		.byte	4
 157 0085 03       		.byte	3
 158 0086 07       		.byte	7
 159 0087 02       		.byte	2
 160 0088 0A       		.byte	10
 161 0089 04       		.byte	4
 162 008a 0C       		.byte	12
 163 008b 03       		.byte	3
 164 008c 11       		.byte	17
 165 008d 02       		.byte	2
 166 008e 14       		.byte	20
 167 008f 01       		.byte	1
 168 0090 15       		.byte	21
 169 0091 02       		.byte	2
 170 0092 16       		.byte	22
 171 0093 02       		.byte	2
ARM GAS  C:\Users\LUKASC~1\AppData\Local\Temp\ccVvzmGe.s 			page 4


 172 0094 1B       		.byte	27
 173 0095 02       		.byte	2
 174 0096 1F       		.byte	31
 175 0097 01       		.byte	1
 176 0098 22       		.byte	34
 177 0099 04       		.byte	4
 178 009a 27       		.byte	39
 179 009b 01       		.byte	1
 180 009c 2C       		.byte	44
 181 009d 01       		.byte	1
 182 009e 2D       		.byte	45
 183 009f 02       		.byte	2
 184 00a0 2E       		.byte	46
 185 00a1 02       		.byte	2
 186 00a2 30       		.byte	48
 187 00a3 01       		.byte	1
 188 00a4 31       		.byte	49
 189 00a5 02       		.byte	2
 190 00a6 32       		.byte	50
 191 00a7 02       		.byte	2
 192 00a8 34       		.byte	52
 193 00a9 04       		.byte	4
 194 00aa 37       		.byte	55
 195 00ab 01       		.byte	1
 196 00ac 38       		.byte	56
 197 00ad 08       		.byte	8
 198 00ae 3E       		.byte	62
 199 00af 11       		.byte	17
 200 00b0 3F       		.byte	63
 201 00b1 40       		.byte	64
 202 00b2 54       		.byte	84
 203 00b3 18       		.byte	24
 204 00b4 56       		.byte	86
 205 00b5 04       		.byte	4
 206 00b6 58       		.byte	88
 207 00b7 04       		.byte	4
 208 00b8 59       		.byte	89
 209 00b9 04       		.byte	4
 210 00ba 5B       		.byte	91
 211 00bb 04       		.byte	4
 212 00bc 5F       		.byte	95
 213 00bd 01       		.byte	1
 214 00be 80       		.byte	-128
 215 00bf 56       		.byte	86
 216 00c0 81       		.byte	-127
 217 00c1 24       		.byte	36
 218 00c2 82       		.byte	-126
 219 00c3 21       		.byte	33
 220 00c4 85       		.byte	-123
 221 00c5 08       		.byte	8
 222 00c6 89       		.byte	-119
 223 00c7 18       		.byte	24
 224 00c8 8A       		.byte	-118
 225 00c9 02       		.byte	2
 226 00ca 8D       		.byte	-115
 227 00cb 3C       		.byte	60
 228 00cc 8E       		.byte	-114
ARM GAS  C:\Users\LUKASC~1\AppData\Local\Temp\ccVvzmGe.s 			page 5


 229 00cd 46       		.byte	70
 230 00ce 8F       		.byte	-113
 231 00cf C1       		.byte	-63
 232 00d0 91       		.byte	-111
 233 00d1 FF       		.byte	-1
 234 00d2 94       		.byte	-108
 235 00d3 38       		.byte	56
 236 00d4 95       		.byte	-107
 237 00d5 E7       		.byte	-25
 238 00d6 96       		.byte	-106
 239 00d7 45       		.byte	69
 240 00d8 97       		.byte	-105
 241 00d9 18       		.byte	24
 242 00da 98       		.byte	-104
 243 00db 38       		.byte	56
 244 00dc 99       		.byte	-103
 245 00dd 9C       		.byte	-100
 246 00de 9A       		.byte	-102
 247 00df 43       		.byte	67
 248 00e0 9B       		.byte	-101
 249 00e1 62       		.byte	98
 250 00e2 9E       		.byte	-98
 251 00e3 29       		.byte	41
 252 00e4 A3       		.byte	-93
 253 00e5 04       		.byte	4
 254 00e6 A4       		.byte	-92
 255 00e7 80       		.byte	-128
 256 00e8 A8       		.byte	-88
 257 00e9 80       		.byte	-128
 258 00ea AB       		.byte	-85
 259 00eb E3       		.byte	-29
 260 00ec AC       		.byte	-84
 261 00ed 80       		.byte	-128
 262 00ee AD       		.byte	-83
 263 00ef 10       		.byte	16
 264 00f0 B0       		.byte	-80
 265 00f1 63       		.byte	99
 266 00f2 B1       		.byte	-79
 267 00f3 98       		.byte	-104
 268 00f4 B2       		.byte	-78
 269 00f5 80       		.byte	-128
 270 00f6 B3       		.byte	-77
 271 00f7 1F       		.byte	31
 272 00f8 B4       		.byte	-76
 273 00f9 07       		.byte	7
 274 00fa B5       		.byte	-75
 275 00fb 38       		.byte	56
 276 00fc B6       		.byte	-74
 277 00fd 18       		.byte	24
 278 00fe B7       		.byte	-73
 279 00ff 58       		.byte	88
 280 0100 B8       		.byte	-72
 281 0101 80       		.byte	-128
 282 0102 BA       		.byte	-70
 283 0103 22       		.byte	34
 284 0104 BB       		.byte	-69
 285 0105 A8       		.byte	-88
ARM GAS  C:\Users\LUKASC~1\AppData\Local\Temp\ccVvzmGe.s 			page 6


 286 0106 BE       		.byte	-66
 287 0107 40       		.byte	64
 288 0108 D6       		.byte	-42
 289 0109 02       		.byte	2
 290 010a D7       		.byte	-41
 291 010b 10       		.byte	16
 292 010c D8       		.byte	-40
 293 010d 04       		.byte	4
 294 010e D9       		.byte	-39
 295 010f 04       		.byte	4
 296 0110 DB       		.byte	-37
 297 0111 04       		.byte	4
 298 0112 DF       		.byte	-33
 299 0113 01       		.byte	1
 300 0114 00       		.byte	0
 301 0115 10       		.byte	16
 302 0116 02       		.byte	2
 303 0117 20       		.byte	32
 304 0118 03       		.byte	3
 305 0119 01       		.byte	1
 306 011a 04       		.byte	4
 307 011b A0       		.byte	-96
 308 011c 05       		.byte	5
 309 011d 01       		.byte	1
 310 011e 08       		.byte	8
 311 011f 80       		.byte	-128
 312 0120 09       		.byte	9
 313 0121 04       		.byte	4
 314 0122 0A       		.byte	10
 315 0123 01       		.byte	1
 316 0124 0D       		.byte	13
 317 0125 20       		.byte	32
 318 0126 0E       		.byte	14
 319 0127 20       		.byte	32
 320 0128 0F       		.byte	15
 321 0129 01       		.byte	1
 322 012a 11       		.byte	17
 323 012b 81       		.byte	-127
 324 012c 15       		.byte	21
 325 012d 54       		.byte	84
 326 012e 18       		.byte	24
 327 012f 14       		.byte	20
 328 0130 1A       		.byte	26
 329 0131 40       		.byte	64
 330 0132 1D       		.byte	29
 331 0133 21       		.byte	33
 332 0134 1E       		.byte	30
 333 0135 01       		.byte	1
 334 0136 1F       		.byte	31
 335 0137 04       		.byte	4
 336 0138 22       		.byte	34
 337 0139 81       		.byte	-127
 338 013a 24       		.byte	36
 339 013b 02       		.byte	2
 340 013c 25       		.byte	37
 341 013d 44       		.byte	68
 342 013e 26       		.byte	38
ARM GAS  C:\Users\LUKASC~1\AppData\Local\Temp\ccVvzmGe.s 			page 7


 343 013f 21       		.byte	33
 344 0140 27       		.byte	39
 345 0141 14       		.byte	20
 346 0142 29       		.byte	41
 347 0143 04       		.byte	4
 348 0144 2B       		.byte	43
 349 0145 01       		.byte	1
 350 0146 2D       		.byte	45
 351 0147 80       		.byte	-128
 352 0148 2F       		.byte	47
 353 0149 84       		.byte	-124
 354 014a 32       		.byte	50
 355 014b 40       		.byte	64
 356 014c 33       		.byte	51
 357 014d 15       		.byte	21
 358 014e 37       		.byte	55
 359 014f 15       		.byte	21
 360 0150 38       		.byte	56
 361 0151 02       		.byte	2
 362 0152 3B       		.byte	59
 363 0153 08       		.byte	8
 364 0154 3D       		.byte	61
 365 0155 80       		.byte	-128
 366 0156 3E       		.byte	62
 367 0157 28       		.byte	40
 368 0158 3F       		.byte	63
 369 0159 02       		.byte	2
 370 015a 44       		.byte	68
 371 015b 04       		.byte	4
 372 015c 45       		.byte	69
 373 015d 20       		.byte	32
 374 015e 5A       		.byte	90
 375 015f 02       		.byte	2
 376 0160 5E       		.byte	94
 377 0161 40       		.byte	64
 378 0162 60       		.byte	96
 379 0163 05       		.byte	5
 380 0164 63       		.byte	99
 381 0165 40       		.byte	64
 382 0166 6D       		.byte	109
 383 0167 54       		.byte	84
 384 0168 75       		.byte	117
 385 0169 80       		.byte	-128
 386 016a 76       		.byte	118
 387 016b 28       		.byte	40
 388 016c 7A       		.byte	122
 389 016d 20       		.byte	32
 390 016e 7B       		.byte	123
 391 016f 10       		.byte	16
 392 0170 80       		.byte	-128
 393 0171 01       		.byte	1
 394 0172 81       		.byte	-127
 395 0173 08       		.byte	8
 396 0174 87       		.byte	-121
 397 0175 40       		.byte	64
 398 0176 C0       		.byte	-64
 399 0177 D7       		.byte	-41
ARM GAS  C:\Users\LUKASC~1\AppData\Local\Temp\ccVvzmGe.s 			page 8


 400 0178 C2       		.byte	-62
 401 0179 E4       		.byte	-28
 402 017a C4       		.byte	-60
 403 017b E9       		.byte	-23
 404 017c CA       		.byte	-54
 405 017d BA       		.byte	-70
 406 017e CC       		.byte	-52
 407 017f EF       		.byte	-17
 408 0180 CE       		.byte	-50
 409 0181 F3       		.byte	-13
 410 0182 D6       		.byte	-42
 411 0183 11       		.byte	17
 412 0184 D8       		.byte	-40
 413 0185 0D       		.byte	13
 414 0186 E2       		.byte	-30
 415 0187 08       		.byte	8
 416 0188 01       		.byte	1
 417 0189 09       		.byte	9
 418 018a 02       		.byte	2
 419 018b 01       		.byte	1
 420 018c 03       		.byte	3
 421 018d 10       		.byte	16
 422 018e 07       		.byte	7
 423 018f 03       		.byte	3
 424 0190 11       		.byte	17
 425 0191 1C       		.byte	28
 426 0192 13       		.byte	19
 427 0193 02       		.byte	2
 428 0194 15       		.byte	21
 429 0195 0C       		.byte	12
 430 0196 17       		.byte	23
 431 0197 11       		.byte	17
 432 0198 19       		.byte	25
 433 0199 10       		.byte	16
 434 019a 1B       		.byte	27
 435 019b 0C       		.byte	12
 436 019c 25       		.byte	37
 437 019d 10       		.byte	16
 438 019e 29       		.byte	41
 439 019f 14       		.byte	20
 440 01a0 2E       		.byte	46
 441 01a1 01       		.byte	1
 442 01a2 33       		.byte	51
 443 01a3 1F       		.byte	31
 444 01a4 34       		.byte	52
 445 01a5 01       		.byte	1
 446 01a6 3E       		.byte	62
 447 01a7 10       		.byte	16
 448 01a8 40       		.byte	64
 449 01a9 04       		.byte	4
 450 01aa 45       		.byte	69
 451 01ab 04       		.byte	4
 452 01ac 49       		.byte	73
 453 01ad FF       		.byte	-1
 454 01ae 4A       		.byte	74
 455 01af 07       		.byte	7
 456 01b0 4B       		.byte	75
ARM GAS  C:\Users\LUKASC~1\AppData\Local\Temp\ccVvzmGe.s 			page 9


 457 01b1 FF       		.byte	-1
 458 01b2 4C       		.byte	76
 459 01b3 40       		.byte	64
 460 01b4 4D       		.byte	77
 461 01b5 20       		.byte	32
 462 01b6 4E       		.byte	78
 463 01b7 F0       		.byte	-16
 464 01b8 4F       		.byte	79
 465 01b9 05       		.byte	5
 466 01ba 50       		.byte	80
 467 01bb 08       		.byte	8
 468 01bc 58       		.byte	88
 469 01bd 04       		.byte	4
 470 01be 59       		.byte	89
 471 01bf 04       		.byte	4
 472 01c0 5A       		.byte	90
 473 01c1 04       		.byte	4
 474 01c2 5F       		.byte	95
 475 01c3 01       		.byte	1
 476 01c4 60       		.byte	96
 477 01c5 40       		.byte	64
 478 01c6 61       		.byte	97
 479 01c7 A8       		.byte	-88
 480 01c8 62       		.byte	98
 481 01c9 40       		.byte	64
 482 01ca 63       		.byte	99
 483 01cb 20       		.byte	32
 484 01cc 00       		.byte	0
 485 01cd 20       		.byte	32
 486 01ce 01       		.byte	1
 487 01cf 2A       		.byte	42
 488 01d0 02       		.byte	2
 489 01d1 01       		.byte	1
 490 01d2 04       		.byte	4
 491 01d3 02       		.byte	2
 492 01d4 08       		.byte	8
 493 01d5 01       		.byte	1
 494 01d6 09       		.byte	9
 495 01d7 40       		.byte	64
 496 01d8 0B       		.byte	11
 497 01d9 21       		.byte	33
 498 01da 10       		.byte	16
 499 01db 80       		.byte	-128
 500 01dc 11       		.byte	17
 501 01dd 40       		.byte	64
 502 01de 12       		.byte	18
 503 01df 14       		.byte	20
 504 01e0 15       		.byte	21
 505 01e1 80       		.byte	-128
 506 01e2 18       		.byte	24
 507 01e3 0A       		.byte	10
 508 01e4 19       		.byte	25
 509 01e5 02       		.byte	2
 510 01e6 1B       		.byte	27
 511 01e7 04       		.byte	4
 512 01e8 1D       		.byte	29
 513 01e9 10       		.byte	16
ARM GAS  C:\Users\LUKASC~1\AppData\Local\Temp\ccVvzmGe.s 			page 10


 514 01ea 20       		.byte	32
 515 01eb 02       		.byte	2
 516 01ec 22       		.byte	34
 517 01ed 51       		.byte	81
 518 01ee 23       		.byte	35
 519 01ef 10       		.byte	16
 520 01f0 25       		.byte	37
 521 01f1 04       		.byte	4
 522 01f2 29       		.byte	41
 523 01f3 28       		.byte	40
 524 01f4 2A       		.byte	42
 525 01f5 02       		.byte	2
 526 01f6 2C       		.byte	44
 527 01f7 80       		.byte	-128
 528 01f8 2D       		.byte	45
 529 01f9 04       		.byte	4
 530 01fa 2E       		.byte	46
 531 01fb 02       		.byte	2
 532 01fc 2F       		.byte	47
 533 01fd 08       		.byte	8
 534 01fe 30       		.byte	48
 535 01ff 09       		.byte	9
 536 0200 32       		.byte	50
 537 0201 10       		.byte	16
 538 0202 33       		.byte	51
 539 0203 01       		.byte	1
 540 0204 34       		.byte	52
 541 0205 04       		.byte	4
 542 0206 35       		.byte	53
 543 0207 01       		.byte	1
 544 0208 36       		.byte	54
 545 0209 10       		.byte	16
 546 020a 38       		.byte	56
 547 020b 08       		.byte	8
 548 020c 3A       		.byte	58
 549 020d 15       		.byte	21
 550 020e 3D       		.byte	61
 551 020f 0A       		.byte	10
 552 0210 40       		.byte	64
 553 0211 28       		.byte	40
 554 0212 43       		.byte	67
 555 0213 01       		.byte	1
 556 0214 44       		.byte	68
 557 0215 80       		.byte	-128
 558 0216 48       		.byte	72
 559 0217 0D       		.byte	13
 560 0218 49       		.byte	73
 561 0219 04       		.byte	4
 562 021a 4B       		.byte	75
 563 021b 20       		.byte	32
 564 021c 4C       		.byte	76
 565 021d 10       		.byte	16
 566 021e 4D       		.byte	77
 567 021f 04       		.byte	4
 568 0220 4F       		.byte	79
 569 0221 01       		.byte	1
 570 0222 51       		.byte	81
ARM GAS  C:\Users\LUKASC~1\AppData\Local\Temp\ccVvzmGe.s 			page 11


 571 0223 40       		.byte	64
 572 0224 58       		.byte	88
 573 0225 50       		.byte	80
 574 0226 60       		.byte	96
 575 0227 0A       		.byte	10
 576 0228 62       		.byte	98
 577 0229 10       		.byte	16
 578 022a 63       		.byte	99
 579 022b 02       		.byte	2
 580 022c 7D       		.byte	125
 581 022d 20       		.byte	32
 582 022e 7F       		.byte	127
 583 022f 04       		.byte	4
 584 0230 80       		.byte	-128
 585 0231 20       		.byte	32
 586 0232 81       		.byte	-127
 587 0233 40       		.byte	64
 588 0234 82       		.byte	-126
 589 0235 10       		.byte	16
 590 0236 93       		.byte	-109
 591 0237 08       		.byte	8
 592 0238 94       		.byte	-108
 593 0239 A0       		.byte	-96
 594 023a 95       		.byte	-107
 595 023b 01       		.byte	1
 596 023c 96       		.byte	-106
 597 023d 80       		.byte	-128
 598 023e 97       		.byte	-105
 599 023f 01       		.byte	1
 600 0240 98       		.byte	-104
 601 0241 84       		.byte	-124
 602 0242 99       		.byte	-103
 603 0243 01       		.byte	1
 604 0244 9D       		.byte	-99
 605 0245 04       		.byte	4
 606 0246 9F       		.byte	-97
 607 0247 01       		.byte	1
 608 0248 A2       		.byte	-94
 609 0249 81       		.byte	-127
 610 024a A3       		.byte	-93
 611 024b 10       		.byte	16
 612 024c A5       		.byte	-91
 613 024d 08       		.byte	8
 614 024e A6       		.byte	-90
 615 024f 10       		.byte	16
 616 0250 A7       		.byte	-89
 617 0251 81       		.byte	-127
 618 0252 C0       		.byte	-64
 619 0253 1F       		.byte	31
 620 0254 C2       		.byte	-62
 621 0255 0C       		.byte	12
 622 0256 C4       		.byte	-60
 623 0257 8F       		.byte	-113
 624 0258 CA       		.byte	-54
 625 0259 67       		.byte	103
 626 025a CC       		.byte	-52
 627 025b E7       		.byte	-25
ARM GAS  C:\Users\LUKASC~1\AppData\Local\Temp\ccVvzmGe.s 			page 12


 628 025c CE       		.byte	-50
 629 025d C7       		.byte	-57
 630 025e D0       		.byte	-48
 631 025f 87       		.byte	-121
 632 0260 D2       		.byte	-46
 633 0261 0C       		.byte	12
 634 0262 D6       		.byte	-42
 635 0263 0C       		.byte	12
 636 0264 D8       		.byte	-40
 637 0265 0C       		.byte	12
 638 0266 E2       		.byte	-30
 639 0267 08       		.byte	8
 640 0268 04       		.byte	4
 641 0269 17       		.byte	23
 642 026a 05       		.byte	5
 643 026b 07       		.byte	7
 644 026c 06       		.byte	6
 645 026d 60       		.byte	96
 646 026e 07       		.byte	7
 647 026f 18       		.byte	24
 648 0270 0B       		.byte	11
 649 0271 10       		.byte	16
 650 0272 0C       		.byte	12
 651 0273 C2       		.byte	-62
 652 0274 0D       		.byte	13
 653 0275 07       		.byte	7
 654 0276 0E       		.byte	14
 655 0277 34       		.byte	52
 656 0278 0F       		.byte	15
 657 0279 08       		.byte	8
 658 027a 10       		.byte	16
 659 027b 17       		.byte	23
 660 027c 12       		.byte	18
 661 027d E0       		.byte	-32
 662 027e 16       		.byte	22
 663 027f C0       		.byte	-64
 664 0280 17       		.byte	23
 665 0281 0B       		.byte	11
 666 0282 19       		.byte	25
 667 0283 06       		.byte	6
 668 0284 1B       		.byte	27
 669 0285 09       		.byte	9
 670 0286 26       		.byte	38
 671 0287 80       		.byte	-128
 672 0288 28       		.byte	40
 673 0289 08       		.byte	8
 674 028a 2A       		.byte	42
 675 028b 31       		.byte	49
 676 028c 2D       		.byte	45
 677 028d 14       		.byte	20
 678 028e 2F       		.byte	47
 679 028f 09       		.byte	9
 680 0290 30       		.byte	48
 681 0291 F0       		.byte	-16
 682 0292 32       		.byte	50
 683 0293 0C       		.byte	12
 684 0294 34       		.byte	52
ARM GAS  C:\Users\LUKASC~1\AppData\Local\Temp\ccVvzmGe.s 			page 13


 685 0295 03       		.byte	3
 686 0296 35       		.byte	53
 687 0297 1E       		.byte	30
 688 0298 37       		.byte	55
 689 0299 01       		.byte	1
 690 029a 38       		.byte	56
 691 029b 28       		.byte	40
 692 029c 3A       		.byte	58
 693 029d 02       		.byte	2
 694 029e 3B       		.byte	59
 695 029f 20       		.byte	32
 696 02a0 3E       		.byte	62
 697 02a1 10       		.byte	16
 698 02a2 3F       		.byte	63
 699 02a3 40       		.byte	64
 700 02a4 40       		.byte	64
 701 02a5 26       		.byte	38
 702 02a6 41       		.byte	65
 703 02a7 04       		.byte	4
 704 02a8 45       		.byte	69
 705 02a9 0C       		.byte	12
 706 02aa 46       		.byte	70
 707 02ab 0B       		.byte	11
 708 02ac 47       		.byte	71
 709 02ad 0E       		.byte	14
 710 02ae 48       		.byte	72
 711 02af 15       		.byte	21
 712 02b0 49       		.byte	73
 713 02b1 FF       		.byte	-1
 714 02b2 4A       		.byte	74
 715 02b3 FF       		.byte	-1
 716 02b4 4B       		.byte	75
 717 02b5 FF       		.byte	-1
 718 02b6 4E       		.byte	78
 719 02b7 F0       		.byte	-16
 720 02b8 4F       		.byte	79
 721 02b9 44       		.byte	68
 722 02ba 50       		.byte	80
 723 02bb 0C       		.byte	12
 724 02bc 54       		.byte	84
 725 02bd 01       		.byte	1
 726 02be 56       		.byte	86
 727 02bf 04       		.byte	4
 728 02c0 58       		.byte	88
 729 02c1 04       		.byte	4
 730 02c2 59       		.byte	89
 731 02c3 04       		.byte	4
 732 02c4 5A       		.byte	90
 733 02c5 04       		.byte	4
 734 02c6 5B       		.byte	91
 735 02c7 04       		.byte	4
 736 02c8 5F       		.byte	95
 737 02c9 01       		.byte	1
 738 02ca 66       		.byte	102
 739 02cb C0       		.byte	-64
 740 02cc 6A       		.byte	106
 741 02cd 40       		.byte	64
ARM GAS  C:\Users\LUKASC~1\AppData\Local\Temp\ccVvzmGe.s 			page 14


 742 02ce 6B       		.byte	107
 743 02cf 02       		.byte	2
 744 02d0 8C       		.byte	-116
 745 02d1 02       		.byte	2
 746 02d2 8F       		.byte	-113
 747 02d3 01       		.byte	1
 748 02d4 93       		.byte	-109
 749 02d5 01       		.byte	1
 750 02d6 95       		.byte	-107
 751 02d7 01       		.byte	1
 752 02d8 99       		.byte	-103
 753 02d9 01       		.byte	1
 754 02da 9E       		.byte	-98
 755 02db 01       		.byte	1
 756 02dc AF       		.byte	-81
 757 02dd 01       		.byte	1
 758 02de B1       		.byte	-79
 759 02df 01       		.byte	1
 760 02e0 B4       		.byte	-76
 761 02e1 02       		.byte	2
 762 02e2 B6       		.byte	-74
 763 02e3 01       		.byte	1
 764 02e4 BE       		.byte	-66
 765 02e5 10       		.byte	16
 766 02e6 BF       		.byte	-65
 767 02e7 01       		.byte	1
 768 02e8 C0       		.byte	-64
 769 02e9 61       		.byte	97
 770 02ea C1       		.byte	-63
 771 02eb 02       		.byte	2
 772 02ec C5       		.byte	-59
 773 02ed E0       		.byte	-32
 774 02ee C6       		.byte	-58
 775 02ef 0C       		.byte	12
 776 02f0 C7       		.byte	-57
 777 02f1 0B       		.byte	11
 778 02f2 C8       		.byte	-56
 779 02f3 16       		.byte	22
 780 02f4 C9       		.byte	-55
 781 02f5 FF       		.byte	-1
 782 02f6 CA       		.byte	-54
 783 02f7 FF       		.byte	-1
 784 02f8 CB       		.byte	-53
 785 02f9 FF       		.byte	-1
 786 02fa CE       		.byte	-50
 787 02fb F0       		.byte	-16
 788 02fc CF       		.byte	-49
 789 02fd 44       		.byte	68
 790 02fe D0       		.byte	-48
 791 02ff 0C       		.byte	12
 792 0300 D4       		.byte	-44
 793 0301 01       		.byte	1
 794 0302 D6       		.byte	-42
 795 0303 04       		.byte	4
 796 0304 D8       		.byte	-40
 797 0305 04       		.byte	4
 798 0306 D9       		.byte	-39
ARM GAS  C:\Users\LUKASC~1\AppData\Local\Temp\ccVvzmGe.s 			page 15


 799 0307 04       		.byte	4
 800 0308 DA       		.byte	-38
 801 0309 04       		.byte	4
 802 030a DB       		.byte	-37
 803 030b 04       		.byte	4
 804 030c DF       		.byte	-33
 805 030d 01       		.byte	1
 806 030e E6       		.byte	-26
 807 030f C0       		.byte	-64
 808 0310 EA       		.byte	-22
 809 0311 40       		.byte	64
 810 0312 EB       		.byte	-21
 811 0313 02       		.byte	2
 812 0314 00       		.byte	0
 813 0315 04       		.byte	4
 814 0316 03       		.byte	3
 815 0317 02       		.byte	2
 816 0318 04       		.byte	4
 817 0319 80       		.byte	-128
 818 031a 0A       		.byte	10
 819 031b 60       		.byte	96
 820 031c 0F       		.byte	15
 821 031d 02       		.byte	2
 822 031e 10       		.byte	16
 823 031f 08       		.byte	8
 824 0320 12       		.byte	18
 825 0321 20       		.byte	32
 826 0322 18       		.byte	24
 827 0323 20       		.byte	32
 828 0324 1A       		.byte	26
 829 0325 24       		.byte	36
 830 0326 1B       		.byte	27
 831 0327 02       		.byte	2
 832 0328 1E       		.byte	30
 833 0329 08       		.byte	8
 834 032a 1F       		.byte	31
 835 032b 80       		.byte	-128
 836 032c 20       		.byte	32
 837 032d 04       		.byte	4
 838 032e 22       		.byte	34
 839 032f 40       		.byte	64
 840 0330 27       		.byte	39
 841 0331 80       		.byte	-128
 842 0332 2B       		.byte	43
 843 0333 02       		.byte	2
 844 0334 2E       		.byte	46
 845 0335 80       		.byte	-128
 846 0336 30       		.byte	48
 847 0337 28       		.byte	40
 848 0338 31       		.byte	49
 849 0339 10       		.byte	16
 850 033a 34       		.byte	52
 851 033b 04       		.byte	4
 852 033c 35       		.byte	53
 853 033d 01       		.byte	1
 854 033e 36       		.byte	54
 855 033f 10       		.byte	16
ARM GAS  C:\Users\LUKASC~1\AppData\Local\Temp\ccVvzmGe.s 			page 16


 856 0340 38       		.byte	56
 857 0341 64       		.byte	100
 858 0342 3D       		.byte	61
 859 0343 80       		.byte	-128
 860 0344 40       		.byte	64
 861 0345 44       		.byte	68
 862 0346 42       		.byte	66
 863 0347 40       		.byte	64
 864 0348 44       		.byte	68
 865 0349 04       		.byte	4
 866 034a 45       		.byte	69
 867 034b 40       		.byte	64
 868 034c 48       		.byte	72
 869 034d 28       		.byte	40
 870 034e 4C       		.byte	76
 871 034f 44       		.byte	68
 872 0350 4D       		.byte	77
 873 0351 01       		.byte	1
 874 0352 50       		.byte	80
 875 0353 80       		.byte	-128
 876 0354 51       		.byte	81
 877 0355 0C       		.byte	12
 878 0356 56       		.byte	86
 879 0357 80       		.byte	-128
 880 0358 57       		.byte	87
 881 0359 08       		.byte	8
 882 035a 58       		.byte	88
 883 035b 01       		.byte	1
 884 035c 59       		.byte	89
 885 035d 10       		.byte	16
 886 035e 5A       		.byte	90
 887 035f 88       		.byte	-120
 888 0360 5D       		.byte	93
 889 0361 01       		.byte	1
 890 0362 5E       		.byte	94
 891 0363 08       		.byte	8
 892 0364 5F       		.byte	95
 893 0365 A0       		.byte	-96
 894 0366 62       		.byte	98
 895 0367 02       		.byte	2
 896 0368 64       		.byte	100
 897 0369 80       		.byte	-128
 898 036a 82       		.byte	-126
 899 036b 80       		.byte	-128
 900 036c 83       		.byte	-125
 901 036d 20       		.byte	32
 902 036e 84       		.byte	-124
 903 036f 80       		.byte	-128
 904 0370 88       		.byte	-120
 905 0371 51       		.byte	81
 906 0372 89       		.byte	-119
 907 0373 08       		.byte	8
 908 0374 8E       		.byte	-114
 909 0375 02       		.byte	2
 910 0376 90       		.byte	-112
 911 0377 08       		.byte	8
 912 0378 92       		.byte	-110
ARM GAS  C:\Users\LUKASC~1\AppData\Local\Temp\ccVvzmGe.s 			page 17


 913 0379 48       		.byte	72
 914 037a 94       		.byte	-108
 915 037b 04       		.byte	4
 916 037c 95       		.byte	-107
 917 037d 08       		.byte	8
 918 037e 96       		.byte	-106
 919 037f 24       		.byte	36
 920 0380 98       		.byte	-104
 921 0381 04       		.byte	4
 922 0382 99       		.byte	-103
 923 0383 01       		.byte	1
 924 0384 9C       		.byte	-100
 925 0385 50       		.byte	80
 926 0386 9E       		.byte	-98
 927 0387 80       		.byte	-128
 928 0388 A0       		.byte	-96
 929 0389 08       		.byte	8
 930 038a A1       		.byte	-95
 931 038b 40       		.byte	64
 932 038c A2       		.byte	-94
 933 038d 30       		.byte	48
 934 038e A3       		.byte	-93
 935 038f 01       		.byte	1
 936 0390 A4       		.byte	-92
 937 0391 80       		.byte	-128
 938 0392 A7       		.byte	-89
 939 0393 8A       		.byte	-118
 940 0394 AD       		.byte	-83
 941 0395 02       		.byte	2
 942 0396 AE       		.byte	-82
 943 0397 01       		.byte	1
 944 0398 C0       		.byte	-64
 945 0399 85       		.byte	-123
 946 039a C2       		.byte	-62
 947 039b 8C       		.byte	-116
 948 039c C4       		.byte	-60
 949 039d 06       		.byte	6
 950 039e CA       		.byte	-54
 951 039f 18       		.byte	24
 952 03a0 CC       		.byte	-52
 953 03a1 E6       		.byte	-26
 954 03a2 CE       		.byte	-50
 955 03a3 1E       		.byte	30
 956 03a4 D0       		.byte	-48
 957 03a5 35       		.byte	53
 958 03a6 D2       		.byte	-46
 959 03a7 24       		.byte	36
 960 03a8 D6       		.byte	-42
 961 03a9 FF       		.byte	-1
 962 03aa D8       		.byte	-40
 963 03ab 81       		.byte	-127
 964 03ac E6       		.byte	-26
 965 03ad 10       		.byte	16
 966 03ae E8       		.byte	-24
 967 03af 08       		.byte	8
 968 03b0 01       		.byte	1
 969 03b1 02       		.byte	2
ARM GAS  C:\Users\LUKASC~1\AppData\Local\Temp\ccVvzmGe.s 			page 18


 970 03b2 03       		.byte	3
 971 03b3 14       		.byte	20
 972 03b4 0F       		.byte	15
 973 03b5 20       		.byte	32
 974 03b6 10       		.byte	16
 975 03b7 02       		.byte	2
 976 03b8 11       		.byte	17
 977 03b9 28       		.byte	40
 978 03ba 13       		.byte	19
 979 03bb 11       		.byte	17
 980 03bc 15       		.byte	21
 981 03bd 0D       		.byte	13
 982 03be 17       		.byte	23
 983 03bf 10       		.byte	16
 984 03c0 19       		.byte	25
 985 03c1 0D       		.byte	13
 986 03c2 1A       		.byte	26
 987 03c3 01       		.byte	1
 988 03c4 1B       		.byte	27
 989 03c5 30       		.byte	48
 990 03c6 1E       		.byte	30
 991 03c7 01       		.byte	1
 992 03c8 24       		.byte	36
 993 03c9 02       		.byte	2
 994 03ca 28       		.byte	40
 995 03cb 02       		.byte	2
 996 03cc 2D       		.byte	45
 997 03cd 0C       		.byte	12
 998 03ce 2F       		.byte	47
 999 03cf 10       		.byte	16
 1000 03d0 31       		.byte	49
 1001 03d1 03       		.byte	3
 1002 03d2 32       		.byte	50
 1003 03d3 01       		.byte	1
 1004 03d4 34       		.byte	52
 1005 03d5 02       		.byte	2
 1006 03d6 35       		.byte	53
 1007 03d7 3C       		.byte	60
 1008 03d8 39       		.byte	57
 1009 03d9 02       		.byte	2
 1010 03da 3B       		.byte	59
 1011 03db A0       		.byte	-96
 1012 03dc 3E       		.byte	62
 1013 03dd 04       		.byte	4
 1014 03de 40       		.byte	64
 1015 03df 62       		.byte	98
 1016 03e0 41       		.byte	65
 1017 03e1 04       		.byte	4
 1018 03e2 42       		.byte	66
 1019 03e3 05       		.byte	5
 1020 03e4 44       		.byte	68
 1021 03e5 01       		.byte	1
 1022 03e6 45       		.byte	69
 1023 03e7 EC       		.byte	-20
 1024 03e8 48       		.byte	72
 1025 03e9 03       		.byte	3
 1026 03ea 49       		.byte	73
ARM GAS  C:\Users\LUKASC~1\AppData\Local\Temp\ccVvzmGe.s 			page 19


 1027 03eb FF       		.byte	-1
 1028 03ec 4A       		.byte	74
 1029 03ed FF       		.byte	-1
 1030 03ee 4B       		.byte	75
 1031 03ef FF       		.byte	-1
 1032 03f0 4C       		.byte	76
 1033 03f1 62       		.byte	98
 1034 03f2 4D       		.byte	77
 1035 03f3 A0       		.byte	-96
 1036 03f4 4E       		.byte	78
 1037 03f5 F0       		.byte	-16
 1038 03f6 4F       		.byte	79
 1039 03f7 41       		.byte	65
 1040 03f8 50       		.byte	80
 1041 03f9 0C       		.byte	12
 1042 03fa 56       		.byte	86
 1043 03fb 02       		.byte	2
 1044 03fc 57       		.byte	87
 1045 03fd 11       		.byte	17
 1046 03fe 58       		.byte	88
 1047 03ff 04       		.byte	4
 1048 0400 59       		.byte	89
 1049 0401 04       		.byte	4
 1050 0402 5A       		.byte	90
 1051 0403 04       		.byte	4
 1052 0404 5B       		.byte	91
 1053 0405 04       		.byte	4
 1054 0406 5F       		.byte	95
 1055 0407 01       		.byte	1
 1056 0408 66       		.byte	102
 1057 0409 40       		.byte	64
 1058 040a 67       		.byte	103
 1059 040b 02       		.byte	2
 1060 040c 69       		.byte	105
 1061 040d 10       		.byte	16
 1062 040e 6A       		.byte	106
 1063 040f 30       		.byte	48
 1064 0410 6B       		.byte	107
 1065 0411 10       		.byte	16
 1066 0412 6D       		.byte	109
 1067 0413 10       		.byte	16
 1068 0414 6E       		.byte	110
 1069 0415 10       		.byte	16
 1070 0416 6F       		.byte	111
 1071 0417 12       		.byte	18
 1072 0418 84       		.byte	-124
 1073 0419 10       		.byte	16
 1074 041a 85       		.byte	-123
 1075 041b 01       		.byte	1
 1076 041c 86       		.byte	-122
 1077 041d AC       		.byte	-84
 1078 041e 8C       		.byte	-116
 1079 041f DC       		.byte	-36
 1080 0420 8E       		.byte	-114
 1081 0421 22       		.byte	34
 1082 0422 90       		.byte	-112
 1083 0423 0C       		.byte	12
ARM GAS  C:\Users\LUKASC~1\AppData\Local\Temp\ccVvzmGe.s 			page 20


 1084 0424 92       		.byte	-110
 1085 0425 71       		.byte	113
 1086 0426 94       		.byte	-108
 1087 0427 09       		.byte	9
 1088 0428 96       		.byte	-106
 1089 0429 D0       		.byte	-48
 1090 042a 9E       		.byte	-98
 1091 042b 03       		.byte	3
 1092 042c A0       		.byte	-96
 1093 042d 14       		.byte	20
 1094 042e A4       		.byte	-92
 1095 042f 10       		.byte	16
 1096 0430 A6       		.byte	-90
 1097 0431 40       		.byte	64
 1098 0432 AA       		.byte	-86
 1099 0433 20       		.byte	32
 1100 0434 B0       		.byte	-80
 1101 0435 E0       		.byte	-32
 1102 0436 B3       		.byte	-77
 1103 0437 01       		.byte	1
 1104 0438 B6       		.byte	-74
 1105 0439 1F       		.byte	31
 1106 043a BA       		.byte	-70
 1107 043b 02       		.byte	2
 1108 043c BF       		.byte	-65
 1109 043d 04       		.byte	4
 1110 043e C0       		.byte	-64
 1111 043f 02       		.byte	2
 1112 0440 C5       		.byte	-59
 1113 0441 04       		.byte	4
 1114 0442 C9       		.byte	-55
 1115 0443 FF       		.byte	-1
 1116 0444 CA       		.byte	-54
 1117 0445 07       		.byte	7
 1118 0446 CB       		.byte	-53
 1119 0447 FF       		.byte	-1
 1120 0448 CC       		.byte	-52
 1121 0449 40       		.byte	64
 1122 044a CD       		.byte	-51
 1123 044b 20       		.byte	32
 1124 044c CE       		.byte	-50
 1125 044d F0       		.byte	-16
 1126 044e CF       		.byte	-49
 1127 044f 05       		.byte	5
 1128 0450 D0       		.byte	-48
 1129 0451 08       		.byte	8
 1130 0452 D4       		.byte	-44
 1131 0453 18       		.byte	24
 1132 0454 D6       		.byte	-42
 1133 0455 04       		.byte	4
 1134 0456 D8       		.byte	-40
 1135 0457 04       		.byte	4
 1136 0458 D9       		.byte	-39
 1137 0459 04       		.byte	4
 1138 045a DA       		.byte	-38
 1139 045b 04       		.byte	4
 1140 045c DB       		.byte	-37
ARM GAS  C:\Users\LUKASC~1\AppData\Local\Temp\ccVvzmGe.s 			page 21


 1141 045d 04       		.byte	4
 1142 045e DF       		.byte	-33
 1143 045f 01       		.byte	1
 1144 0460 E0       		.byte	-32
 1145 0461 40       		.byte	64
 1146 0462 E1       		.byte	-31
 1147 0463 A8       		.byte	-88
 1148 0464 E2       		.byte	-30
 1149 0465 40       		.byte	64
 1150 0466 E3       		.byte	-29
 1151 0467 20       		.byte	32
 1152 0468 00       		.byte	0
 1153 0469 04       		.byte	4
 1154 046a 03       		.byte	3
 1155 046b 02       		.byte	2
 1156 046c 0A       		.byte	10
 1157 046d 61       		.byte	97
 1158 046e 0E       		.byte	14
 1159 046f 82       		.byte	-126
 1160 0470 0F       		.byte	15
 1161 0471 08       		.byte	8
 1162 0472 10       		.byte	16
 1163 0473 88       		.byte	-120
 1164 0474 12       		.byte	18
 1165 0475 20       		.byte	32
 1166 0476 17       		.byte	23
 1167 0477 14       		.byte	20
 1168 0478 1A       		.byte	26
 1169 0479 41       		.byte	65
 1170 047a 1C       		.byte	28
 1171 047b 08       		.byte	8
 1172 047c 1D       		.byte	29
 1173 047d 08       		.byte	8
 1174 047e 22       		.byte	34
 1175 047f 04       		.byte	4
 1176 0480 24       		.byte	36
 1177 0481 C8       		.byte	-56
 1178 0482 25       		.byte	37
 1179 0483 01       		.byte	1
 1180 0484 26       		.byte	38
 1181 0485 10       		.byte	16
 1182 0486 27       		.byte	39
 1183 0487 01       		.byte	1
 1184 0488 2E       		.byte	46
 1185 0489 80       		.byte	-128
 1186 048a 34       		.byte	52
 1187 048b 04       		.byte	4
 1188 048c 35       		.byte	53
 1189 048d 01       		.byte	1
 1190 048e 36       		.byte	54
 1191 048f 10       		.byte	16
 1192 0490 39       		.byte	57
 1193 0491 08       		.byte	8
 1194 0492 3C       		.byte	60
 1195 0493 40       		.byte	64
 1196 0494 3F       		.byte	63
 1197 0495 01       		.byte	1
ARM GAS  C:\Users\LUKASC~1\AppData\Local\Temp\ccVvzmGe.s 			page 22


 1198 0496 42       		.byte	66
 1199 0497 04       		.byte	4
 1200 0498 44       		.byte	68
 1201 0499 02       		.byte	2
 1202 049a 45       		.byte	69
 1203 049b 10       		.byte	16
 1204 049c 47       		.byte	71
 1205 049d 01       		.byte	1
 1206 049e 49       		.byte	73
 1207 049f 80       		.byte	-128
 1208 04a0 4A       		.byte	74
 1209 04a1 21       		.byte	33
 1210 04a2 4D       		.byte	77
 1211 04a3 81       		.byte	-127
 1212 04a4 4F       		.byte	79
 1213 04a5 28       		.byte	40
 1214 04a6 50       		.byte	80
 1215 04a7 08       		.byte	8
 1216 04a8 5A       		.byte	90
 1217 04a9 02       		.byte	2
 1218 04aa 5F       		.byte	95
 1219 04ab 10       		.byte	16
 1220 04ac 61       		.byte	97
 1221 04ad 12       		.byte	18
 1222 04ae 62       		.byte	98
 1223 04af 80       		.byte	-128
 1224 04b0 6E       		.byte	110
 1225 04b1 80       		.byte	-128
 1226 04b2 6F       		.byte	111
 1227 04b3 14       		.byte	20
 1228 04b4 74       		.byte	116
 1229 04b5 10       		.byte	16
 1230 04b6 75       		.byte	117
 1231 04b7 08       		.byte	8
 1232 04b8 76       		.byte	118
 1233 04b9 01       		.byte	1
 1234 04ba 92       		.byte	-110
 1235 04bb 02       		.byte	2
 1236 04bc 93       		.byte	-109
 1237 04bd 11       		.byte	17
 1238 04be 94       		.byte	-108
 1239 04bf 80       		.byte	-128
 1240 04c0 95       		.byte	-107
 1241 04c1 01       		.byte	1
 1242 04c2 98       		.byte	-104
 1243 04c3 06       		.byte	6
 1244 04c4 99       		.byte	-103
 1245 04c5 11       		.byte	17
 1246 04c6 9C       		.byte	-100
 1247 04c7 50       		.byte	80
 1248 04c8 9D       		.byte	-99
 1249 04c9 08       		.byte	8
 1250 04ca 9E       		.byte	-98
 1251 04cb 01       		.byte	1
 1252 04cc 9F       		.byte	-97
 1253 04cd 01       		.byte	1
 1254 04ce A1       		.byte	-95
ARM GAS  C:\Users\LUKASC~1\AppData\Local\Temp\ccVvzmGe.s 			page 23


 1255 04cf 50       		.byte	80
 1256 04d0 A2       		.byte	-94
 1257 04d1 81       		.byte	-127
 1258 04d2 A3       		.byte	-93
 1259 04d3 11       		.byte	17
 1260 04d4 A4       		.byte	-92
 1261 04d5 14       		.byte	20
 1262 04d6 A5       		.byte	-91
 1263 04d7 09       		.byte	9
 1264 04d8 A6       		.byte	-90
 1265 04d9 10       		.byte	16
 1266 04da A7       		.byte	-89
 1267 04db 88       		.byte	-120
 1268 04dc B5       		.byte	-75
 1269 04dd 04       		.byte	4
 1270 04de B6       		.byte	-74
 1271 04df 02       		.byte	2
 1272 04e0 B7       		.byte	-73
 1273 04e1 04       		.byte	4
 1274 04e2 C0       		.byte	-64
 1275 04e3 05       		.byte	5
 1276 04e4 C2       		.byte	-62
 1277 04e5 DD       		.byte	-35
 1278 04e6 C4       		.byte	-60
 1279 04e7 6E       		.byte	110
 1280 04e8 CA       		.byte	-54
 1281 04e9 10       		.byte	16
 1282 04ea CC       		.byte	-52
 1283 04eb E0       		.byte	-32
 1284 04ec CE       		.byte	-50
 1285 04ed 92       		.byte	-110
 1286 04ee D0       		.byte	-48
 1287 04ef B4       		.byte	-76
 1288 04f0 D2       		.byte	-46
 1289 04f1 30       		.byte	48
 1290 04f2 D6       		.byte	-42
 1291 04f3 21       		.byte	33
 1292 04f4 D8       		.byte	-40
 1293 04f5 0D       		.byte	13
 1294 04f6 EE       		.byte	-18
 1295 04f7 08       		.byte	8
 1296 04f8 EC       		.byte	-20
 1297 04f9 40       		.byte	64
 1298 04fa EE       		.byte	-18
 1299 04fb 08       		.byte	8
 1300 04fc E2       		.byte	-30
 1301 04fd A0       		.byte	-96
 1302 04fe E8       		.byte	-24
 1303 04ff 08       		.byte	8
 1304 0500 31       		.byte	49
 1305 0501 02       		.byte	2
 1306 0502 33       		.byte	51
 1307 0503 40       		.byte	64
 1308 0504 37       		.byte	55
 1309 0505 82       		.byte	-126
 1310 0506 3B       		.byte	59
 1311 0507 40       		.byte	64
ARM GAS  C:\Users\LUKASC~1\AppData\Local\Temp\ccVvzmGe.s 			page 24


 1312 0508 CC       		.byte	-52
 1313 0509 F0       		.byte	-16
 1314 050a CE       		.byte	-50
 1315 050b 10       		.byte	16
 1316 050c 33       		.byte	51
 1317 050d 80       		.byte	-128
 1318 050e 35       		.byte	53
 1319 050f 80       		.byte	-128
 1320 0510 97       		.byte	-105
 1321 0511 40       		.byte	64
 1322 0512 9F       		.byte	-97
 1323 0513 C2       		.byte	-62
 1324 0514 A5       		.byte	-91
 1325 0515 02       		.byte	2
 1326 0516 CC       		.byte	-52
 1327 0517 30       		.byte	48
 1328 0518 85       		.byte	-123
 1329 0519 80       		.byte	-128
 1330 051a 87       		.byte	-121
 1331 051b 02       		.byte	2
 1332 051c 97       		.byte	-105
 1333 051d 40       		.byte	64
 1334 051e 9D       		.byte	-99
 1335 051f 80       		.byte	-128
 1336 0520 9F       		.byte	-97
 1337 0521 C2       		.byte	-62
 1338 0522 A5       		.byte	-91
 1339 0523 02       		.byte	2
 1340 0524 A7       		.byte	-89
 1341 0525 80       		.byte	-128
 1342 0526 E2       		.byte	-30
 1343 0527 10       		.byte	16
 1344 0528 E6       		.byte	-26
 1345 0529 40       		.byte	64
 1346 052a 27       		.byte	39
 1347 052b 40       		.byte	64
 1348 052c 97       		.byte	-105
 1349 052d 40       		.byte	64
 1350 052e 9F       		.byte	-97
 1351 052f C0       		.byte	-64
 1352 0530 A5       		.byte	-91
 1353 0531 02       		.byte	2
 1354 0532 A7       		.byte	-89
 1355 0533 80       		.byte	-128
 1356 0534 C8       		.byte	-56
 1357 0535 80       		.byte	-128
 1358 0536 87       		.byte	-121
 1359 0537 10       		.byte	16
 1360 0538 08       		.byte	8
 1361 0539 08       		.byte	8
 1362 053a 0F       		.byte	15
 1363 053b 10       		.byte	16
 1364 053c 97       		.byte	-105
 1365 053d 10       		.byte	16
 1366 053e C2       		.byte	-62
 1367 053f 0C       		.byte	12
 1368 0540 97       		.byte	-105
ARM GAS  C:\Users\LUKASC~1\AppData\Local\Temp\ccVvzmGe.s 			page 25


 1369 0541 40       		.byte	64
 1370 0542 9F       		.byte	-97
 1371 0543 80       		.byte	-128
 1372 0544 A5       		.byte	-91
 1373 0545 02       		.byte	2
 1374 0546 AF       		.byte	-81
 1375 0547 80       		.byte	-128
 1376 0548 EE       		.byte	-18
 1377 0549 10       		.byte	16
 1378 054a 87       		.byte	-121
 1379 054b 40       		.byte	64
 1380 054c 8D       		.byte	-115
 1381 054d 02       		.byte	2
 1382 054e 97       		.byte	-105
 1383 054f 40       		.byte	64
 1384 0550 A5       		.byte	-91
 1385 0551 02       		.byte	2
 1386 0552 AF       		.byte	-81
 1387 0553 80       		.byte	-128
 1388 0554 E6       		.byte	-26
 1389 0555 40       		.byte	64
 1390 0556 EA       		.byte	-22
 1391 0557 40       		.byte	64
 1392 0558 A3       		.byte	-93
 1393 0559 40       		.byte	64
 1394 055a AC       		.byte	-84
 1395 055b 08       		.byte	8
 1396 055c B7       		.byte	-73
 1397 055d 40       		.byte	64
 1398 055e EC       		.byte	-20
 1399 055f 02       		.byte	2
 1400 0560 01       		.byte	1
 1401 0561 02       		.byte	2
 1402 0562 03       		.byte	3
 1403 0563 08       		.byte	8
 1404 0564 57       		.byte	87
 1405 0565 40       		.byte	64
 1406 0566 5D       		.byte	93
 1407 0567 80       		.byte	-128
 1408 0568 89       		.byte	-119
 1409 0569 02       		.byte	2
 1410 056a 8B       		.byte	-117
 1411 056b 08       		.byte	8
 1412 056c 99       		.byte	-103
 1413 056d 80       		.byte	-128
 1414 056e A3       		.byte	-93
 1415 056f 40       		.byte	64
 1416 0570 AD       		.byte	-83
 1417 0571 80       		.byte	-128
 1418 0572 C0       		.byte	-64
 1419 0573 0A       		.byte	10
 1420 0574 D4       		.byte	-44
 1421 0575 02       		.byte	2
 1422 0576 D6       		.byte	-42
 1423 0577 04       		.byte	4
 1424 0578 E2       		.byte	-30
 1425 0579 05       		.byte	5
ARM GAS  C:\Users\LUKASC~1\AppData\Local\Temp\ccVvzmGe.s 			page 26


 1426 057a 00       		.byte	0
 1427 057b 01       		.byte	1
 1428 057c 01       		.byte	1
 1429 057d 01       		.byte	1
 1430 057e 0A       		.byte	10
 1431 057f 01       		.byte	1
 1432 0580 0B       		.byte	11
 1433 0581 01       		.byte	1
 1434 0582 10       		.byte	16
 1435 0583 01       		.byte	1
 1436 0584 1A       		.byte	26
 1437 0585 01       		.byte	1
 1438 0586 00       		.byte	0
 1439 0587 FE       		.byte	-2
 1440 0588 01       		.byte	1
 1441 0589 2B       		.byte	43
 1442 058a 00       		.byte	0
 1443 058b 00       		.byte	0
 1444 058c 00       		.byte	0
 1445 058d 08       		.byte	8
 1446 058e 08       		.byte	8
 1447 058f 00       		.byte	0
 1448 0590 30       		.byte	48
 1449 0591 2D       		.byte	45
 1450 0592 00       		.byte	0
 1451 0593 12       		.byte	18
 1452 0594 10       		.byte	16
 1453 0595 12       		.byte	18
 1454 0596 00       		.byte	0
 1455 0597 00       		.byte	0
 1456 0598 20       		.byte	32
 1457 0599 00       		.byte	0
 1458 059a 00       		.byte	0
 1459 059b 00       		.byte	0
 1460 059c FE       		.byte	-2
 1461 059d 3F       		.byte	63
 1462 059e 00       		.byte	0
 1463 059f 00       		.byte	0
 1464 05a0 00       		.byte	0
 1465 05a1 00       		.byte	0
 1466 05a2 46       		.byte	70
 1467 05a3 32       		.byte	50
 1468 05a4 00       		.byte	0
 1469 05a5 33       		.byte	51
 1470 05a6 00       		.byte	0
 1471 05a7 0C       		.byte	12
 1472 05a8 00       		.byte	0
 1473 05a9 00       		.byte	0
 1474 05aa 00       		.byte	0
 1475 05ab 00       		.byte	0
 1476 05ac 38       		.byte	56
 1477 05ad 0F       		.byte	15
 1478 05ae C2       		.byte	-62
 1479 05af 30       		.byte	48
 1480 05b0 08       		.byte	8
 1481 05b1 0C       		.byte	12
 1482 05b2 01       		.byte	1
ARM GAS  C:\Users\LUKASC~1\AppData\Local\Temp\ccVvzmGe.s 			page 27


 1483 05b3 00       		.byte	0
 1484 05b4 38       		.byte	56
 1485 05b5 04       		.byte	4
 1486 05b6 C4       		.byte	-60
 1487 05b7 00       		.byte	0
 1488 05b8 CE       		.byte	-50
 1489 05b9 00       		.byte	0
 1490 05ba 30       		.byte	48
 1491 05bb 00       		.byte	0
 1492 05bc 01       		.byte	1
 1493 05bd 10       		.byte	16
 1494 05be 70       		.byte	112
 1495 05bf 01       		.byte	1
 1496 05c0 3E       		.byte	62
 1497 05c1 0E       		.byte	14
 1498 05c2 80       		.byte	-128
 1499 05c3 2C       		.byte	44
 1500 05c4 80       		.byte	-128
 1501 05c5 00       		.byte	0
 1502 05c6 28       		.byte	40
 1503 05c7 20       		.byte	32
 1504 05c8 00       		.byte	0
 1505 05c9 00       		.byte	0
 1506 05ca 00       		.byte	0
 1507 05cb 04       		.byte	4
 1508 05cc 36       		.byte	54
 1509 05cd 04       		.byte	4
 1510 05ce 05       		.byte	5
 1511 05cf 00       		.byte	0
 1512 05d0 02       		.byte	2
 1513 05d1 0C       		.byte	12
 1514 05d2 0E       		.byte	14
 1515 05d3 00       		.byte	0
 1516 05d4 05       		.byte	5
 1517 05d5 FF       		.byte	-1
 1518 05d6 FF       		.byte	-1
 1519 05d7 FF       		.byte	-1
 1520 05d8 62       		.byte	98
 1521 05d9 A0       		.byte	-96
 1522 05da F0       		.byte	-16
 1523 05db 41       		.byte	65
 1524 05dc 0C       		.byte	12
 1525 05dd 00       		.byte	0
 1526 05de 00       		.byte	0
 1527 05df 00       		.byte	0
 1528 05e0 00       		.byte	0
 1529 05e1 00       		.byte	0
 1530 05e2 08       		.byte	8
 1531 05e3 00       		.byte	0
 1532 05e4 04       		.byte	4
 1533 05e5 04       		.byte	4
 1534 05e6 04       		.byte	4
 1535 05e7 04       		.byte	4
 1536 05e8 00       		.byte	0
 1537 05e9 90       		.byte	-112
 1538 05ea 00       		.byte	0
 1539 05eb 01       		.byte	1
ARM GAS  C:\Users\LUKASC~1\AppData\Local\Temp\ccVvzmGe.s 			page 28


 1540 05ec 00       		.byte	0
 1541 05ed 00       		.byte	0
 1542 05ee 00       		.byte	0
 1543 05ef 00       		.byte	0
 1544 05f0 00       		.byte	0
 1545 05f1 00       		.byte	0
 1546 05f2 40       		.byte	64
 1547 05f3 02       		.byte	2
 1548 05f4 00       		.byte	0
 1549 05f5 10       		.byte	16
 1550 05f6 30       		.byte	48
 1551 05f7 10       		.byte	16
 1552 05f8 00       		.byte	0
 1553 05f9 10       		.byte	16
 1554 05fa 10       		.byte	16
 1555 05fb 12       		.byte	18
 1556 05fc 00       		.byte	0
 1557 05fd 00       		.byte	0
 1558 05fe 00       		.byte	0
 1559 05ff 00       		.byte	0
 1560 0600 00       		.byte	0
 1561 0601 00       		.byte	0
 1562 0602 00       		.byte	0
 1563 0603 00       		.byte	0
 1564 0604 00       		.byte	0
 1565 0605 00       		.byte	0
 1566 0606 00       		.byte	0
 1567 0607 00       		.byte	0
 1568 0608 00       		.byte	0
 1569 0609 00       		.byte	0
 1570 060a 00       		.byte	0
 1571 060b 00       		.byte	0
 1572 060c 03       		.byte	3
 1573 060d 00       		.byte	0
 1574 060e 00       		.byte	0
 1575 060f 03       		.byte	3
 1576 0610 00       		.byte	0
 1577 0611 00       		.byte	0
 1578 0612 00       		.byte	0
 1579 0613 00       		.byte	0
 1580 0614 00       		.byte	0
 1581 0615 00       		.byte	0
 1582 0616 00       		.byte	0
 1583 0617 00       		.byte	0
 1584 0618 40       		.byte	64
 1585 0619 00       		.byte	0
 1586 061a 00       		.byte	0
 1587 061b 00       		.byte	0
 1588 061c 00       		.byte	0
 1589 061d 00       		.byte	0
 1590 061e 00       		.byte	0
 1591 061f 00       		.byte	0
 1592 0620 C0       		.byte	-64
 1593 0621 00       		.byte	0
 1594 0622 00       		.byte	0
 1595 0623 00       		.byte	0
 1596 0624 00       		.byte	0
ARM GAS  C:\Users\LUKASC~1\AppData\Local\Temp\ccVvzmGe.s 			page 29


 1597 0625 F0       		.byte	-16
 1598 0626 F0       		.byte	-16
 1599 0627 00       		.byte	0
 1600 0628 00       		.byte	0
 1601 0629 00       		.byte	0
 1602 062a 00       		.byte	0
 1603 062b 00       		.byte	0
 1604 062c 05       		.byte	5
 1605 062d 00       		.byte	0
 1606 062e 00       		.byte	0
 1607 062f 4F       		.byte	79
 1608 0630 4A       		.byte	74
 1609 0631 00       		.byte	0
 1610 0632 0A       		.byte	10
 1611 0633 00       		.byte	0
 1612 0634 00       		.byte	0
 1613 0635 00       		.byte	0
 1614 0636 00       		.byte	0
 1615 0637 00       		.byte	0
 1616              		.global	cy_meta_custnvl
 1617              		.section	.cycustnvl,"a",%progbits
 1618              		.align	2
 1619              		.type	cy_meta_custnvl, %object
 1620              		.size	cy_meta_custnvl, 4
 1621              	cy_meta_custnvl:
 1622 0000 00       		.byte	0
 1623 0001 00       		.byte	0
 1624 0002 40       		.byte	64
 1625 0003 04       		.byte	4
 1626              		.global	cy_meta_wonvl
 1627              		.section	.cywolatch,"a",%progbits
 1628              		.align	2
 1629              		.type	cy_meta_wonvl, %object
 1630              		.size	cy_meta_wonvl, 4
 1631              	cy_meta_wonvl:
 1632 0000 BC       		.byte	-68
 1633 0001 90       		.byte	-112
 1634 0002 AC       		.byte	-84
 1635 0003 AF       		.byte	-81
 1636              		.global	cy_meta_flashprotect
 1637              		.section	.cyflashprotect,"a",%progbits
 1638              		.align	2
 1639              		.type	cy_meta_flashprotect, %object
 1640              		.size	cy_meta_flashprotect, 256
 1641              	cy_meta_flashprotect:
 1642 0000 00000000 		.space	256
 1642      00000000 
 1642      00000000 
 1642      00000000 
 1642      00000000 
 1643              		.global	cy_metadata
 1644              		.section	.cymeta,"a",%progbits
 1645              		.align	2
 1646              		.type	cy_metadata, %object
 1647              		.size	cy_metadata, 12
 1648              	cy_metadata:
 1649 0000 00       		.byte	0
ARM GAS  C:\Users\LUKASC~1\AppData\Local\Temp\ccVvzmGe.s 			page 30


 1650 0001 01       		.byte	1
 1651 0002 2E       		.byte	46
 1652 0003 12       		.byte	18
 1653 0004 30       		.byte	48
 1654 0005 69       		.byte	105
 1655 0006 00       		.byte	0
 1656 0007 01       		.byte	1
 1657 0008 00       		.byte	0
 1658 0009 00       		.byte	0
 1659 000a 00       		.byte	0
 1660 000b 00       		.byte	0
 1661              		.text
 1662              	.Letext0:
 1663              		.file 1 ".\\Generated_Source\\PSoC5\\cymetadata.c"
 1664              		.file 2 ".\\Generated_Source\\PSoC5\\cytypes.h"
 1665              		.section	.debug_info,"",%progbits
 1666              	.Ldebug_info0:
 1667 0000 3A010000 		.4byte	0x13a
 1668 0004 0400     		.2byte	0x4
 1669 0006 00000000 		.4byte	.Ldebug_abbrev0
 1670 000a 04       		.byte	0x4
 1671 000b 01       		.uleb128 0x1
 1672 000c 00000000 		.4byte	.LASF18
 1673 0010 01       		.byte	0x1
 1674 0011 8E000000 		.4byte	.LASF19
 1675 0015 8F010000 		.4byte	.LASF20
 1676 0019 00000000 		.4byte	.Ldebug_line0
 1677 001d 02       		.uleb128 0x2
 1678 001e 01       		.byte	0x1
 1679 001f 06       		.byte	0x6
 1680 0020 1B020000 		.4byte	.LASF0
 1681 0024 02       		.uleb128 0x2
 1682 0025 01       		.byte	0x1
 1683 0026 08       		.byte	0x8
 1684 0027 C6000000 		.4byte	.LASF1
 1685 002b 02       		.uleb128 0x2
 1686 002c 02       		.byte	0x2
 1687 002d 05       		.byte	0x5
 1688 002e 85010000 		.4byte	.LASF2
 1689 0032 02       		.uleb128 0x2
 1690 0033 02       		.byte	0x2
 1691 0034 07       		.byte	0x7
 1692 0035 E6000000 		.4byte	.LASF3
 1693 0039 02       		.uleb128 0x2
 1694 003a 04       		.byte	0x4
 1695 003b 05       		.byte	0x5
 1696 003c 12020000 		.4byte	.LASF4
 1697 0040 02       		.uleb128 0x2
 1698 0041 04       		.byte	0x4
 1699 0042 07       		.byte	0x7
 1700 0043 D4000000 		.4byte	.LASF5
 1701 0047 02       		.uleb128 0x2
 1702 0048 08       		.byte	0x8
 1703 0049 05       		.byte	0x5
 1704 004a 72010000 		.4byte	.LASF6
 1705 004e 02       		.uleb128 0x2
 1706 004f 08       		.byte	0x8
ARM GAS  C:\Users\LUKASC~1\AppData\Local\Temp\ccVvzmGe.s 			page 31


 1707 0050 07       		.byte	0x7
 1708 0051 2F010000 		.4byte	.LASF7
 1709 0055 03       		.uleb128 0x3
 1710 0056 04       		.byte	0x4
 1711 0057 05       		.byte	0x5
 1712 0058 696E7400 		.ascii	"int\000"
 1713 005c 02       		.uleb128 0x2
 1714 005d 04       		.byte	0x4
 1715 005e 07       		.byte	0x7
 1716 005f 22010000 		.4byte	.LASF8
 1717 0063 04       		.uleb128 0x4
 1718 0064 0C020000 		.4byte	.LASF21
 1719 0068 02       		.byte	0x2
 1720 0069 3801     		.2byte	0x138
 1721 006b 24000000 		.4byte	0x24
 1722 006f 02       		.uleb128 0x2
 1723 0070 04       		.byte	0x4
 1724 0071 04       		.byte	0x4
 1725 0072 C0000000 		.4byte	.LASF9
 1726 0076 02       		.uleb128 0x2
 1727 0077 08       		.byte	0x8
 1728 0078 04       		.byte	0x4
 1729 0079 F9000000 		.4byte	.LASF10
 1730 007d 02       		.uleb128 0x2
 1731 007e 01       		.byte	0x1
 1732 007f 08       		.byte	0x8
 1733 0080 80010000 		.4byte	.LASF11
 1734 0084 05       		.uleb128 0x5
 1735 0085 63000000 		.4byte	0x63
 1736 0089 95000000 		.4byte	0x95
 1737 008d 06       		.uleb128 0x6
 1738 008e 95000000 		.4byte	0x95
 1739 0092 3706     		.2byte	0x637
 1740 0094 00       		.byte	0
 1741 0095 02       		.uleb128 0x2
 1742 0096 04       		.byte	0x4
 1743 0097 07       		.byte	0x7
 1744 0098 69010000 		.4byte	.LASF12
 1745 009c 07       		.uleb128 0x7
 1746 009d 10010000 		.4byte	.LASF13
 1747 00a1 01       		.byte	0x1
 1748 00a2 1F       		.byte	0x1f
 1749 00a3 AD000000 		.4byte	0xad
 1750 00a7 05       		.uleb128 0x5
 1751 00a8 03       		.byte	0x3
 1752 00a9 00000000 		.4byte	cy_meta_configecc
 1753 00ad 08       		.uleb128 0x8
 1754 00ae 84000000 		.4byte	0x84
 1755 00b2 05       		.uleb128 0x5
 1756 00b3 63000000 		.4byte	0x63
 1757 00b7 C2000000 		.4byte	0xc2
 1758 00bb 09       		.uleb128 0x9
 1759 00bc 95000000 		.4byte	0x95
 1760 00c0 03       		.byte	0x3
 1761 00c1 00       		.byte	0
 1762 00c2 07       		.uleb128 0x7
 1763 00c3 00010000 		.4byte	.LASF14
ARM GAS  C:\Users\LUKASC~1\AppData\Local\Temp\ccVvzmGe.s 			page 32


 1764 00c7 01       		.byte	0x1
 1765 00c8 F3       		.byte	0xf3
 1766 00c9 D3000000 		.4byte	0xd3
 1767 00cd 05       		.uleb128 0x5
 1768 00ce 03       		.byte	0x3
 1769 00cf 00000000 		.4byte	cy_meta_custnvl
 1770 00d3 08       		.uleb128 0x8
 1771 00d4 B2000000 		.4byte	0xb2
 1772 00d8 0A       		.uleb128 0xa
 1773 00d9 5B010000 		.4byte	.LASF15
 1774 00dd 01       		.byte	0x1
 1775 00de 0101     		.2byte	0x101
 1776 00e0 EA000000 		.4byte	0xea
 1777 00e4 05       		.uleb128 0x5
 1778 00e5 03       		.byte	0x3
 1779 00e6 00000000 		.4byte	cy_meta_wonvl
 1780 00ea 08       		.uleb128 0x8
 1781 00eb B2000000 		.4byte	0xb2
 1782 00ef 05       		.uleb128 0x5
 1783 00f0 63000000 		.4byte	0x63
 1784 00f4 FF000000 		.4byte	0xff
 1785 00f8 09       		.uleb128 0x9
 1786 00f9 95000000 		.4byte	0x95
 1787 00fd FF       		.byte	0xff
 1788 00fe 00       		.byte	0
 1789 00ff 0A       		.uleb128 0xa
 1790 0100 46010000 		.4byte	.LASF16
 1791 0104 01       		.byte	0x1
 1792 0105 0F01     		.2byte	0x10f
 1793 0107 11010000 		.4byte	0x111
 1794 010b 05       		.uleb128 0x5
 1795 010c 03       		.byte	0x3
 1796 010d 00000000 		.4byte	cy_meta_flashprotect
 1797 0111 08       		.uleb128 0x8
 1798 0112 EF000000 		.4byte	0xef
 1799 0116 05       		.uleb128 0x5
 1800 0117 63000000 		.4byte	0x63
 1801 011b 26010000 		.4byte	0x126
 1802 011f 09       		.uleb128 0x9
 1803 0120 95000000 		.4byte	0x95
 1804 0124 0B       		.byte	0xb
 1805 0125 00       		.byte	0
 1806 0126 0A       		.uleb128 0xa
 1807 0127 B4000000 		.4byte	.LASF17
 1808 012b 01       		.byte	0x1
 1809 012c 3C01     		.2byte	0x13c
 1810 012e 38010000 		.4byte	0x138
 1811 0132 05       		.uleb128 0x5
 1812 0133 03       		.byte	0x3
 1813 0134 00000000 		.4byte	cy_metadata
 1814 0138 08       		.uleb128 0x8
 1815 0139 16010000 		.4byte	0x116
 1816 013d 00       		.byte	0
 1817              		.section	.debug_abbrev,"",%progbits
 1818              	.Ldebug_abbrev0:
 1819 0000 01       		.uleb128 0x1
 1820 0001 11       		.uleb128 0x11
ARM GAS  C:\Users\LUKASC~1\AppData\Local\Temp\ccVvzmGe.s 			page 33


 1821 0002 01       		.byte	0x1
 1822 0003 25       		.uleb128 0x25
 1823 0004 0E       		.uleb128 0xe
 1824 0005 13       		.uleb128 0x13
 1825 0006 0B       		.uleb128 0xb
 1826 0007 03       		.uleb128 0x3
 1827 0008 0E       		.uleb128 0xe
 1828 0009 1B       		.uleb128 0x1b
 1829 000a 0E       		.uleb128 0xe
 1830 000b 10       		.uleb128 0x10
 1831 000c 17       		.uleb128 0x17
 1832 000d 00       		.byte	0
 1833 000e 00       		.byte	0
 1834 000f 02       		.uleb128 0x2
 1835 0010 24       		.uleb128 0x24
 1836 0011 00       		.byte	0
 1837 0012 0B       		.uleb128 0xb
 1838 0013 0B       		.uleb128 0xb
 1839 0014 3E       		.uleb128 0x3e
 1840 0015 0B       		.uleb128 0xb
 1841 0016 03       		.uleb128 0x3
 1842 0017 0E       		.uleb128 0xe
 1843 0018 00       		.byte	0
 1844 0019 00       		.byte	0
 1845 001a 03       		.uleb128 0x3
 1846 001b 24       		.uleb128 0x24
 1847 001c 00       		.byte	0
 1848 001d 0B       		.uleb128 0xb
 1849 001e 0B       		.uleb128 0xb
 1850 001f 3E       		.uleb128 0x3e
 1851 0020 0B       		.uleb128 0xb
 1852 0021 03       		.uleb128 0x3
 1853 0022 08       		.uleb128 0x8
 1854 0023 00       		.byte	0
 1855 0024 00       		.byte	0
 1856 0025 04       		.uleb128 0x4
 1857 0026 16       		.uleb128 0x16
 1858 0027 00       		.byte	0
 1859 0028 03       		.uleb128 0x3
 1860 0029 0E       		.uleb128 0xe
 1861 002a 3A       		.uleb128 0x3a
 1862 002b 0B       		.uleb128 0xb
 1863 002c 3B       		.uleb128 0x3b
 1864 002d 05       		.uleb128 0x5
 1865 002e 49       		.uleb128 0x49
 1866 002f 13       		.uleb128 0x13
 1867 0030 00       		.byte	0
 1868 0031 00       		.byte	0
 1869 0032 05       		.uleb128 0x5
 1870 0033 01       		.uleb128 0x1
 1871 0034 01       		.byte	0x1
 1872 0035 49       		.uleb128 0x49
 1873 0036 13       		.uleb128 0x13
 1874 0037 01       		.uleb128 0x1
 1875 0038 13       		.uleb128 0x13
 1876 0039 00       		.byte	0
 1877 003a 00       		.byte	0
ARM GAS  C:\Users\LUKASC~1\AppData\Local\Temp\ccVvzmGe.s 			page 34


 1878 003b 06       		.uleb128 0x6
 1879 003c 21       		.uleb128 0x21
 1880 003d 00       		.byte	0
 1881 003e 49       		.uleb128 0x49
 1882 003f 13       		.uleb128 0x13
 1883 0040 2F       		.uleb128 0x2f
 1884 0041 05       		.uleb128 0x5
 1885 0042 00       		.byte	0
 1886 0043 00       		.byte	0
 1887 0044 07       		.uleb128 0x7
 1888 0045 34       		.uleb128 0x34
 1889 0046 00       		.byte	0
 1890 0047 03       		.uleb128 0x3
 1891 0048 0E       		.uleb128 0xe
 1892 0049 3A       		.uleb128 0x3a
 1893 004a 0B       		.uleb128 0xb
 1894 004b 3B       		.uleb128 0x3b
 1895 004c 0B       		.uleb128 0xb
 1896 004d 49       		.uleb128 0x49
 1897 004e 13       		.uleb128 0x13
 1898 004f 3F       		.uleb128 0x3f
 1899 0050 19       		.uleb128 0x19
 1900 0051 02       		.uleb128 0x2
 1901 0052 18       		.uleb128 0x18
 1902 0053 00       		.byte	0
 1903 0054 00       		.byte	0
 1904 0055 08       		.uleb128 0x8
 1905 0056 26       		.uleb128 0x26
 1906 0057 00       		.byte	0
 1907 0058 49       		.uleb128 0x49
 1908 0059 13       		.uleb128 0x13
 1909 005a 00       		.byte	0
 1910 005b 00       		.byte	0
 1911 005c 09       		.uleb128 0x9
 1912 005d 21       		.uleb128 0x21
 1913 005e 00       		.byte	0
 1914 005f 49       		.uleb128 0x49
 1915 0060 13       		.uleb128 0x13
 1916 0061 2F       		.uleb128 0x2f
 1917 0062 0B       		.uleb128 0xb
 1918 0063 00       		.byte	0
 1919 0064 00       		.byte	0
 1920 0065 0A       		.uleb128 0xa
 1921 0066 34       		.uleb128 0x34
 1922 0067 00       		.byte	0
 1923 0068 03       		.uleb128 0x3
 1924 0069 0E       		.uleb128 0xe
 1925 006a 3A       		.uleb128 0x3a
 1926 006b 0B       		.uleb128 0xb
 1927 006c 3B       		.uleb128 0x3b
 1928 006d 05       		.uleb128 0x5
 1929 006e 49       		.uleb128 0x49
 1930 006f 13       		.uleb128 0x13
 1931 0070 3F       		.uleb128 0x3f
 1932 0071 19       		.uleb128 0x19
 1933 0072 02       		.uleb128 0x2
 1934 0073 18       		.uleb128 0x18
ARM GAS  C:\Users\LUKASC~1\AppData\Local\Temp\ccVvzmGe.s 			page 35


 1935 0074 00       		.byte	0
 1936 0075 00       		.byte	0
 1937 0076 00       		.byte	0
 1938              		.section	.debug_aranges,"",%progbits
 1939 0000 14000000 		.4byte	0x14
 1940 0004 0200     		.2byte	0x2
 1941 0006 00000000 		.4byte	.Ldebug_info0
 1942 000a 04       		.byte	0x4
 1943 000b 00       		.byte	0
 1944 000c 0000     		.2byte	0
 1945 000e 0000     		.2byte	0
 1946 0010 00000000 		.4byte	0
 1947 0014 00000000 		.4byte	0
 1948              		.section	.debug_line,"",%progbits
 1949              	.Ldebug_line0:
 1950 0000 4F000000 		.section	.debug_str,"MS",%progbits,1
 1950      02004900 
 1950      00000201 
 1950      FB0E0D00 
 1950      01010101 
 1951              	.LASF18:
 1952 0000 474E5520 		.ascii	"GNU C 4.9.3 20150303 (release) [ARM/embedded-4_9-br"
 1952      4320342E 
 1952      392E3320 
 1952      32303135 
 1952      30333033 
 1953 0033 616E6368 		.ascii	"anch revision 221220] -mcpu=cortex-m3 -mthumb -g -O"
 1953      20726576 
 1953      6973696F 
 1953      6E203232 
 1953      31323230 
 1954 0066 30202D66 		.ascii	"0 -ffunction-sections -ffat-lto-objects\000"
 1954      66756E63 
 1954      74696F6E 
 1954      2D736563 
 1954      74696F6E 
 1955              	.LASF19:
 1956 008e 2E5C4765 		.ascii	".\\Generated_Source\\PSoC5\\cymetadata.c\000"
 1956      6E657261 
 1956      7465645F 
 1956      536F7572 
 1956      63655C50 
 1957              	.LASF17:
 1958 00b4 63795F6D 		.ascii	"cy_metadata\000"
 1958      65746164 
 1958      61746100 
 1959              	.LASF9:
 1960 00c0 666C6F61 		.ascii	"float\000"
 1960      7400
 1961              	.LASF1:
 1962 00c6 756E7369 		.ascii	"unsigned char\000"
 1962      676E6564 
 1962      20636861 
 1962      7200
 1963              	.LASF5:
 1964 00d4 6C6F6E67 		.ascii	"long unsigned int\000"
 1964      20756E73 
ARM GAS  C:\Users\LUKASC~1\AppData\Local\Temp\ccVvzmGe.s 			page 36


 1964      69676E65 
 1964      6420696E 
 1964      7400
 1965              	.LASF3:
 1966 00e6 73686F72 		.ascii	"short unsigned int\000"
 1966      7420756E 
 1966      7369676E 
 1966      65642069 
 1966      6E7400
 1967              	.LASF10:
 1968 00f9 646F7562 		.ascii	"double\000"
 1968      6C6500
 1969              	.LASF14:
 1970 0100 63795F6D 		.ascii	"cy_meta_custnvl\000"
 1970      6574615F 
 1970      63757374 
 1970      6E766C00 
 1971              	.LASF13:
 1972 0110 63795F6D 		.ascii	"cy_meta_configecc\000"
 1972      6574615F 
 1972      636F6E66 
 1972      69676563 
 1972      6300
 1973              	.LASF8:
 1974 0122 756E7369 		.ascii	"unsigned int\000"
 1974      676E6564 
 1974      20696E74 
 1974      00
 1975              	.LASF7:
 1976 012f 6C6F6E67 		.ascii	"long long unsigned int\000"
 1976      206C6F6E 
 1976      6720756E 
 1976      7369676E 
 1976      65642069 
 1977              	.LASF16:
 1978 0146 63795F6D 		.ascii	"cy_meta_flashprotect\000"
 1978      6574615F 
 1978      666C6173 
 1978      6870726F 
 1978      74656374 
 1979              	.LASF15:
 1980 015b 63795F6D 		.ascii	"cy_meta_wonvl\000"
 1980      6574615F 
 1980      776F6E76 
 1980      6C00
 1981              	.LASF12:
 1982 0169 73697A65 		.ascii	"sizetype\000"
 1982      74797065 
 1982      00
 1983              	.LASF6:
 1984 0172 6C6F6E67 		.ascii	"long long int\000"
 1984      206C6F6E 
 1984      6720696E 
 1984      7400
 1985              	.LASF11:
 1986 0180 63686172 		.ascii	"char\000"
 1986      00
ARM GAS  C:\Users\LUKASC~1\AppData\Local\Temp\ccVvzmGe.s 			page 37


 1987              	.LASF2:
 1988 0185 73686F72 		.ascii	"short int\000"
 1988      7420696E 
 1988      7400
 1989              	.LASF20:
 1990 018f 433A5C55 		.ascii	"C:\\Users\\Lukas Creutzburg\\Documents\\GitHub\\PSo"
 1990      73657273 
 1990      5C4C756B 
 1990      61732043 
 1990      72657574 
 1991 01bd 43354C50 		.ascii	"C5LP-freeDSP-USB-Port\\PSoC_freeDSP_USB_Port\\USBFS"
 1991      2D667265 
 1991      65445350 
 1991      2D555342 
 1991      2D506F72 
 1992 01ee 5F4D4944 		.ascii	"_MIDI_PSoC3_5LP_Example.cydsn\000"
 1992      495F5053 
 1992      6F43335F 
 1992      354C505F 
 1992      4578616D 
 1993              	.LASF21:
 1994 020c 75696E74 		.ascii	"uint8\000"
 1994      3800
 1995              	.LASF4:
 1996 0212 6C6F6E67 		.ascii	"long int\000"
 1996      20696E74 
 1996      00
 1997              	.LASF0:
 1998 021b 7369676E 		.ascii	"signed char\000"
 1998      65642063 
 1998      68617200 
 1999              		.ident	"GCC: (GNU Tools for ARM Embedded Processors) 4.9.3 20150303 (release) [ARM/embedded-4_9-br
