ARM GAS  C:\Users\LUKASC~1\AppData\Local\Temp\ccJvanfv.s 			page 1


   1              		.syntax unified
   2              		.cpu cortex-m3
   3              		.fpu softvfp
   4              		.eabi_attribute 20, 1
   5              		.eabi_attribute 21, 1
   6              		.eabi_attribute 23, 3
   7              		.eabi_attribute 24, 1
   8              		.eabi_attribute 25, 1
   9              		.eabi_attribute 26, 1
  10              		.eabi_attribute 30, 6
  11              		.eabi_attribute 34, 1
  12              		.eabi_attribute 18, 4
  13              		.thumb
  14              		.file	"SleepTimer.c"
  15              		.text
  16              	.Ltext0:
  17              		.cfi_sections	.debug_frame
  18              		.global	SleepTimer_initVar
  19              		.bss
  20              		.type	SleepTimer_initVar, %object
  21              		.size	SleepTimer_initVar, 1
  22              	SleepTimer_initVar:
  23 0000 00       		.space	1
  24              		.section	.text.SleepTimer_Start,"ax",%progbits
  25              		.align	2
  26              		.global	SleepTimer_Start
  27              		.thumb
  28              		.thumb_func
  29              		.type	SleepTimer_Start, %function
  30              	SleepTimer_Start:
  31              	.LFB0:
  32              		.file 1 ".\\Generated_Source\\PSoC5\\SleepTimer.c"
   1:.\Generated_Source\PSoC5/SleepTimer.c **** /*******************************************************************************
   2:.\Generated_Source\PSoC5/SleepTimer.c **** * File Name: SleepTimer.c
   3:.\Generated_Source\PSoC5/SleepTimer.c **** * Version 3.20
   4:.\Generated_Source\PSoC5/SleepTimer.c **** *
   5:.\Generated_Source\PSoC5/SleepTimer.c **** * Description:
   6:.\Generated_Source\PSoC5/SleepTimer.c **** *  This file provides the source code to API for the Sleep Timer.
   7:.\Generated_Source\PSoC5/SleepTimer.c **** *
   8:.\Generated_Source\PSoC5/SleepTimer.c **** ********************************************************************************
   9:.\Generated_Source\PSoC5/SleepTimer.c **** * Copyright 2008-2012, Cypress Semiconductor Corporation.  All rights reserved.
  10:.\Generated_Source\PSoC5/SleepTimer.c **** * You may use this file only in accordance with the license, terms, conditions,
  11:.\Generated_Source\PSoC5/SleepTimer.c **** * disclaimers, and limitations in the end user license agreement accompanying
  12:.\Generated_Source\PSoC5/SleepTimer.c **** * the software package with which this file was provided.
  13:.\Generated_Source\PSoC5/SleepTimer.c **** *******************************************************************************/
  14:.\Generated_Source\PSoC5/SleepTimer.c **** 
  15:.\Generated_Source\PSoC5/SleepTimer.c **** #include "SleepTimer.h"
  16:.\Generated_Source\PSoC5/SleepTimer.c **** #include "CyLib.h"
  17:.\Generated_Source\PSoC5/SleepTimer.c **** 
  18:.\Generated_Source\PSoC5/SleepTimer.c **** /* Variables were not initialized */
  19:.\Generated_Source\PSoC5/SleepTimer.c **** uint8 SleepTimer_initVar = 0u;
  20:.\Generated_Source\PSoC5/SleepTimer.c **** 
  21:.\Generated_Source\PSoC5/SleepTimer.c **** 
  22:.\Generated_Source\PSoC5/SleepTimer.c **** /*******************************************************************************
  23:.\Generated_Source\PSoC5/SleepTimer.c **** * Function Name: SleepTimer_Start
  24:.\Generated_Source\PSoC5/SleepTimer.c **** ********************************************************************************
  25:.\Generated_Source\PSoC5/SleepTimer.c **** *
ARM GAS  C:\Users\LUKASC~1\AppData\Local\Temp\ccJvanfv.s 			page 2


  26:.\Generated_Source\PSoC5/SleepTimer.c **** * Summary:
  27:.\Generated_Source\PSoC5/SleepTimer.c **** *  This is the preferred method to begin component operation. SleepTimer_Start()
  28:.\Generated_Source\PSoC5/SleepTimer.c **** *  sets the initVar variable, calls the SleepTimer_Init() function, and then
  29:.\Generated_Source\PSoC5/SleepTimer.c **** *  calls the SleepTimer_Enable() function. It enables the 1-kHz ILO clock and
  30:.\Generated_Source\PSoC5/SleepTimer.c **** *  leaves it enabled after the Sleep Timer component is stopped.
  31:.\Generated_Source\PSoC5/SleepTimer.c **** *
  32:.\Generated_Source\PSoC5/SleepTimer.c **** * Parameters:
  33:.\Generated_Source\PSoC5/SleepTimer.c **** *  None
  34:.\Generated_Source\PSoC5/SleepTimer.c **** *
  35:.\Generated_Source\PSoC5/SleepTimer.c **** * Return:
  36:.\Generated_Source\PSoC5/SleepTimer.c **** *  None
  37:.\Generated_Source\PSoC5/SleepTimer.c **** *
  38:.\Generated_Source\PSoC5/SleepTimer.c **** * Global variables:
  39:.\Generated_Source\PSoC5/SleepTimer.c **** *  The SleepTimer_initVar variable is used to indicate initial
  40:.\Generated_Source\PSoC5/SleepTimer.c **** *  configuration of this component.  The variable is initialized to zero and
  41:.\Generated_Source\PSoC5/SleepTimer.c **** *  set to 1 the first time SleepTimer_Start() is called. This allows for
  42:.\Generated_Source\PSoC5/SleepTimer.c **** *  component initialization without re-initialization in all subsequent calls
  43:.\Generated_Source\PSoC5/SleepTimer.c **** *  to the SleepTimer_Start() routine.
  44:.\Generated_Source\PSoC5/SleepTimer.c **** *
  45:.\Generated_Source\PSoC5/SleepTimer.c **** * Reentrant:
  46:.\Generated_Source\PSoC5/SleepTimer.c **** *  No
  47:.\Generated_Source\PSoC5/SleepTimer.c **** *
  48:.\Generated_Source\PSoC5/SleepTimer.c **** * Side Effects:
  49:.\Generated_Source\PSoC5/SleepTimer.c **** *  If the initVar variable is already set, this function only calls the
  50:.\Generated_Source\PSoC5/SleepTimer.c **** *  SleepTimer_Enable() function.
  51:.\Generated_Source\PSoC5/SleepTimer.c **** *
  52:.\Generated_Source\PSoC5/SleepTimer.c **** *******************************************************************************/
  53:.\Generated_Source\PSoC5/SleepTimer.c **** void SleepTimer_Start(void) 
  54:.\Generated_Source\PSoC5/SleepTimer.c **** {
  33              		.loc 1 54 0
  34              		.cfi_startproc
  35              		@ args = 0, pretend = 0, frame = 0
  36              		@ frame_needed = 1, uses_anonymous_args = 0
  37 0000 80B5     		push	{r7, lr}
  38              		.cfi_def_cfa_offset 8
  39              		.cfi_offset 7, -8
  40              		.cfi_offset 14, -4
  41 0002 00AF     		add	r7, sp, #0
  42              		.cfi_def_cfa_register 7
  55:.\Generated_Source\PSoC5/SleepTimer.c ****     /* Execute once in normal flow */
  56:.\Generated_Source\PSoC5/SleepTimer.c ****     if (0u == SleepTimer_initVar)
  43              		.loc 1 56 0
  44 0004 054B     		ldr	r3, .L3
  45 0006 1B78     		ldrb	r3, [r3]	@ zero_extendqisi2
  46 0008 002B     		cmp	r3, #0
  47 000a 04D1     		bne	.L2
  57:.\Generated_Source\PSoC5/SleepTimer.c ****     {
  58:.\Generated_Source\PSoC5/SleepTimer.c ****         SleepTimer_Init();
  48              		.loc 1 58 0
  49 000c FFF7FEFF 		bl	SleepTimer_Init
  59:.\Generated_Source\PSoC5/SleepTimer.c ****         SleepTimer_initVar = 1u;
  50              		.loc 1 59 0
  51 0010 024B     		ldr	r3, .L3
  52 0012 0122     		movs	r2, #1
  53 0014 1A70     		strb	r2, [r3]
  54              	.L2:
  60:.\Generated_Source\PSoC5/SleepTimer.c ****     }
ARM GAS  C:\Users\LUKASC~1\AppData\Local\Temp\ccJvanfv.s 			page 3


  61:.\Generated_Source\PSoC5/SleepTimer.c **** 
  62:.\Generated_Source\PSoC5/SleepTimer.c ****     /* Enables the component operation */
  63:.\Generated_Source\PSoC5/SleepTimer.c ****     SleepTimer_Enable();
  55              		.loc 1 63 0
  56 0016 FFF7FEFF 		bl	SleepTimer_Enable
  64:.\Generated_Source\PSoC5/SleepTimer.c **** }
  57              		.loc 1 64 0
  58 001a 80BD     		pop	{r7, pc}
  59              	.L4:
  60              		.align	2
  61              	.L3:
  62 001c 00000000 		.word	SleepTimer_initVar
  63              		.cfi_endproc
  64              	.LFE0:
  65              		.size	SleepTimer_Start, .-SleepTimer_Start
  66              		.section	.text.SleepTimer_Init,"ax",%progbits
  67              		.align	2
  68              		.global	SleepTimer_Init
  69              		.thumb
  70              		.thumb_func
  71              		.type	SleepTimer_Init, %function
  72              	SleepTimer_Init:
  73              	.LFB1:
  65:.\Generated_Source\PSoC5/SleepTimer.c **** 
  66:.\Generated_Source\PSoC5/SleepTimer.c **** 
  67:.\Generated_Source\PSoC5/SleepTimer.c **** /*******************************************************************************
  68:.\Generated_Source\PSoC5/SleepTimer.c **** * Function Name: SleepTimer_Init
  69:.\Generated_Source\PSoC5/SleepTimer.c **** ********************************************************************************
  70:.\Generated_Source\PSoC5/SleepTimer.c **** *
  71:.\Generated_Source\PSoC5/SleepTimer.c **** * Summary:
  72:.\Generated_Source\PSoC5/SleepTimer.c **** *  This function initializes or restores the component according to the
  73:.\Generated_Source\PSoC5/SleepTimer.c **** *  customizer Configure dialog settings. It is not necessary to call
  74:.\Generated_Source\PSoC5/SleepTimer.c **** *  SleepTimer_Init() because the SleepTimer_Start() API calls this function and
  75:.\Generated_Source\PSoC5/SleepTimer.c **** *  is the preferred method to begin component operation. Sets CTW interval
  76:.\Generated_Source\PSoC5/SleepTimer.c **** *  period and enables or disables CTW interrupt (according to the customizer's
  77:.\Generated_Source\PSoC5/SleepTimer.c **** *  settings).
  78:.\Generated_Source\PSoC5/SleepTimer.c **** *
  79:.\Generated_Source\PSoC5/SleepTimer.c **** * Parameters:
  80:.\Generated_Source\PSoC5/SleepTimer.c **** *  None
  81:.\Generated_Source\PSoC5/SleepTimer.c **** *
  82:.\Generated_Source\PSoC5/SleepTimer.c **** * Return:
  83:.\Generated_Source\PSoC5/SleepTimer.c **** *  None
  84:.\Generated_Source\PSoC5/SleepTimer.c **** *
  85:.\Generated_Source\PSoC5/SleepTimer.c **** *******************************************************************************/
  86:.\Generated_Source\PSoC5/SleepTimer.c **** void SleepTimer_Init(void)  
  87:.\Generated_Source\PSoC5/SleepTimer.c **** {
  74              		.loc 1 87 0
  75              		.cfi_startproc
  76              		@ args = 0, pretend = 0, frame = 0
  77              		@ frame_needed = 1, uses_anonymous_args = 0
  78 0000 80B5     		push	{r7, lr}
  79              		.cfi_def_cfa_offset 8
  80              		.cfi_offset 7, -8
  81              		.cfi_offset 14, -4
  82 0002 00AF     		add	r7, sp, #0
  83              		.cfi_def_cfa_register 7
  88:.\Generated_Source\PSoC5/SleepTimer.c ****     /* Sets default (passed from customizer) interval */
ARM GAS  C:\Users\LUKASC~1\AppData\Local\Temp\ccJvanfv.s 			page 4


  89:.\Generated_Source\PSoC5/SleepTimer.c ****     SleepTimer_SetInterval(SleepTimer_INTERVAL);
  84              		.loc 1 89 0
  85 0004 0220     		movs	r0, #2
  86 0006 FFF7FEFF 		bl	SleepTimer_SetInterval
  90:.\Generated_Source\PSoC5/SleepTimer.c **** 
  91:.\Generated_Source\PSoC5/SleepTimer.c ****     /* Check if user sets to issue an interrupt in customizer */
  92:.\Generated_Source\PSoC5/SleepTimer.c ****     #if (1u == SleepTimer_ENABLE_INTERRUPT)
  93:.\Generated_Source\PSoC5/SleepTimer.c ****     {
  94:.\Generated_Source\PSoC5/SleepTimer.c ****         /* Enable interrupt */
  95:.\Generated_Source\PSoC5/SleepTimer.c ****         SleepTimer_EnableInt();
  87              		.loc 1 95 0
  88 000a FFF7FEFF 		bl	SleepTimer_EnableInt
  96:.\Generated_Source\PSoC5/SleepTimer.c ****     }
  97:.\Generated_Source\PSoC5/SleepTimer.c ****     #else /* interrupt should be disabled */
  98:.\Generated_Source\PSoC5/SleepTimer.c ****     {
  99:.\Generated_Source\PSoC5/SleepTimer.c ****         /* Disable interrupt */
 100:.\Generated_Source\PSoC5/SleepTimer.c ****         SleepTimer_DisableInt();
 101:.\Generated_Source\PSoC5/SleepTimer.c ****     }   /* Interrupt is disabled  */
 102:.\Generated_Source\PSoC5/SleepTimer.c ****     #endif  /* (1u == SleepTimer_ENABLE_INTERRUPT) */
 103:.\Generated_Source\PSoC5/SleepTimer.c **** }
  89              		.loc 1 103 0
  90 000e 80BD     		pop	{r7, pc}
  91              		.cfi_endproc
  92              	.LFE1:
  93              		.size	SleepTimer_Init, .-SleepTimer_Init
  94              		.section	.text.SleepTimer_Enable,"ax",%progbits
  95              		.align	2
  96              		.global	SleepTimer_Enable
  97              		.thumb
  98              		.thumb_func
  99              		.type	SleepTimer_Enable, %function
 100              	SleepTimer_Enable:
 101              	.LFB2:
 104:.\Generated_Source\PSoC5/SleepTimer.c **** 
 105:.\Generated_Source\PSoC5/SleepTimer.c **** 
 106:.\Generated_Source\PSoC5/SleepTimer.c **** /*******************************************************************************
 107:.\Generated_Source\PSoC5/SleepTimer.c **** * Function Name: SleepTimer_Enable
 108:.\Generated_Source\PSoC5/SleepTimer.c **** ********************************************************************************
 109:.\Generated_Source\PSoC5/SleepTimer.c **** * Summary:
 110:.\Generated_Source\PSoC5/SleepTimer.c **** *  This function activates the 1-kHz ILO and the CTW and begins component
 111:.\Generated_Source\PSoC5/SleepTimer.c **** *  operation. It is not necessary to call SleepTimer_Enable() because the
 112:.\Generated_Source\PSoC5/SleepTimer.c **** *  SleepTimer_Start() API calls this function, which is the preferred method to
 113:.\Generated_Source\PSoC5/SleepTimer.c **** *  begin component operation.
 114:.\Generated_Source\PSoC5/SleepTimer.c **** *
 115:.\Generated_Source\PSoC5/SleepTimer.c **** * Parameters:
 116:.\Generated_Source\PSoC5/SleepTimer.c **** *  None
 117:.\Generated_Source\PSoC5/SleepTimer.c **** *
 118:.\Generated_Source\PSoC5/SleepTimer.c **** * Return:
 119:.\Generated_Source\PSoC5/SleepTimer.c **** *  None
 120:.\Generated_Source\PSoC5/SleepTimer.c **** *
 121:.\Generated_Source\PSoC5/SleepTimer.c **** * Side Effects:
 122:.\Generated_Source\PSoC5/SleepTimer.c **** *  Enables 1 kHz ILO clocks and leaves it enabled after Sleep Time component
 123:.\Generated_Source\PSoC5/SleepTimer.c **** *  is stopped.
 124:.\Generated_Source\PSoC5/SleepTimer.c **** *
 125:.\Generated_Source\PSoC5/SleepTimer.c **** *******************************************************************************/
 126:.\Generated_Source\PSoC5/SleepTimer.c **** void SleepTimer_Enable(void) 
 127:.\Generated_Source\PSoC5/SleepTimer.c **** {
ARM GAS  C:\Users\LUKASC~1\AppData\Local\Temp\ccJvanfv.s 			page 5


 102              		.loc 1 127 0
 103              		.cfi_startproc
 104              		@ args = 0, pretend = 0, frame = 8
 105              		@ frame_needed = 1, uses_anonymous_args = 0
 106 0000 80B5     		push	{r7, lr}
 107              		.cfi_def_cfa_offset 8
 108              		.cfi_offset 7, -8
 109              		.cfi_offset 14, -4
 110 0002 82B0     		sub	sp, sp, #8
 111              		.cfi_def_cfa_offset 16
 112 0004 00AF     		add	r7, sp, #0
 113              		.cfi_def_cfa_register 7
 128:.\Generated_Source\PSoC5/SleepTimer.c ****     uint8 interruptState;
 129:.\Generated_Source\PSoC5/SleepTimer.c **** 
 130:.\Generated_Source\PSoC5/SleepTimer.c ****     /* If 1kHz ILO is disabled */
 131:.\Generated_Source\PSoC5/SleepTimer.c ****     if(0u == (SleepTimer_ILO_CFG_REG & SleepTimer_ILO_1KHZ_EN))
 114              		.loc 1 131 0
 115 0006 194B     		ldr	r3, .L9
 116 0008 1B78     		ldrb	r3, [r3]
 117 000a DBB2     		uxtb	r3, r3
 118 000c 03F00203 		and	r3, r3, #2
 119 0010 002B     		cmp	r3, #0
 120 0012 18D1     		bne	.L7
 132:.\Generated_Source\PSoC5/SleepTimer.c ****     {
 133:.\Generated_Source\PSoC5/SleepTimer.c ****         /* Enter critical section */
 134:.\Generated_Source\PSoC5/SleepTimer.c ****         interruptState = CyEnterCriticalSection();
 121              		.loc 1 134 0
 122 0014 FFF7FEFF 		bl	CyEnterCriticalSection
 123 0018 0346     		mov	r3, r0
 124 001a FB71     		strb	r3, [r7, #7]
 135:.\Generated_Source\PSoC5/SleepTimer.c **** 
 136:.\Generated_Source\PSoC5/SleepTimer.c ****         /* Enable 1kHz ILO */
 137:.\Generated_Source\PSoC5/SleepTimer.c ****         SleepTimer_ILO_CFG_REG |=SleepTimer_ILO_1KHZ_EN;
 125              		.loc 1 137 0
 126 001c 134A     		ldr	r2, .L9
 127 001e 134B     		ldr	r3, .L9
 128 0020 1B78     		ldrb	r3, [r3]
 129 0022 DBB2     		uxtb	r3, r3
 130 0024 43F00203 		orr	r3, r3, #2
 131 0028 DBB2     		uxtb	r3, r3
 132 002a 1370     		strb	r3, [r2]
 138:.\Generated_Source\PSoC5/SleepTimer.c **** 
 139:.\Generated_Source\PSoC5/SleepTimer.c ****         /* Enable the CTW counter */
 140:.\Generated_Source\PSoC5/SleepTimer.c ****         SleepTimer_TW_CFG_REG |= SleepTimer_CTW_EN;
 133              		.loc 1 140 0
 134 002c 104A     		ldr	r2, .L9+4
 135 002e 104B     		ldr	r3, .L9+4
 136 0030 1B78     		ldrb	r3, [r3]
 137 0032 DBB2     		uxtb	r3, r3
 138 0034 43F00403 		orr	r3, r3, #4
 139 0038 DBB2     		uxtb	r3, r3
 140 003a 1370     		strb	r3, [r2]
 141:.\Generated_Source\PSoC5/SleepTimer.c **** 
 142:.\Generated_Source\PSoC5/SleepTimer.c ****         /* Exit critical section */
 143:.\Generated_Source\PSoC5/SleepTimer.c ****         CyExitCriticalSection(interruptState);
 141              		.loc 1 143 0
 142 003c FB79     		ldrb	r3, [r7, #7]	@ zero_extendqisi2
ARM GAS  C:\Users\LUKASC~1\AppData\Local\Temp\ccJvanfv.s 			page 6


 143 003e 1846     		mov	r0, r3
 144 0040 FFF7FEFF 		bl	CyExitCriticalSection
 145 0044 0FE0     		b	.L6
 146              	.L7:
 144:.\Generated_Source\PSoC5/SleepTimer.c ****     }
 145:.\Generated_Source\PSoC5/SleepTimer.c ****     else /* If 1kHz ILO is enabled - enable CTW counter */
 146:.\Generated_Source\PSoC5/SleepTimer.c ****     {
 147:.\Generated_Source\PSoC5/SleepTimer.c ****         /* Enter critical section */
 148:.\Generated_Source\PSoC5/SleepTimer.c ****         interruptState = CyEnterCriticalSection();
 147              		.loc 1 148 0
 148 0046 FFF7FEFF 		bl	CyEnterCriticalSection
 149 004a 0346     		mov	r3, r0
 150 004c FB71     		strb	r3, [r7, #7]
 149:.\Generated_Source\PSoC5/SleepTimer.c **** 
 150:.\Generated_Source\PSoC5/SleepTimer.c ****         /* Enable the CTW counter */
 151:.\Generated_Source\PSoC5/SleepTimer.c ****         SleepTimer_TW_CFG_REG |= SleepTimer_CTW_EN;
 151              		.loc 1 151 0
 152 004e 084A     		ldr	r2, .L9+4
 153 0050 074B     		ldr	r3, .L9+4
 154 0052 1B78     		ldrb	r3, [r3]
 155 0054 DBB2     		uxtb	r3, r3
 156 0056 43F00403 		orr	r3, r3, #4
 157 005a DBB2     		uxtb	r3, r3
 158 005c 1370     		strb	r3, [r2]
 152:.\Generated_Source\PSoC5/SleepTimer.c **** 
 153:.\Generated_Source\PSoC5/SleepTimer.c ****         /* Exit critical section */
 154:.\Generated_Source\PSoC5/SleepTimer.c ****         CyExitCriticalSection(interruptState);
 159              		.loc 1 154 0
 160 005e FB79     		ldrb	r3, [r7, #7]	@ zero_extendqisi2
 161 0060 1846     		mov	r0, r3
 162 0062 FFF7FEFF 		bl	CyExitCriticalSection
 163              	.L6:
 155:.\Generated_Source\PSoC5/SleepTimer.c ****     }
 156:.\Generated_Source\PSoC5/SleepTimer.c **** }
 164              		.loc 1 156 0
 165 0066 0837     		adds	r7, r7, #8
 166              		.cfi_def_cfa_offset 8
 167 0068 BD46     		mov	sp, r7
 168              		.cfi_def_cfa_register 13
 169              		@ sp needed
 170 006a 80BD     		pop	{r7, pc}
 171              	.L10:
 172              		.align	2
 173              	.L9:
 174 006c 00430040 		.word	1073758976
 175 0070 82430040 		.word	1073759106
 176              		.cfi_endproc
 177              	.LFE2:
 178              		.size	SleepTimer_Enable, .-SleepTimer_Enable
 179              		.section	.text.SleepTimer_Stop,"ax",%progbits
 180              		.align	2
 181              		.global	SleepTimer_Stop
 182              		.thumb
 183              		.thumb_func
 184              		.type	SleepTimer_Stop, %function
 185              	SleepTimer_Stop:
 186              	.LFB3:
ARM GAS  C:\Users\LUKASC~1\AppData\Local\Temp\ccJvanfv.s 			page 7


 157:.\Generated_Source\PSoC5/SleepTimer.c **** 
 158:.\Generated_Source\PSoC5/SleepTimer.c **** 
 159:.\Generated_Source\PSoC5/SleepTimer.c **** /*******************************************************************************
 160:.\Generated_Source\PSoC5/SleepTimer.c **** * Function Name: SleepTimer_Stop
 161:.\Generated_Source\PSoC5/SleepTimer.c **** ********************************************************************************
 162:.\Generated_Source\PSoC5/SleepTimer.c **** *
 163:.\Generated_Source\PSoC5/SleepTimer.c **** * Summary:
 164:.\Generated_Source\PSoC5/SleepTimer.c **** *  This function stops Sleep Timer operation and disables wakeup and interrupt.
 165:.\Generated_Source\PSoC5/SleepTimer.c **** *  The device does not wake up when the CTW counter reaches terminal count, and
 166:.\Generated_Source\PSoC5/SleepTimer.c **** *  an interrupt is not issued.
 167:.\Generated_Source\PSoC5/SleepTimer.c **** *
 168:.\Generated_Source\PSoC5/SleepTimer.c **** * Parameters:
 169:.\Generated_Source\PSoC5/SleepTimer.c **** *  None
 170:.\Generated_Source\PSoC5/SleepTimer.c **** *
 171:.\Generated_Source\PSoC5/SleepTimer.c **** * Return:
 172:.\Generated_Source\PSoC5/SleepTimer.c **** *  None
 173:.\Generated_Source\PSoC5/SleepTimer.c **** *
 174:.\Generated_Source\PSoC5/SleepTimer.c **** * Side Effects:
 175:.\Generated_Source\PSoC5/SleepTimer.c **** *  Leaves the 1 kHz ILO clock enabled after Sleep Time component is stopped.
 176:.\Generated_Source\PSoC5/SleepTimer.c **** *
 177:.\Generated_Source\PSoC5/SleepTimer.c **** *******************************************************************************/
 178:.\Generated_Source\PSoC5/SleepTimer.c **** void SleepTimer_Stop(void) 
 179:.\Generated_Source\PSoC5/SleepTimer.c **** {
 187              		.loc 1 179 0
 188              		.cfi_startproc
 189              		@ args = 0, pretend = 0, frame = 8
 190              		@ frame_needed = 1, uses_anonymous_args = 0
 191 0000 80B5     		push	{r7, lr}
 192              		.cfi_def_cfa_offset 8
 193              		.cfi_offset 7, -8
 194              		.cfi_offset 14, -4
 195 0002 82B0     		sub	sp, sp, #8
 196              		.cfi_def_cfa_offset 16
 197 0004 00AF     		add	r7, sp, #0
 198              		.cfi_def_cfa_register 7
 180:.\Generated_Source\PSoC5/SleepTimer.c ****     uint8 interruptState;
 181:.\Generated_Source\PSoC5/SleepTimer.c **** 
 182:.\Generated_Source\PSoC5/SleepTimer.c ****     /* Enter critical section */
 183:.\Generated_Source\PSoC5/SleepTimer.c ****     interruptState = CyEnterCriticalSection();
 199              		.loc 1 183 0
 200 0006 FFF7FEFF 		bl	CyEnterCriticalSection
 201 000a 0346     		mov	r3, r0
 202 000c FB71     		strb	r3, [r7, #7]
 184:.\Generated_Source\PSoC5/SleepTimer.c **** 
 185:.\Generated_Source\PSoC5/SleepTimer.c ****     /* Disable CTW counter */
 186:.\Generated_Source\PSoC5/SleepTimer.c ****     SleepTimer_TW_CFG_REG &= (uint8)(~SleepTimer_CTW_EN);
 203              		.loc 1 186 0
 204 000e 074A     		ldr	r2, .L12
 205 0010 064B     		ldr	r3, .L12
 206 0012 1B78     		ldrb	r3, [r3]
 207 0014 DBB2     		uxtb	r3, r3
 208 0016 23F00403 		bic	r3, r3, #4
 209 001a DBB2     		uxtb	r3, r3
 210 001c 1370     		strb	r3, [r2]
 187:.\Generated_Source\PSoC5/SleepTimer.c **** 
 188:.\Generated_Source\PSoC5/SleepTimer.c ****     /* Exit critical section */
 189:.\Generated_Source\PSoC5/SleepTimer.c ****     CyExitCriticalSection(interruptState);
ARM GAS  C:\Users\LUKASC~1\AppData\Local\Temp\ccJvanfv.s 			page 8


 211              		.loc 1 189 0
 212 001e FB79     		ldrb	r3, [r7, #7]	@ zero_extendqisi2
 213 0020 1846     		mov	r0, r3
 214 0022 FFF7FEFF 		bl	CyExitCriticalSection
 190:.\Generated_Source\PSoC5/SleepTimer.c **** }
 215              		.loc 1 190 0
 216 0026 0837     		adds	r7, r7, #8
 217              		.cfi_def_cfa_offset 8
 218 0028 BD46     		mov	sp, r7
 219              		.cfi_def_cfa_register 13
 220              		@ sp needed
 221 002a 80BD     		pop	{r7, pc}
 222              	.L13:
 223              		.align	2
 224              	.L12:
 225 002c 82430040 		.word	1073759106
 226              		.cfi_endproc
 227              	.LFE3:
 228              		.size	SleepTimer_Stop, .-SleepTimer_Stop
 229              		.section	.text.SleepTimer_EnableInt,"ax",%progbits
 230              		.align	2
 231              		.global	SleepTimer_EnableInt
 232              		.thumb
 233              		.thumb_func
 234              		.type	SleepTimer_EnableInt, %function
 235              	SleepTimer_EnableInt:
 236              	.LFB4:
 191:.\Generated_Source\PSoC5/SleepTimer.c **** 
 192:.\Generated_Source\PSoC5/SleepTimer.c **** 
 193:.\Generated_Source\PSoC5/SleepTimer.c **** /*******************************************************************************
 194:.\Generated_Source\PSoC5/SleepTimer.c **** * Function Name: SleepTimer_EnableInt
 195:.\Generated_Source\PSoC5/SleepTimer.c **** ********************************************************************************
 196:.\Generated_Source\PSoC5/SleepTimer.c **** *
 197:.\Generated_Source\PSoC5/SleepTimer.c **** * Summary:
 198:.\Generated_Source\PSoC5/SleepTimer.c **** *  This function enables the CTW terminal count interrupt.
 199:.\Generated_Source\PSoC5/SleepTimer.c **** *
 200:.\Generated_Source\PSoC5/SleepTimer.c **** * Parameters:
 201:.\Generated_Source\PSoC5/SleepTimer.c **** *  None
 202:.\Generated_Source\PSoC5/SleepTimer.c **** *
 203:.\Generated_Source\PSoC5/SleepTimer.c **** * Return:
 204:.\Generated_Source\PSoC5/SleepTimer.c **** *  None
 205:.\Generated_Source\PSoC5/SleepTimer.c **** *
 206:.\Generated_Source\PSoC5/SleepTimer.c **** *******************************************************************************/
 207:.\Generated_Source\PSoC5/SleepTimer.c **** void SleepTimer_EnableInt(void) 
 208:.\Generated_Source\PSoC5/SleepTimer.c **** {
 237              		.loc 1 208 0
 238              		.cfi_startproc
 239              		@ args = 0, pretend = 0, frame = 8
 240              		@ frame_needed = 1, uses_anonymous_args = 0
 241 0000 80B5     		push	{r7, lr}
 242              		.cfi_def_cfa_offset 8
 243              		.cfi_offset 7, -8
 244              		.cfi_offset 14, -4
 245 0002 82B0     		sub	sp, sp, #8
 246              		.cfi_def_cfa_offset 16
 247 0004 00AF     		add	r7, sp, #0
 248              		.cfi_def_cfa_register 7
ARM GAS  C:\Users\LUKASC~1\AppData\Local\Temp\ccJvanfv.s 			page 9


 209:.\Generated_Source\PSoC5/SleepTimer.c ****     uint8 interruptState;
 210:.\Generated_Source\PSoC5/SleepTimer.c **** 
 211:.\Generated_Source\PSoC5/SleepTimer.c ****     /* Enter critical section */
 212:.\Generated_Source\PSoC5/SleepTimer.c ****     interruptState = CyEnterCriticalSection();
 249              		.loc 1 212 0
 250 0006 FFF7FEFF 		bl	CyEnterCriticalSection
 251 000a 0346     		mov	r3, r0
 252 000c FB71     		strb	r3, [r7, #7]
 213:.\Generated_Source\PSoC5/SleepTimer.c **** 
 214:.\Generated_Source\PSoC5/SleepTimer.c ****      /* Enable interrupt on wake up */
 215:.\Generated_Source\PSoC5/SleepTimer.c ****     SleepTimer_TW_CFG_REG |= SleepTimer_CTW_IE;
 253              		.loc 1 215 0
 254 000e 074A     		ldr	r2, .L15
 255 0010 064B     		ldr	r3, .L15
 256 0012 1B78     		ldrb	r3, [r3]
 257 0014 DBB2     		uxtb	r3, r3
 258 0016 43F00803 		orr	r3, r3, #8
 259 001a DBB2     		uxtb	r3, r3
 260 001c 1370     		strb	r3, [r2]
 216:.\Generated_Source\PSoC5/SleepTimer.c **** 
 217:.\Generated_Source\PSoC5/SleepTimer.c ****     /* Exit critical section */
 218:.\Generated_Source\PSoC5/SleepTimer.c ****     CyExitCriticalSection(interruptState);
 261              		.loc 1 218 0
 262 001e FB79     		ldrb	r3, [r7, #7]	@ zero_extendqisi2
 263 0020 1846     		mov	r0, r3
 264 0022 FFF7FEFF 		bl	CyExitCriticalSection
 219:.\Generated_Source\PSoC5/SleepTimer.c **** }
 265              		.loc 1 219 0
 266 0026 0837     		adds	r7, r7, #8
 267              		.cfi_def_cfa_offset 8
 268 0028 BD46     		mov	sp, r7
 269              		.cfi_def_cfa_register 13
 270              		@ sp needed
 271 002a 80BD     		pop	{r7, pc}
 272              	.L16:
 273              		.align	2
 274              	.L15:
 275 002c 82430040 		.word	1073759106
 276              		.cfi_endproc
 277              	.LFE4:
 278              		.size	SleepTimer_EnableInt, .-SleepTimer_EnableInt
 279              		.section	.text.SleepTimer_DisableInt,"ax",%progbits
 280              		.align	2
 281              		.global	SleepTimer_DisableInt
 282              		.thumb
 283              		.thumb_func
 284              		.type	SleepTimer_DisableInt, %function
 285              	SleepTimer_DisableInt:
 286              	.LFB5:
 220:.\Generated_Source\PSoC5/SleepTimer.c **** 
 221:.\Generated_Source\PSoC5/SleepTimer.c **** 
 222:.\Generated_Source\PSoC5/SleepTimer.c **** /*******************************************************************************
 223:.\Generated_Source\PSoC5/SleepTimer.c **** * Function Name: SleepTimer_DisableInt
 224:.\Generated_Source\PSoC5/SleepTimer.c **** ********************************************************************************
 225:.\Generated_Source\PSoC5/SleepTimer.c **** *
 226:.\Generated_Source\PSoC5/SleepTimer.c **** * Summary:
 227:.\Generated_Source\PSoC5/SleepTimer.c **** *  This function disables the CTW terminal count interrupt.
ARM GAS  C:\Users\LUKASC~1\AppData\Local\Temp\ccJvanfv.s 			page 10


 228:.\Generated_Source\PSoC5/SleepTimer.c **** *
 229:.\Generated_Source\PSoC5/SleepTimer.c **** * Parameters:
 230:.\Generated_Source\PSoC5/SleepTimer.c **** *  None
 231:.\Generated_Source\PSoC5/SleepTimer.c **** *
 232:.\Generated_Source\PSoC5/SleepTimer.c **** * Return:
 233:.\Generated_Source\PSoC5/SleepTimer.c **** *  None
 234:.\Generated_Source\PSoC5/SleepTimer.c **** *
 235:.\Generated_Source\PSoC5/SleepTimer.c **** *******************************************************************************/
 236:.\Generated_Source\PSoC5/SleepTimer.c **** void SleepTimer_DisableInt(void) 
 237:.\Generated_Source\PSoC5/SleepTimer.c **** {
 287              		.loc 1 237 0
 288              		.cfi_startproc
 289              		@ args = 0, pretend = 0, frame = 8
 290              		@ frame_needed = 1, uses_anonymous_args = 0
 291 0000 80B5     		push	{r7, lr}
 292              		.cfi_def_cfa_offset 8
 293              		.cfi_offset 7, -8
 294              		.cfi_offset 14, -4
 295 0002 82B0     		sub	sp, sp, #8
 296              		.cfi_def_cfa_offset 16
 297 0004 00AF     		add	r7, sp, #0
 298              		.cfi_def_cfa_register 7
 238:.\Generated_Source\PSoC5/SleepTimer.c ****     uint8 interruptState;
 239:.\Generated_Source\PSoC5/SleepTimer.c **** 
 240:.\Generated_Source\PSoC5/SleepTimer.c ****     /* Enter critical section */
 241:.\Generated_Source\PSoC5/SleepTimer.c ****     interruptState = CyEnterCriticalSection();
 299              		.loc 1 241 0
 300 0006 FFF7FEFF 		bl	CyEnterCriticalSection
 301 000a 0346     		mov	r3, r0
 302 000c FB71     		strb	r3, [r7, #7]
 242:.\Generated_Source\PSoC5/SleepTimer.c **** 
 243:.\Generated_Source\PSoC5/SleepTimer.c ****     /* Disable interrupt on wake up */
 244:.\Generated_Source\PSoC5/SleepTimer.c ****     SleepTimer_TW_CFG_REG &= (uint8)(~SleepTimer_CTW_IE);
 303              		.loc 1 244 0
 304 000e 074A     		ldr	r2, .L18
 305 0010 064B     		ldr	r3, .L18
 306 0012 1B78     		ldrb	r3, [r3]
 307 0014 DBB2     		uxtb	r3, r3
 308 0016 23F00803 		bic	r3, r3, #8
 309 001a DBB2     		uxtb	r3, r3
 310 001c 1370     		strb	r3, [r2]
 245:.\Generated_Source\PSoC5/SleepTimer.c **** 
 246:.\Generated_Source\PSoC5/SleepTimer.c ****     /* Exit critical section */
 247:.\Generated_Source\PSoC5/SleepTimer.c ****     CyExitCriticalSection(interruptState);
 311              		.loc 1 247 0
 312 001e FB79     		ldrb	r3, [r7, #7]	@ zero_extendqisi2
 313 0020 1846     		mov	r0, r3
 314 0022 FFF7FEFF 		bl	CyExitCriticalSection
 248:.\Generated_Source\PSoC5/SleepTimer.c **** }
 315              		.loc 1 248 0
 316 0026 0837     		adds	r7, r7, #8
 317              		.cfi_def_cfa_offset 8
 318 0028 BD46     		mov	sp, r7
 319              		.cfi_def_cfa_register 13
 320              		@ sp needed
 321 002a 80BD     		pop	{r7, pc}
 322              	.L19:
ARM GAS  C:\Users\LUKASC~1\AppData\Local\Temp\ccJvanfv.s 			page 11


 323              		.align	2
 324              	.L18:
 325 002c 82430040 		.word	1073759106
 326              		.cfi_endproc
 327              	.LFE5:
 328              		.size	SleepTimer_DisableInt, .-SleepTimer_DisableInt
 329              		.section	.text.SleepTimer_SetInterval,"ax",%progbits
 330              		.align	2
 331              		.global	SleepTimer_SetInterval
 332              		.thumb
 333              		.thumb_func
 334              		.type	SleepTimer_SetInterval, %function
 335              	SleepTimer_SetInterval:
 336              	.LFB6:
 249:.\Generated_Source\PSoC5/SleepTimer.c **** 
 250:.\Generated_Source\PSoC5/SleepTimer.c **** 
 251:.\Generated_Source\PSoC5/SleepTimer.c **** /*******************************************************************************
 252:.\Generated_Source\PSoC5/SleepTimer.c **** * Function Name: SleepTimer_SetInterval
 253:.\Generated_Source\PSoC5/SleepTimer.c **** ********************************************************************************
 254:.\Generated_Source\PSoC5/SleepTimer.c **** *
 255:.\Generated_Source\PSoC5/SleepTimer.c **** * Summary:
 256:.\Generated_Source\PSoC5/SleepTimer.c **** *  This function sets the CTW interval period. The first interval can range
 257:.\Generated_Source\PSoC5/SleepTimer.c **** *  from 1 to (period + 1) milliseconds. Additional intervals occur at the
 258:.\Generated_Source\PSoC5/SleepTimer.c **** *  nominal period. You can only change the interval value when CTW is disabled,
 259:.\Generated_Source\PSoC5/SleepTimer.c **** *  which you do by stopping the component.
 260:.\Generated_Source\PSoC5/SleepTimer.c **** *
 261:.\Generated_Source\PSoC5/SleepTimer.c **** * Parameters:
 262:.\Generated_Source\PSoC5/SleepTimer.c **** *  uint8 interval: interval?s value for the CTW.
 263:.\Generated_Source\PSoC5/SleepTimer.c **** *
 264:.\Generated_Source\PSoC5/SleepTimer.c **** *  PSoC 5:
 265:.\Generated_Source\PSoC5/SleepTimer.c **** *  Only the 4-, 8-, 16-, 32-, 64-, 128-, and 256-ms selections are supported.
 266:.\Generated_Source\PSoC5/SleepTimer.c **** *
 267:.\Generated_Source\PSoC5/SleepTimer.c **** *           Name                    Value        Period
 268:.\Generated_Source\PSoC5/SleepTimer.c **** *   SleepTimer__CTW_2_MS      4'b0001        2 ms
 269:.\Generated_Source\PSoC5/SleepTimer.c **** *   SleepTimer__CTW_4_MS      4'b0010        4 ms
 270:.\Generated_Source\PSoC5/SleepTimer.c **** *   SleepTimer__CTW_8_MS      4'b0011        8 ms
 271:.\Generated_Source\PSoC5/SleepTimer.c **** *   SleepTimer__CTW_16_MS     4'b0100        16 ms
 272:.\Generated_Source\PSoC5/SleepTimer.c **** *   SleepTimer__CTW_32_MS     4'b0101        32 ms
 273:.\Generated_Source\PSoC5/SleepTimer.c **** *   SleepTimer__CTW_64_MS     4'b0110        64 ms
 274:.\Generated_Source\PSoC5/SleepTimer.c **** *   SleepTimer__CTW_128_MS    4'b0111        128 ms
 275:.\Generated_Source\PSoC5/SleepTimer.c **** *   SleepTimer__CTW_256_MS    4'b1000        256 ms
 276:.\Generated_Source\PSoC5/SleepTimer.c **** *   SleepTimer__CTW_512_MS    4'b1001        512 ms
 277:.\Generated_Source\PSoC5/SleepTimer.c **** *   SleepTimer__CTW_1024_MS   4'b1010        1024 ms
 278:.\Generated_Source\PSoC5/SleepTimer.c **** *   SleepTimer__CTW_2048_MS   4'b1011        2048 ms
 279:.\Generated_Source\PSoC5/SleepTimer.c **** *   SleepTimer__CTW_4096_MS   4'b1100        4096 ms
 280:.\Generated_Source\PSoC5/SleepTimer.c **** *
 281:.\Generated_Source\PSoC5/SleepTimer.c **** * Return:
 282:.\Generated_Source\PSoC5/SleepTimer.c **** *  None
 283:.\Generated_Source\PSoC5/SleepTimer.c **** *
 284:.\Generated_Source\PSoC5/SleepTimer.c **** * Side Effects:
 285:.\Generated_Source\PSoC5/SleepTimer.c **** *  Interval value can be only changed when component is stopped (CTW is
 286:.\Generated_Source\PSoC5/SleepTimer.c **** *  disabled).
 287:.\Generated_Source\PSoC5/SleepTimer.c **** *
 288:.\Generated_Source\PSoC5/SleepTimer.c **** *******************************************************************************/
 289:.\Generated_Source\PSoC5/SleepTimer.c **** void SleepTimer_SetInterval(uint8 interval) 
 290:.\Generated_Source\PSoC5/SleepTimer.c **** {
 337              		.loc 1 290 0
ARM GAS  C:\Users\LUKASC~1\AppData\Local\Temp\ccJvanfv.s 			page 12


 338              		.cfi_startproc
 339              		@ args = 0, pretend = 0, frame = 8
 340              		@ frame_needed = 1, uses_anonymous_args = 0
 341              		@ link register save eliminated.
 342 0000 80B4     		push	{r7}
 343              		.cfi_def_cfa_offset 4
 344              		.cfi_offset 7, -4
 345 0002 83B0     		sub	sp, sp, #12
 346              		.cfi_def_cfa_offset 16
 347 0004 00AF     		add	r7, sp, #0
 348              		.cfi_def_cfa_register 7
 349 0006 0346     		mov	r3, r0
 350 0008 FB71     		strb	r3, [r7, #7]
 291:.\Generated_Source\PSoC5/SleepTimer.c ****     /* Check if CTW is disabled */
 292:.\Generated_Source\PSoC5/SleepTimer.c ****     if (0u == (SleepTimer_TW_CFG_REG & SleepTimer_CTW_EN))
 351              		.loc 1 292 0
 352 000a 0D4B     		ldr	r3, .L22
 353 000c 1B78     		ldrb	r3, [r3]
 354 000e DBB2     		uxtb	r3, r3
 355 0010 03F00403 		and	r3, r3, #4
 356 0014 002B     		cmp	r3, #0
 357 0016 0DD1     		bne	.L20
 293:.\Generated_Source\PSoC5/SleepTimer.c ****     {
 294:.\Generated_Source\PSoC5/SleepTimer.c ****         #if(CY_PSOC5A)
 295:.\Generated_Source\PSoC5/SleepTimer.c **** 
 296:.\Generated_Source\PSoC5/SleepTimer.c ****             CYASSERT((SleepTimer__CTW_4_MS   == interval) ||
 297:.\Generated_Source\PSoC5/SleepTimer.c ****                      (SleepTimer__CTW_8_MS   == interval) ||
 298:.\Generated_Source\PSoC5/SleepTimer.c ****                      (SleepTimer__CTW_16_MS  == interval) ||
 299:.\Generated_Source\PSoC5/SleepTimer.c ****                      (SleepTimer__CTW_32_MS  == interval) ||
 300:.\Generated_Source\PSoC5/SleepTimer.c ****                      (SleepTimer__CTW_64_MS  == interval) ||
 301:.\Generated_Source\PSoC5/SleepTimer.c ****                      (SleepTimer__CTW_128_MS == interval) ||
 302:.\Generated_Source\PSoC5/SleepTimer.c ****                      (SleepTimer__CTW_256_MS == interval));
 303:.\Generated_Source\PSoC5/SleepTimer.c **** 
 304:.\Generated_Source\PSoC5/SleepTimer.c ****         #endif  /* (CY_PSOC5A) */
 305:.\Generated_Source\PSoC5/SleepTimer.c **** 
 306:.\Generated_Source\PSoC5/SleepTimer.c ****         /* Set CTW interval */
 307:.\Generated_Source\PSoC5/SleepTimer.c ****         SleepTimer_CTW_INTERVAL_REG = \
 358              		.loc 1 307 0
 359 0018 0A49     		ldr	r1, .L22+4
 308:.\Generated_Source\PSoC5/SleepTimer.c ****             (SleepTimer_CTW_INTERVAL_REG & ((uint8)~SleepTimer_INTERVAL_MASK)) | \
 360              		.loc 1 308 0
 361 001a 0A4B     		ldr	r3, .L22+4
 362 001c 1B78     		ldrb	r3, [r3]
 363 001e DBB2     		uxtb	r3, r3
 307:.\Generated_Source\PSoC5/SleepTimer.c ****             (SleepTimer_CTW_INTERVAL_REG & ((uint8)~SleepTimer_INTERVAL_MASK)) | \
 364              		.loc 1 307 0
 365 0020 23F00F03 		bic	r3, r3, #15
 366 0024 DAB2     		uxtb	r2, r3
 367 0026 FB79     		ldrb	r3, [r7, #7]
 368 0028 03F00F03 		and	r3, r3, #15
 369 002c DBB2     		uxtb	r3, r3
 370 002e 1343     		orrs	r3, r3, r2
 371 0030 DBB2     		uxtb	r3, r3
 372 0032 0B70     		strb	r3, [r1]
 373              	.L20:
 309:.\Generated_Source\PSoC5/SleepTimer.c ****             (interval & SleepTimer_INTERVAL_MASK);
 310:.\Generated_Source\PSoC5/SleepTimer.c ****     }
ARM GAS  C:\Users\LUKASC~1\AppData\Local\Temp\ccJvanfv.s 			page 13


 311:.\Generated_Source\PSoC5/SleepTimer.c ****     /* Do nothing if CTW is enabled. */
 312:.\Generated_Source\PSoC5/SleepTimer.c **** }
 374              		.loc 1 312 0
 375 0034 0C37     		adds	r7, r7, #12
 376              		.cfi_def_cfa_offset 4
 377 0036 BD46     		mov	sp, r7
 378              		.cfi_def_cfa_register 13
 379              		@ sp needed
 380 0038 5DF8047B 		ldr	r7, [sp], #4
 381              		.cfi_restore 7
 382              		.cfi_def_cfa_offset 0
 383 003c 7047     		bx	lr
 384              	.L23:
 385 003e 00BF     		.align	2
 386              	.L22:
 387 0040 82430040 		.word	1073759106
 388 0044 81430040 		.word	1073759105
 389              		.cfi_endproc
 390              	.LFE6:
 391              		.size	SleepTimer_SetInterval, .-SleepTimer_SetInterval
 392              		.section	.text.SleepTimer_GetStatus,"ax",%progbits
 393              		.align	2
 394              		.global	SleepTimer_GetStatus
 395              		.thumb
 396              		.thumb_func
 397              		.type	SleepTimer_GetStatus, %function
 398              	SleepTimer_GetStatus:
 399              	.LFB7:
 313:.\Generated_Source\PSoC5/SleepTimer.c **** 
 314:.\Generated_Source\PSoC5/SleepTimer.c **** 
 315:.\Generated_Source\PSoC5/SleepTimer.c **** /*******************************************************************************
 316:.\Generated_Source\PSoC5/SleepTimer.c **** * Function Name: SleepTimer_GetStatus
 317:.\Generated_Source\PSoC5/SleepTimer.c **** ********************************************************************************
 318:.\Generated_Source\PSoC5/SleepTimer.c **** *
 319:.\Generated_Source\PSoC5/SleepTimer.c **** * Summary:
 320:.\Generated_Source\PSoC5/SleepTimer.c **** *  This function returns the state of the Sleep Timer's status register, and
 321:.\Generated_Source\PSoC5/SleepTimer.c **** *  clears the pending interrupt status bit. The application code must always
 322:.\Generated_Source\PSoC5/SleepTimer.c **** *  call this function after wakeup to clear the ctw_int status bit. The code
 323:.\Generated_Source\PSoC5/SleepTimer.c **** *  must call this function whether the Sleep Timer's interrupt is disabled or
 324:.\Generated_Source\PSoC5/SleepTimer.c **** *  enabled.
 325:.\Generated_Source\PSoC5/SleepTimer.c **** *
 326:.\Generated_Source\PSoC5/SleepTimer.c **** * Parameters:
 327:.\Generated_Source\PSoC5/SleepTimer.c **** *  None
 328:.\Generated_Source\PSoC5/SleepTimer.c **** *
 329:.\Generated_Source\PSoC5/SleepTimer.c **** * Return:
 330:.\Generated_Source\PSoC5/SleepTimer.c **** *  Returns an 8-bit value (uint8) with bits set if a corresponding event has
 331:.\Generated_Source\PSoC5/SleepTimer.c **** *  occurred. The constants shown in the following table describe the two-bit
 332:.\Generated_Source\PSoC5/SleepTimer.c **** *  masks for the two events that this return value can contain.
 333:.\Generated_Source\PSoC5/SleepTimer.c **** *
 334:.\Generated_Source\PSoC5/SleepTimer.c **** *            Name                             Description
 335:.\Generated_Source\PSoC5/SleepTimer.c **** *  SleepTimer_PM_INT_SR_ONEPPSP  A onepps event has occured
 336:.\Generated_Source\PSoC5/SleepTimer.c **** *  SleepTimer_PM_INT_SR_CTW      A central timewheel event occured
 337:.\Generated_Source\PSoC5/SleepTimer.c **** *  SleepTimer_PM_INT_SR_FTW      A fast timewheel event occured
 338:.\Generated_Source\PSoC5/SleepTimer.c **** *
 339:.\Generated_Source\PSoC5/SleepTimer.c **** * Side Effects:
 340:.\Generated_Source\PSoC5/SleepTimer.c **** *  If the SleepTimer_GetStatus() function is not called in an interrupt
 341:.\Generated_Source\PSoC5/SleepTimer.c **** *  associated with the SleepTimer, the interrupt is not cleared and as soon as
ARM GAS  C:\Users\LUKASC~1\AppData\Local\Temp\ccJvanfv.s 			page 14


 342:.\Generated_Source\PSoC5/SleepTimer.c **** *  the interrupt is exited it is re-entered.
 343:.\Generated_Source\PSoC5/SleepTimer.c **** *
 344:.\Generated_Source\PSoC5/SleepTimer.c **** *  After the Sleep Timer has expired, the sleep interval is functionally 0 ms,
 345:.\Generated_Source\PSoC5/SleepTimer.c **** *  because the interrupt is called until the ctw_int flag is cleared by the
 346:.\Generated_Source\PSoC5/SleepTimer.c **** *  SleepTimer_GetStatus() function.
 347:.\Generated_Source\PSoC5/SleepTimer.c **** *
 348:.\Generated_Source\PSoC5/SleepTimer.c **** *  If an interrupt is generated at the same time as a register read/clear, the
 349:.\Generated_Source\PSoC5/SleepTimer.c **** *  bit remains set (which causes another interrupt).
 350:.\Generated_Source\PSoC5/SleepTimer.c **** *
 351:.\Generated_Source\PSoC5/SleepTimer.c **** *  Reports and then clears all interrupt status bits in the Power Manager
 352:.\Generated_Source\PSoC5/SleepTimer.c **** *  Interrupt Status register. Some of the bits are not relevant to this
 353:.\Generated_Source\PSoC5/SleepTimer.c **** *  component's operation.
 354:.\Generated_Source\PSoC5/SleepTimer.c **** *
 355:.\Generated_Source\PSoC5/SleepTimer.c **** *  The application code must always call this function (when the Sleep Timer's
 356:.\Generated_Source\PSoC5/SleepTimer.c **** *  interrupt is disabled or enabled) after wakeup to clear the ctw_int status
 357:.\Generated_Source\PSoC5/SleepTimer.c **** *  bit. The code must call SleepTimer_GetStatus() within 1 ms (1 clock cycle of
 358:.\Generated_Source\PSoC5/SleepTimer.c **** *  the ILO) after the CTW event occurred.
 359:.\Generated_Source\PSoC5/SleepTimer.c **** *
 360:.\Generated_Source\PSoC5/SleepTimer.c **** *******************************************************************************/
 361:.\Generated_Source\PSoC5/SleepTimer.c **** uint8 SleepTimer_GetStatus(void) 
 362:.\Generated_Source\PSoC5/SleepTimer.c **** {
 400              		.loc 1 362 0
 401              		.cfi_startproc
 402              		@ args = 0, pretend = 0, frame = 0
 403              		@ frame_needed = 1, uses_anonymous_args = 0
 404 0000 80B5     		push	{r7, lr}
 405              		.cfi_def_cfa_offset 8
 406              		.cfi_offset 7, -8
 407              		.cfi_offset 14, -4
 408 0002 00AF     		add	r7, sp, #0
 409              		.cfi_def_cfa_register 7
 363:.\Generated_Source\PSoC5/SleepTimer.c ****     /* Read to clear  */
 364:.\Generated_Source\PSoC5/SleepTimer.c ****     return CyPmReadStatus(CY_PM_CTW_INT);
 410              		.loc 1 364 0
 411 0004 0220     		movs	r0, #2
 412 0006 FFF7FEFF 		bl	CyPmReadStatus
 413 000a 0346     		mov	r3, r0
 365:.\Generated_Source\PSoC5/SleepTimer.c **** }
 414              		.loc 1 365 0
 415 000c 1846     		mov	r0, r3
 416 000e 80BD     		pop	{r7, pc}
 417              		.cfi_endproc
 418              	.LFE7:
 419              		.size	SleepTimer_GetStatus, .-SleepTimer_GetStatus
 420              		.text
 421              	.Letext0:
 422              		.file 2 ".\\Generated_Source\\PSoC5\\cytypes.h"
 423              		.section	.debug_info,"",%progbits
 424              	.Ldebug_info0:
 425 0000 A0010000 		.4byte	0x1a0
 426 0004 0400     		.2byte	0x4
 427 0006 00000000 		.4byte	.Ldebug_abbrev0
 428 000a 04       		.byte	0x4
 429 000b 01       		.uleb128 0x1
 430 000c EE000000 		.4byte	.LASF23
 431 0010 01       		.byte	0x1
 432 0011 0E000000 		.4byte	.LASF24
ARM GAS  C:\Users\LUKASC~1\AppData\Local\Temp\ccJvanfv.s 			page 15


 433 0015 7C010000 		.4byte	.LASF25
 434 0019 00000000 		.4byte	.Ldebug_ranges0+0
 435 001d 00000000 		.4byte	0
 436 0021 00000000 		.4byte	.Ldebug_line0
 437 0025 02       		.uleb128 0x2
 438 0026 01       		.byte	0x1
 439 0027 06       		.byte	0x6
 440 0028 23020000 		.4byte	.LASF0
 441 002c 02       		.uleb128 0x2
 442 002d 01       		.byte	0x1
 443 002e 08       		.byte	0x8
 444 002f C0000000 		.4byte	.LASF1
 445 0033 02       		.uleb128 0x2
 446 0034 02       		.byte	0x2
 447 0035 05       		.byte	0x5
 448 0036 57020000 		.4byte	.LASF2
 449 003a 02       		.uleb128 0x2
 450 003b 02       		.byte	0x2
 451 003c 07       		.byte	0x7
 452 003d 10020000 		.4byte	.LASF3
 453 0041 02       		.uleb128 0x2
 454 0042 04       		.byte	0x4
 455 0043 05       		.byte	0x5
 456 0044 E5000000 		.4byte	.LASF4
 457 0048 02       		.uleb128 0x2
 458 0049 04       		.byte	0x4
 459 004a 07       		.byte	0x7
 460 004b 83000000 		.4byte	.LASF5
 461 004f 02       		.uleb128 0x2
 462 0050 08       		.byte	0x8
 463 0051 05       		.byte	0x5
 464 0052 00000000 		.4byte	.LASF6
 465 0056 02       		.uleb128 0x2
 466 0057 08       		.byte	0x8
 467 0058 07       		.byte	0x7
 468 0059 95000000 		.4byte	.LASF7
 469 005d 03       		.uleb128 0x3
 470 005e 04       		.byte	0x4
 471 005f 05       		.byte	0x5
 472 0060 696E7400 		.ascii	"int\000"
 473 0064 02       		.uleb128 0x2
 474 0065 04       		.byte	0x4
 475 0066 07       		.byte	0x7
 476 0067 34000000 		.4byte	.LASF8
 477 006b 04       		.uleb128 0x4
 478 006c 7D000000 		.4byte	.LASF12
 479 0070 02       		.byte	0x2
 480 0071 3801     		.2byte	0x138
 481 0073 2C000000 		.4byte	0x2c
 482 0077 02       		.uleb128 0x2
 483 0078 04       		.byte	0x4
 484 0079 04       		.byte	0x4
 485 007a AC000000 		.4byte	.LASF9
 486 007e 02       		.uleb128 0x2
 487 007f 08       		.byte	0x8
 488 0080 04       		.byte	0x4
 489 0081 F9010000 		.4byte	.LASF10
ARM GAS  C:\Users\LUKASC~1\AppData\Local\Temp\ccJvanfv.s 			page 16


 490 0085 02       		.uleb128 0x2
 491 0086 01       		.byte	0x1
 492 0087 08       		.byte	0x8
 493 0088 B2000000 		.4byte	.LASF11
 494 008c 04       		.uleb128 0x4
 495 008d 78000000 		.4byte	.LASF13
 496 0091 02       		.byte	0x2
 497 0092 E201     		.2byte	0x1e2
 498 0094 98000000 		.4byte	0x98
 499 0098 05       		.uleb128 0x5
 500 0099 6B000000 		.4byte	0x6b
 501 009d 02       		.uleb128 0x2
 502 009e 04       		.byte	0x4
 503 009f 07       		.byte	0x7
 504 00a0 88020000 		.4byte	.LASF14
 505 00a4 06       		.uleb128 0x6
 506 00a5 61020000 		.4byte	.LASF15
 507 00a9 01       		.byte	0x1
 508 00aa 35       		.byte	0x35
 509 00ab 00000000 		.4byte	.LFB0
 510 00af 20000000 		.4byte	.LFE0-.LFB0
 511 00b3 01       		.uleb128 0x1
 512 00b4 9C       		.byte	0x9c
 513 00b5 06       		.uleb128 0x6
 514 00b6 00020000 		.4byte	.LASF16
 515 00ba 01       		.byte	0x1
 516 00bb 56       		.byte	0x56
 517 00bc 00000000 		.4byte	.LFB1
 518 00c0 10000000 		.4byte	.LFE1-.LFB1
 519 00c4 01       		.uleb128 0x1
 520 00c5 9C       		.byte	0x9c
 521 00c6 07       		.uleb128 0x7
 522 00c7 41000000 		.4byte	.LASF17
 523 00cb 01       		.byte	0x1
 524 00cc 7E       		.byte	0x7e
 525 00cd 00000000 		.4byte	.LFB2
 526 00d1 74000000 		.4byte	.LFE2-.LFB2
 527 00d5 01       		.uleb128 0x1
 528 00d6 9C       		.byte	0x9c
 529 00d7 EA000000 		.4byte	0xea
 530 00db 08       		.uleb128 0x8
 531 00dc 91020000 		.4byte	.LASF19
 532 00e0 01       		.byte	0x1
 533 00e1 80       		.byte	0x80
 534 00e2 6B000000 		.4byte	0x6b
 535 00e6 02       		.uleb128 0x2
 536 00e7 91       		.byte	0x91
 537 00e8 77       		.sleb128 -9
 538 00e9 00       		.byte	0
 539 00ea 07       		.uleb128 0x7
 540 00eb 68000000 		.4byte	.LASF18
 541 00ef 01       		.byte	0x1
 542 00f0 B2       		.byte	0xb2
 543 00f1 00000000 		.4byte	.LFB3
 544 00f5 30000000 		.4byte	.LFE3-.LFB3
 545 00f9 01       		.uleb128 0x1
 546 00fa 9C       		.byte	0x9c
ARM GAS  C:\Users\LUKASC~1\AppData\Local\Temp\ccJvanfv.s 			page 17


 547 00fb 0E010000 		.4byte	0x10e
 548 00ff 08       		.uleb128 0x8
 549 0100 91020000 		.4byte	.LASF19
 550 0104 01       		.byte	0x1
 551 0105 B4       		.byte	0xb4
 552 0106 6B000000 		.4byte	0x6b
 553 010a 02       		.uleb128 0x2
 554 010b 91       		.byte	0x91
 555 010c 77       		.sleb128 -9
 556 010d 00       		.byte	0
 557 010e 07       		.uleb128 0x7
 558 010f 53000000 		.4byte	.LASF20
 559 0113 01       		.byte	0x1
 560 0114 CF       		.byte	0xcf
 561 0115 00000000 		.4byte	.LFB4
 562 0119 30000000 		.4byte	.LFE4-.LFB4
 563 011d 01       		.uleb128 0x1
 564 011e 9C       		.byte	0x9c
 565 011f 32010000 		.4byte	0x132
 566 0123 08       		.uleb128 0x8
 567 0124 91020000 		.4byte	.LASF19
 568 0128 01       		.byte	0x1
 569 0129 D1       		.byte	0xd1
 570 012a 6B000000 		.4byte	0x6b
 571 012e 02       		.uleb128 0x2
 572 012f 91       		.byte	0x91
 573 0130 77       		.sleb128 -9
 574 0131 00       		.byte	0
 575 0132 07       		.uleb128 0x7
 576 0133 72020000 		.4byte	.LASF21
 577 0137 01       		.byte	0x1
 578 0138 EC       		.byte	0xec
 579 0139 00000000 		.4byte	.LFB5
 580 013d 30000000 		.4byte	.LFE5-.LFB5
 581 0141 01       		.uleb128 0x1
 582 0142 9C       		.byte	0x9c
 583 0143 56010000 		.4byte	0x156
 584 0147 08       		.uleb128 0x8
 585 0148 91020000 		.4byte	.LASF19
 586 014c 01       		.byte	0x1
 587 014d EE       		.byte	0xee
 588 014e 6B000000 		.4byte	0x6b
 589 0152 02       		.uleb128 0x2
 590 0153 91       		.byte	0x91
 591 0154 77       		.sleb128 -9
 592 0155 00       		.byte	0
 593 0156 09       		.uleb128 0x9
 594 0157 CE000000 		.4byte	.LASF22
 595 015b 01       		.byte	0x1
 596 015c 2101     		.2byte	0x121
 597 015e 00000000 		.4byte	.LFB6
 598 0162 48000000 		.4byte	.LFE6-.LFB6
 599 0166 01       		.uleb128 0x1
 600 0167 9C       		.byte	0x9c
 601 0168 7C010000 		.4byte	0x17c
 602 016c 0A       		.uleb128 0xa
 603 016d B7000000 		.4byte	.LASF26
ARM GAS  C:\Users\LUKASC~1\AppData\Local\Temp\ccJvanfv.s 			page 18


 604 0171 01       		.byte	0x1
 605 0172 2101     		.2byte	0x121
 606 0174 6B000000 		.4byte	0x6b
 607 0178 02       		.uleb128 0x2
 608 0179 91       		.byte	0x91
 609 017a 77       		.sleb128 -9
 610 017b 00       		.byte	0
 611 017c 0B       		.uleb128 0xb
 612 017d 42020000 		.4byte	.LASF27
 613 0181 01       		.byte	0x1
 614 0182 6901     		.2byte	0x169
 615 0184 6B000000 		.4byte	0x6b
 616 0188 00000000 		.4byte	.LFB7
 617 018c 10000000 		.4byte	.LFE7-.LFB7
 618 0190 01       		.uleb128 0x1
 619 0191 9C       		.byte	0x9c
 620 0192 0C       		.uleb128 0xc
 621 0193 2F020000 		.4byte	.LASF28
 622 0197 01       		.byte	0x1
 623 0198 13       		.byte	0x13
 624 0199 6B000000 		.4byte	0x6b
 625 019d 05       		.uleb128 0x5
 626 019e 03       		.byte	0x3
 627 019f 00000000 		.4byte	SleepTimer_initVar
 628 01a3 00       		.byte	0
 629              		.section	.debug_abbrev,"",%progbits
 630              	.Ldebug_abbrev0:
 631 0000 01       		.uleb128 0x1
 632 0001 11       		.uleb128 0x11
 633 0002 01       		.byte	0x1
 634 0003 25       		.uleb128 0x25
 635 0004 0E       		.uleb128 0xe
 636 0005 13       		.uleb128 0x13
 637 0006 0B       		.uleb128 0xb
 638 0007 03       		.uleb128 0x3
 639 0008 0E       		.uleb128 0xe
 640 0009 1B       		.uleb128 0x1b
 641 000a 0E       		.uleb128 0xe
 642 000b 55       		.uleb128 0x55
 643 000c 17       		.uleb128 0x17
 644 000d 11       		.uleb128 0x11
 645 000e 01       		.uleb128 0x1
 646 000f 10       		.uleb128 0x10
 647 0010 17       		.uleb128 0x17
 648 0011 00       		.byte	0
 649 0012 00       		.byte	0
 650 0013 02       		.uleb128 0x2
 651 0014 24       		.uleb128 0x24
 652 0015 00       		.byte	0
 653 0016 0B       		.uleb128 0xb
 654 0017 0B       		.uleb128 0xb
 655 0018 3E       		.uleb128 0x3e
 656 0019 0B       		.uleb128 0xb
 657 001a 03       		.uleb128 0x3
 658 001b 0E       		.uleb128 0xe
 659 001c 00       		.byte	0
 660 001d 00       		.byte	0
ARM GAS  C:\Users\LUKASC~1\AppData\Local\Temp\ccJvanfv.s 			page 19


 661 001e 03       		.uleb128 0x3
 662 001f 24       		.uleb128 0x24
 663 0020 00       		.byte	0
 664 0021 0B       		.uleb128 0xb
 665 0022 0B       		.uleb128 0xb
 666 0023 3E       		.uleb128 0x3e
 667 0024 0B       		.uleb128 0xb
 668 0025 03       		.uleb128 0x3
 669 0026 08       		.uleb128 0x8
 670 0027 00       		.byte	0
 671 0028 00       		.byte	0
 672 0029 04       		.uleb128 0x4
 673 002a 16       		.uleb128 0x16
 674 002b 00       		.byte	0
 675 002c 03       		.uleb128 0x3
 676 002d 0E       		.uleb128 0xe
 677 002e 3A       		.uleb128 0x3a
 678 002f 0B       		.uleb128 0xb
 679 0030 3B       		.uleb128 0x3b
 680 0031 05       		.uleb128 0x5
 681 0032 49       		.uleb128 0x49
 682 0033 13       		.uleb128 0x13
 683 0034 00       		.byte	0
 684 0035 00       		.byte	0
 685 0036 05       		.uleb128 0x5
 686 0037 35       		.uleb128 0x35
 687 0038 00       		.byte	0
 688 0039 49       		.uleb128 0x49
 689 003a 13       		.uleb128 0x13
 690 003b 00       		.byte	0
 691 003c 00       		.byte	0
 692 003d 06       		.uleb128 0x6
 693 003e 2E       		.uleb128 0x2e
 694 003f 00       		.byte	0
 695 0040 3F       		.uleb128 0x3f
 696 0041 19       		.uleb128 0x19
 697 0042 03       		.uleb128 0x3
 698 0043 0E       		.uleb128 0xe
 699 0044 3A       		.uleb128 0x3a
 700 0045 0B       		.uleb128 0xb
 701 0046 3B       		.uleb128 0x3b
 702 0047 0B       		.uleb128 0xb
 703 0048 27       		.uleb128 0x27
 704 0049 19       		.uleb128 0x19
 705 004a 11       		.uleb128 0x11
 706 004b 01       		.uleb128 0x1
 707 004c 12       		.uleb128 0x12
 708 004d 06       		.uleb128 0x6
 709 004e 40       		.uleb128 0x40
 710 004f 18       		.uleb128 0x18
 711 0050 9642     		.uleb128 0x2116
 712 0052 19       		.uleb128 0x19
 713 0053 00       		.byte	0
 714 0054 00       		.byte	0
 715 0055 07       		.uleb128 0x7
 716 0056 2E       		.uleb128 0x2e
 717 0057 01       		.byte	0x1
ARM GAS  C:\Users\LUKASC~1\AppData\Local\Temp\ccJvanfv.s 			page 20


 718 0058 3F       		.uleb128 0x3f
 719 0059 19       		.uleb128 0x19
 720 005a 03       		.uleb128 0x3
 721 005b 0E       		.uleb128 0xe
 722 005c 3A       		.uleb128 0x3a
 723 005d 0B       		.uleb128 0xb
 724 005e 3B       		.uleb128 0x3b
 725 005f 0B       		.uleb128 0xb
 726 0060 27       		.uleb128 0x27
 727 0061 19       		.uleb128 0x19
 728 0062 11       		.uleb128 0x11
 729 0063 01       		.uleb128 0x1
 730 0064 12       		.uleb128 0x12
 731 0065 06       		.uleb128 0x6
 732 0066 40       		.uleb128 0x40
 733 0067 18       		.uleb128 0x18
 734 0068 9642     		.uleb128 0x2116
 735 006a 19       		.uleb128 0x19
 736 006b 01       		.uleb128 0x1
 737 006c 13       		.uleb128 0x13
 738 006d 00       		.byte	0
 739 006e 00       		.byte	0
 740 006f 08       		.uleb128 0x8
 741 0070 34       		.uleb128 0x34
 742 0071 00       		.byte	0
 743 0072 03       		.uleb128 0x3
 744 0073 0E       		.uleb128 0xe
 745 0074 3A       		.uleb128 0x3a
 746 0075 0B       		.uleb128 0xb
 747 0076 3B       		.uleb128 0x3b
 748 0077 0B       		.uleb128 0xb
 749 0078 49       		.uleb128 0x49
 750 0079 13       		.uleb128 0x13
 751 007a 02       		.uleb128 0x2
 752 007b 18       		.uleb128 0x18
 753 007c 00       		.byte	0
 754 007d 00       		.byte	0
 755 007e 09       		.uleb128 0x9
 756 007f 2E       		.uleb128 0x2e
 757 0080 01       		.byte	0x1
 758 0081 3F       		.uleb128 0x3f
 759 0082 19       		.uleb128 0x19
 760 0083 03       		.uleb128 0x3
 761 0084 0E       		.uleb128 0xe
 762 0085 3A       		.uleb128 0x3a
 763 0086 0B       		.uleb128 0xb
 764 0087 3B       		.uleb128 0x3b
 765 0088 05       		.uleb128 0x5
 766 0089 27       		.uleb128 0x27
 767 008a 19       		.uleb128 0x19
 768 008b 11       		.uleb128 0x11
 769 008c 01       		.uleb128 0x1
 770 008d 12       		.uleb128 0x12
 771 008e 06       		.uleb128 0x6
 772 008f 40       		.uleb128 0x40
 773 0090 18       		.uleb128 0x18
 774 0091 9742     		.uleb128 0x2117
ARM GAS  C:\Users\LUKASC~1\AppData\Local\Temp\ccJvanfv.s 			page 21


 775 0093 19       		.uleb128 0x19
 776 0094 01       		.uleb128 0x1
 777 0095 13       		.uleb128 0x13
 778 0096 00       		.byte	0
 779 0097 00       		.byte	0
 780 0098 0A       		.uleb128 0xa
 781 0099 05       		.uleb128 0x5
 782 009a 00       		.byte	0
 783 009b 03       		.uleb128 0x3
 784 009c 0E       		.uleb128 0xe
 785 009d 3A       		.uleb128 0x3a
 786 009e 0B       		.uleb128 0xb
 787 009f 3B       		.uleb128 0x3b
 788 00a0 05       		.uleb128 0x5
 789 00a1 49       		.uleb128 0x49
 790 00a2 13       		.uleb128 0x13
 791 00a3 02       		.uleb128 0x2
 792 00a4 18       		.uleb128 0x18
 793 00a5 00       		.byte	0
 794 00a6 00       		.byte	0
 795 00a7 0B       		.uleb128 0xb
 796 00a8 2E       		.uleb128 0x2e
 797 00a9 00       		.byte	0
 798 00aa 3F       		.uleb128 0x3f
 799 00ab 19       		.uleb128 0x19
 800 00ac 03       		.uleb128 0x3
 801 00ad 0E       		.uleb128 0xe
 802 00ae 3A       		.uleb128 0x3a
 803 00af 0B       		.uleb128 0xb
 804 00b0 3B       		.uleb128 0x3b
 805 00b1 05       		.uleb128 0x5
 806 00b2 27       		.uleb128 0x27
 807 00b3 19       		.uleb128 0x19
 808 00b4 49       		.uleb128 0x49
 809 00b5 13       		.uleb128 0x13
 810 00b6 11       		.uleb128 0x11
 811 00b7 01       		.uleb128 0x1
 812 00b8 12       		.uleb128 0x12
 813 00b9 06       		.uleb128 0x6
 814 00ba 40       		.uleb128 0x40
 815 00bb 18       		.uleb128 0x18
 816 00bc 9642     		.uleb128 0x2116
 817 00be 19       		.uleb128 0x19
 818 00bf 00       		.byte	0
 819 00c0 00       		.byte	0
 820 00c1 0C       		.uleb128 0xc
 821 00c2 34       		.uleb128 0x34
 822 00c3 00       		.byte	0
 823 00c4 03       		.uleb128 0x3
 824 00c5 0E       		.uleb128 0xe
 825 00c6 3A       		.uleb128 0x3a
 826 00c7 0B       		.uleb128 0xb
 827 00c8 3B       		.uleb128 0x3b
 828 00c9 0B       		.uleb128 0xb
 829 00ca 49       		.uleb128 0x49
 830 00cb 13       		.uleb128 0x13
 831 00cc 3F       		.uleb128 0x3f
ARM GAS  C:\Users\LUKASC~1\AppData\Local\Temp\ccJvanfv.s 			page 22


 832 00cd 19       		.uleb128 0x19
 833 00ce 02       		.uleb128 0x2
 834 00cf 18       		.uleb128 0x18
 835 00d0 00       		.byte	0
 836 00d1 00       		.byte	0
 837 00d2 00       		.byte	0
 838              		.section	.debug_aranges,"",%progbits
 839 0000 54000000 		.4byte	0x54
 840 0004 0200     		.2byte	0x2
 841 0006 00000000 		.4byte	.Ldebug_info0
 842 000a 04       		.byte	0x4
 843 000b 00       		.byte	0
 844 000c 0000     		.2byte	0
 845 000e 0000     		.2byte	0
 846 0010 00000000 		.4byte	.LFB0
 847 0014 20000000 		.4byte	.LFE0-.LFB0
 848 0018 00000000 		.4byte	.LFB1
 849 001c 10000000 		.4byte	.LFE1-.LFB1
 850 0020 00000000 		.4byte	.LFB2
 851 0024 74000000 		.4byte	.LFE2-.LFB2
 852 0028 00000000 		.4byte	.LFB3
 853 002c 30000000 		.4byte	.LFE3-.LFB3
 854 0030 00000000 		.4byte	.LFB4
 855 0034 30000000 		.4byte	.LFE4-.LFB4
 856 0038 00000000 		.4byte	.LFB5
 857 003c 30000000 		.4byte	.LFE5-.LFB5
 858 0040 00000000 		.4byte	.LFB6
 859 0044 48000000 		.4byte	.LFE6-.LFB6
 860 0048 00000000 		.4byte	.LFB7
 861 004c 10000000 		.4byte	.LFE7-.LFB7
 862 0050 00000000 		.4byte	0
 863 0054 00000000 		.4byte	0
 864              		.section	.debug_ranges,"",%progbits
 865              	.Ldebug_ranges0:
 866 0000 00000000 		.4byte	.LFB0
 867 0004 20000000 		.4byte	.LFE0
 868 0008 00000000 		.4byte	.LFB1
 869 000c 10000000 		.4byte	.LFE1
 870 0010 00000000 		.4byte	.LFB2
 871 0014 74000000 		.4byte	.LFE2
 872 0018 00000000 		.4byte	.LFB3
 873 001c 30000000 		.4byte	.LFE3
 874 0020 00000000 		.4byte	.LFB4
 875 0024 30000000 		.4byte	.LFE4
 876 0028 00000000 		.4byte	.LFB5
 877 002c 30000000 		.4byte	.LFE5
 878 0030 00000000 		.4byte	.LFB6
 879 0034 48000000 		.4byte	.LFE6
 880 0038 00000000 		.4byte	.LFB7
 881 003c 10000000 		.4byte	.LFE7
 882 0040 00000000 		.4byte	0
 883 0044 00000000 		.4byte	0
 884              		.section	.debug_line,"",%progbits
 885              	.Ldebug_line0:
 886 0000 F4000000 		.section	.debug_str,"MS",%progbits,1
 886      02004900 
 886      00000201 
ARM GAS  C:\Users\LUKASC~1\AppData\Local\Temp\ccJvanfv.s 			page 23


 886      FB0E0D00 
 886      01010101 
 887              	.LASF6:
 888 0000 6C6F6E67 		.ascii	"long long int\000"
 888      206C6F6E 
 888      6720696E 
 888      7400
 889              	.LASF24:
 890 000e 2E5C4765 		.ascii	".\\Generated_Source\\PSoC5\\SleepTimer.c\000"
 890      6E657261 
 890      7465645F 
 890      536F7572 
 890      63655C50 
 891              	.LASF8:
 892 0034 756E7369 		.ascii	"unsigned int\000"
 892      676E6564 
 892      20696E74 
 892      00
 893              	.LASF17:
 894 0041 536C6565 		.ascii	"SleepTimer_Enable\000"
 894      7054696D 
 894      65725F45 
 894      6E61626C 
 894      6500
 895              	.LASF20:
 896 0053 536C6565 		.ascii	"SleepTimer_EnableInt\000"
 896      7054696D 
 896      65725F45 
 896      6E61626C 
 896      65496E74 
 897              	.LASF18:
 898 0068 536C6565 		.ascii	"SleepTimer_Stop\000"
 898      7054696D 
 898      65725F53 
 898      746F7000 
 899              	.LASF13:
 900 0078 72656738 		.ascii	"reg8\000"
 900      00
 901              	.LASF12:
 902 007d 75696E74 		.ascii	"uint8\000"
 902      3800
 903              	.LASF5:
 904 0083 6C6F6E67 		.ascii	"long unsigned int\000"
 904      20756E73 
 904      69676E65 
 904      6420696E 
 904      7400
 905              	.LASF7:
 906 0095 6C6F6E67 		.ascii	"long long unsigned int\000"
 906      206C6F6E 
 906      6720756E 
 906      7369676E 
 906      65642069 
 907              	.LASF9:
 908 00ac 666C6F61 		.ascii	"float\000"
 908      7400
 909              	.LASF11:
ARM GAS  C:\Users\LUKASC~1\AppData\Local\Temp\ccJvanfv.s 			page 24


 910 00b2 63686172 		.ascii	"char\000"
 910      00
 911              	.LASF26:
 912 00b7 696E7465 		.ascii	"interval\000"
 912      7276616C 
 912      00
 913              	.LASF1:
 914 00c0 756E7369 		.ascii	"unsigned char\000"
 914      676E6564 
 914      20636861 
 914      7200
 915              	.LASF22:
 916 00ce 536C6565 		.ascii	"SleepTimer_SetInterval\000"
 916      7054696D 
 916      65725F53 
 916      6574496E 
 916      74657276 
 917              	.LASF4:
 918 00e5 6C6F6E67 		.ascii	"long int\000"
 918      20696E74 
 918      00
 919              	.LASF23:
 920 00ee 474E5520 		.ascii	"GNU C 4.9.3 20150303 (release) [ARM/embedded-4_9-br"
 920      4320342E 
 920      392E3320 
 920      32303135 
 920      30333033 
 921 0121 616E6368 		.ascii	"anch revision 221220] -mcpu=cortex-m3 -mthumb -g -O"
 921      20726576 
 921      6973696F 
 921      6E203232 
 921      31323230 
 922 0154 30202D66 		.ascii	"0 -ffunction-sections -ffat-lto-objects\000"
 922      66756E63 
 922      74696F6E 
 922      2D736563 
 922      74696F6E 
 923              	.LASF25:
 924 017c 433A5C55 		.ascii	"C:\\Users\\Lukas Creutzburg\\Documents\\GitHub\\PSo"
 924      73657273 
 924      5C4C756B 
 924      61732043 
 924      72657574 
 925 01aa 43354C50 		.ascii	"C5LP-freeDSP-USB-Port\\PSoC_freeDSP_USB_Port\\USBFS"
 925      2D667265 
 925      65445350 
 925      2D555342 
 925      2D506F72 
 926 01db 5F4D4944 		.ascii	"_MIDI_PSoC3_5LP_Example.cydsn\000"
 926      495F5053 
 926      6F43335F 
 926      354C505F 
 926      4578616D 
 927              	.LASF10:
 928 01f9 646F7562 		.ascii	"double\000"
 928      6C6500
 929              	.LASF16:
ARM GAS  C:\Users\LUKASC~1\AppData\Local\Temp\ccJvanfv.s 			page 25


 930 0200 536C6565 		.ascii	"SleepTimer_Init\000"
 930      7054696D 
 930      65725F49 
 930      6E697400 
 931              	.LASF3:
 932 0210 73686F72 		.ascii	"short unsigned int\000"
 932      7420756E 
 932      7369676E 
 932      65642069 
 932      6E7400
 933              	.LASF0:
 934 0223 7369676E 		.ascii	"signed char\000"
 934      65642063 
 934      68617200 
 935              	.LASF28:
 936 022f 536C6565 		.ascii	"SleepTimer_initVar\000"
 936      7054696D 
 936      65725F69 
 936      6E697456 
 936      617200
 937              	.LASF27:
 938 0242 536C6565 		.ascii	"SleepTimer_GetStatus\000"
 938      7054696D 
 938      65725F47 
 938      65745374 
 938      61747573 
 939              	.LASF2:
 940 0257 73686F72 		.ascii	"short int\000"
 940      7420696E 
 940      7400
 941              	.LASF15:
 942 0261 536C6565 		.ascii	"SleepTimer_Start\000"
 942      7054696D 
 942      65725F53 
 942      74617274 
 942      00
 943              	.LASF21:
 944 0272 536C6565 		.ascii	"SleepTimer_DisableInt\000"
 944      7054696D 
 944      65725F44 
 944      69736162 
 944      6C65496E 
 945              	.LASF14:
 946 0288 73697A65 		.ascii	"sizetype\000"
 946      74797065 
 946      00
 947              	.LASF19:
 948 0291 696E7465 		.ascii	"interruptState\000"
 948      72727570 
 948      74537461 
 948      746500
 949              		.ident	"GCC: (GNU Tools for ARM Embedded Processors) 4.9.3 20150303 (release) [ARM/embedded-4_9-br
