ARM GAS  C:\Users\LUKASC~1\AppData\Local\Temp\ccVWNZ7a.s 			page 1


   1              		.syntax unified
   2              		.cpu cortex-m3
   3              		.fpu softvfp
   4              		.eabi_attribute 20, 1
   5              		.eabi_attribute 21, 1
   6              		.eabi_attribute 23, 3
   7              		.eabi_attribute 24, 1
   8              		.eabi_attribute 25, 1
   9              		.eabi_attribute 26, 1
  10              		.eabi_attribute 30, 6
  11              		.eabi_attribute 34, 1
  12              		.eabi_attribute 18, 4
  13              		.thumb
  14              		.file	"USB_descr.c"
  15              		.text
  16              	.Ltext0:
  17              		.cfi_sections	.debug_frame
  18              		.global	USB_DEVICE0_DESCR
  19              		.section	.rodata
  20              		.align	2
  21              		.type	USB_DEVICE0_DESCR, %object
  22              		.size	USB_DEVICE0_DESCR, 18
  23              	USB_DEVICE0_DESCR:
  24 0000 12       		.byte	18
  25 0001 01       		.byte	1
  26 0002 00       		.byte	0
  27 0003 02       		.byte	2
  28 0004 00       		.byte	0
  29 0005 00       		.byte	0
  30 0006 00       		.byte	0
  31 0007 08       		.byte	8
  32 0008 B4       		.byte	-76
  33 0009 04       		.byte	4
  34 000a 32       		.byte	50
  35 000b D2       		.byte	-46
  36 000c 00       		.byte	0
  37 000d 00       		.byte	0
  38 000e 01       		.byte	1
  39 000f 02       		.byte	2
  40 0010 80       		.byte	-128
  41 0011 01       		.byte	1
  42              		.global	USB_DEVICE0_CONFIGURATION0_DESCR
  43 0012 0000     		.align	2
  44              		.type	USB_DEVICE0_CONFIGURATION0_DESCR, %object
  45              		.size	USB_DEVICE0_CONFIGURATION0_DESCR, 133
  46              	USB_DEVICE0_CONFIGURATION0_DESCR:
  47 0014 09       		.byte	9
  48 0015 02       		.byte	2
  49 0016 85       		.byte	-123
  50 0017 00       		.byte	0
  51 0018 02       		.byte	2
  52 0019 01       		.byte	1
  53 001a 02       		.byte	2
  54 001b 80       		.byte	-128
  55 001c 32       		.byte	50
  56 001d 09       		.byte	9
  57 001e 04       		.byte	4
ARM GAS  C:\Users\LUKASC~1\AppData\Local\Temp\ccVWNZ7a.s 			page 2


  58 001f 00       		.byte	0
  59 0020 00       		.byte	0
  60 0021 00       		.byte	0
  61 0022 01       		.byte	1
  62 0023 01       		.byte	1
  63 0024 00       		.byte	0
  64 0025 06       		.byte	6
  65 0026 09       		.byte	9
  66 0027 24       		.byte	36
  67 0028 01       		.byte	1
  68 0029 00       		.byte	0
  69 002a 01       		.byte	1
  70 002b 09       		.byte	9
  71 002c 00       		.byte	0
  72 002d 01       		.byte	1
  73 002e 01       		.byte	1
  74 002f 09       		.byte	9
  75 0030 04       		.byte	4
  76 0031 01       		.byte	1
  77 0032 00       		.byte	0
  78 0033 02       		.byte	2
  79 0034 01       		.byte	1
  80 0035 03       		.byte	3
  81 0036 00       		.byte	0
  82 0037 05       		.byte	5
  83 0038 07       		.byte	7
  84 0039 24       		.byte	36
  85 003a 01       		.byte	1
  86 003b 00       		.byte	0
  87 003c 01       		.byte	1
  88 003d 43       		.byte	67
  89 003e 00       		.byte	0
  90 003f 06       		.byte	6
  91 0040 24       		.byte	36
  92 0041 02       		.byte	2
  93 0042 01       		.byte	1
  94 0043 01       		.byte	1
  95 0044 03       		.byte	3
  96 0045 06       		.byte	6
  97 0046 24       		.byte	36
  98 0047 02       		.byte	2
  99 0048 02       		.byte	2
 100 0049 02       		.byte	2
 101 004a 03       		.byte	3
 102 004b 09       		.byte	9
 103 004c 24       		.byte	36
 104 004d 03       		.byte	3
 105 004e 01       		.byte	1
 106 004f 03       		.byte	3
 107 0050 01       		.byte	1
 108 0051 02       		.byte	2
 109 0052 01       		.byte	1
 110 0053 04       		.byte	4
 111 0054 09       		.byte	9
 112 0055 24       		.byte	36
 113 0056 03       		.byte	3
 114 0057 02       		.byte	2
ARM GAS  C:\Users\LUKASC~1\AppData\Local\Temp\ccVWNZ7a.s 			page 3


 115 0058 04       		.byte	4
 116 0059 01       		.byte	1
 117 005a 01       		.byte	1
 118 005b 01       		.byte	1
 119 005c 04       		.byte	4
 120 005d 06       		.byte	6
 121 005e 24       		.byte	36
 122 005f 02       		.byte	2
 123 0060 01       		.byte	1
 124 0061 05       		.byte	5
 125 0062 07       		.byte	7
 126 0063 06       		.byte	6
 127 0064 24       		.byte	36
 128 0065 02       		.byte	2
 129 0066 02       		.byte	2
 130 0067 06       		.byte	6
 131 0068 07       		.byte	7
 132 0069 09       		.byte	9
 133 006a 24       		.byte	36
 134 006b 03       		.byte	3
 135 006c 01       		.byte	1
 136 006d 07       		.byte	7
 137 006e 01       		.byte	1
 138 006f 06       		.byte	6
 139 0070 01       		.byte	1
 140 0071 04       		.byte	4
 141 0072 09       		.byte	9
 142 0073 24       		.byte	36
 143 0074 03       		.byte	3
 144 0075 02       		.byte	2
 145 0076 08       		.byte	8
 146 0077 01       		.byte	1
 147 0078 05       		.byte	5
 148 0079 01       		.byte	1
 149 007a 08       		.byte	8
 150 007b 09       		.byte	9
 151 007c 05       		.byte	5
 152 007d 81       		.byte	-127
 153 007e 02       		.byte	2
 154 007f 20       		.byte	32
 155 0080 00       		.byte	0
 156 0081 00       		.byte	0
 157 0082 00       		.byte	0
 158 0083 00       		.byte	0
 159 0084 06       		.byte	6
 160 0085 25       		.byte	37
 161 0086 01       		.byte	1
 162 0087 02       		.byte	2
 163 0088 03       		.byte	3
 164 0089 07       		.byte	7
 165 008a 09       		.byte	9
 166 008b 05       		.byte	5
 167 008c 02       		.byte	2
 168 008d 02       		.byte	2
 169 008e 20       		.byte	32
 170 008f 00       		.byte	0
 171 0090 00       		.byte	0
ARM GAS  C:\Users\LUKASC~1\AppData\Local\Temp\ccVWNZ7a.s 			page 4


 172 0091 00       		.byte	0
 173 0092 00       		.byte	0
 174 0093 06       		.byte	6
 175 0094 25       		.byte	37
 176 0095 01       		.byte	1
 177 0096 02       		.byte	2
 178 0097 01       		.byte	1
 179 0098 05       		.byte	5
 180              		.global	USB_STRING_DESCRIPTORS
 181 0099 000000   		.align	2
 182              		.type	USB_STRING_DESCRIPTORS, %object
 183              		.size	USB_STRING_DESCRIPTORS, 185
 184              	USB_STRING_DESCRIPTORS:
 185 009c 04       		.byte	4
 186 009d 03       		.byte	3
 187 009e 09       		.byte	9
 188 009f 04       		.byte	4
 189 00a0 10       		.byte	16
 190 00a1 03       		.byte	3
 191 00a2 43       		.byte	67
 192 00a3 00       		.byte	0
 193 00a4 79       		.byte	121
 194 00a5 00       		.byte	0
 195 00a6 70       		.byte	112
 196 00a7 00       		.byte	0
 197 00a8 72       		.byte	114
 198 00a9 00       		.byte	0
 199 00aa 65       		.byte	101
 200 00ab 00       		.byte	0
 201 00ac 73       		.byte	115
 202 00ad 00       		.byte	0
 203 00ae 73       		.byte	115
 204 00af 00       		.byte	0
 205 00b0 12       		.byte	18
 206 00b1 03       		.byte	3
 207 00b2 55       		.byte	85
 208 00b3 00       		.byte	0
 209 00b4 53       		.byte	83
 210 00b5 00       		.byte	0
 211 00b6 42       		.byte	66
 212 00b7 00       		.byte	0
 213 00b8 20       		.byte	32
 214 00b9 00       		.byte	0
 215 00ba 4D       		.byte	77
 216 00bb 00       		.byte	0
 217 00bc 49       		.byte	73
 218 00bd 00       		.byte	0
 219 00be 44       		.byte	68
 220 00bf 00       		.byte	0
 221 00c0 49       		.byte	73
 222 00c1 00       		.byte	0
 223 00c2 10       		.byte	16
 224 00c3 03       		.byte	3
 225 00c4 4D       		.byte	77
 226 00c5 00       		.byte	0
 227 00c6 49       		.byte	73
 228 00c7 00       		.byte	0
ARM GAS  C:\Users\LUKASC~1\AppData\Local\Temp\ccVWNZ7a.s 			page 5


 229 00c8 44       		.byte	68
 230 00c9 00       		.byte	0
 231 00ca 49       		.byte	73
 232 00cb 00       		.byte	0
 233 00cc 20       		.byte	32
 234 00cd 00       		.byte	0
 235 00ce 49       		.byte	73
 236 00cf 00       		.byte	0
 237 00d0 4E       		.byte	78
 238 00d1 00       		.byte	0
 239 00d2 12       		.byte	18
 240 00d3 03       		.byte	3
 241 00d4 4D       		.byte	77
 242 00d5 00       		.byte	0
 243 00d6 49       		.byte	73
 244 00d7 00       		.byte	0
 245 00d8 44       		.byte	68
 246 00d9 00       		.byte	0
 247 00da 49       		.byte	73
 248 00db 00       		.byte	0
 249 00dc 20       		.byte	32
 250 00dd 00       		.byte	0
 251 00de 4F       		.byte	79
 252 00df 00       		.byte	0
 253 00e0 55       		.byte	85
 254 00e1 00       		.byte	0
 255 00e2 54       		.byte	84
 256 00e3 00       		.byte	0
 257 00e4 28       		.byte	40
 258 00e5 03       		.byte	3
 259 00e6 4D       		.byte	77
 260 00e7 00       		.byte	0
 261 00e8 49       		.byte	73
 262 00e9 00       		.byte	0
 263 00ea 44       		.byte	68
 264 00eb 00       		.byte	0
 265 00ec 49       		.byte	73
 266 00ed 00       		.byte	0
 267 00ee 20       		.byte	32
 268 00ef 00       		.byte	0
 269 00f0 53       		.byte	83
 270 00f1 00       		.byte	0
 271 00f2 74       		.byte	116
 272 00f3 00       		.byte	0
 273 00f4 72       		.byte	114
 274 00f5 00       		.byte	0
 275 00f6 65       		.byte	101
 276 00f7 00       		.byte	0
 277 00f8 61       		.byte	97
 278 00f9 00       		.byte	0
 279 00fa 6D       		.byte	109
 280 00fb 00       		.byte	0
 281 00fc 69       		.byte	105
 282 00fd 00       		.byte	0
 283 00fe 6E       		.byte	110
 284 00ff 00       		.byte	0
 285 0100 67       		.byte	103
ARM GAS  C:\Users\LUKASC~1\AppData\Local\Temp\ccVWNZ7a.s 			page 6


 286 0101 00       		.byte	0
 287 0102 20       		.byte	32
 288 0103 00       		.byte	0
 289 0104 49       		.byte	73
 290 0105 00       		.byte	0
 291 0106 6E       		.byte	110
 292 0107 00       		.byte	0
 293 0108 74       		.byte	116
 294 0109 00       		.byte	0
 295 010a 66       		.byte	102
 296 010b 00       		.byte	0
 297 010c 1E       		.byte	30
 298 010d 03       		.byte	3
 299 010e 4D       		.byte	77
 300 010f 00       		.byte	0
 301 0110 49       		.byte	73
 302 0111 00       		.byte	0
 303 0112 44       		.byte	68
 304 0113 00       		.byte	0
 305 0114 49       		.byte	73
 306 0115 00       		.byte	0
 307 0116 20       		.byte	32
 308 0117 00       		.byte	0
 309 0118 49       		.byte	73
 310 0119 00       		.byte	0
 311 011a 6E       		.byte	110
 312 011b 00       		.byte	0
 313 011c 74       		.byte	116
 314 011d 00       		.byte	0
 315 011e 65       		.byte	101
 316 011f 00       		.byte	0
 317 0120 72       		.byte	114
 318 0121 00       		.byte	0
 319 0122 66       		.byte	102
 320 0123 00       		.byte	0
 321 0124 61       		.byte	97
 322 0125 00       		.byte	0
 323 0126 63       		.byte	99
 324 0127 00       		.byte	0
 325 0128 65       		.byte	101
 326 0129 00       		.byte	0
 327 012a 14       		.byte	20
 328 012b 03       		.byte	3
 329 012c 4D       		.byte	77
 330 012d 00       		.byte	0
 331 012e 49       		.byte	73
 332 012f 00       		.byte	0
 333 0130 44       		.byte	68
 334 0131 00       		.byte	0
 335 0132 49       		.byte	73
 336 0133 00       		.byte	0
 337 0134 20       		.byte	32
 338 0135 00       		.byte	0
 339 0136 49       		.byte	73
 340 0137 00       		.byte	0
 341 0138 4E       		.byte	78
 342 0139 00       		.byte	0
ARM GAS  C:\Users\LUKASC~1\AppData\Local\Temp\ccVWNZ7a.s 			page 7


 343 013a 20       		.byte	32
 344 013b 00       		.byte	0
 345 013c 32       		.byte	50
 346 013d 00       		.byte	0
 347 013e 16       		.byte	22
 348 013f 03       		.byte	3
 349 0140 4D       		.byte	77
 350 0141 00       		.byte	0
 351 0142 49       		.byte	73
 352 0143 00       		.byte	0
 353 0144 44       		.byte	68
 354 0145 00       		.byte	0
 355 0146 49       		.byte	73
 356 0147 00       		.byte	0
 357 0148 20       		.byte	32
 358 0149 00       		.byte	0
 359 014a 4F       		.byte	79
 360 014b 00       		.byte	0
 361 014c 55       		.byte	85
 362 014d 00       		.byte	0
 363 014e 54       		.byte	84
 364 014f 00       		.byte	0
 365 0150 20       		.byte	32
 366 0151 00       		.byte	0
 367 0152 32       		.byte	50
 368 0153 00       		.byte	0
 369 0154 00       		.byte	0
 370              		.global	USB_SN_STRING_DESCRIPTOR
 371 0155 000000   		.align	2
 372              		.type	USB_SN_STRING_DESCRIPTOR, %object
 373              		.size	USB_SN_STRING_DESCRIPTOR, 2
 374              	USB_SN_STRING_DESCRIPTOR:
 375 0158 02       		.byte	2
 376 0159 03       		.byte	3
 377              		.global	USB_DEVICE0_CONFIGURATION0_EP_SETTINGS_TABLE
 378 015a 0000     		.align	2
 379              		.type	USB_DEVICE0_CONFIGURATION0_EP_SETTINGS_TABLE, %object
 380              		.size	USB_DEVICE0_CONFIGURATION0_EP_SETTINGS_TABLE, 16
 381              	USB_DEVICE0_CONFIGURATION0_EP_SETTINGS_TABLE:
 382 015c 01       		.byte	1
 383 015d 00       		.byte	0
 384 015e 81       		.byte	-127
 385 015f 02       		.byte	2
 386 0160 2000     		.short	32
 387 0162 01       		.byte	1
 388 0163 00       		.space	1
 389 0164 01       		.byte	1
 390 0165 00       		.byte	0
 391 0166 02       		.byte	2
 392 0167 02       		.byte	2
 393 0168 2000     		.short	32
 394 016a 01       		.byte	1
 395 016b 00       		.space	1
 396              		.global	USB_DEVICE0_CONFIGURATION0_INTERFACE_CLASS
 397              		.align	2
 398              		.type	USB_DEVICE0_CONFIGURATION0_INTERFACE_CLASS, %object
 399              		.size	USB_DEVICE0_CONFIGURATION0_INTERFACE_CLASS, 2
ARM GAS  C:\Users\LUKASC~1\AppData\Local\Temp\ccVWNZ7a.s 			page 8


 400              	USB_DEVICE0_CONFIGURATION0_INTERFACE_CLASS:
 401 016c 01       		.byte	1
 402 016d 01       		.byte	1
 403              		.global	USB_DEVICE0_CONFIGURATION0_TABLE
 404 016e 0000     		.align	2
 405              		.type	USB_DEVICE0_CONFIGURATION0_TABLE, %object
 406              		.size	USB_DEVICE0_CONFIGURATION0_TABLE, 40
 407              	USB_DEVICE0_CONFIGURATION0_TABLE:
 408 0170 01       		.byte	1
 409 0171 000000   		.space	3
 410 0174 00000000 		.word	USB_DEVICE0_CONFIGURATION0_DESCR
 411 0178 02       		.byte	2
 412 0179 000000   		.space	3
 413 017c 00000000 		.word	USB_DEVICE0_CONFIGURATION0_EP_SETTINGS_TABLE
 414 0180 00       		.byte	0
 415 0181 000000   		.space	3
 416 0184 00000000 		.word	0
 417 0188 00       		.byte	0
 418 0189 000000   		.space	3
 419 018c 00000000 		.word	0
 420 0190 00       		.byte	0
 421 0191 000000   		.space	3
 422 0194 00000000 		.word	USB_DEVICE0_CONFIGURATION0_INTERFACE_CLASS
 423              		.global	USB_DEVICE0_TABLE
 424              		.align	2
 425              		.type	USB_DEVICE0_TABLE, %object
 426              		.size	USB_DEVICE0_TABLE, 24
 427              	USB_DEVICE0_TABLE:
 428 0198 01       		.byte	1
 429 0199 000000   		.space	3
 430 019c 00000000 		.word	USB_DEVICE0_DESCR
 431 01a0 00       		.byte	0
 432 01a1 000000   		.space	3
 433 01a4 00000000 		.word	0
 434 01a8 01       		.byte	1
 435 01a9 000000   		.space	3
 436 01ac 00000000 		.word	USB_DEVICE0_CONFIGURATION0_TABLE
 437              		.global	USB_TABLE
 438              		.align	2
 439              		.type	USB_TABLE, %object
 440              		.size	USB_TABLE, 8
 441              	USB_TABLE:
 442 01b0 01       		.byte	1
 443 01b1 000000   		.space	3
 444 01b4 00000000 		.word	USB_DEVICE0_TABLE
 445              		.global	USB_MSOS_DESCRIPTOR
 446              		.align	2
 447              		.type	USB_MSOS_DESCRIPTOR, %object
 448              		.size	USB_MSOS_DESCRIPTOR, 18
 449              	USB_MSOS_DESCRIPTOR:
 450 01b8 12       		.byte	18
 451 01b9 03       		.byte	3
 452 01ba 4D       		.byte	77
 453 01bb 00       		.byte	0
 454 01bc 53       		.byte	83
 455 01bd 00       		.byte	0
 456 01be 46       		.byte	70
ARM GAS  C:\Users\LUKASC~1\AppData\Local\Temp\ccVWNZ7a.s 			page 9


 457 01bf 00       		.byte	0
 458 01c0 54       		.byte	84
 459 01c1 00       		.byte	0
 460 01c2 31       		.byte	49
 461 01c3 00       		.byte	0
 462 01c4 30       		.byte	48
 463 01c5 00       		.byte	0
 464 01c6 30       		.byte	48
 465 01c7 00       		.byte	0
 466 01c8 01       		.byte	1
 467 01c9 00       		.byte	0
 468              		.global	USB_MSOS_CONFIGURATION_DESCR
 469 01ca 0000     		.align	2
 470              		.type	USB_MSOS_CONFIGURATION_DESCR, %object
 471              		.size	USB_MSOS_CONFIGURATION_DESCR, 40
 472              	USB_MSOS_CONFIGURATION_DESCR:
 473 01cc 28       		.byte	40
 474 01cd 00       		.byte	0
 475 01ce 00       		.byte	0
 476 01cf 00       		.byte	0
 477 01d0 00       		.byte	0
 478 01d1 01       		.byte	1
 479 01d2 04       		.byte	4
 480 01d3 00       		.byte	0
 481 01d4 01       		.byte	1
 482 01d5 00       		.byte	0
 483 01d6 00       		.byte	0
 484 01d7 00       		.byte	0
 485 01d8 00       		.byte	0
 486 01d9 00       		.byte	0
 487 01da 00       		.byte	0
 488 01db 00       		.byte	0
 489 01dc 00       		.byte	0
 490 01dd 01       		.byte	1
 491 01de 43       		.byte	67
 492 01df 59       		.byte	89
 493 01e0 55       		.byte	85
 494 01e1 53       		.byte	83
 495 01e2 42       		.byte	66
 496 01e3 00       		.byte	0
 497 01e4 00       		.byte	0
 498 01e5 00       		.byte	0
 499 01e6 30       		.byte	48
 500 01e7 30       		.byte	48
 501 01e8 30       		.byte	48
 502 01e9 30       		.byte	48
 503 01ea 31       		.byte	49
 504 01eb 00       		.byte	0
 505 01ec 00       		.byte	0
 506 01ed 00       		.byte	0
 507 01ee 00       		.byte	0
 508 01ef 00       		.byte	0
 509 01f0 00       		.byte	0
 510 01f1 00       		.byte	0
 511 01f2 00       		.byte	0
 512 01f3 00       		.byte	0
 513              		.comm	USB_idSerialNumberStringDescriptor,34,4
ARM GAS  C:\Users\LUKASC~1\AppData\Local\Temp\ccVWNZ7a.s 			page 10


 514              		.text
 515              	.Letext0:
 516              		.file 1 ".\\Generated_Source\\PSoC5\\cytypes.h"
 517              		.file 2 ".\\Generated_Source\\PSoC5\\USB.h"
 518              		.file 3 ".\\Generated_Source\\PSoC5\\USB_descr.c"
 519              		.section	.debug_info,"",%progbits
 520              	.Ldebug_info0:
 521 0000 CD020000 		.4byte	0x2cd
 522 0004 0400     		.2byte	0x4
 523 0006 00000000 		.4byte	.Ldebug_abbrev0
 524 000a 04       		.byte	0x4
 525 000b 01       		.uleb128 0x1
 526 000c 16010000 		.4byte	.LASF36
 527 0010 01       		.byte	0x1
 528 0011 50030000 		.4byte	.LASF37
 529 0015 8F020000 		.4byte	.LASF38
 530 0019 00000000 		.4byte	.Ldebug_line0
 531 001d 02       		.uleb128 0x2
 532 001e 01       		.byte	0x1
 533 001f 06       		.byte	0x6
 534 0020 75030000 		.4byte	.LASF0
 535 0024 02       		.uleb128 0x2
 536 0025 01       		.byte	0x1
 537 0026 08       		.byte	0x8
 538 0027 9B000000 		.4byte	.LASF1
 539 002b 02       		.uleb128 0x2
 540 002c 02       		.byte	0x2
 541 002d 05       		.byte	0x5
 542 002e 85020000 		.4byte	.LASF2
 543 0032 02       		.uleb128 0x2
 544 0033 02       		.byte	0x2
 545 0034 07       		.byte	0x7
 546 0035 23000000 		.4byte	.LASF3
 547 0039 02       		.uleb128 0x2
 548 003a 04       		.byte	0x4
 549 003b 05       		.byte	0x5
 550 003c 47030000 		.4byte	.LASF4
 551 0040 02       		.uleb128 0x2
 552 0041 04       		.byte	0x4
 553 0042 07       		.byte	0x7
 554 0043 B4000000 		.4byte	.LASF5
 555 0047 02       		.uleb128 0x2
 556 0048 08       		.byte	0x8
 557 0049 05       		.byte	0x5
 558 004a 4F020000 		.4byte	.LASF6
 559 004e 02       		.uleb128 0x2
 560 004f 08       		.byte	0x8
 561 0050 07       		.byte	0x7
 562 0051 28020000 		.4byte	.LASF7
 563 0055 03       		.uleb128 0x3
 564 0056 04       		.byte	0x4
 565 0057 05       		.byte	0x5
 566 0058 696E7400 		.ascii	"int\000"
 567 005c 02       		.uleb128 0x2
 568 005d 04       		.byte	0x4
 569 005e 07       		.byte	0x7
 570 005f FE010000 		.4byte	.LASF8
ARM GAS  C:\Users\LUKASC~1\AppData\Local\Temp\ccVWNZ7a.s 			page 11


 571 0063 04       		.uleb128 0x4
 572 0064 0C030000 		.4byte	.LASF9
 573 0068 01       		.byte	0x1
 574 0069 3801     		.2byte	0x138
 575 006b 24000000 		.4byte	0x24
 576 006f 04       		.uleb128 0x4
 577 0070 E3010000 		.4byte	.LASF10
 578 0074 01       		.byte	0x1
 579 0075 3901     		.2byte	0x139
 580 0077 32000000 		.4byte	0x32
 581 007b 02       		.uleb128 0x2
 582 007c 04       		.byte	0x4
 583 007d 04       		.byte	0x4
 584 007e 69000000 		.4byte	.LASF11
 585 0082 02       		.uleb128 0x2
 586 0083 08       		.byte	0x8
 587 0084 04       		.byte	0x4
 588 0085 A4010000 		.4byte	.LASF12
 589 0089 02       		.uleb128 0x2
 590 008a 01       		.byte	0x1
 591 008b 08       		.byte	0x8
 592 008c 5D020000 		.4byte	.LASF13
 593 0090 02       		.uleb128 0x2
 594 0091 04       		.byte	0x4
 595 0092 07       		.byte	0x7
 596 0093 46020000 		.4byte	.LASF14
 597 0097 05       		.uleb128 0x5
 598 0098 08       		.byte	0x8
 599 0099 02       		.byte	0x2
 600 009a 9B       		.byte	0x9b
 601 009b E8000000 		.4byte	0xe8
 602 009f 06       		.uleb128 0x6
 603 00a0 12030000 		.4byte	.LASF15
 604 00a4 02       		.byte	0x2
 605 00a5 9D       		.byte	0x9d
 606 00a6 63000000 		.4byte	0x63
 607 00aa 00       		.byte	0
 608 00ab 06       		.uleb128 0x6
 609 00ac 6F000000 		.4byte	.LASF16
 610 00b0 02       		.byte	0x2
 611 00b1 9E       		.byte	0x9e
 612 00b2 63000000 		.4byte	0x63
 613 00b6 01       		.byte	0x1
 614 00b7 06       		.uleb128 0x6
 615 00b8 C6000000 		.4byte	.LASF17
 616 00bc 02       		.byte	0x2
 617 00bd 9F       		.byte	0x9f
 618 00be 63000000 		.4byte	0x63
 619 00c2 02       		.byte	0x2
 620 00c3 06       		.uleb128 0x6
 621 00c4 A9000000 		.4byte	.LASF18
 622 00c8 02       		.byte	0x2
 623 00c9 A0       		.byte	0xa0
 624 00ca 63000000 		.4byte	0x63
 625 00ce 03       		.byte	0x3
 626 00cf 06       		.uleb128 0x6
 627 00d0 AB010000 		.4byte	.LASF19
ARM GAS  C:\Users\LUKASC~1\AppData\Local\Temp\ccVWNZ7a.s 			page 12


 628 00d4 02       		.byte	0x2
 629 00d5 A1       		.byte	0xa1
 630 00d6 6F000000 		.4byte	0x6f
 631 00da 04       		.byte	0x4
 632 00db 06       		.uleb128 0x6
 633 00dc 81030000 		.4byte	.LASF20
 634 00e0 02       		.byte	0x2
 635 00e1 A2       		.byte	0xa2
 636 00e2 63000000 		.4byte	0x63
 637 00e6 06       		.byte	0x6
 638 00e7 00       		.byte	0
 639 00e8 07       		.uleb128 0x7
 640 00e9 CB000000 		.4byte	.LASF21
 641 00ed 02       		.byte	0x2
 642 00ee A3       		.byte	0xa3
 643 00ef 97000000 		.4byte	0x97
 644 00f3 05       		.uleb128 0x5
 645 00f4 08       		.byte	0x8
 646 00f5 02       		.byte	0x2
 647 00f6 B2       		.byte	0xb2
 648 00f7 12010000 		.4byte	0x112
 649 00fb 08       		.uleb128 0x8
 650 00fc 6300     		.ascii	"c\000"
 651 00fe 02       		.byte	0x2
 652 00ff B4       		.byte	0xb4
 653 0100 63000000 		.4byte	0x63
 654 0104 00       		.byte	0
 655 0105 06       		.uleb128 0x6
 656 0106 3F020000 		.4byte	.LASF22
 657 010a 02       		.byte	0x2
 658 010b B5       		.byte	0xb5
 659 010c 12010000 		.4byte	0x112
 660 0110 04       		.byte	0x4
 661 0111 00       		.byte	0
 662 0112 09       		.uleb128 0x9
 663 0113 04       		.byte	0x4
 664 0114 18010000 		.4byte	0x118
 665 0118 0A       		.uleb128 0xa
 666 0119 07       		.uleb128 0x7
 667 011a 91000000 		.4byte	.LASF23
 668 011e 02       		.byte	0x2
 669 011f B6       		.byte	0xb6
 670 0120 F3000000 		.4byte	0xf3
 671 0124 0B       		.uleb128 0xb
 672 0125 63000000 		.4byte	0x63
 673 0129 34010000 		.4byte	0x134
 674 012d 0C       		.uleb128 0xc
 675 012e 90000000 		.4byte	0x90
 676 0132 11       		.byte	0x11
 677 0133 00       		.byte	0
 678 0134 0D       		.uleb128 0xd
 679 0135 E3000000 		.4byte	.LASF24
 680 0139 03       		.byte	0x3
 681 013a 24       		.byte	0x24
 682 013b 45010000 		.4byte	0x145
 683 013f 05       		.uleb128 0x5
 684 0140 03       		.byte	0x3
ARM GAS  C:\Users\LUKASC~1\AppData\Local\Temp\ccVWNZ7a.s 			page 13


 685 0141 00000000 		.4byte	USB_DEVICE0_DESCR
 686 0145 0E       		.uleb128 0xe
 687 0146 24010000 		.4byte	0x124
 688 014a 0B       		.uleb128 0xb
 689 014b 63000000 		.4byte	0x63
 690 014f 5A010000 		.4byte	0x15a
 691 0153 0C       		.uleb128 0xc
 692 0154 90000000 		.4byte	0x90
 693 0158 84       		.byte	0x84
 694 0159 00       		.byte	0
 695 015a 0D       		.uleb128 0xd
 696 015b F5000000 		.4byte	.LASF25
 697 015f 03       		.byte	0x3
 698 0160 37       		.byte	0x37
 699 0161 6B010000 		.4byte	0x16b
 700 0165 05       		.uleb128 0x5
 701 0166 03       		.byte	0x3
 702 0167 00000000 		.4byte	USB_DEVICE0_CONFIGURATION0_DESCR
 703 016b 0E       		.uleb128 0xe
 704 016c 4A010000 		.4byte	0x14a
 705 0170 0B       		.uleb128 0xb
 706 0171 E8000000 		.4byte	0xe8
 707 0175 80010000 		.4byte	0x180
 708 0179 0C       		.uleb128 0xc
 709 017a 90000000 		.4byte	0x90
 710 017e 01       		.byte	0x1
 711 017f 00       		.byte	0
 712 0180 0F       		.uleb128 0xf
 713 0181 B6010000 		.4byte	.LASF26
 714 0185 03       		.byte	0x3
 715 0186 4001     		.2byte	0x140
 716 0188 92010000 		.4byte	0x192
 717 018c 05       		.uleb128 0x5
 718 018d 03       		.byte	0x3
 719 018e 00000000 		.4byte	USB_DEVICE0_CONFIGURATION0_EP_SETTINGS_TABLE
 720 0192 0E       		.uleb128 0xe
 721 0193 70010000 		.4byte	0x170
 722 0197 0B       		.uleb128 0xb
 723 0198 63000000 		.4byte	0x63
 724 019c A7010000 		.4byte	0x1a7
 725 01a0 0C       		.uleb128 0xc
 726 01a1 90000000 		.4byte	0x90
 727 01a5 01       		.byte	0x1
 728 01a6 00       		.byte	0
 729 01a7 0F       		.uleb128 0xf
 730 01a8 1C030000 		.4byte	.LASF27
 731 01ac 03       		.byte	0x3
 732 01ad 4501     		.2byte	0x145
 733 01af B9010000 		.4byte	0x1b9
 734 01b3 05       		.uleb128 0x5
 735 01b4 03       		.byte	0x3
 736 01b5 00000000 		.4byte	USB_DEVICE0_CONFIGURATION0_INTERFACE_CLASS
 737 01b9 0E       		.uleb128 0xe
 738 01ba 97010000 		.4byte	0x197
 739 01be 0B       		.uleb128 0xb
 740 01bf 19010000 		.4byte	0x119
 741 01c3 CE010000 		.4byte	0x1ce
ARM GAS  C:\Users\LUKASC~1\AppData\Local\Temp\ccVWNZ7a.s 			page 14


 742 01c7 0C       		.uleb128 0xc
 743 01c8 90000000 		.4byte	0x90
 744 01cc 04       		.byte	0x4
 745 01cd 00       		.byte	0
 746 01ce 0F       		.uleb128 0xf
 747 01cf 48000000 		.4byte	.LASF28
 748 01d3 03       		.byte	0x3
 749 01d4 4D01     		.2byte	0x14d
 750 01d6 E0010000 		.4byte	0x1e0
 751 01da 05       		.uleb128 0x5
 752 01db 03       		.byte	0x3
 753 01dc 00000000 		.4byte	USB_DEVICE0_CONFIGURATION0_TABLE
 754 01e0 0E       		.uleb128 0xe
 755 01e1 BE010000 		.4byte	0x1be
 756 01e5 0B       		.uleb128 0xb
 757 01e6 19010000 		.4byte	0x119
 758 01ea F5010000 		.4byte	0x1f5
 759 01ee 0C       		.uleb128 0xc
 760 01ef 90000000 		.4byte	0x90
 761 01f3 02       		.byte	0x2
 762 01f4 00       		.byte	0
 763 01f5 0F       		.uleb128 0xf
 764 01f6 36000000 		.4byte	.LASF29
 765 01fa 03       		.byte	0x3
 766 01fb 5801     		.2byte	0x158
 767 01fd 07020000 		.4byte	0x207
 768 0201 05       		.uleb128 0x5
 769 0202 03       		.byte	0x3
 770 0203 00000000 		.4byte	USB_DEVICE0_TABLE
 771 0207 0E       		.uleb128 0xe
 772 0208 E5010000 		.4byte	0x1e5
 773 020c 0B       		.uleb128 0xb
 774 020d 19010000 		.4byte	0x119
 775 0211 1C020000 		.4byte	0x21c
 776 0215 0C       		.uleb128 0xc
 777 0216 90000000 		.4byte	0x90
 778 021a 00       		.byte	0
 779 021b 00       		.byte	0
 780 021c 0F       		.uleb128 0xf
 781 021d 7B020000 		.4byte	.LASF30
 782 0221 03       		.byte	0x3
 783 0222 6001     		.2byte	0x160
 784 0224 2E020000 		.4byte	0x22e
 785 0228 05       		.uleb128 0x5
 786 0229 03       		.byte	0x3
 787 022a 00000000 		.4byte	USB_TABLE
 788 022e 0E       		.uleb128 0xe
 789 022f 0C020000 		.4byte	0x20c
 790 0233 0F       		.uleb128 0xf
 791 0234 62020000 		.4byte	.LASF31
 792 0238 03       		.byte	0x3
 793 0239 3201     		.2byte	0x132
 794 023b 45020000 		.4byte	0x245
 795 023f 05       		.uleb128 0x5
 796 0240 03       		.byte	0x3
 797 0241 00000000 		.4byte	USB_SN_STRING_DESCRIPTOR
 798 0245 0E       		.uleb128 0xe
ARM GAS  C:\Users\LUKASC~1\AppData\Local\Temp\ccVWNZ7a.s 			page 15


 799 0246 97010000 		.4byte	0x197
 800 024a 0B       		.uleb128 0xb
 801 024b 63000000 		.4byte	0x63
 802 024f 5A020000 		.4byte	0x25a
 803 0253 0C       		.uleb128 0xc
 804 0254 90000000 		.4byte	0x90
 805 0258 B8       		.byte	0xb8
 806 0259 00       		.byte	0
 807 025a 0D       		.uleb128 0xd
 808 025b 7A000000 		.4byte	.LASF32
 809 025f 03       		.byte	0x3
 810 0260 E9       		.byte	0xe9
 811 0261 6B020000 		.4byte	0x26b
 812 0265 05       		.uleb128 0x5
 813 0266 03       		.byte	0x3
 814 0267 00000000 		.4byte	USB_STRING_DESCRIPTORS
 815 026b 0E       		.uleb128 0xe
 816 026c 4A020000 		.4byte	0x24a
 817 0270 0F       		.uleb128 0xf
 818 0271 EA010000 		.4byte	.LASF33
 819 0275 03       		.byte	0x3
 820 0276 7001     		.2byte	0x170
 821 0278 82020000 		.4byte	0x282
 822 027c 05       		.uleb128 0x5
 823 027d 03       		.byte	0x3
 824 027e 00000000 		.4byte	USB_MSOS_DESCRIPTOR
 825 0282 0E       		.uleb128 0xe
 826 0283 24010000 		.4byte	0x124
 827 0287 0B       		.uleb128 0xb
 828 0288 63000000 		.4byte	0x63
 829 028c 97020000 		.4byte	0x297
 830 0290 0C       		.uleb128 0xc
 831 0291 90000000 		.4byte	0x90
 832 0295 27       		.byte	0x27
 833 0296 00       		.byte	0
 834 0297 0F       		.uleb128 0xf
 835 0298 0B020000 		.4byte	.LASF34
 836 029c 03       		.byte	0x3
 837 029d 7B01     		.2byte	0x17b
 838 029f A9020000 		.4byte	0x2a9
 839 02a3 05       		.uleb128 0x5
 840 02a4 03       		.byte	0x3
 841 02a5 00000000 		.4byte	USB_MSOS_CONFIGURATION_DESCR
 842 02a9 0E       		.uleb128 0xe
 843 02aa 87020000 		.4byte	0x287
 844 02ae 0B       		.uleb128 0xb
 845 02af 63000000 		.4byte	0x63
 846 02b3 BE020000 		.4byte	0x2be
 847 02b7 0C       		.uleb128 0xc
 848 02b8 90000000 		.4byte	0x90
 849 02bc 21       		.byte	0x21
 850 02bd 00       		.byte	0
 851 02be 0F       		.uleb128 0xf
 852 02bf 00000000 		.4byte	.LASF35
 853 02c3 03       		.byte	0x3
 854 02c4 8E01     		.2byte	0x18e
 855 02c6 AE020000 		.4byte	0x2ae
ARM GAS  C:\Users\LUKASC~1\AppData\Local\Temp\ccVWNZ7a.s 			page 16


 856 02ca 05       		.uleb128 0x5
 857 02cb 03       		.byte	0x3
 858 02cc 00000000 		.4byte	USB_idSerialNumberStringDescriptor
 859 02d0 00       		.byte	0
 860              		.section	.debug_abbrev,"",%progbits
 861              	.Ldebug_abbrev0:
 862 0000 01       		.uleb128 0x1
 863 0001 11       		.uleb128 0x11
 864 0002 01       		.byte	0x1
 865 0003 25       		.uleb128 0x25
 866 0004 0E       		.uleb128 0xe
 867 0005 13       		.uleb128 0x13
 868 0006 0B       		.uleb128 0xb
 869 0007 03       		.uleb128 0x3
 870 0008 0E       		.uleb128 0xe
 871 0009 1B       		.uleb128 0x1b
 872 000a 0E       		.uleb128 0xe
 873 000b 10       		.uleb128 0x10
 874 000c 17       		.uleb128 0x17
 875 000d 00       		.byte	0
 876 000e 00       		.byte	0
 877 000f 02       		.uleb128 0x2
 878 0010 24       		.uleb128 0x24
 879 0011 00       		.byte	0
 880 0012 0B       		.uleb128 0xb
 881 0013 0B       		.uleb128 0xb
 882 0014 3E       		.uleb128 0x3e
 883 0015 0B       		.uleb128 0xb
 884 0016 03       		.uleb128 0x3
 885 0017 0E       		.uleb128 0xe
 886 0018 00       		.byte	0
 887 0019 00       		.byte	0
 888 001a 03       		.uleb128 0x3
 889 001b 24       		.uleb128 0x24
 890 001c 00       		.byte	0
 891 001d 0B       		.uleb128 0xb
 892 001e 0B       		.uleb128 0xb
 893 001f 3E       		.uleb128 0x3e
 894 0020 0B       		.uleb128 0xb
 895 0021 03       		.uleb128 0x3
 896 0022 08       		.uleb128 0x8
 897 0023 00       		.byte	0
 898 0024 00       		.byte	0
 899 0025 04       		.uleb128 0x4
 900 0026 16       		.uleb128 0x16
 901 0027 00       		.byte	0
 902 0028 03       		.uleb128 0x3
 903 0029 0E       		.uleb128 0xe
 904 002a 3A       		.uleb128 0x3a
 905 002b 0B       		.uleb128 0xb
 906 002c 3B       		.uleb128 0x3b
 907 002d 05       		.uleb128 0x5
 908 002e 49       		.uleb128 0x49
 909 002f 13       		.uleb128 0x13
 910 0030 00       		.byte	0
 911 0031 00       		.byte	0
 912 0032 05       		.uleb128 0x5
ARM GAS  C:\Users\LUKASC~1\AppData\Local\Temp\ccVWNZ7a.s 			page 17


 913 0033 13       		.uleb128 0x13
 914 0034 01       		.byte	0x1
 915 0035 0B       		.uleb128 0xb
 916 0036 0B       		.uleb128 0xb
 917 0037 3A       		.uleb128 0x3a
 918 0038 0B       		.uleb128 0xb
 919 0039 3B       		.uleb128 0x3b
 920 003a 0B       		.uleb128 0xb
 921 003b 01       		.uleb128 0x1
 922 003c 13       		.uleb128 0x13
 923 003d 00       		.byte	0
 924 003e 00       		.byte	0
 925 003f 06       		.uleb128 0x6
 926 0040 0D       		.uleb128 0xd
 927 0041 00       		.byte	0
 928 0042 03       		.uleb128 0x3
 929 0043 0E       		.uleb128 0xe
 930 0044 3A       		.uleb128 0x3a
 931 0045 0B       		.uleb128 0xb
 932 0046 3B       		.uleb128 0x3b
 933 0047 0B       		.uleb128 0xb
 934 0048 49       		.uleb128 0x49
 935 0049 13       		.uleb128 0x13
 936 004a 38       		.uleb128 0x38
 937 004b 0B       		.uleb128 0xb
 938 004c 00       		.byte	0
 939 004d 00       		.byte	0
 940 004e 07       		.uleb128 0x7
 941 004f 16       		.uleb128 0x16
 942 0050 00       		.byte	0
 943 0051 03       		.uleb128 0x3
 944 0052 0E       		.uleb128 0xe
 945 0053 3A       		.uleb128 0x3a
 946 0054 0B       		.uleb128 0xb
 947 0055 3B       		.uleb128 0x3b
 948 0056 0B       		.uleb128 0xb
 949 0057 49       		.uleb128 0x49
 950 0058 13       		.uleb128 0x13
 951 0059 00       		.byte	0
 952 005a 00       		.byte	0
 953 005b 08       		.uleb128 0x8
 954 005c 0D       		.uleb128 0xd
 955 005d 00       		.byte	0
 956 005e 03       		.uleb128 0x3
 957 005f 08       		.uleb128 0x8
 958 0060 3A       		.uleb128 0x3a
 959 0061 0B       		.uleb128 0xb
 960 0062 3B       		.uleb128 0x3b
 961 0063 0B       		.uleb128 0xb
 962 0064 49       		.uleb128 0x49
 963 0065 13       		.uleb128 0x13
 964 0066 38       		.uleb128 0x38
 965 0067 0B       		.uleb128 0xb
 966 0068 00       		.byte	0
 967 0069 00       		.byte	0
 968 006a 09       		.uleb128 0x9
 969 006b 0F       		.uleb128 0xf
ARM GAS  C:\Users\LUKASC~1\AppData\Local\Temp\ccVWNZ7a.s 			page 18


 970 006c 00       		.byte	0
 971 006d 0B       		.uleb128 0xb
 972 006e 0B       		.uleb128 0xb
 973 006f 49       		.uleb128 0x49
 974 0070 13       		.uleb128 0x13
 975 0071 00       		.byte	0
 976 0072 00       		.byte	0
 977 0073 0A       		.uleb128 0xa
 978 0074 26       		.uleb128 0x26
 979 0075 00       		.byte	0
 980 0076 00       		.byte	0
 981 0077 00       		.byte	0
 982 0078 0B       		.uleb128 0xb
 983 0079 01       		.uleb128 0x1
 984 007a 01       		.byte	0x1
 985 007b 49       		.uleb128 0x49
 986 007c 13       		.uleb128 0x13
 987 007d 01       		.uleb128 0x1
 988 007e 13       		.uleb128 0x13
 989 007f 00       		.byte	0
 990 0080 00       		.byte	0
 991 0081 0C       		.uleb128 0xc
 992 0082 21       		.uleb128 0x21
 993 0083 00       		.byte	0
 994 0084 49       		.uleb128 0x49
 995 0085 13       		.uleb128 0x13
 996 0086 2F       		.uleb128 0x2f
 997 0087 0B       		.uleb128 0xb
 998 0088 00       		.byte	0
 999 0089 00       		.byte	0
 1000 008a 0D       		.uleb128 0xd
 1001 008b 34       		.uleb128 0x34
 1002 008c 00       		.byte	0
 1003 008d 03       		.uleb128 0x3
 1004 008e 0E       		.uleb128 0xe
 1005 008f 3A       		.uleb128 0x3a
 1006 0090 0B       		.uleb128 0xb
 1007 0091 3B       		.uleb128 0x3b
 1008 0092 0B       		.uleb128 0xb
 1009 0093 49       		.uleb128 0x49
 1010 0094 13       		.uleb128 0x13
 1011 0095 3F       		.uleb128 0x3f
 1012 0096 19       		.uleb128 0x19
 1013 0097 02       		.uleb128 0x2
 1014 0098 18       		.uleb128 0x18
 1015 0099 00       		.byte	0
 1016 009a 00       		.byte	0
 1017 009b 0E       		.uleb128 0xe
 1018 009c 26       		.uleb128 0x26
 1019 009d 00       		.byte	0
 1020 009e 49       		.uleb128 0x49
 1021 009f 13       		.uleb128 0x13
 1022 00a0 00       		.byte	0
 1023 00a1 00       		.byte	0
 1024 00a2 0F       		.uleb128 0xf
 1025 00a3 34       		.uleb128 0x34
 1026 00a4 00       		.byte	0
ARM GAS  C:\Users\LUKASC~1\AppData\Local\Temp\ccVWNZ7a.s 			page 19


 1027 00a5 03       		.uleb128 0x3
 1028 00a6 0E       		.uleb128 0xe
 1029 00a7 3A       		.uleb128 0x3a
 1030 00a8 0B       		.uleb128 0xb
 1031 00a9 3B       		.uleb128 0x3b
 1032 00aa 05       		.uleb128 0x5
 1033 00ab 49       		.uleb128 0x49
 1034 00ac 13       		.uleb128 0x13
 1035 00ad 3F       		.uleb128 0x3f
 1036 00ae 19       		.uleb128 0x19
 1037 00af 02       		.uleb128 0x2
 1038 00b0 18       		.uleb128 0x18
 1039 00b1 00       		.byte	0
 1040 00b2 00       		.byte	0
 1041 00b3 00       		.byte	0
 1042              		.section	.debug_aranges,"",%progbits
 1043 0000 14000000 		.4byte	0x14
 1044 0004 0200     		.2byte	0x2
 1045 0006 00000000 		.4byte	.Ldebug_info0
 1046 000a 04       		.byte	0x4
 1047 000b 00       		.byte	0
 1048 000c 0000     		.2byte	0
 1049 000e 0000     		.2byte	0
 1050 0010 00000000 		.4byte	0
 1051 0014 00000000 		.4byte	0
 1052              		.section	.debug_line,"",%progbits
 1053              	.Ldebug_line0:
 1054 0000 57000000 		.section	.debug_str,"MS",%progbits,1
 1054      02005100 
 1054      00000201 
 1054      FB0E0D00 
 1054      01010101 
 1055              	.LASF35:
 1056 0000 5553425F 		.ascii	"USB_idSerialNumberStringDescriptor\000"
 1056      69645365 
 1056      7269616C 
 1056      4E756D62 
 1056      65725374 
 1057              	.LASF3:
 1058 0023 73686F72 		.ascii	"short unsigned int\000"
 1058      7420756E 
 1058      7369676E 
 1058      65642069 
 1058      6E7400
 1059              	.LASF29:
 1060 0036 5553425F 		.ascii	"USB_DEVICE0_TABLE\000"
 1060      44455649 
 1060      4345305F 
 1060      5441424C 
 1060      4500
 1061              	.LASF28:
 1062 0048 5553425F 		.ascii	"USB_DEVICE0_CONFIGURATION0_TABLE\000"
 1062      44455649 
 1062      4345305F 
 1062      434F4E46 
 1062      49475552 
 1063              	.LASF11:
ARM GAS  C:\Users\LUKASC~1\AppData\Local\Temp\ccVWNZ7a.s 			page 20


 1064 0069 666C6F61 		.ascii	"float\000"
 1064      7400
 1065              	.LASF16:
 1066 006f 616C7453 		.ascii	"altSetting\000"
 1066      65747469 
 1066      6E6700
 1067              	.LASF32:
 1068 007a 5553425F 		.ascii	"USB_STRING_DESCRIPTORS\000"
 1068      53545249 
 1068      4E475F44 
 1068      45534352 
 1068      4950544F 
 1069              	.LASF23:
 1070 0091 545F5553 		.ascii	"T_USB_LUT\000"
 1070      425F4C55 
 1070      5400
 1071              	.LASF1:
 1072 009b 756E7369 		.ascii	"unsigned char\000"
 1072      676E6564 
 1072      20636861 
 1072      7200
 1073              	.LASF18:
 1074 00a9 61747472 		.ascii	"attributes\000"
 1074      69627574 
 1074      657300
 1075              	.LASF5:
 1076 00b4 6C6F6E67 		.ascii	"long unsigned int\000"
 1076      20756E73 
 1076      69676E65 
 1076      6420696E 
 1076      7400
 1077              	.LASF17:
 1078 00c6 61646472 		.ascii	"addr\000"
 1078      00
 1079              	.LASF21:
 1080 00cb 545F5553 		.ascii	"T_USB_EP_SETTINGS_BLOCK\000"
 1080      425F4550 
 1080      5F534554 
 1080      54494E47 
 1080      535F424C 
 1081              	.LASF24:
 1082 00e3 5553425F 		.ascii	"USB_DEVICE0_DESCR\000"
 1082      44455649 
 1082      4345305F 
 1082      44455343 
 1082      5200
 1083              	.LASF25:
 1084 00f5 5553425F 		.ascii	"USB_DEVICE0_CONFIGURATION0_DESCR\000"
 1084      44455649 
 1084      4345305F 
 1084      434F4E46 
 1084      49475552 
 1085              	.LASF36:
 1086 0116 474E5520 		.ascii	"GNU C 4.9.3 20150303 (release) [ARM/embedded-4_9-br"
 1086      4320342E 
 1086      392E3320 
 1086      32303135 
ARM GAS  C:\Users\LUKASC~1\AppData\Local\Temp\ccVWNZ7a.s 			page 21


 1086      30333033 
 1087 0149 616E6368 		.ascii	"anch revision 221220] -mcpu=cortex-m3 -mthumb -g -O"
 1087      20726576 
 1087      6973696F 
 1087      6E203232 
 1087      31323230 
 1088 017c 30202D66 		.ascii	"0 -ffunction-sections -ffat-lto-objects\000"
 1088      66756E63 
 1088      74696F6E 
 1088      2D736563 
 1088      74696F6E 
 1089              	.LASF12:
 1090 01a4 646F7562 		.ascii	"double\000"
 1090      6C6500
 1091              	.LASF19:
 1092 01ab 62756666 		.ascii	"bufferSize\000"
 1092      65725369 
 1092      7A6500
 1093              	.LASF26:
 1094 01b6 5553425F 		.ascii	"USB_DEVICE0_CONFIGURATION0_EP_SETTINGS_TABLE\000"
 1094      44455649 
 1094      4345305F 
 1094      434F4E46 
 1094      49475552 
 1095              	.LASF10:
 1096 01e3 75696E74 		.ascii	"uint16\000"
 1096      313600
 1097              	.LASF33:
 1098 01ea 5553425F 		.ascii	"USB_MSOS_DESCRIPTOR\000"
 1098      4D534F53 
 1098      5F444553 
 1098      43524950 
 1098      544F5200 
 1099              	.LASF8:
 1100 01fe 756E7369 		.ascii	"unsigned int\000"
 1100      676E6564 
 1100      20696E74 
 1100      00
 1101              	.LASF34:
 1102 020b 5553425F 		.ascii	"USB_MSOS_CONFIGURATION_DESCR\000"
 1102      4D534F53 
 1102      5F434F4E 
 1102      46494755 
 1102      52415449 
 1103              	.LASF7:
 1104 0228 6C6F6E67 		.ascii	"long long unsigned int\000"
 1104      206C6F6E 
 1104      6720756E 
 1104      7369676E 
 1104      65642069 
 1105              	.LASF22:
 1106 023f 705F6C69 		.ascii	"p_list\000"
 1106      737400
 1107              	.LASF14:
 1108 0246 73697A65 		.ascii	"sizetype\000"
 1108      74797065 
 1108      00
ARM GAS  C:\Users\LUKASC~1\AppData\Local\Temp\ccVWNZ7a.s 			page 22


 1109              	.LASF6:
 1110 024f 6C6F6E67 		.ascii	"long long int\000"
 1110      206C6F6E 
 1110      6720696E 
 1110      7400
 1111              	.LASF13:
 1112 025d 63686172 		.ascii	"char\000"
 1112      00
 1113              	.LASF31:
 1114 0262 5553425F 		.ascii	"USB_SN_STRING_DESCRIPTOR\000"
 1114      534E5F53 
 1114      5452494E 
 1114      475F4445 
 1114      53435249 
 1115              	.LASF30:
 1116 027b 5553425F 		.ascii	"USB_TABLE\000"
 1116      5441424C 
 1116      4500
 1117              	.LASF2:
 1118 0285 73686F72 		.ascii	"short int\000"
 1118      7420696E 
 1118      7400
 1119              	.LASF38:
 1120 028f 433A5C55 		.ascii	"C:\\Users\\Lukas Creutzburg\\Documents\\GitHub\\PSo"
 1120      73657273 
 1120      5C4C756B 
 1120      61732043 
 1120      72657574 
 1121 02bd 43354C50 		.ascii	"C5LP-freeDSP-USB-Port\\PSoC_freeDSP_USB_Port\\USBFS"
 1121      2D667265 
 1121      65445350 
 1121      2D555342 
 1121      2D506F72 
 1122 02ee 5F4D4944 		.ascii	"_MIDI_PSoC3_5LP_Example.cydsn\000"
 1122      495F5053 
 1122      6F43335F 
 1122      354C505F 
 1122      4578616D 
 1123              	.LASF9:
 1124 030c 75696E74 		.ascii	"uint8\000"
 1124      3800
 1125              	.LASF15:
 1126 0312 696E7465 		.ascii	"interface\000"
 1126      72666163 
 1126      6500
 1127              	.LASF27:
 1128 031c 5553425F 		.ascii	"USB_DEVICE0_CONFIGURATION0_INTERFACE_CLASS\000"
 1128      44455649 
 1128      4345305F 
 1128      434F4E46 
 1128      49475552 
 1129              	.LASF4:
 1130 0347 6C6F6E67 		.ascii	"long int\000"
 1130      20696E74 
 1130      00
 1131              	.LASF37:
 1132 0350 2E5C4765 		.ascii	".\\Generated_Source\\PSoC5\\USB_descr.c\000"
ARM GAS  C:\Users\LUKASC~1\AppData\Local\Temp\ccVWNZ7a.s 			page 23


 1132      6E657261 
 1132      7465645F 
 1132      536F7572 
 1132      63655C50 
 1133              	.LASF0:
 1134 0375 7369676E 		.ascii	"signed char\000"
 1134      65642063 
 1134      68617200 
 1135              	.LASF20:
 1136 0381 624D6973 		.ascii	"bMisc\000"
 1136      6300
 1137              		.ident	"GCC: (GNU Tools for ARM Embedded Processors) 4.9.3 20150303 (release) [ARM/embedded-4_9-br
