ARM GAS  C:\Users\LUKASC~1\AppData\Local\Temp\cczbp3BX.s 			page 1


   1              		.syntax unified
   2              		.cpu cortex-m3
   3              		.fpu softvfp
   4              		.eabi_attribute 20, 1
   5              		.eabi_attribute 21, 1
   6              		.eabi_attribute 23, 3
   7              		.eabi_attribute 24, 1
   8              		.eabi_attribute 25, 1
   9              		.eabi_attribute 26, 1
  10              		.eabi_attribute 30, 6
  11              		.eabi_attribute 34, 1
  12              		.eabi_attribute 18, 4
  13              		.thumb
  14              		.file	"cymetadata.c"
  15              		.text
  16              	.Ltext0:
  17              		.cfi_sections	.debug_frame
  18              		.global	cy_meta_configecc
  19              		.section	.cyconfigecc,"a",%progbits
  20              		.align	2
  21              		.type	cy_meta_configecc, %object
  22              		.size	cy_meta_configecc, 1
  23              	cy_meta_configecc:
  24 0000 00       		.space	1
  25              		.global	cy_meta_custnvl
  26 0001 000000   		.section	.cycustnvl,"a",%progbits
  27              		.align	2
  28              		.type	cy_meta_custnvl, %object
  29              		.size	cy_meta_custnvl, 4
  30              	cy_meta_custnvl:
  31 0000 00       		.byte	0
  32 0001 00       		.byte	0
  33 0002 40       		.byte	64
  34 0003 05       		.byte	5
  35              		.global	cy_meta_wonvl
  36              		.section	.cywolatch,"a",%progbits
  37              		.align	2
  38              		.type	cy_meta_wonvl, %object
  39              		.size	cy_meta_wonvl, 4
  40              	cy_meta_wonvl:
  41 0000 BC       		.byte	-68
  42 0001 90       		.byte	-112
  43 0002 AC       		.byte	-84
  44 0003 AF       		.byte	-81
  45              		.global	cy_meta_flashprotect
  46              		.section	.cyflashprotect,"a",%progbits
  47              		.align	2
  48              		.type	cy_meta_flashprotect, %object
  49              		.size	cy_meta_flashprotect, 256
  50              	cy_meta_flashprotect:
  51 0000 00000000 		.space	256
  51      00000000 
  51      00000000 
  51      00000000 
  51      00000000 
  52              		.global	cy_metadata
  53              		.section	.cymeta,"a",%progbits
ARM GAS  C:\Users\LUKASC~1\AppData\Local\Temp\cczbp3BX.s 			page 2


  54              		.align	2
  55              		.type	cy_metadata, %object
  56              		.size	cy_metadata, 12
  57              	cy_metadata:
  58 0000 00       		.byte	0
  59 0001 01       		.byte	1
  60 0002 2E       		.byte	46
  61 0003 16       		.byte	22
  62 0004 10       		.byte	16
  63 0005 69       		.byte	105
  64 0006 00       		.byte	0
  65 0007 01       		.byte	1
  66 0008 00       		.byte	0
  67 0009 00       		.byte	0
  68 000a 00       		.byte	0
  69 000b 00       		.byte	0
  70              		.text
  71              	.Letext0:
  72              		.file 1 "Generated_Source\\PSoC5\\cymetadata.c"
  73              		.file 2 "Generated_Source\\PSoC5\\cytypes.h"
  74              		.section	.debug_info,"",%progbits
  75              	.Ldebug_info0:
  76 0000 36010000 		.4byte	0x136
  77 0004 0400     		.2byte	0x4
  78 0006 00000000 		.4byte	.Ldebug_abbrev0
  79 000a 04       		.byte	0x4
  80 000b 01       		.uleb128 0x1
  81 000c 00000000 		.4byte	.LASF18
  82 0010 01       		.byte	0x1
  83 0011 FE010000 		.4byte	.LASF19
  84 0015 4C010000 		.4byte	.LASF20
  85 0019 00000000 		.4byte	.Ldebug_line0
  86 001d 02       		.uleb128 0x2
  87 001e 01       		.byte	0x1
  88 001f 06       		.byte	0x6
  89 0020 F2010000 		.4byte	.LASF0
  90 0024 02       		.uleb128 0x2
  91 0025 01       		.byte	0x1
  92 0026 08       		.byte	0x8
  93 0027 A0000000 		.4byte	.LASF1
  94 002b 02       		.uleb128 0x2
  95 002c 02       		.byte	0x2
  96 002d 05       		.byte	0x5
  97 002e D9010000 		.4byte	.LASF2
  98 0032 02       		.uleb128 0x2
  99 0033 02       		.byte	0x2
 100 0034 07       		.byte	0x7
 101 0035 C0000000 		.4byte	.LASF3
 102 0039 02       		.uleb128 0x2
 103 003a 04       		.byte	0x4
 104 003b 05       		.byte	0x5
 105 003c E9010000 		.4byte	.LASF4
 106 0040 02       		.uleb128 0x2
 107 0041 04       		.byte	0x4
 108 0042 07       		.byte	0x7
 109 0043 AE000000 		.4byte	.LASF5
 110 0047 02       		.uleb128 0x2
ARM GAS  C:\Users\LUKASC~1\AppData\Local\Temp\cczbp3BX.s 			page 3


 111 0048 08       		.byte	0x8
 112 0049 05       		.byte	0x5
 113 004a C6010000 		.4byte	.LASF6
 114 004e 02       		.uleb128 0x2
 115 004f 08       		.byte	0x8
 116 0050 07       		.byte	0x7
 117 0051 09010000 		.4byte	.LASF7
 118 0055 03       		.uleb128 0x3
 119 0056 04       		.byte	0x4
 120 0057 05       		.byte	0x5
 121 0058 696E7400 		.ascii	"int\000"
 122 005c 02       		.uleb128 0x2
 123 005d 04       		.byte	0x4
 124 005e 07       		.byte	0x7
 125 005f FC000000 		.4byte	.LASF8
 126 0063 04       		.uleb128 0x4
 127 0064 E3010000 		.4byte	.LASF21
 128 0068 02       		.byte	0x2
 129 0069 9201     		.2byte	0x192
 130 006b 24000000 		.4byte	0x24
 131 006f 02       		.uleb128 0x2
 132 0070 04       		.byte	0x4
 133 0071 04       		.byte	0x4
 134 0072 9A000000 		.4byte	.LASF9
 135 0076 02       		.uleb128 0x2
 136 0077 08       		.byte	0x8
 137 0078 04       		.byte	0x4
 138 0079 D3000000 		.4byte	.LASF10
 139 007d 02       		.uleb128 0x2
 140 007e 01       		.byte	0x1
 141 007f 08       		.byte	0x8
 142 0080 D4010000 		.4byte	.LASF11
 143 0084 05       		.uleb128 0x5
 144 0085 63000000 		.4byte	0x63
 145 0089 94000000 		.4byte	0x94
 146 008d 06       		.uleb128 0x6
 147 008e 94000000 		.4byte	0x94
 148 0092 00       		.byte	0
 149 0093 00       		.byte	0
 150 0094 02       		.uleb128 0x2
 151 0095 04       		.byte	0x4
 152 0096 07       		.byte	0x7
 153 0097 43010000 		.4byte	.LASF12
 154 009b 07       		.uleb128 0x7
 155 009c EA000000 		.4byte	.LASF13
 156 00a0 01       		.byte	0x1
 157 00a1 1F       		.byte	0x1f
 158 00a2 AC000000 		.4byte	0xac
 159 00a6 05       		.uleb128 0x5
 160 00a7 03       		.byte	0x3
 161 00a8 00000000 		.4byte	cy_meta_configecc
 162 00ac 08       		.uleb128 0x8
 163 00ad 84000000 		.4byte	0x84
 164 00b1 05       		.uleb128 0x5
 165 00b2 63000000 		.4byte	0x63
 166 00b6 C1000000 		.4byte	0xc1
 167 00ba 06       		.uleb128 0x6
ARM GAS  C:\Users\LUKASC~1\AppData\Local\Temp\cczbp3BX.s 			page 4


 168 00bb 94000000 		.4byte	0x94
 169 00bf 03       		.byte	0x3
 170 00c0 00       		.byte	0
 171 00c1 07       		.uleb128 0x7
 172 00c2 DA000000 		.4byte	.LASF14
 173 00c6 01       		.byte	0x1
 174 00c7 2D       		.byte	0x2d
 175 00c8 D2000000 		.4byte	0xd2
 176 00cc 05       		.uleb128 0x5
 177 00cd 03       		.byte	0x3
 178 00ce 00000000 		.4byte	cy_meta_custnvl
 179 00d2 08       		.uleb128 0x8
 180 00d3 B1000000 		.4byte	0xb1
 181 00d7 07       		.uleb128 0x7
 182 00d8 35010000 		.4byte	.LASF15
 183 00dc 01       		.byte	0x1
 184 00dd 3B       		.byte	0x3b
 185 00de E8000000 		.4byte	0xe8
 186 00e2 05       		.uleb128 0x5
 187 00e3 03       		.byte	0x3
 188 00e4 00000000 		.4byte	cy_meta_wonvl
 189 00e8 08       		.uleb128 0x8
 190 00e9 B1000000 		.4byte	0xb1
 191 00ed 05       		.uleb128 0x5
 192 00ee 63000000 		.4byte	0x63
 193 00f2 FD000000 		.4byte	0xfd
 194 00f6 06       		.uleb128 0x6
 195 00f7 94000000 		.4byte	0x94
 196 00fb FF       		.byte	0xff
 197 00fc 00       		.byte	0
 198 00fd 07       		.uleb128 0x7
 199 00fe 20010000 		.4byte	.LASF16
 200 0102 01       		.byte	0x1
 201 0103 49       		.byte	0x49
 202 0104 0E010000 		.4byte	0x10e
 203 0108 05       		.uleb128 0x5
 204 0109 03       		.byte	0x3
 205 010a 00000000 		.4byte	cy_meta_flashprotect
 206 010e 08       		.uleb128 0x8
 207 010f ED000000 		.4byte	0xed
 208 0113 05       		.uleb128 0x5
 209 0114 63000000 		.4byte	0x63
 210 0118 23010000 		.4byte	0x123
 211 011c 06       		.uleb128 0x6
 212 011d 94000000 		.4byte	0x94
 213 0121 0B       		.byte	0xb
 214 0122 00       		.byte	0
 215 0123 07       		.uleb128 0x7
 216 0124 8E000000 		.4byte	.LASF17
 217 0128 01       		.byte	0x1
 218 0129 76       		.byte	0x76
 219 012a 34010000 		.4byte	0x134
 220 012e 05       		.uleb128 0x5
 221 012f 03       		.byte	0x3
 222 0130 00000000 		.4byte	cy_metadata
 223 0134 08       		.uleb128 0x8
 224 0135 13010000 		.4byte	0x113
ARM GAS  C:\Users\LUKASC~1\AppData\Local\Temp\cczbp3BX.s 			page 5


 225 0139 00       		.byte	0
 226              		.section	.debug_abbrev,"",%progbits
 227              	.Ldebug_abbrev0:
 228 0000 01       		.uleb128 0x1
 229 0001 11       		.uleb128 0x11
 230 0002 01       		.byte	0x1
 231 0003 25       		.uleb128 0x25
 232 0004 0E       		.uleb128 0xe
 233 0005 13       		.uleb128 0x13
 234 0006 0B       		.uleb128 0xb
 235 0007 03       		.uleb128 0x3
 236 0008 0E       		.uleb128 0xe
 237 0009 1B       		.uleb128 0x1b
 238 000a 0E       		.uleb128 0xe
 239 000b 10       		.uleb128 0x10
 240 000c 17       		.uleb128 0x17
 241 000d 00       		.byte	0
 242 000e 00       		.byte	0
 243 000f 02       		.uleb128 0x2
 244 0010 24       		.uleb128 0x24
 245 0011 00       		.byte	0
 246 0012 0B       		.uleb128 0xb
 247 0013 0B       		.uleb128 0xb
 248 0014 3E       		.uleb128 0x3e
 249 0015 0B       		.uleb128 0xb
 250 0016 03       		.uleb128 0x3
 251 0017 0E       		.uleb128 0xe
 252 0018 00       		.byte	0
 253 0019 00       		.byte	0
 254 001a 03       		.uleb128 0x3
 255 001b 24       		.uleb128 0x24
 256 001c 00       		.byte	0
 257 001d 0B       		.uleb128 0xb
 258 001e 0B       		.uleb128 0xb
 259 001f 3E       		.uleb128 0x3e
 260 0020 0B       		.uleb128 0xb
 261 0021 03       		.uleb128 0x3
 262 0022 08       		.uleb128 0x8
 263 0023 00       		.byte	0
 264 0024 00       		.byte	0
 265 0025 04       		.uleb128 0x4
 266 0026 16       		.uleb128 0x16
 267 0027 00       		.byte	0
 268 0028 03       		.uleb128 0x3
 269 0029 0E       		.uleb128 0xe
 270 002a 3A       		.uleb128 0x3a
 271 002b 0B       		.uleb128 0xb
 272 002c 3B       		.uleb128 0x3b
 273 002d 05       		.uleb128 0x5
 274 002e 49       		.uleb128 0x49
 275 002f 13       		.uleb128 0x13
 276 0030 00       		.byte	0
 277 0031 00       		.byte	0
 278 0032 05       		.uleb128 0x5
 279 0033 01       		.uleb128 0x1
 280 0034 01       		.byte	0x1
 281 0035 49       		.uleb128 0x49
ARM GAS  C:\Users\LUKASC~1\AppData\Local\Temp\cczbp3BX.s 			page 6


 282 0036 13       		.uleb128 0x13
 283 0037 01       		.uleb128 0x1
 284 0038 13       		.uleb128 0x13
 285 0039 00       		.byte	0
 286 003a 00       		.byte	0
 287 003b 06       		.uleb128 0x6
 288 003c 21       		.uleb128 0x21
 289 003d 00       		.byte	0
 290 003e 49       		.uleb128 0x49
 291 003f 13       		.uleb128 0x13
 292 0040 2F       		.uleb128 0x2f
 293 0041 0B       		.uleb128 0xb
 294 0042 00       		.byte	0
 295 0043 00       		.byte	0
 296 0044 07       		.uleb128 0x7
 297 0045 34       		.uleb128 0x34
 298 0046 00       		.byte	0
 299 0047 03       		.uleb128 0x3
 300 0048 0E       		.uleb128 0xe
 301 0049 3A       		.uleb128 0x3a
 302 004a 0B       		.uleb128 0xb
 303 004b 3B       		.uleb128 0x3b
 304 004c 0B       		.uleb128 0xb
 305 004d 49       		.uleb128 0x49
 306 004e 13       		.uleb128 0x13
 307 004f 3F       		.uleb128 0x3f
 308 0050 19       		.uleb128 0x19
 309 0051 02       		.uleb128 0x2
 310 0052 18       		.uleb128 0x18
 311 0053 00       		.byte	0
 312 0054 00       		.byte	0
 313 0055 08       		.uleb128 0x8
 314 0056 26       		.uleb128 0x26
 315 0057 00       		.byte	0
 316 0058 49       		.uleb128 0x49
 317 0059 13       		.uleb128 0x13
 318 005a 00       		.byte	0
 319 005b 00       		.byte	0
 320 005c 00       		.byte	0
 321              		.section	.debug_aranges,"",%progbits
 322 0000 14000000 		.4byte	0x14
 323 0004 0200     		.2byte	0x2
 324 0006 00000000 		.4byte	.Ldebug_info0
 325 000a 04       		.byte	0x4
 326 000b 00       		.byte	0
 327 000c 0000     		.2byte	0
 328 000e 0000     		.2byte	0
 329 0010 00000000 		.4byte	0
 330 0014 00000000 		.4byte	0
 331              		.section	.debug_line,"",%progbits
 332              	.Ldebug_line0:
 333 0000 4D000000 		.section	.debug_str,"MS",%progbits,1
 333      02004700 
 333      00000201 
 333      FB0E0D00 
 333      01010101 
 334              	.LASF18:
ARM GAS  C:\Users\LUKASC~1\AppData\Local\Temp\cczbp3BX.s 			page 7


 335 0000 474E5520 		.ascii	"GNU C 4.9.3 20150303 (release) [ARM/embedded-4_9-br"
 335      4320342E 
 335      392E3320 
 335      32303135 
 335      30333033 
 336 0033 616E6368 		.ascii	"anch revision 221220] -mcpu=cortex-m3 -mthumb -g -O"
 336      20726576 
 336      6973696F 
 336      6E203232 
 336      31323230 
 337 0066 30202D66 		.ascii	"0 -ffunction-sections -ffat-lto-objects\000"
 337      66756E63 
 337      74696F6E 
 337      2D736563 
 337      74696F6E 
 338              	.LASF17:
 339 008e 63795F6D 		.ascii	"cy_metadata\000"
 339      65746164 
 339      61746100 
 340              	.LASF9:
 341 009a 666C6F61 		.ascii	"float\000"
 341      7400
 342              	.LASF1:
 343 00a0 756E7369 		.ascii	"unsigned char\000"
 343      676E6564 
 343      20636861 
 343      7200
 344              	.LASF5:
 345 00ae 6C6F6E67 		.ascii	"long unsigned int\000"
 345      20756E73 
 345      69676E65 
 345      6420696E 
 345      7400
 346              	.LASF3:
 347 00c0 73686F72 		.ascii	"short unsigned int\000"
 347      7420756E 
 347      7369676E 
 347      65642069 
 347      6E7400
 348              	.LASF10:
 349 00d3 646F7562 		.ascii	"double\000"
 349      6C6500
 350              	.LASF14:
 351 00da 63795F6D 		.ascii	"cy_meta_custnvl\000"
 351      6574615F 
 351      63757374 
 351      6E766C00 
 352              	.LASF13:
 353 00ea 63795F6D 		.ascii	"cy_meta_configecc\000"
 353      6574615F 
 353      636F6E66 
 353      69676563 
 353      6300
 354              	.LASF8:
 355 00fc 756E7369 		.ascii	"unsigned int\000"
 355      676E6564 
 355      20696E74 
ARM GAS  C:\Users\LUKASC~1\AppData\Local\Temp\cczbp3BX.s 			page 8


 355      00
 356              	.LASF7:
 357 0109 6C6F6E67 		.ascii	"long long unsigned int\000"
 357      206C6F6E 
 357      6720756E 
 357      7369676E 
 357      65642069 
 358              	.LASF16:
 359 0120 63795F6D 		.ascii	"cy_meta_flashprotect\000"
 359      6574615F 
 359      666C6173 
 359      6870726F 
 359      74656374 
 360              	.LASF15:
 361 0135 63795F6D 		.ascii	"cy_meta_wonvl\000"
 361      6574615F 
 361      776F6E76 
 361      6C00
 362              	.LASF12:
 363 0143 73697A65 		.ascii	"sizetype\000"
 363      74797065 
 363      00
 364              	.LASF20:
 365 014c 433A5C55 		.ascii	"C:\\Users\\Lukas Creutzburg\\Documents\\GitHub\\PSo"
 365      73657273 
 365      5C4C756B 
 365      61732043 
 365      72657574 
 366 017a 43354C50 		.ascii	"C5LP-freeDSP-USB-Port\\PSoC_freeDSP_USB_Port\\PSoC5"
 366      2D667265 
 366      65445350 
 366      2D555342 
 366      2D506F72 
 367 01ab 5F555342 		.ascii	"_USB_Sound_Interface.cydsn\000"
 367      5F536F75 
 367      6E645F49 
 367      6E746572 
 367      66616365 
 368              	.LASF6:
 369 01c6 6C6F6E67 		.ascii	"long long int\000"
 369      206C6F6E 
 369      6720696E 
 369      7400
 370              	.LASF11:
 371 01d4 63686172 		.ascii	"char\000"
 371      00
 372              	.LASF2:
 373 01d9 73686F72 		.ascii	"short int\000"
 373      7420696E 
 373      7400
 374              	.LASF21:
 375 01e3 75696E74 		.ascii	"uint8\000"
 375      3800
 376              	.LASF4:
 377 01e9 6C6F6E67 		.ascii	"long int\000"
 377      20696E74 
 377      00
ARM GAS  C:\Users\LUKASC~1\AppData\Local\Temp\cczbp3BX.s 			page 9


 378              	.LASF0:
 379 01f2 7369676E 		.ascii	"signed char\000"
 379      65642063 
 379      68617200 
 380              	.LASF19:
 381 01fe 47656E65 		.ascii	"Generated_Source\\PSoC5\\cymetadata.c\000"
 381      72617465 
 381      645F536F 
 381      75726365 
 381      5C50536F 
 382              		.ident	"GCC: (GNU Tools for ARM Embedded Processors) 4.9.3 20150303 (release) [ARM/embedded-4_9-br
