ARM GAS  C:\Users\LUKASC~1\AppData\Local\Temp\ccRj2rZF.s 			page 1


   1              		.syntax unified
   2              		.cpu cortex-m3
   3              		.fpu softvfp
   4              		.eabi_attribute 20, 1
   5              		.eabi_attribute 21, 1
   6              		.eabi_attribute 23, 3
   7              		.eabi_attribute 24, 1
   8              		.eabi_attribute 25, 1
   9              		.eabi_attribute 26, 1
  10              		.eabi_attribute 30, 6
  11              		.eabi_attribute 34, 1
  12              		.eabi_attribute 18, 4
  13              		.thumb
  14              		.file	"I2S_1_PM.c"
  15              		.text
  16              	.Ltext0:
  17              		.cfi_sections	.debug_frame
  18              		.bss
  19              		.align	2
  20              	I2S_1_backup:
  21 0000 00       		.space	1
  22 0001 000000   		.section	.text.I2S_1_SaveConfig,"ax",%progbits
  23              		.align	2
  24              		.global	I2S_1_SaveConfig
  25              		.thumb
  26              		.thumb_func
  27              		.type	I2S_1_SaveConfig, %function
  28              	I2S_1_SaveConfig:
  29              	.LFB0:
  30              		.file 1 "Generated_Source\\PSoC5\\I2S_1_PM.c"
   1:Generated_Source\PSoC5/I2S_1_PM.c **** /*******************************************************************************
   2:Generated_Source\PSoC5/I2S_1_PM.c **** * File Name: I2S_1_PM.c
   3:Generated_Source\PSoC5/I2S_1_PM.c **** * Version 2.70
   4:Generated_Source\PSoC5/I2S_1_PM.c **** *
   5:Generated_Source\PSoC5/I2S_1_PM.c **** * Description:
   6:Generated_Source\PSoC5/I2S_1_PM.c **** *  This file contains the setup, control and status commands to support
   7:Generated_Source\PSoC5/I2S_1_PM.c **** *  component operations in low power mode.
   8:Generated_Source\PSoC5/I2S_1_PM.c **** *
   9:Generated_Source\PSoC5/I2S_1_PM.c **** * Note:
  10:Generated_Source\PSoC5/I2S_1_PM.c **** *
  11:Generated_Source\PSoC5/I2S_1_PM.c **** ********************************************************************************
  12:Generated_Source\PSoC5/I2S_1_PM.c **** * Copyright 2008-2015, Cypress Semiconductor Corporation.  All rights reserved.
  13:Generated_Source\PSoC5/I2S_1_PM.c **** * You may use this file only in accordance with the license, terms, conditions,
  14:Generated_Source\PSoC5/I2S_1_PM.c **** * disclaimers, and limitations in the end user license agreement accompanying
  15:Generated_Source\PSoC5/I2S_1_PM.c **** * the software package with which this file was provided.
  16:Generated_Source\PSoC5/I2S_1_PM.c **** *******************************************************************************/
  17:Generated_Source\PSoC5/I2S_1_PM.c **** 
  18:Generated_Source\PSoC5/I2S_1_PM.c **** #include "I2S_1.h"
  19:Generated_Source\PSoC5/I2S_1_PM.c **** 
  20:Generated_Source\PSoC5/I2S_1_PM.c **** static I2S_1_BACKUP_STRUCT  I2S_1_backup = {0u};
  21:Generated_Source\PSoC5/I2S_1_PM.c **** 
  22:Generated_Source\PSoC5/I2S_1_PM.c **** 
  23:Generated_Source\PSoC5/I2S_1_PM.c **** /*******************************************************************************
  24:Generated_Source\PSoC5/I2S_1_PM.c **** * Function Name: I2S_1_SaveConfig
  25:Generated_Source\PSoC5/I2S_1_PM.c **** ********************************************************************************
  26:Generated_Source\PSoC5/I2S_1_PM.c **** *
  27:Generated_Source\PSoC5/I2S_1_PM.c **** * Summary:
ARM GAS  C:\Users\LUKASC~1\AppData\Local\Temp\ccRj2rZF.s 			page 2


  28:Generated_Source\PSoC5/I2S_1_PM.c **** *  Empty function. Left to preserve backward compatibility.
  29:Generated_Source\PSoC5/I2S_1_PM.c **** *
  30:Generated_Source\PSoC5/I2S_1_PM.c **** * Parameters:
  31:Generated_Source\PSoC5/I2S_1_PM.c **** *  None.
  32:Generated_Source\PSoC5/I2S_1_PM.c **** *
  33:Generated_Source\PSoC5/I2S_1_PM.c **** * Return:
  34:Generated_Source\PSoC5/I2S_1_PM.c **** *  None.
  35:Generated_Source\PSoC5/I2S_1_PM.c **** *
  36:Generated_Source\PSoC5/I2S_1_PM.c **** *******************************************************************************/
  37:Generated_Source\PSoC5/I2S_1_PM.c **** void I2S_1_SaveConfig(void) 
  38:Generated_Source\PSoC5/I2S_1_PM.c **** {
  31              		.loc 1 38 0
  32              		.cfi_startproc
  33              		@ args = 0, pretend = 0, frame = 0
  34              		@ frame_needed = 1, uses_anonymous_args = 0
  35              		@ link register save eliminated.
  36 0000 80B4     		push	{r7}
  37              		.cfi_def_cfa_offset 4
  38              		.cfi_offset 7, -4
  39 0002 00AF     		add	r7, sp, #0
  40              		.cfi_def_cfa_register 7
  39:Generated_Source\PSoC5/I2S_1_PM.c ****     /* Nothing to save. All registers are retention. */
  40:Generated_Source\PSoC5/I2S_1_PM.c **** }
  41              		.loc 1 40 0
  42 0004 BD46     		mov	sp, r7
  43              		.cfi_def_cfa_register 13
  44              		@ sp needed
  45 0006 5DF8047B 		ldr	r7, [sp], #4
  46              		.cfi_restore 7
  47              		.cfi_def_cfa_offset 0
  48 000a 7047     		bx	lr
  49              		.cfi_endproc
  50              	.LFE0:
  51              		.size	I2S_1_SaveConfig, .-I2S_1_SaveConfig
  52              		.section	.text.I2S_1_RestoreConfig,"ax",%progbits
  53              		.align	2
  54              		.global	I2S_1_RestoreConfig
  55              		.thumb
  56              		.thumb_func
  57              		.type	I2S_1_RestoreConfig, %function
  58              	I2S_1_RestoreConfig:
  59              	.LFB1:
  41:Generated_Source\PSoC5/I2S_1_PM.c **** 
  42:Generated_Source\PSoC5/I2S_1_PM.c **** 
  43:Generated_Source\PSoC5/I2S_1_PM.c **** /*******************************************************************************
  44:Generated_Source\PSoC5/I2S_1_PM.c **** * Function Name: I2S_1_RestoreConfig
  45:Generated_Source\PSoC5/I2S_1_PM.c **** ********************************************************************************
  46:Generated_Source\PSoC5/I2S_1_PM.c **** *
  47:Generated_Source\PSoC5/I2S_1_PM.c **** * Summary:
  48:Generated_Source\PSoC5/I2S_1_PM.c **** *  Empty function. Left to preserve backward compatibility.
  49:Generated_Source\PSoC5/I2S_1_PM.c **** *
  50:Generated_Source\PSoC5/I2S_1_PM.c **** * Parameters:
  51:Generated_Source\PSoC5/I2S_1_PM.c **** *  None.
  52:Generated_Source\PSoC5/I2S_1_PM.c **** *
  53:Generated_Source\PSoC5/I2S_1_PM.c **** * Return:
  54:Generated_Source\PSoC5/I2S_1_PM.c **** *  None.
  55:Generated_Source\PSoC5/I2S_1_PM.c **** *
ARM GAS  C:\Users\LUKASC~1\AppData\Local\Temp\ccRj2rZF.s 			page 3


  56:Generated_Source\PSoC5/I2S_1_PM.c **** *******************************************************************************/
  57:Generated_Source\PSoC5/I2S_1_PM.c **** void I2S_1_RestoreConfig(void) 
  58:Generated_Source\PSoC5/I2S_1_PM.c **** {
  60              		.loc 1 58 0
  61              		.cfi_startproc
  62              		@ args = 0, pretend = 0, frame = 0
  63              		@ frame_needed = 1, uses_anonymous_args = 0
  64              		@ link register save eliminated.
  65 0000 80B4     		push	{r7}
  66              		.cfi_def_cfa_offset 4
  67              		.cfi_offset 7, -4
  68 0002 00AF     		add	r7, sp, #0
  69              		.cfi_def_cfa_register 7
  59:Generated_Source\PSoC5/I2S_1_PM.c ****     /* Nothing to restore. All registers are retention. */
  60:Generated_Source\PSoC5/I2S_1_PM.c **** }
  70              		.loc 1 60 0
  71 0004 BD46     		mov	sp, r7
  72              		.cfi_def_cfa_register 13
  73              		@ sp needed
  74 0006 5DF8047B 		ldr	r7, [sp], #4
  75              		.cfi_restore 7
  76              		.cfi_def_cfa_offset 0
  77 000a 7047     		bx	lr
  78              		.cfi_endproc
  79              	.LFE1:
  80              		.size	I2S_1_RestoreConfig, .-I2S_1_RestoreConfig
  81              		.section	.text.I2S_1_Sleep,"ax",%progbits
  82              		.align	2
  83              		.global	I2S_1_Sleep
  84              		.thumb
  85              		.thumb_func
  86              		.type	I2S_1_Sleep, %function
  87              	I2S_1_Sleep:
  88              	.LFB2:
  61:Generated_Source\PSoC5/I2S_1_PM.c **** 
  62:Generated_Source\PSoC5/I2S_1_PM.c **** 
  63:Generated_Source\PSoC5/I2S_1_PM.c **** /*******************************************************************************
  64:Generated_Source\PSoC5/I2S_1_PM.c **** * Function Name: I2S_1_Sleep
  65:Generated_Source\PSoC5/I2S_1_PM.c **** ********************************************************************************
  66:Generated_Source\PSoC5/I2S_1_PM.c **** *
  67:Generated_Source\PSoC5/I2S_1_PM.c **** * Summary:
  68:Generated_Source\PSoC5/I2S_1_PM.c **** *  Prepares I2S for entering sleep mode.
  69:Generated_Source\PSoC5/I2S_1_PM.c **** *
  70:Generated_Source\PSoC5/I2S_1_PM.c **** * Parameters:
  71:Generated_Source\PSoC5/I2S_1_PM.c **** *  None.
  72:Generated_Source\PSoC5/I2S_1_PM.c **** *
  73:Generated_Source\PSoC5/I2S_1_PM.c **** * Return:
  74:Generated_Source\PSoC5/I2S_1_PM.c **** *  None.
  75:Generated_Source\PSoC5/I2S_1_PM.c **** *
  76:Generated_Source\PSoC5/I2S_1_PM.c **** * Global Variables:
  77:Generated_Source\PSoC5/I2S_1_PM.c **** *  I2S_1_backup - used to store component state prior entering 
  78:Generated_Source\PSoC5/I2S_1_PM.c **** *    sleep mode.
  79:Generated_Source\PSoC5/I2S_1_PM.c **** *
  80:Generated_Source\PSoC5/I2S_1_PM.c **** * Reentrant:
  81:Generated_Source\PSoC5/I2S_1_PM.c **** *  No.
  82:Generated_Source\PSoC5/I2S_1_PM.c **** *
  83:Generated_Source\PSoC5/I2S_1_PM.c **** *******************************************************************************/
ARM GAS  C:\Users\LUKASC~1\AppData\Local\Temp\ccRj2rZF.s 			page 4


  84:Generated_Source\PSoC5/I2S_1_PM.c **** void I2S_1_Sleep(void) 
  85:Generated_Source\PSoC5/I2S_1_PM.c **** {
  89              		.loc 1 85 0
  90              		.cfi_startproc
  91              		@ args = 0, pretend = 0, frame = 0
  92              		@ frame_needed = 1, uses_anonymous_args = 0
  93 0000 80B5     		push	{r7, lr}
  94              		.cfi_def_cfa_offset 8
  95              		.cfi_offset 7, -8
  96              		.cfi_offset 14, -4
  97 0002 00AF     		add	r7, sp, #0
  98              		.cfi_def_cfa_register 7
  86:Generated_Source\PSoC5/I2S_1_PM.c ****     /* Get component state */
  87:Generated_Source\PSoC5/I2S_1_PM.c ****     I2S_1_backup.enableState = I2S_1_CONTROL_REG;
  99              		.loc 1 87 0
 100 0004 034B     		ldr	r3, .L4
 101 0006 1B78     		ldrb	r3, [r3]
 102 0008 DAB2     		uxtb	r2, r3
 103 000a 034B     		ldr	r3, .L4+4
 104 000c 1A70     		strb	r2, [r3]
  88:Generated_Source\PSoC5/I2S_1_PM.c **** 
  89:Generated_Source\PSoC5/I2S_1_PM.c ****     /* Stop component */
  90:Generated_Source\PSoC5/I2S_1_PM.c ****     I2S_1_Stop();
 105              		.loc 1 90 0
 106 000e FFF7FEFF 		bl	I2S_1_Stop
  91:Generated_Source\PSoC5/I2S_1_PM.c **** }
 107              		.loc 1 91 0
 108 0012 80BD     		pop	{r7, pc}
 109              	.L5:
 110              		.align	2
 111              	.L4:
 112 0014 76650040 		.word	1073767798
 113 0018 00000000 		.word	I2S_1_backup
 114              		.cfi_endproc
 115              	.LFE2:
 116              		.size	I2S_1_Sleep, .-I2S_1_Sleep
 117              		.section	.text.I2S_1_Wakeup,"ax",%progbits
 118              		.align	2
 119              		.global	I2S_1_Wakeup
 120              		.thumb
 121              		.thumb_func
 122              		.type	I2S_1_Wakeup, %function
 123              	I2S_1_Wakeup:
 124              	.LFB3:
  92:Generated_Source\PSoC5/I2S_1_PM.c **** 
  93:Generated_Source\PSoC5/I2S_1_PM.c **** 
  94:Generated_Source\PSoC5/I2S_1_PM.c **** /*******************************************************************************
  95:Generated_Source\PSoC5/I2S_1_PM.c **** * Function Name: I2S_1_Wakeup
  96:Generated_Source\PSoC5/I2S_1_PM.c **** ********************************************************************************
  97:Generated_Source\PSoC5/I2S_1_PM.c **** *
  98:Generated_Source\PSoC5/I2S_1_PM.c **** * Summary:
  99:Generated_Source\PSoC5/I2S_1_PM.c **** *  Prepares I2S for exit from sleep mode.
 100:Generated_Source\PSoC5/I2S_1_PM.c **** *
 101:Generated_Source\PSoC5/I2S_1_PM.c **** * Parameters:
 102:Generated_Source\PSoC5/I2S_1_PM.c **** *  None.
 103:Generated_Source\PSoC5/I2S_1_PM.c **** *
 104:Generated_Source\PSoC5/I2S_1_PM.c **** * Return:
ARM GAS  C:\Users\LUKASC~1\AppData\Local\Temp\ccRj2rZF.s 			page 5


 105:Generated_Source\PSoC5/I2S_1_PM.c **** *  None.
 106:Generated_Source\PSoC5/I2S_1_PM.c **** *
 107:Generated_Source\PSoC5/I2S_1_PM.c **** * Global Variables:
 108:Generated_Source\PSoC5/I2S_1_PM.c **** *  I2S_1_backup - used to restore component state after exit from
 109:Generated_Source\PSoC5/I2S_1_PM.c **** *    sleep mode.
 110:Generated_Source\PSoC5/I2S_1_PM.c **** *
 111:Generated_Source\PSoC5/I2S_1_PM.c **** *******************************************************************************/
 112:Generated_Source\PSoC5/I2S_1_PM.c **** void I2S_1_Wakeup(void) 
 113:Generated_Source\PSoC5/I2S_1_PM.c **** {
 125              		.loc 1 113 0
 126              		.cfi_startproc
 127              		@ args = 0, pretend = 0, frame = 0
 128              		@ frame_needed = 1, uses_anonymous_args = 0
 129 0000 80B5     		push	{r7, lr}
 130              		.cfi_def_cfa_offset 8
 131              		.cfi_offset 7, -8
 132              		.cfi_offset 14, -4
 133 0002 00AF     		add	r7, sp, #0
 134              		.cfi_def_cfa_register 7
 114:Generated_Source\PSoC5/I2S_1_PM.c ****     #if (I2S_1_DYNAMIC_BIT_RESOLUTION)
 115:Generated_Source\PSoC5/I2S_1_PM.c ****         I2S_1_CONTROL_REG = I2S_1_backup.enableState & I2S_1_BIT_RESOLUTION_MODE_MASK;
 116:Generated_Source\PSoC5/I2S_1_PM.c ****     #endif /* I2S_1_DYNAMIC_BIT_RESOLUTION */
 117:Generated_Source\PSoC5/I2S_1_PM.c **** 
 118:Generated_Source\PSoC5/I2S_1_PM.c ****     if(0u != (I2S_1_backup.enableState & I2S_1_EN))
 135              		.loc 1 118 0
 136 0004 084B     		ldr	r3, .L8
 137 0006 1B78     		ldrb	r3, [r3]	@ zero_extendqisi2
 138 0008 03F00403 		and	r3, r3, #4
 139 000c 002B     		cmp	r3, #0
 140 000e 09D0     		beq	.L6
 119:Generated_Source\PSoC5/I2S_1_PM.c ****     {
 120:Generated_Source\PSoC5/I2S_1_PM.c ****         /* Enable component's operation */
 121:Generated_Source\PSoC5/I2S_1_PM.c ****         I2S_1_Enable();
 141              		.loc 1 121 0
 142 0010 FFF7FEFF 		bl	I2S_1_Enable
 122:Generated_Source\PSoC5/I2S_1_PM.c **** 
 123:Generated_Source\PSoC5/I2S_1_PM.c ****         /* Enable Tx/Rx direction if they were enabled before sleep */
 124:Generated_Source\PSoC5/I2S_1_PM.c ****         #if(I2S_1_TX_DIRECTION_ENABLE)
 125:Generated_Source\PSoC5/I2S_1_PM.c ****             if(0u != (I2S_1_backup.enableState & I2S_1_TX_EN))
 143              		.loc 1 125 0
 144 0014 044B     		ldr	r3, .L8
 145 0016 1B78     		ldrb	r3, [r3]	@ zero_extendqisi2
 146 0018 03F00103 		and	r3, r3, #1
 147 001c 002B     		cmp	r3, #0
 148 001e 01D0     		beq	.L6
 126:Generated_Source\PSoC5/I2S_1_PM.c ****             {
 127:Generated_Source\PSoC5/I2S_1_PM.c ****                 I2S_1_EnableTx();
 149              		.loc 1 127 0
 150 0020 FFF7FEFF 		bl	I2S_1_EnableTx
 151              	.L6:
 128:Generated_Source\PSoC5/I2S_1_PM.c ****             }
 129:Generated_Source\PSoC5/I2S_1_PM.c ****         #endif /* (I2S_1_TX_DIRECTION_ENABLE) */
 130:Generated_Source\PSoC5/I2S_1_PM.c ****         
 131:Generated_Source\PSoC5/I2S_1_PM.c ****         #if(I2S_1_RX_DIRECTION_ENABLE)
 132:Generated_Source\PSoC5/I2S_1_PM.c ****             if(0u != (I2S_1_backup.enableState & I2S_1_RX_EN))
 133:Generated_Source\PSoC5/I2S_1_PM.c ****             {
 134:Generated_Source\PSoC5/I2S_1_PM.c ****                 I2S_1_EnableRx();
ARM GAS  C:\Users\LUKASC~1\AppData\Local\Temp\ccRj2rZF.s 			page 6


 135:Generated_Source\PSoC5/I2S_1_PM.c ****             }
 136:Generated_Source\PSoC5/I2S_1_PM.c ****         #endif /* (I2S_1_RX_DIRECTION_ENABLE) */
 137:Generated_Source\PSoC5/I2S_1_PM.c ****     }
 138:Generated_Source\PSoC5/I2S_1_PM.c **** }
 152              		.loc 1 138 0
 153 0024 80BD     		pop	{r7, pc}
 154              	.L9:
 155 0026 00BF     		.align	2
 156              	.L8:
 157 0028 00000000 		.word	I2S_1_backup
 158              		.cfi_endproc
 159              	.LFE3:
 160              		.size	I2S_1_Wakeup, .-I2S_1_Wakeup
 161              		.text
 162              	.Letext0:
 163              		.file 2 "Generated_Source\\PSoC5\\cytypes.h"
 164              		.file 3 "Generated_Source\\PSoC5\\I2S_1.h"
 165              		.section	.debug_info,"",%progbits
 166              	.Ldebug_info0:
 167 0000 0F010000 		.4byte	0x10f
 168 0004 0400     		.2byte	0x4
 169 0006 00000000 		.4byte	.Ldebug_abbrev0
 170 000a 04       		.byte	0x4
 171 000b 01       		.uleb128 0x1
 172 000c 0D000000 		.4byte	.LASF19
 173 0010 01       		.byte	0x1
 174 0011 E0000000 		.4byte	.LASF20
 175 0015 4B010000 		.4byte	.LASF21
 176 0019 00000000 		.4byte	.Ldebug_ranges0+0
 177 001d 00000000 		.4byte	0
 178 0021 00000000 		.4byte	.Ldebug_line0
 179 0025 02       		.uleb128 0x2
 180 0026 01       		.byte	0x1
 181 0027 06       		.byte	0x6
 182 0028 1D020000 		.4byte	.LASF0
 183 002c 02       		.uleb128 0x2
 184 002d 01       		.byte	0x1
 185 002e 08       		.byte	0x8
 186 002f A1000000 		.4byte	.LASF1
 187 0033 02       		.uleb128 0x2
 188 0034 02       		.byte	0x2
 189 0035 05       		.byte	0x5
 190 0036 F8010000 		.4byte	.LASF2
 191 003a 02       		.uleb128 0x2
 192 003b 02       		.byte	0x2
 193 003c 07       		.byte	0x7
 194 003d C6000000 		.4byte	.LASF3
 195 0041 02       		.uleb128 0x2
 196 0042 04       		.byte	0x4
 197 0043 05       		.byte	0x5
 198 0044 08020000 		.4byte	.LASF4
 199 0048 02       		.uleb128 0x2
 200 0049 04       		.byte	0x4
 201 004a 07       		.byte	0x7
 202 004b B4000000 		.4byte	.LASF5
 203 004f 02       		.uleb128 0x2
 204 0050 08       		.byte	0x8
ARM GAS  C:\Users\LUKASC~1\AppData\Local\Temp\ccRj2rZF.s 			page 7


 205 0051 05       		.byte	0x5
 206 0052 C5010000 		.4byte	.LASF6
 207 0056 02       		.uleb128 0x2
 208 0057 08       		.byte	0x8
 209 0058 07       		.byte	0x7
 210 0059 0F010000 		.4byte	.LASF7
 211 005d 03       		.uleb128 0x3
 212 005e 04       		.byte	0x4
 213 005f 05       		.byte	0x5
 214 0060 696E7400 		.ascii	"int\000"
 215 0064 02       		.uleb128 0x2
 216 0065 04       		.byte	0x4
 217 0066 07       		.byte	0x7
 218 0067 02010000 		.4byte	.LASF8
 219 006b 04       		.uleb128 0x4
 220 006c 02020000 		.4byte	.LASF12
 221 0070 02       		.byte	0x2
 222 0071 9201     		.2byte	0x192
 223 0073 2C000000 		.4byte	0x2c
 224 0077 02       		.uleb128 0x2
 225 0078 04       		.byte	0x4
 226 0079 04       		.byte	0x4
 227 007a 9B000000 		.4byte	.LASF9
 228 007e 02       		.uleb128 0x2
 229 007f 08       		.byte	0x8
 230 0080 04       		.byte	0x4
 231 0081 D9000000 		.4byte	.LASF10
 232 0085 02       		.uleb128 0x2
 233 0086 01       		.byte	0x1
 234 0087 08       		.byte	0x8
 235 0088 D3010000 		.4byte	.LASF11
 236 008c 04       		.uleb128 0x4
 237 008d AF000000 		.4byte	.LASF13
 238 0091 02       		.byte	0x2
 239 0092 3C02     		.2byte	0x23c
 240 0094 98000000 		.4byte	0x98
 241 0098 05       		.uleb128 0x5
 242 0099 6B000000 		.4byte	0x6b
 243 009d 06       		.uleb128 0x6
 244 009e 01       		.byte	0x1
 245 009f 03       		.byte	0x3
 246 00a0 1D       		.byte	0x1d
 247 00a1 B2000000 		.4byte	0xb2
 248 00a5 07       		.uleb128 0x7
 249 00a6 11020000 		.4byte	.LASF22
 250 00aa 03       		.byte	0x3
 251 00ab 1F       		.byte	0x1f
 252 00ac 6B000000 		.4byte	0x6b
 253 00b0 00       		.byte	0
 254 00b1 00       		.byte	0
 255 00b2 08       		.uleb128 0x8
 256 00b3 26010000 		.4byte	.LASF14
 257 00b7 03       		.byte	0x3
 258 00b8 21       		.byte	0x21
 259 00b9 9D000000 		.4byte	0x9d
 260 00bd 09       		.uleb128 0x9
 261 00be 3A010000 		.4byte	.LASF15
ARM GAS  C:\Users\LUKASC~1\AppData\Local\Temp\ccRj2rZF.s 			page 8


 262 00c2 01       		.byte	0x1
 263 00c3 25       		.byte	0x25
 264 00c4 00000000 		.4byte	.LFB0
 265 00c8 0C000000 		.4byte	.LFE0-.LFB0
 266 00cc 01       		.uleb128 0x1
 267 00cd 9C       		.byte	0x9c
 268 00ce 09       		.uleb128 0x9
 269 00cf E4010000 		.4byte	.LASF16
 270 00d3 01       		.byte	0x1
 271 00d4 39       		.byte	0x39
 272 00d5 00000000 		.4byte	.LFB1
 273 00d9 0C000000 		.4byte	.LFE1-.LFB1
 274 00dd 01       		.uleb128 0x1
 275 00de 9C       		.byte	0x9c
 276 00df 0A       		.uleb128 0xa
 277 00e0 D8010000 		.4byte	.LASF17
 278 00e4 01       		.byte	0x1
 279 00e5 54       		.byte	0x54
 280 00e6 00000000 		.4byte	.LFB2
 281 00ea 1C000000 		.4byte	.LFE2-.LFB2
 282 00ee 01       		.uleb128 0x1
 283 00ef 9C       		.byte	0x9c
 284 00f0 0A       		.uleb128 0xa
 285 00f1 29020000 		.4byte	.LASF18
 286 00f5 01       		.byte	0x1
 287 00f6 70       		.byte	0x70
 288 00f7 00000000 		.4byte	.LFB3
 289 00fb 2C000000 		.4byte	.LFE3-.LFB3
 290 00ff 01       		.uleb128 0x1
 291 0100 9C       		.byte	0x9c
 292 0101 0B       		.uleb128 0xb
 293 0102 00000000 		.4byte	.LASF23
 294 0106 01       		.byte	0x1
 295 0107 14       		.byte	0x14
 296 0108 B2000000 		.4byte	0xb2
 297 010c 05       		.uleb128 0x5
 298 010d 03       		.byte	0x3
 299 010e 00000000 		.4byte	I2S_1_backup
 300 0112 00       		.byte	0
 301              		.section	.debug_abbrev,"",%progbits
 302              	.Ldebug_abbrev0:
 303 0000 01       		.uleb128 0x1
 304 0001 11       		.uleb128 0x11
 305 0002 01       		.byte	0x1
 306 0003 25       		.uleb128 0x25
 307 0004 0E       		.uleb128 0xe
 308 0005 13       		.uleb128 0x13
 309 0006 0B       		.uleb128 0xb
 310 0007 03       		.uleb128 0x3
 311 0008 0E       		.uleb128 0xe
 312 0009 1B       		.uleb128 0x1b
 313 000a 0E       		.uleb128 0xe
 314 000b 55       		.uleb128 0x55
 315 000c 17       		.uleb128 0x17
 316 000d 11       		.uleb128 0x11
 317 000e 01       		.uleb128 0x1
 318 000f 10       		.uleb128 0x10
ARM GAS  C:\Users\LUKASC~1\AppData\Local\Temp\ccRj2rZF.s 			page 9


 319 0010 17       		.uleb128 0x17
 320 0011 00       		.byte	0
 321 0012 00       		.byte	0
 322 0013 02       		.uleb128 0x2
 323 0014 24       		.uleb128 0x24
 324 0015 00       		.byte	0
 325 0016 0B       		.uleb128 0xb
 326 0017 0B       		.uleb128 0xb
 327 0018 3E       		.uleb128 0x3e
 328 0019 0B       		.uleb128 0xb
 329 001a 03       		.uleb128 0x3
 330 001b 0E       		.uleb128 0xe
 331 001c 00       		.byte	0
 332 001d 00       		.byte	0
 333 001e 03       		.uleb128 0x3
 334 001f 24       		.uleb128 0x24
 335 0020 00       		.byte	0
 336 0021 0B       		.uleb128 0xb
 337 0022 0B       		.uleb128 0xb
 338 0023 3E       		.uleb128 0x3e
 339 0024 0B       		.uleb128 0xb
 340 0025 03       		.uleb128 0x3
 341 0026 08       		.uleb128 0x8
 342 0027 00       		.byte	0
 343 0028 00       		.byte	0
 344 0029 04       		.uleb128 0x4
 345 002a 16       		.uleb128 0x16
 346 002b 00       		.byte	0
 347 002c 03       		.uleb128 0x3
 348 002d 0E       		.uleb128 0xe
 349 002e 3A       		.uleb128 0x3a
 350 002f 0B       		.uleb128 0xb
 351 0030 3B       		.uleb128 0x3b
 352 0031 05       		.uleb128 0x5
 353 0032 49       		.uleb128 0x49
 354 0033 13       		.uleb128 0x13
 355 0034 00       		.byte	0
 356 0035 00       		.byte	0
 357 0036 05       		.uleb128 0x5
 358 0037 35       		.uleb128 0x35
 359 0038 00       		.byte	0
 360 0039 49       		.uleb128 0x49
 361 003a 13       		.uleb128 0x13
 362 003b 00       		.byte	0
 363 003c 00       		.byte	0
 364 003d 06       		.uleb128 0x6
 365 003e 13       		.uleb128 0x13
 366 003f 01       		.byte	0x1
 367 0040 0B       		.uleb128 0xb
 368 0041 0B       		.uleb128 0xb
 369 0042 3A       		.uleb128 0x3a
 370 0043 0B       		.uleb128 0xb
 371 0044 3B       		.uleb128 0x3b
 372 0045 0B       		.uleb128 0xb
 373 0046 01       		.uleb128 0x1
 374 0047 13       		.uleb128 0x13
 375 0048 00       		.byte	0
ARM GAS  C:\Users\LUKASC~1\AppData\Local\Temp\ccRj2rZF.s 			page 10


 376 0049 00       		.byte	0
 377 004a 07       		.uleb128 0x7
 378 004b 0D       		.uleb128 0xd
 379 004c 00       		.byte	0
 380 004d 03       		.uleb128 0x3
 381 004e 0E       		.uleb128 0xe
 382 004f 3A       		.uleb128 0x3a
 383 0050 0B       		.uleb128 0xb
 384 0051 3B       		.uleb128 0x3b
 385 0052 0B       		.uleb128 0xb
 386 0053 49       		.uleb128 0x49
 387 0054 13       		.uleb128 0x13
 388 0055 38       		.uleb128 0x38
 389 0056 0B       		.uleb128 0xb
 390 0057 00       		.byte	0
 391 0058 00       		.byte	0
 392 0059 08       		.uleb128 0x8
 393 005a 16       		.uleb128 0x16
 394 005b 00       		.byte	0
 395 005c 03       		.uleb128 0x3
 396 005d 0E       		.uleb128 0xe
 397 005e 3A       		.uleb128 0x3a
 398 005f 0B       		.uleb128 0xb
 399 0060 3B       		.uleb128 0x3b
 400 0061 0B       		.uleb128 0xb
 401 0062 49       		.uleb128 0x49
 402 0063 13       		.uleb128 0x13
 403 0064 00       		.byte	0
 404 0065 00       		.byte	0
 405 0066 09       		.uleb128 0x9
 406 0067 2E       		.uleb128 0x2e
 407 0068 00       		.byte	0
 408 0069 3F       		.uleb128 0x3f
 409 006a 19       		.uleb128 0x19
 410 006b 03       		.uleb128 0x3
 411 006c 0E       		.uleb128 0xe
 412 006d 3A       		.uleb128 0x3a
 413 006e 0B       		.uleb128 0xb
 414 006f 3B       		.uleb128 0x3b
 415 0070 0B       		.uleb128 0xb
 416 0071 27       		.uleb128 0x27
 417 0072 19       		.uleb128 0x19
 418 0073 11       		.uleb128 0x11
 419 0074 01       		.uleb128 0x1
 420 0075 12       		.uleb128 0x12
 421 0076 06       		.uleb128 0x6
 422 0077 40       		.uleb128 0x40
 423 0078 18       		.uleb128 0x18
 424 0079 9742     		.uleb128 0x2117
 425 007b 19       		.uleb128 0x19
 426 007c 00       		.byte	0
 427 007d 00       		.byte	0
 428 007e 0A       		.uleb128 0xa
 429 007f 2E       		.uleb128 0x2e
 430 0080 00       		.byte	0
 431 0081 3F       		.uleb128 0x3f
 432 0082 19       		.uleb128 0x19
ARM GAS  C:\Users\LUKASC~1\AppData\Local\Temp\ccRj2rZF.s 			page 11


 433 0083 03       		.uleb128 0x3
 434 0084 0E       		.uleb128 0xe
 435 0085 3A       		.uleb128 0x3a
 436 0086 0B       		.uleb128 0xb
 437 0087 3B       		.uleb128 0x3b
 438 0088 0B       		.uleb128 0xb
 439 0089 27       		.uleb128 0x27
 440 008a 19       		.uleb128 0x19
 441 008b 11       		.uleb128 0x11
 442 008c 01       		.uleb128 0x1
 443 008d 12       		.uleb128 0x12
 444 008e 06       		.uleb128 0x6
 445 008f 40       		.uleb128 0x40
 446 0090 18       		.uleb128 0x18
 447 0091 9642     		.uleb128 0x2116
 448 0093 19       		.uleb128 0x19
 449 0094 00       		.byte	0
 450 0095 00       		.byte	0
 451 0096 0B       		.uleb128 0xb
 452 0097 34       		.uleb128 0x34
 453 0098 00       		.byte	0
 454 0099 03       		.uleb128 0x3
 455 009a 0E       		.uleb128 0xe
 456 009b 3A       		.uleb128 0x3a
 457 009c 0B       		.uleb128 0xb
 458 009d 3B       		.uleb128 0x3b
 459 009e 0B       		.uleb128 0xb
 460 009f 49       		.uleb128 0x49
 461 00a0 13       		.uleb128 0x13
 462 00a1 02       		.uleb128 0x2
 463 00a2 18       		.uleb128 0x18
 464 00a3 00       		.byte	0
 465 00a4 00       		.byte	0
 466 00a5 00       		.byte	0
 467              		.section	.debug_aranges,"",%progbits
 468 0000 34000000 		.4byte	0x34
 469 0004 0200     		.2byte	0x2
 470 0006 00000000 		.4byte	.Ldebug_info0
 471 000a 04       		.byte	0x4
 472 000b 00       		.byte	0
 473 000c 0000     		.2byte	0
 474 000e 0000     		.2byte	0
 475 0010 00000000 		.4byte	.LFB0
 476 0014 0C000000 		.4byte	.LFE0-.LFB0
 477 0018 00000000 		.4byte	.LFB1
 478 001c 0C000000 		.4byte	.LFE1-.LFB1
 479 0020 00000000 		.4byte	.LFB2
 480 0024 1C000000 		.4byte	.LFE2-.LFB2
 481 0028 00000000 		.4byte	.LFB3
 482 002c 2C000000 		.4byte	.LFE3-.LFB3
 483 0030 00000000 		.4byte	0
 484 0034 00000000 		.4byte	0
 485              		.section	.debug_ranges,"",%progbits
 486              	.Ldebug_ranges0:
 487 0000 00000000 		.4byte	.LFB0
 488 0004 0C000000 		.4byte	.LFE0
 489 0008 00000000 		.4byte	.LFB1
ARM GAS  C:\Users\LUKASC~1\AppData\Local\Temp\ccRj2rZF.s 			page 12


 490 000c 0C000000 		.4byte	.LFE1
 491 0010 00000000 		.4byte	.LFB2
 492 0014 1C000000 		.4byte	.LFE2
 493 0018 00000000 		.4byte	.LFB3
 494 001c 2C000000 		.4byte	.LFE3
 495 0020 00000000 		.4byte	0
 496 0024 00000000 		.4byte	0
 497              		.section	.debug_line,"",%progbits
 498              	.Ldebug_line0:
 499 0000 A0000000 		.section	.debug_str,"MS",%progbits,1
 499      02005000 
 499      00000201 
 499      FB0E0D00 
 499      01010101 
 500              	.LASF23:
 501 0000 4932535F 		.ascii	"I2S_1_backup\000"
 501      315F6261 
 501      636B7570 
 501      00
 502              	.LASF19:
 503 000d 474E5520 		.ascii	"GNU C 4.9.3 20150303 (release) [ARM/embedded-4_9-br"
 503      4320342E 
 503      392E3320 
 503      32303135 
 503      30333033 
 504 0040 616E6368 		.ascii	"anch revision 221220] -mcpu=cortex-m3 -mthumb -g -O"
 504      20726576 
 504      6973696F 
 504      6E203232 
 504      31323230 
 505 0073 30202D66 		.ascii	"0 -ffunction-sections -ffat-lto-objects\000"
 505      66756E63 
 505      74696F6E 
 505      2D736563 
 505      74696F6E 
 506              	.LASF9:
 507 009b 666C6F61 		.ascii	"float\000"
 507      7400
 508              	.LASF1:
 509 00a1 756E7369 		.ascii	"unsigned char\000"
 509      676E6564 
 509      20636861 
 509      7200
 510              	.LASF13:
 511 00af 72656738 		.ascii	"reg8\000"
 511      00
 512              	.LASF5:
 513 00b4 6C6F6E67 		.ascii	"long unsigned int\000"
 513      20756E73 
 513      69676E65 
 513      6420696E 
 513      7400
 514              	.LASF3:
 515 00c6 73686F72 		.ascii	"short unsigned int\000"
 515      7420756E 
 515      7369676E 
 515      65642069 
ARM GAS  C:\Users\LUKASC~1\AppData\Local\Temp\ccRj2rZF.s 			page 13


 515      6E7400
 516              	.LASF10:
 517 00d9 646F7562 		.ascii	"double\000"
 517      6C6500
 518              	.LASF20:
 519 00e0 47656E65 		.ascii	"Generated_Source\\PSoC5\\I2S_1_PM.c\000"
 519      72617465 
 519      645F536F 
 519      75726365 
 519      5C50536F 
 520              	.LASF8:
 521 0102 756E7369 		.ascii	"unsigned int\000"
 521      676E6564 
 521      20696E74 
 521      00
 522              	.LASF7:
 523 010f 6C6F6E67 		.ascii	"long long unsigned int\000"
 523      206C6F6E 
 523      6720756E 
 523      7369676E 
 523      65642069 
 524              	.LASF14:
 525 0126 4932535F 		.ascii	"I2S_1_BACKUP_STRUCT\000"
 525      315F4241 
 525      434B5550 
 525      5F535452 
 525      55435400 
 526              	.LASF15:
 527 013a 4932535F 		.ascii	"I2S_1_SaveConfig\000"
 527      315F5361 
 527      7665436F 
 527      6E666967 
 527      00
 528              	.LASF21:
 529 014b 433A5C55 		.ascii	"C:\\Users\\Lukas Creutzburg\\Documents\\GitHub\\PSo"
 529      73657273 
 529      5C4C756B 
 529      61732043 
 529      72657574 
 530 0179 43354C50 		.ascii	"C5LP-freeDSP-USB-Port\\PSoC_freeDSP_USB_Port\\PSoC5"
 530      2D667265 
 530      65445350 
 530      2D555342 
 530      2D506F72 
 531 01aa 5F555342 		.ascii	"_USB_Sound_Interface.cydsn\000"
 531      5F536F75 
 531      6E645F49 
 531      6E746572 
 531      66616365 
 532              	.LASF6:
 533 01c5 6C6F6E67 		.ascii	"long long int\000"
 533      206C6F6E 
 533      6720696E 
 533      7400
 534              	.LASF11:
 535 01d3 63686172 		.ascii	"char\000"
 535      00
ARM GAS  C:\Users\LUKASC~1\AppData\Local\Temp\ccRj2rZF.s 			page 14


 536              	.LASF17:
 537 01d8 4932535F 		.ascii	"I2S_1_Sleep\000"
 537      315F536C 
 537      65657000 
 538              	.LASF16:
 539 01e4 4932535F 		.ascii	"I2S_1_RestoreConfig\000"
 539      315F5265 
 539      73746F72 
 539      65436F6E 
 539      66696700 
 540              	.LASF2:
 541 01f8 73686F72 		.ascii	"short int\000"
 541      7420696E 
 541      7400
 542              	.LASF12:
 543 0202 75696E74 		.ascii	"uint8\000"
 543      3800
 544              	.LASF4:
 545 0208 6C6F6E67 		.ascii	"long int\000"
 545      20696E74 
 545      00
 546              	.LASF22:
 547 0211 656E6162 		.ascii	"enableState\000"
 547      6C655374 
 547      61746500 
 548              	.LASF0:
 549 021d 7369676E 		.ascii	"signed char\000"
 549      65642063 
 549      68617200 
 550              	.LASF18:
 551 0229 4932535F 		.ascii	"I2S_1_Wakeup\000"
 551      315F5761 
 551      6B657570 
 551      00
 552              		.ident	"GCC: (GNU Tools for ARM Embedded Processors) 4.9.3 20150303 (release) [ARM/embedded-4_9-br
