ARM GAS  C:\Users\LUKASC~1\AppData\Local\Temp\cc8bq36g.s 			page 1


   1              		.syntax unified
   2              		.cpu cortex-m3
   3              		.fpu softvfp
   4              		.eabi_attribute 20, 1
   5              		.eabi_attribute 21, 1
   6              		.eabi_attribute 23, 3
   7              		.eabi_attribute 24, 1
   8              		.eabi_attribute 25, 1
   9              		.eabi_attribute 26, 1
  10              		.eabi_attribute 30, 6
  11              		.eabi_attribute 34, 1
  12              		.eabi_attribute 18, 4
  13              		.thumb
  14              		.file	"main.c"
  15              		.text
  16              	.Ltext0:
  17              		.cfi_sections	.debug_frame
  18              		.comm	soundBuffer,320,4
  19              		.global	outIndex
  20              		.bss
  21              		.align	1
  22              		.type	outIndex, %object
  23              		.size	outIndex, 2
  24              	outIndex:
  25 0000 0000     		.space	2
  26              		.global	inIndex
  27              		.align	1
  28              		.type	inIndex, %object
  29              		.size	inIndex, 2
  30              	inIndex:
  31 0002 0000     		.space	2
  32              		.global	syncDma
  33              		.type	syncDma, %object
  34              		.size	syncDma, 1
  35              	syncDma:
  36 0004 00       		.space	1
  37              		.global	syncDmaCounter
  38              		.type	syncDmaCounter, %object
  39              		.size	syncDmaCounter, 1
  40              	syncDmaCounter:
  41 0005 00       		.space	1
  42              		.comm	VdacOutDmaCh,1,1
  43              		.comm	VdacOutDmaTd,10,4
  44              		.section	.text.main,"ax",%progbits
  45              		.align	2
  46              		.global	main
  47              		.thumb
  48              		.thumb_func
  49              		.type	main, %function
  50              	main:
  51              	.LFB63:
  52              		.file 1 "main.c"
   1:main.c        **** /*******************************************************************************
   2:main.c        **** * File Name: main.c
   3:main.c        **** *
   4:main.c        **** * Version: 2.0
   5:main.c        **** *
ARM GAS  C:\Users\LUKASC~1\AppData\Local\Temp\cc8bq36g.s 			page 2


   6:main.c        **** * Description:
   7:main.c        **** *  This USB example project implements a USB Audio Device that connects to the
   8:main.c        **** *  PC via the USB interface. The USB Audio Device does not require a special
   9:main.c        **** *  USB driver, because the USB Audio support is already built into Windows.
  10:main.c        **** *  The device appears in the system as a mono speaker with 8-bit resolution and
  11:main.c        **** *  a sample rate of 32 kHz.
  12:main.c        **** *
  13:main.c        **** ********************************************************************************
  14:main.c        **** * Copyright 2012-2015, Cypress Semiconductor Corporation. All rights reserved.
  15:main.c        **** * This software is owned by Cypress Semiconductor Corporation and is protected
  16:main.c        **** * by and subject to worldwide patent and copyright laws and treaties.
  17:main.c        **** * Therefore, you may use this software only as provided in the license agreement
  18:main.c        **** * accompanying the software package from which you obtained this software.
  19:main.c        **** * CYPRESS AND ITS SUPPLIERS MAKE NO WARRANTY OF ANY KIND, EXPRESS OR IMPLIED,
  20:main.c        **** * WITH REGARD TO THIS SOFTWARE, INCLUDING, BUT NOT LIMITED TO, NONINFRINGEMENT,
  21:main.c        **** * IMPLIED WARRANTIES OF MERCHANTABILITY AND FITNESS FOR A PARTICULAR PURPOSE.
  22:main.c        **** *******************************************************************************/
  23:main.c        **** 
  24:main.c        **** #include <project.h>
  25:main.c        **** 
  26:main.c        **** /* UBSFS device constants. */
  27:main.c        **** #define USBFS_AUDIO_DEVICE  (0u)
  28:main.c        **** #define AUDIO_INTERFACE     (1u)
  29:main.c        **** #define OUT_EP_NUM          (2u)
  30:main.c        **** 
  31:main.c        **** /* Audio buffer constants. */
  32:main.c        **** #define TRANSFER_SIZE   (32u)
  33:main.c        **** #define NUM_OF_BUFFERS  (10u)
  34:main.c        **** #define BUFFER_SIZE     (TRANSFER_SIZE * NUM_OF_BUFFERS)
  35:main.c        **** 
  36:main.c        **** /* Circular buffer for audio stream. */
  37:main.c        **** uint8 soundBuffer[BUFFER_SIZE];
  38:main.c        **** volatile uint16 outIndex = 0u;
  39:main.c        **** volatile uint16 inIndex  = 0u;
  40:main.c        **** 
  41:main.c        **** /* Variables used to manage DMA. */
  42:main.c        **** volatile uint8 syncDma = 0u;
  43:main.c        **** volatile uint8 syncDmaCounter = 0u;
  44:main.c        **** 
  45:main.c        **** /* Variable declarations for VDACoutDMA. */
  46:main.c        **** uint8 VdacOutDmaCh;
  47:main.c        **** uint8 VdacOutDmaTd[NUM_OF_BUFFERS];
  48:main.c        **** 
  49:main.c        **** /* DMA Configuration for VDACoutDMA (Memory to VDAC) */
  50:main.c        **** #define VDAC_DMA_BYTES_PER_BURST    (1u)
  51:main.c        **** #define VDAC_DMA_REQUEST_PER_BURST  (1u)
  52:main.c        **** #define VDAC_DMA_TD_TERMOUT_EN      (VdacDma__TD_TERMOUT_EN)
  53:main.c        **** #define VDAC_DMA_DST_BASE           (CYDEV_PERIPH_BASE)
  54:main.c        **** #define VDAC_DMA_SRC_BASE           (CY_PSOC5LP) ? ((uint32) soundBuffer) : (CYDEV_SRAM_BASE)
  55:main.c        **** #define VDAC_DMA_ENABLE_PRESERVE_TD (1u)
  56:main.c        **** 
  57:main.c        **** CY_ISR_PROTO(VdacDmaDone);
  58:main.c        **** 
  59:main.c        **** /*******************************************************************************
  60:main.c        **** * Function Name: main
  61:main.c        **** ********************************************************************************
  62:main.c        **** *
ARM GAS  C:\Users\LUKASC~1\AppData\Local\Temp\cc8bq36g.s 			page 3


  63:main.c        **** * Summary:
  64:main.c        **** *
  65:main.c        **** *  The main function performs the following actions:
  66:main.c        **** *   1. Initializes LCD and VDAC components.
  67:main.c        **** *   2. Configures the DMA channel and transfers the descriptors.
  68:main.c        **** *      The source is souundBuffer (SRAM) and the destination is the VDAC data register.
  69:main.c        **** *   3. Starts the USBFS component and waits until the device is got enumerated
  70:main.c        **** *      by the host.
  71:main.c        **** *   4. When the PC starts streaming, the DMA starts copying data into the VDAC with
  72:main.c        **** *      the 32-kHz frequency. None of the synchronization methods is implemented:
  73:main.c        **** *      If the PC (source) transfers data faster than the device (sink), transfers it  ????
  74:main.c        **** *      to VDAC the extra samples are dropped.
  75:main.c        **** *      If the PC (source) transfers data slower than the device (sink), transfers it  ????
  76:main.c        **** *      to VDAC the transfer is stopped and starts after the buffer is half-full.
  77:main.c        **** *
  78:main.c        **** * Parameters:
  79:main.c        **** *  None.
  80:main.c        **** *
  81:main.c        **** * Return:
  82:main.c        **** *  None.
  83:main.c        **** *
  84:main.c        **** *******************************************************************************/
  85:main.c        **** int main()
  86:main.c        **** {
  53              		.loc 1 86 0
  54              		.cfi_startproc
  55              		@ args = 0, pretend = 0, frame = 8
  56              		@ frame_needed = 1, uses_anonymous_args = 0
  57 0000 90B5     		push	{r4, r7, lr}
  58              		.cfi_def_cfa_offset 12
  59              		.cfi_offset 4, -12
  60              		.cfi_offset 7, -8
  61              		.cfi_offset 14, -4
  62 0002 83B0     		sub	sp, sp, #12
  63              		.cfi_def_cfa_offset 24
  64 0004 00AF     		add	r7, sp, #0
  65              		.cfi_def_cfa_register 7
  87:main.c        ****     uint8 i;
  88:main.c        ****     uint8 skipNextOut = 0u;
  66              		.loc 1 88 0
  67 0006 0023     		movs	r3, #0
  68 0008 BB71     		strb	r3, [r7, #6]
  89:main.c        **** 
  90:main.c        ****     /* Initialize DMA channel. */
  91:main.c        ****     VdacOutDmaCh = VdacDma_DmaInitialize(VDAC_DMA_BYTES_PER_BURST, VDAC_DMA_REQUEST_PER_BURST,
  92:main.c        ****                                             HI16(VDAC_DMA_SRC_BASE), HI16(VDAC_DMA_DST_BASE));
  69              		.loc 1 92 0
  70 000a 774B     		ldr	r3, .L18
  71 000c 1B0C     		lsrs	r3, r3, #16
  91:main.c        ****                                             HI16(VDAC_DMA_SRC_BASE), HI16(VDAC_DMA_DST_BASE));
  72              		.loc 1 91 0
  73 000e 9BB2     		uxth	r3, r3
  74 0010 0120     		movs	r0, #1
  75 0012 0121     		movs	r1, #1
  76 0014 1A46     		mov	r2, r3
  77 0016 4FF48043 		mov	r3, #16384
  78 001a FFF7FEFF 		bl	VdacDma_DmaInitialize
ARM GAS  C:\Users\LUKASC~1\AppData\Local\Temp\cc8bq36g.s 			page 4


  79 001e 0346     		mov	r3, r0
  80 0020 1A46     		mov	r2, r3
  81 0022 724B     		ldr	r3, .L18+4
  82 0024 1A70     		strb	r2, [r3]
  93:main.c        **** 
  94:main.c        ****     /* Allocate transfer descriptors for each buffer chunk. */
  95:main.c        ****     for (i = 0u; i < NUM_OF_BUFFERS; ++i)
  83              		.loc 1 95 0
  84 0026 0023     		movs	r3, #0
  85 0028 FB71     		strb	r3, [r7, #7]
  86 002a 09E0     		b	.L2
  87              	.L3:
  96:main.c        ****     {
  97:main.c        ****         VdacOutDmaTd[i] = CyDmaTdAllocate();
  88              		.loc 1 97 0 discriminator 3
  89 002c FC79     		ldrb	r4, [r7, #7]	@ zero_extendqisi2
  90 002e FFF7FEFF 		bl	CyDmaTdAllocate
  91 0032 0346     		mov	r3, r0
  92 0034 1A46     		mov	r2, r3
  93 0036 6E4B     		ldr	r3, .L18+8
  94 0038 1A55     		strb	r2, [r3, r4]
  95:main.c        ****     {
  95              		.loc 1 95 0 discriminator 3
  96 003a FB79     		ldrb	r3, [r7, #7]
  97 003c 0133     		adds	r3, r3, #1
  98 003e FB71     		strb	r3, [r7, #7]
  99              	.L2:
  95:main.c        ****     {
 100              		.loc 1 95 0 is_stmt 0 discriminator 1
 101 0040 FB79     		ldrb	r3, [r7, #7]	@ zero_extendqisi2
 102 0042 092B     		cmp	r3, #9
 103 0044 F2D9     		bls	.L3
  98:main.c        ****     }
  99:main.c        **** 
 100:main.c        ****     /* Configure DMA transfer descriptors. */
 101:main.c        ****     for (i = 0u; i < (NUM_OF_BUFFERS - 1u); ++i)
 104              		.loc 1 101 0 is_stmt 1
 105 0046 0023     		movs	r3, #0
 106 0048 FB71     		strb	r3, [r7, #7]
 107 004a 0FE0     		b	.L4
 108              	.L5:
 102:main.c        ****     {
 103:main.c        ****         /* Chain current and next DMA transfer descriptors to be in row. */
 104:main.c        ****         CyDmaTdSetConfiguration(VdacOutDmaTd[i], TRANSFER_SIZE, VdacOutDmaTd[i + 1u],
 109              		.loc 1 104 0 discriminator 3
 110 004c FB79     		ldrb	r3, [r7, #7]	@ zero_extendqisi2
 111 004e 684A     		ldr	r2, .L18+8
 112 0050 D15C     		ldrb	r1, [r2, r3]	@ zero_extendqisi2
 113 0052 FB79     		ldrb	r3, [r7, #7]	@ zero_extendqisi2
 114 0054 0133     		adds	r3, r3, #1
 115 0056 664A     		ldr	r2, .L18+8
 116 0058 D35C     		ldrb	r3, [r2, r3]	@ zero_extendqisi2
 117 005a 0846     		mov	r0, r1
 118 005c 2021     		movs	r1, #32
 119 005e 1A46     		mov	r2, r3
 120 0060 0523     		movs	r3, #5
 121 0062 FFF7FEFF 		bl	CyDmaTdSetConfiguration
ARM GAS  C:\Users\LUKASC~1\AppData\Local\Temp\cc8bq36g.s 			page 5


 101:main.c        ****     {
 122              		.loc 1 101 0 discriminator 3
 123 0066 FB79     		ldrb	r3, [r7, #7]
 124 0068 0133     		adds	r3, r3, #1
 125 006a FB71     		strb	r3, [r7, #7]
 126              	.L4:
 101:main.c        ****     {
 127              		.loc 1 101 0 is_stmt 0 discriminator 1
 128 006c FB79     		ldrb	r3, [r7, #7]	@ zero_extendqisi2
 129 006e 082B     		cmp	r3, #8
 130 0070 ECD9     		bls	.L5
 105:main.c        ****                                 (TD_INC_SRC_ADR | VDAC_DMA_TD_TERMOUT_EN));
 106:main.c        ****     }
 107:main.c        ****     /* Chain last and 1st DMA transfer descriptors to make cyclic buffer. */
 108:main.c        ****     CyDmaTdSetConfiguration(VdacOutDmaTd[NUM_OF_BUFFERS - 1u], TRANSFER_SIZE, VdacOutDmaTd[0u],
 131              		.loc 1 108 0 is_stmt 1
 132 0072 5F4B     		ldr	r3, .L18+8
 133 0074 5A7A     		ldrb	r2, [r3, #9]	@ zero_extendqisi2
 134 0076 5E4B     		ldr	r3, .L18+8
 135 0078 1B78     		ldrb	r3, [r3]	@ zero_extendqisi2
 136 007a 1046     		mov	r0, r2
 137 007c 2021     		movs	r1, #32
 138 007e 1A46     		mov	r2, r3
 139 0080 0523     		movs	r3, #5
 140 0082 FFF7FEFF 		bl	CyDmaTdSetConfiguration
 109:main.c        ****                                 (TD_INC_SRC_ADR | VDAC_DMA_TD_TERMOUT_EN));
 110:main.c        **** 
 111:main.c        **** 
 112:main.c        ****     for (i = 0u; i < NUM_OF_BUFFERS; i++)
 141              		.loc 1 112 0
 142 0086 0023     		movs	r3, #0
 143 0088 FB71     		strb	r3, [r7, #7]
 144 008a 10E0     		b	.L6
 145              	.L7:
 113:main.c        ****     {
 114:main.c        ****         /* Set source and destination addresses. */
 115:main.c        ****         CyDmaTdSetAddress(VdacOutDmaTd[i], LO16((uint32) &soundBuffer[i * TRANSFER_SIZE]),
 146              		.loc 1 115 0 discriminator 3
 147 008c FB79     		ldrb	r3, [r7, #7]	@ zero_extendqisi2
 148 008e 584A     		ldr	r2, .L18+8
 149 0090 D15C     		ldrb	r1, [r2, r3]	@ zero_extendqisi2
 150 0092 FB79     		ldrb	r3, [r7, #7]	@ zero_extendqisi2
 151 0094 5B01     		lsls	r3, r3, #5
 152 0096 544A     		ldr	r2, .L18
 153 0098 1344     		add	r3, r3, r2
 154 009a 9BB2     		uxth	r3, r3
 155 009c 0846     		mov	r0, r1
 156 009e 1946     		mov	r1, r3
 157 00a0 45F68232 		movw	r2, #23426
 158 00a4 FFF7FEFF 		bl	CyDmaTdSetAddress
 112:main.c        ****     {
 159              		.loc 1 112 0 discriminator 3
 160 00a8 FB79     		ldrb	r3, [r7, #7]	@ zero_extendqisi2
 161 00aa 0133     		adds	r3, r3, #1
 162 00ac FB71     		strb	r3, [r7, #7]
 163              	.L6:
 112:main.c        ****     {
ARM GAS  C:\Users\LUKASC~1\AppData\Local\Temp\cc8bq36g.s 			page 6


 164              		.loc 1 112 0 is_stmt 0 discriminator 1
 165 00ae FB79     		ldrb	r3, [r7, #7]	@ zero_extendqisi2
 166 00b0 092B     		cmp	r3, #9
 167 00b2 EBD9     		bls	.L7
 116:main.c        ****                                            LO16((uint32) VDAC8_Data_PTR));
 117:main.c        ****     }
 118:main.c        **** 
 119:main.c        ****     /* Set 1st transfer descriptor to execute. */
 120:main.c        ****     CyDmaChSetInitialTd(VdacOutDmaCh, VdacOutDmaTd[0u]);
 168              		.loc 1 120 0 is_stmt 1
 169 00b4 4D4B     		ldr	r3, .L18+4
 170 00b6 1A78     		ldrb	r2, [r3]	@ zero_extendqisi2
 171 00b8 4D4B     		ldr	r3, .L18+8
 172 00ba 1B78     		ldrb	r3, [r3]	@ zero_extendqisi2
 173 00bc 1046     		mov	r0, r2
 174 00be 1946     		mov	r1, r3
 175 00c0 FFF7FEFF 		bl	CyDmaChSetInitialTd
 121:main.c        **** 
 122:main.c        ****     /* Start DMA completion interrupt. */
 123:main.c        ****     DmaDone_StartEx(&VdacDmaDone);
 176              		.loc 1 123 0
 177 00c4 4B48     		ldr	r0, .L18+12
 178 00c6 FFF7FEFF 		bl	DmaDone_StartEx
 124:main.c        **** 
 125:main.c        ****     CyGlobalIntEnable;
 179              		.loc 1 125 0
 180              	@ 125 "main.c" 1
 181 00ca 62B6     		CPSIE   i
 182              	@ 0 "" 2
 126:main.c        **** 
 127:main.c        ****     /* Start USBFS Operation with 5V operation. */
 128:main.c        ****     USBFS_Start(USBFS_AUDIO_DEVICE, USBFS_5V_OPERATION);
 183              		.loc 1 128 0
 184              		.thumb
 185 00cc 0020     		movs	r0, #0
 186 00ce 0121     		movs	r1, #1
 187 00d0 FFF7FEFF 		bl	USBFS_Start
 129:main.c        ****     I2S_1_Start();
 188              		.loc 1 129 0
 189 00d4 FFF7FEFF 		bl	I2S_1_Start
 130:main.c        **** 
 131:main.c        ****     /* Wait for device enumeration. */
 132:main.c        ****     while (0u == USBFS_GetConfiguration())
 190              		.loc 1 132 0
 191 00d8 00BF     		nop
 192              	.L8:
 193              		.loc 1 132 0 is_stmt 0 discriminator 1
 194 00da FFF7FEFF 		bl	USBFS_GetConfiguration
 195 00de 0346     		mov	r3, r0
 196 00e0 002B     		cmp	r3, #0
 197 00e2 FAD0     		beq	.L8
 198              	.L17:
 133:main.c        ****     {
 134:main.c        ****     }
 135:main.c        **** 
 136:main.c        ****     for(;;)
 137:main.c        ****     {
ARM GAS  C:\Users\LUKASC~1\AppData\Local\Temp\cc8bq36g.s 			page 7


 138:main.c        ****         /* Check if configuration or interface settings are changed. */
 139:main.c        ****         if (0u != USBFS_IsConfigurationChanged())
 199              		.loc 1 139 0 is_stmt 1
 200 00e4 FFF7FEFF 		bl	USBFS_IsConfigurationChanged
 201 00e8 0346     		mov	r3, r0
 202 00ea 002B     		cmp	r3, #0
 203 00ec 1BD0     		beq	.L9
 140:main.c        ****         {
 141:main.c        ****             /* Check active alternate setting. */
 142:main.c        ****             if ((0u != USBFS_GetConfiguration()) &&
 204              		.loc 1 142 0
 205 00ee FFF7FEFF 		bl	USBFS_GetConfiguration
 206 00f2 0346     		mov	r3, r0
 207 00f4 002B     		cmp	r3, #0
 208 00f6 16D0     		beq	.L9
 143:main.c        ****                 (0u != USBFS_GetInterfaceSetting(AUDIO_INTERFACE)))
 209              		.loc 1 143 0 discriminator 1
 210 00f8 0120     		movs	r0, #1
 211 00fa FFF7FEFF 		bl	USBFS_GetInterfaceSetting
 212 00fe 0346     		mov	r3, r0
 142:main.c        ****                 (0u != USBFS_GetInterfaceSetting(AUDIO_INTERFACE)))
 213              		.loc 1 142 0 discriminator 1
 214 0100 002B     		cmp	r3, #0
 215 0102 10D0     		beq	.L9
 144:main.c        ****             {
 145:main.c        ****                 /* Alternate settings 1: Audio is streaming. */
 146:main.c        **** 
 147:main.c        ****                 /* Reset variables. */
 148:main.c        ****                 inIndex  = 0u;
 216              		.loc 1 148 0
 217 0104 3C4B     		ldr	r3, .L18+16
 218 0106 0022     		movs	r2, #0
 219 0108 1A80     		strh	r2, [r3]	@ movhi
 149:main.c        ****                 outIndex = 0u;
 220              		.loc 1 149 0
 221 010a 3C4B     		ldr	r3, .L18+20
 222 010c 0022     		movs	r2, #0
 223 010e 1A80     		strh	r2, [r3]	@ movhi
 150:main.c        ****                 syncDma  = 0u;
 224              		.loc 1 150 0
 225 0110 3B4B     		ldr	r3, .L18+24
 226 0112 0022     		movs	r2, #0
 227 0114 1A70     		strb	r2, [r3]
 151:main.c        ****                 skipNextOut = 0u;
 228              		.loc 1 151 0
 229 0116 0023     		movs	r3, #0
 230 0118 BB71     		strb	r3, [r7, #6]
 152:main.c        ****                 syncDmaCounter = 0u;
 231              		.loc 1 152 0
 232 011a 3A4B     		ldr	r3, .L18+28
 233 011c 0022     		movs	r2, #0
 234 011e 1A70     		strb	r2, [r3]
 153:main.c        **** 
 154:main.c        ****                 /* Enable OUT endpoint to receive audio stream. */
 155:main.c        ****                 USBFS_EnableOutEP(OUT_EP_NUM);
 235              		.loc 1 155 0
 236 0120 0220     		movs	r0, #2
ARM GAS  C:\Users\LUKASC~1\AppData\Local\Temp\cc8bq36g.s 			page 8


 237 0122 FFF7FEFF 		bl	USBFS_EnableOutEP
 238              	.L9:
 156:main.c        **** 
 157:main.c        ****             }
 158:main.c        ****             else
 159:main.c        ****             {
 160:main.c        ****                 /* Alternate settings 0: Audio is not streaming (mute). */
 161:main.c        **** 
 162:main.c        ****             }
 163:main.c        ****         }
 164:main.c        **** 
 165:main.c        ****         if (USBFS_OUT_BUFFER_FULL == USBFS_GetEPState(OUT_EP_NUM))
 239              		.loc 1 165 0
 240 0126 0220     		movs	r0, #2
 241 0128 FFF7FEFF 		bl	USBFS_GetEPState
 242 012c 0346     		mov	r3, r0
 243 012e 012B     		cmp	r3, #1
 244 0130 45D1     		bne	.L10
 166:main.c        ****         {
 167:main.c        ****             if (0u == skipNextOut)
 245              		.loc 1 167 0
 246 0132 BB79     		ldrb	r3, [r7, #6]	@ zero_extendqisi2
 247 0134 002B     		cmp	r3, #0
 248 0136 33D1     		bne	.L11
 168:main.c        ****             {
 169:main.c        ****                 /* Trigger DMA to copy data from OUT endpoint buffer. */
 170:main.c        ****                 USBFS_ReadOutEP(OUT_EP_NUM, &soundBuffer[inIndex * TRANSFER_SIZE],
 249              		.loc 1 170 0
 250 0138 2F4B     		ldr	r3, .L18+16
 251 013a 1B88     		ldrh	r3, [r3]	@ movhi
 252 013c 9BB2     		uxth	r3, r3
 253 013e 5B01     		lsls	r3, r3, #5
 254 0140 294A     		ldr	r2, .L18
 255 0142 1344     		add	r3, r3, r2
 256 0144 0220     		movs	r0, #2
 257 0146 1946     		mov	r1, r3
 258 0148 2022     		movs	r2, #32
 259 014a FFF7FEFF 		bl	USBFS_ReadOutEP
 171:main.c        ****                                             TRANSFER_SIZE);
 172:main.c        **** 
 173:main.c        ****                 /* Wait until DMA completes copying data from OUT endpoint buffer. */
 174:main.c        ****                 while (USBFS_OUT_BUFFER_FULL == USBFS_GetEPState(OUT_EP_NUM))
 260              		.loc 1 174 0
 261 014e 00BF     		nop
 262              	.L12:
 263              		.loc 1 174 0 is_stmt 0 discriminator 1
 264 0150 0220     		movs	r0, #2
 265 0152 FFF7FEFF 		bl	USBFS_GetEPState
 266 0156 0346     		mov	r3, r0
 267 0158 012B     		cmp	r3, #1
 268 015a F9D0     		beq	.L12
 175:main.c        ****                 {
 176:main.c        ****                 }
 177:main.c        **** 
 178:main.c        ****                 /* Move to the next buffer location and adjust to be within
 179:main.c        ****                 * buffer size. Lock from DmaDone interruption.
 180:main.c        ****                 */
ARM GAS  C:\Users\LUKASC~1\AppData\Local\Temp\cc8bq36g.s 			page 9


 181:main.c        ****                 DmaDone_Disable();
 269              		.loc 1 181 0 is_stmt 1
 270 015c FFF7FEFF 		bl	DmaDone_Disable
 182:main.c        ****                 ++inIndex;
 271              		.loc 1 182 0
 272 0160 254B     		ldr	r3, .L18+16
 273 0162 1B88     		ldrh	r3, [r3]	@ movhi
 274 0164 9BB2     		uxth	r3, r3
 275 0166 0133     		adds	r3, r3, #1
 276 0168 9AB2     		uxth	r2, r3
 277 016a 234B     		ldr	r3, .L18+16
 278 016c 1A80     		strh	r2, [r3]	@ movhi
 183:main.c        ****                 inIndex = (inIndex >= NUM_OF_BUFFERS) ? 0u : inIndex;
 279              		.loc 1 183 0
 280 016e 224B     		ldr	r3, .L18+16
 281 0170 1B88     		ldrh	r3, [r3]	@ movhi
 282 0172 9BB2     		uxth	r3, r3
 283 0174 092B     		cmp	r3, #9
 284 0176 03D8     		bhi	.L13
 285              		.loc 1 183 0 is_stmt 0 discriminator 1
 286 0178 1F4B     		ldr	r3, .L18+16
 287 017a 1B88     		ldrh	r3, [r3]	@ movhi
 288 017c 9BB2     		uxth	r3, r3
 289 017e 00E0     		b	.L14
 290              	.L13:
 291              		.loc 1 183 0 discriminator 2
 292 0180 0023     		movs	r3, #0
 293              	.L14:
 294              		.loc 1 183 0 discriminator 4
 295 0182 1D4A     		ldr	r2, .L18+16
 296 0184 1380     		strh	r3, [r2]	@ movhi
 184:main.c        ****                 DmaDone_Enable();
 297              		.loc 1 184 0 is_stmt 1 discriminator 4
 298 0186 FFF7FEFF 		bl	DmaDone_Enable
 185:main.c        ****                 ++syncDmaCounter;
 299              		.loc 1 185 0 discriminator 4
 300 018a 1E4B     		ldr	r3, .L18+28
 301 018c 1B78     		ldrb	r3, [r3]
 302 018e DBB2     		uxtb	r3, r3
 303 0190 0133     		adds	r3, r3, #1
 304 0192 DAB2     		uxtb	r2, r3
 305 0194 1B4B     		ldr	r3, .L18+28
 306 0196 1A70     		strb	r2, [r3]
 186:main.c        **** 
 187:main.c        ****                 /* Enable OUT endpoint to receive data from host. */
 188:main.c        ****                 USBFS_EnableOutEP(OUT_EP_NUM);
 307              		.loc 1 188 0 discriminator 4
 308 0198 0220     		movs	r0, #2
 309 019a FFF7FEFF 		bl	USBFS_EnableOutEP
 310 019e 04E0     		b	.L15
 311              	.L11:
 189:main.c        ****             }
 190:main.c        ****             else
 191:main.c        ****             {
 192:main.c        ****                 /* Ignore received data from host and arm OUT endpoint
 193:main.c        ****                 * without reading if overflow is detected.
 194:main.c        ****                 */
ARM GAS  C:\Users\LUKASC~1\AppData\Local\Temp\cc8bq36g.s 			page 10


 195:main.c        ****                 USBFS_EnableOutEP(OUT_EP_NUM);
 312              		.loc 1 195 0
 313 01a0 0220     		movs	r0, #2
 314 01a2 FFF7FEFF 		bl	USBFS_EnableOutEP
 196:main.c        ****                 skipNextOut = 0u;
 315              		.loc 1 196 0
 316 01a6 0023     		movs	r3, #0
 317 01a8 BB71     		strb	r3, [r7, #6]
 318              	.L15:
 197:main.c        ****             }
 198:main.c        **** 
 199:main.c        ****             /* When internal 32-kHz clock is slower, compare to PC traffic
 200:main.c        ****             * then skip next transfer from PC.
 201:main.c        ****             */
 202:main.c        ****             if (outIndex == inIndex)
 319              		.loc 1 202 0
 320 01aa 144B     		ldr	r3, .L18+20
 321 01ac 1B88     		ldrh	r3, [r3]	@ movhi
 322 01ae 9AB2     		uxth	r2, r3
 323 01b0 114B     		ldr	r3, .L18+16
 324 01b2 1B88     		ldrh	r3, [r3]	@ movhi
 325 01b4 9BB2     		uxth	r3, r3
 326 01b6 9A42     		cmp	r2, r3
 327 01b8 01D1     		bne	.L10
 203:main.c        ****             {
 204:main.c        ****                 skipNextOut = 1u;
 328              		.loc 1 204 0
 329 01ba 0123     		movs	r3, #1
 330 01bc BB71     		strb	r3, [r7, #6]
 331              	.L10:
 205:main.c        ****             }
 206:main.c        ****         }
 207:main.c        **** 
 208:main.c        ****         /* Enable DMA transfers when sound buffer is half-full. */
 209:main.c        ****         if ((0u == syncDma) && (syncDmaCounter == (NUM_OF_BUFFERS / 2u)))
 332              		.loc 1 209 0
 333 01be 104B     		ldr	r3, .L18+24
 334 01c0 1B78     		ldrb	r3, [r3]
 335 01c2 DBB2     		uxtb	r3, r3
 336 01c4 002B     		cmp	r3, #0
 337 01c6 0DD1     		bne	.L16
 338              		.loc 1 209 0 is_stmt 0 discriminator 1
 339 01c8 0E4B     		ldr	r3, .L18+28
 340 01ca 1B78     		ldrb	r3, [r3]
 341 01cc DBB2     		uxtb	r3, r3
 342 01ce 052B     		cmp	r3, #5
 343 01d0 08D1     		bne	.L16
 210:main.c        ****         {
 211:main.c        ****             /* Start DMA operation. */
 212:main.c        ****             CyDmaChEnable(VdacOutDmaCh, VDAC_DMA_ENABLE_PRESERVE_TD);
 344              		.loc 1 212 0 is_stmt 1
 345 01d2 064B     		ldr	r3, .L18+4
 346 01d4 1B78     		ldrb	r3, [r3]	@ zero_extendqisi2
 347 01d6 1846     		mov	r0, r3
 348 01d8 0121     		movs	r1, #1
 349 01da FFF7FEFF 		bl	CyDmaChEnable
 213:main.c        **** 
ARM GAS  C:\Users\LUKASC~1\AppData\Local\Temp\cc8bq36g.s 			page 11


 214:main.c        ****             /* Disable underflow delayed start. */
 215:main.c        ****             syncDma = 1u;
 350              		.loc 1 215 0
 351 01de 084B     		ldr	r3, .L18+24
 352 01e0 0122     		movs	r2, #1
 353 01e2 1A70     		strb	r2, [r3]
 354              	.L16:
 216:main.c        ****         }
 217:main.c        ****     }
 355              		.loc 1 217 0
 356 01e4 7EE7     		b	.L17
 357              	.L19:
 358 01e6 00BF     		.align	2
 359              	.L18:
 360 01e8 00000000 		.word	soundBuffer
 361 01ec 00000000 		.word	VdacOutDmaCh
 362 01f0 00000000 		.word	VdacOutDmaTd
 363 01f4 00000000 		.word	VdacDmaDone
 364 01f8 00000000 		.word	inIndex
 365 01fc 00000000 		.word	outIndex
 366 0200 00000000 		.word	syncDma
 367 0204 00000000 		.word	syncDmaCounter
 368              		.cfi_endproc
 369              	.LFE63:
 370              		.size	main, .-main
 371              		.section	.text.VdacDmaDone,"ax",%progbits
 372              		.align	2
 373              		.global	VdacDmaDone
 374              		.thumb
 375              		.thumb_func
 376              		.type	VdacDmaDone, %function
 377              	VdacDmaDone:
 378              	.LFB64:
 218:main.c        **** }
 219:main.c        **** 
 220:main.c        **** 
 221:main.c        **** /*******************************************************************************
 222:main.c        **** * Function Name: VdacDmaDone
 223:main.c        **** ********************************************************************************
 224:main.c        **** *
 225:main.c        **** * Summary:
 226:main.c        **** *  The Interrupt Service Routine for a DMA transfer completion event. The DMA is
 227:main.c        **** *  stopped when there is no data to send.
 228:main.c        **** *
 229:main.c        **** * Parameters:
 230:main.c        **** *  None.
 231:main.c        **** *
 232:main.c        **** * Return:
 233:main.c        **** *  None.
 234:main.c        **** *
 235:main.c        **** *******************************************************************************/
 236:main.c        **** CY_ISR(VdacDmaDone)
 237:main.c        **** {
 379              		.loc 1 237 0
 380              		.cfi_startproc
 381              		@ args = 0, pretend = 0, frame = 0
 382              		@ frame_needed = 1, uses_anonymous_args = 0
ARM GAS  C:\Users\LUKASC~1\AppData\Local\Temp\cc8bq36g.s 			page 12


 383 0000 80B5     		push	{r7, lr}
 384              		.cfi_def_cfa_offset 8
 385              		.cfi_offset 7, -8
 386              		.cfi_offset 14, -4
 387 0002 00AF     		add	r7, sp, #0
 388              		.cfi_def_cfa_register 7
 238:main.c        ****     /* Move to next buffer location and adjust to be within buffer size. */
 239:main.c        ****     ++outIndex;
 389              		.loc 1 239 0
 390 0004 134B     		ldr	r3, .L24
 391 0006 1B88     		ldrh	r3, [r3]	@ movhi
 392 0008 9BB2     		uxth	r3, r3
 393 000a 0133     		adds	r3, r3, #1
 394 000c 9AB2     		uxth	r2, r3
 395 000e 114B     		ldr	r3, .L24
 396 0010 1A80     		strh	r2, [r3]	@ movhi
 240:main.c        ****     outIndex = (outIndex >= NUM_OF_BUFFERS) ? 0u : outIndex;
 397              		.loc 1 240 0
 398 0012 104B     		ldr	r3, .L24
 399 0014 1B88     		ldrh	r3, [r3]	@ movhi
 400 0016 9BB2     		uxth	r3, r3
 401 0018 092B     		cmp	r3, #9
 402 001a 03D8     		bhi	.L21
 403              		.loc 1 240 0 is_stmt 0 discriminator 1
 404 001c 0D4B     		ldr	r3, .L24
 405 001e 1B88     		ldrh	r3, [r3]	@ movhi
 406 0020 9BB2     		uxth	r3, r3
 407 0022 00E0     		b	.L22
 408              	.L21:
 409              		.loc 1 240 0 discriminator 2
 410 0024 0023     		movs	r3, #0
 411              	.L22:
 412              		.loc 1 240 0 discriminator 4
 413 0026 0B4A     		ldr	r2, .L24
 414 0028 1380     		strh	r3, [r2]	@ movhi
 241:main.c        **** 
 242:main.c        ****     /* When there is no data to transfer to VDAC stop DMA and wait until
 243:main.c        **** 	* buffer is half-full to continue operation.
 244:main.c        ****     */
 245:main.c        ****     if (outIndex == inIndex)
 415              		.loc 1 245 0 is_stmt 1 discriminator 4
 416 002a 0A4B     		ldr	r3, .L24
 417 002c 1B88     		ldrh	r3, [r3]	@ movhi
 418 002e 9AB2     		uxth	r2, r3
 419 0030 094B     		ldr	r3, .L24+4
 420 0032 1B88     		ldrh	r3, [r3]	@ movhi
 421 0034 9BB2     		uxth	r3, r3
 422 0036 9A42     		cmp	r2, r3
 423 0038 0AD1     		bne	.L20
 246:main.c        ****     {
 247:main.c        ****         /* Stop DMA operation. */
 248:main.c        ****         CyDmaChDisable(VdacOutDmaCh);
 424              		.loc 1 248 0
 425 003a 084B     		ldr	r3, .L24+8
 426 003c 1B78     		ldrb	r3, [r3]	@ zero_extendqisi2
 427 003e 1846     		mov	r0, r3
 428 0040 FFF7FEFF 		bl	CyDmaChDisable
ARM GAS  C:\Users\LUKASC~1\AppData\Local\Temp\cc8bq36g.s 			page 13


 249:main.c        **** 
 250:main.c        ****         /* Enable underflow delayed start. */
 251:main.c        ****         syncDma = 0u;
 429              		.loc 1 251 0
 430 0044 064B     		ldr	r3, .L24+12
 431 0046 0022     		movs	r2, #0
 432 0048 1A70     		strb	r2, [r3]
 252:main.c        ****         syncDmaCounter = 0u;
 433              		.loc 1 252 0
 434 004a 064B     		ldr	r3, .L24+16
 435 004c 0022     		movs	r2, #0
 436 004e 1A70     		strb	r2, [r3]
 437              	.L20:
 253:main.c        ****     }
 254:main.c        **** }
 438              		.loc 1 254 0
 439 0050 80BD     		pop	{r7, pc}
 440              	.L25:
 441 0052 00BF     		.align	2
 442              	.L24:
 443 0054 00000000 		.word	outIndex
 444 0058 00000000 		.word	inIndex
 445 005c 00000000 		.word	VdacOutDmaCh
 446 0060 00000000 		.word	syncDma
 447 0064 00000000 		.word	syncDmaCounter
 448              		.cfi_endproc
 449              	.LFE64:
 450              		.size	VdacDmaDone, .-VdacDmaDone
 451              		.text
 452              	.Letext0:
 453              		.file 2 "c:\\program files (x86)\\cypress\\psoc creator\\4.0\\psoc creator\\import\\gnu\\arm\\4.9.
 454              		.file 3 "c:\\program files (x86)\\cypress\\psoc creator\\4.0\\psoc creator\\import\\gnu\\arm\\4.9.
 455              		.file 4 "Generated_Source\\PSoC5/cytypes.h"
 456              		.file 5 "Generated_Source\\PSoC5/core_cm3.h"
 457              		.section	.debug_info,"",%progbits
 458              	.Ldebug_info0:
 459 0000 C2010000 		.4byte	0x1c2
 460 0004 0400     		.2byte	0x4
 461 0006 00000000 		.4byte	.Ldebug_abbrev0
 462 000a 04       		.byte	0x4
 463 000b 01       		.uleb128 0x1
 464 000c 0A000000 		.4byte	.LASF28
 465 0010 01       		.byte	0x1
 466 0011 06020000 		.4byte	.LASF29
 467 0015 7E010000 		.4byte	.LASF30
 468 0019 00000000 		.4byte	.Ldebug_ranges0+0
 469 001d 00000000 		.4byte	0
 470 0021 00000000 		.4byte	.Ldebug_line0
 471 0025 02       		.uleb128 0x2
 472 0026 01       		.byte	0x1
 473 0027 06       		.byte	0x6
 474 0028 38020000 		.4byte	.LASF0
 475 002c 02       		.uleb128 0x2
 476 002d 01       		.byte	0x1
 477 002e 08       		.byte	0x8
 478 002f BA000000 		.4byte	.LASF1
 479 0033 02       		.uleb128 0x2
ARM GAS  C:\Users\LUKASC~1\AppData\Local\Temp\cc8bq36g.s 			page 14


 480 0034 02       		.byte	0x2
 481 0035 05       		.byte	0x5
 482 0036 12020000 		.4byte	.LASF2
 483 003a 02       		.uleb128 0x2
 484 003b 02       		.byte	0x2
 485 003c 07       		.byte	0x7
 486 003d DF000000 		.4byte	.LASF3
 487 0041 03       		.uleb128 0x3
 488 0042 00000000 		.4byte	.LASF9
 489 0046 02       		.byte	0x2
 490 0047 3F       		.byte	0x3f
 491 0048 4C000000 		.4byte	0x4c
 492 004c 02       		.uleb128 0x2
 493 004d 04       		.byte	0x4
 494 004e 05       		.byte	0x5
 495 004f 22020000 		.4byte	.LASF4
 496 0053 02       		.uleb128 0x2
 497 0054 04       		.byte	0x4
 498 0055 07       		.byte	0x7
 499 0056 CD000000 		.4byte	.LASF5
 500 005a 02       		.uleb128 0x2
 501 005b 08       		.byte	0x8
 502 005c 05       		.byte	0x5
 503 005d F8010000 		.4byte	.LASF6
 504 0061 02       		.uleb128 0x2
 505 0062 08       		.byte	0x8
 506 0063 07       		.byte	0x7
 507 0064 32010000 		.4byte	.LASF7
 508 0068 04       		.uleb128 0x4
 509 0069 04       		.byte	0x4
 510 006a 05       		.byte	0x5
 511 006b 696E7400 		.ascii	"int\000"
 512 006f 02       		.uleb128 0x2
 513 0070 04       		.byte	0x4
 514 0071 07       		.byte	0x7
 515 0072 25010000 		.4byte	.LASF8
 516 0076 03       		.uleb128 0x3
 517 0077 6D010000 		.4byte	.LASF10
 518 007b 03       		.byte	0x3
 519 007c 2C       		.byte	0x2c
 520 007d 41000000 		.4byte	0x41
 521 0081 05       		.uleb128 0x5
 522 0082 1C020000 		.4byte	.LASF11
 523 0086 04       		.byte	0x4
 524 0087 9201     		.2byte	0x192
 525 0089 2C000000 		.4byte	0x2c
 526 008d 05       		.uleb128 0x5
 527 008e 17010000 		.4byte	.LASF12
 528 0092 04       		.byte	0x4
 529 0093 9301     		.2byte	0x193
 530 0095 3A000000 		.4byte	0x3a
 531 0099 05       		.uleb128 0x5
 532 009a 1E010000 		.4byte	.LASF13
 533 009e 04       		.byte	0x4
 534 009f 9401     		.2byte	0x194
 535 00a1 53000000 		.4byte	0x53
 536 00a5 02       		.uleb128 0x2
ARM GAS  C:\Users\LUKASC~1\AppData\Local\Temp\cc8bq36g.s 			page 15


 537 00a6 04       		.byte	0x4
 538 00a7 04       		.byte	0x4
 539 00a8 B4000000 		.4byte	.LASF14
 540 00ac 02       		.uleb128 0x2
 541 00ad 08       		.byte	0x8
 542 00ae 04       		.byte	0x4
 543 00af FF000000 		.4byte	.LASF15
 544 00b3 02       		.uleb128 0x2
 545 00b4 01       		.byte	0x1
 546 00b5 08       		.byte	0x8
 547 00b6 0D020000 		.4byte	.LASF16
 548 00ba 05       		.uleb128 0x5
 549 00bb C8000000 		.4byte	.LASF17
 550 00bf 04       		.byte	0x4
 551 00c0 3C02     		.2byte	0x23c
 552 00c2 C6000000 		.4byte	0xc6
 553 00c6 06       		.uleb128 0x6
 554 00c7 81000000 		.4byte	0x81
 555 00cb 06       		.uleb128 0x6
 556 00cc 8D000000 		.4byte	0x8d
 557 00d0 02       		.uleb128 0x2
 558 00d1 04       		.byte	0x4
 559 00d2 07       		.byte	0x7
 560 00d3 75010000 		.4byte	.LASF18
 561 00d7 07       		.uleb128 0x7
 562 00d8 12010000 		.4byte	.LASF31
 563 00dc 01       		.byte	0x1
 564 00dd 55       		.byte	0x55
 565 00de 68000000 		.4byte	0x68
 566 00e2 00000000 		.4byte	.LFB63
 567 00e6 08020000 		.4byte	.LFE63-.LFB63
 568 00ea 01       		.uleb128 0x1
 569 00eb 9C       		.byte	0x9c
 570 00ec 0B010000 		.4byte	0x10b
 571 00f0 08       		.uleb128 0x8
 572 00f1 6900     		.ascii	"i\000"
 573 00f3 01       		.byte	0x1
 574 00f4 57       		.byte	0x57
 575 00f5 81000000 		.4byte	0x81
 576 00f9 02       		.uleb128 0x2
 577 00fa 91       		.byte	0x91
 578 00fb 6F       		.sleb128 -17
 579 00fc 09       		.uleb128 0x9
 580 00fd 98000000 		.4byte	.LASF19
 581 0101 01       		.byte	0x1
 582 0102 58       		.byte	0x58
 583 0103 81000000 		.4byte	0x81
 584 0107 02       		.uleb128 0x2
 585 0108 91       		.byte	0x91
 586 0109 6E       		.sleb128 -18
 587 010a 00       		.byte	0
 588 010b 0A       		.uleb128 0xa
 589 010c 61010000 		.4byte	.LASF32
 590 0110 01       		.byte	0x1
 591 0111 EC       		.byte	0xec
 592 0112 00000000 		.4byte	.LFB64
 593 0116 68000000 		.4byte	.LFE64-.LFB64
ARM GAS  C:\Users\LUKASC~1\AppData\Local\Temp\cc8bq36g.s 			page 16


 594 011a 01       		.uleb128 0x1
 595 011b 9C       		.byte	0x9c
 596 011c 0B       		.uleb128 0xb
 597 011d F2000000 		.4byte	.LASF20
 598 0121 05       		.byte	0x5
 599 0122 9606     		.2byte	0x696
 600 0124 28010000 		.4byte	0x128
 601 0128 06       		.uleb128 0x6
 602 0129 76000000 		.4byte	0x76
 603 012d 0C       		.uleb128 0xc
 604 012e 81000000 		.4byte	0x81
 605 0132 3E010000 		.4byte	0x13e
 606 0136 0D       		.uleb128 0xd
 607 0137 D0000000 		.4byte	0xd0
 608 013b 3F01     		.2byte	0x13f
 609 013d 00       		.byte	0
 610 013e 0E       		.uleb128 0xe
 611 013f 06010000 		.4byte	.LASF21
 612 0143 01       		.byte	0x1
 613 0144 25       		.byte	0x25
 614 0145 2D010000 		.4byte	0x12d
 615 0149 05       		.uleb128 0x5
 616 014a 03       		.byte	0x3
 617 014b 00000000 		.4byte	soundBuffer
 618 014f 0E       		.uleb128 0xe
 619 0150 49010000 		.4byte	.LASF22
 620 0154 01       		.byte	0x1
 621 0155 26       		.byte	0x26
 622 0156 CB000000 		.4byte	0xcb
 623 015a 05       		.uleb128 0x5
 624 015b 03       		.byte	0x3
 625 015c 00000000 		.4byte	outIndex
 626 0160 0E       		.uleb128 0xe
 627 0161 AC000000 		.4byte	.LASF23
 628 0165 01       		.byte	0x1
 629 0166 27       		.byte	0x27
 630 0167 CB000000 		.4byte	0xcb
 631 016b 05       		.uleb128 0x5
 632 016c 03       		.byte	0x3
 633 016d 00000000 		.4byte	inIndex
 634 0171 0E       		.uleb128 0xe
 635 0172 A4000000 		.4byte	.LASF24
 636 0176 01       		.byte	0x1
 637 0177 2A       		.byte	0x2a
 638 0178 C6000000 		.4byte	0xc6
 639 017c 05       		.uleb128 0x5
 640 017d 03       		.byte	0x3
 641 017e 00000000 		.4byte	syncDma
 642 0182 0E       		.uleb128 0xe
 643 0183 52010000 		.4byte	.LASF25
 644 0187 01       		.byte	0x1
 645 0188 2B       		.byte	0x2b
 646 0189 C6000000 		.4byte	0xc6
 647 018d 05       		.uleb128 0x5
 648 018e 03       		.byte	0x3
 649 018f 00000000 		.4byte	syncDmaCounter
 650 0193 0E       		.uleb128 0xe
ARM GAS  C:\Users\LUKASC~1\AppData\Local\Temp\cc8bq36g.s 			page 17


 651 0194 44020000 		.4byte	.LASF26
 652 0198 01       		.byte	0x1
 653 0199 2E       		.byte	0x2e
 654 019a 81000000 		.4byte	0x81
 655 019e 05       		.uleb128 0x5
 656 019f 03       		.byte	0x3
 657 01a0 00000000 		.4byte	VdacOutDmaCh
 658 01a4 0C       		.uleb128 0xc
 659 01a5 81000000 		.4byte	0x81
 660 01a9 B4010000 		.4byte	0x1b4
 661 01ad 0F       		.uleb128 0xf
 662 01ae D0000000 		.4byte	0xd0
 663 01b2 09       		.byte	0x9
 664 01b3 00       		.byte	0
 665 01b4 0E       		.uleb128 0xe
 666 01b5 2B020000 		.4byte	.LASF27
 667 01b9 01       		.byte	0x1
 668 01ba 2F       		.byte	0x2f
 669 01bb A4010000 		.4byte	0x1a4
 670 01bf 05       		.uleb128 0x5
 671 01c0 03       		.byte	0x3
 672 01c1 00000000 		.4byte	VdacOutDmaTd
 673 01c5 00       		.byte	0
 674              		.section	.debug_abbrev,"",%progbits
 675              	.Ldebug_abbrev0:
 676 0000 01       		.uleb128 0x1
 677 0001 11       		.uleb128 0x11
 678 0002 01       		.byte	0x1
 679 0003 25       		.uleb128 0x25
 680 0004 0E       		.uleb128 0xe
 681 0005 13       		.uleb128 0x13
 682 0006 0B       		.uleb128 0xb
 683 0007 03       		.uleb128 0x3
 684 0008 0E       		.uleb128 0xe
 685 0009 1B       		.uleb128 0x1b
 686 000a 0E       		.uleb128 0xe
 687 000b 55       		.uleb128 0x55
 688 000c 17       		.uleb128 0x17
 689 000d 11       		.uleb128 0x11
 690 000e 01       		.uleb128 0x1
 691 000f 10       		.uleb128 0x10
 692 0010 17       		.uleb128 0x17
 693 0011 00       		.byte	0
 694 0012 00       		.byte	0
 695 0013 02       		.uleb128 0x2
 696 0014 24       		.uleb128 0x24
 697 0015 00       		.byte	0
 698 0016 0B       		.uleb128 0xb
 699 0017 0B       		.uleb128 0xb
 700 0018 3E       		.uleb128 0x3e
 701 0019 0B       		.uleb128 0xb
 702 001a 03       		.uleb128 0x3
 703 001b 0E       		.uleb128 0xe
 704 001c 00       		.byte	0
 705 001d 00       		.byte	0
 706 001e 03       		.uleb128 0x3
 707 001f 16       		.uleb128 0x16
ARM GAS  C:\Users\LUKASC~1\AppData\Local\Temp\cc8bq36g.s 			page 18


 708 0020 00       		.byte	0
 709 0021 03       		.uleb128 0x3
 710 0022 0E       		.uleb128 0xe
 711 0023 3A       		.uleb128 0x3a
 712 0024 0B       		.uleb128 0xb
 713 0025 3B       		.uleb128 0x3b
 714 0026 0B       		.uleb128 0xb
 715 0027 49       		.uleb128 0x49
 716 0028 13       		.uleb128 0x13
 717 0029 00       		.byte	0
 718 002a 00       		.byte	0
 719 002b 04       		.uleb128 0x4
 720 002c 24       		.uleb128 0x24
 721 002d 00       		.byte	0
 722 002e 0B       		.uleb128 0xb
 723 002f 0B       		.uleb128 0xb
 724 0030 3E       		.uleb128 0x3e
 725 0031 0B       		.uleb128 0xb
 726 0032 03       		.uleb128 0x3
 727 0033 08       		.uleb128 0x8
 728 0034 00       		.byte	0
 729 0035 00       		.byte	0
 730 0036 05       		.uleb128 0x5
 731 0037 16       		.uleb128 0x16
 732 0038 00       		.byte	0
 733 0039 03       		.uleb128 0x3
 734 003a 0E       		.uleb128 0xe
 735 003b 3A       		.uleb128 0x3a
 736 003c 0B       		.uleb128 0xb
 737 003d 3B       		.uleb128 0x3b
 738 003e 05       		.uleb128 0x5
 739 003f 49       		.uleb128 0x49
 740 0040 13       		.uleb128 0x13
 741 0041 00       		.byte	0
 742 0042 00       		.byte	0
 743 0043 06       		.uleb128 0x6
 744 0044 35       		.uleb128 0x35
 745 0045 00       		.byte	0
 746 0046 49       		.uleb128 0x49
 747 0047 13       		.uleb128 0x13
 748 0048 00       		.byte	0
 749 0049 00       		.byte	0
 750 004a 07       		.uleb128 0x7
 751 004b 2E       		.uleb128 0x2e
 752 004c 01       		.byte	0x1
 753 004d 3F       		.uleb128 0x3f
 754 004e 19       		.uleb128 0x19
 755 004f 03       		.uleb128 0x3
 756 0050 0E       		.uleb128 0xe
 757 0051 3A       		.uleb128 0x3a
 758 0052 0B       		.uleb128 0xb
 759 0053 3B       		.uleb128 0x3b
 760 0054 0B       		.uleb128 0xb
 761 0055 49       		.uleb128 0x49
 762 0056 13       		.uleb128 0x13
 763 0057 11       		.uleb128 0x11
 764 0058 01       		.uleb128 0x1
ARM GAS  C:\Users\LUKASC~1\AppData\Local\Temp\cc8bq36g.s 			page 19


 765 0059 12       		.uleb128 0x12
 766 005a 06       		.uleb128 0x6
 767 005b 40       		.uleb128 0x40
 768 005c 18       		.uleb128 0x18
 769 005d 9642     		.uleb128 0x2116
 770 005f 19       		.uleb128 0x19
 771 0060 01       		.uleb128 0x1
 772 0061 13       		.uleb128 0x13
 773 0062 00       		.byte	0
 774 0063 00       		.byte	0
 775 0064 08       		.uleb128 0x8
 776 0065 34       		.uleb128 0x34
 777 0066 00       		.byte	0
 778 0067 03       		.uleb128 0x3
 779 0068 08       		.uleb128 0x8
 780 0069 3A       		.uleb128 0x3a
 781 006a 0B       		.uleb128 0xb
 782 006b 3B       		.uleb128 0x3b
 783 006c 0B       		.uleb128 0xb
 784 006d 49       		.uleb128 0x49
 785 006e 13       		.uleb128 0x13
 786 006f 02       		.uleb128 0x2
 787 0070 18       		.uleb128 0x18
 788 0071 00       		.byte	0
 789 0072 00       		.byte	0
 790 0073 09       		.uleb128 0x9
 791 0074 34       		.uleb128 0x34
 792 0075 00       		.byte	0
 793 0076 03       		.uleb128 0x3
 794 0077 0E       		.uleb128 0xe
 795 0078 3A       		.uleb128 0x3a
 796 0079 0B       		.uleb128 0xb
 797 007a 3B       		.uleb128 0x3b
 798 007b 0B       		.uleb128 0xb
 799 007c 49       		.uleb128 0x49
 800 007d 13       		.uleb128 0x13
 801 007e 02       		.uleb128 0x2
 802 007f 18       		.uleb128 0x18
 803 0080 00       		.byte	0
 804 0081 00       		.byte	0
 805 0082 0A       		.uleb128 0xa
 806 0083 2E       		.uleb128 0x2e
 807 0084 00       		.byte	0
 808 0085 3F       		.uleb128 0x3f
 809 0086 19       		.uleb128 0x19
 810 0087 03       		.uleb128 0x3
 811 0088 0E       		.uleb128 0xe
 812 0089 3A       		.uleb128 0x3a
 813 008a 0B       		.uleb128 0xb
 814 008b 3B       		.uleb128 0x3b
 815 008c 0B       		.uleb128 0xb
 816 008d 27       		.uleb128 0x27
 817 008e 19       		.uleb128 0x19
 818 008f 11       		.uleb128 0x11
 819 0090 01       		.uleb128 0x1
 820 0091 12       		.uleb128 0x12
 821 0092 06       		.uleb128 0x6
ARM GAS  C:\Users\LUKASC~1\AppData\Local\Temp\cc8bq36g.s 			page 20


 822 0093 40       		.uleb128 0x40
 823 0094 18       		.uleb128 0x18
 824 0095 9642     		.uleb128 0x2116
 825 0097 19       		.uleb128 0x19
 826 0098 00       		.byte	0
 827 0099 00       		.byte	0
 828 009a 0B       		.uleb128 0xb
 829 009b 34       		.uleb128 0x34
 830 009c 00       		.byte	0
 831 009d 03       		.uleb128 0x3
 832 009e 0E       		.uleb128 0xe
 833 009f 3A       		.uleb128 0x3a
 834 00a0 0B       		.uleb128 0xb
 835 00a1 3B       		.uleb128 0x3b
 836 00a2 05       		.uleb128 0x5
 837 00a3 49       		.uleb128 0x49
 838 00a4 13       		.uleb128 0x13
 839 00a5 3F       		.uleb128 0x3f
 840 00a6 19       		.uleb128 0x19
 841 00a7 3C       		.uleb128 0x3c
 842 00a8 19       		.uleb128 0x19
 843 00a9 00       		.byte	0
 844 00aa 00       		.byte	0
 845 00ab 0C       		.uleb128 0xc
 846 00ac 01       		.uleb128 0x1
 847 00ad 01       		.byte	0x1
 848 00ae 49       		.uleb128 0x49
 849 00af 13       		.uleb128 0x13
 850 00b0 01       		.uleb128 0x1
 851 00b1 13       		.uleb128 0x13
 852 00b2 00       		.byte	0
 853 00b3 00       		.byte	0
 854 00b4 0D       		.uleb128 0xd
 855 00b5 21       		.uleb128 0x21
 856 00b6 00       		.byte	0
 857 00b7 49       		.uleb128 0x49
 858 00b8 13       		.uleb128 0x13
 859 00b9 2F       		.uleb128 0x2f
 860 00ba 05       		.uleb128 0x5
 861 00bb 00       		.byte	0
 862 00bc 00       		.byte	0
 863 00bd 0E       		.uleb128 0xe
 864 00be 34       		.uleb128 0x34
 865 00bf 00       		.byte	0
 866 00c0 03       		.uleb128 0x3
 867 00c1 0E       		.uleb128 0xe
 868 00c2 3A       		.uleb128 0x3a
 869 00c3 0B       		.uleb128 0xb
 870 00c4 3B       		.uleb128 0x3b
 871 00c5 0B       		.uleb128 0xb
 872 00c6 49       		.uleb128 0x49
 873 00c7 13       		.uleb128 0x13
 874 00c8 3F       		.uleb128 0x3f
 875 00c9 19       		.uleb128 0x19
 876 00ca 02       		.uleb128 0x2
 877 00cb 18       		.uleb128 0x18
 878 00cc 00       		.byte	0
ARM GAS  C:\Users\LUKASC~1\AppData\Local\Temp\cc8bq36g.s 			page 21


 879 00cd 00       		.byte	0
 880 00ce 0F       		.uleb128 0xf
 881 00cf 21       		.uleb128 0x21
 882 00d0 00       		.byte	0
 883 00d1 49       		.uleb128 0x49
 884 00d2 13       		.uleb128 0x13
 885 00d3 2F       		.uleb128 0x2f
 886 00d4 0B       		.uleb128 0xb
 887 00d5 00       		.byte	0
 888 00d6 00       		.byte	0
 889 00d7 00       		.byte	0
 890              		.section	.debug_aranges,"",%progbits
 891 0000 24000000 		.4byte	0x24
 892 0004 0200     		.2byte	0x2
 893 0006 00000000 		.4byte	.Ldebug_info0
 894 000a 04       		.byte	0x4
 895 000b 00       		.byte	0
 896 000c 0000     		.2byte	0
 897 000e 0000     		.2byte	0
 898 0010 00000000 		.4byte	.LFB63
 899 0014 08020000 		.4byte	.LFE63-.LFB63
 900 0018 00000000 		.4byte	.LFB64
 901 001c 68000000 		.4byte	.LFE64-.LFB64
 902 0020 00000000 		.4byte	0
 903 0024 00000000 		.4byte	0
 904              		.section	.debug_ranges,"",%progbits
 905              	.Ldebug_ranges0:
 906 0000 00000000 		.4byte	.LFB63
 907 0004 08020000 		.4byte	.LFE63
 908 0008 00000000 		.4byte	.LFB64
 909 000c 68000000 		.4byte	.LFE64
 910 0010 00000000 		.4byte	0
 911 0014 00000000 		.4byte	0
 912              		.section	.debug_line,"",%progbits
 913              	.Ldebug_line0:
 914 0000 21020000 		.section	.debug_str,"MS",%progbits,1
 914      02004701 
 914      00000201 
 914      FB0E0D00 
 914      01010101 
 915              	.LASF9:
 916 0000 5F5F696E 		.ascii	"__int32_t\000"
 916      7433325F 
 916      7400
 917              	.LASF28:
 918 000a 474E5520 		.ascii	"GNU C 4.9.3 20150303 (release) [ARM/embedded-4_9-br"
 918      4320342E 
 918      392E3320 
 918      32303135 
 918      30333033 
 919 003d 616E6368 		.ascii	"anch revision 221220] -mcpu=cortex-m3 -mthumb -g -O"
 919      20726576 
 919      6973696F 
 919      6E203232 
 919      31323230 
 920 0070 30202D66 		.ascii	"0 -ffunction-sections -ffat-lto-objects\000"
 920      66756E63 
ARM GAS  C:\Users\LUKASC~1\AppData\Local\Temp\cc8bq36g.s 			page 22


 920      74696F6E 
 920      2D736563 
 920      74696F6E 
 921              	.LASF19:
 922 0098 736B6970 		.ascii	"skipNextOut\000"
 922      4E657874 
 922      4F757400 
 923              	.LASF24:
 924 00a4 73796E63 		.ascii	"syncDma\000"
 924      446D6100 
 925              	.LASF23:
 926 00ac 696E496E 		.ascii	"inIndex\000"
 926      64657800 
 927              	.LASF14:
 928 00b4 666C6F61 		.ascii	"float\000"
 928      7400
 929              	.LASF1:
 930 00ba 756E7369 		.ascii	"unsigned char\000"
 930      676E6564 
 930      20636861 
 930      7200
 931              	.LASF17:
 932 00c8 72656738 		.ascii	"reg8\000"
 932      00
 933              	.LASF5:
 934 00cd 6C6F6E67 		.ascii	"long unsigned int\000"
 934      20756E73 
 934      69676E65 
 934      6420696E 
 934      7400
 935              	.LASF3:
 936 00df 73686F72 		.ascii	"short unsigned int\000"
 936      7420756E 
 936      7369676E 
 936      65642069 
 936      6E7400
 937              	.LASF20:
 938 00f2 49544D5F 		.ascii	"ITM_RxBuffer\000"
 938      52784275 
 938      66666572 
 938      00
 939              	.LASF15:
 940 00ff 646F7562 		.ascii	"double\000"
 940      6C6500
 941              	.LASF21:
 942 0106 736F756E 		.ascii	"soundBuffer\000"
 942      64427566 
 942      66657200 
 943              	.LASF31:
 944 0112 6D61696E 		.ascii	"main\000"
 944      00
 945              	.LASF12:
 946 0117 75696E74 		.ascii	"uint16\000"
 946      313600
 947              	.LASF13:
 948 011e 75696E74 		.ascii	"uint32\000"
 948      333200
ARM GAS  C:\Users\LUKASC~1\AppData\Local\Temp\cc8bq36g.s 			page 23


 949              	.LASF8:
 950 0125 756E7369 		.ascii	"unsigned int\000"
 950      676E6564 
 950      20696E74 
 950      00
 951              	.LASF7:
 952 0132 6C6F6E67 		.ascii	"long long unsigned int\000"
 952      206C6F6E 
 952      6720756E 
 952      7369676E 
 952      65642069 
 953              	.LASF22:
 954 0149 6F757449 		.ascii	"outIndex\000"
 954      6E646578 
 954      00
 955              	.LASF25:
 956 0152 73796E63 		.ascii	"syncDmaCounter\000"
 956      446D6143 
 956      6F756E74 
 956      657200
 957              	.LASF32:
 958 0161 56646163 		.ascii	"VdacDmaDone\000"
 958      446D6144 
 958      6F6E6500 
 959              	.LASF10:
 960 016d 696E7433 		.ascii	"int32_t\000"
 960      325F7400 
 961              	.LASF18:
 962 0175 73697A65 		.ascii	"sizetype\000"
 962      74797065 
 962      00
 963              	.LASF30:
 964 017e 433A5C55 		.ascii	"C:\\Users\\Lukas Creutzburg\\Documents\\GitHub\\PSo"
 964      73657273 
 964      5C4C756B 
 964      61732043 
 964      72657574 
 965 01ac 43354C50 		.ascii	"C5LP-freeDSP-USB-Port\\PSoC_freeDSP_USB_Port\\PSoC5"
 965      2D667265 
 965      65445350 
 965      2D555342 
 965      2D506F72 
 966 01dd 5F555342 		.ascii	"_USB_Sound_Interface.cydsn\000"
 966      5F536F75 
 966      6E645F49 
 966      6E746572 
 966      66616365 
 967              	.LASF6:
 968 01f8 6C6F6E67 		.ascii	"long long int\000"
 968      206C6F6E 
 968      6720696E 
 968      7400
 969              	.LASF29:
 970 0206 6D61696E 		.ascii	"main.c\000"
 970      2E6300
 971              	.LASF16:
 972 020d 63686172 		.ascii	"char\000"
ARM GAS  C:\Users\LUKASC~1\AppData\Local\Temp\cc8bq36g.s 			page 24


 972      00
 973              	.LASF2:
 974 0212 73686F72 		.ascii	"short int\000"
 974      7420696E 
 974      7400
 975              	.LASF11:
 976 021c 75696E74 		.ascii	"uint8\000"
 976      3800
 977              	.LASF4:
 978 0222 6C6F6E67 		.ascii	"long int\000"
 978      20696E74 
 978      00
 979              	.LASF27:
 980 022b 56646163 		.ascii	"VdacOutDmaTd\000"
 980      4F757444 
 980      6D615464 
 980      00
 981              	.LASF0:
 982 0238 7369676E 		.ascii	"signed char\000"
 982      65642063 
 982      68617200 
 983              	.LASF26:
 984 0244 56646163 		.ascii	"VdacOutDmaCh\000"
 984      4F757444 
 984      6D614368 
 984      00
 985              		.ident	"GCC: (GNU Tools for ARM Embedded Processors) 4.9.3 20150303 (release) [ARM/embedded-4_9-br
