ARM GAS  C:\Users\LUKASC~1\AppData\Local\Temp\ccszNDfc.s 			page 1


   1              		.syntax unified
   2              		.cpu cortex-m3
   3              		.fpu softvfp
   4              		.eabi_attribute 20, 1
   5              		.eabi_attribute 21, 1
   6              		.eabi_attribute 23, 3
   7              		.eabi_attribute 24, 1
   8              		.eabi_attribute 25, 1
   9              		.eabi_attribute 26, 1
  10              		.eabi_attribute 30, 6
  11              		.eabi_attribute 34, 1
  12              		.eabi_attribute 18, 4
  13              		.thumb
  14              		.file	"Speaker.c"
  15              		.text
  16              	.Ltext0:
  17              		.cfi_sections	.debug_frame
  18              		.section	.text.Speaker_Write,"ax",%progbits
  19              		.align	2
  20              		.global	Speaker_Write
  21              		.thumb
  22              		.thumb_func
  23              		.type	Speaker_Write, %function
  24              	Speaker_Write:
  25              	.LFB0:
  26              		.file 1 "Generated_Source\\PSoC5\\Speaker.c"
   1:Generated_Source\PSoC5/Speaker.c **** /*******************************************************************************
   2:Generated_Source\PSoC5/Speaker.c **** * File Name: Speaker.c  
   3:Generated_Source\PSoC5/Speaker.c **** * Version 2.20
   4:Generated_Source\PSoC5/Speaker.c **** *
   5:Generated_Source\PSoC5/Speaker.c **** * Description:
   6:Generated_Source\PSoC5/Speaker.c **** *  This file contains API to enable firmware control of a Pins component.
   7:Generated_Source\PSoC5/Speaker.c **** *
   8:Generated_Source\PSoC5/Speaker.c **** * Note:
   9:Generated_Source\PSoC5/Speaker.c **** *
  10:Generated_Source\PSoC5/Speaker.c **** ********************************************************************************
  11:Generated_Source\PSoC5/Speaker.c **** * Copyright 2008-2015, Cypress Semiconductor Corporation.  All rights reserved.
  12:Generated_Source\PSoC5/Speaker.c **** * You may use this file only in accordance with the license, terms, conditions, 
  13:Generated_Source\PSoC5/Speaker.c **** * disclaimers, and limitations in the end user license agreement accompanying 
  14:Generated_Source\PSoC5/Speaker.c **** * the software package with which this file was provided.
  15:Generated_Source\PSoC5/Speaker.c **** *******************************************************************************/
  16:Generated_Source\PSoC5/Speaker.c **** 
  17:Generated_Source\PSoC5/Speaker.c **** #include "cytypes.h"
  18:Generated_Source\PSoC5/Speaker.c **** #include "Speaker.h"
  19:Generated_Source\PSoC5/Speaker.c **** 
  20:Generated_Source\PSoC5/Speaker.c **** /* APIs are not generated for P15[7:6] on PSoC 5 */
  21:Generated_Source\PSoC5/Speaker.c **** #if !(CY_PSOC5A &&\
  22:Generated_Source\PSoC5/Speaker.c **** 	 Speaker__PORT == 15 && ((Speaker__MASK & 0xC0) != 0))
  23:Generated_Source\PSoC5/Speaker.c **** 
  24:Generated_Source\PSoC5/Speaker.c **** 
  25:Generated_Source\PSoC5/Speaker.c **** /*******************************************************************************
  26:Generated_Source\PSoC5/Speaker.c **** * Function Name: Speaker_Write
  27:Generated_Source\PSoC5/Speaker.c **** ****************************************************************************//**
  28:Generated_Source\PSoC5/Speaker.c **** *
  29:Generated_Source\PSoC5/Speaker.c **** * \brief Writes the value to the physical port (data output register), masking
  30:Generated_Source\PSoC5/Speaker.c **** *  and shifting the bits appropriately. 
  31:Generated_Source\PSoC5/Speaker.c **** *
ARM GAS  C:\Users\LUKASC~1\AppData\Local\Temp\ccszNDfc.s 			page 2


  32:Generated_Source\PSoC5/Speaker.c **** * The data output register controls the signal applied to the physical pin in 
  33:Generated_Source\PSoC5/Speaker.c **** * conjunction with the drive mode parameter. This function avoids changing 
  34:Generated_Source\PSoC5/Speaker.c **** * other bits in the port by using the appropriate method (read-modify-write or
  35:Generated_Source\PSoC5/Speaker.c **** * bit banding).
  36:Generated_Source\PSoC5/Speaker.c **** *
  37:Generated_Source\PSoC5/Speaker.c **** * <b>Note</b> This function should not be used on a hardware digital output pin 
  38:Generated_Source\PSoC5/Speaker.c **** * as it is driven by the hardware signal attached to it.
  39:Generated_Source\PSoC5/Speaker.c **** *
  40:Generated_Source\PSoC5/Speaker.c **** * \param value
  41:Generated_Source\PSoC5/Speaker.c **** *  Value to write to the component instance.
  42:Generated_Source\PSoC5/Speaker.c **** *
  43:Generated_Source\PSoC5/Speaker.c **** * \return 
  44:Generated_Source\PSoC5/Speaker.c **** *  None 
  45:Generated_Source\PSoC5/Speaker.c **** *
  46:Generated_Source\PSoC5/Speaker.c **** * \sideeffect
  47:Generated_Source\PSoC5/Speaker.c **** *  If you use read-modify-write operations that are not atomic; the Interrupt 
  48:Generated_Source\PSoC5/Speaker.c **** *  Service Routines (ISR) can cause corruption of this function. An ISR that 
  49:Generated_Source\PSoC5/Speaker.c **** *  interrupts this function and performs writes to the Pins component data 
  50:Generated_Source\PSoC5/Speaker.c **** *  register can cause corrupted port data. To avoid this issue, you should 
  51:Generated_Source\PSoC5/Speaker.c **** *  either use the Per-Pin APIs (primary method) or disable interrupts around 
  52:Generated_Source\PSoC5/Speaker.c **** *  this function.
  53:Generated_Source\PSoC5/Speaker.c **** *
  54:Generated_Source\PSoC5/Speaker.c **** * \funcusage
  55:Generated_Source\PSoC5/Speaker.c **** *  \snippet Speaker_SUT.c usage_Speaker_Write
  56:Generated_Source\PSoC5/Speaker.c **** *******************************************************************************/
  57:Generated_Source\PSoC5/Speaker.c **** void Speaker_Write(uint8 value)
  58:Generated_Source\PSoC5/Speaker.c **** {
  27              		.loc 1 58 0
  28              		.cfi_startproc
  29              		@ args = 0, pretend = 0, frame = 16
  30              		@ frame_needed = 1, uses_anonymous_args = 0
  31              		@ link register save eliminated.
  32 0000 80B4     		push	{r7}
  33              		.cfi_def_cfa_offset 4
  34              		.cfi_offset 7, -4
  35 0002 85B0     		sub	sp, sp, #20
  36              		.cfi_def_cfa_offset 24
  37 0004 00AF     		add	r7, sp, #0
  38              		.cfi_def_cfa_register 7
  39 0006 0346     		mov	r3, r0
  40 0008 FB71     		strb	r3, [r7, #7]
  59:Generated_Source\PSoC5/Speaker.c ****     uint8 staticBits = (Speaker_DR & (uint8)(~Speaker_MASK));
  41              		.loc 1 59 0
  42 000a 0A4B     		ldr	r3, .L2
  43 000c 1B78     		ldrb	r3, [r3]
  44 000e DBB2     		uxtb	r3, r3
  45 0010 23F00103 		bic	r3, r3, #1
  46 0014 FB73     		strb	r3, [r7, #15]
  60:Generated_Source\PSoC5/Speaker.c ****     Speaker_DR = staticBits | ((uint8)(value << Speaker_SHIFT) & Speaker_MASK);
  47              		.loc 1 60 0
  48 0016 0749     		ldr	r1, .L2
  49 0018 FB79     		ldrb	r3, [r7, #7]
  50 001a 03F00103 		and	r3, r3, #1
  51 001e DAB2     		uxtb	r2, r3
  52 0020 FB7B     		ldrb	r3, [r7, #15]
  53 0022 1343     		orrs	r3, r3, r2
  54 0024 DBB2     		uxtb	r3, r3
ARM GAS  C:\Users\LUKASC~1\AppData\Local\Temp\ccszNDfc.s 			page 3


  55 0026 0B70     		strb	r3, [r1]
  61:Generated_Source\PSoC5/Speaker.c **** }
  56              		.loc 1 61 0
  57 0028 1437     		adds	r7, r7, #20
  58              		.cfi_def_cfa_offset 4
  59 002a BD46     		mov	sp, r7
  60              		.cfi_def_cfa_register 13
  61              		@ sp needed
  62 002c 5DF8047B 		ldr	r7, [sp], #4
  63              		.cfi_restore 7
  64              		.cfi_def_cfa_offset 0
  65 0030 7047     		bx	lr
  66              	.L3:
  67 0032 00BF     		.align	2
  68              	.L2:
  69 0034 00510040 		.word	1073762560
  70              		.cfi_endproc
  71              	.LFE0:
  72              		.size	Speaker_Write, .-Speaker_Write
  73              		.section	.text.Speaker_SetDriveMode,"ax",%progbits
  74              		.align	2
  75              		.global	Speaker_SetDriveMode
  76              		.thumb
  77              		.thumb_func
  78              		.type	Speaker_SetDriveMode, %function
  79              	Speaker_SetDriveMode:
  80              	.LFB1:
  62:Generated_Source\PSoC5/Speaker.c **** 
  63:Generated_Source\PSoC5/Speaker.c **** 
  64:Generated_Source\PSoC5/Speaker.c **** /*******************************************************************************
  65:Generated_Source\PSoC5/Speaker.c **** * Function Name: Speaker_SetDriveMode
  66:Generated_Source\PSoC5/Speaker.c **** ****************************************************************************//**
  67:Generated_Source\PSoC5/Speaker.c **** *
  68:Generated_Source\PSoC5/Speaker.c **** * \brief Sets the drive mode for each of the Pins component's pins.
  69:Generated_Source\PSoC5/Speaker.c **** * 
  70:Generated_Source\PSoC5/Speaker.c **** * <b>Note</b> This affects all pins in the Pins component instance. Use the
  71:Generated_Source\PSoC5/Speaker.c **** * Per-Pin APIs if you wish to control individual pin's drive modes.
  72:Generated_Source\PSoC5/Speaker.c **** *
  73:Generated_Source\PSoC5/Speaker.c **** * \param mode
  74:Generated_Source\PSoC5/Speaker.c **** *  Mode for the selected signals. Valid options are documented in 
  75:Generated_Source\PSoC5/Speaker.c **** *  \ref driveMode.
  76:Generated_Source\PSoC5/Speaker.c **** *
  77:Generated_Source\PSoC5/Speaker.c **** * \return
  78:Generated_Source\PSoC5/Speaker.c **** *  None
  79:Generated_Source\PSoC5/Speaker.c **** *
  80:Generated_Source\PSoC5/Speaker.c **** * \sideeffect
  81:Generated_Source\PSoC5/Speaker.c **** *  If you use read-modify-write operations that are not atomic, the ISR can
  82:Generated_Source\PSoC5/Speaker.c **** *  cause corruption of this function. An ISR that interrupts this function 
  83:Generated_Source\PSoC5/Speaker.c **** *  and performs writes to the Pins component Drive Mode registers can cause 
  84:Generated_Source\PSoC5/Speaker.c **** *  corrupted port data. To avoid this issue, you should either use the Per-Pin
  85:Generated_Source\PSoC5/Speaker.c **** *  APIs (primary method) or disable interrupts around this function.
  86:Generated_Source\PSoC5/Speaker.c **** *
  87:Generated_Source\PSoC5/Speaker.c **** * \funcusage
  88:Generated_Source\PSoC5/Speaker.c **** *  \snippet Speaker_SUT.c usage_Speaker_SetDriveMode
  89:Generated_Source\PSoC5/Speaker.c **** *******************************************************************************/
  90:Generated_Source\PSoC5/Speaker.c **** void Speaker_SetDriveMode(uint8 mode)
  91:Generated_Source\PSoC5/Speaker.c **** {
ARM GAS  C:\Users\LUKASC~1\AppData\Local\Temp\ccszNDfc.s 			page 4


  81              		.loc 1 91 0
  82              		.cfi_startproc
  83              		@ args = 0, pretend = 0, frame = 8
  84              		@ frame_needed = 1, uses_anonymous_args = 0
  85              		@ link register save eliminated.
  86 0000 80B4     		push	{r7}
  87              		.cfi_def_cfa_offset 4
  88              		.cfi_offset 7, -4
  89 0002 83B0     		sub	sp, sp, #12
  90              		.cfi_def_cfa_offset 16
  91 0004 00AF     		add	r7, sp, #0
  92              		.cfi_def_cfa_register 7
  93 0006 0346     		mov	r3, r0
  94 0008 FB71     		strb	r3, [r7, #7]
  92:Generated_Source\PSoC5/Speaker.c **** 	CyPins_SetPinDriveMode(Speaker_0, mode);
  95              		.loc 1 92 0
  96 000a 0A4B     		ldr	r3, .L5
  97 000c 094A     		ldr	r2, .L5
  98 000e 1278     		ldrb	r2, [r2]
  99 0010 D2B2     		uxtb	r2, r2
 100 0012 D2B2     		uxtb	r2, r2
 101 0014 22F00E02 		bic	r2, r2, #14
 102 0018 D1B2     		uxtb	r1, r2
 103 001a FA79     		ldrb	r2, [r7, #7]	@ zero_extendqisi2
 104 001c 02F00E02 		and	r2, r2, #14
 105 0020 D2B2     		uxtb	r2, r2
 106 0022 0A43     		orrs	r2, r2, r1
 107 0024 D2B2     		uxtb	r2, r2
 108 0026 D2B2     		uxtb	r2, r2
 109 0028 1A70     		strb	r2, [r3]
  93:Generated_Source\PSoC5/Speaker.c **** }
 110              		.loc 1 93 0
 111 002a 0C37     		adds	r7, r7, #12
 112              		.cfi_def_cfa_offset 4
 113 002c BD46     		mov	sp, r7
 114              		.cfi_def_cfa_register 13
 115              		@ sp needed
 116 002e 5DF8047B 		ldr	r7, [sp], #4
 117              		.cfi_restore 7
 118              		.cfi_def_cfa_offset 0
 119 0032 7047     		bx	lr
 120              	.L6:
 121              		.align	2
 122              	.L5:
 123 0034 00500040 		.word	1073762304
 124              		.cfi_endproc
 125              	.LFE1:
 126              		.size	Speaker_SetDriveMode, .-Speaker_SetDriveMode
 127              		.section	.text.Speaker_Read,"ax",%progbits
 128              		.align	2
 129              		.global	Speaker_Read
 130              		.thumb
 131              		.thumb_func
 132              		.type	Speaker_Read, %function
 133              	Speaker_Read:
 134              	.LFB2:
  94:Generated_Source\PSoC5/Speaker.c **** 
ARM GAS  C:\Users\LUKASC~1\AppData\Local\Temp\ccszNDfc.s 			page 5


  95:Generated_Source\PSoC5/Speaker.c **** 
  96:Generated_Source\PSoC5/Speaker.c **** /*******************************************************************************
  97:Generated_Source\PSoC5/Speaker.c **** * Function Name: Speaker_Read
  98:Generated_Source\PSoC5/Speaker.c **** ****************************************************************************//**
  99:Generated_Source\PSoC5/Speaker.c **** *
 100:Generated_Source\PSoC5/Speaker.c **** * \brief Reads the associated physical port (pin status register) and masks 
 101:Generated_Source\PSoC5/Speaker.c **** *  the required bits according to the width and bit position of the component
 102:Generated_Source\PSoC5/Speaker.c **** *  instance. 
 103:Generated_Source\PSoC5/Speaker.c **** *
 104:Generated_Source\PSoC5/Speaker.c **** * The pin's status register returns the current logic level present on the 
 105:Generated_Source\PSoC5/Speaker.c **** * physical pin.
 106:Generated_Source\PSoC5/Speaker.c **** *
 107:Generated_Source\PSoC5/Speaker.c **** * \return 
 108:Generated_Source\PSoC5/Speaker.c **** *  The current value for the pins in the component as a right justified number.
 109:Generated_Source\PSoC5/Speaker.c **** *
 110:Generated_Source\PSoC5/Speaker.c **** * \funcusage
 111:Generated_Source\PSoC5/Speaker.c **** *  \snippet Speaker_SUT.c usage_Speaker_Read  
 112:Generated_Source\PSoC5/Speaker.c **** *******************************************************************************/
 113:Generated_Source\PSoC5/Speaker.c **** uint8 Speaker_Read(void)
 114:Generated_Source\PSoC5/Speaker.c **** {
 135              		.loc 1 114 0
 136              		.cfi_startproc
 137              		@ args = 0, pretend = 0, frame = 0
 138              		@ frame_needed = 1, uses_anonymous_args = 0
 139              		@ link register save eliminated.
 140 0000 80B4     		push	{r7}
 141              		.cfi_def_cfa_offset 4
 142              		.cfi_offset 7, -4
 143 0002 00AF     		add	r7, sp, #0
 144              		.cfi_def_cfa_register 7
 115:Generated_Source\PSoC5/Speaker.c ****     return (Speaker_PS & Speaker_MASK) >> Speaker_SHIFT;
 145              		.loc 1 115 0
 146 0004 054B     		ldr	r3, .L9
 147 0006 1B78     		ldrb	r3, [r3]
 148 0008 DBB2     		uxtb	r3, r3
 149 000a 03F00103 		and	r3, r3, #1
 150 000e DBB2     		uxtb	r3, r3
 116:Generated_Source\PSoC5/Speaker.c **** }
 151              		.loc 1 116 0
 152 0010 1846     		mov	r0, r3
 153 0012 BD46     		mov	sp, r7
 154              		.cfi_def_cfa_register 13
 155              		@ sp needed
 156 0014 5DF8047B 		ldr	r7, [sp], #4
 157              		.cfi_restore 7
 158              		.cfi_def_cfa_offset 0
 159 0018 7047     		bx	lr
 160              	.L10:
 161 001a 00BF     		.align	2
 162              	.L9:
 163 001c 01510040 		.word	1073762561
 164              		.cfi_endproc
 165              	.LFE2:
 166              		.size	Speaker_Read, .-Speaker_Read
 167              		.section	.text.Speaker_ReadDataReg,"ax",%progbits
 168              		.align	2
 169              		.global	Speaker_ReadDataReg
ARM GAS  C:\Users\LUKASC~1\AppData\Local\Temp\ccszNDfc.s 			page 6


 170              		.thumb
 171              		.thumb_func
 172              		.type	Speaker_ReadDataReg, %function
 173              	Speaker_ReadDataReg:
 174              	.LFB3:
 117:Generated_Source\PSoC5/Speaker.c **** 
 118:Generated_Source\PSoC5/Speaker.c **** 
 119:Generated_Source\PSoC5/Speaker.c **** /*******************************************************************************
 120:Generated_Source\PSoC5/Speaker.c **** * Function Name: Speaker_ReadDataReg
 121:Generated_Source\PSoC5/Speaker.c **** ****************************************************************************//**
 122:Generated_Source\PSoC5/Speaker.c **** *
 123:Generated_Source\PSoC5/Speaker.c **** * \brief Reads the associated physical port's data output register and masks 
 124:Generated_Source\PSoC5/Speaker.c **** *  the correct bits according to the width and bit position of the component 
 125:Generated_Source\PSoC5/Speaker.c **** *  instance. 
 126:Generated_Source\PSoC5/Speaker.c **** *
 127:Generated_Source\PSoC5/Speaker.c **** * The data output register controls the signal applied to the physical pin in 
 128:Generated_Source\PSoC5/Speaker.c **** * conjunction with the drive mode parameter. This is not the same as the 
 129:Generated_Source\PSoC5/Speaker.c **** * preferred Speaker_Read() API because the 
 130:Generated_Source\PSoC5/Speaker.c **** * Speaker_ReadDataReg() reads the data register instead of the status 
 131:Generated_Source\PSoC5/Speaker.c **** * register. For output pins this is a useful function to determine the value 
 132:Generated_Source\PSoC5/Speaker.c **** * just written to the pin.
 133:Generated_Source\PSoC5/Speaker.c **** *
 134:Generated_Source\PSoC5/Speaker.c **** * \return 
 135:Generated_Source\PSoC5/Speaker.c **** *  The current value of the data register masked and shifted into a right 
 136:Generated_Source\PSoC5/Speaker.c **** *  justified number for the component instance.
 137:Generated_Source\PSoC5/Speaker.c **** *
 138:Generated_Source\PSoC5/Speaker.c **** * \funcusage
 139:Generated_Source\PSoC5/Speaker.c **** *  \snippet Speaker_SUT.c usage_Speaker_ReadDataReg 
 140:Generated_Source\PSoC5/Speaker.c **** *******************************************************************************/
 141:Generated_Source\PSoC5/Speaker.c **** uint8 Speaker_ReadDataReg(void)
 142:Generated_Source\PSoC5/Speaker.c **** {
 175              		.loc 1 142 0
 176              		.cfi_startproc
 177              		@ args = 0, pretend = 0, frame = 0
 178              		@ frame_needed = 1, uses_anonymous_args = 0
 179              		@ link register save eliminated.
 180 0000 80B4     		push	{r7}
 181              		.cfi_def_cfa_offset 4
 182              		.cfi_offset 7, -4
 183 0002 00AF     		add	r7, sp, #0
 184              		.cfi_def_cfa_register 7
 143:Generated_Source\PSoC5/Speaker.c ****     return (Speaker_DR & Speaker_MASK) >> Speaker_SHIFT;
 185              		.loc 1 143 0
 186 0004 054B     		ldr	r3, .L13
 187 0006 1B78     		ldrb	r3, [r3]
 188 0008 DBB2     		uxtb	r3, r3
 189 000a 03F00103 		and	r3, r3, #1
 190 000e DBB2     		uxtb	r3, r3
 144:Generated_Source\PSoC5/Speaker.c **** }
 191              		.loc 1 144 0
 192 0010 1846     		mov	r0, r3
 193 0012 BD46     		mov	sp, r7
 194              		.cfi_def_cfa_register 13
 195              		@ sp needed
 196 0014 5DF8047B 		ldr	r7, [sp], #4
 197              		.cfi_restore 7
 198              		.cfi_def_cfa_offset 0
ARM GAS  C:\Users\LUKASC~1\AppData\Local\Temp\ccszNDfc.s 			page 7


 199 0018 7047     		bx	lr
 200              	.L14:
 201 001a 00BF     		.align	2
 202              	.L13:
 203 001c 00510040 		.word	1073762560
 204              		.cfi_endproc
 205              	.LFE3:
 206              		.size	Speaker_ReadDataReg, .-Speaker_ReadDataReg
 207              		.text
 208              	.Letext0:
 209              		.file 2 "Generated_Source\\PSoC5\\cytypes.h"
 210              		.section	.debug_info,"",%progbits
 211              	.Ldebug_info0:
 212 0000 1A010000 		.4byte	0x11a
 213 0004 0400     		.2byte	0x4
 214 0006 00000000 		.4byte	.Ldebug_abbrev0
 215 000a 04       		.byte	0x4
 216 000b 01       		.uleb128 0x1
 217 000c 34000000 		.4byte	.LASF20
 218 0010 01       		.byte	0x1
 219 0011 D6000000 		.4byte	.LASF21
 220 0015 72010000 		.4byte	.LASF22
 221 0019 00000000 		.4byte	.Ldebug_ranges0+0
 222 001d 00000000 		.4byte	0
 223 0021 00000000 		.4byte	.Ldebug_line0
 224 0025 02       		.uleb128 0x2
 225 0026 01       		.byte	0x1
 226 0027 06       		.byte	0x6
 227 0028 18020000 		.4byte	.LASF0
 228 002c 02       		.uleb128 0x2
 229 002d 01       		.byte	0x1
 230 002e 08       		.byte	0x8
 231 002f FD000000 		.4byte	.LASF1
 232 0033 02       		.uleb128 0x2
 233 0034 02       		.byte	0x2
 234 0035 05       		.byte	0x5
 235 0036 FF010000 		.4byte	.LASF2
 236 003a 02       		.uleb128 0x2
 237 003b 02       		.byte	0x2
 238 003c 07       		.byte	0x7
 239 003d 2F010000 		.4byte	.LASF3
 240 0041 02       		.uleb128 0x2
 241 0042 04       		.byte	0x4
 242 0043 05       		.byte	0x5
 243 0044 0F020000 		.4byte	.LASF4
 244 0048 02       		.uleb128 0x2
 245 0049 04       		.byte	0x4
 246 004a 07       		.byte	0x7
 247 004b 1D010000 		.4byte	.LASF5
 248 004f 02       		.uleb128 0x2
 249 0050 08       		.byte	0x8
 250 0051 05       		.byte	0x5
 251 0052 EC010000 		.4byte	.LASF6
 252 0056 02       		.uleb128 0x2
 253 0057 08       		.byte	0x8
 254 0058 07       		.byte	0x7
 255 0059 56010000 		.4byte	.LASF7
ARM GAS  C:\Users\LUKASC~1\AppData\Local\Temp\ccszNDfc.s 			page 8


 256 005d 03       		.uleb128 0x3
 257 005e 04       		.byte	0x4
 258 005f 05       		.byte	0x5
 259 0060 696E7400 		.ascii	"int\000"
 260 0064 02       		.uleb128 0x2
 261 0065 04       		.byte	0x4
 262 0066 07       		.byte	0x7
 263 0067 49010000 		.4byte	.LASF8
 264 006b 04       		.uleb128 0x4
 265 006c 09020000 		.4byte	.LASF12
 266 0070 02       		.byte	0x2
 267 0071 9201     		.2byte	0x192
 268 0073 2C000000 		.4byte	0x2c
 269 0077 02       		.uleb128 0x2
 270 0078 04       		.byte	0x4
 271 0079 04       		.byte	0x4
 272 007a F7000000 		.4byte	.LASF9
 273 007e 02       		.uleb128 0x2
 274 007f 08       		.byte	0x8
 275 0080 04       		.byte	0x4
 276 0081 42010000 		.4byte	.LASF10
 277 0085 02       		.uleb128 0x2
 278 0086 01       		.byte	0x1
 279 0087 08       		.byte	0x8
 280 0088 FA010000 		.4byte	.LASF11
 281 008c 04       		.uleb128 0x4
 282 008d 18010000 		.4byte	.LASF13
 283 0091 02       		.byte	0x2
 284 0092 3C02     		.2byte	0x23c
 285 0094 98000000 		.4byte	0x98
 286 0098 05       		.uleb128 0x5
 287 0099 6B000000 		.4byte	0x6b
 288 009d 06       		.uleb128 0x6
 289 009e 15000000 		.4byte	.LASF14
 290 00a2 01       		.byte	0x1
 291 00a3 39       		.byte	0x39
 292 00a4 00000000 		.4byte	.LFB0
 293 00a8 38000000 		.4byte	.LFE0-.LFB0
 294 00ac 01       		.uleb128 0x1
 295 00ad 9C       		.byte	0x9c
 296 00ae CF000000 		.4byte	0xcf
 297 00b2 07       		.uleb128 0x7
 298 00b3 23000000 		.4byte	.LASF16
 299 00b7 01       		.byte	0x1
 300 00b8 39       		.byte	0x39
 301 00b9 6B000000 		.4byte	0x6b
 302 00bd 02       		.uleb128 0x2
 303 00be 91       		.byte	0x91
 304 00bf 6F       		.sleb128 -17
 305 00c0 08       		.uleb128 0x8
 306 00c1 29000000 		.4byte	.LASF23
 307 00c5 01       		.byte	0x1
 308 00c6 3B       		.byte	0x3b
 309 00c7 6B000000 		.4byte	0x6b
 310 00cb 02       		.uleb128 0x2
 311 00cc 91       		.byte	0x91
 312 00cd 77       		.sleb128 -9
ARM GAS  C:\Users\LUKASC~1\AppData\Local\Temp\ccszNDfc.s 			page 9


 313 00ce 00       		.byte	0
 314 00cf 06       		.uleb128 0x6
 315 00d0 00000000 		.4byte	.LASF15
 316 00d4 01       		.byte	0x1
 317 00d5 5A       		.byte	0x5a
 318 00d6 00000000 		.4byte	.LFB1
 319 00da 38000000 		.4byte	.LFE1-.LFB1
 320 00de 01       		.uleb128 0x1
 321 00df 9C       		.byte	0x9c
 322 00e0 F3000000 		.4byte	0xf3
 323 00e4 07       		.uleb128 0x7
 324 00e5 6D010000 		.4byte	.LASF17
 325 00e9 01       		.byte	0x1
 326 00ea 5A       		.byte	0x5a
 327 00eb 6B000000 		.4byte	0x6b
 328 00ef 02       		.uleb128 0x2
 329 00f0 91       		.byte	0x91
 330 00f1 77       		.sleb128 -9
 331 00f2 00       		.byte	0
 332 00f3 09       		.uleb128 0x9
 333 00f4 0B010000 		.4byte	.LASF18
 334 00f8 01       		.byte	0x1
 335 00f9 71       		.byte	0x71
 336 00fa 6B000000 		.4byte	0x6b
 337 00fe 00000000 		.4byte	.LFB2
 338 0102 20000000 		.4byte	.LFE2-.LFB2
 339 0106 01       		.uleb128 0x1
 340 0107 9C       		.byte	0x9c
 341 0108 09       		.uleb128 0x9
 342 0109 C2000000 		.4byte	.LASF19
 343 010d 01       		.byte	0x1
 344 010e 8D       		.byte	0x8d
 345 010f 6B000000 		.4byte	0x6b
 346 0113 00000000 		.4byte	.LFB3
 347 0117 20000000 		.4byte	.LFE3-.LFB3
 348 011b 01       		.uleb128 0x1
 349 011c 9C       		.byte	0x9c
 350 011d 00       		.byte	0
 351              		.section	.debug_abbrev,"",%progbits
 352              	.Ldebug_abbrev0:
 353 0000 01       		.uleb128 0x1
 354 0001 11       		.uleb128 0x11
 355 0002 01       		.byte	0x1
 356 0003 25       		.uleb128 0x25
 357 0004 0E       		.uleb128 0xe
 358 0005 13       		.uleb128 0x13
 359 0006 0B       		.uleb128 0xb
 360 0007 03       		.uleb128 0x3
 361 0008 0E       		.uleb128 0xe
 362 0009 1B       		.uleb128 0x1b
 363 000a 0E       		.uleb128 0xe
 364 000b 55       		.uleb128 0x55
 365 000c 17       		.uleb128 0x17
 366 000d 11       		.uleb128 0x11
 367 000e 01       		.uleb128 0x1
 368 000f 10       		.uleb128 0x10
 369 0010 17       		.uleb128 0x17
ARM GAS  C:\Users\LUKASC~1\AppData\Local\Temp\ccszNDfc.s 			page 10


 370 0011 00       		.byte	0
 371 0012 00       		.byte	0
 372 0013 02       		.uleb128 0x2
 373 0014 24       		.uleb128 0x24
 374 0015 00       		.byte	0
 375 0016 0B       		.uleb128 0xb
 376 0017 0B       		.uleb128 0xb
 377 0018 3E       		.uleb128 0x3e
 378 0019 0B       		.uleb128 0xb
 379 001a 03       		.uleb128 0x3
 380 001b 0E       		.uleb128 0xe
 381 001c 00       		.byte	0
 382 001d 00       		.byte	0
 383 001e 03       		.uleb128 0x3
 384 001f 24       		.uleb128 0x24
 385 0020 00       		.byte	0
 386 0021 0B       		.uleb128 0xb
 387 0022 0B       		.uleb128 0xb
 388 0023 3E       		.uleb128 0x3e
 389 0024 0B       		.uleb128 0xb
 390 0025 03       		.uleb128 0x3
 391 0026 08       		.uleb128 0x8
 392 0027 00       		.byte	0
 393 0028 00       		.byte	0
 394 0029 04       		.uleb128 0x4
 395 002a 16       		.uleb128 0x16
 396 002b 00       		.byte	0
 397 002c 03       		.uleb128 0x3
 398 002d 0E       		.uleb128 0xe
 399 002e 3A       		.uleb128 0x3a
 400 002f 0B       		.uleb128 0xb
 401 0030 3B       		.uleb128 0x3b
 402 0031 05       		.uleb128 0x5
 403 0032 49       		.uleb128 0x49
 404 0033 13       		.uleb128 0x13
 405 0034 00       		.byte	0
 406 0035 00       		.byte	0
 407 0036 05       		.uleb128 0x5
 408 0037 35       		.uleb128 0x35
 409 0038 00       		.byte	0
 410 0039 49       		.uleb128 0x49
 411 003a 13       		.uleb128 0x13
 412 003b 00       		.byte	0
 413 003c 00       		.byte	0
 414 003d 06       		.uleb128 0x6
 415 003e 2E       		.uleb128 0x2e
 416 003f 01       		.byte	0x1
 417 0040 3F       		.uleb128 0x3f
 418 0041 19       		.uleb128 0x19
 419 0042 03       		.uleb128 0x3
 420 0043 0E       		.uleb128 0xe
 421 0044 3A       		.uleb128 0x3a
 422 0045 0B       		.uleb128 0xb
 423 0046 3B       		.uleb128 0x3b
 424 0047 0B       		.uleb128 0xb
 425 0048 27       		.uleb128 0x27
 426 0049 19       		.uleb128 0x19
ARM GAS  C:\Users\LUKASC~1\AppData\Local\Temp\ccszNDfc.s 			page 11


 427 004a 11       		.uleb128 0x11
 428 004b 01       		.uleb128 0x1
 429 004c 12       		.uleb128 0x12
 430 004d 06       		.uleb128 0x6
 431 004e 40       		.uleb128 0x40
 432 004f 18       		.uleb128 0x18
 433 0050 9742     		.uleb128 0x2117
 434 0052 19       		.uleb128 0x19
 435 0053 01       		.uleb128 0x1
 436 0054 13       		.uleb128 0x13
 437 0055 00       		.byte	0
 438 0056 00       		.byte	0
 439 0057 07       		.uleb128 0x7
 440 0058 05       		.uleb128 0x5
 441 0059 00       		.byte	0
 442 005a 03       		.uleb128 0x3
 443 005b 0E       		.uleb128 0xe
 444 005c 3A       		.uleb128 0x3a
 445 005d 0B       		.uleb128 0xb
 446 005e 3B       		.uleb128 0x3b
 447 005f 0B       		.uleb128 0xb
 448 0060 49       		.uleb128 0x49
 449 0061 13       		.uleb128 0x13
 450 0062 02       		.uleb128 0x2
 451 0063 18       		.uleb128 0x18
 452 0064 00       		.byte	0
 453 0065 00       		.byte	0
 454 0066 08       		.uleb128 0x8
 455 0067 34       		.uleb128 0x34
 456 0068 00       		.byte	0
 457 0069 03       		.uleb128 0x3
 458 006a 0E       		.uleb128 0xe
 459 006b 3A       		.uleb128 0x3a
 460 006c 0B       		.uleb128 0xb
 461 006d 3B       		.uleb128 0x3b
 462 006e 0B       		.uleb128 0xb
 463 006f 49       		.uleb128 0x49
 464 0070 13       		.uleb128 0x13
 465 0071 02       		.uleb128 0x2
 466 0072 18       		.uleb128 0x18
 467 0073 00       		.byte	0
 468 0074 00       		.byte	0
 469 0075 09       		.uleb128 0x9
 470 0076 2E       		.uleb128 0x2e
 471 0077 00       		.byte	0
 472 0078 3F       		.uleb128 0x3f
 473 0079 19       		.uleb128 0x19
 474 007a 03       		.uleb128 0x3
 475 007b 0E       		.uleb128 0xe
 476 007c 3A       		.uleb128 0x3a
 477 007d 0B       		.uleb128 0xb
 478 007e 3B       		.uleb128 0x3b
 479 007f 0B       		.uleb128 0xb
 480 0080 27       		.uleb128 0x27
 481 0081 19       		.uleb128 0x19
 482 0082 49       		.uleb128 0x49
 483 0083 13       		.uleb128 0x13
ARM GAS  C:\Users\LUKASC~1\AppData\Local\Temp\ccszNDfc.s 			page 12


 484 0084 11       		.uleb128 0x11
 485 0085 01       		.uleb128 0x1
 486 0086 12       		.uleb128 0x12
 487 0087 06       		.uleb128 0x6
 488 0088 40       		.uleb128 0x40
 489 0089 18       		.uleb128 0x18
 490 008a 9742     		.uleb128 0x2117
 491 008c 19       		.uleb128 0x19
 492 008d 00       		.byte	0
 493 008e 00       		.byte	0
 494 008f 00       		.byte	0
 495              		.section	.debug_aranges,"",%progbits
 496 0000 34000000 		.4byte	0x34
 497 0004 0200     		.2byte	0x2
 498 0006 00000000 		.4byte	.Ldebug_info0
 499 000a 04       		.byte	0x4
 500 000b 00       		.byte	0
 501 000c 0000     		.2byte	0
 502 000e 0000     		.2byte	0
 503 0010 00000000 		.4byte	.LFB0
 504 0014 38000000 		.4byte	.LFE0-.LFB0
 505 0018 00000000 		.4byte	.LFB1
 506 001c 38000000 		.4byte	.LFE1-.LFB1
 507 0020 00000000 		.4byte	.LFB2
 508 0024 20000000 		.4byte	.LFE2-.LFB2
 509 0028 00000000 		.4byte	.LFB3
 510 002c 20000000 		.4byte	.LFE3-.LFB3
 511 0030 00000000 		.4byte	0
 512 0034 00000000 		.4byte	0
 513              		.section	.debug_ranges,"",%progbits
 514              	.Ldebug_ranges0:
 515 0000 00000000 		.4byte	.LFB0
 516 0004 38000000 		.4byte	.LFE0
 517 0008 00000000 		.4byte	.LFB1
 518 000c 38000000 		.4byte	.LFE1
 519 0010 00000000 		.4byte	.LFB2
 520 0014 20000000 		.4byte	.LFE2
 521 0018 00000000 		.4byte	.LFB3
 522 001c 20000000 		.4byte	.LFE3
 523 0020 00000000 		.4byte	0
 524 0024 00000000 		.4byte	0
 525              		.section	.debug_line,"",%progbits
 526              	.Ldebug_line0:
 527 0000 92000000 		.section	.debug_str,"MS",%progbits,1
 527      02004400 
 527      00000201 
 527      FB0E0D00 
 527      01010101 
 528              	.LASF15:
 529 0000 53706561 		.ascii	"Speaker_SetDriveMode\000"
 529      6B65725F 
 529      53657444 
 529      72697665 
 529      4D6F6465 
 530              	.LASF14:
 531 0015 53706561 		.ascii	"Speaker_Write\000"
 531      6B65725F 
ARM GAS  C:\Users\LUKASC~1\AppData\Local\Temp\ccszNDfc.s 			page 13


 531      57726974 
 531      6500
 532              	.LASF16:
 533 0023 76616C75 		.ascii	"value\000"
 533      6500
 534              	.LASF23:
 535 0029 73746174 		.ascii	"staticBits\000"
 535      69634269 
 535      747300
 536              	.LASF20:
 537 0034 474E5520 		.ascii	"GNU C 4.9.3 20150303 (release) [ARM/embedded-4_9-br"
 537      4320342E 
 537      392E3320 
 537      32303135 
 537      30333033 
 538 0067 616E6368 		.ascii	"anch revision 221220] -mcpu=cortex-m3 -mthumb -g -O"
 538      20726576 
 538      6973696F 
 538      6E203232 
 538      31323230 
 539 009a 30202D66 		.ascii	"0 -ffunction-sections -ffat-lto-objects\000"
 539      66756E63 
 539      74696F6E 
 539      2D736563 
 539      74696F6E 
 540              	.LASF19:
 541 00c2 53706561 		.ascii	"Speaker_ReadDataReg\000"
 541      6B65725F 
 541      52656164 
 541      44617461 
 541      52656700 
 542              	.LASF21:
 543 00d6 47656E65 		.ascii	"Generated_Source\\PSoC5\\Speaker.c\000"
 543      72617465 
 543      645F536F 
 543      75726365 
 543      5C50536F 
 544              	.LASF9:
 545 00f7 666C6F61 		.ascii	"float\000"
 545      7400
 546              	.LASF1:
 547 00fd 756E7369 		.ascii	"unsigned char\000"
 547      676E6564 
 547      20636861 
 547      7200
 548              	.LASF18:
 549 010b 53706561 		.ascii	"Speaker_Read\000"
 549      6B65725F 
 549      52656164 
 549      00
 550              	.LASF13:
 551 0118 72656738 		.ascii	"reg8\000"
 551      00
 552              	.LASF5:
 553 011d 6C6F6E67 		.ascii	"long unsigned int\000"
 553      20756E73 
 553      69676E65 
ARM GAS  C:\Users\LUKASC~1\AppData\Local\Temp\ccszNDfc.s 			page 14


 553      6420696E 
 553      7400
 554              	.LASF3:
 555 012f 73686F72 		.ascii	"short unsigned int\000"
 555      7420756E 
 555      7369676E 
 555      65642069 
 555      6E7400
 556              	.LASF10:
 557 0142 646F7562 		.ascii	"double\000"
 557      6C6500
 558              	.LASF8:
 559 0149 756E7369 		.ascii	"unsigned int\000"
 559      676E6564 
 559      20696E74 
 559      00
 560              	.LASF7:
 561 0156 6C6F6E67 		.ascii	"long long unsigned int\000"
 561      206C6F6E 
 561      6720756E 
 561      7369676E 
 561      65642069 
 562              	.LASF17:
 563 016d 6D6F6465 		.ascii	"mode\000"
 563      00
 564              	.LASF22:
 565 0172 433A5C55 		.ascii	"C:\\Users\\Lukas Creutzburg\\Documents\\GitHub\\PSo"
 565      73657273 
 565      5C4C756B 
 565      61732043 
 565      72657574 
 566 01a0 43354C50 		.ascii	"C5LP-freeDSP-USB-Port\\PSoC_freeDSP_USB_Port\\PSoC5"
 566      2D667265 
 566      65445350 
 566      2D555342 
 566      2D506F72 
 567 01d1 5F555342 		.ascii	"_USB_Sound_Interface.cydsn\000"
 567      5F536F75 
 567      6E645F49 
 567      6E746572 
 567      66616365 
 568              	.LASF6:
 569 01ec 6C6F6E67 		.ascii	"long long int\000"
 569      206C6F6E 
 569      6720696E 
 569      7400
 570              	.LASF11:
 571 01fa 63686172 		.ascii	"char\000"
 571      00
 572              	.LASF2:
 573 01ff 73686F72 		.ascii	"short int\000"
 573      7420696E 
 573      7400
 574              	.LASF12:
 575 0209 75696E74 		.ascii	"uint8\000"
 575      3800
 576              	.LASF4:
ARM GAS  C:\Users\LUKASC~1\AppData\Local\Temp\ccszNDfc.s 			page 15


 577 020f 6C6F6E67 		.ascii	"long int\000"
 577      20696E74 
 577      00
 578              	.LASF0:
 579 0218 7369676E 		.ascii	"signed char\000"
 579      65642063 
 579      68617200 
 580              		.ident	"GCC: (GNU Tools for ARM Embedded Processors) 4.9.3 20150303 (release) [ARM/embedded-4_9-br
