Loading plugins phase: Elapsed time ==> 0s.320ms
Initializing data phase: Elapsed time ==> 0s.000ms
<CYPRESSTAG name="CyDsfit arguments...">
cydsfit arguments: -.fdsnotice -.fdswarpdepfile=warp_dependencies.txt -.fdselabdepfile=elab_dependencies.txt -.fdsbldfile=generated_files.txt -p C:\Users\Lukas Creutzburg\Documents\GitHub\PSoC5LP-freeDSP-USB-Port\PSoC_freeDSP_USB_Port\Design01.cydsn\Design01.cyprj -d CY8C5888LTI-LP097 -s C:\Users\Lukas Creutzburg\Documents\GitHub\PSoC5LP-freeDSP-USB-Port\PSoC_freeDSP_USB_Port\Design01.cydsn\Generated_Source\PSoC5 -- -yv2 -q10 -ygs -o2 -v3 -.fftcfgtype=LE</CYPRESSTAG>
<CYPRESSTAG name="Design elaboration results...">
</CYPRESSTAG>
Elaboration phase: Elapsed time ==> 1s.573ms
<CYPRESSTAG name="HDL generation results...">
</CYPRESSTAG>
HDL generation phase: Elapsed time ==> 0s.058ms
<CYPRESSTAG name="Synthesis results...">

     | | | | | | |
   _________________
  -|               |-
  -|               |-
  -|               |-
  -|    CYPRESS    |-
  -|               |-
  -|               |-   Warp Verilog Synthesis Compiler: Version 6.3 IR 41
  -|               |-   Copyright (C) 1991-2001 Cypress Semiconductor
   |_______________|
     | | | | | | |

======================================================================
Compiling:  Design01.v
Program  :   C:\Program Files (x86)\Cypress\PSoC Creator\3.3\PSoC Creator\warp\bin/warp.exe
Options  :    -yv2 -q10 -ygs -o2 -v3 -.fftcfgtype=LE -ya -.fftprj=C:\Users\Lukas Creutzburg\Documents\GitHub\PSoC5LP-freeDSP-USB-Port\PSoC_freeDSP_USB_Port\Design01.cydsn\Design01.cyprj -dcpsoc3 Design01.v -verilog
======================================================================

======================================================================
Compiling:  Design01.v
Program  :   C:\Program Files (x86)\Cypress\PSoC Creator\3.3\PSoC Creator\warp\bin/warp.exe
Options  :    -yv2 -q10 -ygs -o2 -v3 -.fftcfgtype=LE -ya -.fftprj=C:\Users\Lukas Creutzburg\Documents\GitHub\PSoC5LP-freeDSP-USB-Port\PSoC_freeDSP_USB_Port\Design01.cydsn\Design01.cyprj -dcpsoc3 Design01.v -verilog
======================================================================

======================================================================
Compiling:  Design01.v
Program  :   vlogfe
Options  :    -yv2 -q10 -ygs -o2 -v3 -.fftcfgtype=LE -ya -.fftprj=C:\Users\Lukas Creutzburg\Documents\GitHub\PSoC5LP-freeDSP-USB-Port\PSoC_freeDSP_USB_Port\Design01.cydsn\Design01.cyprj -dcpsoc3 -verilog Design01.v
======================================================================

vlogfe V6.3 IR 41:  Verilog parser
Tue May 03 09:55:21 2016


======================================================================
Compiling:  Design01.v
Program  :   vpp
Options  :    -yv2 -q10 Design01.v
======================================================================

vpp V6.3 IR 41:  Verilog Pre-Processor
Tue May 03 09:55:21 2016

Flattening file 'C:\Program Files (x86)\Cypress\PSoC Creator\3.3\PSoC Creator\psoc\content\cyprimitives\CyPrimitives.cylib\CyStatusReg_v1_90\CyStatusReg_v1_90.v'
Flattening file 'C:\Program Files (x86)\Cypress\PSoC Creator\3.3\PSoC Creator\warp\lib\common\cypress.v'
Flattening file 'C:\Program Files (x86)\Cypress\PSoC Creator\3.3\PSoC Creator\warp\lib\common\cy_psoc3_inc.v'
Flattening file 'C:\Program Files (x86)\Cypress\PSoC Creator\3.3\PSoC Creator\psoc\content\cyprimitives\CyPrimitives.cylib\cy_virtualmux_v1_0\cy_virtualmux_v1_0.v'
Flattening file 'C:\Program Files (x86)\Cypress\PSoC Creator\3.3\PSoC Creator\psoc\content\cyprimitives\CyPrimitives.cylib\ZeroTerminal\ZeroTerminal.v'
Flattening file 'C:\Program Files (x86)\Cypress\PSoC Creator\3.3\PSoC Creator\psoc\content\cyprimitives\CyPrimitives.cylib\cy_sync_v1_0\cy_sync_v1_0.v'
Flattening file 'C:\Program Files (x86)\Cypress\PSoC Creator\3.3\PSoC Creator\warp\lib\common\cypress.v'

vpp:  No errors.

Library 'work' => directory 'lcpsoc3'
General_symbol_table
General_symbol_table
Linking 'C:\Program Files (x86)\Cypress\PSoC Creator\3.3\PSoC Creator\warp\lib\common\std.vhd'.
Linking 'C:\Program Files (x86)\Cypress\PSoC Creator\3.3\PSoC Creator\warp\lib\common\cypress.vhd'.
Linking 'C:\Program Files (x86)\Cypress\PSoC Creator\3.3\PSoC Creator\warp\lib\common\work\cypress.vif'.
Linking 'C:\Program Files (x86)\Cypress\PSoC Creator\3.3\PSoC Creator\warp\lib\ieee\work\stdlogic.vif'.
Linking 'C:\Program Files (x86)\Cypress\PSoC Creator\3.3\PSoC Creator\warp\lib\common\stdlogic\lpmpkg.vif'.
Linking 'C:\Program Files (x86)\Cypress\PSoC Creator\3.3\PSoC Creator\warp\lib\common\stdlogic\rtlpkg.vif'.
Linking 'C:\Program Files (x86)\Cypress\PSoC Creator\3.3\PSoC Creator\warp\lib\common\stdlogic\mod_cnst.vif'.
Linking 'C:\Program Files (x86)\Cypress\PSoC Creator\3.3\PSoC Creator\warp\lib\common\stdlogic\mod_mthv.vif'.
Linking 'C:\Program Files (x86)\Cypress\PSoC Creator\3.3\PSoC Creator\warp\lib\common\stdlogic\mod_genv.vif'.
Using control file 'Design01.ctl'.

vlogfe:  No errors.


======================================================================
Compiling:  Design01.v
Program  :   tovif
Options  :    -yv2 -q10 -ygs -o2 -v3 -.fftcfgtype=LE -ya -.fftprj=C:\Users\Lukas Creutzburg\Documents\GitHub\PSoC5LP-freeDSP-USB-Port\PSoC_freeDSP_USB_Port\Design01.cydsn\Design01.cyprj -dcpsoc3 -verilog Design01.v
======================================================================

tovif V6.3 IR 41:  High-level synthesis
Tue May 03 09:55:22 2016

Linking 'C:\Program Files (x86)\Cypress\PSoC Creator\3.3\PSoC Creator\warp\lib\common\std.vhd'.
Linking 'C:\Program Files (x86)\Cypress\PSoC Creator\3.3\PSoC Creator\warp\lib\common\cypress.vhd'.
Linking 'C:\Program Files (x86)\Cypress\PSoC Creator\3.3\PSoC Creator\warp\lib\common\work\cypress.vif'.
Linking 'C:\Program Files (x86)\Cypress\PSoC Creator\3.3\PSoC Creator\warp\lib\ieee\work\stdlogic.vif'.
Linking 'C:\Program Files (x86)\Cypress\PSoC Creator\3.3\PSoC Creator\warp\lib\common\stdlogic\lpmpkg.vif'.
Linking 'C:\Program Files (x86)\Cypress\PSoC Creator\3.3\PSoC Creator\warp\lib\common\stdlogic\rtlpkg.vif'.
Linking 'C:\Program Files (x86)\Cypress\PSoC Creator\3.3\PSoC Creator\warp\lib\common\stdlogic\mod_cnst.vif'.
Linking 'C:\Program Files (x86)\Cypress\PSoC Creator\3.3\PSoC Creator\warp\lib\common\stdlogic\mod_mthv.vif'.
Linking 'C:\Program Files (x86)\Cypress\PSoC Creator\3.3\PSoC Creator\warp\lib\common\stdlogic\mod_genv.vif'.
Linking 'C:\Users\Lukas Creutzburg\Documents\GitHub\PSoC5LP-freeDSP-USB-Port\PSoC_freeDSP_USB_Port\Design01.cydsn\codegentemp\Design01.ctl'.
Linking 'C:\Program Files (x86)\Cypress\PSoC Creator\3.3\PSoC Creator\psoc\content\cyprimitives\CyPrimitives.cylib\CyStatusReg_v1_90\CyStatusReg_v1_90.v'.
Linking 'C:\Program Files (x86)\Cypress\PSoC Creator\3.3\PSoC Creator\warp\lib\common\cypress.v'.
Linking 'C:\Program Files (x86)\Cypress\PSoC Creator\3.3\PSoC Creator\warp\lib\common\cy_psoc3_inc.v'.
Linking 'C:\Users\Lukas Creutzburg\Documents\GitHub\PSoC5LP-freeDSP-USB-Port\PSoC_freeDSP_USB_Port\Design01.cydsn\codegentemp\Design01.v'.
Linking 'C:\Program Files (x86)\Cypress\PSoC Creator\3.3\PSoC Creator\psoc\content\cyprimitives\CyPrimitives.cylib\cy_virtualmux_v1_0\cy_virtualmux_v1_0.v'.
Linking 'C:\Program Files (x86)\Cypress\PSoC Creator\3.3\PSoC Creator\psoc\content\cyprimitives\CyPrimitives.cylib\ZeroTerminal\ZeroTerminal.v'.
Linking 'C:\Program Files (x86)\Cypress\PSoC Creator\3.3\PSoC Creator\psoc\content\cyprimitives\CyPrimitives.cylib\cy_sync_v1_0\cy_sync_v1_0.v'.

tovif:  No errors.


======================================================================
Compiling:  Design01.v
Program  :   topld
Options  :    -yv2 -q10 -ygs -o2 -v3 -.fftcfgtype=LE -ya -.fftprj=C:\Users\Lukas Creutzburg\Documents\GitHub\PSoC5LP-freeDSP-USB-Port\PSoC_freeDSP_USB_Port\Design01.cydsn\Design01.cyprj -dcpsoc3 -verilog Design01.v
======================================================================

topld V6.3 IR 41:  Synthesis and optimization
Tue May 03 09:55:22 2016

Linking 'C:\Program Files (x86)\Cypress\PSoC Creator\3.3\PSoC Creator\warp\lib\common\std.vhd'.
Linking 'C:\Program Files (x86)\Cypress\PSoC Creator\3.3\PSoC Creator\warp\lib\common\cypress.vhd'.
Linking 'C:\Program Files (x86)\Cypress\PSoC Creator\3.3\PSoC Creator\warp\lib\common\work\cypress.vif'.
Linking 'C:\Program Files (x86)\Cypress\PSoC Creator\3.3\PSoC Creator\warp\lib\ieee\work\stdlogic.vif'.
Linking 'C:\Program Files (x86)\Cypress\PSoC Creator\3.3\PSoC Creator\warp\lib\common\stdlogic\lpmpkg.vif'.
Linking 'C:\Program Files (x86)\Cypress\PSoC Creator\3.3\PSoC Creator\warp\lib\common\stdlogic\rtlpkg.vif'.
Linking 'C:\Program Files (x86)\Cypress\PSoC Creator\3.3\PSoC Creator\warp\lib\common\stdlogic\mod_cnst.vif'.
Linking 'C:\Program Files (x86)\Cypress\PSoC Creator\3.3\PSoC Creator\warp\lib\common\stdlogic\mod_mthv.vif'.
Linking 'C:\Program Files (x86)\Cypress\PSoC Creator\3.3\PSoC Creator\warp\lib\common\stdlogic\mod_genv.vif'.
Linking 'C:\Users\Lukas Creutzburg\Documents\GitHub\PSoC5LP-freeDSP-USB-Port\PSoC_freeDSP_USB_Port\Design01.cydsn\codegentemp\Design01.ctl'.
Linking 'C:\Program Files (x86)\Cypress\PSoC Creator\3.3\PSoC Creator\psoc\content\cyprimitives\CyPrimitives.cylib\CyStatusReg_v1_90\CyStatusReg_v1_90.v'.
Linking 'C:\Program Files (x86)\Cypress\PSoC Creator\3.3\PSoC Creator\warp\lib\common\cypress.v'.
Linking 'C:\Program Files (x86)\Cypress\PSoC Creator\3.3\PSoC Creator\warp\lib\common\cy_psoc3_inc.v'.
Linking 'C:\Users\Lukas Creutzburg\Documents\GitHub\PSoC5LP-freeDSP-USB-Port\PSoC_freeDSP_USB_Port\Design01.cydsn\codegentemp\Design01.v'.
Linking 'C:\Program Files (x86)\Cypress\PSoC Creator\3.3\PSoC Creator\psoc\content\cyprimitives\CyPrimitives.cylib\cy_virtualmux_v1_0\cy_virtualmux_v1_0.v'.
Linking 'C:\Program Files (x86)\Cypress\PSoC Creator\3.3\PSoC Creator\psoc\content\cyprimitives\CyPrimitives.cylib\ZeroTerminal\ZeroTerminal.v'.
Linking 'C:\Program Files (x86)\Cypress\PSoC Creator\3.3\PSoC Creator\psoc\content\cyprimitives\CyPrimitives.cylib\cy_sync_v1_0\cy_sync_v1_0.v'.
Linking 'C:\Program Files (x86)\Cypress\PSoC Creator\3.3\PSoC Creator\warp\lib\lcpsoc3\stdlogic\cpsoc3.vif'.

----------------------------------------------------------
Detecting unused logic.
----------------------------------------------------------
    User names
	\USBFS_1:EP17_DMA_Done_SR:status_7\
	\USBFS_1:EP8_DMA_Done_SR:status_7\
	\USBFS_1:Net_1921\


Deleted 3 User equations/components.
Deleted 0 Synthesized equations/components.

------------------------------------------------------
Alias Detection
------------------------------------------------------
Aliasing one to \USBFS_1:tmpOE__Dm_net_0\
Aliasing \USBFS_1:tmpOE__Dp_net_0\ to \USBFS_1:tmpOE__Dm_net_0\
Aliasing \USBFS_1:EP8_DMA_Done_SR:status_2\ to zero
Aliasing \USBFS_1:EP8_DMA_Done_SR:status_3\ to zero
Aliasing \USBFS_1:EP8_DMA_Done_SR:status_4\ to zero
Aliasing \USBFS_1:EP8_DMA_Done_SR:status_5\ to zero
Aliasing \USBFS_1:EP8_DMA_Done_SR:status_6\ to zero
Aliasing \USBFS_1:Net_1922\ to zero
Aliasing \USBFS_1:Net_1920\ to zero
Aliasing \USBFS_1:Net_1919\ to zero
Aliasing \USBFS_1:Net_1918\ to zero
Aliasing \USBFS_1:Net_1917\ to zero
Aliasing \USBFS_1:Net_1916\ to zero
Aliasing \USBFS_1:Net_1915\ to zero
Removing Lhs of wire \USBFS_1:EP17_DMA_Done_SR:status_6\[1] = \USBFS_1:Net_2040_6\[2]
Removing Lhs of wire \USBFS_1:EP17_DMA_Done_SR:status_5\[3] = \USBFS_1:Net_2040_5\[4]
Removing Lhs of wire \USBFS_1:EP17_DMA_Done_SR:status_4\[5] = \USBFS_1:Net_2040_4\[6]
Removing Lhs of wire \USBFS_1:EP17_DMA_Done_SR:status_3\[7] = \USBFS_1:Net_2040_3\[8]
Removing Lhs of wire \USBFS_1:EP17_DMA_Done_SR:status_2\[9] = \USBFS_1:Net_2040_2\[10]
Removing Lhs of wire \USBFS_1:EP17_DMA_Done_SR:status_1\[11] = \USBFS_1:Net_2040_1\[12]
Removing Lhs of wire \USBFS_1:EP17_DMA_Done_SR:status_0\[13] = \USBFS_1:Net_2040_0\[14]
Removing Rhs of wire one[31] = \USBFS_1:tmpOE__Dm_net_0\[26]
Removing Lhs of wire \USBFS_1:tmpOE__Dp_net_0\[34] = one[31]
Removing Lhs of wire \USBFS_1:EP8_DMA_Done_SR:status_0\[62] = \USBFS_1:EPs_1_to_7_dma_complete\[18]
Removing Lhs of wire \USBFS_1:EP8_DMA_Done_SR:status_1\[63] = \USBFS_1:Net_2040_7\[64]
Removing Lhs of wire \USBFS_1:EP8_DMA_Done_SR:status_2\[65] = zero[16]
Removing Lhs of wire \USBFS_1:EP8_DMA_Done_SR:status_3\[66] = zero[16]
Removing Lhs of wire \USBFS_1:EP8_DMA_Done_SR:status_4\[67] = zero[16]
Removing Lhs of wire \USBFS_1:EP8_DMA_Done_SR:status_5\[68] = zero[16]
Removing Lhs of wire \USBFS_1:EP8_DMA_Done_SR:status_6\[69] = zero[16]
Removing Lhs of wire \USBFS_1:dma_complete_0\[76] = zero[16]
Removing Lhs of wire \USBFS_1:Net_1922\[77] = zero[16]
Removing Lhs of wire \USBFS_1:dma_complete_1\[78] = \USBFS_1:Net_1498\[22]
Removing Lhs of wire \USBFS_1:dma_complete_2\[80] = zero[16]
Removing Lhs of wire \USBFS_1:Net_1920\[81] = zero[16]
Removing Lhs of wire \USBFS_1:dma_complete_3\[82] = zero[16]
Removing Lhs of wire \USBFS_1:Net_1919\[83] = zero[16]
Removing Lhs of wire \USBFS_1:dma_complete_4\[84] = zero[16]
Removing Lhs of wire \USBFS_1:Net_1918\[85] = zero[16]
Removing Lhs of wire \USBFS_1:dma_complete_5\[86] = zero[16]
Removing Lhs of wire \USBFS_1:Net_1917\[87] = zero[16]
Removing Lhs of wire \USBFS_1:dma_complete_6\[88] = zero[16]
Removing Lhs of wire \USBFS_1:Net_1916\[89] = zero[16]
Removing Lhs of wire \USBFS_1:dma_complete_7\[90] = zero[16]
Removing Lhs of wire \USBFS_1:Net_1915\[91] = zero[16]

------------------------------------------------------
Aliased 0 equations, 31 wires.
------------------------------------------------------

----------------------------------------------------------
Circuit simplification
----------------------------------------------------------

Substituting virtuals - pass 1:


----------------------------------------------------------
Circuit simplification results:

	Expanded 0 signals.
	Turned 0 signals into soft nodes.
	Maximum default expansion cost was set at 3.
----------------------------------------------------------

topld:  No errors.

CYPRESS_DIR    : C:\Program Files (x86)\Cypress\PSoC Creator\3.3\PSoC Creator\warp
Warp Program   : C:\Program Files (x86)\Cypress\PSoC Creator\3.3\PSoC Creator\warp\bin/warp.exe
Warp Arguments : -yv2 -q10 -ygs -o2 -v3 -.fftcfgtype=LE -ya "-.fftprj=C:\Users\Lukas Creutzburg\Documents\GitHub\PSoC5LP-freeDSP-USB-Port\PSoC_freeDSP_USB_Port\Design01.cydsn\Design01.cyprj" -dcpsoc3 Design01.v -verilog
</CYPRESSTAG>
Warp synthesis phase: Elapsed time ==> 0s.387ms
<CYPRESSTAG name="Fitter results...">
<CYPRESSTAG name="Fitter startup details...">
cyp3fit: V3.3.0.7343, Family: PSoC3, Started at: Tuesday, 03 May 2016 09:55:22
Options: -yv2 -q10 -ygs -o2 -v3 -.fftcfgtype=LE -ya -.fftprj=C:\Users\Lukas Creutzburg\Documents\GitHub\PSoC5LP-freeDSP-USB-Port\PSoC_freeDSP_USB_Port\Design01.cydsn\Design01.cyprj -d CY8C5888LTI-LP097 Design01.v -verilog
</CYPRESSTAG>
<CYPRESSTAG name="Design parsing">
Design parsing phase: Elapsed time ==> 0s.006ms
</CYPRESSTAG>
<CYPRESSTAG name="Tech mapping">
<CYPRESSTAG name="Initial Mapping" icon="FILE_RPT_TECHM">
Assigning clock USBFS_1_USB_BUS_CLOCK to clock BUS_CLK because it is a pass-through
<CYPRESSTAG name="Global Clock Selection" icon="FILE_RPT_TECHM">
</CYPRESSTAG>
<CYPRESSTAG name="UDB Clock/Enable Remapping Results">
</CYPRESSTAG>
ADD: pft.M0040: information: The following 2 pin(s) will be assigned a location by the fitter: \USBFS_1:Dm(0)\, \USBFS_1:Dp(0)\


Removing unused cells resulting from optimization
Done removing unused cells.
<CYPRESSTAG name="Duplicate Macrocell detection">
</CYPRESSTAG>
</CYPRESSTAG>
<CYPRESSTAG name="Duplicate Macrocell detection">
</CYPRESSTAG>
<CYPRESSTAG name="Design Equations" icon="FILE_RPT_EQUATION">

------------------------------------------------------------
Design Equations
------------------------------------------------------------
    <CYPRESSTAG name="Pin listing">

    ------------------------------------------------------------
    Pin listing
    ------------------------------------------------------------

    Pin : Name = \USBFS_1:Dm(0)\
        Attributes:
            In Group/Port: True
            In Sync Option: AUTO
            Out Sync Option: AUTO
            Interrupt generated: False
            Interrupt mode: NONE
            Drive mode: HI_Z_ANALOG
            VTrip: EITHER
            Slew: FAST
            Input Sync needed: False
            Output Sync needed: False
            SC shield enabled: False
            POR State: ANY
            LCD Mode: COMMON
            Register Mode: RegComb
            CaSense Mode: NEITHER
            Treat as pin: True
            Is OE Registered: False
            Uses Analog: True
            Can contain Digital: False
            Is SIO: False
            SIO Output Buf: NONREGULATED
            SIO Input Buf: SINGLE_ENDED
            SIO HiFreq: LOW
            SIO Hyst: DISABLED
            SIO Vtrip: MULTIPLIER_0_5
            SIO Multiplier Index: 0
            SIO RefSel: VCC_IO
            Required Capabilitites: USB_D_MINUS
            Initial Value: 0
            IO Voltage: 0
        PORT MAP (
            pa_out => \USBFS_1:Dm(0)\__PA ,
            analog_term => \USBFS_1:Net_597\ ,
            pad => \USBFS_1:Dm(0)_PAD\ );

    Pin : Name = \USBFS_1:Dp(0)\
        Attributes:
            In Group/Port: True
            In Sync Option: SYNC
            Out Sync Option: AUTO
            Interrupt generated: True
            Interrupt mode: FALLING
            Drive mode: HI_Z_ANALOG
            VTrip: CMOS
            Slew: FAST
            Input Sync needed: True
            Output Sync needed: False
            SC shield enabled: False
            POR State: ANY
            LCD Mode: COMMON
            Register Mode: RegComb
            CaSense Mode: NEITHER
            Treat as pin: False
            Is OE Registered: False
            Uses Analog: True
            Can contain Digital: True
            Is SIO: False
            SIO Output Buf: NONREGULATED
            SIO Input Buf: SINGLE_ENDED
            SIO HiFreq: LOW
            SIO Hyst: DISABLED
            SIO Vtrip: MULTIPLIER_0_5
            SIO Multiplier Index: 0
            SIO RefSel: VCC_IO
            Required Capabilitites: USB_D_PLUS
            Initial Value: 1
            IO Voltage: 0
        PORT MAP (
            pa_out => \USBFS_1:Dp(0)\__PA ,
            analog_term => \USBFS_1:Net_1000\ ,
            pad => \USBFS_1:Dp(0)_PAD\ );
    </CYPRESSTAG>
    <CYPRESSTAG name="Macrocell listing" icon="FILE_RPT_EQUATION">
    </CYPRESSTAG>
    <CYPRESSTAG name="Datapath listing">
    </CYPRESSTAG>
    <CYPRESSTAG name="Status register listing">
    </CYPRESSTAG>
    <CYPRESSTAG name="StatusI register listing">

    ------------------------------------------------------------
    StatusI register listing
    ------------------------------------------------------------

    statusicell: Name =\USBFS_1:EP17_DMA_Done_SR:sts_intr:sts_reg\
        PORT MAP (
            clock => ClockBlock_BUS_CLK ,
            status_6 => \USBFS_1:Net_2040_6\ ,
            status_5 => \USBFS_1:Net_2040_5\ ,
            status_4 => \USBFS_1:Net_2040_4\ ,
            status_3 => \USBFS_1:Net_2040_3\ ,
            status_2 => \USBFS_1:Net_2040_2\ ,
            status_1 => \USBFS_1:Net_2040_1\ ,
            status_0 => \USBFS_1:Net_2040_0\ ,
            interrupt => \USBFS_1:EPs_1_to_7_dma_complete\ );
        Properties:
        {
            cy_force_order = 1
            cy_int_mask = "1111111"
            cy_md_select = "1111111"
        }
        Clock Polarity: Active High
        Clock Enable: True

    statusicell: Name =\USBFS_1:EP8_DMA_Done_SR:sts_intr:sts_reg\
        PORT MAP (
            clock => ClockBlock_BUS_CLK ,
            status_1 => \USBFS_1:Net_2040_7\ ,
            status_0 => \USBFS_1:EPs_1_to_7_dma_complete\ ,
            interrupt => \USBFS_1:Net_2032\ );
        Properties:
        {
            cy_force_order = 1
            cy_int_mask = "0000011"
            cy_md_select = "0000011"
        }
        Clock Polarity: Active High
        Clock Enable: True
    </CYPRESSTAG>
    <CYPRESSTAG name="Sync listing">

    ------------------------------------------------------------
    Sync listing
    ------------------------------------------------------------

    synccell: Name =\USBFS_1:nrqSync:genblk1[0]:INST\
        PORT MAP (
            clock => ClockBlock_BUS_CLK ,
            out => \USBFS_1:Net_2040_0\ );
        Clock Polarity: Active High
        Clock Enable: True

    synccell: Name =\USBFS_1:nrqSync:genblk1[1]:INST\
        PORT MAP (
            clock => ClockBlock_BUS_CLK ,
            in => \USBFS_1:Net_1498\ ,
            out => \USBFS_1:Net_2040_1\ );
        Clock Polarity: Active High
        Clock Enable: True

    synccell: Name =\USBFS_1:nrqSync:genblk1[2]:INST\
        PORT MAP (
            clock => ClockBlock_BUS_CLK ,
            out => \USBFS_1:Net_2040_2\ );
        Clock Polarity: Active High
        Clock Enable: True

    synccell: Name =\USBFS_1:nrqSync:genblk1[3]:INST\
        PORT MAP (
            clock => ClockBlock_BUS_CLK ,
            out => \USBFS_1:Net_2040_3\ );
        Clock Polarity: Active High
        Clock Enable: True

    synccell: Name =\USBFS_1:nrqSync:genblk1[4]:INST\
        PORT MAP (
            clock => ClockBlock_BUS_CLK ,
            out => \USBFS_1:Net_2040_4\ );
        Clock Polarity: Active High
        Clock Enable: True

    synccell: Name =\USBFS_1:nrqSync:genblk1[5]:INST\
        PORT MAP (
            clock => ClockBlock_BUS_CLK ,
            out => \USBFS_1:Net_2040_5\ );
        Clock Polarity: Active High
        Clock Enable: True

    synccell: Name =\USBFS_1:nrqSync:genblk1[6]:INST\
        PORT MAP (
            clock => ClockBlock_BUS_CLK ,
            out => \USBFS_1:Net_2040_6\ );
        Clock Polarity: Active High
        Clock Enable: True

    synccell: Name =\USBFS_1:nrqSync:genblk1[7]:INST\
        PORT MAP (
            clock => ClockBlock_BUS_CLK ,
            out => \USBFS_1:Net_2040_7\ );
        Clock Polarity: Active High
        Clock Enable: True
    </CYPRESSTAG>
    <CYPRESSTAG name="Control register listing">
    </CYPRESSTAG>
    <CYPRESSTAG name="Count7 listing">
    </CYPRESSTAG>
    <CYPRESSTAG name="DRQ listing">

    ------------------------------------------------------------
    DRQ listing
    ------------------------------------------------------------

    drqcell: Name =\USBFS_1:ep2\
        PORT MAP (
            dmareq => \USBFS_1:dma_request_1\ ,
            termin => \USBFS_1:dma_terminate\ ,
            termout => \USBFS_1:Net_1498\ );
        Properties:
        {
            drq_type = "10"
            num_tds = 0
        }
    </CYPRESSTAG>
    <CYPRESSTAG name="Interrupt listing">

    ------------------------------------------------------------
    Interrupt listing
    ------------------------------------------------------------

    interrupt: Name =\USBFS_1:dp_int\
        PORT MAP (
            interrupt => \USBFS_1:Net_1010\ );
        Properties:
        {
            int_type = "10"
        }

    interrupt: Name =\USBFS_1:EP_DMA_Done_isr\
        PORT MAP (
            interrupt => \USBFS_1:Net_2032\ );
        Properties:
        {
            int_type = "10"
        }

    interrupt: Name =\USBFS_1:ep_2\
        PORT MAP (
            interrupt => \USBFS_1:ep_int_2\ );
        Properties:
        {
            int_type = "10"
        }

    interrupt: Name =\USBFS_1:ep_0\
        PORT MAP (
            interrupt => \USBFS_1:ep_int_0\ );
        Properties:
        {
            int_type = "10"
        }

    interrupt: Name =\USBFS_1:bus_reset\
        PORT MAP (
            interrupt => \USBFS_1:Net_1876\ );
        Properties:
        {
            int_type = "10"
        }

    interrupt: Name =\USBFS_1:arb_int\
        PORT MAP (
            interrupt => \USBFS_1:Net_1889\ );
        Properties:
        {
            int_type = "10"
        }
    </CYPRESSTAG>
</CYPRESSTAG>
<CYPRESSTAG name="Technology mapping summary" expanded>

------------------------------------------------------------
Technology mapping summary
------------------------------------------------------------

Resource Type                 : Used : Free :  Max :  % Used
============================================================
Digital Clocks                :    0 :    8 :    8 :  0.00 %
Analog Clocks                 :    0 :    4 :    4 :  0.00 %
CapSense Buffers              :    0 :    2 :    2 :  0.00 %
Digital Filter Block          :    0 :    1 :    1 :  0.00 %
Interrupts                    :    6 :   26 :   32 : 18.75 %
IO                            :    5 :   43 :   48 : 10.42 %
Segment LCD                   :    0 :    1 :    1 :  0.00 %
CAN 2.0b                      :    0 :    1 :    1 :  0.00 %
I2C                           :    0 :    1 :    1 :  0.00 %
USB                           :    1 :    0 :    1 : 100.00 %
DMA Channels                  :    1 :   23 :   24 :  4.17 %
Timer                         :    0 :    4 :    4 :  0.00 %
UDB                           :      :      :      :        
  Macrocells                  :    0 :  192 :  192 :  0.00 %
  Unique P-terms              :    0 :  384 :  384 :  0.00 %
  Total P-terms               :    0 :      :      :        
  Datapath Cells              :    0 :   24 :   24 :  0.00 %
  Status Cells                :    4 :   20 :   24 : 16.67 %
    StatusI Registers         :    2 :      :      :        
    Sync Cells (x8)           :    2 :      :      :        
  Control Cells               :    0 :   24 :   24 :  0.00 %
Opamp                         :    0 :    4 :    4 :  0.00 %
Comparator                    :    0 :    4 :    4 :  0.00 %
Delta-Sigma ADC               :    0 :    1 :    1 :  0.00 %
LPF                           :    0 :    2 :    2 :  0.00 %
SAR ADC                       :    0 :    2 :    2 :  0.00 %
Analog (SC/CT) Blocks         :    0 :    4 :    4 :  0.00 %
DAC                           :      :      :      :        
  VIDAC                       :    0 :    4 :    4 :  0.00 %
</CYPRESSTAG>
Technology Mapping: Elapsed time ==> 0s.007ms
Tech mapping phase: Elapsed time ==> 0s.102ms
</CYPRESSTAG>
<CYPRESSTAG name="Analog Placement">
Initial Analog Placement Results:
IO_7@[IOP=(15)][IoId=(7)] : \USBFS_1:Dm(0)\
IO_6@[IOP=(15)][IoId=(6)] : \USBFS_1:Dp(0)\
USB[0]@[FFB(USB,0)] : \USBFS_1:USB\
Analog Placement phase: Elapsed time ==> 0s.040ms
</CYPRESSTAG>
<CYPRESSTAG name="Analog Routing">
Analog Routing phase: Elapsed time ==> 0s.000ms
</CYPRESSTAG>
<CYPRESSTAG name="Analog Code Generation">
============ Analog Final Answer Routes ============
Dump of CyAnalogRoutingResultsDB
Map of net to items {
}
Map of item to net {
}
Mux Info {
}
Dump of CyP35AnalogRoutingResultsDB
IsVddaHalfUsedForComp = False
IsVddaHalfUsedForSar0 = False
IsVddaHalfUsedForSar1 = False
Analog Code Generation phase: Elapsed time ==> 0s.451ms
</CYPRESSTAG>
<CYPRESSTAG name="Digital Placement">
<CYPRESSTAG name="Detailed placement messages">
I2076: Total run-time: 0.6 sec.

</CYPRESSTAG>
<CYPRESSTAG name="PLD Packing">
<CYPRESSTAG name="PLD Packing Summary">
No PLDs were packed.
</CYPRESSTAG>
PLD Packing: Elapsed time ==> 0s.000ms
</CYPRESSTAG>
<CYPRESSTAG name="Partitioning">
<CYPRESSTAG name="Initial Partitioning Summary">
Initial Partitioning Summary not displayed at this verbose level.</CYPRESSTAG>
<CYPRESSTAG name="Final Partitioning Summary">
Final Partitioning Summary not displayed at this verbose level.</CYPRESSTAG>
Partitioning: Elapsed time ==> 0s.016ms
</CYPRESSTAG>
<CYPRESSTAG name="Simulated Annealing">
Annealing: Elapsed time ==> 0s.001ms
<CYPRESSTAG name="Simulated Annealing Results">
The seed used for moves was 114161200.
Inital cost was 236, final cost is 236 (0.00% improvement).</CYPRESSTAG>
</CYPRESSTAG>
<CYPRESSTAG name="Final Placement Summary">

------------------------------------------------------------
Final Placement Summary
------------------------------------------------------------

       Resource Type :      Count : Avg Inputs : Avg Outputs
    ========================================================
                 UDB :          4 :       0.00 :       0.00
<CYPRESSTAG name="Final Placement Details">
<CYPRESSTAG name="Component Details">

------------------------------------------------------------
Component Placement Details
------------------------------------------------------------
UDB [UDB=(0,0)] is empty.
UDB [UDB=(0,1)] is empty.
UDB [UDB=(0,2)] is empty.
UDB [UDB=(0,3)] contents:
synccell: Name =\USBFS_1:nrqSync:genblk1[1]:INST\
    PORT MAP (
        clock => ClockBlock_BUS_CLK ,
        in => \USBFS_1:Net_1498\ ,
        out => \USBFS_1:Net_2040_1\ );
    Properties:
    {
    }
    Clock Polarity: Active High
    Clock Enable: True

synccell: Name =\USBFS_1:nrqSync:genblk1[0]:INST\
    PORT MAP (
        clock => ClockBlock_BUS_CLK ,
        out => \USBFS_1:Net_2040_0\ );
    Properties:
    {
    }
    Clock Polarity: Active High
    Clock Enable: True

synccell: Name =\USBFS_1:nrqSync:genblk1[3]:INST\
    PORT MAP (
        clock => ClockBlock_BUS_CLK ,
        out => \USBFS_1:Net_2040_3\ );
    Properties:
    {
    }
    Clock Polarity: Active High
    Clock Enable: True

synccell: Name =\USBFS_1:nrqSync:genblk1[2]:INST\
    PORT MAP (
        clock => ClockBlock_BUS_CLK ,
        out => \USBFS_1:Net_2040_2\ );
    Properties:
    {
    }
    Clock Polarity: Active High
    Clock Enable: True

UDB [UDB=(0,4)] contents:
statusicell: Name =\USBFS_1:EP17_DMA_Done_SR:sts_intr:sts_reg\
    PORT MAP (
        clock => ClockBlock_BUS_CLK ,
        status_6 => \USBFS_1:Net_2040_6\ ,
        status_5 => \USBFS_1:Net_2040_5\ ,
        status_4 => \USBFS_1:Net_2040_4\ ,
        status_3 => \USBFS_1:Net_2040_3\ ,
        status_2 => \USBFS_1:Net_2040_2\ ,
        status_1 => \USBFS_1:Net_2040_1\ ,
        status_0 => \USBFS_1:Net_2040_0\ ,
        interrupt => \USBFS_1:EPs_1_to_7_dma_complete\ );
    Properties:
    {
        cy_force_order = 1
        cy_int_mask = "1111111"
        cy_md_select = "1111111"
    }
    Clock Polarity: Active High
    Clock Enable: True

UDB [UDB=(0,5)] is empty.
UDB [UDB=(1,0)] is empty.
UDB [UDB=(1,1)] is empty.
UDB [UDB=(1,2)] is empty.
UDB [UDB=(1,3)] contents:
synccell: Name =\USBFS_1:nrqSync:genblk1[7]:INST\
    PORT MAP (
        clock => ClockBlock_BUS_CLK ,
        out => \USBFS_1:Net_2040_7\ );
    Properties:
    {
    }
    Clock Polarity: Active High
    Clock Enable: True

synccell: Name =\USBFS_1:nrqSync:genblk1[5]:INST\
    PORT MAP (
        clock => ClockBlock_BUS_CLK ,
        out => \USBFS_1:Net_2040_5\ );
    Properties:
    {
    }
    Clock Polarity: Active High
    Clock Enable: True

synccell: Name =\USBFS_1:nrqSync:genblk1[4]:INST\
    PORT MAP (
        clock => ClockBlock_BUS_CLK ,
        out => \USBFS_1:Net_2040_4\ );
    Properties:
    {
    }
    Clock Polarity: Active High
    Clock Enable: True

synccell: Name =\USBFS_1:nrqSync:genblk1[6]:INST\
    PORT MAP (
        clock => ClockBlock_BUS_CLK ,
        out => \USBFS_1:Net_2040_6\ );
    Properties:
    {
    }
    Clock Polarity: Active High
    Clock Enable: True

UDB [UDB=(1,4)] contents:
statusicell: Name =\USBFS_1:EP8_DMA_Done_SR:sts_intr:sts_reg\
    PORT MAP (
        clock => ClockBlock_BUS_CLK ,
        status_1 => \USBFS_1:Net_2040_7\ ,
        status_0 => \USBFS_1:EPs_1_to_7_dma_complete\ ,
        interrupt => \USBFS_1:Net_2032\ );
    Properties:
    {
        cy_force_order = 1
        cy_int_mask = "0000011"
        cy_md_select = "0000011"
    }
    Clock Polarity: Active High
    Clock Enable: True

UDB [UDB=(1,5)] is empty.
UDB [UDB=(2,0)] is empty.
UDB [UDB=(2,1)] is empty.
UDB [UDB=(2,2)] is empty.
UDB [UDB=(2,3)] is empty.
UDB [UDB=(2,4)] is empty.
UDB [UDB=(2,5)] is empty.
UDB [UDB=(3,0)] is empty.
UDB [UDB=(3,1)] is empty.
UDB [UDB=(3,2)] is empty.
UDB [UDB=(3,3)] is empty.
UDB [UDB=(3,4)] is empty.
UDB [UDB=(3,5)] is empty.
Intr container @ [IntrContainer=(0)]: 
  Intr@ [IntrContainer=(0)][IntrId=(0)] 
    interrupt: Name =\USBFS_1:EP_DMA_Done_isr\
        PORT MAP (
            interrupt => \USBFS_1:Net_2032\ );
        Properties:
        {
            int_type = "10"
        }
  Intr@ [IntrContainer=(0)][IntrId=(1)] 
    interrupt: Name =\USBFS_1:ep_2\
        PORT MAP (
            interrupt => \USBFS_1:ep_int_2\ );
        Properties:
        {
            int_type = "10"
        }
  Intr@ [IntrContainer=(0)][IntrId=(12)] 
    interrupt: Name =\USBFS_1:dp_int\
        PORT MAP (
            interrupt => \USBFS_1:Net_1010\ );
        Properties:
        {
            int_type = "10"
        }
  Intr@ [IntrContainer=(0)][IntrId=(22)] 
    interrupt: Name =\USBFS_1:arb_int\
        PORT MAP (
            interrupt => \USBFS_1:Net_1889\ );
        Properties:
        {
            int_type = "10"
        }
  Intr@ [IntrContainer=(0)][IntrId=(23)] 
    interrupt: Name =\USBFS_1:bus_reset\
        PORT MAP (
            interrupt => \USBFS_1:Net_1876\ );
        Properties:
        {
            int_type = "10"
        }
  Intr@ [IntrContainer=(0)][IntrId=(24)] 
    interrupt: Name =\USBFS_1:ep_0\
        PORT MAP (
            interrupt => \USBFS_1:ep_int_0\ );
        Properties:
        {
            int_type = "10"
        }
Drq container @ [DrqContainer=(0)]: 
  Dma@ [DrqContainer=(0)][DrqId=(1)] 
    drqcell: Name =\USBFS_1:ep2\
        PORT MAP (
            dmareq => \USBFS_1:dma_request_1\ ,
            termin => \USBFS_1:dma_terminate\ ,
            termout => \USBFS_1:Net_1498\ );
        Properties:
        {
            drq_type = "10"
            num_tds = 0
        }
Port 0 is empty
Port 1 is empty
Port 2 is empty
Port 3 is empty
Port 12 is empty
Port 15 generates interrupt for logical port:
    logicalport: Name =\USBFS_1:Dp\
        PORT MAP (
            in_clock_en => one ,
            in_reset => zero ,
            out_clock_en => one ,
            out_reset => zero ,
            interrupt => \USBFS_1:Net_1010\ ,
            in_clock => ClockBlock_BUS_CLK );
        Properties:
        {
            drive_mode = "000"
            ibuf_enabled = "0"
            id = "28e03ac3-2532-4453-9541-6842824f8eb4/618a72fc-5ddd-4df5-958f-a3d55102db42"
            init_dr_st = "1"
            input_buffer_sel = "00"
            input_clk_en = 0
            input_sync = "1"
            input_sync_mode = "0"
            intr_mode = "10"
            invert_in_clock = 0
            invert_in_clock_en = 0
            invert_in_reset = 0
            invert_out_clock = 0
            invert_out_clock_en = 0
            invert_out_reset = 0
            io_voltage = ""
            layout_mode = "CONTIGUOUS"
            oe_conn = "0"
            oe_reset = 0
            oe_sync = "0"
            output_clk_en = 0
            output_clock_mode = "0"
            output_conn = "0"
            output_mode = "0"
            output_reset = 0
            output_sync = "0"
            ovt_hyst_trim = "0"
            ovt_needed = "0"
            ovt_slew_control = "00"
            pa_in_clock = -1
            pa_in_clock_en = -1
            pa_in_reset = -1
            pa_out_clock = -1
            pa_out_clock_en = -1
            pa_out_reset = -1
            pin_aliases = ""
            pin_mode = "I"
            por_state = 4
            port_alias_group = ""
            port_alias_required = 0
            sio_group_cnt = 0
            sio_hifreq = "00000000"
            sio_hyst = "1"
            sio_ibuf = "00000000"
            sio_info = "00"
            sio_obuf = "00000000"
            sio_refsel = "00000000"
            sio_vohsel = "00000000"
            sio_vtrip = "00000000"
            slew_rate = "0"
            spanning = 0
            sw_only = 0
            use_annotation = "0"
            vtrip = "00"
            width = 1
        }
    and contains the following IO cells:
[IoId=6]: 
Pin : Name = \USBFS_1:Dp(0)\
    Attributes:
        In Group/Port: True
        In Sync Option: SYNC
        Out Sync Option: AUTO
        Interrupt generated: True
        Interrupt mode: FALLING
        Drive mode: HI_Z_ANALOG
        VTrip: CMOS
        Slew: FAST
        Input Sync needed: True
        Output Sync needed: False
        SC shield enabled: False
        POR State: ANY
        LCD Mode: COMMON
        Register Mode: RegComb
        CaSense Mode: NEITHER
        Treat as pin: False
        Is OE Registered: False
        Uses Analog: True
        Can contain Digital: True
        Is SIO: False
        SIO Output Buf: NONREGULATED
        SIO Input Buf: SINGLE_ENDED
        SIO HiFreq: LOW
        SIO Hyst: DISABLED
        SIO Vtrip: MULTIPLIER_0_5
        SIO Multiplier Index: 0
        SIO RefSel: VCC_IO
        Required Capabilitites: USB_D_PLUS
        Initial Value: 1
        IO Voltage: 0
    PORT MAP (
        pa_out => \USBFS_1:Dp(0)\__PA ,
        analog_term => \USBFS_1:Net_1000\ ,
        pad => \USBFS_1:Dp(0)_PAD\ );
    Properties:
    {
    }

[IoId=7]: 
Pin : Name = \USBFS_1:Dm(0)\
    Attributes:
        In Group/Port: True
        In Sync Option: AUTO
        Out Sync Option: AUTO
        Interrupt generated: False
        Interrupt mode: NONE
        Drive mode: HI_Z_ANALOG
        VTrip: EITHER
        Slew: FAST
        Input Sync needed: False
        Output Sync needed: False
        SC shield enabled: False
        POR State: ANY
        LCD Mode: COMMON
        Register Mode: RegComb
        CaSense Mode: NEITHER
        Treat as pin: True
        Is OE Registered: False
        Uses Analog: True
        Can contain Digital: False
        Is SIO: False
        SIO Output Buf: NONREGULATED
        SIO Input Buf: SINGLE_ENDED
        SIO HiFreq: LOW
        SIO Hyst: DISABLED
        SIO Vtrip: MULTIPLIER_0_5
        SIO Multiplier Index: 0
        SIO RefSel: VCC_IO
        Required Capabilitites: USB_D_MINUS
        Initial Value: 0
        IO Voltage: 0
    PORT MAP (
        pa_out => \USBFS_1:Dm(0)\__PA ,
        analog_term => \USBFS_1:Net_597\ ,
        pad => \USBFS_1:Dm(0)_PAD\ );
    Properties:
    {
    }

CAN 2.0b group 0: empty
Cache group 0: empty
CapSense group 0: empty
Clock group 0: 
    Clock Block @ F(Clock,0): 
    clockblockcell: Name =ClockBlock
        PORT MAP (
            imo => ClockBlock_IMO ,
            pllout => ClockBlock_PLL_OUT ,
            ilo => ClockBlock_ILO ,
            clk_100k => ClockBlock_100k ,
            clk_1k => ClockBlock_1k ,
            clk_32k => ClockBlock_32k ,
            xtal => ClockBlock_XTAL ,
            clk_32k_xtal => ClockBlock_XTAL_32KHZ ,
            clk_sync => ClockBlock_MASTER_CLK ,
            clk_bus_glb => ClockBlock_BUS_CLK ,
            clk_bus => ClockBlock_BUS_CLK_local );
        Properties:
        {
        }
Comparator group 0: empty
Digital Filter Block group 0: empty
Delta-Sigma ADC group 0: empty
Decimator group 0: empty
EMIF group 0: empty
I2C group 0: empty
Segment LCD group 0: empty
LVD group 0: empty
PM group 0: empty
Analog (SC/CT) Blocks group 0: empty
SPC group 0: empty
Timer group 0: empty
USB group 0: 
    USB Block @ F(USB,0): 
    usbcell: Name =\USBFS_1:USB\
        PORT MAP (
            dp => \USBFS_1:Net_1000\ ,
            dm => \USBFS_1:Net_597\ ,
            sof_int => Net_15 ,
            arb_int => \USBFS_1:Net_1889\ ,
            usb_int => \USBFS_1:Net_1876\ ,
            ept_int_8 => \USBFS_1:ep_int_8\ ,
            ept_int_7 => \USBFS_1:ep_int_7\ ,
            ept_int_6 => \USBFS_1:ep_int_6\ ,
            ept_int_5 => \USBFS_1:ep_int_5\ ,
            ept_int_4 => \USBFS_1:ep_int_4\ ,
            ept_int_3 => \USBFS_1:ep_int_3\ ,
            ept_int_2 => \USBFS_1:ep_int_2\ ,
            ept_int_1 => \USBFS_1:ep_int_1\ ,
            ept_int_0 => \USBFS_1:ep_int_0\ ,
            ord_int => \USBFS_1:Net_95\ ,
            dma_req_7 => \USBFS_1:dma_request_7\ ,
            dma_req_6 => \USBFS_1:dma_request_6\ ,
            dma_req_5 => \USBFS_1:dma_request_5\ ,
            dma_req_4 => \USBFS_1:dma_request_4\ ,
            dma_req_3 => \USBFS_1:dma_request_3\ ,
            dma_req_2 => \USBFS_1:dma_request_2\ ,
            dma_req_1 => \USBFS_1:dma_request_1\ ,
            dma_req_0 => \USBFS_1:dma_request_0\ ,
            dma_termin => \USBFS_1:dma_terminate\ );
        Properties:
        {
            cy_registers = ""
        }
VIDAC group 0: empty
Opamp group 0: empty
CapSense Buffers group 0: empty
Vref group 0: empty
LPF group 0: empty
SAR ADC group 0: empty
</CYPRESSTAG>
<CYPRESSTAG name="Port Configuration Details">

------------------------------------------------------------
Port Configuration report
------------------------------------------------------------
     |     |       | Interrupt |                  |                 | 
Port | Pin | Fixed |      Type |       Drive Mode |            Name | Connections
-----+-----+-------+-----------+------------------+-----------------+---------------------------
  15 |   6 |       |   FALLING |      HI_Z_ANALOG | \USBFS_1:Dp(0)\ | Analog(\USBFS_1:Net_1000\)
     |   7 |       |      NONE |      HI_Z_ANALOG | \USBFS_1:Dm(0)\ | Analog(\USBFS_1:Net_597\)
------------------------------------------------------------------------------------------------
</CYPRESSTAG>
</CYPRESSTAG>
</CYPRESSTAG>
Digital component placer commit/Report: Elapsed time ==> 0s.001ms
Digital Placement phase: Elapsed time ==> 0s.971ms
</CYPRESSTAG>
<CYPRESSTAG name="Digital Routing">
Routing successful.
Digital Routing phase: Elapsed time ==> 1s.485ms
</CYPRESSTAG>
<CYPRESSTAG name="Bitstream and API generation">
Bitstream and API generation phase: Elapsed time ==> 0s.267ms
</CYPRESSTAG>
<CYPRESSTAG name="Bitstream verification">
Bitstream verification phase: Elapsed time ==> 0s.037ms
</CYPRESSTAG>
<CYPRESSTAG name="Static timing analysis">
Timing report is in Design01_timing.html.
Static timing analysis phase: Elapsed time ==> 0s.302ms
</CYPRESSTAG>
<CYPRESSTAG name="Data reporting">
Data reporting phase: Elapsed time ==> 0s.000ms
</CYPRESSTAG>
<CYPRESSTAG name="Database update...">
Design database save phase: Elapsed time ==> 0s.254ms
</CYPRESSTAG>
cydsfit: Elapsed time ==> 3s.960ms
</CYPRESSTAG>
Fitter phase: Elapsed time ==> 4s.017ms
API generation phase: Elapsed time ==> 2s.231ms
Dependency generation phase: Elapsed time ==> 0s.021ms
Cleanup phase: Elapsed time ==> 0s.000ms
