ARM GAS  C:\Users\LUKASC~1\AppData\Local\Temp\cccXyktu.s 			page 1


   1              		.syntax unified
   2              		.cpu cortex-m3
   3              		.fpu softvfp
   4              		.eabi_attribute 20, 1
   5              		.eabi_attribute 21, 1
   6              		.eabi_attribute 23, 3
   7              		.eabi_attribute 24, 1
   8              		.eabi_attribute 25, 1
   9              		.eabi_attribute 26, 1
  10              		.eabi_attribute 30, 6
  11              		.eabi_attribute 34, 1
  12              		.eabi_attribute 18, 4
  13              		.thumb
  14              		.file	"USBFS_descr.c"
  15              		.text
  16              	.Ltext0:
  17              		.cfi_sections	.debug_frame
  18              		.global	USBFS_DEVICE0_DESCR
  19              		.section	.rodata
  20              		.align	2
  21              		.type	USBFS_DEVICE0_DESCR, %object
  22              		.size	USBFS_DEVICE0_DESCR, 18
  23              	USBFS_DEVICE0_DESCR:
  24 0000 12       		.byte	18
  25 0001 01       		.byte	1
  26 0002 00       		.byte	0
  27 0003 02       		.byte	2
  28 0004 00       		.byte	0
  29 0005 00       		.byte	0
  30 0006 00       		.byte	0
  31 0007 08       		.byte	8
  32 0008 B4       		.byte	-76
  33 0009 04       		.byte	4
  34 000a 01       		.byte	1
  35 000b 20       		.byte	32
  36 000c 00       		.byte	0
  37 000d 00       		.byte	0
  38 000e 05       		.byte	5
  39 000f 06       		.byte	6
  40 0010 00       		.byte	0
  41 0011 01       		.byte	1
  42              		.global	USBFS_DEVICE0_CONFIGURATION0_DESCR
  43 0012 0000     		.align	2
  44              		.type	USBFS_DEVICE0_CONFIGURATION0_DESCR, %object
  45              		.size	USBFS_DEVICE0_CONFIGURATION0_DESCR, 103
  46              	USBFS_DEVICE0_CONFIGURATION0_DESCR:
  47 0014 09       		.byte	9
  48 0015 02       		.byte	2
  49 0016 67       		.byte	103
  50 0017 00       		.byte	0
  51 0018 02       		.byte	2
  52 0019 01       		.byte	1
  53 001a 00       		.byte	0
  54 001b 80       		.byte	-128
  55 001c 32       		.byte	50
  56 001d 09       		.byte	9
  57 001e 04       		.byte	4
ARM GAS  C:\Users\LUKASC~1\AppData\Local\Temp\cccXyktu.s 			page 2


  58 001f 00       		.byte	0
  59 0020 00       		.byte	0
  60 0021 00       		.byte	0
  61 0022 01       		.byte	1
  62 0023 01       		.byte	1
  63 0024 00       		.byte	0
  64 0025 07       		.byte	7
  65 0026 09       		.byte	9
  66 0027 24       		.byte	36
  67 0028 01       		.byte	1
  68 0029 00       		.byte	0
  69 002a 01       		.byte	1
  70 002b 1E       		.byte	30
  71 002c 00       		.byte	0
  72 002d 01       		.byte	1
  73 002e 01       		.byte	1
  74 002f 0C       		.byte	12
  75 0030 24       		.byte	36
  76 0031 02       		.byte	2
  77 0032 01       		.byte	1
  78 0033 01       		.byte	1
  79 0034 01       		.byte	1
  80 0035 00       		.byte	0
  81 0036 01       		.byte	1
  82 0037 00       		.byte	0
  83 0038 00       		.byte	0
  84 0039 00       		.byte	0
  85 003a 00       		.byte	0
  86 003b 09       		.byte	9
  87 003c 24       		.byte	36
  88 003d 03       		.byte	3
  89 003e 02       		.byte	2
  90 003f 01       		.byte	1
  91 0040 03       		.byte	3
  92 0041 00       		.byte	0
  93 0042 01       		.byte	1
  94 0043 00       		.byte	0
  95 0044 09       		.byte	9
  96 0045 04       		.byte	4
  97 0046 01       		.byte	1
  98 0047 00       		.byte	0
  99 0048 00       		.byte	0
 100 0049 01       		.byte	1
 101 004a 02       		.byte	2
 102 004b 00       		.byte	0
 103 004c 08       		.byte	8
 104 004d 09       		.byte	9
 105 004e 04       		.byte	4
 106 004f 01       		.byte	1
 107 0050 01       		.byte	1
 108 0051 01       		.byte	1
 109 0052 01       		.byte	1
 110 0053 02       		.byte	2
 111 0054 00       		.byte	0
 112 0055 09       		.byte	9
 113 0056 07       		.byte	7
 114 0057 24       		.byte	36
ARM GAS  C:\Users\LUKASC~1\AppData\Local\Temp\cccXyktu.s 			page 3


 115 0058 01       		.byte	1
 116 0059 01       		.byte	1
 117 005a 00       		.byte	0
 118 005b 02       		.byte	2
 119 005c 00       		.byte	0
 120 005d 0E       		.byte	14
 121 005e 24       		.byte	36
 122 005f 02       		.byte	2
 123 0060 01       		.byte	1
 124 0061 01       		.byte	1
 125 0062 01       		.byte	1
 126 0063 08       		.byte	8
 127 0064 00       		.byte	0
 128 0065 00       		.byte	0
 129 0066 7D       		.byte	125
 130 0067 00       		.byte	0
 131 0068 00       		.byte	0
 132 0069 7D       		.byte	125
 133 006a 00       		.byte	0
 134 006b 09       		.byte	9
 135 006c 05       		.byte	5
 136 006d 02       		.byte	2
 137 006e 0D       		.byte	13
 138 006f C0       		.byte	-64
 139 0070 00       		.byte	0
 140 0071 01       		.byte	1
 141 0072 00       		.byte	0
 142 0073 00       		.byte	0
 143 0074 07       		.byte	7
 144 0075 25       		.byte	37
 145 0076 01       		.byte	1
 146 0077 01       		.byte	1
 147 0078 00       		.byte	0
 148 0079 00       		.byte	0
 149 007a 00       		.byte	0
 150              		.global	USBFS_STRING_DESCRIPTORS
 151 007b 00       		.align	2
 152              		.type	USBFS_STRING_DESCRIPTORS, %object
 153              		.size	USBFS_STRING_DESCRIPTORS, 371
 154              	USBFS_STRING_DESCRIPTORS:
 155 007c 04       		.byte	4
 156 007d 03       		.byte	3
 157 007e 09       		.byte	9
 158 007f 04       		.byte	4
 159 0080 44       		.byte	68
 160 0081 03       		.byte	3
 161 0082 43       		.byte	67
 162 0083 00       		.byte	0
 163 0084 79       		.byte	121
 164 0085 00       		.byte	0
 165 0086 70       		.byte	112
 166 0087 00       		.byte	0
 167 0088 72       		.byte	114
 168 0089 00       		.byte	0
 169 008a 65       		.byte	101
 170 008b 00       		.byte	0
 171 008c 73       		.byte	115
ARM GAS  C:\Users\LUKASC~1\AppData\Local\Temp\cccXyktu.s 			page 4


 172 008d 00       		.byte	0
 173 008e 73       		.byte	115
 174 008f 00       		.byte	0
 175 0090 20       		.byte	32
 176 0091 00       		.byte	0
 177 0092 53       		.byte	83
 178 0093 00       		.byte	0
 179 0094 65       		.byte	101
 180 0095 00       		.byte	0
 181 0096 6D       		.byte	109
 182 0097 00       		.byte	0
 183 0098 69       		.byte	105
 184 0099 00       		.byte	0
 185 009a 63       		.byte	99
 186 009b 00       		.byte	0
 187 009c 6F       		.byte	111
 188 009d 00       		.byte	0
 189 009e 6E       		.byte	110
 190 009f 00       		.byte	0
 191 00a0 64       		.byte	100
 192 00a1 00       		.byte	0
 193 00a2 75       		.byte	117
 194 00a3 00       		.byte	0
 195 00a4 63       		.byte	99
 196 00a5 00       		.byte	0
 197 00a6 74       		.byte	116
 198 00a7 00       		.byte	0
 199 00a8 6F       		.byte	111
 200 00a9 00       		.byte	0
 201 00aa 72       		.byte	114
 202 00ab 00       		.byte	0
 203 00ac 20       		.byte	32
 204 00ad 00       		.byte	0
 205 00ae 43       		.byte	67
 206 00af 00       		.byte	0
 207 00b0 6F       		.byte	111
 208 00b1 00       		.byte	0
 209 00b2 72       		.byte	114
 210 00b3 00       		.byte	0
 211 00b4 70       		.byte	112
 212 00b5 00       		.byte	0
 213 00b6 6F       		.byte	111
 214 00b7 00       		.byte	0
 215 00b8 72       		.byte	114
 216 00b9 00       		.byte	0
 217 00ba 61       		.byte	97
 218 00bb 00       		.byte	0
 219 00bc 74       		.byte	116
 220 00bd 00       		.byte	0
 221 00be 69       		.byte	105
 222 00bf 00       		.byte	0
 223 00c0 6F       		.byte	111
 224 00c1 00       		.byte	0
 225 00c2 6E       		.byte	110
 226 00c3 00       		.byte	0
 227 00c4 1E       		.byte	30
 228 00c5 03       		.byte	3
ARM GAS  C:\Users\LUKASC~1\AppData\Local\Temp\cccXyktu.s 			page 5


 229 00c6 55       		.byte	85
 230 00c7 00       		.byte	0
 231 00c8 53       		.byte	83
 232 00c9 00       		.byte	0
 233 00ca 42       		.byte	66
 234 00cb 00       		.byte	0
 235 00cc 20       		.byte	32
 236 00cd 00       		.byte	0
 237 00ce 41       		.byte	65
 238 00cf 00       		.byte	0
 239 00d0 75       		.byte	117
 240 00d1 00       		.byte	0
 241 00d2 64       		.byte	100
 242 00d3 00       		.byte	0
 243 00d4 69       		.byte	105
 244 00d5 00       		.byte	0
 245 00d6 6F       		.byte	111
 246 00d7 00       		.byte	0
 247 00d8 20       		.byte	32
 248 00d9 00       		.byte	0
 249 00da 44       		.byte	68
 250 00db 00       		.byte	0
 251 00dc 65       		.byte	101
 252 00dd 00       		.byte	0
 253 00de 6D       		.byte	109
 254 00df 00       		.byte	0
 255 00e0 6F       		.byte	111
 256 00e1 00       		.byte	0
 257 00e2 22       		.byte	34
 258 00e3 03       		.byte	3
 259 00e4 43       		.byte	67
 260 00e5 00       		.byte	0
 261 00e6 6F       		.byte	111
 262 00e7 00       		.byte	0
 263 00e8 6E       		.byte	110
 264 00e9 00       		.byte	0
 265 00ea 74       		.byte	116
 266 00eb 00       		.byte	0
 267 00ec 72       		.byte	114
 268 00ed 00       		.byte	0
 269 00ee 6F       		.byte	111
 270 00ef 00       		.byte	0
 271 00f0 6C       		.byte	108
 272 00f1 00       		.byte	0
 273 00f2 20       		.byte	32
 274 00f3 00       		.byte	0
 275 00f4 49       		.byte	73
 276 00f5 00       		.byte	0
 277 00f6 6E       		.byte	110
 278 00f7 00       		.byte	0
 279 00f8 65       		.byte	101
 280 00f9 00       		.byte	0
 281 00fa 72       		.byte	114
 282 00fb 00       		.byte	0
 283 00fc 66       		.byte	102
 284 00fd 00       		.byte	0
 285 00fe 61       		.byte	97
ARM GAS  C:\Users\LUKASC~1\AppData\Local\Temp\cccXyktu.s 			page 6


 286 00ff 00       		.byte	0
 287 0100 63       		.byte	99
 288 0101 00       		.byte	0
 289 0102 65       		.byte	101
 290 0103 00       		.byte	0
 291 0104 28       		.byte	40
 292 0105 03       		.byte	3
 293 0106 53       		.byte	83
 294 0107 00       		.byte	0
 295 0108 74       		.byte	116
 296 0109 00       		.byte	0
 297 010a 72       		.byte	114
 298 010b 00       		.byte	0
 299 010c 65       		.byte	101
 300 010d 00       		.byte	0
 301 010e 61       		.byte	97
 302 010f 00       		.byte	0
 303 0110 6D       		.byte	109
 304 0111 00       		.byte	0
 305 0112 69       		.byte	105
 306 0113 00       		.byte	0
 307 0114 6E       		.byte	110
 308 0115 00       		.byte	0
 309 0116 67       		.byte	103
 310 0117 00       		.byte	0
 311 0118 20       		.byte	32
 312 0119 00       		.byte	0
 313 011a 49       		.byte	73
 314 011b 00       		.byte	0
 315 011c 6E       		.byte	110
 316 011d 00       		.byte	0
 317 011e 74       		.byte	116
 318 011f 00       		.byte	0
 319 0120 65       		.byte	101
 320 0121 00       		.byte	0
 321 0122 72       		.byte	114
 322 0123 00       		.byte	0
 323 0124 66       		.byte	102
 324 0125 00       		.byte	0
 325 0126 61       		.byte	97
 326 0127 00       		.byte	0
 327 0128 63       		.byte	99
 328 0129 00       		.byte	0
 329 012a 65       		.byte	101
 330 012b 00       		.byte	0
 331 012c 2C       		.byte	44
 332 012d 03       		.byte	3
 333 012e 43       		.byte	67
 334 012f 00       		.byte	0
 335 0130 79       		.byte	121
 336 0131 00       		.byte	0
 337 0132 70       		.byte	112
 338 0133 00       		.byte	0
 339 0134 72       		.byte	114
 340 0135 00       		.byte	0
 341 0136 65       		.byte	101
 342 0137 00       		.byte	0
ARM GAS  C:\Users\LUKASC~1\AppData\Local\Temp\cccXyktu.s 			page 7


 343 0138 73       		.byte	115
 344 0139 00       		.byte	0
 345 013a 73       		.byte	115
 346 013b 00       		.byte	0
 347 013c 20       		.byte	32
 348 013d 00       		.byte	0
 349 013e 53       		.byte	83
 350 013f 00       		.byte	0
 351 0140 65       		.byte	101
 352 0141 00       		.byte	0
 353 0142 6D       		.byte	109
 354 0143 00       		.byte	0
 355 0144 69       		.byte	105
 356 0145 00       		.byte	0
 357 0146 63       		.byte	99
 358 0147 00       		.byte	0
 359 0148 6F       		.byte	111
 360 0149 00       		.byte	0
 361 014a 6E       		.byte	110
 362 014b 00       		.byte	0
 363 014c 64       		.byte	100
 364 014d 00       		.byte	0
 365 014e 75       		.byte	117
 366 014f 00       		.byte	0
 367 0150 63       		.byte	99
 368 0151 00       		.byte	0
 369 0152 74       		.byte	116
 370 0153 00       		.byte	0
 371 0154 6F       		.byte	111
 372 0155 00       		.byte	0
 373 0156 72       		.byte	114
 374 0157 00       		.byte	0
 375 0158 24       		.byte	36
 376 0159 03       		.byte	3
 377 015a 43       		.byte	67
 378 015b 00       		.byte	0
 379 015c 79       		.byte	121
 380 015d 00       		.byte	0
 381 015e 70       		.byte	112
 382 015f 00       		.byte	0
 383 0160 72       		.byte	114
 384 0161 00       		.byte	0
 385 0162 65       		.byte	101
 386 0163 00       		.byte	0
 387 0164 73       		.byte	115
 388 0165 00       		.byte	0
 389 0166 73       		.byte	115
 390 0167 00       		.byte	0
 391 0168 20       		.byte	32
 392 0169 00       		.byte	0
 393 016a 55       		.byte	85
 394 016b 00       		.byte	0
 395 016c 53       		.byte	83
 396 016d 00       		.byte	0
 397 016e 42       		.byte	66
 398 016f 00       		.byte	0
 399 0170 20       		.byte	32
ARM GAS  C:\Users\LUKASC~1\AppData\Local\Temp\cccXyktu.s 			page 8


 400 0171 00       		.byte	0
 401 0172 41       		.byte	65
 402 0173 00       		.byte	0
 403 0174 75       		.byte	117
 404 0175 00       		.byte	0
 405 0176 64       		.byte	100
 406 0177 00       		.byte	0
 407 0178 69       		.byte	105
 408 0179 00       		.byte	0
 409 017a 6F       		.byte	111
 410 017b 00       		.byte	0
 411 017c 28       		.byte	40
 412 017d 03       		.byte	3
 413 017e 43       		.byte	67
 414 017f 00       		.byte	0
 415 0180 79       		.byte	121
 416 0181 00       		.byte	0
 417 0182 70       		.byte	112
 418 0183 00       		.byte	0
 419 0184 72       		.byte	114
 420 0185 00       		.byte	0
 421 0186 65       		.byte	101
 422 0187 00       		.byte	0
 423 0188 73       		.byte	115
 424 0189 00       		.byte	0
 425 018a 73       		.byte	115
 426 018b 00       		.byte	0
 427 018c 41       		.byte	65
 428 018d 00       		.byte	0
 429 018e 75       		.byte	117
 430 018f 00       		.byte	0
 431 0190 64       		.byte	100
 432 0191 00       		.byte	0
 433 0192 69       		.byte	105
 434 0193 00       		.byte	0
 435 0194 6F       		.byte	111
 436 0195 00       		.byte	0
 437 0196 43       		.byte	67
 438 0197 00       		.byte	0
 439 0198 6F       		.byte	111
 440 0199 00       		.byte	0
 441 019a 6E       		.byte	110
 442 019b 00       		.byte	0
 443 019c 74       		.byte	116
 444 019d 00       		.byte	0
 445 019e 72       		.byte	114
 446 019f 00       		.byte	0
 447 01a0 6F       		.byte	111
 448 01a1 00       		.byte	0
 449 01a2 6C       		.byte	108
 450 01a3 00       		.byte	0
 451 01a4 1C       		.byte	28
 452 01a5 03       		.byte	3
 453 01a6 5A       		.byte	90
 454 01a7 00       		.byte	0
 455 01a8 65       		.byte	101
 456 01a9 00       		.byte	0
ARM GAS  C:\Users\LUKASC~1\AppData\Local\Temp\cccXyktu.s 			page 9


 457 01aa 72       		.byte	114
 458 01ab 00       		.byte	0
 459 01ac 6F       		.byte	111
 460 01ad 00       		.byte	0
 461 01ae 42       		.byte	66
 462 01af 00       		.byte	0
 463 01b0 61       		.byte	97
 464 01b1 00       		.byte	0
 465 01b2 6E       		.byte	110
 466 01b3 00       		.byte	0
 467 01b4 64       		.byte	100
 468 01b5 00       		.byte	0
 469 01b6 77       		.byte	119
 470 01b7 00       		.byte	0
 471 01b8 69       		.byte	105
 472 01b9 00       		.byte	0
 473 01ba 64       		.byte	100
 474 01bb 00       		.byte	0
 475 01bc 74       		.byte	116
 476 01bd 00       		.byte	0
 477 01be 68       		.byte	104
 478 01bf 00       		.byte	0
 479 01c0 2E       		.byte	46
 480 01c1 03       		.byte	3
 481 01c2 41       		.byte	65
 482 01c3 00       		.byte	0
 483 01c4 75       		.byte	117
 484 01c5 00       		.byte	0
 485 01c6 64       		.byte	100
 486 01c7 00       		.byte	0
 487 01c8 69       		.byte	105
 488 01c9 00       		.byte	0
 489 01ca 6F       		.byte	111
 490 01cb 00       		.byte	0
 491 01cc 53       		.byte	83
 492 01cd 00       		.byte	0
 493 01ce 74       		.byte	116
 494 01cf 00       		.byte	0
 495 01d0 72       		.byte	114
 496 01d1 00       		.byte	0
 497 01d2 65       		.byte	101
 498 01d3 00       		.byte	0
 499 01d4 61       		.byte	97
 500 01d5 00       		.byte	0
 501 01d6 6D       		.byte	109
 502 01d7 00       		.byte	0
 503 01d8 69       		.byte	105
 504 01d9 00       		.byte	0
 505 01da 6E       		.byte	110
 506 01db 00       		.byte	0
 507 01dc 67       		.byte	103
 508 01dd 00       		.byte	0
 509 01de 20       		.byte	32
 510 01df 00       		.byte	0
 511 01e0 53       		.byte	83
 512 01e1 00       		.byte	0
 513 01e2 70       		.byte	112
ARM GAS  C:\Users\LUKASC~1\AppData\Local\Temp\cccXyktu.s 			page 10


 514 01e3 00       		.byte	0
 515 01e4 65       		.byte	101
 516 01e5 00       		.byte	0
 517 01e6 61       		.byte	97
 518 01e7 00       		.byte	0
 519 01e8 6B       		.byte	107
 520 01e9 00       		.byte	0
 521 01ea 65       		.byte	101
 522 01eb 00       		.byte	0
 523 01ec 72       		.byte	114
 524 01ed 00       		.byte	0
 525 01ee 00       		.byte	0
 526              		.global	USBFS_DEVICE0_CONFIGURATION0_EP_SETTINGS_TABLE
 527 01ef 00       		.align	2
 528              		.type	USBFS_DEVICE0_CONFIGURATION0_EP_SETTINGS_TABLE, %object
 529              		.size	USBFS_DEVICE0_CONFIGURATION0_EP_SETTINGS_TABLE, 8
 530              	USBFS_DEVICE0_CONFIGURATION0_EP_SETTINGS_TABLE:
 531 01f0 01       		.byte	1
 532 01f1 01       		.byte	1
 533 01f2 02       		.byte	2
 534 01f3 0D       		.byte	13
 535 01f4 C000     		.short	192
 536 01f6 01       		.byte	1
 537 01f7 00       		.space	1
 538              		.global	USBFS_DEVICE0_CONFIGURATION0_INTERFACE_CLASS
 539              		.align	2
 540              		.type	USBFS_DEVICE0_CONFIGURATION0_INTERFACE_CLASS, %object
 541              		.size	USBFS_DEVICE0_CONFIGURATION0_INTERFACE_CLASS, 2
 542              	USBFS_DEVICE0_CONFIGURATION0_INTERFACE_CLASS:
 543 01f8 01       		.byte	1
 544 01f9 01       		.byte	1
 545              		.global	USBFS_DEVICE0_CONFIGURATION0_TABLE
 546 01fa 0000     		.align	2
 547              		.type	USBFS_DEVICE0_CONFIGURATION0_TABLE, %object
 548              		.size	USBFS_DEVICE0_CONFIGURATION0_TABLE, 40
 549              	USBFS_DEVICE0_CONFIGURATION0_TABLE:
 550 01fc 01       		.byte	1
 551 01fd 000000   		.space	3
 552 0200 00000000 		.word	USBFS_DEVICE0_CONFIGURATION0_DESCR
 553 0204 01       		.byte	1
 554 0205 000000   		.space	3
 555 0208 00000000 		.word	USBFS_DEVICE0_CONFIGURATION0_EP_SETTINGS_TABLE
 556 020c 00       		.byte	0
 557 020d 000000   		.space	3
 558 0210 00000000 		.word	0
 559 0214 00       		.byte	0
 560 0215 000000   		.space	3
 561 0218 00000000 		.word	0
 562 021c 00       		.byte	0
 563 021d 000000   		.space	3
 564 0220 00000000 		.word	USBFS_DEVICE0_CONFIGURATION0_INTERFACE_CLASS
 565              		.global	USBFS_DEVICE0_TABLE
 566              		.align	2
 567              		.type	USBFS_DEVICE0_TABLE, %object
 568              		.size	USBFS_DEVICE0_TABLE, 24
 569              	USBFS_DEVICE0_TABLE:
 570 0224 01       		.byte	1
ARM GAS  C:\Users\LUKASC~1\AppData\Local\Temp\cccXyktu.s 			page 11


 571 0225 000000   		.space	3
 572 0228 00000000 		.word	USBFS_DEVICE0_DESCR
 573 022c 00       		.byte	0
 574 022d 000000   		.space	3
 575 0230 00000000 		.word	0
 576 0234 01       		.byte	1
 577 0235 000000   		.space	3
 578 0238 00000000 		.word	USBFS_DEVICE0_CONFIGURATION0_TABLE
 579              		.global	USBFS_TABLE
 580              		.align	2
 581              		.type	USBFS_TABLE, %object
 582              		.size	USBFS_TABLE, 8
 583              	USBFS_TABLE:
 584 023c 01       		.byte	1
 585 023d 000000   		.space	3
 586 0240 00000000 		.word	USBFS_DEVICE0_TABLE
 587              		.text
 588              	.Letext0:
 589              		.file 1 ".\\Generated_Source\\PSoC5\\cytypes.h"
 590              		.file 2 ".\\Generated_Source\\PSoC5\\USBFS.h"
 591              		.file 3 ".\\Generated_Source\\PSoC5\\USBFS_descr.c"
 592              		.section	.debug_info,"",%progbits
 593              	.Ldebug_info0:
 594 0000 57020000 		.4byte	0x257
 595 0004 0400     		.2byte	0x4
 596 0006 00000000 		.4byte	.Ldebug_abbrev0
 597 000a 04       		.byte	0x4
 598 000b 01       		.uleb128 0x1
 599 000c 5D010000 		.4byte	.LASF32
 600 0010 01       		.byte	0x1
 601 0011 CA020000 		.4byte	.LASF33
 602 0015 00000000 		.4byte	.LASF34
 603 0019 00000000 		.4byte	.Ldebug_line0
 604 001d 02       		.uleb128 0x2
 605 001e 01       		.byte	0x1
 606 001f 06       		.byte	0x6
 607 0020 1F030000 		.4byte	.LASF0
 608 0024 02       		.uleb128 0x2
 609 0025 01       		.byte	0x1
 610 0026 08       		.byte	0x8
 611 0027 4F010000 		.4byte	.LASF1
 612 002b 02       		.uleb128 0x2
 613 002c 02       		.byte	0x2
 614 002d 05       		.byte	0x5
 615 002e FC020000 		.4byte	.LASF2
 616 0032 02       		.uleb128 0x2
 617 0033 02       		.byte	0x2
 618 0034 07       		.byte	0x7
 619 0035 CB000000 		.4byte	.LASF3
 620 0039 02       		.uleb128 0x2
 621 003a 04       		.byte	0x4
 622 003b 05       		.byte	0x5
 623 003c 16030000 		.4byte	.LASF4
 624 0040 02       		.uleb128 0x2
 625 0041 04       		.byte	0x4
 626 0042 07       		.byte	0x7
 627 0043 4B020000 		.4byte	.LASF5
ARM GAS  C:\Users\LUKASC~1\AppData\Local\Temp\cccXyktu.s 			page 12


 628 0047 02       		.uleb128 0x2
 629 0048 08       		.byte	0x8
 630 0049 05       		.byte	0x5
 631 004a AB020000 		.4byte	.LASF6
 632 004e 02       		.uleb128 0x2
 633 004f 08       		.byte	0x8
 634 0050 07       		.byte	0x7
 635 0051 6A020000 		.4byte	.LASF7
 636 0055 03       		.uleb128 0x3
 637 0056 04       		.byte	0x4
 638 0057 05       		.byte	0x5
 639 0058 696E7400 		.ascii	"int\000"
 640 005c 02       		.uleb128 0x2
 641 005d 04       		.byte	0x4
 642 005e 07       		.byte	0x7
 643 005f 5D020000 		.4byte	.LASF8
 644 0063 04       		.uleb128 0x4
 645 0064 06030000 		.4byte	.LASF9
 646 0068 01       		.byte	0x1
 647 0069 3801     		.2byte	0x138
 648 006b 24000000 		.4byte	0x24
 649 006f 04       		.uleb128 0x4
 650 0070 F2010000 		.4byte	.LASF10
 651 0074 01       		.byte	0x1
 652 0075 3901     		.2byte	0x139
 653 0077 32000000 		.4byte	0x32
 654 007b 02       		.uleb128 0x2
 655 007c 04       		.byte	0x4
 656 007d 04       		.byte	0x4
 657 007e DE000000 		.4byte	.LASF11
 658 0082 02       		.uleb128 0x2
 659 0083 08       		.byte	0x8
 660 0084 04       		.byte	0x4
 661 0085 EB010000 		.4byte	.LASF12
 662 0089 02       		.uleb128 0x2
 663 008a 01       		.byte	0x1
 664 008b 08       		.byte	0x8
 665 008c C5020000 		.4byte	.LASF13
 666 0090 02       		.uleb128 0x2
 667 0091 04       		.byte	0x4
 668 0092 07       		.byte	0x7
 669 0093 A2020000 		.4byte	.LASF14
 670 0097 05       		.uleb128 0x5
 671 0098 08       		.byte	0x8
 672 0099 02       		.byte	0x2
 673 009a 99       		.byte	0x99
 674 009b E8000000 		.4byte	0xe8
 675 009f 06       		.uleb128 0x6
 676 00a0 0C030000 		.4byte	.LASF15
 677 00a4 02       		.byte	0x2
 678 00a5 9B       		.byte	0x9b
 679 00a6 63000000 		.4byte	0x63
 680 00aa 00       		.byte	0
 681 00ab 06       		.uleb128 0x6
 682 00ac E4000000 		.4byte	.LASF16
 683 00b0 02       		.byte	0x2
 684 00b1 9C       		.byte	0x9c
ARM GAS  C:\Users\LUKASC~1\AppData\Local\Temp\cccXyktu.s 			page 13


 685 00b2 63000000 		.4byte	0x63
 686 00b6 01       		.byte	0x1
 687 00b7 06       		.uleb128 0x6
 688 00b8 36010000 		.4byte	.LASF17
 689 00bc 02       		.byte	0x2
 690 00bd 9D       		.byte	0x9d
 691 00be 63000000 		.4byte	0x63
 692 00c2 02       		.byte	0x2
 693 00c3 06       		.uleb128 0x6
 694 00c4 08010000 		.4byte	.LASF18
 695 00c8 02       		.byte	0x2
 696 00c9 9E       		.byte	0x9e
 697 00ca 63000000 		.4byte	0x63
 698 00ce 03       		.byte	0x3
 699 00cf 06       		.uleb128 0x6
 700 00d0 F1020000 		.4byte	.LASF19
 701 00d4 02       		.byte	0x2
 702 00d5 9F       		.byte	0x9f
 703 00d6 6F000000 		.4byte	0x6f
 704 00da 04       		.byte	0x4
 705 00db 06       		.uleb128 0x6
 706 00dc 2B030000 		.4byte	.LASF20
 707 00e0 02       		.byte	0x2
 708 00e1 A0       		.byte	0xa0
 709 00e2 63000000 		.4byte	0x63
 710 00e6 06       		.byte	0x6
 711 00e7 00       		.byte	0
 712 00e8 07       		.uleb128 0x7
 713 00e9 88020000 		.4byte	.LASF21
 714 00ed 02       		.byte	0x2
 715 00ee A1       		.byte	0xa1
 716 00ef 97000000 		.4byte	0x97
 717 00f3 05       		.uleb128 0x5
 718 00f4 08       		.byte	0x8
 719 00f5 02       		.byte	0x2
 720 00f6 B0       		.byte	0xb0
 721 00f7 12010000 		.4byte	0x112
 722 00fb 08       		.uleb128 0x8
 723 00fc 6300     		.ascii	"c\000"
 724 00fe 02       		.byte	0x2
 725 00ff B2       		.byte	0xb2
 726 0100 63000000 		.4byte	0x63
 727 0104 00       		.byte	0
 728 0105 06       		.uleb128 0x6
 729 0106 81020000 		.4byte	.LASF22
 730 010a 02       		.byte	0x2
 731 010b B3       		.byte	0xb3
 732 010c 12010000 		.4byte	0x112
 733 0110 04       		.byte	0x4
 734 0111 00       		.byte	0
 735 0112 09       		.uleb128 0x9
 736 0113 04       		.byte	0x4
 737 0114 18010000 		.4byte	0x118
 738 0118 0A       		.uleb128 0xa
 739 0119 07       		.uleb128 0x7
 740 011a B9020000 		.4byte	.LASF23
 741 011e 02       		.byte	0x2
ARM GAS  C:\Users\LUKASC~1\AppData\Local\Temp\cccXyktu.s 			page 14


 742 011f B4       		.byte	0xb4
 743 0120 F3000000 		.4byte	0xf3
 744 0124 0B       		.uleb128 0xb
 745 0125 63000000 		.4byte	0x63
 746 0129 34010000 		.4byte	0x134
 747 012d 0C       		.uleb128 0xc
 748 012e 90000000 		.4byte	0x90
 749 0132 11       		.byte	0x11
 750 0133 00       		.byte	0
 751 0134 0D       		.uleb128 0xd
 752 0135 7E000000 		.4byte	.LASF24
 753 0139 03       		.byte	0x3
 754 013a 24       		.byte	0x24
 755 013b 45010000 		.4byte	0x145
 756 013f 05       		.uleb128 0x5
 757 0140 03       		.byte	0x3
 758 0141 00000000 		.4byte	USBFS_DEVICE0_DESCR
 759 0145 0E       		.uleb128 0xe
 760 0146 24010000 		.4byte	0x124
 761 014a 0B       		.uleb128 0xb
 762 014b 63000000 		.4byte	0x63
 763 014f 5A010000 		.4byte	0x15a
 764 0153 0C       		.uleb128 0xc
 765 0154 90000000 		.4byte	0x90
 766 0158 66       		.byte	0x66
 767 0159 00       		.byte	0
 768 015a 0D       		.uleb128 0xd
 769 015b 28020000 		.4byte	.LASF25
 770 015f 03       		.byte	0x3
 771 0160 37       		.byte	0x37
 772 0161 6B010000 		.4byte	0x16b
 773 0165 05       		.uleb128 0x5
 774 0166 03       		.byte	0x3
 775 0167 00000000 		.4byte	USBFS_DEVICE0_CONFIGURATION0_DESCR
 776 016b 0E       		.uleb128 0xe
 777 016c 4A010000 		.4byte	0x14a
 778 0170 0B       		.uleb128 0xb
 779 0171 E8000000 		.4byte	0xe8
 780 0175 80010000 		.4byte	0x180
 781 0179 0C       		.uleb128 0xc
 782 017a 90000000 		.4byte	0x90
 783 017e 00       		.byte	0
 784 017f 00       		.byte	0
 785 0180 0F       		.uleb128 0xf
 786 0181 F9010000 		.4byte	.LASF26
 787 0185 03       		.byte	0x3
 788 0186 1E01     		.2byte	0x11e
 789 0188 92010000 		.4byte	0x192
 790 018c 05       		.uleb128 0x5
 791 018d 03       		.byte	0x3
 792 018e 00000000 		.4byte	USBFS_DEVICE0_CONFIGURATION0_EP_SETTINGS_TABLE
 793 0192 0E       		.uleb128 0xe
 794 0193 70010000 		.4byte	0x170
 795 0197 0B       		.uleb128 0xb
 796 0198 63000000 		.4byte	0x63
 797 019c A7010000 		.4byte	0x1a7
 798 01a0 0C       		.uleb128 0xc
ARM GAS  C:\Users\LUKASC~1\AppData\Local\Temp\cccXyktu.s 			page 15


 799 01a1 90000000 		.4byte	0x90
 800 01a5 01       		.byte	0x1
 801 01a6 00       		.byte	0
 802 01a7 0F       		.uleb128 0xf
 803 01a8 92000000 		.4byte	.LASF27
 804 01ac 03       		.byte	0x3
 805 01ad 2201     		.2byte	0x122
 806 01af B9010000 		.4byte	0x1b9
 807 01b3 05       		.uleb128 0x5
 808 01b4 03       		.byte	0x3
 809 01b5 00000000 		.4byte	USBFS_DEVICE0_CONFIGURATION0_INTERFACE_CLASS
 810 01b9 0E       		.uleb128 0xe
 811 01ba 97010000 		.4byte	0x197
 812 01be 0B       		.uleb128 0xb
 813 01bf 19010000 		.4byte	0x119
 814 01c3 CE010000 		.4byte	0x1ce
 815 01c7 0C       		.uleb128 0xc
 816 01c8 90000000 		.4byte	0x90
 817 01cc 04       		.byte	0x4
 818 01cd 00       		.byte	0
 819 01ce 0F       		.uleb128 0xf
 820 01cf 13010000 		.4byte	.LASF28
 821 01d3 03       		.byte	0x3
 822 01d4 2A01     		.2byte	0x12a
 823 01d6 E0010000 		.4byte	0x1e0
 824 01da 05       		.uleb128 0x5
 825 01db 03       		.byte	0x3
 826 01dc 00000000 		.4byte	USBFS_DEVICE0_CONFIGURATION0_TABLE
 827 01e0 0E       		.uleb128 0xe
 828 01e1 BE010000 		.4byte	0x1be
 829 01e5 0B       		.uleb128 0xb
 830 01e6 19010000 		.4byte	0x119
 831 01ea F5010000 		.4byte	0x1f5
 832 01ee 0C       		.uleb128 0xc
 833 01ef 90000000 		.4byte	0x90
 834 01f3 02       		.byte	0x2
 835 01f4 00       		.byte	0
 836 01f5 0F       		.uleb128 0xf
 837 01f6 3B010000 		.4byte	.LASF29
 838 01fa 03       		.byte	0x3
 839 01fb 3501     		.2byte	0x135
 840 01fd 07020000 		.4byte	0x207
 841 0201 05       		.uleb128 0x5
 842 0202 03       		.byte	0x3
 843 0203 00000000 		.4byte	USBFS_DEVICE0_TABLE
 844 0207 0E       		.uleb128 0xe
 845 0208 E5010000 		.4byte	0x1e5
 846 020c 0B       		.uleb128 0xb
 847 020d 19010000 		.4byte	0x119
 848 0211 1C020000 		.4byte	0x21c
 849 0215 0C       		.uleb128 0xc
 850 0216 90000000 		.4byte	0x90
 851 021a 00       		.byte	0
 852 021b 00       		.byte	0
 853 021c 0F       		.uleb128 0xf
 854 021d BF000000 		.4byte	.LASF30
 855 0221 03       		.byte	0x3
ARM GAS  C:\Users\LUKASC~1\AppData\Local\Temp\cccXyktu.s 			page 16


 856 0222 3D01     		.2byte	0x13d
 857 0224 2E020000 		.4byte	0x22e
 858 0228 05       		.uleb128 0x5
 859 0229 03       		.byte	0x3
 860 022a 00000000 		.4byte	USBFS_TABLE
 861 022e 0E       		.uleb128 0xe
 862 022f 0C020000 		.4byte	0x20c
 863 0233 0B       		.uleb128 0xb
 864 0234 63000000 		.4byte	0x63
 865 0238 44020000 		.4byte	0x244
 866 023c 10       		.uleb128 0x10
 867 023d 90000000 		.4byte	0x90
 868 0241 7201     		.2byte	0x172
 869 0243 00       		.byte	0
 870 0244 0D       		.uleb128 0xd
 871 0245 EF000000 		.4byte	.LASF31
 872 0249 03       		.byte	0x3
 873 024a B5       		.byte	0xb5
 874 024b 55020000 		.4byte	0x255
 875 024f 05       		.uleb128 0x5
 876 0250 03       		.byte	0x3
 877 0251 00000000 		.4byte	USBFS_STRING_DESCRIPTORS
 878 0255 0E       		.uleb128 0xe
 879 0256 33020000 		.4byte	0x233
 880 025a 00       		.byte	0
 881              		.section	.debug_abbrev,"",%progbits
 882              	.Ldebug_abbrev0:
 883 0000 01       		.uleb128 0x1
 884 0001 11       		.uleb128 0x11
 885 0002 01       		.byte	0x1
 886 0003 25       		.uleb128 0x25
 887 0004 0E       		.uleb128 0xe
 888 0005 13       		.uleb128 0x13
 889 0006 0B       		.uleb128 0xb
 890 0007 03       		.uleb128 0x3
 891 0008 0E       		.uleb128 0xe
 892 0009 1B       		.uleb128 0x1b
 893 000a 0E       		.uleb128 0xe
 894 000b 10       		.uleb128 0x10
 895 000c 17       		.uleb128 0x17
 896 000d 00       		.byte	0
 897 000e 00       		.byte	0
 898 000f 02       		.uleb128 0x2
 899 0010 24       		.uleb128 0x24
 900 0011 00       		.byte	0
 901 0012 0B       		.uleb128 0xb
 902 0013 0B       		.uleb128 0xb
 903 0014 3E       		.uleb128 0x3e
 904 0015 0B       		.uleb128 0xb
 905 0016 03       		.uleb128 0x3
 906 0017 0E       		.uleb128 0xe
 907 0018 00       		.byte	0
 908 0019 00       		.byte	0
 909 001a 03       		.uleb128 0x3
 910 001b 24       		.uleb128 0x24
 911 001c 00       		.byte	0
 912 001d 0B       		.uleb128 0xb
ARM GAS  C:\Users\LUKASC~1\AppData\Local\Temp\cccXyktu.s 			page 17


 913 001e 0B       		.uleb128 0xb
 914 001f 3E       		.uleb128 0x3e
 915 0020 0B       		.uleb128 0xb
 916 0021 03       		.uleb128 0x3
 917 0022 08       		.uleb128 0x8
 918 0023 00       		.byte	0
 919 0024 00       		.byte	0
 920 0025 04       		.uleb128 0x4
 921 0026 16       		.uleb128 0x16
 922 0027 00       		.byte	0
 923 0028 03       		.uleb128 0x3
 924 0029 0E       		.uleb128 0xe
 925 002a 3A       		.uleb128 0x3a
 926 002b 0B       		.uleb128 0xb
 927 002c 3B       		.uleb128 0x3b
 928 002d 05       		.uleb128 0x5
 929 002e 49       		.uleb128 0x49
 930 002f 13       		.uleb128 0x13
 931 0030 00       		.byte	0
 932 0031 00       		.byte	0
 933 0032 05       		.uleb128 0x5
 934 0033 13       		.uleb128 0x13
 935 0034 01       		.byte	0x1
 936 0035 0B       		.uleb128 0xb
 937 0036 0B       		.uleb128 0xb
 938 0037 3A       		.uleb128 0x3a
 939 0038 0B       		.uleb128 0xb
 940 0039 3B       		.uleb128 0x3b
 941 003a 0B       		.uleb128 0xb
 942 003b 01       		.uleb128 0x1
 943 003c 13       		.uleb128 0x13
 944 003d 00       		.byte	0
 945 003e 00       		.byte	0
 946 003f 06       		.uleb128 0x6
 947 0040 0D       		.uleb128 0xd
 948 0041 00       		.byte	0
 949 0042 03       		.uleb128 0x3
 950 0043 0E       		.uleb128 0xe
 951 0044 3A       		.uleb128 0x3a
 952 0045 0B       		.uleb128 0xb
 953 0046 3B       		.uleb128 0x3b
 954 0047 0B       		.uleb128 0xb
 955 0048 49       		.uleb128 0x49
 956 0049 13       		.uleb128 0x13
 957 004a 38       		.uleb128 0x38
 958 004b 0B       		.uleb128 0xb
 959 004c 00       		.byte	0
 960 004d 00       		.byte	0
 961 004e 07       		.uleb128 0x7
 962 004f 16       		.uleb128 0x16
 963 0050 00       		.byte	0
 964 0051 03       		.uleb128 0x3
 965 0052 0E       		.uleb128 0xe
 966 0053 3A       		.uleb128 0x3a
 967 0054 0B       		.uleb128 0xb
 968 0055 3B       		.uleb128 0x3b
 969 0056 0B       		.uleb128 0xb
ARM GAS  C:\Users\LUKASC~1\AppData\Local\Temp\cccXyktu.s 			page 18


 970 0057 49       		.uleb128 0x49
 971 0058 13       		.uleb128 0x13
 972 0059 00       		.byte	0
 973 005a 00       		.byte	0
 974 005b 08       		.uleb128 0x8
 975 005c 0D       		.uleb128 0xd
 976 005d 00       		.byte	0
 977 005e 03       		.uleb128 0x3
 978 005f 08       		.uleb128 0x8
 979 0060 3A       		.uleb128 0x3a
 980 0061 0B       		.uleb128 0xb
 981 0062 3B       		.uleb128 0x3b
 982 0063 0B       		.uleb128 0xb
 983 0064 49       		.uleb128 0x49
 984 0065 13       		.uleb128 0x13
 985 0066 38       		.uleb128 0x38
 986 0067 0B       		.uleb128 0xb
 987 0068 00       		.byte	0
 988 0069 00       		.byte	0
 989 006a 09       		.uleb128 0x9
 990 006b 0F       		.uleb128 0xf
 991 006c 00       		.byte	0
 992 006d 0B       		.uleb128 0xb
 993 006e 0B       		.uleb128 0xb
 994 006f 49       		.uleb128 0x49
 995 0070 13       		.uleb128 0x13
 996 0071 00       		.byte	0
 997 0072 00       		.byte	0
 998 0073 0A       		.uleb128 0xa
 999 0074 26       		.uleb128 0x26
 1000 0075 00       		.byte	0
 1001 0076 00       		.byte	0
 1002 0077 00       		.byte	0
 1003 0078 0B       		.uleb128 0xb
 1004 0079 01       		.uleb128 0x1
 1005 007a 01       		.byte	0x1
 1006 007b 49       		.uleb128 0x49
 1007 007c 13       		.uleb128 0x13
 1008 007d 01       		.uleb128 0x1
 1009 007e 13       		.uleb128 0x13
 1010 007f 00       		.byte	0
 1011 0080 00       		.byte	0
 1012 0081 0C       		.uleb128 0xc
 1013 0082 21       		.uleb128 0x21
 1014 0083 00       		.byte	0
 1015 0084 49       		.uleb128 0x49
 1016 0085 13       		.uleb128 0x13
 1017 0086 2F       		.uleb128 0x2f
 1018 0087 0B       		.uleb128 0xb
 1019 0088 00       		.byte	0
 1020 0089 00       		.byte	0
 1021 008a 0D       		.uleb128 0xd
 1022 008b 34       		.uleb128 0x34
 1023 008c 00       		.byte	0
 1024 008d 03       		.uleb128 0x3
 1025 008e 0E       		.uleb128 0xe
 1026 008f 3A       		.uleb128 0x3a
ARM GAS  C:\Users\LUKASC~1\AppData\Local\Temp\cccXyktu.s 			page 19


 1027 0090 0B       		.uleb128 0xb
 1028 0091 3B       		.uleb128 0x3b
 1029 0092 0B       		.uleb128 0xb
 1030 0093 49       		.uleb128 0x49
 1031 0094 13       		.uleb128 0x13
 1032 0095 3F       		.uleb128 0x3f
 1033 0096 19       		.uleb128 0x19
 1034 0097 02       		.uleb128 0x2
 1035 0098 18       		.uleb128 0x18
 1036 0099 00       		.byte	0
 1037 009a 00       		.byte	0
 1038 009b 0E       		.uleb128 0xe
 1039 009c 26       		.uleb128 0x26
 1040 009d 00       		.byte	0
 1041 009e 49       		.uleb128 0x49
 1042 009f 13       		.uleb128 0x13
 1043 00a0 00       		.byte	0
 1044 00a1 00       		.byte	0
 1045 00a2 0F       		.uleb128 0xf
 1046 00a3 34       		.uleb128 0x34
 1047 00a4 00       		.byte	0
 1048 00a5 03       		.uleb128 0x3
 1049 00a6 0E       		.uleb128 0xe
 1050 00a7 3A       		.uleb128 0x3a
 1051 00a8 0B       		.uleb128 0xb
 1052 00a9 3B       		.uleb128 0x3b
 1053 00aa 05       		.uleb128 0x5
 1054 00ab 49       		.uleb128 0x49
 1055 00ac 13       		.uleb128 0x13
 1056 00ad 3F       		.uleb128 0x3f
 1057 00ae 19       		.uleb128 0x19
 1058 00af 02       		.uleb128 0x2
 1059 00b0 18       		.uleb128 0x18
 1060 00b1 00       		.byte	0
 1061 00b2 00       		.byte	0
 1062 00b3 10       		.uleb128 0x10
 1063 00b4 21       		.uleb128 0x21
 1064 00b5 00       		.byte	0
 1065 00b6 49       		.uleb128 0x49
 1066 00b7 13       		.uleb128 0x13
 1067 00b8 2F       		.uleb128 0x2f
 1068 00b9 05       		.uleb128 0x5
 1069 00ba 00       		.byte	0
 1070 00bb 00       		.byte	0
 1071 00bc 00       		.byte	0
 1072              		.section	.debug_aranges,"",%progbits
 1073 0000 14000000 		.4byte	0x14
 1074 0004 0200     		.2byte	0x2
 1075 0006 00000000 		.4byte	.Ldebug_info0
 1076 000a 04       		.byte	0x4
 1077 000b 00       		.byte	0
 1078 000c 0000     		.2byte	0
 1079 000e 0000     		.2byte	0
 1080 0010 00000000 		.4byte	0
 1081 0014 00000000 		.4byte	0
 1082              		.section	.debug_line,"",%progbits
 1083              	.Ldebug_line0:
ARM GAS  C:\Users\LUKASC~1\AppData\Local\Temp\cccXyktu.s 			page 20


 1084 0000 5B000000 		.section	.debug_str,"MS",%progbits,1
 1084      02005500 
 1084      00000201 
 1084      FB0E0D00 
 1084      01010101 
 1085              	.LASF34:
 1086 0000 433A5C55 		.ascii	"C:\\Users\\Lukas Creutzburg\\Documents\\GitHub\\PSo"
 1086      73657273 
 1086      5C4C756B 
 1086      61732043 
 1086      72657574 
 1087 002e 43354C50 		.ascii	"C5LP-freeDSP-USB-Port\\PSoC_freeDSP_USB_Port\\USBFS"
 1087      2D667265 
 1087      65445350 
 1087      2D555342 
 1087      2D506F72 
 1088 005f 5F415544 		.ascii	"_AUDIO_PSoC3_5LP_Example.cydsn\000"
 1088      494F5F50 
 1088      536F4333 
 1088      5F354C50 
 1088      5F457861 
 1089              	.LASF24:
 1090 007e 55534246 		.ascii	"USBFS_DEVICE0_DESCR\000"
 1090      535F4445 
 1090      56494345 
 1090      305F4445 
 1090      53435200 
 1091              	.LASF27:
 1092 0092 55534246 		.ascii	"USBFS_DEVICE0_CONFIGURATION0_INTERFACE_CLASS\000"
 1092      535F4445 
 1092      56494345 
 1092      305F434F 
 1092      4E464947 
 1093              	.LASF30:
 1094 00bf 55534246 		.ascii	"USBFS_TABLE\000"
 1094      535F5441 
 1094      424C4500 
 1095              	.LASF3:
 1096 00cb 73686F72 		.ascii	"short unsigned int\000"
 1096      7420756E 
 1096      7369676E 
 1096      65642069 
 1096      6E7400
 1097              	.LASF11:
 1098 00de 666C6F61 		.ascii	"float\000"
 1098      7400
 1099              	.LASF16:
 1100 00e4 616C7453 		.ascii	"altSetting\000"
 1100      65747469 
 1100      6E6700
 1101              	.LASF31:
 1102 00ef 55534246 		.ascii	"USBFS_STRING_DESCRIPTORS\000"
 1102      535F5354 
 1102      52494E47 
 1102      5F444553 
 1102      43524950 
 1103              	.LASF18:
ARM GAS  C:\Users\LUKASC~1\AppData\Local\Temp\cccXyktu.s 			page 21


 1104 0108 61747472 		.ascii	"attributes\000"
 1104      69627574 
 1104      657300
 1105              	.LASF28:
 1106 0113 55534246 		.ascii	"USBFS_DEVICE0_CONFIGURATION0_TABLE\000"
 1106      535F4445 
 1106      56494345 
 1106      305F434F 
 1106      4E464947 
 1107              	.LASF17:
 1108 0136 61646472 		.ascii	"addr\000"
 1108      00
 1109              	.LASF29:
 1110 013b 55534246 		.ascii	"USBFS_DEVICE0_TABLE\000"
 1110      535F4445 
 1110      56494345 
 1110      305F5441 
 1110      424C4500 
 1111              	.LASF1:
 1112 014f 756E7369 		.ascii	"unsigned char\000"
 1112      676E6564 
 1112      20636861 
 1112      7200
 1113              	.LASF32:
 1114 015d 474E5520 		.ascii	"GNU C 4.9.3 20150303 (release) [ARM/embedded-4_9-br"
 1114      4320342E 
 1114      392E3320 
 1114      32303135 
 1114      30333033 
 1115 0190 616E6368 		.ascii	"anch revision 221220] -mcpu=cortex-m3 -mthumb -g -O"
 1115      20726576 
 1115      6973696F 
 1115      6E203232 
 1115      31323230 
 1116 01c3 30202D66 		.ascii	"0 -ffunction-sections -ffat-lto-objects\000"
 1116      66756E63 
 1116      74696F6E 
 1116      2D736563 
 1116      74696F6E 
 1117              	.LASF12:
 1118 01eb 646F7562 		.ascii	"double\000"
 1118      6C6500
 1119              	.LASF10:
 1120 01f2 75696E74 		.ascii	"uint16\000"
 1120      313600
 1121              	.LASF26:
 1122 01f9 55534246 		.ascii	"USBFS_DEVICE0_CONFIGURATION0_EP_SETTINGS_TABLE\000"
 1122      535F4445 
 1122      56494345 
 1122      305F434F 
 1122      4E464947 
 1123              	.LASF25:
 1124 0228 55534246 		.ascii	"USBFS_DEVICE0_CONFIGURATION0_DESCR\000"
 1124      535F4445 
 1124      56494345 
 1124      305F434F 
 1124      4E464947 
ARM GAS  C:\Users\LUKASC~1\AppData\Local\Temp\cccXyktu.s 			page 22


 1125              	.LASF5:
 1126 024b 6C6F6E67 		.ascii	"long unsigned int\000"
 1126      20756E73 
 1126      69676E65 
 1126      6420696E 
 1126      7400
 1127              	.LASF8:
 1128 025d 756E7369 		.ascii	"unsigned int\000"
 1128      676E6564 
 1128      20696E74 
 1128      00
 1129              	.LASF7:
 1130 026a 6C6F6E67 		.ascii	"long long unsigned int\000"
 1130      206C6F6E 
 1130      6720756E 
 1130      7369676E 
 1130      65642069 
 1131              	.LASF22:
 1132 0281 705F6C69 		.ascii	"p_list\000"
 1132      737400
 1133              	.LASF21:
 1134 0288 545F5553 		.ascii	"T_USBFS_EP_SETTINGS_BLOCK\000"
 1134      4246535F 
 1134      45505F53 
 1134      45545449 
 1134      4E47535F 
 1135              	.LASF14:
 1136 02a2 73697A65 		.ascii	"sizetype\000"
 1136      74797065 
 1136      00
 1137              	.LASF6:
 1138 02ab 6C6F6E67 		.ascii	"long long int\000"
 1138      206C6F6E 
 1138      6720696E 
 1138      7400
 1139              	.LASF23:
 1140 02b9 545F5553 		.ascii	"T_USBFS_LUT\000"
 1140      4246535F 
 1140      4C555400 
 1141              	.LASF13:
 1142 02c5 63686172 		.ascii	"char\000"
 1142      00
 1143              	.LASF33:
 1144 02ca 2E5C4765 		.ascii	".\\Generated_Source\\PSoC5\\USBFS_descr.c\000"
 1144      6E657261 
 1144      7465645F 
 1144      536F7572 
 1144      63655C50 
 1145              	.LASF19:
 1146 02f1 62756666 		.ascii	"bufferSize\000"
 1146      65725369 
 1146      7A6500
 1147              	.LASF2:
 1148 02fc 73686F72 		.ascii	"short int\000"
 1148      7420696E 
 1148      7400
 1149              	.LASF9:
ARM GAS  C:\Users\LUKASC~1\AppData\Local\Temp\cccXyktu.s 			page 23


 1150 0306 75696E74 		.ascii	"uint8\000"
 1150      3800
 1151              	.LASF15:
 1152 030c 696E7465 		.ascii	"interface\000"
 1152      72666163 
 1152      6500
 1153              	.LASF4:
 1154 0316 6C6F6E67 		.ascii	"long int\000"
 1154      20696E74 
 1154      00
 1155              	.LASF0:
 1156 031f 7369676E 		.ascii	"signed char\000"
 1156      65642063 
 1156      68617200 
 1157              	.LASF20:
 1158 032b 624D6973 		.ascii	"bMisc\000"
 1158      6300
 1159              		.ident	"GCC: (GNU Tools for ARM Embedded Processors) 4.9.3 20150303 (release) [ARM/embedded-4_9-br
