#***************************************************************************

#sjplacer

#Version:            1.1

#Build Date:         Oct  1 2015 13:46:59

#File Generated:     Apr 29 2016 14:23:05

#Purpose:            

#Copyright (C) 2010-2011 by Softjin Technologies Pvt Ltd. All rights reserved.

#***************************************************************************

Executing : C:\Program Files (x86)\Cypress\PSoC Creator\3.3\PSoC Creator\bin/sjplacer.exe --proj-name USBFS_MIDI_PSoC3_5LP_Example --netlist-vh2 USBFS_MIDI_PSoC3_5LP_Example_p.vh2 --arch-file C:\Program Files (x86)\Cypress\PSoC Creator\3.3\PSoC Creator\dev/arch/p35_udb4x6.ark --rrg-file C:\Program Files (x86)\Cypress\PSoC Creator\3.3\PSoC Creator\dev/psoc5/psoc5lp/route_arch-rrg.cydata --irq-file C:\Program Files (x86)\Cypress\PSoC Creator\3.3\PSoC Creator\dev/psoc5/psoc5lp/irqconn.cydata --drq-file C:\Program Files (x86)\Cypress\PSoC Creator\3.3\PSoC Creator\dev/psoc5/psoc5lp/dmaconn.cydata --dsi-conn-file C:\Program Files (x86)\Cypress\PSoC Creator\3.3\PSoC Creator\dev/psoc5/psoc5lp/dsiconn.cydata --pins-file pins_100-TQFP.xml --lib-file USBFS_MIDI_PSoC3_5LP_Example_p.lib --sdc-file USBFS_MIDI_PSoC3_5LP_Example.sdc --io-pcf USBFS_MIDI_PSoC3_5LP_Example.pci --outdir .

		Softjin Techologies Placer, Version 1.1

Build Date : Oct  1 2015	13:44:59

D2004: Option and Settings Summary
=============================================================
Netlist vh2 file          - USBFS_MIDI_PSoC3_5LP_Example_p.vh2
Architecture file         - C:\Program Files (x86)\Cypress\PSoC Creator\3.3\PSoC Creator\dev/arch/p35_udb4x6.ark
Package                   - 
Defparam file             - 
SDC file                  - USBFS_MIDI_PSoC3_5LP_Example.sdc
Output directory          - .
Timing library            - USBFS_MIDI_PSoC3_5LP_Example_p.lib
IO Placement file         - USBFS_MIDI_PSoC3_5LP_Example.pci

D2050: Starting reading inputs for placer
=============================================================
D2065: Reading netlist file : "USBFS_MIDI_PSoC3_5LP_Example_p.vh2"
D2065: Reading arch file : "C:\Program Files (x86)\Cypress\PSoC Creator\3.3\PSoC Creator\dev/arch/p35_udb4x6.ark"
D2051: Reading of inputs for placer completed successfully

D2053: Starting placement of the design
=============================================================

Phase 2
Phase 3

Design Statistics after Packing
    Number of Combinational MCs 	:	12
    Number of Sequential MCs    	:	27
    Number of DPs               	:	6
    Number of Controls          	:	2
    Number of Status            	:	4
    Number of SyncCells         	:	2
    Number of count7cells       	:	2

Device Utilization Summary after Packing
    Macrocells                  :	39/192
    UDBS                        :	8/24
    IOs                         :	13/72


D2088: Phase 3, elapsed time : 0.0 (sec)

Phase 4
D2088: Phase 4, elapsed time : 0.0 (sec)

Phase 5
D2088: Phase 5, elapsed time : 0.0 (sec)

Phase 6

######################################################################
Placement Timing Summary

The timing summary is based on estimated routing delays after
placement. For final timing report, please carry out the timing
analysis after routing.
======================================================================

######################################################################
                     Clock Summary 
======================================================================
Number of clocks: 6
Clock: Clock_1              | Frequency:  52.1 MHz | Target:   0.3 MHz
Clock: CyBUS_CLK            | Frequency:  89.0 MHz | Target:  60.0 MHz
Clock: CyILO                | Frequency: N/A       | Target:   0.1 MHz
Clock: CyIMO                | Frequency: N/A       | Target:  24.0 MHz
Clock: CyMASTER_CLK         | Frequency: N/A       | Target:  60.0 MHz
Clock: CyPLL_OUT            | Frequency: N/A       | Target:  60.0 MHz

======================================================================
                     End of Clock Summary
######################################################################

D2088: Phase 6, elapsed time : 0.0 (sec)

Phase 7
######################################################################
                     Clock Summary 
======================================================================
Number of clocks: 6
Clock: Clock_1              | Frequency:   6.3 MHz | Target:   0.3 MHz
Clock: CyBUS_CLK            | Frequency:   6.3 MHz | Target:  60.0 MHz
Clock: CyILO                | Frequency: N/A       | Target:   0.1 MHz
Clock: CyIMO                | Frequency: N/A       | Target:  24.0 MHz
Clock: CyMASTER_CLK         | Frequency: N/A       | Target:  60.0 MHz
Clock: CyPLL_OUT            | Frequency: N/A       | Target:  60.0 MHz

======================================================================
                     End of Clock Summary
######################################################################
D2088: Phase 7, elapsed time : 0.7 (sec)

Final Design Statistics
    Number of Combinational MCs 	:	12
    Number of Sequential MCs    	:	27
    Number of DPs               	:	6
    Number of Controls          	:	2
    Number of Status            	:	4
    Number of SyncCells         	:	2
    Number of count7cells       	:	2
    Number of IOs       	:	13

Device Utilization Summary
    Macrocells                  :	39/192
    IOs                         :	13/72



######################################################################
Placement Timing Summary

The timing summary is based on estimated routing delays after
placement. For final timing report, please carry out the timing
analysis after routing.
======================================================================


######################################################################
                     Clock Summary 
======================================================================
Number of clocks: 6
Clock: Clock_1              | Frequency:   7.1 MHz | Target:   0.3 MHz
Clock: CyBUS_CLK            | Frequency:   7.1 MHz | Target:  60.0 MHz
Clock: CyILO                | Frequency: N/A       | Target:   0.1 MHz
Clock: CyIMO                | Frequency: N/A       | Target:  24.0 MHz
Clock: CyMASTER_CLK         | Frequency: N/A       | Target:  60.0 MHz
Clock: CyPLL_OUT            | Frequency: N/A       | Target:  60.0 MHz

======================================================================
                     End of Clock Summary
######################################################################

Phase 8
D2088: Phase 8, elapsed time : 0.0 (sec)

D2054: Placement of the design completed successfully

I2076: Total run-time: 1.5 sec.

