ARM GAS  C:\Users\LUKASC~1\AppData\Local\Temp\ccjSmzkm.s 			page 1


   1              		.syntax unified
   2              		.cpu cortex-m3
   3              		.fpu softvfp
   4              		.eabi_attribute 20, 1
   5              		.eabi_attribute 21, 1
   6              		.eabi_attribute 23, 3
   7              		.eabi_attribute 24, 1
   8              		.eabi_attribute 25, 1
   9              		.eabi_attribute 26, 1
  10              		.eabi_attribute 30, 6
  11              		.eabi_attribute 34, 1
  12              		.eabi_attribute 18, 4
  13              		.thumb
  14              		.file	"I2S_1_PM.c"
  15              		.text
  16              	.Ltext0:
  17              		.cfi_sections	.debug_frame
  18              		.bss
  19              		.align	2
  20              	I2S_1_backup:
  21 0000 00       		.space	1
  22 0001 000000   		.section	.text.I2S_1_SaveConfig,"ax",%progbits
  23              		.align	2
  24              		.global	I2S_1_SaveConfig
  25              		.thumb
  26              		.thumb_func
  27              		.type	I2S_1_SaveConfig, %function
  28              	I2S_1_SaveConfig:
  29              	.LFB0:
  30              		.file 1 ".\\Generated_Source\\PSoC5\\I2S_1_PM.c"
   1:.\Generated_Source\PSoC5/I2S_1_PM.c **** /*******************************************************************************
   2:.\Generated_Source\PSoC5/I2S_1_PM.c **** * File Name: I2S_1_PM.c
   3:.\Generated_Source\PSoC5/I2S_1_PM.c **** * Version 2.70
   4:.\Generated_Source\PSoC5/I2S_1_PM.c **** *
   5:.\Generated_Source\PSoC5/I2S_1_PM.c **** * Description:
   6:.\Generated_Source\PSoC5/I2S_1_PM.c **** *  This file contains the setup, control and status commands to support
   7:.\Generated_Source\PSoC5/I2S_1_PM.c **** *  component operations in low power mode.
   8:.\Generated_Source\PSoC5/I2S_1_PM.c **** *
   9:.\Generated_Source\PSoC5/I2S_1_PM.c **** * Note:
  10:.\Generated_Source\PSoC5/I2S_1_PM.c **** *
  11:.\Generated_Source\PSoC5/I2S_1_PM.c **** ********************************************************************************
  12:.\Generated_Source\PSoC5/I2S_1_PM.c **** * Copyright 2008-2015, Cypress Semiconductor Corporation.  All rights reserved.
  13:.\Generated_Source\PSoC5/I2S_1_PM.c **** * You may use this file only in accordance with the license, terms, conditions,
  14:.\Generated_Source\PSoC5/I2S_1_PM.c **** * disclaimers, and limitations in the end user license agreement accompanying
  15:.\Generated_Source\PSoC5/I2S_1_PM.c **** * the software package with which this file was provided.
  16:.\Generated_Source\PSoC5/I2S_1_PM.c **** *******************************************************************************/
  17:.\Generated_Source\PSoC5/I2S_1_PM.c **** 
  18:.\Generated_Source\PSoC5/I2S_1_PM.c **** #include "I2S_1.h"
  19:.\Generated_Source\PSoC5/I2S_1_PM.c **** 
  20:.\Generated_Source\PSoC5/I2S_1_PM.c **** static I2S_1_BACKUP_STRUCT  I2S_1_backup = {0u};
  21:.\Generated_Source\PSoC5/I2S_1_PM.c **** 
  22:.\Generated_Source\PSoC5/I2S_1_PM.c **** 
  23:.\Generated_Source\PSoC5/I2S_1_PM.c **** /*******************************************************************************
  24:.\Generated_Source\PSoC5/I2S_1_PM.c **** * Function Name: I2S_1_SaveConfig
  25:.\Generated_Source\PSoC5/I2S_1_PM.c **** ********************************************************************************
  26:.\Generated_Source\PSoC5/I2S_1_PM.c **** *
  27:.\Generated_Source\PSoC5/I2S_1_PM.c **** * Summary:
ARM GAS  C:\Users\LUKASC~1\AppData\Local\Temp\ccjSmzkm.s 			page 2


  28:.\Generated_Source\PSoC5/I2S_1_PM.c **** *  Empty function. Left to preserve backward compatibility.
  29:.\Generated_Source\PSoC5/I2S_1_PM.c **** *
  30:.\Generated_Source\PSoC5/I2S_1_PM.c **** * Parameters:
  31:.\Generated_Source\PSoC5/I2S_1_PM.c **** *  None.
  32:.\Generated_Source\PSoC5/I2S_1_PM.c **** *
  33:.\Generated_Source\PSoC5/I2S_1_PM.c **** * Return:
  34:.\Generated_Source\PSoC5/I2S_1_PM.c **** *  None.
  35:.\Generated_Source\PSoC5/I2S_1_PM.c **** *
  36:.\Generated_Source\PSoC5/I2S_1_PM.c **** *******************************************************************************/
  37:.\Generated_Source\PSoC5/I2S_1_PM.c **** void I2S_1_SaveConfig(void) 
  38:.\Generated_Source\PSoC5/I2S_1_PM.c **** {
  31              		.loc 1 38 0
  32              		.cfi_startproc
  33              		@ args = 0, pretend = 0, frame = 0
  34              		@ frame_needed = 1, uses_anonymous_args = 0
  35              		@ link register save eliminated.
  36 0000 80B4     		push	{r7}
  37              		.cfi_def_cfa_offset 4
  38              		.cfi_offset 7, -4
  39 0002 00AF     		add	r7, sp, #0
  40              		.cfi_def_cfa_register 7
  39:.\Generated_Source\PSoC5/I2S_1_PM.c ****     /* Nothing to save. All registers are retention. */
  40:.\Generated_Source\PSoC5/I2S_1_PM.c **** }
  41              		.loc 1 40 0
  42 0004 BD46     		mov	sp, r7
  43              		.cfi_def_cfa_register 13
  44              		@ sp needed
  45 0006 5DF8047B 		ldr	r7, [sp], #4
  46              		.cfi_restore 7
  47              		.cfi_def_cfa_offset 0
  48 000a 7047     		bx	lr
  49              		.cfi_endproc
  50              	.LFE0:
  51              		.size	I2S_1_SaveConfig, .-I2S_1_SaveConfig
  52              		.section	.text.I2S_1_RestoreConfig,"ax",%progbits
  53              		.align	2
  54              		.global	I2S_1_RestoreConfig
  55              		.thumb
  56              		.thumb_func
  57              		.type	I2S_1_RestoreConfig, %function
  58              	I2S_1_RestoreConfig:
  59              	.LFB1:
  41:.\Generated_Source\PSoC5/I2S_1_PM.c **** 
  42:.\Generated_Source\PSoC5/I2S_1_PM.c **** 
  43:.\Generated_Source\PSoC5/I2S_1_PM.c **** /*******************************************************************************
  44:.\Generated_Source\PSoC5/I2S_1_PM.c **** * Function Name: I2S_1_RestoreConfig
  45:.\Generated_Source\PSoC5/I2S_1_PM.c **** ********************************************************************************
  46:.\Generated_Source\PSoC5/I2S_1_PM.c **** *
  47:.\Generated_Source\PSoC5/I2S_1_PM.c **** * Summary:
  48:.\Generated_Source\PSoC5/I2S_1_PM.c **** *  Empty function. Left to preserve backward compatibility.
  49:.\Generated_Source\PSoC5/I2S_1_PM.c **** *
  50:.\Generated_Source\PSoC5/I2S_1_PM.c **** * Parameters:
  51:.\Generated_Source\PSoC5/I2S_1_PM.c **** *  None.
  52:.\Generated_Source\PSoC5/I2S_1_PM.c **** *
  53:.\Generated_Source\PSoC5/I2S_1_PM.c **** * Return:
  54:.\Generated_Source\PSoC5/I2S_1_PM.c **** *  None.
  55:.\Generated_Source\PSoC5/I2S_1_PM.c **** *
ARM GAS  C:\Users\LUKASC~1\AppData\Local\Temp\ccjSmzkm.s 			page 3


  56:.\Generated_Source\PSoC5/I2S_1_PM.c **** *******************************************************************************/
  57:.\Generated_Source\PSoC5/I2S_1_PM.c **** void I2S_1_RestoreConfig(void) 
  58:.\Generated_Source\PSoC5/I2S_1_PM.c **** {
  60              		.loc 1 58 0
  61              		.cfi_startproc
  62              		@ args = 0, pretend = 0, frame = 0
  63              		@ frame_needed = 1, uses_anonymous_args = 0
  64              		@ link register save eliminated.
  65 0000 80B4     		push	{r7}
  66              		.cfi_def_cfa_offset 4
  67              		.cfi_offset 7, -4
  68 0002 00AF     		add	r7, sp, #0
  69              		.cfi_def_cfa_register 7
  59:.\Generated_Source\PSoC5/I2S_1_PM.c ****     /* Nothing to restore. All registers are retention. */
  60:.\Generated_Source\PSoC5/I2S_1_PM.c **** }
  70              		.loc 1 60 0
  71 0004 BD46     		mov	sp, r7
  72              		.cfi_def_cfa_register 13
  73              		@ sp needed
  74 0006 5DF8047B 		ldr	r7, [sp], #4
  75              		.cfi_restore 7
  76              		.cfi_def_cfa_offset 0
  77 000a 7047     		bx	lr
  78              		.cfi_endproc
  79              	.LFE1:
  80              		.size	I2S_1_RestoreConfig, .-I2S_1_RestoreConfig
  81              		.section	.text.I2S_1_Sleep,"ax",%progbits
  82              		.align	2
  83              		.global	I2S_1_Sleep
  84              		.thumb
  85              		.thumb_func
  86              		.type	I2S_1_Sleep, %function
  87              	I2S_1_Sleep:
  88              	.LFB2:
  61:.\Generated_Source\PSoC5/I2S_1_PM.c **** 
  62:.\Generated_Source\PSoC5/I2S_1_PM.c **** 
  63:.\Generated_Source\PSoC5/I2S_1_PM.c **** /*******************************************************************************
  64:.\Generated_Source\PSoC5/I2S_1_PM.c **** * Function Name: I2S_1_Sleep
  65:.\Generated_Source\PSoC5/I2S_1_PM.c **** ********************************************************************************
  66:.\Generated_Source\PSoC5/I2S_1_PM.c **** *
  67:.\Generated_Source\PSoC5/I2S_1_PM.c **** * Summary:
  68:.\Generated_Source\PSoC5/I2S_1_PM.c **** *  Prepares I2S for entering sleep mode.
  69:.\Generated_Source\PSoC5/I2S_1_PM.c **** *
  70:.\Generated_Source\PSoC5/I2S_1_PM.c **** * Parameters:
  71:.\Generated_Source\PSoC5/I2S_1_PM.c **** *  None.
  72:.\Generated_Source\PSoC5/I2S_1_PM.c **** *
  73:.\Generated_Source\PSoC5/I2S_1_PM.c **** * Return:
  74:.\Generated_Source\PSoC5/I2S_1_PM.c **** *  None.
  75:.\Generated_Source\PSoC5/I2S_1_PM.c **** *
  76:.\Generated_Source\PSoC5/I2S_1_PM.c **** * Global Variables:
  77:.\Generated_Source\PSoC5/I2S_1_PM.c **** *  I2S_1_backup - used to store component state prior entering 
  78:.\Generated_Source\PSoC5/I2S_1_PM.c **** *    sleep mode.
  79:.\Generated_Source\PSoC5/I2S_1_PM.c **** *
  80:.\Generated_Source\PSoC5/I2S_1_PM.c **** * Reentrant:
  81:.\Generated_Source\PSoC5/I2S_1_PM.c **** *  No.
  82:.\Generated_Source\PSoC5/I2S_1_PM.c **** *
  83:.\Generated_Source\PSoC5/I2S_1_PM.c **** *******************************************************************************/
ARM GAS  C:\Users\LUKASC~1\AppData\Local\Temp\ccjSmzkm.s 			page 4


  84:.\Generated_Source\PSoC5/I2S_1_PM.c **** void I2S_1_Sleep(void) 
  85:.\Generated_Source\PSoC5/I2S_1_PM.c **** {
  89              		.loc 1 85 0
  90              		.cfi_startproc
  91              		@ args = 0, pretend = 0, frame = 0
  92              		@ frame_needed = 1, uses_anonymous_args = 0
  93 0000 80B5     		push	{r7, lr}
  94              		.cfi_def_cfa_offset 8
  95              		.cfi_offset 7, -8
  96              		.cfi_offset 14, -4
  97 0002 00AF     		add	r7, sp, #0
  98              		.cfi_def_cfa_register 7
  86:.\Generated_Source\PSoC5/I2S_1_PM.c ****     /* Get component state */
  87:.\Generated_Source\PSoC5/I2S_1_PM.c ****     I2S_1_backup.enableState = I2S_1_CONTROL_REG;
  99              		.loc 1 87 0
 100 0004 034B     		ldr	r3, .L4
 101 0006 1B78     		ldrb	r3, [r3]
 102 0008 DAB2     		uxtb	r2, r3
 103 000a 034B     		ldr	r3, .L4+4
 104 000c 1A70     		strb	r2, [r3]
  88:.\Generated_Source\PSoC5/I2S_1_PM.c **** 
  89:.\Generated_Source\PSoC5/I2S_1_PM.c ****     /* Stop component */
  90:.\Generated_Source\PSoC5/I2S_1_PM.c ****     I2S_1_Stop();
 105              		.loc 1 90 0
 106 000e FFF7FEFF 		bl	I2S_1_Stop
  91:.\Generated_Source\PSoC5/I2S_1_PM.c **** }
 107              		.loc 1 91 0
 108 0012 80BD     		pop	{r7, pc}
 109              	.L5:
 110              		.align	2
 111              	.L4:
 112 0014 72640040 		.word	1073767538
 113 0018 00000000 		.word	I2S_1_backup
 114              		.cfi_endproc
 115              	.LFE2:
 116              		.size	I2S_1_Sleep, .-I2S_1_Sleep
 117              		.section	.text.I2S_1_Wakeup,"ax",%progbits
 118              		.align	2
 119              		.global	I2S_1_Wakeup
 120              		.thumb
 121              		.thumb_func
 122              		.type	I2S_1_Wakeup, %function
 123              	I2S_1_Wakeup:
 124              	.LFB3:
  92:.\Generated_Source\PSoC5/I2S_1_PM.c **** 
  93:.\Generated_Source\PSoC5/I2S_1_PM.c **** 
  94:.\Generated_Source\PSoC5/I2S_1_PM.c **** /*******************************************************************************
  95:.\Generated_Source\PSoC5/I2S_1_PM.c **** * Function Name: I2S_1_Wakeup
  96:.\Generated_Source\PSoC5/I2S_1_PM.c **** ********************************************************************************
  97:.\Generated_Source\PSoC5/I2S_1_PM.c **** *
  98:.\Generated_Source\PSoC5/I2S_1_PM.c **** * Summary:
  99:.\Generated_Source\PSoC5/I2S_1_PM.c **** *  Prepares I2S for exit from sleep mode.
 100:.\Generated_Source\PSoC5/I2S_1_PM.c **** *
 101:.\Generated_Source\PSoC5/I2S_1_PM.c **** * Parameters:
 102:.\Generated_Source\PSoC5/I2S_1_PM.c **** *  None.
 103:.\Generated_Source\PSoC5/I2S_1_PM.c **** *
 104:.\Generated_Source\PSoC5/I2S_1_PM.c **** * Return:
ARM GAS  C:\Users\LUKASC~1\AppData\Local\Temp\ccjSmzkm.s 			page 5


 105:.\Generated_Source\PSoC5/I2S_1_PM.c **** *  None.
 106:.\Generated_Source\PSoC5/I2S_1_PM.c **** *
 107:.\Generated_Source\PSoC5/I2S_1_PM.c **** * Global Variables:
 108:.\Generated_Source\PSoC5/I2S_1_PM.c **** *  I2S_1_backup - used to restore component state after exit from
 109:.\Generated_Source\PSoC5/I2S_1_PM.c **** *    sleep mode.
 110:.\Generated_Source\PSoC5/I2S_1_PM.c **** *
 111:.\Generated_Source\PSoC5/I2S_1_PM.c **** *******************************************************************************/
 112:.\Generated_Source\PSoC5/I2S_1_PM.c **** void I2S_1_Wakeup(void) 
 113:.\Generated_Source\PSoC5/I2S_1_PM.c **** {
 125              		.loc 1 113 0
 126              		.cfi_startproc
 127              		@ args = 0, pretend = 0, frame = 0
 128              		@ frame_needed = 1, uses_anonymous_args = 0
 129 0000 80B5     		push	{r7, lr}
 130              		.cfi_def_cfa_offset 8
 131              		.cfi_offset 7, -8
 132              		.cfi_offset 14, -4
 133 0002 00AF     		add	r7, sp, #0
 134              		.cfi_def_cfa_register 7
 114:.\Generated_Source\PSoC5/I2S_1_PM.c ****     #if (I2S_1_DYNAMIC_BIT_RESOLUTION)
 115:.\Generated_Source\PSoC5/I2S_1_PM.c ****         I2S_1_CONTROL_REG = I2S_1_backup.enableState & I2S_1_BIT_RESOLUTION_MODE_MASK;
 116:.\Generated_Source\PSoC5/I2S_1_PM.c ****     #endif /* I2S_1_DYNAMIC_BIT_RESOLUTION */
 117:.\Generated_Source\PSoC5/I2S_1_PM.c **** 
 118:.\Generated_Source\PSoC5/I2S_1_PM.c ****     if(0u != (I2S_1_backup.enableState & I2S_1_EN))
 135              		.loc 1 118 0
 136 0004 0C4B     		ldr	r3, .L9
 137 0006 1B78     		ldrb	r3, [r3]	@ zero_extendqisi2
 138 0008 03F00403 		and	r3, r3, #4
 139 000c 002B     		cmp	r3, #0
 140 000e 11D0     		beq	.L6
 119:.\Generated_Source\PSoC5/I2S_1_PM.c ****     {
 120:.\Generated_Source\PSoC5/I2S_1_PM.c ****         /* Enable component's operation */
 121:.\Generated_Source\PSoC5/I2S_1_PM.c ****         I2S_1_Enable();
 141              		.loc 1 121 0
 142 0010 FFF7FEFF 		bl	I2S_1_Enable
 122:.\Generated_Source\PSoC5/I2S_1_PM.c **** 
 123:.\Generated_Source\PSoC5/I2S_1_PM.c ****         /* Enable Tx/Rx direction if they were enabled before sleep */
 124:.\Generated_Source\PSoC5/I2S_1_PM.c ****         #if(I2S_1_TX_DIRECTION_ENABLE)
 125:.\Generated_Source\PSoC5/I2S_1_PM.c ****             if(0u != (I2S_1_backup.enableState & I2S_1_TX_EN))
 143              		.loc 1 125 0
 144 0014 084B     		ldr	r3, .L9
 145 0016 1B78     		ldrb	r3, [r3]	@ zero_extendqisi2
 146 0018 03F00103 		and	r3, r3, #1
 147 001c 002B     		cmp	r3, #0
 148 001e 01D0     		beq	.L8
 126:.\Generated_Source\PSoC5/I2S_1_PM.c ****             {
 127:.\Generated_Source\PSoC5/I2S_1_PM.c ****                 I2S_1_EnableTx();
 149              		.loc 1 127 0
 150 0020 FFF7FEFF 		bl	I2S_1_EnableTx
 151              	.L8:
 128:.\Generated_Source\PSoC5/I2S_1_PM.c ****             }
 129:.\Generated_Source\PSoC5/I2S_1_PM.c ****         #endif /* (I2S_1_TX_DIRECTION_ENABLE) */
 130:.\Generated_Source\PSoC5/I2S_1_PM.c ****         
 131:.\Generated_Source\PSoC5/I2S_1_PM.c ****         #if(I2S_1_RX_DIRECTION_ENABLE)
 132:.\Generated_Source\PSoC5/I2S_1_PM.c ****             if(0u != (I2S_1_backup.enableState & I2S_1_RX_EN))
 152              		.loc 1 132 0
 153 0024 044B     		ldr	r3, .L9
ARM GAS  C:\Users\LUKASC~1\AppData\Local\Temp\ccjSmzkm.s 			page 6


 154 0026 1B78     		ldrb	r3, [r3]	@ zero_extendqisi2
 155 0028 03F00203 		and	r3, r3, #2
 156 002c 002B     		cmp	r3, #0
 157 002e 01D0     		beq	.L6
 133:.\Generated_Source\PSoC5/I2S_1_PM.c ****             {
 134:.\Generated_Source\PSoC5/I2S_1_PM.c ****                 I2S_1_EnableRx();
 158              		.loc 1 134 0
 159 0030 FFF7FEFF 		bl	I2S_1_EnableRx
 160              	.L6:
 135:.\Generated_Source\PSoC5/I2S_1_PM.c ****             }
 136:.\Generated_Source\PSoC5/I2S_1_PM.c ****         #endif /* (I2S_1_RX_DIRECTION_ENABLE) */
 137:.\Generated_Source\PSoC5/I2S_1_PM.c ****     }
 138:.\Generated_Source\PSoC5/I2S_1_PM.c **** }
 161              		.loc 1 138 0
 162 0034 80BD     		pop	{r7, pc}
 163              	.L10:
 164 0036 00BF     		.align	2
 165              	.L9:
 166 0038 00000000 		.word	I2S_1_backup
 167              		.cfi_endproc
 168              	.LFE3:
 169              		.size	I2S_1_Wakeup, .-I2S_1_Wakeup
 170              		.text
 171              	.Letext0:
 172              		.file 2 ".\\Generated_Source\\PSoC5\\cytypes.h"
 173              		.file 3 ".\\Generated_Source\\PSoC5\\I2S_1.h"
 174              		.section	.debug_info,"",%progbits
 175              	.Ldebug_info0:
 176 0000 0F010000 		.4byte	0x10f
 177 0004 0400     		.2byte	0x4
 178 0006 00000000 		.4byte	.Ldebug_abbrev0
 179 000a 04       		.byte	0x4
 180 000b 01       		.uleb128 0x1
 181 000c 31000000 		.4byte	.LASF19
 182 0010 01       		.byte	0x1
 183 0011 0D000000 		.4byte	.LASF20
 184 0015 BF000000 		.4byte	.LASF21
 185 0019 00000000 		.4byte	.Ldebug_ranges0+0
 186 001d 00000000 		.4byte	0
 187 0021 00000000 		.4byte	.Ldebug_line0
 188 0025 02       		.uleb128 0x2
 189 0026 01       		.byte	0x1
 190 0027 06       		.byte	0x6
 191 0028 1A020000 		.4byte	.LASF0
 192 002c 02       		.uleb128 0x2
 193 002d 01       		.byte	0x1
 194 002e 08       		.byte	0x8
 195 002f 3A010000 		.4byte	.LASF1
 196 0033 02       		.uleb128 0x2
 197 0034 02       		.byte	0x2
 198 0035 05       		.byte	0x5
 199 0036 F5010000 		.4byte	.LASF2
 200 003a 02       		.uleb128 0x2
 201 003b 02       		.byte	0x2
 202 003c 07       		.byte	0x7
 203 003d 5F010000 		.4byte	.LASF3
 204 0041 02       		.uleb128 0x2
ARM GAS  C:\Users\LUKASC~1\AppData\Local\Temp\ccjSmzkm.s 			page 7


 205 0042 04       		.byte	0x4
 206 0043 05       		.byte	0x5
 207 0044 05020000 		.4byte	.LASF4
 208 0048 02       		.uleb128 0x2
 209 0049 04       		.byte	0x4
 210 004a 07       		.byte	0x7
 211 004b 4D010000 		.4byte	.LASF5
 212 004f 02       		.uleb128 0x2
 213 0050 08       		.byte	0x8
 214 0051 05       		.byte	0x5
 215 0052 C2010000 		.4byte	.LASF6
 216 0056 02       		.uleb128 0x2
 217 0057 08       		.byte	0x8
 218 0058 07       		.byte	0x7
 219 0059 86010000 		.4byte	.LASF7
 220 005d 03       		.uleb128 0x3
 221 005e 04       		.byte	0x4
 222 005f 05       		.byte	0x5
 223 0060 696E7400 		.ascii	"int\000"
 224 0064 02       		.uleb128 0x2
 225 0065 04       		.byte	0x4
 226 0066 07       		.byte	0x7
 227 0067 79010000 		.4byte	.LASF8
 228 006b 04       		.uleb128 0x4
 229 006c FF010000 		.4byte	.LASF12
 230 0070 02       		.byte	0x2
 231 0071 3801     		.2byte	0x138
 232 0073 2C000000 		.4byte	0x2c
 233 0077 02       		.uleb128 0x2
 234 0078 04       		.byte	0x4
 235 0079 04       		.byte	0x4
 236 007a 34010000 		.4byte	.LASF9
 237 007e 02       		.uleb128 0x2
 238 007f 08       		.byte	0x8
 239 0080 04       		.byte	0x4
 240 0081 72010000 		.4byte	.LASF10
 241 0085 02       		.uleb128 0x2
 242 0086 01       		.byte	0x1
 243 0087 08       		.byte	0x8
 244 0088 D0010000 		.4byte	.LASF11
 245 008c 04       		.uleb128 0x4
 246 008d 48010000 		.4byte	.LASF13
 247 0091 02       		.byte	0x2
 248 0092 E201     		.2byte	0x1e2
 249 0094 98000000 		.4byte	0x98
 250 0098 05       		.uleb128 0x5
 251 0099 6B000000 		.4byte	0x6b
 252 009d 06       		.uleb128 0x6
 253 009e 01       		.byte	0x1
 254 009f 03       		.byte	0x3
 255 00a0 1D       		.byte	0x1d
 256 00a1 B2000000 		.4byte	0xb2
 257 00a5 07       		.uleb128 0x7
 258 00a6 0E020000 		.4byte	.LASF22
 259 00aa 03       		.byte	0x3
 260 00ab 1F       		.byte	0x1f
 261 00ac 6B000000 		.4byte	0x6b
ARM GAS  C:\Users\LUKASC~1\AppData\Local\Temp\ccjSmzkm.s 			page 8


 262 00b0 00       		.byte	0
 263 00b1 00       		.byte	0
 264 00b2 08       		.uleb128 0x8
 265 00b3 9D010000 		.4byte	.LASF14
 266 00b7 03       		.byte	0x3
 267 00b8 21       		.byte	0x21
 268 00b9 9D000000 		.4byte	0x9d
 269 00bd 09       		.uleb128 0x9
 270 00be B1010000 		.4byte	.LASF15
 271 00c2 01       		.byte	0x1
 272 00c3 25       		.byte	0x25
 273 00c4 00000000 		.4byte	.LFB0
 274 00c8 0C000000 		.4byte	.LFE0-.LFB0
 275 00cc 01       		.uleb128 0x1
 276 00cd 9C       		.byte	0x9c
 277 00ce 09       		.uleb128 0x9
 278 00cf E1010000 		.4byte	.LASF16
 279 00d3 01       		.byte	0x1
 280 00d4 39       		.byte	0x39
 281 00d5 00000000 		.4byte	.LFB1
 282 00d9 0C000000 		.4byte	.LFE1-.LFB1
 283 00dd 01       		.uleb128 0x1
 284 00de 9C       		.byte	0x9c
 285 00df 0A       		.uleb128 0xa
 286 00e0 D5010000 		.4byte	.LASF17
 287 00e4 01       		.byte	0x1
 288 00e5 54       		.byte	0x54
 289 00e6 00000000 		.4byte	.LFB2
 290 00ea 1C000000 		.4byte	.LFE2-.LFB2
 291 00ee 01       		.uleb128 0x1
 292 00ef 9C       		.byte	0x9c
 293 00f0 0A       		.uleb128 0xa
 294 00f1 26020000 		.4byte	.LASF18
 295 00f5 01       		.byte	0x1
 296 00f6 70       		.byte	0x70
 297 00f7 00000000 		.4byte	.LFB3
 298 00fb 3C000000 		.4byte	.LFE3-.LFB3
 299 00ff 01       		.uleb128 0x1
 300 0100 9C       		.byte	0x9c
 301 0101 0B       		.uleb128 0xb
 302 0102 00000000 		.4byte	.LASF23
 303 0106 01       		.byte	0x1
 304 0107 14       		.byte	0x14
 305 0108 B2000000 		.4byte	0xb2
 306 010c 05       		.uleb128 0x5
 307 010d 03       		.byte	0x3
 308 010e 00000000 		.4byte	I2S_1_backup
 309 0112 00       		.byte	0
 310              		.section	.debug_abbrev,"",%progbits
 311              	.Ldebug_abbrev0:
 312 0000 01       		.uleb128 0x1
 313 0001 11       		.uleb128 0x11
 314 0002 01       		.byte	0x1
 315 0003 25       		.uleb128 0x25
 316 0004 0E       		.uleb128 0xe
 317 0005 13       		.uleb128 0x13
 318 0006 0B       		.uleb128 0xb
ARM GAS  C:\Users\LUKASC~1\AppData\Local\Temp\ccjSmzkm.s 			page 9


 319 0007 03       		.uleb128 0x3
 320 0008 0E       		.uleb128 0xe
 321 0009 1B       		.uleb128 0x1b
 322 000a 0E       		.uleb128 0xe
 323 000b 55       		.uleb128 0x55
 324 000c 17       		.uleb128 0x17
 325 000d 11       		.uleb128 0x11
 326 000e 01       		.uleb128 0x1
 327 000f 10       		.uleb128 0x10
 328 0010 17       		.uleb128 0x17
 329 0011 00       		.byte	0
 330 0012 00       		.byte	0
 331 0013 02       		.uleb128 0x2
 332 0014 24       		.uleb128 0x24
 333 0015 00       		.byte	0
 334 0016 0B       		.uleb128 0xb
 335 0017 0B       		.uleb128 0xb
 336 0018 3E       		.uleb128 0x3e
 337 0019 0B       		.uleb128 0xb
 338 001a 03       		.uleb128 0x3
 339 001b 0E       		.uleb128 0xe
 340 001c 00       		.byte	0
 341 001d 00       		.byte	0
 342 001e 03       		.uleb128 0x3
 343 001f 24       		.uleb128 0x24
 344 0020 00       		.byte	0
 345 0021 0B       		.uleb128 0xb
 346 0022 0B       		.uleb128 0xb
 347 0023 3E       		.uleb128 0x3e
 348 0024 0B       		.uleb128 0xb
 349 0025 03       		.uleb128 0x3
 350 0026 08       		.uleb128 0x8
 351 0027 00       		.byte	0
 352 0028 00       		.byte	0
 353 0029 04       		.uleb128 0x4
 354 002a 16       		.uleb128 0x16
 355 002b 00       		.byte	0
 356 002c 03       		.uleb128 0x3
 357 002d 0E       		.uleb128 0xe
 358 002e 3A       		.uleb128 0x3a
 359 002f 0B       		.uleb128 0xb
 360 0030 3B       		.uleb128 0x3b
 361 0031 05       		.uleb128 0x5
 362 0032 49       		.uleb128 0x49
 363 0033 13       		.uleb128 0x13
 364 0034 00       		.byte	0
 365 0035 00       		.byte	0
 366 0036 05       		.uleb128 0x5
 367 0037 35       		.uleb128 0x35
 368 0038 00       		.byte	0
 369 0039 49       		.uleb128 0x49
 370 003a 13       		.uleb128 0x13
 371 003b 00       		.byte	0
 372 003c 00       		.byte	0
 373 003d 06       		.uleb128 0x6
 374 003e 13       		.uleb128 0x13
 375 003f 01       		.byte	0x1
ARM GAS  C:\Users\LUKASC~1\AppData\Local\Temp\ccjSmzkm.s 			page 10


 376 0040 0B       		.uleb128 0xb
 377 0041 0B       		.uleb128 0xb
 378 0042 3A       		.uleb128 0x3a
 379 0043 0B       		.uleb128 0xb
 380 0044 3B       		.uleb128 0x3b
 381 0045 0B       		.uleb128 0xb
 382 0046 01       		.uleb128 0x1
 383 0047 13       		.uleb128 0x13
 384 0048 00       		.byte	0
 385 0049 00       		.byte	0
 386 004a 07       		.uleb128 0x7
 387 004b 0D       		.uleb128 0xd
 388 004c 00       		.byte	0
 389 004d 03       		.uleb128 0x3
 390 004e 0E       		.uleb128 0xe
 391 004f 3A       		.uleb128 0x3a
 392 0050 0B       		.uleb128 0xb
 393 0051 3B       		.uleb128 0x3b
 394 0052 0B       		.uleb128 0xb
 395 0053 49       		.uleb128 0x49
 396 0054 13       		.uleb128 0x13
 397 0055 38       		.uleb128 0x38
 398 0056 0B       		.uleb128 0xb
 399 0057 00       		.byte	0
 400 0058 00       		.byte	0
 401 0059 08       		.uleb128 0x8
 402 005a 16       		.uleb128 0x16
 403 005b 00       		.byte	0
 404 005c 03       		.uleb128 0x3
 405 005d 0E       		.uleb128 0xe
 406 005e 3A       		.uleb128 0x3a
 407 005f 0B       		.uleb128 0xb
 408 0060 3B       		.uleb128 0x3b
 409 0061 0B       		.uleb128 0xb
 410 0062 49       		.uleb128 0x49
 411 0063 13       		.uleb128 0x13
 412 0064 00       		.byte	0
 413 0065 00       		.byte	0
 414 0066 09       		.uleb128 0x9
 415 0067 2E       		.uleb128 0x2e
 416 0068 00       		.byte	0
 417 0069 3F       		.uleb128 0x3f
 418 006a 19       		.uleb128 0x19
 419 006b 03       		.uleb128 0x3
 420 006c 0E       		.uleb128 0xe
 421 006d 3A       		.uleb128 0x3a
 422 006e 0B       		.uleb128 0xb
 423 006f 3B       		.uleb128 0x3b
 424 0070 0B       		.uleb128 0xb
 425 0071 27       		.uleb128 0x27
 426 0072 19       		.uleb128 0x19
 427 0073 11       		.uleb128 0x11
 428 0074 01       		.uleb128 0x1
 429 0075 12       		.uleb128 0x12
 430 0076 06       		.uleb128 0x6
 431 0077 40       		.uleb128 0x40
 432 0078 18       		.uleb128 0x18
ARM GAS  C:\Users\LUKASC~1\AppData\Local\Temp\ccjSmzkm.s 			page 11


 433 0079 9742     		.uleb128 0x2117
 434 007b 19       		.uleb128 0x19
 435 007c 00       		.byte	0
 436 007d 00       		.byte	0
 437 007e 0A       		.uleb128 0xa
 438 007f 2E       		.uleb128 0x2e
 439 0080 00       		.byte	0
 440 0081 3F       		.uleb128 0x3f
 441 0082 19       		.uleb128 0x19
 442 0083 03       		.uleb128 0x3
 443 0084 0E       		.uleb128 0xe
 444 0085 3A       		.uleb128 0x3a
 445 0086 0B       		.uleb128 0xb
 446 0087 3B       		.uleb128 0x3b
 447 0088 0B       		.uleb128 0xb
 448 0089 27       		.uleb128 0x27
 449 008a 19       		.uleb128 0x19
 450 008b 11       		.uleb128 0x11
 451 008c 01       		.uleb128 0x1
 452 008d 12       		.uleb128 0x12
 453 008e 06       		.uleb128 0x6
 454 008f 40       		.uleb128 0x40
 455 0090 18       		.uleb128 0x18
 456 0091 9642     		.uleb128 0x2116
 457 0093 19       		.uleb128 0x19
 458 0094 00       		.byte	0
 459 0095 00       		.byte	0
 460 0096 0B       		.uleb128 0xb
 461 0097 34       		.uleb128 0x34
 462 0098 00       		.byte	0
 463 0099 03       		.uleb128 0x3
 464 009a 0E       		.uleb128 0xe
 465 009b 3A       		.uleb128 0x3a
 466 009c 0B       		.uleb128 0xb
 467 009d 3B       		.uleb128 0x3b
 468 009e 0B       		.uleb128 0xb
 469 009f 49       		.uleb128 0x49
 470 00a0 13       		.uleb128 0x13
 471 00a1 02       		.uleb128 0x2
 472 00a2 18       		.uleb128 0x18
 473 00a3 00       		.byte	0
 474 00a4 00       		.byte	0
 475 00a5 00       		.byte	0
 476              		.section	.debug_aranges,"",%progbits
 477 0000 34000000 		.4byte	0x34
 478 0004 0200     		.2byte	0x2
 479 0006 00000000 		.4byte	.Ldebug_info0
 480 000a 04       		.byte	0x4
 481 000b 00       		.byte	0
 482 000c 0000     		.2byte	0
 483 000e 0000     		.2byte	0
 484 0010 00000000 		.4byte	.LFB0
 485 0014 0C000000 		.4byte	.LFE0-.LFB0
 486 0018 00000000 		.4byte	.LFB1
 487 001c 0C000000 		.4byte	.LFE1-.LFB1
 488 0020 00000000 		.4byte	.LFB2
 489 0024 1C000000 		.4byte	.LFE2-.LFB2
ARM GAS  C:\Users\LUKASC~1\AppData\Local\Temp\ccjSmzkm.s 			page 12


 490 0028 00000000 		.4byte	.LFB3
 491 002c 3C000000 		.4byte	.LFE3-.LFB3
 492 0030 00000000 		.4byte	0
 493 0034 00000000 		.4byte	0
 494              		.section	.debug_ranges,"",%progbits
 495              	.Ldebug_ranges0:
 496 0000 00000000 		.4byte	.LFB0
 497 0004 0C000000 		.4byte	.LFE0
 498 0008 00000000 		.4byte	.LFB1
 499 000c 0C000000 		.4byte	.LFE1
 500 0010 00000000 		.4byte	.LFB2
 501 0014 1C000000 		.4byte	.LFE2
 502 0018 00000000 		.4byte	.LFB3
 503 001c 3C000000 		.4byte	.LFE3
 504 0020 00000000 		.4byte	0
 505 0024 00000000 		.4byte	0
 506              		.section	.debug_line,"",%progbits
 507              	.Ldebug_line0:
 508 0000 A2000000 		.section	.debug_str,"MS",%progbits,1
 508      02005200 
 508      00000201 
 508      FB0E0D00 
 508      01010101 
 509              	.LASF23:
 510 0000 4932535F 		.ascii	"I2S_1_backup\000"
 510      315F6261 
 510      636B7570 
 510      00
 511              	.LASF20:
 512 000d 2E5C4765 		.ascii	".\\Generated_Source\\PSoC5\\I2S_1_PM.c\000"
 512      6E657261 
 512      7465645F 
 512      536F7572 
 512      63655C50 
 513              	.LASF19:
 514 0031 474E5520 		.ascii	"GNU C 4.9.3 20150303 (release) [ARM/embedded-4_9-br"
 514      4320342E 
 514      392E3320 
 514      32303135 
 514      30333033 
 515 0064 616E6368 		.ascii	"anch revision 221220] -mcpu=cortex-m3 -mthumb -g -O"
 515      20726576 
 515      6973696F 
 515      6E203232 
 515      31323230 
 516 0097 30202D66 		.ascii	"0 -ffunction-sections -ffat-lto-objects\000"
 516      66756E63 
 516      74696F6E 
 516      2D736563 
 516      74696F6E 
 517              	.LASF21:
 518 00bf 433A5C55 		.ascii	"C:\\Users\\Lukas Creutzburg\\Documents\\GitHub\\PSo"
 518      73657273 
 518      5C4C756B 
 518      61732043 
 518      72657574 
 519 00ed 43354C50 		.ascii	"C5LP-freeDSP-USB-Port\\PSoC_freeDSP_USB_Port\\Inter"
ARM GAS  C:\Users\LUKASC~1\AppData\Local\Temp\ccjSmzkm.s 			page 13


 519      2D667265 
 519      65445350 
 519      2D555342 
 519      2D506F72 
 520 011e 4963536F 		.ascii	"IcSound_Example.cydsn\000"
 520      756E645F 
 520      4578616D 
 520      706C652E 
 520      63796473 
 521              	.LASF9:
 522 0134 666C6F61 		.ascii	"float\000"
 522      7400
 523              	.LASF1:
 524 013a 756E7369 		.ascii	"unsigned char\000"
 524      676E6564 
 524      20636861 
 524      7200
 525              	.LASF13:
 526 0148 72656738 		.ascii	"reg8\000"
 526      00
 527              	.LASF5:
 528 014d 6C6F6E67 		.ascii	"long unsigned int\000"
 528      20756E73 
 528      69676E65 
 528      6420696E 
 528      7400
 529              	.LASF3:
 530 015f 73686F72 		.ascii	"short unsigned int\000"
 530      7420756E 
 530      7369676E 
 530      65642069 
 530      6E7400
 531              	.LASF10:
 532 0172 646F7562 		.ascii	"double\000"
 532      6C6500
 533              	.LASF8:
 534 0179 756E7369 		.ascii	"unsigned int\000"
 534      676E6564 
 534      20696E74 
 534      00
 535              	.LASF7:
 536 0186 6C6F6E67 		.ascii	"long long unsigned int\000"
 536      206C6F6E 
 536      6720756E 
 536      7369676E 
 536      65642069 
 537              	.LASF14:
 538 019d 4932535F 		.ascii	"I2S_1_BACKUP_STRUCT\000"
 538      315F4241 
 538      434B5550 
 538      5F535452 
 538      55435400 
 539              	.LASF15:
 540 01b1 4932535F 		.ascii	"I2S_1_SaveConfig\000"
 540      315F5361 
 540      7665436F 
 540      6E666967 
ARM GAS  C:\Users\LUKASC~1\AppData\Local\Temp\ccjSmzkm.s 			page 14


 540      00
 541              	.LASF6:
 542 01c2 6C6F6E67 		.ascii	"long long int\000"
 542      206C6F6E 
 542      6720696E 
 542      7400
 543              	.LASF11:
 544 01d0 63686172 		.ascii	"char\000"
 544      00
 545              	.LASF17:
 546 01d5 4932535F 		.ascii	"I2S_1_Sleep\000"
 546      315F536C 
 546      65657000 
 547              	.LASF16:
 548 01e1 4932535F 		.ascii	"I2S_1_RestoreConfig\000"
 548      315F5265 
 548      73746F72 
 548      65436F6E 
 548      66696700 
 549              	.LASF2:
 550 01f5 73686F72 		.ascii	"short int\000"
 550      7420696E 
 550      7400
 551              	.LASF12:
 552 01ff 75696E74 		.ascii	"uint8\000"
 552      3800
 553              	.LASF4:
 554 0205 6C6F6E67 		.ascii	"long int\000"
 554      20696E74 
 554      00
 555              	.LASF22:
 556 020e 656E6162 		.ascii	"enableState\000"
 556      6C655374 
 556      61746500 
 557              	.LASF0:
 558 021a 7369676E 		.ascii	"signed char\000"
 558      65642063 
 558      68617200 
 559              	.LASF18:
 560 0226 4932535F 		.ascii	"I2S_1_Wakeup\000"
 560      315F5761 
 560      6B657570 
 560      00
 561              		.ident	"GCC: (GNU Tools for ARM Embedded Processors) 4.9.3 20150303 (release) [ARM/embedded-4_9-br
