ARM GAS  C:\USERS\LUKAS\APPDATA\LOCAL\TEMP\ccW9Hcxt.s 			page 1


   1              		.syntax unified
   2              		.cpu cortex-m3
   3              		.fpu softvfp
   4              		.eabi_attribute 20, 1
   5              		.eabi_attribute 21, 1
   6              		.eabi_attribute 23, 3
   7              		.eabi_attribute 24, 1
   8              		.eabi_attribute 25, 1
   9              		.eabi_attribute 26, 1
  10              		.eabi_attribute 30, 6
  11              		.eabi_attribute 34, 1
  12              		.eabi_attribute 18, 4
  13              		.thumb
  14              		.file	"Application.c"
  15              		.text
  16              	.Ltext0:
  17              		.cfi_sections	.debug_frame
  18              		.global	buttonStatus
  19              		.bss
  20              		.type	buttonStatus, %object
  21              		.size	buttonStatus, 1
  22              	buttonStatus:
  23 0000 00       		.space	1
  24              		.comm	buttonMask,4,4
  25              		.global	applicationInitiate
  26              		.data
  27              		.type	applicationInitiate, %object
  28              		.size	applicationInitiate, 1
  29              	applicationInitiate:
  30 0000 01       		.byte	1
  31              		.global	playlistControlReport
  32              		.bss
  33              		.type	playlistControlReport, %object
  34              		.size	playlistControlReport, 1
  35              	playlistControlReport:
  36 0001 00       		.space	1
  37              		.global	prevReport
  38              		.type	prevReport, %object
  39              		.size	prevReport, 1
  40              	prevReport:
  41 0002 00       		.space	1
  42              		.global	switchDebounceTimer
  43              		.type	switchDebounceTimer, %object
  44              		.size	switchDebounceTimer, 1
  45              	switchDebounceTimer:
  46 0003 00       		.space	1
  47              		.section	.text.ConfigureApplication,"ax",%progbits
  48              		.align	2
  49              		.global	ConfigureApplication
  50              		.thumb
  51              		.thumb_func
  52              		.type	ConfigureApplication, %function
  53              	ConfigureApplication:
  54              	.LFB56:
  55              		.file 1 ".\\Application.c"
   1:.\Application.c **** /*******************************************************************************
   2:.\Application.c **** * File Name: Application.c
ARM GAS  C:\USERS\LUKAS\APPDATA\LOCAL\TEMP\ccW9Hcxt.s 			page 2


   3:.\Application.c **** *
   4:.\Application.c **** * Version 1.0
   5:.\Application.c **** *
   6:.\Application.c **** *  Description: This file contains all the application layer code for
   7:.\Application.c **** *               user interface handling routines
   8:.\Application.c **** *
   9:.\Application.c **** ********************************************************************************
  10:.\Application.c **** * Copyright (2008-2013), Cypress Semiconductor Corporation.
  11:.\Application.c **** ********************************************************************************
  12:.\Application.c **** * This software is owned by Cypress Semiconductor Corporation (Cypress) and is
  13:.\Application.c **** * protected by and subject to worldwide patent protection (United States and
  14:.\Application.c **** * foreign), United States copyright laws and international treaty provisions.
  15:.\Application.c **** * Cypress hereby grants to licensee a personal, non-exclusive, non-transferable
  16:.\Application.c **** * license to copy, use, modify, create derivative works of, and compile the
  17:.\Application.c **** * Cypress Source Code and derivative works for the sole purpose of creating
  18:.\Application.c **** * custom software in support of licensee product to be used only in conjunction
  19:.\Application.c **** * with a Cypress integrated circuit as specified in the applicable agreement.
  20:.\Application.c **** * Any reproduction, modification, translation, compilation, or representation of
  21:.\Application.c **** * this software except as specified above is prohibited without the express
  22:.\Application.c **** * written permission of Cypress.
  23:.\Application.c **** *
  24:.\Application.c **** * Disclaimer: CYPRESS MAKES NO WARRANTY OF ANY KIND, EXPRESS OR IMPLIED, WITH
  25:.\Application.c **** * REGARD TO THIS MATERIAL, INCLUDING, BUT NOT LIMITED TO, THE IMPLIED
  26:.\Application.c **** * WARRANTIES OF MERCHANTABILITY AND FITNESS FOR A PARTICULAR PURPOSE.
  27:.\Application.c **** * Cypress reserves the right to make changes without further notice to the
  28:.\Application.c **** * materials described herein. Cypress does not assume any liability arising out
  29:.\Application.c **** * of the application or use of any product or circuit described herein. Cypress
  30:.\Application.c **** * does not authorize its products for use as critical components in life-support
  31:.\Application.c **** * systems where a malfunction or failure may reasonably be expected to result in
  32:.\Application.c **** * significant injury to the user. The inclusion of Cypress' product in a life-
  33:.\Application.c **** * support systems application implies that the manufacturer assumes all risk of
  34:.\Application.c **** * such use and in doing so indemnifies Cypress against all charges. Use may be
  35:.\Application.c **** * limited by and subject to the applicable Cypress software license agreement.
  36:.\Application.c **** *******************************************************************************/
  37:.\Application.c **** #include <Application.h>
  38:.\Application.c **** #include <AudioControl.h>
  39:.\Application.c **** #include <Configuration.h>
  40:.\Application.c **** #include <codec.h>		
  41:.\Application.c **** #include <device.h>
  42:.\Application.c **** #include <Interrupts.h>
  43:.\Application.c **** #include <stdio.h>
  44:.\Application.c **** #include <USBInterface.h>
  45:.\Application.c **** #include <VolumeControl.h>
  46:.\Application.c **** 
  47:.\Application.c **** /* function declaration */
  48:.\Application.c **** static void HandleUserInputs(void);
  49:.\Application.c **** static void CheckPlayPauseButton(void);
  50:.\Application.c **** 
  51:.\Application.c **** /* Extern declarations */
  52:.\Application.c **** extern uint8 USBFS_initVar;
  53:.\Application.c **** extern volatile uint8 USBFS_currentVolume[];
  54:.\Application.c **** extern volatile uint8 USBFS_currentMute;
  55:.\Application.c **** 
  56:.\Application.c **** extern CYBIT codecInit;
  57:.\Application.c **** extern CYBIT outPlaying;
  58:.\Application.c **** 
  59:.\Application.c **** /* Global variables used for playlist-control buttons */
ARM GAS  C:\USERS\LUKAS\APPDATA\LOCAL\TEMP\ccW9Hcxt.s 			page 3


  60:.\Application.c **** uint8 buttonStatus = 0;
  61:.\Application.c **** uint32 buttonMask;
  62:.\Application.c **** CYBIT applicationInitiate = TRUE;
  63:.\Application.c **** uint8 playlistControlReport = 0;
  64:.\Application.c **** uint8 prevReport = 0;
  65:.\Application.c **** 
  66:.\Application.c **** /* Global variables used for the switch "PSOC_SW", which is used for Play/Pause */
  67:.\Application.c **** uint8 switchDebounceTimer = 0;
  68:.\Application.c **** 
  69:.\Application.c **** /*******************************************************************************
  70:.\Application.c **** * Function Name: ConfigureApplication
  71:.\Application.c **** ********************************************************************************
  72:.\Application.c **** * Summary:
  73:.\Application.c **** *        This function configures the application layer hardware modules and
  74:.\Application.c **** *        clocks to be in sync with the audio clock updates done in 
  75:.\Application.c **** *        ConfigureAudioPath API
  76:.\Application.c **** *
  77:.\Application.c **** * Parameters:
  78:.\Application.c **** *  void
  79:.\Application.c **** *
  80:.\Application.c **** * Return:
  81:.\Application.c **** *  void
  82:.\Application.c **** *
  83:.\Application.c **** *******************************************************************************/
  84:.\Application.c **** void ConfigureApplication(void)
  85:.\Application.c **** {
  56              		.loc 1 85 0
  57              		.cfi_startproc
  58              		@ args = 0, pretend = 0, frame = 0
  59              		@ frame_needed = 1, uses_anonymous_args = 0
  60 0000 80B5     		push	{r7, lr}
  61              		.cfi_def_cfa_offset 8
  62              		.cfi_offset 7, -8
  63              		.cfi_offset 14, -4
  64 0002 00AF     		add	r7, sp, #0
  65              		.cfi_def_cfa_register 7
  86:.\Application.c ****     CYGlobalIntEnable;
  66              		.loc 1 86 0
  67              	@ 86 ".\Application.c" 1
  68 0004 62B6     		CPSIE   i
  69              	@ 0 "" 2
  87:.\Application.c **** 	
  88:.\Application.c ****     /* Configure the I2C clock speed for 400kHz operation */
  89:.\Application.c **** 	#ifdef CODEC_I2C_SUPPORTED
  90:.\Application.c **** 	I2C_Master_CLKDIV1_REG = I2C_DIVIDER_400KHZ_OPERATION;
  91:.\Application.c **** 	#endif
  92:.\Application.c ****             
  93:.\Application.c ****     /* Enable 8ms tick sleep ISR */
  94:.\Application.c ****     SystemTickTimer_Start();
  70              		.loc 1 94 0
  71              		.thumb
  72 0006 FFF7FEFF 		bl	SystemTickTimer_Start
  95:.\Application.c ****     isr_Tick_StartEx(Tick_Interrupt);
  73              		.loc 1 95 0
  74 000a 0548     		ldr	r0, .L2
  75 000c FFF7FEFF 		bl	isr_Tick_StartEx
  96:.\Application.c ****     
ARM GAS  C:\USERS\LUKAS\APPDATA\LOCAL\TEMP\ccW9Hcxt.s 			page 4


  97:.\Application.c ****     #ifdef ENABLE_WATCHDOG
  98:.\Application.c ****     /* Watchdog timer is clocked from internal 1KHz ILO, for USB Operation 100KHz ILO is selected i
  99:.\Application.c ****      * configuration wizard, explicitly enable 1KHz ILO for WDT */
 100:.\Application.c ****     CyILO_Start1K();
  76              		.loc 1 100 0
  77 0010 FFF7FEFF 		bl	CyILO_Start1K
 101:.\Application.c ****     
 102:.\Application.c ****     /* Enable Watchdog for recovering from unresponsive system, The time for WDT is set to two 1sec
 103:.\Application.c ****     CyWdtStart(CYWDT_1024_TICKS, CYWDT_LPMODE_DISABLED);
  78              		.loc 1 103 0
  79 0014 0320     		movs	r0, #3
  80 0016 0321     		movs	r1, #3
  81 0018 FFF7FEFF 		bl	CyWdtStart
 104:.\Application.c ****     #endif
 105:.\Application.c ****     
 106:.\Application.c ****     /* USER_CODE: [Accessory Initialization] Placeholder for initializing additional user added com
 107:.\Application.c ****      * external peripherals. This block of code is called once after accessory reset event and the 
 108:.\Application.c ****      * will be in idle mode (See TopDesign.cysch for idle mode clock details) */
 109:.\Application.c **** }
  82              		.loc 1 109 0
  83 001c 80BD     		pop	{r7, pc}
  84              	.L3:
  85 001e 00BF     		.align	2
  86              	.L2:
  87 0020 00000000 		.word	Tick_Interrupt
  88              		.cfi_endproc
  89              	.LFE56:
  90              		.size	ConfigureApplication, .-ConfigureApplication
  91              		.section	.text.HandleApplicationInterface,"ax",%progbits
  92              		.align	2
  93              		.global	HandleApplicationInterface
  94              		.thumb
  95              		.thumb_func
  96              		.type	HandleApplicationInterface, %function
  97              	HandleApplicationInterface:
  98              	.LFB57:
 110:.\Application.c **** 
 111:.\Application.c **** /*******************************************************************************
 112:.\Application.c **** * Function Name: HandleApplicationInterface
 113:.\Application.c **** ********************************************************************************
 114:.\Application.c **** * Summary:
 115:.\Application.c **** *        This function handles all the application layer related firmware code
 116:.\Application.c **** *        related to user inputs
 117:.\Application.c **** *
 118:.\Application.c **** * Parameters:
 119:.\Application.c **** *  void
 120:.\Application.c **** *
 121:.\Application.c **** * Return:
 122:.\Application.c **** *  void
 123:.\Application.c **** *
 124:.\Application.c **** *******************************************************************************/
 125:.\Application.c **** void HandleApplicationInterface(void)
 126:.\Application.c **** {
  99              		.loc 1 126 0
 100              		.cfi_startproc
 101              		@ args = 0, pretend = 0, frame = 0
 102              		@ frame_needed = 1, uses_anonymous_args = 0
ARM GAS  C:\USERS\LUKAS\APPDATA\LOCAL\TEMP\ccW9Hcxt.s 			page 5


 103 0000 80B5     		push	{r7, lr}
 104              		.cfi_def_cfa_offset 8
 105              		.cfi_offset 7, -8
 106              		.cfi_offset 14, -4
 107 0002 00AF     		add	r7, sp, #0
 108              		.cfi_def_cfa_register 7
 127:.\Application.c ****    
 128:.\Application.c **** 	HandleUserInputs(); /* Handle play/pause button user inputs */
 109              		.loc 1 128 0
 110 0004 FFF7FEFF 		bl	HandleUserInputs
 129:.\Application.c ****     
 130:.\Application.c **** 	/* Turning ON the STATUS LED consumes ~4 mA. Comment out the below line if LED indication while au
 131:.\Application.c **** 	 * is not needed */
 132:.\Application.c **** 	UpdateAudioStatusUI(); /* Update the Status LED depending on the audio streaming mode */
 111              		.loc 1 132 0
 112 0008 FFF7FEFF 		bl	UpdateAudioStatusUI
 133:.\Application.c **** 		
 134:.\Application.c **** 	#ifdef ENABLE_VOLUME_CONTROL
 135:.\Application.c ****     HandleUSBVolumeUpdate(); /* Update the codec volume as per the volume update from the host */
 136:.\Application.c ****     #endif 
 137:.\Application.c **** 	
 138:.\Application.c **** }
 113              		.loc 1 138 0
 114 000c 80BD     		pop	{r7, pc}
 115              		.cfi_endproc
 116              	.LFE57:
 117              		.size	HandleApplicationInterface, .-HandleApplicationInterface
 118 000e 00BF     		.section	.text.HandleUserInputs,"ax",%progbits
 119              		.align	2
 120              		.thumb
 121              		.thumb_func
 122              		.type	HandleUserInputs, %function
 123              	HandleUserInputs:
 124              	.LFB58:
 139:.\Application.c **** 
 140:.\Application.c **** /*******************************************************************************
 141:.\Application.c **** * Function Name: HandleUserInputs
 142:.\Application.c **** ********************************************************************************
 143:.\Application.c **** * Summary:  Handles play/pause button user inputs for play track 
 144:.\Application.c **** *           functions.
 145:.\Application.c **** *
 146:.\Application.c **** * Parameters:
 147:.\Application.c **** *  void
 148:.\Application.c **** *
 149:.\Application.c **** * Return:
 150:.\Application.c **** *  void
 151:.\Application.c **** *
 152:.\Application.c **** *******************************************************************************/
 153:.\Application.c **** static void HandleUserInputs(void)
 154:.\Application.c **** {
 125              		.loc 1 154 0
 126              		.cfi_startproc
 127              		@ args = 0, pretend = 0, frame = 0
 128              		@ frame_needed = 1, uses_anonymous_args = 0
 129 0000 80B5     		push	{r7, lr}
 130              		.cfi_def_cfa_offset 8
 131              		.cfi_offset 7, -8
ARM GAS  C:\USERS\LUKAS\APPDATA\LOCAL\TEMP\ccW9Hcxt.s 			page 6


 132              		.cfi_offset 14, -4
 133 0002 00AF     		add	r7, sp, #0
 134              		.cfi_def_cfa_register 7
 155:.\Application.c ****      CheckPlayPauseButton();
 135              		.loc 1 155 0
 136 0004 FFF7FEFF 		bl	CheckPlayPauseButton
 156:.\Application.c **** 	 
 157:.\Application.c **** 	if(IS_MAC_PC_PLAYLIST_CONTROL_NEEDED())
 137              		.loc 1 157 0
 138 0008 FFF7FEFF 		bl	USBFS_GetConfiguration
 139 000c 0346     		mov	r3, r0
 140 000e 002B     		cmp	r3, #0
 141 0010 14D0     		beq	.L5
 142              		.loc 1 157 0 is_stmt 0 discriminator 1
 143 0012 0420     		movs	r0, #4
 144 0014 FFF7FEFF 		bl	USBFS_GetEPState
 145 0018 0346     		mov	r3, r0
 146 001a 012B     		cmp	r3, #1
 147 001c 0ED1     		bne	.L5
 148              		.loc 1 157 0 discriminator 2
 149 001e 084B     		ldr	r3, .L7
 150 0020 1A78     		ldrb	r2, [r3]	@ zero_extendqisi2
 151 0022 084B     		ldr	r3, .L7+4
 152 0024 1B78     		ldrb	r3, [r3]	@ zero_extendqisi2
 153 0026 9A42     		cmp	r2, r3
 154 0028 08D0     		beq	.L5
 158:.\Application.c ****     {
 159:.\Application.c ****         prevReport = playlistControlReport;
 155              		.loc 1 159 0 is_stmt 1
 156 002a 064B     		ldr	r3, .L7+4
 157 002c 1A78     		ldrb	r2, [r3]	@ zero_extendqisi2
 158 002e 044B     		ldr	r3, .L7
 159 0030 1A70     		strb	r2, [r3]
 160:.\Application.c ****         USBFS_LoadInEP(MAC_PC_HID_CONTROL_ENDPOINT, USBFS_NULL, sizeof(playlistControlReport));
 160              		.loc 1 160 0
 161 0032 0420     		movs	r0, #4
 162 0034 0021     		movs	r1, #0
 163 0036 0122     		movs	r2, #1
 164 0038 FFF7FEFF 		bl	USBFS_LoadInEP
 165              	.L5:
 161:.\Application.c ****     }
 162:.\Application.c **** 	
 163:.\Application.c **** }
 166              		.loc 1 163 0
 167 003c 80BD     		pop	{r7, pc}
 168              	.L8:
 169 003e 00BF     		.align	2
 170              	.L7:
 171 0040 00000000 		.word	prevReport
 172 0044 00000000 		.word	playlistControlReport
 173              		.cfi_endproc
 174              	.LFE58:
 175              		.size	HandleUserInputs, .-HandleUserInputs
 176              		.section	.text.CheckPlayPauseButton,"ax",%progbits
 177              		.align	2
 178              		.thumb
 179              		.thumb_func
ARM GAS  C:\USERS\LUKAS\APPDATA\LOCAL\TEMP\ccW9Hcxt.s 			page 7


 180              		.type	CheckPlayPauseButton, %function
 181              	CheckPlayPauseButton:
 182              	.LFB59:
 164:.\Application.c **** 
 165:.\Application.c **** /*******************************************************************************
 166:.\Application.c **** * Function Name: CheckPlayPauseButton
 167:.\Application.c **** ********************************************************************************
 168:.\Application.c **** * Summary: Check whether Play/Pause button is pressed and take necessary action
 169:.\Application.c **** *
 170:.\Application.c **** * Parameters:
 171:.\Application.c **** *  void
 172:.\Application.c **** *
 173:.\Application.c **** * Return:
 174:.\Application.c **** *  void
 175:.\Application.c **** *
 176:.\Application.c **** *******************************************************************************/
 177:.\Application.c **** static void CheckPlayPauseButton(void)
 178:.\Application.c **** {   
 183              		.loc 1 178 0
 184              		.cfi_startproc
 185              		@ args = 0, pretend = 0, frame = 0
 186              		@ frame_needed = 1, uses_anonymous_args = 0
 187 0000 80B5     		push	{r7, lr}
 188              		.cfi_def_cfa_offset 8
 189              		.cfi_offset 7, -8
 190              		.cfi_offset 14, -4
 191 0002 00AF     		add	r7, sp, #0
 192              		.cfi_def_cfa_register 7
 179:.\Application.c ****     /* Check if PSOC_SW is pressed */
 180:.\Application.c ****    
 181:.\Application.c **** 	if(PSOC_SW_Read() == FALSE)
 193              		.loc 1 181 0
 194 0004 FFF7FEFF 		bl	PSOC_SW_Read
 195 0008 0346     		mov	r3, r0
 196 000a 002B     		cmp	r3, #0
 197 000c 22D1     		bne	.L10
 182:.\Application.c ****     {
 183:.\Application.c ****      	/* Register the button press for the first time and check if button debouncing is completed *
 184:.\Application.c **** 		if(!(buttonStatus & PLAY_PAUSE_MASK)) 
 198              		.loc 1 184 0
 199 000e 1C4B     		ldr	r3, .L14
 200 0010 1B78     		ldrb	r3, [r3]	@ zero_extendqisi2
 201 0012 03F00403 		and	r3, r3, #4
 202 0016 002B     		cmp	r3, #0
 203 0018 0AD1     		bne	.L11
 185:.\Application.c ****         {
 186:.\Application.c ****             buttonStatus = buttonStatus | PLAY_PAUSE_MASK; /* register button press event */
 204              		.loc 1 186 0
 205 001a 194B     		ldr	r3, .L14
 206 001c 1B78     		ldrb	r3, [r3]	@ zero_extendqisi2
 207 001e 43F00403 		orr	r3, r3, #4
 208 0022 DAB2     		uxtb	r2, r3
 209 0024 164B     		ldr	r3, .L14
 210 0026 1A70     		strb	r2, [r3]
 187:.\Application.c ****             switchDebounceTimer = SWITCH_DEBOUNCE_DELAY;
 211              		.loc 1 187 0
 212 0028 164B     		ldr	r3, .L14+4
ARM GAS  C:\USERS\LUKAS\APPDATA\LOCAL\TEMP\ccW9Hcxt.s 			page 8


 213 002a 0422     		movs	r2, #4
 214 002c 1A70     		strb	r2, [r3]
 215 002e 25E0     		b	.L9
 216              	.L11:
 188:.\Application.c **** 		}
 189:.\Application.c **** 		/* If the button status is pressed and switch debounce is complete update the PlaylistControlRepo
 190:.\Application.c ****         else if ((buttonStatus & PLAY_PAUSE_MASK) && (switchDebounceTimer == 0))
 217              		.loc 1 190 0
 218 0030 134B     		ldr	r3, .L14
 219 0032 1B78     		ldrb	r3, [r3]	@ zero_extendqisi2
 220 0034 03F00403 		and	r3, r3, #4
 221 0038 002B     		cmp	r3, #0
 222 003a 1FD0     		beq	.L9
 223              		.loc 1 190 0 is_stmt 0 discriminator 1
 224 003c 114B     		ldr	r3, .L14+4
 225 003e 1B78     		ldrb	r3, [r3]	@ zero_extendqisi2
 226 0040 002B     		cmp	r3, #0
 227 0042 1BD1     		bne	.L9
 191:.\Application.c **** 		{
 192:.\Application.c **** 			playlistControlReport = playlistControlReport | MAC_PC_PLAY_PAUSE_MASK;
 228              		.loc 1 192 0 is_stmt 1
 229 0044 104B     		ldr	r3, .L14+8
 230 0046 1B78     		ldrb	r3, [r3]	@ zero_extendqisi2
 231 0048 43F00103 		orr	r3, r3, #1
 232 004c DAB2     		uxtb	r2, r3
 233 004e 0E4B     		ldr	r3, .L14+8
 234 0050 1A70     		strb	r2, [r3]
 235 0052 13E0     		b	.L9
 236              	.L10:
 193:.\Application.c **** 		}
 194:.\Application.c ****     	
 195:.\Application.c ****     }
 196:.\Application.c **** 	/* If the button is released, clear the button status and update the button release status in Play
 197:.\Application.c ****     else 
 198:.\Application.c **** 	{
 199:.\Application.c **** 		if((buttonStatus & PLAY_PAUSE_MASK))
 237              		.loc 1 199 0
 238 0054 0A4B     		ldr	r3, .L14
 239 0056 1B78     		ldrb	r3, [r3]	@ zero_extendqisi2
 240 0058 03F00403 		and	r3, r3, #4
 241 005c 002B     		cmp	r3, #0
 242 005e 0DD0     		beq	.L9
 200:.\Application.c **** 	    {
 201:.\Application.c **** 	        buttonStatus = buttonStatus & (~PLAY_PAUSE_MASK);
 243              		.loc 1 201 0
 244 0060 074B     		ldr	r3, .L14
 245 0062 1B78     		ldrb	r3, [r3]	@ zero_extendqisi2
 246 0064 23F00403 		bic	r3, r3, #4
 247 0068 DAB2     		uxtb	r2, r3
 248 006a 054B     		ldr	r3, .L14
 249 006c 1A70     		strb	r2, [r3]
 202:.\Application.c **** 	        playlistControlReport = playlistControlReport & (~MAC_PC_PLAY_PAUSE_MASK);
 250              		.loc 1 202 0
 251 006e 064B     		ldr	r3, .L14+8
 252 0070 1B78     		ldrb	r3, [r3]	@ zero_extendqisi2
 253 0072 23F00103 		bic	r3, r3, #1
 254 0076 DAB2     		uxtb	r2, r3
ARM GAS  C:\USERS\LUKAS\APPDATA\LOCAL\TEMP\ccW9Hcxt.s 			page 9


 255 0078 034B     		ldr	r3, .L14+8
 256 007a 1A70     		strb	r2, [r3]
 257              	.L9:
 203:.\Application.c **** 	    }
 204:.\Application.c **** 	}
 205:.\Application.c **** }
 258              		.loc 1 205 0
 259 007c 80BD     		pop	{r7, pc}
 260              	.L15:
 261 007e 00BF     		.align	2
 262              	.L14:
 263 0080 00000000 		.word	buttonStatus
 264 0084 00000000 		.word	switchDebounceTimer
 265 0088 00000000 		.word	playlistControlReport
 266              		.cfi_endproc
 267              	.LFE59:
 268              		.size	CheckPlayPauseButton, .-CheckPlayPauseButton
 269              		.text
 270              	.Letext0:
 271              		.file 2 "c:\\program files (x86)\\cypress\\psoc creator\\3.3\\psoc creator\\import\\gnu\\arm\\4.9.
 272              		.file 3 "c:\\program files (x86)\\cypress\\psoc creator\\3.3\\psoc creator\\import\\gnu\\arm\\4.9.
 273              		.file 4 "Generated_Source\\PSoC5/cytypes.h"
 274              		.file 5 "Generated_Source\\PSoC5/core_cm3.h"
 275              		.section	.debug_info,"",%progbits
 276              	.Ldebug_info0:
 277 0000 6B010000 		.4byte	0x16b
 278 0004 0400     		.2byte	0x4
 279 0006 00000000 		.4byte	.Ldebug_abbrev0
 280 000a 04       		.byte	0x4
 281 000b 01       		.uleb128 0x1
 282 000c 6F000000 		.4byte	.LASF28
 283 0010 01       		.byte	0x1
 284 0011 CB010000 		.4byte	.LASF29
 285 0015 00000000 		.4byte	.LASF30
 286 0019 00000000 		.4byte	.Ldebug_ranges0+0
 287 001d 00000000 		.4byte	0
 288 0021 00000000 		.4byte	.Ldebug_line0
 289 0025 02       		.uleb128 0x2
 290 0026 01       		.byte	0x1
 291 0027 06       		.byte	0x6
 292 0028 42020000 		.4byte	.LASF0
 293 002c 02       		.uleb128 0x2
 294 002d 01       		.byte	0x1
 295 002e 08       		.byte	0x8
 296 002f 0E010000 		.4byte	.LASF1
 297 0033 02       		.uleb128 0x2
 298 0034 02       		.byte	0x2
 299 0035 05       		.byte	0x5
 300 0036 18020000 		.4byte	.LASF2
 301 003a 02       		.uleb128 0x2
 302 003b 02       		.byte	0x2
 303 003c 07       		.byte	0x7
 304 003d 2E010000 		.4byte	.LASF3
 305 0041 03       		.uleb128 0x3
 306 0042 65000000 		.4byte	.LASF9
 307 0046 02       		.byte	0x2
 308 0047 3F       		.byte	0x3f
ARM GAS  C:\USERS\LUKAS\APPDATA\LOCAL\TEMP\ccW9Hcxt.s 			page 10


 309 0048 4C000000 		.4byte	0x4c
 310 004c 02       		.uleb128 0x2
 311 004d 04       		.byte	0x4
 312 004e 05       		.byte	0x5
 313 004f 28020000 		.4byte	.LASF4
 314 0053 02       		.uleb128 0x2
 315 0054 04       		.byte	0x4
 316 0055 07       		.byte	0x7
 317 0056 1C010000 		.4byte	.LASF5
 318 005a 02       		.uleb128 0x2
 319 005b 08       		.byte	0x8
 320 005c 05       		.byte	0x5
 321 005d E4010000 		.4byte	.LASF6
 322 0061 02       		.uleb128 0x2
 323 0062 08       		.byte	0x8
 324 0063 07       		.byte	0x7
 325 0064 98010000 		.4byte	.LASF7
 326 0068 04       		.uleb128 0x4
 327 0069 04       		.byte	0x4
 328 006a 05       		.byte	0x5
 329 006b 696E7400 		.ascii	"int\000"
 330 006f 02       		.uleb128 0x2
 331 0070 04       		.byte	0x4
 332 0071 07       		.byte	0x7
 333 0072 8B010000 		.4byte	.LASF8
 334 0076 03       		.uleb128 0x3
 335 0077 C3010000 		.4byte	.LASF10
 336 007b 03       		.byte	0x3
 337 007c 2C       		.byte	0x2c
 338 007d 41000000 		.4byte	0x41
 339 0081 03       		.uleb128 0x3
 340 0082 22020000 		.4byte	.LASF11
 341 0086 04       		.byte	0x4
 342 0087 5B       		.byte	0x5b
 343 0088 2C000000 		.4byte	0x2c
 344 008c 03       		.uleb128 0x3
 345 008d 84010000 		.4byte	.LASF12
 346 0091 04       		.byte	0x4
 347 0092 5D       		.byte	0x5d
 348 0093 53000000 		.4byte	0x53
 349 0097 02       		.uleb128 0x2
 350 0098 04       		.byte	0x4
 351 0099 04       		.byte	0x4
 352 009a 08010000 		.4byte	.LASF13
 353 009e 02       		.uleb128 0x2
 354 009f 08       		.byte	0x8
 355 00a0 04       		.byte	0x4
 356 00a1 4E010000 		.4byte	.LASF14
 357 00a5 02       		.uleb128 0x2
 358 00a6 01       		.byte	0x1
 359 00a7 08       		.byte	0x8
 360 00a8 F2010000 		.4byte	.LASF15
 361 00ac 02       		.uleb128 0x2
 362 00ad 04       		.byte	0x4
 363 00ae 07       		.byte	0x7
 364 00af DB010000 		.4byte	.LASF16
 365 00b3 05       		.uleb128 0x5
ARM GAS  C:\USERS\LUKAS\APPDATA\LOCAL\TEMP\ccW9Hcxt.s 			page 11


 366 00b4 63020000 		.4byte	.LASF17
 367 00b8 01       		.byte	0x1
 368 00b9 54       		.byte	0x54
 369 00ba 00000000 		.4byte	.LFB56
 370 00be 24000000 		.4byte	.LFE56-.LFB56
 371 00c2 01       		.uleb128 0x1
 372 00c3 9C       		.byte	0x9c
 373 00c4 05       		.uleb128 0x5
 374 00c5 55010000 		.4byte	.LASF18
 375 00c9 01       		.byte	0x1
 376 00ca 7D       		.byte	0x7d
 377 00cb 00000000 		.4byte	.LFB57
 378 00cf 0E000000 		.4byte	.LFE57-.LFB57
 379 00d3 01       		.uleb128 0x1
 380 00d4 9C       		.byte	0x9c
 381 00d5 06       		.uleb128 0x6
 382 00d6 31020000 		.4byte	.LASF19
 383 00da 01       		.byte	0x1
 384 00db 99       		.byte	0x99
 385 00dc 00000000 		.4byte	.LFB58
 386 00e0 48000000 		.4byte	.LFE58-.LFB58
 387 00e4 01       		.uleb128 0x1
 388 00e5 9C       		.byte	0x9c
 389 00e6 06       		.uleb128 0x6
 390 00e7 4E020000 		.4byte	.LASF20
 391 00eb 01       		.byte	0x1
 392 00ec B1       		.byte	0xb1
 393 00ed 00000000 		.4byte	.LFB59
 394 00f1 8C000000 		.4byte	.LFE59-.LFB59
 395 00f5 01       		.uleb128 0x1
 396 00f6 9C       		.byte	0x9c
 397 00f7 07       		.uleb128 0x7
 398 00f8 41010000 		.4byte	.LASF21
 399 00fc 05       		.byte	0x5
 400 00fd 1606     		.2byte	0x616
 401 00ff 03010000 		.4byte	0x103
 402 0103 08       		.uleb128 0x8
 403 0104 76000000 		.4byte	0x76
 404 0108 09       		.uleb128 0x9
 405 0109 58000000 		.4byte	.LASF22
 406 010d 01       		.byte	0x1
 407 010e 3C       		.byte	0x3c
 408 010f 81000000 		.4byte	0x81
 409 0113 05       		.uleb128 0x5
 410 0114 03       		.byte	0x3
 411 0115 00000000 		.4byte	buttonStatus
 412 0119 09       		.uleb128 0x9
 413 011a 0D020000 		.4byte	.LASF23
 414 011e 01       		.byte	0x1
 415 011f 3D       		.byte	0x3d
 416 0120 8C000000 		.4byte	0x8c
 417 0124 05       		.uleb128 0x5
 418 0125 03       		.byte	0x3
 419 0126 00000000 		.4byte	buttonMask
 420 012a 09       		.uleb128 0x9
 421 012b AF010000 		.4byte	.LASF24
 422 012f 01       		.byte	0x1
ARM GAS  C:\USERS\LUKAS\APPDATA\LOCAL\TEMP\ccW9Hcxt.s 			page 12


 423 0130 3E       		.byte	0x3e
 424 0131 81000000 		.4byte	0x81
 425 0135 05       		.uleb128 0x5
 426 0136 03       		.byte	0x3
 427 0137 00000000 		.4byte	applicationInitiate
 428 013b 09       		.uleb128 0x9
 429 013c F7010000 		.4byte	.LASF25
 430 0140 01       		.byte	0x1
 431 0141 3F       		.byte	0x3f
 432 0142 81000000 		.4byte	0x81
 433 0146 05       		.uleb128 0x5
 434 0147 03       		.byte	0x3
 435 0148 00000000 		.4byte	playlistControlReport
 436 014c 09       		.uleb128 0x9
 437 014d FD000000 		.4byte	.LASF26
 438 0151 01       		.byte	0x1
 439 0152 40       		.byte	0x40
 440 0153 81000000 		.4byte	0x81
 441 0157 05       		.uleb128 0x5
 442 0158 03       		.byte	0x3
 443 0159 00000000 		.4byte	prevReport
 444 015d 09       		.uleb128 0x9
 445 015e 70010000 		.4byte	.LASF27
 446 0162 01       		.byte	0x1
 447 0163 43       		.byte	0x43
 448 0164 81000000 		.4byte	0x81
 449 0168 05       		.uleb128 0x5
 450 0169 03       		.byte	0x3
 451 016a 00000000 		.4byte	switchDebounceTimer
 452 016e 00       		.byte	0
 453              		.section	.debug_abbrev,"",%progbits
 454              	.Ldebug_abbrev0:
 455 0000 01       		.uleb128 0x1
 456 0001 11       		.uleb128 0x11
 457 0002 01       		.byte	0x1
 458 0003 25       		.uleb128 0x25
 459 0004 0E       		.uleb128 0xe
 460 0005 13       		.uleb128 0x13
 461 0006 0B       		.uleb128 0xb
 462 0007 03       		.uleb128 0x3
 463 0008 0E       		.uleb128 0xe
 464 0009 1B       		.uleb128 0x1b
 465 000a 0E       		.uleb128 0xe
 466 000b 55       		.uleb128 0x55
 467 000c 17       		.uleb128 0x17
 468 000d 11       		.uleb128 0x11
 469 000e 01       		.uleb128 0x1
 470 000f 10       		.uleb128 0x10
 471 0010 17       		.uleb128 0x17
 472 0011 00       		.byte	0
 473 0012 00       		.byte	0
 474 0013 02       		.uleb128 0x2
 475 0014 24       		.uleb128 0x24
 476 0015 00       		.byte	0
 477 0016 0B       		.uleb128 0xb
 478 0017 0B       		.uleb128 0xb
 479 0018 3E       		.uleb128 0x3e
ARM GAS  C:\USERS\LUKAS\APPDATA\LOCAL\TEMP\ccW9Hcxt.s 			page 13


 480 0019 0B       		.uleb128 0xb
 481 001a 03       		.uleb128 0x3
 482 001b 0E       		.uleb128 0xe
 483 001c 00       		.byte	0
 484 001d 00       		.byte	0
 485 001e 03       		.uleb128 0x3
 486 001f 16       		.uleb128 0x16
 487 0020 00       		.byte	0
 488 0021 03       		.uleb128 0x3
 489 0022 0E       		.uleb128 0xe
 490 0023 3A       		.uleb128 0x3a
 491 0024 0B       		.uleb128 0xb
 492 0025 3B       		.uleb128 0x3b
 493 0026 0B       		.uleb128 0xb
 494 0027 49       		.uleb128 0x49
 495 0028 13       		.uleb128 0x13
 496 0029 00       		.byte	0
 497 002a 00       		.byte	0
 498 002b 04       		.uleb128 0x4
 499 002c 24       		.uleb128 0x24
 500 002d 00       		.byte	0
 501 002e 0B       		.uleb128 0xb
 502 002f 0B       		.uleb128 0xb
 503 0030 3E       		.uleb128 0x3e
 504 0031 0B       		.uleb128 0xb
 505 0032 03       		.uleb128 0x3
 506 0033 08       		.uleb128 0x8
 507 0034 00       		.byte	0
 508 0035 00       		.byte	0
 509 0036 05       		.uleb128 0x5
 510 0037 2E       		.uleb128 0x2e
 511 0038 00       		.byte	0
 512 0039 3F       		.uleb128 0x3f
 513 003a 19       		.uleb128 0x19
 514 003b 03       		.uleb128 0x3
 515 003c 0E       		.uleb128 0xe
 516 003d 3A       		.uleb128 0x3a
 517 003e 0B       		.uleb128 0xb
 518 003f 3B       		.uleb128 0x3b
 519 0040 0B       		.uleb128 0xb
 520 0041 27       		.uleb128 0x27
 521 0042 19       		.uleb128 0x19
 522 0043 11       		.uleb128 0x11
 523 0044 01       		.uleb128 0x1
 524 0045 12       		.uleb128 0x12
 525 0046 06       		.uleb128 0x6
 526 0047 40       		.uleb128 0x40
 527 0048 18       		.uleb128 0x18
 528 0049 9642     		.uleb128 0x2116
 529 004b 19       		.uleb128 0x19
 530 004c 00       		.byte	0
 531 004d 00       		.byte	0
 532 004e 06       		.uleb128 0x6
 533 004f 2E       		.uleb128 0x2e
 534 0050 00       		.byte	0
 535 0051 03       		.uleb128 0x3
 536 0052 0E       		.uleb128 0xe
ARM GAS  C:\USERS\LUKAS\APPDATA\LOCAL\TEMP\ccW9Hcxt.s 			page 14


 537 0053 3A       		.uleb128 0x3a
 538 0054 0B       		.uleb128 0xb
 539 0055 3B       		.uleb128 0x3b
 540 0056 0B       		.uleb128 0xb
 541 0057 27       		.uleb128 0x27
 542 0058 19       		.uleb128 0x19
 543 0059 11       		.uleb128 0x11
 544 005a 01       		.uleb128 0x1
 545 005b 12       		.uleb128 0x12
 546 005c 06       		.uleb128 0x6
 547 005d 40       		.uleb128 0x40
 548 005e 18       		.uleb128 0x18
 549 005f 9642     		.uleb128 0x2116
 550 0061 19       		.uleb128 0x19
 551 0062 00       		.byte	0
 552 0063 00       		.byte	0
 553 0064 07       		.uleb128 0x7
 554 0065 34       		.uleb128 0x34
 555 0066 00       		.byte	0
 556 0067 03       		.uleb128 0x3
 557 0068 0E       		.uleb128 0xe
 558 0069 3A       		.uleb128 0x3a
 559 006a 0B       		.uleb128 0xb
 560 006b 3B       		.uleb128 0x3b
 561 006c 05       		.uleb128 0x5
 562 006d 49       		.uleb128 0x49
 563 006e 13       		.uleb128 0x13
 564 006f 3F       		.uleb128 0x3f
 565 0070 19       		.uleb128 0x19
 566 0071 3C       		.uleb128 0x3c
 567 0072 19       		.uleb128 0x19
 568 0073 00       		.byte	0
 569 0074 00       		.byte	0
 570 0075 08       		.uleb128 0x8
 571 0076 35       		.uleb128 0x35
 572 0077 00       		.byte	0
 573 0078 49       		.uleb128 0x49
 574 0079 13       		.uleb128 0x13
 575 007a 00       		.byte	0
 576 007b 00       		.byte	0
 577 007c 09       		.uleb128 0x9
 578 007d 34       		.uleb128 0x34
 579 007e 00       		.byte	0
 580 007f 03       		.uleb128 0x3
 581 0080 0E       		.uleb128 0xe
 582 0081 3A       		.uleb128 0x3a
 583 0082 0B       		.uleb128 0xb
 584 0083 3B       		.uleb128 0x3b
 585 0084 0B       		.uleb128 0xb
 586 0085 49       		.uleb128 0x49
 587 0086 13       		.uleb128 0x13
 588 0087 3F       		.uleb128 0x3f
 589 0088 19       		.uleb128 0x19
 590 0089 02       		.uleb128 0x2
 591 008a 18       		.uleb128 0x18
 592 008b 00       		.byte	0
 593 008c 00       		.byte	0
ARM GAS  C:\USERS\LUKAS\APPDATA\LOCAL\TEMP\ccW9Hcxt.s 			page 15


 594 008d 00       		.byte	0
 595              		.section	.debug_aranges,"",%progbits
 596 0000 34000000 		.4byte	0x34
 597 0004 0200     		.2byte	0x2
 598 0006 00000000 		.4byte	.Ldebug_info0
 599 000a 04       		.byte	0x4
 600 000b 00       		.byte	0
 601 000c 0000     		.2byte	0
 602 000e 0000     		.2byte	0
 603 0010 00000000 		.4byte	.LFB56
 604 0014 24000000 		.4byte	.LFE56-.LFB56
 605 0018 00000000 		.4byte	.LFB57
 606 001c 0E000000 		.4byte	.LFE57-.LFB57
 607 0020 00000000 		.4byte	.LFB58
 608 0024 48000000 		.4byte	.LFE58-.LFB58
 609 0028 00000000 		.4byte	.LFB59
 610 002c 8C000000 		.4byte	.LFE59-.LFB59
 611 0030 00000000 		.4byte	0
 612 0034 00000000 		.4byte	0
 613              		.section	.debug_ranges,"",%progbits
 614              	.Ldebug_ranges0:
 615 0000 00000000 		.4byte	.LFB56
 616 0004 24000000 		.4byte	.LFE56
 617 0008 00000000 		.4byte	.LFB57
 618 000c 0E000000 		.4byte	.LFE57
 619 0010 00000000 		.4byte	.LFB58
 620 0014 48000000 		.4byte	.LFE58
 621 0018 00000000 		.4byte	.LFB59
 622 001c 8C000000 		.4byte	.LFE59
 623 0020 00000000 		.4byte	0
 624 0024 00000000 		.4byte	0
 625              		.section	.debug_line,"",%progbits
 626              	.Ldebug_line0:
 627 0000 C1010000 		.section	.debug_str,"MS",%progbits,1
 627      02005001 
 627      00000201 
 627      FB0E0D00 
 627      01010101 
 628              	.LASF30:
 629 0000 433A5C55 		.ascii	"C:\\Users\\lukas\\Desktop\\PioneerKit_P5LP_USB_Audi"
 629      73657273 
 629      5C6C756B 
 629      61735C44 
 629      65736B74 
 630 002f 6F2D6D61 		.ascii	"o-master\\PioneerKit_P5LP_USB_Audio.cydsn\000"
 630      73746572 
 630      5C50696F 
 630      6E656572 
 630      4B69745F 
 631              	.LASF22:
 632 0058 62757474 		.ascii	"buttonStatus\000"
 632      6F6E5374 
 632      61747573 
 632      00
 633              	.LASF9:
 634 0065 5F5F696E 		.ascii	"__int32_t\000"
 634      7433325F 
ARM GAS  C:\USERS\LUKAS\APPDATA\LOCAL\TEMP\ccW9Hcxt.s 			page 16


 634      7400
 635              	.LASF28:
 636 006f 474E5520 		.ascii	"GNU C 4.9.3 20150303 (release) [ARM/embedded-4_9-br"
 636      4320342E 
 636      392E3320 
 636      32303135 
 636      30333033 
 637 00a2 616E6368 		.ascii	"anch revision 221220] -mcpu=cortex-m3 -mthumb -g -O"
 637      20726576 
 637      6973696F 
 637      6E203232 
 637      31323230 
 638 00d5 30202D66 		.ascii	"0 -ffunction-sections -ffat-lto-objects\000"
 638      66756E63 
 638      74696F6E 
 638      2D736563 
 638      74696F6E 
 639              	.LASF26:
 640 00fd 70726576 		.ascii	"prevReport\000"
 640      5265706F 
 640      727400
 641              	.LASF13:
 642 0108 666C6F61 		.ascii	"float\000"
 642      7400
 643              	.LASF1:
 644 010e 756E7369 		.ascii	"unsigned char\000"
 644      676E6564 
 644      20636861 
 644      7200
 645              	.LASF5:
 646 011c 6C6F6E67 		.ascii	"long unsigned int\000"
 646      20756E73 
 646      69676E65 
 646      6420696E 
 646      7400
 647              	.LASF3:
 648 012e 73686F72 		.ascii	"short unsigned int\000"
 648      7420756E 
 648      7369676E 
 648      65642069 
 648      6E7400
 649              	.LASF21:
 650 0141 49544D5F 		.ascii	"ITM_RxBuffer\000"
 650      52784275 
 650      66666572 
 650      00
 651              	.LASF14:
 652 014e 646F7562 		.ascii	"double\000"
 652      6C6500
 653              	.LASF18:
 654 0155 48616E64 		.ascii	"HandleApplicationInterface\000"
 654      6C654170 
 654      706C6963 
 654      6174696F 
 654      6E496E74 
 655              	.LASF27:
 656 0170 73776974 		.ascii	"switchDebounceTimer\000"
ARM GAS  C:\USERS\LUKAS\APPDATA\LOCAL\TEMP\ccW9Hcxt.s 			page 17


 656      63684465 
 656      626F756E 
 656      63655469 
 656      6D657200 
 657              	.LASF12:
 658 0184 75696E74 		.ascii	"uint32\000"
 658      333200
 659              	.LASF8:
 660 018b 756E7369 		.ascii	"unsigned int\000"
 660      676E6564 
 660      20696E74 
 660      00
 661              	.LASF7:
 662 0198 6C6F6E67 		.ascii	"long long unsigned int\000"
 662      206C6F6E 
 662      6720756E 
 662      7369676E 
 662      65642069 
 663              	.LASF24:
 664 01af 6170706C 		.ascii	"applicationInitiate\000"
 664      69636174 
 664      696F6E49 
 664      6E697469 
 664      61746500 
 665              	.LASF10:
 666 01c3 696E7433 		.ascii	"int32_t\000"
 666      325F7400 
 667              	.LASF29:
 668 01cb 2E5C4170 		.ascii	".\\Application.c\000"
 668      706C6963 
 668      6174696F 
 668      6E2E6300 
 669              	.LASF16:
 670 01db 73697A65 		.ascii	"sizetype\000"
 670      74797065 
 670      00
 671              	.LASF6:
 672 01e4 6C6F6E67 		.ascii	"long long int\000"
 672      206C6F6E 
 672      6720696E 
 672      7400
 673              	.LASF15:
 674 01f2 63686172 		.ascii	"char\000"
 674      00
 675              	.LASF25:
 676 01f7 706C6179 		.ascii	"playlistControlReport\000"
 676      6C697374 
 676      436F6E74 
 676      726F6C52 
 676      65706F72 
 677              	.LASF23:
 678 020d 62757474 		.ascii	"buttonMask\000"
 678      6F6E4D61 
 678      736B00
 679              	.LASF2:
 680 0218 73686F72 		.ascii	"short int\000"
 680      7420696E 
ARM GAS  C:\USERS\LUKAS\APPDATA\LOCAL\TEMP\ccW9Hcxt.s 			page 18


 680      7400
 681              	.LASF11:
 682 0222 75696E74 		.ascii	"uint8\000"
 682      3800
 683              	.LASF4:
 684 0228 6C6F6E67 		.ascii	"long int\000"
 684      20696E74 
 684      00
 685              	.LASF19:
 686 0231 48616E64 		.ascii	"HandleUserInputs\000"
 686      6C655573 
 686      6572496E 
 686      70757473 
 686      00
 687              	.LASF0:
 688 0242 7369676E 		.ascii	"signed char\000"
 688      65642063 
 688      68617200 
 689              	.LASF20:
 690 024e 43686563 		.ascii	"CheckPlayPauseButton\000"
 690      6B506C61 
 690      79506175 
 690      73654275 
 690      74746F6E 
 691              	.LASF17:
 692 0263 436F6E66 		.ascii	"ConfigureApplication\000"
 692      69677572 
 692      65417070 
 692      6C696361 
 692      74696F6E 
 693              		.ident	"GCC: (GNU Tools for ARM Embedded Processors) 4.9.3 20150303 (release) [ARM/embedded-4_9-br
