--------------- Build Started: 12/18/2017 12:29:25 Project: PioneerKit_P5LP_USB_Audio, Configuration: ARM GCC 4.9-2015-q1-update Debug ---------------
The code generation step is up to date.
arm-none-eabi-gcc.exe -mcpu=cortex-m3 -mthumb -Wno-main -I. -IGenerated_Source\PSoC5 -Wa,-alh=.\ARM_GCC_493\Debug/Timer.lst -g -Wall -ffunction-sections -O0 -ffat-lto-objects -c .\Timer.c -o .\ARM_GCC_493\Debug\Timer.o
arm-none-eabi-gcc.exe -mcpu=cortex-m3 -mthumb -Wno-main -I. -IGenerated_Source\PSoC5 -Wa,-alh=.\ARM_GCC_493\Debug/USBInterface.lst -g -Wall -ffunction-sections -O0 -ffat-lto-objects -c .\USBInterface.c -o .\ARM_GCC_493\Debug\USBInterface.o
arm-none-eabi-gcc.exe -mcpu=cortex-m3 -mthumb -Wno-main -I. -IGenerated_Source\PSoC5 -Wa,-alh=.\ARM_GCC_493\Debug/VolumeControl.lst -g -Wall -ffunction-sections -O0 -ffat-lto-objects -c .\VolumeControl.c -o .\ARM_GCC_493\Debug\VolumeControl.o
arm-none-eabi-gcc.exe -mcpu=cortex-m3 -mthumb -Wno-main -I. -IGenerated_Source\PSoC5 -Wa,-alh=.\ARM_GCC_493\Debug/Application.lst -g -Wall -ffunction-sections -O0 -ffat-lto-objects -c .\Application.c -o .\ARM_GCC_493\Debug\Application.o
arm-none-eabi-gcc.exe -mcpu=cortex-m3 -mthumb -Wno-main -I. -IGenerated_Source\PSoC5 -Wa,-alh=.\ARM_GCC_493\Debug/AudioControl.lst -g -Wall -ffunction-sections -O0 -ffat-lto-objects -c .\AudioControl.c -o .\ARM_GCC_493\Debug\AudioControl.o
arm-none-eabi-gcc.exe -mcpu=cortex-m3 -mthumb -Wno-main -I. -IGenerated_Source\PSoC5 -Wa,-alh=.\ARM_GCC_493\Debug/Codec.lst -g -Wall -ffunction-sections -O0 -ffat-lto-objects -c .\Codec.c -o .\ARM_GCC_493\Debug\Codec.o
arm-none-eabi-gcc.exe -mcpu=cortex-m3 -mthumb -Wno-main -I. -IGenerated_Source\PSoC5 -Wa,-alh=.\ARM_GCC_493\Debug/Interrupts.lst -g -Wall -ffunction-sections -O0 -ffat-lto-objects -c .\Interrupts.c -o .\ARM_GCC_493\Debug\Interrupts.o
.\Interrupts.c: In function 'cicOverflow_Interrupt':
.\Interrupts.c:218:8: warning: variable 'cic_overflow_status' set but not used [-Wunused-but-set-variable]
  uint8 cic_overflow_status; 
        ^
arm-none-eabi-gcc.exe -mcpu=cortex-m3 -mthumb -Wno-main -I. -IGenerated_Source\PSoC5 -Wa,-alh=.\ARM_GCC_493\Debug/main.lst -g -Wall -ffunction-sections -O0 -ffat-lto-objects -c .\main.c -o .\ARM_GCC_493\Debug\main.o
arm-none-eabi-gcc.exe -mcpu=cortex-m3 -mthumb -Wno-main -I. -IGenerated_Source\PSoC5 -Wa,-alh=.\ARM_GCC_493\Debug/USBFS_audio.lst -g -Wall -ffunction-sections -O0 -ffat-lto-objects -c .\Generated_Source\PSoC5\USBFS_audio.c -o .\ARM_GCC_493\Debug\USBFS_audio.o
arm-none-eabi-gcc.exe -mcpu=cortex-m3 -mthumb -Wno-main -I. -IGenerated_Source\PSoC5 -Wa,-alh=.\ARM_GCC_493\Debug/USBFS_episr.lst -g -Wall -ffunction-sections -O0 -ffat-lto-objects -c .\Generated_Source\PSoC5\USBFS_episr.c -o .\ARM_GCC_493\Debug\USBFS_episr.o
arm-none-eabi-ar.exe -rs .\ARM_GCC_493\Debug\PioneerKit_P5LP_USB_Audio.a .\ARM_GCC_493\Debug\cyfitter_cfg.o .\ARM_GCC_493\Debug\PSOC_I2S_SCLK.o .\ARM_GCC_493\Debug\I2S.o .\ARM_GCC_493\Debug\I2S_PM.o .\ARM_GCC_493\Debug\AudioClkGen.o .\ARM_GCC_493\Debug\AudioClkGen_Ref.o .\ARM_GCC_493\Debug\PSOC_CODEC_RST.o .\ARM_GCC_493\Debug\TxDMA_dma.o .\ARM_GCC_493\Debug\isr_TxDMADone.o .\ARM_GCC_493\Debug\PSOC_I2S_SDTO.o .\ARM_GCC_493\Debug\isr_InDMADone.o .\ARM_GCC_493\Debug\USBInDMA_dma.o .\ARM_GCC_493\Debug\PSOC_I2S_MCLK.o .\ARM_GCC_493\Debug\USBOutDMA_dma.o .\ARM_GCC_493\Debug\PSOC_SW.o .\ARM_GCC_493\Debug\SystemTickTimer.o .\ARM_GCC_493\Debug\isr_Tick.o .\ARM_GCC_493\Debug\I2C_Master.o .\ARM_GCC_493\Debug\I2C_Master_BOOT.o .\ARM_GCC_493\Debug\I2C_Master_INT.o .\ARM_GCC_493\Debug\I2C_Master_PM.o .\ARM_GCC_493\Debug\I2C_Master_SLAVE.o .\ARM_GCC_493\Debug\I2C_Master_MASTER.o .\ARM_GCC_493\Debug\PSOC_I2S_LRCLK.o .\ARM_GCC_493\Debug\I2S_Tx_DMA_dma.o .\ARM_GCC_493\Debug\ByteSwap_Tx.o .\ARM_GCC_493\Debug\Clock_CIC.o .\ARM_GCC_493\Debug\CICOut_L_dma.o .\ARM_GCC_493\Debug\CICOut_R_dma.o .\ARM_GCC_493\Debug\Droop_Filter.o .\ARM_GCC_493\Debug\Droop_Filter_PM.o .\ARM_GCC_493\Debug\Droop_Filter_RAM_Data.o .\ARM_GCC_493\Debug\RxDMA_dma.o .\ARM_GCC_493\Debug\isr_RxDMADone.o .\ARM_GCC_493\Debug\AudioClkGen_Clock_SCK.o .\ARM_GCC_493\Debug\AudioClkGen_Clock_I2S.o .\ARM_GCC_493\Debug\CyBootAsmGnu.o .\ARM_GCC_493\Debug\CyDmac.o .\ARM_GCC_493\Debug\CyFlash.o .\ARM_GCC_493\Debug\CyLib.o .\ARM_GCC_493\Debug\cyPm.o .\ARM_GCC_493\Debug\CySpc.o .\ARM_GCC_493\Debug\cyutils.o .\ARM_GCC_493\Debug\SDA.o .\ARM_GCC_493\Debug\SCL.o .\ARM_GCC_493\Debug\PSOC_STATUS_LED.o .\ARM_GCC_493\Debug\USBFS.o .\ARM_GCC_493\Debug\USBFS_audio.o .\ARM_GCC_493\Debug\USBFS_boot.o .\ARM_GCC_493\Debug\USBFS_cdc.o .\ARM_GCC_493\Debug\USBFS_cls.o .\ARM_GCC_493\Debug\USBFS_descr.o .\ARM_GCC_493\Debug\USBFS_drv.o .\ARM_GCC_493\Debug\USBFS_episr.o .\ARM_GCC_493\Debug\USBFS_hid.o .\ARM_GCC_493\Debug\USBFS_pm.o .\ARM_GCC_493\Debug\USBFS_std.o .\ARM_GCC_493\Debug\USBFS_vnd.o .\ARM_GCC_493\Debug\USBFS_midi.o .\ARM_GCC_493\Debug\USBFS_Dm.o .\ARM_GCC_493\Debug\USBFS_Dp.o .\ARM_GCC_493\Debug\USBFS_ep1_dma.o .\ARM_GCC_493\Debug\USBFS_ep2_dma.o .\ARM_GCC_493\Debug\USBFS_ep4_dma.o .\ARM_GCC_493\Debug\USBFS_ep6_dma.o .\ARM_GCC_493\Debug\isr_CICOverflow.o .\ARM_GCC_493\Debug\PDM_CIC.o .\ARM_GCC_493\Debug\PDM_CIC_DMA_CombD0Update_R_dma.o .\ARM_GCC_493\Debug\PDM_CIC_DMA_CombD0Update_L_dma.o .\ARM_GCC_493\Debug\PDM_CIC_Int_Ctrl_Reg.o .\ARM_GCC_493\Debug\PDM_CIC_Status_Reg.o .\ARM_GCC_493\Debug\PDM_CIC_DMA_IntOut_L_dma.o .\ARM_GCC_493\Debug\PDM_CIC_DMA_IntOut_R_dma.o .\ARM_GCC_493\Debug\PSOC_PDM_DataIn.o .\ARM_GCC_493\Debug\PSOC_PDM_ClkOut.o .\ARM_GCC_493\Debug\PSOC_PDM_LR_SEL.o .\ARM_GCC_493\Debug\PWR_LED.o
arm-none-eabi-ar.exe: creating .\ARM_GCC_493\Debug\PioneerKit_P5LP_USB_Audio.a
arm-none-eabi-gcc.exe -Wl,--start-group -o .\ARM_GCC_493\Debug\PioneerKit_P5LP_USB_Audio.elf .\ARM_GCC_493\Debug\Timer.o .\ARM_GCC_493\Debug\USBInterface.o .\ARM_GCC_493\Debug\VolumeControl.o .\ARM_GCC_493\Debug\Application.o .\ARM_GCC_493\Debug\AudioControl.o .\ARM_GCC_493\Debug\Codec.o .\ARM_GCC_493\Debug\Interrupts.o .\ARM_GCC_493\Debug\main.o .\ARM_GCC_493\Debug\Cm3Start.o .\ARM_GCC_493\Debug\cymetadata.o .\ARM_GCC_493\Debug\PioneerKit_P5LP_USB_Audio.a "C:\Program Files (x86)\Cypress\PSoC Creator\3.3\PSoC Creator\psoc\content\cycomponentlibrary\CyComponentLibrary.cylib\CortexM3\ARM_GCC_493\Debug\CyComponentLibrary.a" -mcpu=cortex-m3 -mthumb -g -ffunction-sections -O0 -L Generated_Source\PSoC5 -Wl,-Map,.\ARM_GCC_493\Debug/PioneerKit_P5LP_USB_Audio.map -T Generated_Source\PSoC5\cm3gcc.ld -specs=nano.specs -Wl,--gc-sections -Wl,--end-group
cyelftool.exe -C C:\Users\lukas\Desktop\PioneerKit_P5LP_USB_Audio-master\PioneerKit_P5LP_USB_Audio.cydsn\ARM_GCC_493\Debug\PioneerKit_P5LP_USB_Audio.elf --flash_row_size 256 --flash_size 262144
cyelftool.exe -S C:\Users\lukas\Desktop\PioneerKit_P5LP_USB_Audio-master\PioneerKit_P5LP_USB_Audio.cydsn\ARM_GCC_493\Debug\PioneerKit_P5LP_USB_Audio.elf
Flash used: 35584 of 262144 bytes (13,6 %).
SRAM used: 5397 of 65536 bytes (8,2 %). Stack: 2048 bytes. Heap: 128 bytes.
--------------- Build Succeeded: 12/18/2017 12:29:28 ---------------
