ARM GAS  C:\USERS\LUKAS\APPDATA\LOCAL\TEMP\ccgaL9v8.s 			page 1


   1              		.syntax unified
   2              		.cpu cortex-m3
   3              		.fpu softvfp
   4              		.eabi_attribute 20, 1
   5              		.eabi_attribute 21, 1
   6              		.eabi_attribute 23, 3
   7              		.eabi_attribute 24, 1
   8              		.eabi_attribute 25, 1
   9              		.eabi_attribute 26, 1
  10              		.eabi_attribute 30, 6
  11              		.eabi_attribute 34, 1
  12              		.eabi_attribute 18, 4
  13              		.thumb
  14              		.file	"Codec.c"
  15              		.text
  16              	.Ltext0:
  17              		.cfi_sections	.debug_frame
  18              		.comm	CodecWrite,2,4
  19              		.global	codecInit
  20              		.bss
  21              		.type	codecInit, %object
  22              		.size	codecInit, 1
  23              	codecInit:
  24 0000 00       		.space	1
  25              		.section	.text.InitCirrusCodec,"ax",%progbits
  26              		.align	2
  27              		.global	InitCirrusCodec
  28              		.thumb
  29              		.thumb_func
  30              		.type	InitCirrusCodec, %function
  31              	InitCirrusCodec:
  32              	.LFB56:
  33              		.file 1 ".\\Codec.c"
   1:.\Codec.c     **** /*******************************************************************************
   2:.\Codec.c     **** * File Name: Codec.c
   3:.\Codec.c     **** *
   4:.\Codec.c     **** * Version 1.0
   5:.\Codec.c     **** *
   6:.\Codec.c     **** *  Description: This file contains the Codec initialization and volume update
   7:.\Codec.c     **** *				routines for Cirrus Codec
   8:.\Codec.c     **** *
   9:.\Codec.c     **** ********************************************************************************
  10:.\Codec.c     **** * Copyright (2008-2013), Cypress Semiconductor Corporation.
  11:.\Codec.c     **** ********************************************************************************
  12:.\Codec.c     **** * This software is owned by Cypress Semiconductor Corporation (Cypress) and is
  13:.\Codec.c     **** * protected by and subject to worldwide patent protection (United States and
  14:.\Codec.c     **** * foreign), United States copyright laws and international treaty provisions.
  15:.\Codec.c     **** * Cypress hereby grants to licensee a personal, non-exclusive, non-transferable
  16:.\Codec.c     **** * license to copy, use, modify, create derivative works of, and compile the
  17:.\Codec.c     **** * Cypress Source Code and derivative works for the sole purpose of creating
  18:.\Codec.c     **** * custom software in support of licensee product to be used only in conjunction
  19:.\Codec.c     **** * with a Cypress integrated circuit as specified in the applicable agreement.
  20:.\Codec.c     **** * Any reproduction, modification, translation, compilation, or representation of
  21:.\Codec.c     **** * this software except as specified above is prohibited without the express
  22:.\Codec.c     **** * written permission of Cypress.
  23:.\Codec.c     **** *
  24:.\Codec.c     **** * Disclaimer: CYPRESS MAKES NO WARRANTY OF ANY KIND, EXPRESS OR IMPLIED, WITH
ARM GAS  C:\USERS\LUKAS\APPDATA\LOCAL\TEMP\ccgaL9v8.s 			page 2


  25:.\Codec.c     **** * REGARD TO THIS MATERIAL, INCLUDING, BUT NOT LIMITED TO, THE IMPLIED
  26:.\Codec.c     **** * WARRANTIES OF MERCHANTABILITY AND FITNESS FOR A PARTICULAR PURPOSE.
  27:.\Codec.c     **** * Cypress reserves the right to make changes without further notice to the
  28:.\Codec.c     **** * materials described herein. Cypress does not assume any liability arising out
  29:.\Codec.c     **** * of the application or use of any product or circuit described herein. Cypress
  30:.\Codec.c     **** * does not authorize its products for use as critical components in life-support
  31:.\Codec.c     **** * systems where a malfunction or failure may reasonably be expected to result in
  32:.\Codec.c     **** * significant injury to the user. The inclusion of Cypress' product in a life-
  33:.\Codec.c     **** * support systems application implies that the manufacturer assumes all risk of
  34:.\Codec.c     **** * such use and in doing so indemnifies Cypress against all charges. Use may be
  35:.\Codec.c     **** * limited by and subject to the applicable Cypress software license agreement.
  36:.\Codec.c     **** *******************************************************************************/
  37:.\Codec.c     **** #include <AudioControl.h>
  38:.\Codec.c     **** #include <Application.h>
  39:.\Codec.c     **** #include <Codec.h>
  40:.\Codec.c     **** #include <Configuration.h>
  41:.\Codec.c     **** #include <Project.h>
  42:.\Codec.c     **** #include <VolumeControl.h>
  43:.\Codec.c     **** 
  44:.\Codec.c     **** CYDATA CodecRegister CodecWrite;    /* codec register read/write structure */
  45:.\Codec.c     **** CYBIT codecInit = 0;                /* codec initialization status flag */
  46:.\Codec.c     **** 
  47:.\Codec.c     **** extern volatile uint8 USBFS_currentVolume[];
  48:.\Codec.c     **** extern volatile uint8 USBFS_currentMute;
  49:.\Codec.c     **** 
  50:.\Codec.c     **** #ifndef ENABLE_DIGITAL_AUDIO_OUT_ONLY		
  51:.\Codec.c     **** extern volatile uint8 USB_inputMute;
  52:.\Codec.c     **** extern volatile uint8 USB_inputVolume[];  /* USB component audio IN path volume level */
  53:.\Codec.c     **** #endif
  54:.\Codec.c     **** 
  55:.\Codec.c     **** /*******************************************************************************
  56:.\Codec.c     **** * Function Name: InitCirrusCodec
  57:.\Codec.c     **** ********************************************************************************
  58:.\Codec.c     **** * Summary: Initializes the CS42L51 codec as per the CS42L51 datasheet to enable
  59:.\Codec.c     **** *          audio output DAC (with volume control support enabled) and audio input
  60:.\Codec.c     **** *          ADC
  61:.\Codec.c     **** *
  62:.\Codec.c     **** * Parameters:
  63:.\Codec.c     **** *  void
  64:.\Codec.c     **** *
  65:.\Codec.c     **** * Return:
  66:.\Codec.c     **** *  void
  67:.\Codec.c     **** *
  68:.\Codec.c     **** *******************************************************************************/
  69:.\Codec.c     **** void InitCirrusCodec(void)
  70:.\Codec.c     **** {
  34              		.loc 1 70 0
  35              		.cfi_startproc
  36              		@ args = 0, pretend = 0, frame = 0
  37              		@ frame_needed = 1, uses_anonymous_args = 0
  38              		@ link register save eliminated.
  39 0000 80B4     		push	{r7}
  40              		.cfi_def_cfa_offset 4
  41              		.cfi_offset 7, -4
  42 0002 00AF     		add	r7, sp, #0
  43              		.cfi_def_cfa_register 7
  71:.\Codec.c     **** #ifdef CODEC_I2C_SUPPORTED
ARM GAS  C:\USERS\LUKAS\APPDATA\LOCAL\TEMP\ccgaL9v8.s 			page 3


  72:.\Codec.c     **** 	if (!codecInit)
  73:.\Codec.c     **** 	{
  74:.\Codec.c     ****         /* USER_CODE: [CODEC configuration] Placeholder for configuring a different codec instead o
  75:.\Codec.c     ****          * CS42L51 codec. Comment out below piece of I2C configuration before adding your custom co
  76:.\Codec.c     ****          * code */
  77:.\Codec.c     **** 		PSOC_CODEC_RST_Write(RELEASE_RESET);
  78:.\Codec.c     **** 	   
  79:.\Codec.c     **** 	    CodecWrite.address = CODEC_POWER_CTRL_REGISTER;
  80:.\Codec.c     **** 	    CodecWrite.value = CODEC_PDN_MASK;
  81:.\Codec.c     **** 	    WriteToSlave(CODEC_I2C_ADDRESS, &CodecWrite.address, sizeof(CodecWrite));
  82:.\Codec.c     **** 		
  83:.\Codec.c     **** 		    
  84:.\Codec.c     **** 	    CodecWrite.address = CODEC_INTERFACE_CTRL_REGISTER;
  85:.\Codec.c     **** 	    CodecWrite.value = CODEC_DAC_DIGITAL_INTERFACE_I2S_MASK | CODEC_ADC_DIGITAL_INTERFACE_I2S_MASK
  86:.\Codec.c     **** 	    WriteToSlave(CODEC_I2C_ADDRESS, &CodecWrite.address,  sizeof(CodecWrite));
  87:.\Codec.c     **** 	            
  88:.\Codec.c     **** 	    /* Enable the Input PCM samples to pass through the Signal processing engine on the Codec for 
  89:.\Codec.c     **** 	    CodecWrite.address = CODEC_DAC_CONTROL_REGISTER;
  90:.\Codec.c     **** 	    CodecWrite.value = SIGNAL_PROCESSING_ENGINE_TO_DAC | DAC_SZC_SOFT_RAMP;
  91:.\Codec.c     **** 	    WriteToSlave(CODEC_I2C_ADDRESS, &CodecWrite.address, sizeof(CodecWrite));
  92:.\Codec.c     **** 	    
  93:.\Codec.c     **** 	    /* Single volume control for DAC */
  94:.\Codec.c     **** 	    CodecWrite.address = CODEC_DAC_OUTPUT_CTRL_REGISTER;
  95:.\Codec.c     **** 	    CodecWrite.value = DAC_DEFAULT_HEADPHONE_GAIN | DAC_SINGLE_VOLUME_CONTROL;
  96:.\Codec.c     **** 	    WriteToSlave(CODEC_I2C_ADDRESS, &CodecWrite.address, sizeof(CodecWrite));
  97:.\Codec.c     **** 	    
  98:.\Codec.c     **** 	    /* Single volume for ADC */
  99:.\Codec.c     **** 	    CodecWrite.address = CODEC_MIC_CTRL_REGISTER;
 100:.\Codec.c     **** 	    #ifdef MIC_ENABLE
 101:.\Codec.c     **** 	    /* ADC 20dB boost, MIC bias on AIN3B pin ,  0.8 * VA bias and +16dB gain */
 102:.\Codec.c     **** 	    CodecWrite.value = ADC_SINGLE_VOLUME_CONTROL | ADCB_20dB_DIGITAL_BOOST | ADCA_20dB_DIGITAL_BOO
 103:.\Codec.c     **** 	    #else
 104:.\Codec.c     **** 	    CodecWrite.value = ADC_SINGLE_VOLUME_CONTROL;
 105:.\Codec.c     **** 	    #endif
 106:.\Codec.c     **** 	    WriteToSlave(CODEC_I2C_ADDRESS, &CodecWrite.address,  sizeof(CodecWrite));
 107:.\Codec.c     **** 	    
 108:.\Codec.c     **** 	    #ifdef MIC_ENABLE
 109:.\Codec.c     **** 	    /* Route MIC as the ADC input */
 110:.\Codec.c     **** 	    CodecWrite.address = CODEC_ADC_SELECT_REGISTER;
 111:.\Codec.c     **** 	    CodecWrite.value = MIC_IN_TO_PRE_AMP_TO_PGA_INPUT; /* Route MIC input to PGA */
 112:.\Codec.c     **** 	    WriteToSlave(CODEC_I2C_ADDRESS, &CodecWrite.address,  sizeof(CodecWrite));
 113:.\Codec.c     **** 	    #endif
 114:.\Codec.c     **** 
 115:.\Codec.c     **** 	    /* Enable below piece of code and comment out the next register write for DAC Output for enabl
 116:.\Codec.c     **** 	    /* Limiter threshold configuration */
 117:.\Codec.c     **** 	    CodecWrite.address = CODEC_LIMITER_THRESHOLD_SZC_DISABLE_REGISTER;
 118:.\Codec.c     **** 	    CodecWrite.value = LIMITER_CUSHION_THRESHOLD | LIMITER_SOFT_RAMP_ENABLE;
 119:.\Codec.c     **** 	    WriteToSlave(CODEC_I2C_ADDRESS, &CodecWrite.address, sizeof(CodecWrite));
 120:.\Codec.c     **** 	    
 121:.\Codec.c     **** 	    /* limit DAC Output */
 122:.\Codec.c     **** 	    CodecWrite.address = CODEC_LIMITER_CONFIG_RELEASE_RATE_REGISTER;
 123:.\Codec.c     **** 	    CodecWrite.value = LIMITER_RELEASE_ENABLE | LIMITER_RELEASE_ALL | LIMITER_RELEASE_RATE_SLOWEST
 124:.\Codec.c     **** 	    WriteToSlave(CODEC_I2C_ADDRESS, &CodecWrite.address, sizeof(CodecWrite));
 125:.\Codec.c     **** 		
 126:.\Codec.c     **** 	    #ifdef ENABLE_VOLUME_CONTROL
 127:.\Codec.c     **** 	    UpdateCodecVolume((int8)USBFS_currentVolume[1] * VOLUME_STEP_SIZE_MAPPING);
 128:.\Codec.c     **** 		#else		
ARM GAS  C:\USERS\LUKAS\APPDATA\LOCAL\TEMP\ccgaL9v8.s 			page 4


 129:.\Codec.c     **** 		UpdateCodecVolume(USBFS_currentVolume[1]);
 130:.\Codec.c     **** 		#endif
 131:.\Codec.c     **** 		
 132:.\Codec.c     **** 	    #ifndef ENABLE_DIGITAL_AUDIO_OUT_ONLY
 133:.\Codec.c     **** 		#ifdef ENABLE_VOLUME_CONTROL
 134:.\Codec.c     **** 		UpdateCodecAttenuation(USB_inputVolume[1]);		
 135:.\Codec.c     **** 		#endif
 136:.\Codec.c     **** 		#endif
 137:.\Codec.c     **** 			
 138:.\Codec.c     **** 	    CodecWrite.address = CODEC_POWER_CTRL_REGISTER;
 139:.\Codec.c     **** 	    CodecWrite.value = CODEC_POWER_ON_ALL;
 140:.\Codec.c     **** 	    WriteToSlave(CODEC_I2C_ADDRESS, &CodecWrite.address, sizeof(CodecWrite));
 141:.\Codec.c     **** 	    
 142:.\Codec.c     **** 	    #ifdef MIC_ENABLE
 143:.\Codec.c     **** 	    CodecWrite.address = CODEC_SPEED_POWER_CTRL_REGISTER;
 144:.\Codec.c     **** 	    /* Auto detect codec speed, power up MICA, enable BIAS */
 145:.\Codec.c     **** 	    CodecWrite.value = AUTO_DETECT_CODEC_SPEED | POWER_DOWN_MICB;
 146:.\Codec.c     **** 	    WriteToSlave(CODEC_I2C_ADDRESS, &CodecWrite.address, sizeof(CodecWrite));
 147:.\Codec.c     **** 	    #endif
 148:.\Codec.c     **** 	    
 149:.\Codec.c     **** 		codecInit = 1;
 150:.\Codec.c     **** 	}	
 151:.\Codec.c     **** #endif
 152:.\Codec.c     **** }
  44              		.loc 1 152 0
  45 0004 BD46     		mov	sp, r7
  46              		.cfi_def_cfa_register 13
  47              		@ sp needed
  48 0006 5DF8047B 		ldr	r7, [sp], #4
  49              		.cfi_restore 7
  50              		.cfi_def_cfa_offset 0
  51 000a 7047     		bx	lr
  52              		.cfi_endproc
  53              	.LFE56:
  54              		.size	InitCirrusCodec, .-InitCirrusCodec
  55              		.text
  56              	.Letext0:
  57              		.file 2 "c:\\program files (x86)\\cypress\\psoc creator\\3.3\\psoc creator\\import\\gnu\\arm\\4.9.
  58              		.file 3 "c:\\program files (x86)\\cypress\\psoc creator\\3.3\\psoc creator\\import\\gnu\\arm\\4.9.
  59              		.file 4 "Generated_Source\\PSoC5/cytypes.h"
  60              		.file 5 "./Codec.h"
  61              		.file 6 "Generated_Source\\PSoC5/core_cm3.h"
  62              		.section	.debug_info,"",%progbits
  63              	.Ldebug_info0:
  64 0000 19010000 		.4byte	0x119
  65 0004 0400     		.2byte	0x4
  66 0006 00000000 		.4byte	.Ldebug_abbrev0
  67 000a 04       		.byte	0x4
  68 000b 01       		.uleb128 0x1
  69 000c A8000000 		.4byte	.LASF22
  70 0010 01       		.byte	0x1
  71 0011 D7010000 		.4byte	.LASF23
  72 0015 6F010000 		.4byte	.LASF24
  73 0019 00000000 		.4byte	.Ldebug_ranges0+0
  74 001d 00000000 		.4byte	0
  75 0021 00000000 		.4byte	.Ldebug_line0
  76 0025 02       		.uleb128 0x2
ARM GAS  C:\USERS\LUKAS\APPDATA\LOCAL\TEMP\ccgaL9v8.s 			page 5


  77 0026 01       		.byte	0x1
  78 0027 06       		.byte	0x6
  79 0028 63010000 		.4byte	.LASF0
  80 002c 02       		.uleb128 0x2
  81 002d 01       		.byte	0x1
  82 002e 08       		.byte	0x8
  83 002f 8C000000 		.4byte	.LASF1
  84 0033 02       		.uleb128 0x2
  85 0034 02       		.byte	0x2
  86 0035 05       		.byte	0x5
  87 0036 E1010000 		.4byte	.LASF2
  88 003a 02       		.uleb128 0x2
  89 003b 02       		.byte	0x2
  90 003c 07       		.byte	0x7
  91 003d 6E000000 		.4byte	.LASF3
  92 0041 03       		.uleb128 0x3
  93 0042 C7010000 		.4byte	.LASF9
  94 0046 02       		.byte	0x2
  95 0047 3F       		.byte	0x3f
  96 0048 4C000000 		.4byte	0x4c
  97 004c 02       		.uleb128 0x2
  98 004d 04       		.byte	0x4
  99 004e 05       		.byte	0x5
 100 004f 9F000000 		.4byte	.LASF4
 101 0053 02       		.uleb128 0x2
 102 0054 04       		.byte	0x4
 103 0055 07       		.byte	0x7
 104 0056 45000000 		.4byte	.LASF5
 105 005a 02       		.uleb128 0x2
 106 005b 08       		.byte	0x8
 107 005c 05       		.byte	0x5
 108 005d 00000000 		.4byte	.LASF6
 109 0061 02       		.uleb128 0x2
 110 0062 08       		.byte	0x8
 111 0063 07       		.byte	0x7
 112 0064 57000000 		.4byte	.LASF7
 113 0068 04       		.uleb128 0x4
 114 0069 04       		.byte	0x4
 115 006a 05       		.byte	0x5
 116 006b 696E7400 		.ascii	"int\000"
 117 006f 02       		.uleb128 0x2
 118 0070 04       		.byte	0x4
 119 0071 07       		.byte	0x7
 120 0072 14000000 		.4byte	.LASF8
 121 0076 03       		.uleb128 0x3
 122 0077 EB010000 		.4byte	.LASF10
 123 007b 03       		.byte	0x3
 124 007c 2C       		.byte	0x2c
 125 007d 41000000 		.4byte	0x41
 126 0081 03       		.uleb128 0x3
 127 0082 37000000 		.4byte	.LASF11
 128 0086 04       		.byte	0x4
 129 0087 5B       		.byte	0x5b
 130 0088 2C000000 		.4byte	0x2c
 131 008c 02       		.uleb128 0x2
 132 008d 04       		.byte	0x4
 133 008e 04       		.byte	0x4
ARM GAS  C:\USERS\LUKAS\APPDATA\LOCAL\TEMP\ccgaL9v8.s 			page 6


 134 008f D1010000 		.4byte	.LASF12
 135 0093 02       		.uleb128 0x2
 136 0094 08       		.byte	0x8
 137 0095 04       		.byte	0x4
 138 0096 36010000 		.4byte	.LASF13
 139 009a 02       		.uleb128 0x2
 140 009b 01       		.byte	0x1
 141 009c 08       		.byte	0x8
 142 009d 9A000000 		.4byte	.LASF14
 143 00a1 02       		.uleb128 0x2
 144 00a2 04       		.byte	0x4
 145 00a3 07       		.byte	0x7
 146 00a4 4D010000 		.4byte	.LASF15
 147 00a8 05       		.uleb128 0x5
 148 00a9 2B000000 		.4byte	.LASF25
 149 00ad 02       		.byte	0x2
 150 00ae 05       		.byte	0x5
 151 00af 9C       		.byte	0x9c
 152 00b0 CD000000 		.4byte	0xcd
 153 00b4 06       		.uleb128 0x6
 154 00b5 3D000000 		.4byte	.LASF16
 155 00b9 05       		.byte	0x5
 156 00ba 9E       		.byte	0x9e
 157 00bb 81000000 		.4byte	0x81
 158 00bf 00       		.byte	0
 159 00c0 06       		.uleb128 0x6
 160 00c1 0E000000 		.4byte	.LASF17
 161 00c5 05       		.byte	0x5
 162 00c6 9F       		.byte	0x9f
 163 00c7 81000000 		.4byte	0x81
 164 00cb 01       		.byte	0x1
 165 00cc 00       		.byte	0
 166 00cd 03       		.uleb128 0x3
 167 00ce F3010000 		.4byte	.LASF18
 168 00d2 05       		.byte	0x5
 169 00d3 A0       		.byte	0xa0
 170 00d4 A8000000 		.4byte	0xa8
 171 00d8 07       		.uleb128 0x7
 172 00d9 3D010000 		.4byte	.LASF26
 173 00dd 01       		.byte	0x1
 174 00de 45       		.byte	0x45
 175 00df 00000000 		.4byte	.LFB56
 176 00e3 0C000000 		.4byte	.LFE56-.LFB56
 177 00e7 01       		.uleb128 0x1
 178 00e8 9C       		.byte	0x9c
 179 00e9 08       		.uleb128 0x8
 180 00ea 56010000 		.4byte	.LASF19
 181 00ee 06       		.byte	0x6
 182 00ef 1606     		.2byte	0x616
 183 00f1 F5000000 		.4byte	0xf5
 184 00f5 09       		.uleb128 0x9
 185 00f6 76000000 		.4byte	0x76
 186 00fa 0A       		.uleb128 0xa
 187 00fb 21000000 		.4byte	.LASF20
 188 00ff 01       		.byte	0x1
 189 0100 2D       		.byte	0x2d
 190 0101 81000000 		.4byte	0x81
ARM GAS  C:\USERS\LUKAS\APPDATA\LOCAL\TEMP\ccgaL9v8.s 			page 7


 191 0105 05       		.uleb128 0x5
 192 0106 03       		.byte	0x3
 193 0107 00000000 		.4byte	codecInit
 194 010b 0A       		.uleb128 0xa
 195 010c 81000000 		.4byte	.LASF21
 196 0110 01       		.byte	0x1
 197 0111 2C       		.byte	0x2c
 198 0112 CD000000 		.4byte	0xcd
 199 0116 05       		.uleb128 0x5
 200 0117 03       		.byte	0x3
 201 0118 00000000 		.4byte	CodecWrite
 202 011c 00       		.byte	0
 203              		.section	.debug_abbrev,"",%progbits
 204              	.Ldebug_abbrev0:
 205 0000 01       		.uleb128 0x1
 206 0001 11       		.uleb128 0x11
 207 0002 01       		.byte	0x1
 208 0003 25       		.uleb128 0x25
 209 0004 0E       		.uleb128 0xe
 210 0005 13       		.uleb128 0x13
 211 0006 0B       		.uleb128 0xb
 212 0007 03       		.uleb128 0x3
 213 0008 0E       		.uleb128 0xe
 214 0009 1B       		.uleb128 0x1b
 215 000a 0E       		.uleb128 0xe
 216 000b 55       		.uleb128 0x55
 217 000c 17       		.uleb128 0x17
 218 000d 11       		.uleb128 0x11
 219 000e 01       		.uleb128 0x1
 220 000f 10       		.uleb128 0x10
 221 0010 17       		.uleb128 0x17
 222 0011 00       		.byte	0
 223 0012 00       		.byte	0
 224 0013 02       		.uleb128 0x2
 225 0014 24       		.uleb128 0x24
 226 0015 00       		.byte	0
 227 0016 0B       		.uleb128 0xb
 228 0017 0B       		.uleb128 0xb
 229 0018 3E       		.uleb128 0x3e
 230 0019 0B       		.uleb128 0xb
 231 001a 03       		.uleb128 0x3
 232 001b 0E       		.uleb128 0xe
 233 001c 00       		.byte	0
 234 001d 00       		.byte	0
 235 001e 03       		.uleb128 0x3
 236 001f 16       		.uleb128 0x16
 237 0020 00       		.byte	0
 238 0021 03       		.uleb128 0x3
 239 0022 0E       		.uleb128 0xe
 240 0023 3A       		.uleb128 0x3a
 241 0024 0B       		.uleb128 0xb
 242 0025 3B       		.uleb128 0x3b
 243 0026 0B       		.uleb128 0xb
 244 0027 49       		.uleb128 0x49
 245 0028 13       		.uleb128 0x13
 246 0029 00       		.byte	0
 247 002a 00       		.byte	0
ARM GAS  C:\USERS\LUKAS\APPDATA\LOCAL\TEMP\ccgaL9v8.s 			page 8


 248 002b 04       		.uleb128 0x4
 249 002c 24       		.uleb128 0x24
 250 002d 00       		.byte	0
 251 002e 0B       		.uleb128 0xb
 252 002f 0B       		.uleb128 0xb
 253 0030 3E       		.uleb128 0x3e
 254 0031 0B       		.uleb128 0xb
 255 0032 03       		.uleb128 0x3
 256 0033 08       		.uleb128 0x8
 257 0034 00       		.byte	0
 258 0035 00       		.byte	0
 259 0036 05       		.uleb128 0x5
 260 0037 13       		.uleb128 0x13
 261 0038 01       		.byte	0x1
 262 0039 03       		.uleb128 0x3
 263 003a 0E       		.uleb128 0xe
 264 003b 0B       		.uleb128 0xb
 265 003c 0B       		.uleb128 0xb
 266 003d 3A       		.uleb128 0x3a
 267 003e 0B       		.uleb128 0xb
 268 003f 3B       		.uleb128 0x3b
 269 0040 0B       		.uleb128 0xb
 270 0041 01       		.uleb128 0x1
 271 0042 13       		.uleb128 0x13
 272 0043 00       		.byte	0
 273 0044 00       		.byte	0
 274 0045 06       		.uleb128 0x6
 275 0046 0D       		.uleb128 0xd
 276 0047 00       		.byte	0
 277 0048 03       		.uleb128 0x3
 278 0049 0E       		.uleb128 0xe
 279 004a 3A       		.uleb128 0x3a
 280 004b 0B       		.uleb128 0xb
 281 004c 3B       		.uleb128 0x3b
 282 004d 0B       		.uleb128 0xb
 283 004e 49       		.uleb128 0x49
 284 004f 13       		.uleb128 0x13
 285 0050 38       		.uleb128 0x38
 286 0051 0B       		.uleb128 0xb
 287 0052 00       		.byte	0
 288 0053 00       		.byte	0
 289 0054 07       		.uleb128 0x7
 290 0055 2E       		.uleb128 0x2e
 291 0056 00       		.byte	0
 292 0057 3F       		.uleb128 0x3f
 293 0058 19       		.uleb128 0x19
 294 0059 03       		.uleb128 0x3
 295 005a 0E       		.uleb128 0xe
 296 005b 3A       		.uleb128 0x3a
 297 005c 0B       		.uleb128 0xb
 298 005d 3B       		.uleb128 0x3b
 299 005e 0B       		.uleb128 0xb
 300 005f 27       		.uleb128 0x27
 301 0060 19       		.uleb128 0x19
 302 0061 11       		.uleb128 0x11
 303 0062 01       		.uleb128 0x1
 304 0063 12       		.uleb128 0x12
ARM GAS  C:\USERS\LUKAS\APPDATA\LOCAL\TEMP\ccgaL9v8.s 			page 9


 305 0064 06       		.uleb128 0x6
 306 0065 40       		.uleb128 0x40
 307 0066 18       		.uleb128 0x18
 308 0067 9742     		.uleb128 0x2117
 309 0069 19       		.uleb128 0x19
 310 006a 00       		.byte	0
 311 006b 00       		.byte	0
 312 006c 08       		.uleb128 0x8
 313 006d 34       		.uleb128 0x34
 314 006e 00       		.byte	0
 315 006f 03       		.uleb128 0x3
 316 0070 0E       		.uleb128 0xe
 317 0071 3A       		.uleb128 0x3a
 318 0072 0B       		.uleb128 0xb
 319 0073 3B       		.uleb128 0x3b
 320 0074 05       		.uleb128 0x5
 321 0075 49       		.uleb128 0x49
 322 0076 13       		.uleb128 0x13
 323 0077 3F       		.uleb128 0x3f
 324 0078 19       		.uleb128 0x19
 325 0079 3C       		.uleb128 0x3c
 326 007a 19       		.uleb128 0x19
 327 007b 00       		.byte	0
 328 007c 00       		.byte	0
 329 007d 09       		.uleb128 0x9
 330 007e 35       		.uleb128 0x35
 331 007f 00       		.byte	0
 332 0080 49       		.uleb128 0x49
 333 0081 13       		.uleb128 0x13
 334 0082 00       		.byte	0
 335 0083 00       		.byte	0
 336 0084 0A       		.uleb128 0xa
 337 0085 34       		.uleb128 0x34
 338 0086 00       		.byte	0
 339 0087 03       		.uleb128 0x3
 340 0088 0E       		.uleb128 0xe
 341 0089 3A       		.uleb128 0x3a
 342 008a 0B       		.uleb128 0xb
 343 008b 3B       		.uleb128 0x3b
 344 008c 0B       		.uleb128 0xb
 345 008d 49       		.uleb128 0x49
 346 008e 13       		.uleb128 0x13
 347 008f 3F       		.uleb128 0x3f
 348 0090 19       		.uleb128 0x19
 349 0091 02       		.uleb128 0x2
 350 0092 18       		.uleb128 0x18
 351 0093 00       		.byte	0
 352 0094 00       		.byte	0
 353 0095 00       		.byte	0
 354              		.section	.debug_aranges,"",%progbits
 355 0000 1C000000 		.4byte	0x1c
 356 0004 0200     		.2byte	0x2
 357 0006 00000000 		.4byte	.Ldebug_info0
 358 000a 04       		.byte	0x4
 359 000b 00       		.byte	0
 360 000c 0000     		.2byte	0
 361 000e 0000     		.2byte	0
ARM GAS  C:\USERS\LUKAS\APPDATA\LOCAL\TEMP\ccgaL9v8.s 			page 10


 362 0010 00000000 		.4byte	.LFB56
 363 0014 0C000000 		.4byte	.LFE56-.LFB56
 364 0018 00000000 		.4byte	0
 365 001c 00000000 		.4byte	0
 366              		.section	.debug_ranges,"",%progbits
 367              	.Ldebug_ranges0:
 368 0000 00000000 		.4byte	.LFB56
 369 0004 0C000000 		.4byte	.LFE56
 370 0008 00000000 		.4byte	0
 371 000c 00000000 		.4byte	0
 372              		.section	.debug_line,"",%progbits
 373              	.Ldebug_line0:
 374 0000 71010000 		.section	.debug_str,"MS",%progbits,1
 374      02005701 
 374      00000201 
 374      FB0E0D00 
 374      01010101 
 375              	.LASF6:
 376 0000 6C6F6E67 		.ascii	"long long int\000"
 376      206C6F6E 
 376      6720696E 
 376      7400
 377              	.LASF17:
 378 000e 76616C75 		.ascii	"value\000"
 378      6500
 379              	.LASF8:
 380 0014 756E7369 		.ascii	"unsigned int\000"
 380      676E6564 
 380      20696E74 
 380      00
 381              	.LASF20:
 382 0021 636F6465 		.ascii	"codecInit\000"
 382      63496E69 
 382      7400
 383              	.LASF25:
 384 002b 436F6465 		.ascii	"CodecConfig\000"
 384      63436F6E 
 384      66696700 
 385              	.LASF11:
 386 0037 75696E74 		.ascii	"uint8\000"
 386      3800
 387              	.LASF16:
 388 003d 61646472 		.ascii	"address\000"
 388      65737300 
 389              	.LASF5:
 390 0045 6C6F6E67 		.ascii	"long unsigned int\000"
 390      20756E73 
 390      69676E65 
 390      6420696E 
 390      7400
 391              	.LASF7:
 392 0057 6C6F6E67 		.ascii	"long long unsigned int\000"
 392      206C6F6E 
 392      6720756E 
 392      7369676E 
 392      65642069 
 393              	.LASF3:
ARM GAS  C:\USERS\LUKAS\APPDATA\LOCAL\TEMP\ccgaL9v8.s 			page 11


 394 006e 73686F72 		.ascii	"short unsigned int\000"
 394      7420756E 
 394      7369676E 
 394      65642069 
 394      6E7400
 395              	.LASF21:
 396 0081 436F6465 		.ascii	"CodecWrite\000"
 396      63577269 
 396      746500
 397              	.LASF1:
 398 008c 756E7369 		.ascii	"unsigned char\000"
 398      676E6564 
 398      20636861 
 398      7200
 399              	.LASF14:
 400 009a 63686172 		.ascii	"char\000"
 400      00
 401              	.LASF4:
 402 009f 6C6F6E67 		.ascii	"long int\000"
 402      20696E74 
 402      00
 403              	.LASF22:
 404 00a8 474E5520 		.ascii	"GNU C 4.9.3 20150303 (release) [ARM/embedded-4_9-br"
 404      4320342E 
 404      392E3320 
 404      32303135 
 404      30333033 
 405 00db 616E6368 		.ascii	"anch revision 221220] -mcpu=cortex-m3 -mthumb -g -O"
 405      20726576 
 405      6973696F 
 405      6E203232 
 405      31323230 
 406 010e 30202D66 		.ascii	"0 -ffunction-sections -ffat-lto-objects\000"
 406      66756E63 
 406      74696F6E 
 406      2D736563 
 406      74696F6E 
 407              	.LASF13:
 408 0136 646F7562 		.ascii	"double\000"
 408      6C6500
 409              	.LASF26:
 410 013d 496E6974 		.ascii	"InitCirrusCodec\000"
 410      43697272 
 410      7573436F 
 410      64656300 
 411              	.LASF15:
 412 014d 73697A65 		.ascii	"sizetype\000"
 412      74797065 
 412      00
 413              	.LASF19:
 414 0156 49544D5F 		.ascii	"ITM_RxBuffer\000"
 414      52784275 
 414      66666572 
 414      00
 415              	.LASF0:
 416 0163 7369676E 		.ascii	"signed char\000"
 416      65642063 
ARM GAS  C:\USERS\LUKAS\APPDATA\LOCAL\TEMP\ccgaL9v8.s 			page 12


 416      68617200 
 417              	.LASF24:
 418 016f 433A5C55 		.ascii	"C:\\Users\\lukas\\Desktop\\PioneerKit_P5LP_USB_Audi"
 418      73657273 
 418      5C6C756B 
 418      61735C44 
 418      65736B74 
 419 019e 6F2D6D61 		.ascii	"o-master\\PioneerKit_P5LP_USB_Audio.cydsn\000"
 419      73746572 
 419      5C50696F 
 419      6E656572 
 419      4B69745F 
 420              	.LASF9:
 421 01c7 5F5F696E 		.ascii	"__int32_t\000"
 421      7433325F 
 421      7400
 422              	.LASF12:
 423 01d1 666C6F61 		.ascii	"float\000"
 423      7400
 424              	.LASF23:
 425 01d7 2E5C436F 		.ascii	".\\Codec.c\000"
 425      6465632E 
 425      6300
 426              	.LASF2:
 427 01e1 73686F72 		.ascii	"short int\000"
 427      7420696E 
 427      7400
 428              	.LASF10:
 429 01eb 696E7433 		.ascii	"int32_t\000"
 429      325F7400 
 430              	.LASF18:
 431 01f3 436F6465 		.ascii	"CodecRegister\000"
 431      63526567 
 431      69737465 
 431      7200
 432              		.ident	"GCC: (GNU Tools for ARM Embedded Processors) 4.9.3 20150303 (release) [ARM/embedded-4_9-br
