ARM GAS  C:\USERS\LUKAS\APPDATA\LOCAL\TEMP\ccK6p7DS.s 			page 1


   1              		.syntax unified
   2              		.cpu cortex-m3
   3              		.fpu softvfp
   4              		.eabi_attribute 20, 1
   5              		.eabi_attribute 21, 1
   6              		.eabi_attribute 23, 3
   7              		.eabi_attribute 24, 1
   8              		.eabi_attribute 25, 1
   9              		.eabi_attribute 26, 1
  10              		.eabi_attribute 30, 6
  11              		.eabi_attribute 34, 1
  12              		.eabi_attribute 18, 4
  13              		.thumb
  14              		.file	"I2C_Master_PM.c"
  15              		.text
  16              	.Ltext0:
  17              		.cfi_sections	.debug_frame
  18              		.global	I2C_Master_backup
  19              		.data
  20              		.align	2
  21              		.type	I2C_Master_backup, %object
  22              		.size	I2C_Master_backup, 5
  23              	I2C_Master_backup:
  24 0000 00       		.byte	0
  25 0001 81       		.byte	-127
  26 0002 02       		.byte	2
  27 0003 08       		.byte	8
  28 0004 00       		.byte	0
  29 0005 000000   		.section	.text.I2C_Master_SaveConfig,"ax",%progbits
  30              		.align	2
  31              		.global	I2C_Master_SaveConfig
  32              		.thumb
  33              		.thumb_func
  34              		.type	I2C_Master_SaveConfig, %function
  35              	I2C_Master_SaveConfig:
  36              	.LFB0:
  37              		.file 1 ".\\Generated_Source\\PSoC5\\I2C_Master_PM.c"
   1:.\Generated_Source\PSoC5/I2C_Master_PM.c **** /*******************************************************************************
   2:.\Generated_Source\PSoC5/I2C_Master_PM.c **** * File Name: I2C_Master_PM.c
   3:.\Generated_Source\PSoC5/I2C_Master_PM.c **** * Version 3.30
   4:.\Generated_Source\PSoC5/I2C_Master_PM.c **** *
   5:.\Generated_Source\PSoC5/I2C_Master_PM.c **** * Description:
   6:.\Generated_Source\PSoC5/I2C_Master_PM.c **** *  This file provides Low power mode APIs for I2C component.
   7:.\Generated_Source\PSoC5/I2C_Master_PM.c **** *
   8:.\Generated_Source\PSoC5/I2C_Master_PM.c **** * Note:
   9:.\Generated_Source\PSoC5/I2C_Master_PM.c **** *  None
  10:.\Generated_Source\PSoC5/I2C_Master_PM.c **** *
  11:.\Generated_Source\PSoC5/I2C_Master_PM.c **** ********************************************************************************
  12:.\Generated_Source\PSoC5/I2C_Master_PM.c **** * Copyright 2008-2012, Cypress Semiconductor Corporation.  All rights reserved.
  13:.\Generated_Source\PSoC5/I2C_Master_PM.c **** * You may use this file only in accordance with the license, terms, conditions,
  14:.\Generated_Source\PSoC5/I2C_Master_PM.c **** * disclaimers, and limitations in the end user license agreement accompanying
  15:.\Generated_Source\PSoC5/I2C_Master_PM.c **** * the software package with which this file was provided.
  16:.\Generated_Source\PSoC5/I2C_Master_PM.c **** *******************************************************************************/
  17:.\Generated_Source\PSoC5/I2C_Master_PM.c **** 
  18:.\Generated_Source\PSoC5/I2C_Master_PM.c **** #include "I2C_Master_PVT.h"
  19:.\Generated_Source\PSoC5/I2C_Master_PM.c **** 
  20:.\Generated_Source\PSoC5/I2C_Master_PM.c **** I2C_Master_BACKUP_STRUCT I2C_Master_backup =
ARM GAS  C:\USERS\LUKAS\APPDATA\LOCAL\TEMP\ccK6p7DS.s 			page 2


  21:.\Generated_Source\PSoC5/I2C_Master_PM.c **** {
  22:.\Generated_Source\PSoC5/I2C_Master_PM.c ****     I2C_Master_DISABLE, /* enableState */
  23:.\Generated_Source\PSoC5/I2C_Master_PM.c **** 
  24:.\Generated_Source\PSoC5/I2C_Master_PM.c ****     #if(I2C_Master_FF_IMPLEMENTED)
  25:.\Generated_Source\PSoC5/I2C_Master_PM.c ****         I2C_Master_DEFAULT_XCFG,  /* xcfg */
  26:.\Generated_Source\PSoC5/I2C_Master_PM.c ****         I2C_Master_DEFAULT_CFG,   /* cfg  */
  27:.\Generated_Source\PSoC5/I2C_Master_PM.c **** 
  28:.\Generated_Source\PSoC5/I2C_Master_PM.c ****         #if(I2C_Master_MODE_SLAVE_ENABLED)
  29:.\Generated_Source\PSoC5/I2C_Master_PM.c ****             I2C_Master_DEFAULT_ADDR, /* addr */
  30:.\Generated_Source\PSoC5/I2C_Master_PM.c ****         #endif /* (I2C_Master_MODE_SLAVE_ENABLED) */
  31:.\Generated_Source\PSoC5/I2C_Master_PM.c **** 
  32:.\Generated_Source\PSoC5/I2C_Master_PM.c ****         #if(CY_PSOC5A)
  33:.\Generated_Source\PSoC5/I2C_Master_PM.c ****             LO8(I2C_Master_DEFAULT_DIVIDE_FACTOR),  /* div */
  34:.\Generated_Source\PSoC5/I2C_Master_PM.c ****         #else
  35:.\Generated_Source\PSoC5/I2C_Master_PM.c ****             LO8(I2C_Master_DEFAULT_DIVIDE_FACTOR), /* div1 */
  36:.\Generated_Source\PSoC5/I2C_Master_PM.c ****             HI8(I2C_Master_DEFAULT_DIVIDE_FACTOR), /* div2 */
  37:.\Generated_Source\PSoC5/I2C_Master_PM.c ****         #endif /* (CY_PSOC5A) */
  38:.\Generated_Source\PSoC5/I2C_Master_PM.c **** 
  39:.\Generated_Source\PSoC5/I2C_Master_PM.c ****     #else  /* (I2C_Master_UDB_IMPLEMENTED) */
  40:.\Generated_Source\PSoC5/I2C_Master_PM.c ****         I2C_Master_DEFAULT_CFG,    /* control */
  41:.\Generated_Source\PSoC5/I2C_Master_PM.c **** 
  42:.\Generated_Source\PSoC5/I2C_Master_PM.c ****         #if(CY_UDB_V0)
  43:.\Generated_Source\PSoC5/I2C_Master_PM.c ****             I2C_Master_INT_ENABLE_MASK, /* aux_ctl */
  44:.\Generated_Source\PSoC5/I2C_Master_PM.c **** 
  45:.\Generated_Source\PSoC5/I2C_Master_PM.c ****             #if(I2C_Master_MODE_SLAVE_ENABLED)
  46:.\Generated_Source\PSoC5/I2C_Master_PM.c ****                 I2C_Master_DEFAULT_ADDR, /* addr_d0 */
  47:.\Generated_Source\PSoC5/I2C_Master_PM.c ****             #endif /* (I2C_Master_MODE_SLAVE_ENABLED) */
  48:.\Generated_Source\PSoC5/I2C_Master_PM.c ****         #endif /* (CY_UDB_V0) */
  49:.\Generated_Source\PSoC5/I2C_Master_PM.c ****     #endif /* (I2C_Master_FF_IMPLEMENTED) */
  50:.\Generated_Source\PSoC5/I2C_Master_PM.c **** 
  51:.\Generated_Source\PSoC5/I2C_Master_PM.c ****     #if(I2C_Master_TIMEOUT_ENABLED)
  52:.\Generated_Source\PSoC5/I2C_Master_PM.c ****         I2C_Master_DEFAULT_TMOUT_PERIOD,
  53:.\Generated_Source\PSoC5/I2C_Master_PM.c ****         I2C_Master_DEFAULT_TMOUT_INTR_MASK,
  54:.\Generated_Source\PSoC5/I2C_Master_PM.c **** 
  55:.\Generated_Source\PSoC5/I2C_Master_PM.c ****         #if(I2C_Master_TIMEOUT_PRESCALER_ENABLED && CY_UDB_V0)
  56:.\Generated_Source\PSoC5/I2C_Master_PM.c ****             I2C_Master_DEFAULT_TMOUT_PRESCALER_PRD,
  57:.\Generated_Source\PSoC5/I2C_Master_PM.c ****         #endif /* (I2C_Master_TIMEOUT_PRESCALER_ENABLED) */
  58:.\Generated_Source\PSoC5/I2C_Master_PM.c **** 
  59:.\Generated_Source\PSoC5/I2C_Master_PM.c ****     #endif /* (I2C_Master_TIMEOUT_ENABLED) */
  60:.\Generated_Source\PSoC5/I2C_Master_PM.c **** };
  61:.\Generated_Source\PSoC5/I2C_Master_PM.c **** 
  62:.\Generated_Source\PSoC5/I2C_Master_PM.c **** #if((I2C_Master_FF_IMPLEMENTED) && (I2C_Master_WAKEUP_ENABLED))
  63:.\Generated_Source\PSoC5/I2C_Master_PM.c ****     volatile uint8 I2C_Master_wakeupSource;
  64:.\Generated_Source\PSoC5/I2C_Master_PM.c **** #endif /* ((I2C_Master_FF_IMPLEMENTED) && (I2C_Master_WAKEUP_ENABLED)) */
  65:.\Generated_Source\PSoC5/I2C_Master_PM.c **** 
  66:.\Generated_Source\PSoC5/I2C_Master_PM.c **** 
  67:.\Generated_Source\PSoC5/I2C_Master_PM.c **** /*******************************************************************************
  68:.\Generated_Source\PSoC5/I2C_Master_PM.c **** * Function Name: I2C_Master_SaveConfig
  69:.\Generated_Source\PSoC5/I2C_Master_PM.c **** ********************************************************************************
  70:.\Generated_Source\PSoC5/I2C_Master_PM.c **** *
  71:.\Generated_Source\PSoC5/I2C_Master_PM.c **** * Summary:
  72:.\Generated_Source\PSoC5/I2C_Master_PM.c **** *  Wakeup on address match enabled: disables I2C Master(if was enabled before go
  73:.\Generated_Source\PSoC5/I2C_Master_PM.c **** *  to sleep), enables I2C backup regulator. Waits while on-going transaction be
  74:.\Generated_Source\PSoC5/I2C_Master_PM.c **** *  will completed and I2C will be ready go to sleep. All incoming transaction
  75:.\Generated_Source\PSoC5/I2C_Master_PM.c **** *  will be NACKed till power down will be asserted. The address match event
  76:.\Generated_Source\PSoC5/I2C_Master_PM.c **** *  wakes up the chip.
  77:.\Generated_Source\PSoC5/I2C_Master_PM.c **** *  Wakeup on address match disabled: saves I2C configuration and non-retention
ARM GAS  C:\USERS\LUKAS\APPDATA\LOCAL\TEMP\ccK6p7DS.s 			page 3


  78:.\Generated_Source\PSoC5/I2C_Master_PM.c **** *  register values.
  79:.\Generated_Source\PSoC5/I2C_Master_PM.c **** *
  80:.\Generated_Source\PSoC5/I2C_Master_PM.c **** * Parameters:
  81:.\Generated_Source\PSoC5/I2C_Master_PM.c **** *  None
  82:.\Generated_Source\PSoC5/I2C_Master_PM.c **** *
  83:.\Generated_Source\PSoC5/I2C_Master_PM.c **** * Return:
  84:.\Generated_Source\PSoC5/I2C_Master_PM.c **** *  None
  85:.\Generated_Source\PSoC5/I2C_Master_PM.c **** *
  86:.\Generated_Source\PSoC5/I2C_Master_PM.c **** * Global Variables:
  87:.\Generated_Source\PSoC5/I2C_Master_PM.c **** *  I2C_Master_backup - used to save component configuration and
  88:.\Generated_Source\PSoC5/I2C_Master_PM.c **** *       none-retention registers before enter sleep mode.
  89:.\Generated_Source\PSoC5/I2C_Master_PM.c **** *
  90:.\Generated_Source\PSoC5/I2C_Master_PM.c **** * Reentrant:
  91:.\Generated_Source\PSoC5/I2C_Master_PM.c **** *  No
  92:.\Generated_Source\PSoC5/I2C_Master_PM.c **** *
  93:.\Generated_Source\PSoC5/I2C_Master_PM.c **** *******************************************************************************/
  94:.\Generated_Source\PSoC5/I2C_Master_PM.c **** void I2C_Master_SaveConfig(void) 
  95:.\Generated_Source\PSoC5/I2C_Master_PM.c **** {
  38              		.loc 1 95 0
  39              		.cfi_startproc
  40              		@ args = 0, pretend = 0, frame = 0
  41              		@ frame_needed = 1, uses_anonymous_args = 0
  42              		@ link register save eliminated.
  43 0000 80B4     		push	{r7}
  44              		.cfi_def_cfa_offset 4
  45              		.cfi_offset 7, -4
  46 0002 00AF     		add	r7, sp, #0
  47              		.cfi_def_cfa_register 7
  96:.\Generated_Source\PSoC5/I2C_Master_PM.c ****     #if(I2C_Master_FF_IMPLEMENTED)
  97:.\Generated_Source\PSoC5/I2C_Master_PM.c ****         #if(I2C_Master_WAKEUP_ENABLED)
  98:.\Generated_Source\PSoC5/I2C_Master_PM.c ****             uint8 enableInterrupts;
  99:.\Generated_Source\PSoC5/I2C_Master_PM.c ****         #endif /* (I2C_Master_WAKEUP_ENABLED) */
 100:.\Generated_Source\PSoC5/I2C_Master_PM.c **** 
 101:.\Generated_Source\PSoC5/I2C_Master_PM.c ****         /* Store regiters in either Sleep mode */
 102:.\Generated_Source\PSoC5/I2C_Master_PM.c ****         I2C_Master_backup.cfg  = I2C_Master_CFG_REG;
  48              		.loc 1 102 0
  49 0004 0B4B     		ldr	r3, .L2
  50 0006 1B78     		ldrb	r3, [r3]
  51 0008 DAB2     		uxtb	r2, r3
  52 000a 0B4B     		ldr	r3, .L2+4
  53 000c 9A70     		strb	r2, [r3, #2]
 103:.\Generated_Source\PSoC5/I2C_Master_PM.c ****         I2C_Master_backup.xcfg = I2C_Master_XCFG_REG;
  54              		.loc 1 103 0
  55 000e 0B4B     		ldr	r3, .L2+8
  56 0010 1B78     		ldrb	r3, [r3]
  57 0012 DAB2     		uxtb	r2, r3
  58 0014 084B     		ldr	r3, .L2+4
  59 0016 5A70     		strb	r2, [r3, #1]
 104:.\Generated_Source\PSoC5/I2C_Master_PM.c **** 
 105:.\Generated_Source\PSoC5/I2C_Master_PM.c ****         #if(I2C_Master_MODE_SLAVE_ENABLED)
 106:.\Generated_Source\PSoC5/I2C_Master_PM.c ****             I2C_Master_backup.addr = I2C_Master_ADDR_REG;
 107:.\Generated_Source\PSoC5/I2C_Master_PM.c ****         #endif /* (I2C_Master_MODE_SLAVE_ENABLED) */
 108:.\Generated_Source\PSoC5/I2C_Master_PM.c **** 
 109:.\Generated_Source\PSoC5/I2C_Master_PM.c ****         #if(CY_PSOC5A)
 110:.\Generated_Source\PSoC5/I2C_Master_PM.c ****             I2C_Master_backup.clkDiv   = I2C_Master_CLKDIV_REG;
 111:.\Generated_Source\PSoC5/I2C_Master_PM.c ****         #else
 112:.\Generated_Source\PSoC5/I2C_Master_PM.c ****             I2C_Master_backup.clkDiv1  = I2C_Master_CLKDIV1_REG;
ARM GAS  C:\USERS\LUKAS\APPDATA\LOCAL\TEMP\ccK6p7DS.s 			page 4


  60              		.loc 1 112 0
  61 0018 094B     		ldr	r3, .L2+12
  62 001a 1B78     		ldrb	r3, [r3]
  63 001c DAB2     		uxtb	r2, r3
  64 001e 064B     		ldr	r3, .L2+4
  65 0020 DA70     		strb	r2, [r3, #3]
 113:.\Generated_Source\PSoC5/I2C_Master_PM.c ****             I2C_Master_backup.clkDiv2  = I2C_Master_CLKDIV2_REG;
  66              		.loc 1 113 0
  67 0022 084B     		ldr	r3, .L2+16
  68 0024 1B78     		ldrb	r3, [r3]
  69 0026 DAB2     		uxtb	r2, r3
  70 0028 034B     		ldr	r3, .L2+4
  71 002a 1A71     		strb	r2, [r3, #4]
 114:.\Generated_Source\PSoC5/I2C_Master_PM.c ****         #endif /* (CY_PSOC5A) */
 115:.\Generated_Source\PSoC5/I2C_Master_PM.c **** 
 116:.\Generated_Source\PSoC5/I2C_Master_PM.c ****         #if(I2C_Master_WAKEUP_ENABLED)
 117:.\Generated_Source\PSoC5/I2C_Master_PM.c ****             /* Need to disable Master */
 118:.\Generated_Source\PSoC5/I2C_Master_PM.c ****             I2C_Master_CFG_REG &= ((uint8) ~I2C_Master_ENABLE_MASTER);
 119:.\Generated_Source\PSoC5/I2C_Master_PM.c **** 
 120:.\Generated_Source\PSoC5/I2C_Master_PM.c ****             /* Enable the I2C regulator backup */
 121:.\Generated_Source\PSoC5/I2C_Master_PM.c ****             enableInterrupts = CyEnterCriticalSection();
 122:.\Generated_Source\PSoC5/I2C_Master_PM.c ****             I2C_Master_PWRSYS_CR1_REG |= I2C_Master_PWRSYS_CR1_I2C_REG_BACKUP;
 123:.\Generated_Source\PSoC5/I2C_Master_PM.c ****             CyExitCriticalSection(enableInterrupts);
 124:.\Generated_Source\PSoC5/I2C_Master_PM.c **** 
 125:.\Generated_Source\PSoC5/I2C_Master_PM.c ****             /* 1) Set force NACK to ignore I2C transactions
 126:.\Generated_Source\PSoC5/I2C_Master_PM.c ****                2) Wait while I2C will be ready go to Sleep
 127:.\Generated_Source\PSoC5/I2C_Master_PM.c ****                3) These bits are cleared on wake up */
 128:.\Generated_Source\PSoC5/I2C_Master_PM.c ****             I2C_Master_XCFG_REG |= I2C_Master_XCFG_FORCE_NACK;
 129:.\Generated_Source\PSoC5/I2C_Master_PM.c ****             while(0u == (I2C_Master_XCFG_REG & I2C_Master_XCFG_RDY_TO_SLEEP))
 130:.\Generated_Source\PSoC5/I2C_Master_PM.c ****             {
 131:.\Generated_Source\PSoC5/I2C_Master_PM.c ****                 ; /* Wait when block is ready to Sleep */
 132:.\Generated_Source\PSoC5/I2C_Master_PM.c ****             }
 133:.\Generated_Source\PSoC5/I2C_Master_PM.c **** 
 134:.\Generated_Source\PSoC5/I2C_Master_PM.c ****             /* Setup wakeup interrupt */
 135:.\Generated_Source\PSoC5/I2C_Master_PM.c ****             I2C_Master_DisableInt();
 136:.\Generated_Source\PSoC5/I2C_Master_PM.c ****             (void) CyIntSetVector(I2C_Master_ISR_NUMBER, &I2C_Master_WAKEUP_ISR);
 137:.\Generated_Source\PSoC5/I2C_Master_PM.c ****             I2C_Master_wakeupSource = 0u;
 138:.\Generated_Source\PSoC5/I2C_Master_PM.c ****             I2C_Master_EnableInt();
 139:.\Generated_Source\PSoC5/I2C_Master_PM.c **** 
 140:.\Generated_Source\PSoC5/I2C_Master_PM.c ****         #endif /* (I2C_Master_WAKEUP_ENABLED) */
 141:.\Generated_Source\PSoC5/I2C_Master_PM.c **** 
 142:.\Generated_Source\PSoC5/I2C_Master_PM.c ****     #else
 143:.\Generated_Source\PSoC5/I2C_Master_PM.c ****         /* Store only address match bit */
 144:.\Generated_Source\PSoC5/I2C_Master_PM.c ****         I2C_Master_backup.control = (I2C_Master_CFG_REG & I2C_Master_CTRL_ANY_ADDRESS_MASK);
 145:.\Generated_Source\PSoC5/I2C_Master_PM.c **** 
 146:.\Generated_Source\PSoC5/I2C_Master_PM.c ****         #if(CY_UDB_V0)
 147:.\Generated_Source\PSoC5/I2C_Master_PM.c ****             /* Store interrupt mask bits */
 148:.\Generated_Source\PSoC5/I2C_Master_PM.c ****             I2C_Master_backup.intMask = I2C_Master_INT_MASK_REG;
 149:.\Generated_Source\PSoC5/I2C_Master_PM.c **** 
 150:.\Generated_Source\PSoC5/I2C_Master_PM.c ****             #if(I2C_Master_MODE & I2C_Master_MODE_SLAVE)
 151:.\Generated_Source\PSoC5/I2C_Master_PM.c ****                 I2C_Master_backup.addr = I2C_Master_ADDR_REG;
 152:.\Generated_Source\PSoC5/I2C_Master_PM.c ****             #endif /* (I2C_Master_MODE & I2C_Master_MODE_SLAVE) */
 153:.\Generated_Source\PSoC5/I2C_Master_PM.c **** 
 154:.\Generated_Source\PSoC5/I2C_Master_PM.c ****         #endif /* (CY_UDB_V0) */
 155:.\Generated_Source\PSoC5/I2C_Master_PM.c **** 
 156:.\Generated_Source\PSoC5/I2C_Master_PM.c ****     #endif /* (I2C_Master_FF_IMPLEMENTED) */
 157:.\Generated_Source\PSoC5/I2C_Master_PM.c **** 
ARM GAS  C:\USERS\LUKAS\APPDATA\LOCAL\TEMP\ccK6p7DS.s 			page 5


 158:.\Generated_Source\PSoC5/I2C_Master_PM.c ****     #if(I2C_Master_TIMEOUT_ENABLED)
 159:.\Generated_Source\PSoC5/I2C_Master_PM.c ****         I2C_Master_TimeoutSaveConfig();   /* Save Timeout config */
 160:.\Generated_Source\PSoC5/I2C_Master_PM.c ****     #endif /* (I2C_Master_TIMEOUT_ENABLED) */
 161:.\Generated_Source\PSoC5/I2C_Master_PM.c **** }
  72              		.loc 1 161 0
  73 002c BD46     		mov	sp, r7
  74              		.cfi_def_cfa_register 13
  75              		@ sp needed
  76 002e 5DF8047B 		ldr	r7, [sp], #4
  77              		.cfi_restore 7
  78              		.cfi_def_cfa_offset 0
  79 0032 7047     		bx	lr
  80              	.L3:
  81              		.align	2
  82              	.L2:
  83 0034 D6490040 		.word	1073760726
  84 0038 00000000 		.word	I2C_Master_backup
  85 003c C8490040 		.word	1073760712
  86 0040 DB490040 		.word	1073760731
  87 0044 DC490040 		.word	1073760732
  88              		.cfi_endproc
  89              	.LFE0:
  90              		.size	I2C_Master_SaveConfig, .-I2C_Master_SaveConfig
  91              		.section	.text.I2C_Master_Sleep,"ax",%progbits
  92              		.align	2
  93              		.global	I2C_Master_Sleep
  94              		.thumb
  95              		.thumb_func
  96              		.type	I2C_Master_Sleep, %function
  97              	I2C_Master_Sleep:
  98              	.LFB1:
 162:.\Generated_Source\PSoC5/I2C_Master_PM.c **** 
 163:.\Generated_Source\PSoC5/I2C_Master_PM.c **** 
 164:.\Generated_Source\PSoC5/I2C_Master_PM.c **** /*******************************************************************************
 165:.\Generated_Source\PSoC5/I2C_Master_PM.c **** * Function Name: I2C_Master_Sleep
 166:.\Generated_Source\PSoC5/I2C_Master_PM.c **** ********************************************************************************
 167:.\Generated_Source\PSoC5/I2C_Master_PM.c **** *
 168:.\Generated_Source\PSoC5/I2C_Master_PM.c **** * Summary:
 169:.\Generated_Source\PSoC5/I2C_Master_PM.c **** *  Wakeup on address match enabled: All incoming transaction will be NACKed till
 170:.\Generated_Source\PSoC5/I2C_Master_PM.c **** *  power down will be asserted. The address match event wakes up the chip.
 171:.\Generated_Source\PSoC5/I2C_Master_PM.c **** *  Wakeup on address match disabled: Disables active mode power template bits or
 172:.\Generated_Source\PSoC5/I2C_Master_PM.c **** *  clock gating as appropriate. Saves I2C configuration and non-retention
 173:.\Generated_Source\PSoC5/I2C_Master_PM.c **** *  register values.
 174:.\Generated_Source\PSoC5/I2C_Master_PM.c **** *  Disables I2C interrupt.
 175:.\Generated_Source\PSoC5/I2C_Master_PM.c **** *
 176:.\Generated_Source\PSoC5/I2C_Master_PM.c **** * Parameters:
 177:.\Generated_Source\PSoC5/I2C_Master_PM.c **** *  None
 178:.\Generated_Source\PSoC5/I2C_Master_PM.c **** *
 179:.\Generated_Source\PSoC5/I2C_Master_PM.c **** * Return:
 180:.\Generated_Source\PSoC5/I2C_Master_PM.c **** *  None
 181:.\Generated_Source\PSoC5/I2C_Master_PM.c **** *
 182:.\Generated_Source\PSoC5/I2C_Master_PM.c **** * Reentrant:
 183:.\Generated_Source\PSoC5/I2C_Master_PM.c **** *  No
 184:.\Generated_Source\PSoC5/I2C_Master_PM.c **** *
 185:.\Generated_Source\PSoC5/I2C_Master_PM.c **** *******************************************************************************/
 186:.\Generated_Source\PSoC5/I2C_Master_PM.c **** void I2C_Master_Sleep(void) 
 187:.\Generated_Source\PSoC5/I2C_Master_PM.c **** {
ARM GAS  C:\USERS\LUKAS\APPDATA\LOCAL\TEMP\ccK6p7DS.s 			page 6


  99              		.loc 1 187 0
 100              		.cfi_startproc
 101              		@ args = 0, pretend = 0, frame = 0
 102              		@ frame_needed = 1, uses_anonymous_args = 0
 103 0000 80B5     		push	{r7, lr}
 104              		.cfi_def_cfa_offset 8
 105              		.cfi_offset 7, -8
 106              		.cfi_offset 14, -4
 107 0002 00AF     		add	r7, sp, #0
 108              		.cfi_def_cfa_register 7
 188:.\Generated_Source\PSoC5/I2C_Master_PM.c ****     #if(I2C_Master_WAKEUP_ENABLED)
 189:.\Generated_Source\PSoC5/I2C_Master_PM.c ****         /* The I2C block should be always enabled if used as wakeup source */
 190:.\Generated_Source\PSoC5/I2C_Master_PM.c ****         I2C_Master_backup.enableState = I2C_Master_DISABLE;
 191:.\Generated_Source\PSoC5/I2C_Master_PM.c **** 
 192:.\Generated_Source\PSoC5/I2C_Master_PM.c ****         #if(I2C_Master_TIMEOUT_ENABLED)
 193:.\Generated_Source\PSoC5/I2C_Master_PM.c ****             I2C_Master_TimeoutStop();
 194:.\Generated_Source\PSoC5/I2C_Master_PM.c ****         #endif /* (I2C_Master_TIMEOUT_ENABLED) */
 195:.\Generated_Source\PSoC5/I2C_Master_PM.c **** 
 196:.\Generated_Source\PSoC5/I2C_Master_PM.c ****     #else
 197:.\Generated_Source\PSoC5/I2C_Master_PM.c **** 
 198:.\Generated_Source\PSoC5/I2C_Master_PM.c ****         I2C_Master_backup.enableState = ((uint8) I2C_Master_IS_ENABLED);
 109              		.loc 1 198 0
 110 0004 0C4B     		ldr	r3, .L6
 111 0006 1B78     		ldrb	r3, [r3]
 112 0008 DBB2     		uxtb	r3, r3
 113 000a 03F00403 		and	r3, r3, #4
 114 000e 002B     		cmp	r3, #0
 115 0010 14BF     		ite	ne
 116 0012 0123     		movne	r3, #1
 117 0014 0023     		moveq	r3, #0
 118 0016 DBB2     		uxtb	r3, r3
 119 0018 1A46     		mov	r2, r3
 120 001a 084B     		ldr	r3, .L6+4
 121 001c 1A70     		strb	r2, [r3]
 199:.\Generated_Source\PSoC5/I2C_Master_PM.c **** 
 200:.\Generated_Source\PSoC5/I2C_Master_PM.c ****         if(I2C_Master_IS_ENABLED)
 122              		.loc 1 200 0
 123 001e 064B     		ldr	r3, .L6
 124 0020 1B78     		ldrb	r3, [r3]
 125 0022 DBB2     		uxtb	r3, r3
 126 0024 03F00403 		and	r3, r3, #4
 127 0028 002B     		cmp	r3, #0
 128 002a 01D0     		beq	.L5
 201:.\Generated_Source\PSoC5/I2C_Master_PM.c ****         {
 202:.\Generated_Source\PSoC5/I2C_Master_PM.c ****             I2C_Master_Stop();
 129              		.loc 1 202 0
 130 002c FFF7FEFF 		bl	I2C_Master_Stop
 131              	.L5:
 203:.\Generated_Source\PSoC5/I2C_Master_PM.c ****         }
 204:.\Generated_Source\PSoC5/I2C_Master_PM.c ****     #endif /* (I2C_Master_WAKEUP_ENABLED) */
 205:.\Generated_Source\PSoC5/I2C_Master_PM.c **** 
 206:.\Generated_Source\PSoC5/I2C_Master_PM.c ****     I2C_Master_SaveConfig();
 132              		.loc 1 206 0
 133 0030 FFF7FEFF 		bl	I2C_Master_SaveConfig
 207:.\Generated_Source\PSoC5/I2C_Master_PM.c **** }
 134              		.loc 1 207 0
 135 0034 80BD     		pop	{r7, pc}
ARM GAS  C:\USERS\LUKAS\APPDATA\LOCAL\TEMP\ccK6p7DS.s 			page 7


 136              	.L7:
 137 0036 00BF     		.align	2
 138              	.L6:
 139 0038 A5430040 		.word	1073759141
 140 003c 00000000 		.word	I2C_Master_backup
 141              		.cfi_endproc
 142              	.LFE1:
 143              		.size	I2C_Master_Sleep, .-I2C_Master_Sleep
 144              		.section	.text.I2C_Master_RestoreConfig,"ax",%progbits
 145              		.align	2
 146              		.global	I2C_Master_RestoreConfig
 147              		.thumb
 148              		.thumb_func
 149              		.type	I2C_Master_RestoreConfig, %function
 150              	I2C_Master_RestoreConfig:
 151              	.LFB2:
 208:.\Generated_Source\PSoC5/I2C_Master_PM.c **** 
 209:.\Generated_Source\PSoC5/I2C_Master_PM.c **** 
 210:.\Generated_Source\PSoC5/I2C_Master_PM.c **** /*******************************************************************************
 211:.\Generated_Source\PSoC5/I2C_Master_PM.c **** * Function Name: I2C_Master_RestoreConfig
 212:.\Generated_Source\PSoC5/I2C_Master_PM.c **** ********************************************************************************
 213:.\Generated_Source\PSoC5/I2C_Master_PM.c **** *
 214:.\Generated_Source\PSoC5/I2C_Master_PM.c **** * Summary:
 215:.\Generated_Source\PSoC5/I2C_Master_PM.c **** *  Wakeup on address match enabled: enables I2C Master (if was enabled before go
 216:.\Generated_Source\PSoC5/I2C_Master_PM.c **** *  to sleep), disables I2C backup regulator.
 217:.\Generated_Source\PSoC5/I2C_Master_PM.c **** *  Wakeup on address match disabled: Restores I2C configuration and
 218:.\Generated_Source\PSoC5/I2C_Master_PM.c **** *  non-retention register values.
 219:.\Generated_Source\PSoC5/I2C_Master_PM.c **** *
 220:.\Generated_Source\PSoC5/I2C_Master_PM.c **** * Parameters:
 221:.\Generated_Source\PSoC5/I2C_Master_PM.c **** *  None
 222:.\Generated_Source\PSoC5/I2C_Master_PM.c **** *
 223:.\Generated_Source\PSoC5/I2C_Master_PM.c **** * Return:
 224:.\Generated_Source\PSoC5/I2C_Master_PM.c **** *  None
 225:.\Generated_Source\PSoC5/I2C_Master_PM.c **** *
 226:.\Generated_Source\PSoC5/I2C_Master_PM.c **** * Global Variables:
 227:.\Generated_Source\PSoC5/I2C_Master_PM.c **** *  I2C_Master_backup - used to save component configuration and
 228:.\Generated_Source\PSoC5/I2C_Master_PM.c **** *  none-retention registers before exit sleep mode.
 229:.\Generated_Source\PSoC5/I2C_Master_PM.c **** *
 230:.\Generated_Source\PSoC5/I2C_Master_PM.c **** *******************************************************************************/
 231:.\Generated_Source\PSoC5/I2C_Master_PM.c **** void I2C_Master_RestoreConfig(void) 
 232:.\Generated_Source\PSoC5/I2C_Master_PM.c **** {
 152              		.loc 1 232 0
 153              		.cfi_startproc
 154              		@ args = 0, pretend = 0, frame = 8
 155              		@ frame_needed = 1, uses_anonymous_args = 0
 156 0000 80B5     		push	{r7, lr}
 157              		.cfi_def_cfa_offset 8
 158              		.cfi_offset 7, -8
 159              		.cfi_offset 14, -4
 160 0002 82B0     		sub	sp, sp, #8
 161              		.cfi_def_cfa_offset 16
 162 0004 00AF     		add	r7, sp, #0
 163              		.cfi_def_cfa_register 7
 233:.\Generated_Source\PSoC5/I2C_Master_PM.c ****     #if(I2C_Master_FF_IMPLEMENTED)
 234:.\Generated_Source\PSoC5/I2C_Master_PM.c ****         uint8 enableInterrupts;
 235:.\Generated_Source\PSoC5/I2C_Master_PM.c **** 
 236:.\Generated_Source\PSoC5/I2C_Master_PM.c ****         if(I2C_Master_CHECK_PWRSYS_I2C_BACKUP)    /* Enabled if was in Sleep */
ARM GAS  C:\USERS\LUKAS\APPDATA\LOCAL\TEMP\ccK6p7DS.s 			page 8


 164              		.loc 1 236 0
 165 0006 184B     		ldr	r3, .L11
 166 0008 1B78     		ldrb	r3, [r3]
 167 000a DBB2     		uxtb	r3, r3
 168 000c 03F00403 		and	r3, r3, #4
 169 0010 DBB2     		uxtb	r3, r3
 170 0012 002B     		cmp	r3, #0
 171 0014 14D0     		beq	.L9
 237:.\Generated_Source\PSoC5/I2C_Master_PM.c ****         {
 238:.\Generated_Source\PSoC5/I2C_Master_PM.c ****             /* Disable back-up regulator */
 239:.\Generated_Source\PSoC5/I2C_Master_PM.c ****             enableInterrupts = CyEnterCriticalSection();
 172              		.loc 1 239 0
 173 0016 FFF7FEFF 		bl	CyEnterCriticalSection
 174 001a 0346     		mov	r3, r0
 175 001c FB71     		strb	r3, [r7, #7]
 240:.\Generated_Source\PSoC5/I2C_Master_PM.c ****             I2C_Master_PWRSYS_CR1_REG &= ((uint8) ~I2C_Master_PWRSYS_CR1_I2C_REG_BACKUP);
 176              		.loc 1 240 0
 177 001e 124A     		ldr	r2, .L11
 178 0020 114B     		ldr	r3, .L11
 179 0022 1B78     		ldrb	r3, [r3]
 180 0024 DBB2     		uxtb	r3, r3
 181 0026 23F00403 		bic	r3, r3, #4
 182 002a DBB2     		uxtb	r3, r3
 183 002c 1370     		strb	r3, [r2]
 241:.\Generated_Source\PSoC5/I2C_Master_PM.c ****             CyExitCriticalSection(enableInterrupts);
 184              		.loc 1 241 0
 185 002e FB79     		ldrb	r3, [r7, #7]	@ zero_extendqisi2
 186 0030 1846     		mov	r0, r3
 187 0032 FFF7FEFF 		bl	CyExitCriticalSection
 242:.\Generated_Source\PSoC5/I2C_Master_PM.c **** 
 243:.\Generated_Source\PSoC5/I2C_Master_PM.c ****             /* Re-enable Master */
 244:.\Generated_Source\PSoC5/I2C_Master_PM.c ****             I2C_Master_CFG_REG = I2C_Master_backup.cfg;
 188              		.loc 1 244 0
 189 0036 0D4B     		ldr	r3, .L11+4
 190 0038 0D4A     		ldr	r2, .L11+8
 191 003a 9278     		ldrb	r2, [r2, #2]	@ zero_extendqisi2
 192 003c 1A70     		strb	r2, [r3]
 193 003e 0FE0     		b	.L8
 194              	.L9:
 245:.\Generated_Source\PSoC5/I2C_Master_PM.c ****         }
 246:.\Generated_Source\PSoC5/I2C_Master_PM.c ****         else /* The I2C_REG_BACKUP was cleaned by PM API: it means Hibernate or wake-up not set */
 247:.\Generated_Source\PSoC5/I2C_Master_PM.c ****         {
 248:.\Generated_Source\PSoC5/I2C_Master_PM.c ****             #if(I2C_Master_WAKEUP_ENABLED)
 249:.\Generated_Source\PSoC5/I2C_Master_PM.c ****                 /* Disable power to I2C block before register restore */
 250:.\Generated_Source\PSoC5/I2C_Master_PM.c ****                 enableInterrupts = CyEnterCriticalSection();
 251:.\Generated_Source\PSoC5/I2C_Master_PM.c ****                 I2C_Master_ACT_PWRMGR_REG  &= ((uint8) ~I2C_Master_ACT_PWR_EN);
 252:.\Generated_Source\PSoC5/I2C_Master_PM.c ****                 I2C_Master_STBY_PWRMGR_REG &= ((uint8) ~I2C_Master_STBY_PWR_EN);
 253:.\Generated_Source\PSoC5/I2C_Master_PM.c ****                 CyExitCriticalSection(enableInterrupts);
 254:.\Generated_Source\PSoC5/I2C_Master_PM.c **** 
 255:.\Generated_Source\PSoC5/I2C_Master_PM.c ****                 /* Enable component after restore complete */
 256:.\Generated_Source\PSoC5/I2C_Master_PM.c ****                 I2C_Master_backup.enableState = I2C_Master_ENABLE;
 257:.\Generated_Source\PSoC5/I2C_Master_PM.c ****             #endif /* (I2C_Master_WAKEUP_ENABLED) */
 258:.\Generated_Source\PSoC5/I2C_Master_PM.c **** 
 259:.\Generated_Source\PSoC5/I2C_Master_PM.c ****             /* Restore component registers: Hibernate disable power */
 260:.\Generated_Source\PSoC5/I2C_Master_PM.c ****             I2C_Master_XCFG_REG = I2C_Master_backup.xcfg;
 195              		.loc 1 260 0
 196 0040 0C4B     		ldr	r3, .L11+12
ARM GAS  C:\USERS\LUKAS\APPDATA\LOCAL\TEMP\ccK6p7DS.s 			page 9


 197 0042 0B4A     		ldr	r2, .L11+8
 198 0044 5278     		ldrb	r2, [r2, #1]	@ zero_extendqisi2
 199 0046 1A70     		strb	r2, [r3]
 261:.\Generated_Source\PSoC5/I2C_Master_PM.c ****             I2C_Master_CFG_REG  = I2C_Master_backup.cfg;
 200              		.loc 1 261 0
 201 0048 084B     		ldr	r3, .L11+4
 202 004a 094A     		ldr	r2, .L11+8
 203 004c 9278     		ldrb	r2, [r2, #2]	@ zero_extendqisi2
 204 004e 1A70     		strb	r2, [r3]
 262:.\Generated_Source\PSoC5/I2C_Master_PM.c **** 
 263:.\Generated_Source\PSoC5/I2C_Master_PM.c ****             #if(I2C_Master_MODE_SLAVE_ENABLED)
 264:.\Generated_Source\PSoC5/I2C_Master_PM.c ****                 I2C_Master_ADDR_REG = I2C_Master_backup.addr;
 265:.\Generated_Source\PSoC5/I2C_Master_PM.c ****             #endif /* (I2C_Master_MODE_SLAVE_ENABLED) */
 266:.\Generated_Source\PSoC5/I2C_Master_PM.c **** 
 267:.\Generated_Source\PSoC5/I2C_Master_PM.c ****             #if(CY_PSOC5A)
 268:.\Generated_Source\PSoC5/I2C_Master_PM.c ****                 I2C_Master_CLKDIV_REG  = I2C_Master_backup.clkDiv;
 269:.\Generated_Source\PSoC5/I2C_Master_PM.c ****             #else
 270:.\Generated_Source\PSoC5/I2C_Master_PM.c ****                 I2C_Master_CLKDIV1_REG = I2C_Master_backup.clkDiv1;
 205              		.loc 1 270 0
 206 0050 094B     		ldr	r3, .L11+16
 207 0052 074A     		ldr	r2, .L11+8
 208 0054 D278     		ldrb	r2, [r2, #3]	@ zero_extendqisi2
 209 0056 1A70     		strb	r2, [r3]
 271:.\Generated_Source\PSoC5/I2C_Master_PM.c ****                 I2C_Master_CLKDIV2_REG = I2C_Master_backup.clkDiv2;
 210              		.loc 1 271 0
 211 0058 084B     		ldr	r3, .L11+20
 212 005a 054A     		ldr	r2, .L11+8
 213 005c 1279     		ldrb	r2, [r2, #4]	@ zero_extendqisi2
 214 005e 1A70     		strb	r2, [r3]
 215              	.L8:
 272:.\Generated_Source\PSoC5/I2C_Master_PM.c ****             #endif /* (CY_PSOC5A) */
 273:.\Generated_Source\PSoC5/I2C_Master_PM.c ****         }
 274:.\Generated_Source\PSoC5/I2C_Master_PM.c **** 
 275:.\Generated_Source\PSoC5/I2C_Master_PM.c ****         #if(I2C_Master_WAKEUP_ENABLED)
 276:.\Generated_Source\PSoC5/I2C_Master_PM.c ****             I2C_Master_DisableInt();
 277:.\Generated_Source\PSoC5/I2C_Master_PM.c ****             (void) CyIntSetVector(I2C_Master_ISR_NUMBER, &I2C_Master_ISR);
 278:.\Generated_Source\PSoC5/I2C_Master_PM.c ****             if(0u != I2C_Master_wakeupSource)
 279:.\Generated_Source\PSoC5/I2C_Master_PM.c ****             {
 280:.\Generated_Source\PSoC5/I2C_Master_PM.c ****                 I2C_Master_SetPendingInt();   /* Generate interrupt to process incomming transcatio
 281:.\Generated_Source\PSoC5/I2C_Master_PM.c ****             }
 282:.\Generated_Source\PSoC5/I2C_Master_PM.c ****             I2C_Master_EnableInt();
 283:.\Generated_Source\PSoC5/I2C_Master_PM.c ****         #endif /* (I2C_Master_WAKEUP_ENABLED) */
 284:.\Generated_Source\PSoC5/I2C_Master_PM.c **** 
 285:.\Generated_Source\PSoC5/I2C_Master_PM.c ****     #else
 286:.\Generated_Source\PSoC5/I2C_Master_PM.c **** 
 287:.\Generated_Source\PSoC5/I2C_Master_PM.c ****         #if(CY_UDB_V0)
 288:.\Generated_Source\PSoC5/I2C_Master_PM.c ****             uint8 enableInterrupts;
 289:.\Generated_Source\PSoC5/I2C_Master_PM.c **** 
 290:.\Generated_Source\PSoC5/I2C_Master_PM.c ****             I2C_Master_INT_MASK_REG |= I2C_Master_backup.intMask;
 291:.\Generated_Source\PSoC5/I2C_Master_PM.c **** 
 292:.\Generated_Source\PSoC5/I2C_Master_PM.c ****             enableInterrupts = CyEnterCriticalSection();
 293:.\Generated_Source\PSoC5/I2C_Master_PM.c ****             I2C_Master_INT_ENABLE_REG |= I2C_Master_INT_ENABLE_MASK;
 294:.\Generated_Source\PSoC5/I2C_Master_PM.c ****             CyExitCriticalSection(enableInterrupts);
 295:.\Generated_Source\PSoC5/I2C_Master_PM.c **** 
 296:.\Generated_Source\PSoC5/I2C_Master_PM.c ****             #if(I2C_Master_MODE_MASTER_ENABLED)
 297:.\Generated_Source\PSoC5/I2C_Master_PM.c ****                 /* Restore Master Clock generator */
 298:.\Generated_Source\PSoC5/I2C_Master_PM.c ****                 I2C_Master_MCLK_PRD_REG = I2C_Master_DEFAULT_MCLK_PRD;
ARM GAS  C:\USERS\LUKAS\APPDATA\LOCAL\TEMP\ccK6p7DS.s 			page 10


 299:.\Generated_Source\PSoC5/I2C_Master_PM.c ****                 I2C_Master_MCLK_CMP_REG = I2C_Master_DEFAULT_MCLK_CMP;
 300:.\Generated_Source\PSoC5/I2C_Master_PM.c ****             #endif /* (I2C_Master_MODE_MASTER_ENABLED) */
 301:.\Generated_Source\PSoC5/I2C_Master_PM.c **** 
 302:.\Generated_Source\PSoC5/I2C_Master_PM.c ****             #if(I2C_Master_MODE_SLAVE_ENABLED)
 303:.\Generated_Source\PSoC5/I2C_Master_PM.c ****                 I2C_Master_ADDR_REG = I2C_Master_backup.addr;
 304:.\Generated_Source\PSoC5/I2C_Master_PM.c **** 
 305:.\Generated_Source\PSoC5/I2C_Master_PM.c ****                 /* Restore slave bit counter period */
 306:.\Generated_Source\PSoC5/I2C_Master_PM.c ****                 I2C_Master_PERIOD_REG = I2C_Master_DEFAULT_PERIOD;
 307:.\Generated_Source\PSoC5/I2C_Master_PM.c ****             #endif /* (I2C_Master_MODE_SLAVE_ENABLED) */
 308:.\Generated_Source\PSoC5/I2C_Master_PM.c **** 
 309:.\Generated_Source\PSoC5/I2C_Master_PM.c ****         #endif /* (CY_UDB_V0) */
 310:.\Generated_Source\PSoC5/I2C_Master_PM.c **** 
 311:.\Generated_Source\PSoC5/I2C_Master_PM.c ****         I2C_Master_CFG_REG = I2C_Master_backup.control;
 312:.\Generated_Source\PSoC5/I2C_Master_PM.c **** 
 313:.\Generated_Source\PSoC5/I2C_Master_PM.c ****     #endif /* (I2C_Master_FF_IMPLEMENTED) */
 314:.\Generated_Source\PSoC5/I2C_Master_PM.c **** 
 315:.\Generated_Source\PSoC5/I2C_Master_PM.c ****     #if(I2C_Master_TIMEOUT_ENABLED)
 316:.\Generated_Source\PSoC5/I2C_Master_PM.c ****         I2C_Master_TimeoutRestoreConfig();
 317:.\Generated_Source\PSoC5/I2C_Master_PM.c ****     #endif /* (I2C_Master_TIMEOUT_ENABLED) */
 318:.\Generated_Source\PSoC5/I2C_Master_PM.c **** }
 216              		.loc 1 318 0
 217 0060 0837     		adds	r7, r7, #8
 218              		.cfi_def_cfa_offset 8
 219 0062 BD46     		mov	sp, r7
 220              		.cfi_def_cfa_register 13
 221              		@ sp needed
 222 0064 80BD     		pop	{r7, pc}
 223              	.L12:
 224 0066 00BF     		.align	2
 225              	.L11:
 226 0068 31430040 		.word	1073759025
 227 006c D6490040 		.word	1073760726
 228 0070 00000000 		.word	I2C_Master_backup
 229 0074 C8490040 		.word	1073760712
 230 0078 DB490040 		.word	1073760731
 231 007c DC490040 		.word	1073760732
 232              		.cfi_endproc
 233              	.LFE2:
 234              		.size	I2C_Master_RestoreConfig, .-I2C_Master_RestoreConfig
 235              		.section	.text.I2C_Master_Wakeup,"ax",%progbits
 236              		.align	2
 237              		.global	I2C_Master_Wakeup
 238              		.thumb
 239              		.thumb_func
 240              		.type	I2C_Master_Wakeup, %function
 241              	I2C_Master_Wakeup:
 242              	.LFB3:
 319:.\Generated_Source\PSoC5/I2C_Master_PM.c **** 
 320:.\Generated_Source\PSoC5/I2C_Master_PM.c **** 
 321:.\Generated_Source\PSoC5/I2C_Master_PM.c **** /*******************************************************************************
 322:.\Generated_Source\PSoC5/I2C_Master_PM.c **** * Function Name: I2C_Master_Wakeup
 323:.\Generated_Source\PSoC5/I2C_Master_PM.c **** ********************************************************************************
 324:.\Generated_Source\PSoC5/I2C_Master_PM.c **** *
 325:.\Generated_Source\PSoC5/I2C_Master_PM.c **** * Summary:
 326:.\Generated_Source\PSoC5/I2C_Master_PM.c **** *  Wakeup on address match enabled: enables I2C Master (if was enabled before go
 327:.\Generated_Source\PSoC5/I2C_Master_PM.c **** *  to sleep) and disables I2C backup regulator.
 328:.\Generated_Source\PSoC5/I2C_Master_PM.c **** *  Wakeup on address match disabled: Restores I2C configuration and
ARM GAS  C:\USERS\LUKAS\APPDATA\LOCAL\TEMP\ccK6p7DS.s 			page 11


 329:.\Generated_Source\PSoC5/I2C_Master_PM.c **** *  non-retention register values. Restores Active mode power template bits or
 330:.\Generated_Source\PSoC5/I2C_Master_PM.c **** *  clock gating as appropriate.
 331:.\Generated_Source\PSoC5/I2C_Master_PM.c **** *  The I2C interrupt remains disabled after function call.
 332:.\Generated_Source\PSoC5/I2C_Master_PM.c **** *
 333:.\Generated_Source\PSoC5/I2C_Master_PM.c **** * Parameters:
 334:.\Generated_Source\PSoC5/I2C_Master_PM.c **** *  None
 335:.\Generated_Source\PSoC5/I2C_Master_PM.c **** *
 336:.\Generated_Source\PSoC5/I2C_Master_PM.c **** * Return:
 337:.\Generated_Source\PSoC5/I2C_Master_PM.c **** *  None
 338:.\Generated_Source\PSoC5/I2C_Master_PM.c **** *
 339:.\Generated_Source\PSoC5/I2C_Master_PM.c **** * Reentrant:
 340:.\Generated_Source\PSoC5/I2C_Master_PM.c **** *  No
 341:.\Generated_Source\PSoC5/I2C_Master_PM.c **** *
 342:.\Generated_Source\PSoC5/I2C_Master_PM.c **** *******************************************************************************/
 343:.\Generated_Source\PSoC5/I2C_Master_PM.c **** void I2C_Master_Wakeup(void) 
 344:.\Generated_Source\PSoC5/I2C_Master_PM.c **** {
 243              		.loc 1 344 0
 244              		.cfi_startproc
 245              		@ args = 0, pretend = 0, frame = 0
 246              		@ frame_needed = 1, uses_anonymous_args = 0
 247 0000 80B5     		push	{r7, lr}
 248              		.cfi_def_cfa_offset 8
 249              		.cfi_offset 7, -8
 250              		.cfi_offset 14, -4
 251 0002 00AF     		add	r7, sp, #0
 252              		.cfi_def_cfa_register 7
 345:.\Generated_Source\PSoC5/I2C_Master_PM.c ****     I2C_Master_RestoreConfig();   /* Restore I2C register settings */
 253              		.loc 1 345 0
 254 0004 FFF7FEFF 		bl	I2C_Master_RestoreConfig
 346:.\Generated_Source\PSoC5/I2C_Master_PM.c **** 
 347:.\Generated_Source\PSoC5/I2C_Master_PM.c ****     /* Restore component enable state */
 348:.\Generated_Source\PSoC5/I2C_Master_PM.c ****     if(0u != I2C_Master_backup.enableState)
 255              		.loc 1 348 0
 256 0008 054B     		ldr	r3, .L15
 257 000a 1B78     		ldrb	r3, [r3]	@ zero_extendqisi2
 258 000c 002B     		cmp	r3, #0
 259 000e 05D0     		beq	.L13
 349:.\Generated_Source\PSoC5/I2C_Master_PM.c ****     {
 350:.\Generated_Source\PSoC5/I2C_Master_PM.c ****         I2C_Master_Enable();
 260              		.loc 1 350 0
 261 0010 FFF7FEFF 		bl	I2C_Master_Enable
 351:.\Generated_Source\PSoC5/I2C_Master_PM.c ****         I2C_Master_EnableInt();
 262              		.loc 1 351 0
 263 0014 034B     		ldr	r3, .L15+4
 264 0016 4FF40042 		mov	r2, #32768
 265 001a 1A60     		str	r2, [r3]
 266              	.L13:
 352:.\Generated_Source\PSoC5/I2C_Master_PM.c ****     }
 353:.\Generated_Source\PSoC5/I2C_Master_PM.c ****     else
 354:.\Generated_Source\PSoC5/I2C_Master_PM.c ****     {
 355:.\Generated_Source\PSoC5/I2C_Master_PM.c ****         #if(I2C_Master_TIMEOUT_ENABLED)
 356:.\Generated_Source\PSoC5/I2C_Master_PM.c ****             I2C_Master_TimeoutEnable();
 357:.\Generated_Source\PSoC5/I2C_Master_PM.c ****         #endif /* (I2C_Master_TIMEOUT_ENABLED) */
 358:.\Generated_Source\PSoC5/I2C_Master_PM.c ****     }
 359:.\Generated_Source\PSoC5/I2C_Master_PM.c **** }
 267              		.loc 1 359 0
 268 001c 80BD     		pop	{r7, pc}
ARM GAS  C:\USERS\LUKAS\APPDATA\LOCAL\TEMP\ccK6p7DS.s 			page 12


 269              	.L16:
 270 001e 00BF     		.align	2
 271              	.L15:
 272 0020 00000000 		.word	I2C_Master_backup
 273 0024 00E100E0 		.word	-536813312
 274              		.cfi_endproc
 275              	.LFE3:
 276              		.size	I2C_Master_Wakeup, .-I2C_Master_Wakeup
 277              		.text
 278              	.Letext0:
 279              		.file 2 ".\\Generated_Source\\PSoC5\\cytypes.h"
 280              		.file 3 ".\\Generated_Source\\PSoC5\\I2C_Master.h"
 281              		.section	.debug_info,"",%progbits
 282              	.Ldebug_info0:
 283 0000 7E010000 		.4byte	0x17e
 284 0004 0400     		.2byte	0x4
 285 0006 00000000 		.4byte	.Ldebug_abbrev0
 286 000a 04       		.byte	0x4
 287 000b 01       		.uleb128 0x1
 288 000c FC000000 		.4byte	.LASF26
 289 0010 01       		.byte	0x1
 290 0011 5E000000 		.4byte	.LASF27
 291 0015 00000000 		.4byte	.LASF28
 292 0019 00000000 		.4byte	.Ldebug_ranges0+0
 293 001d 00000000 		.4byte	0
 294 0021 00000000 		.4byte	.Ldebug_line0
 295 0025 02       		.uleb128 0x2
 296 0026 01       		.byte	0x1
 297 0027 06       		.byte	0x6
 298 0028 70020000 		.4byte	.LASF0
 299 002c 02       		.uleb128 0x2
 300 002d 01       		.byte	0x1
 301 002e 08       		.byte	0x8
 302 002f C0000000 		.4byte	.LASF1
 303 0033 02       		.uleb128 0x2
 304 0034 02       		.byte	0x2
 305 0035 05       		.byte	0x5
 306 0036 51020000 		.4byte	.LASF2
 307 003a 02       		.uleb128 0x2
 308 003b 02       		.byte	0x2
 309 003c 07       		.byte	0x7
 310 003d 8F000000 		.4byte	.LASF3
 311 0041 02       		.uleb128 0x2
 312 0042 04       		.byte	0x4
 313 0043 05       		.byte	0x5
 314 0044 5B020000 		.4byte	.LASF4
 315 0048 02       		.uleb128 0x2
 316 0049 04       		.byte	0x4
 317 004a 07       		.byte	0x7
 318 004b D3000000 		.4byte	.LASF5
 319 004f 02       		.uleb128 0x2
 320 0050 08       		.byte	0x8
 321 0051 05       		.byte	0x5
 322 0052 39020000 		.4byte	.LASF6
 323 0056 02       		.uleb128 0x2
 324 0057 08       		.byte	0x8
 325 0058 07       		.byte	0x7
ARM GAS  C:\USERS\LUKAS\APPDATA\LOCAL\TEMP\ccK6p7DS.s 			page 13


 326 0059 CD010000 		.4byte	.LASF7
 327 005d 03       		.uleb128 0x3
 328 005e 04       		.byte	0x4
 329 005f 05       		.byte	0x5
 330 0060 696E7400 		.ascii	"int\000"
 331 0064 02       		.uleb128 0x2
 332 0065 04       		.byte	0x4
 333 0066 07       		.byte	0x7
 334 0067 C0010000 		.4byte	.LASF8
 335 006b 04       		.uleb128 0x4
 336 006c E5000000 		.4byte	.LASF9
 337 0070 02       		.byte	0x2
 338 0071 5B       		.byte	0x5b
 339 0072 2C000000 		.4byte	0x2c
 340 0076 04       		.uleb128 0x4
 341 0077 B2010000 		.4byte	.LASF10
 342 007b 02       		.byte	0x2
 343 007c 5C       		.byte	0x5c
 344 007d 3A000000 		.4byte	0x3a
 345 0081 04       		.uleb128 0x4
 346 0082 B9010000 		.4byte	.LASF11
 347 0086 02       		.byte	0x2
 348 0087 5D       		.byte	0x5d
 349 0088 48000000 		.4byte	0x48
 350 008c 02       		.uleb128 0x2
 351 008d 04       		.byte	0x4
 352 008e 04       		.byte	0x4
 353 008f BA000000 		.4byte	.LASF12
 354 0093 02       		.uleb128 0x2
 355 0094 08       		.byte	0x8
 356 0095 04       		.byte	0x4
 357 0096 A2000000 		.4byte	.LASF13
 358 009a 02       		.uleb128 0x2
 359 009b 01       		.byte	0x1
 360 009c 08       		.byte	0x8
 361 009d 47020000 		.4byte	.LASF14
 362 00a1 04       		.uleb128 0x4
 363 00a2 CE000000 		.4byte	.LASF15
 364 00a6 02       		.byte	0x2
 365 00a7 F0       		.byte	0xf0
 366 00a8 AC000000 		.4byte	0xac
 367 00ac 05       		.uleb128 0x5
 368 00ad 6B000000 		.4byte	0x6b
 369 00b1 04       		.uleb128 0x4
 370 00b2 58000000 		.4byte	.LASF16
 371 00b6 02       		.byte	0x2
 372 00b7 F2       		.byte	0xf2
 373 00b8 BC000000 		.4byte	0xbc
 374 00bc 05       		.uleb128 0x5
 375 00bd 81000000 		.4byte	0x81
 376 00c1 02       		.uleb128 0x2
 377 00c2 04       		.byte	0x4
 378 00c3 07       		.byte	0x7
 379 00c4 30020000 		.4byte	.LASF17
 380 00c8 06       		.uleb128 0x6
 381 00c9 05       		.byte	0x5
 382 00ca 03       		.byte	0x3
ARM GAS  C:\USERS\LUKAS\APPDATA\LOCAL\TEMP\ccK6p7DS.s 			page 14


 383 00cb 78       		.byte	0x78
 384 00cc 0D010000 		.4byte	0x10d
 385 00d0 07       		.uleb128 0x7
 386 00d1 64020000 		.4byte	.LASF18
 387 00d5 03       		.byte	0x3
 388 00d6 7A       		.byte	0x7a
 389 00d7 6B000000 		.4byte	0x6b
 390 00db 00       		.byte	0
 391 00dc 07       		.uleb128 0x7
 392 00dd 4C020000 		.4byte	.LASF19
 393 00e1 03       		.byte	0x3
 394 00e2 7D       		.byte	0x7d
 395 00e3 6B000000 		.4byte	0x6b
 396 00e7 01       		.byte	0x1
 397 00e8 08       		.uleb128 0x8
 398 00e9 63666700 		.ascii	"cfg\000"
 399 00ed 03       		.byte	0x3
 400 00ee 7E       		.byte	0x7e
 401 00ef 6B000000 		.4byte	0x6b
 402 00f3 02       		.byte	0x2
 403 00f4 07       		.uleb128 0x7
 404 00f5 E4010000 		.4byte	.LASF20
 405 00f9 03       		.byte	0x3
 406 00fa 87       		.byte	0x87
 407 00fb 6B000000 		.4byte	0x6b
 408 00ff 03       		.byte	0x3
 409 0100 07       		.uleb128 0x7
 410 0101 87000000 		.4byte	.LASF21
 411 0105 03       		.byte	0x3
 412 0106 88       		.byte	0x88
 413 0107 6B000000 		.4byte	0x6b
 414 010b 04       		.byte	0x4
 415 010c 00       		.byte	0
 416 010d 04       		.uleb128 0x4
 417 010e EC010000 		.4byte	.LASF22
 418 0112 03       		.byte	0x3
 419 0113 A2       		.byte	0xa2
 420 0114 C8000000 		.4byte	0xc8
 421 0118 09       		.uleb128 0x9
 422 0119 9C010000 		.4byte	.LASF23
 423 011d 01       		.byte	0x1
 424 011e 5E       		.byte	0x5e
 425 011f 00000000 		.4byte	.LFB0
 426 0123 48000000 		.4byte	.LFE0-.LFB0
 427 0127 01       		.uleb128 0x1
 428 0128 9C       		.byte	0x9c
 429 0129 0A       		.uleb128 0xa
 430 012a A9000000 		.4byte	.LASF24
 431 012e 01       		.byte	0x1
 432 012f BA       		.byte	0xba
 433 0130 00000000 		.4byte	.LFB1
 434 0134 40000000 		.4byte	.LFE1-.LFB1
 435 0138 01       		.uleb128 0x1
 436 0139 9C       		.byte	0x9c
 437 013a 0B       		.uleb128 0xb
 438 013b 05020000 		.4byte	.LASF29
 439 013f 01       		.byte	0x1
ARM GAS  C:\USERS\LUKAS\APPDATA\LOCAL\TEMP\ccK6p7DS.s 			page 15


 440 0140 E7       		.byte	0xe7
 441 0141 00000000 		.4byte	.LFB2
 442 0145 80000000 		.4byte	.LFE2-.LFB2
 443 0149 01       		.uleb128 0x1
 444 014a 9C       		.byte	0x9c
 445 014b 5E010000 		.4byte	0x15e
 446 014f 0C       		.uleb128 0xc
 447 0150 EB000000 		.4byte	.LASF30
 448 0154 01       		.byte	0x1
 449 0155 EA       		.byte	0xea
 450 0156 6B000000 		.4byte	0x6b
 451 015a 02       		.uleb128 0x2
 452 015b 91       		.byte	0x91
 453 015c 77       		.sleb128 -9
 454 015d 00       		.byte	0
 455 015e 0D       		.uleb128 0xd
 456 015f 1E020000 		.4byte	.LASF25
 457 0163 01       		.byte	0x1
 458 0164 5701     		.2byte	0x157
 459 0166 00000000 		.4byte	.LFB3
 460 016a 28000000 		.4byte	.LFE3-.LFB3
 461 016e 01       		.uleb128 0x1
 462 016f 9C       		.byte	0x9c
 463 0170 0E       		.uleb128 0xe
 464 0171 8A010000 		.4byte	.LASF31
 465 0175 01       		.byte	0x1
 466 0176 14       		.byte	0x14
 467 0177 0D010000 		.4byte	0x10d
 468 017b 05       		.uleb128 0x5
 469 017c 03       		.byte	0x3
 470 017d 00000000 		.4byte	I2C_Master_backup
 471 0181 00       		.byte	0
 472              		.section	.debug_abbrev,"",%progbits
 473              	.Ldebug_abbrev0:
 474 0000 01       		.uleb128 0x1
 475 0001 11       		.uleb128 0x11
 476 0002 01       		.byte	0x1
 477 0003 25       		.uleb128 0x25
 478 0004 0E       		.uleb128 0xe
 479 0005 13       		.uleb128 0x13
 480 0006 0B       		.uleb128 0xb
 481 0007 03       		.uleb128 0x3
 482 0008 0E       		.uleb128 0xe
 483 0009 1B       		.uleb128 0x1b
 484 000a 0E       		.uleb128 0xe
 485 000b 55       		.uleb128 0x55
 486 000c 17       		.uleb128 0x17
 487 000d 11       		.uleb128 0x11
 488 000e 01       		.uleb128 0x1
 489 000f 10       		.uleb128 0x10
 490 0010 17       		.uleb128 0x17
 491 0011 00       		.byte	0
 492 0012 00       		.byte	0
 493 0013 02       		.uleb128 0x2
 494 0014 24       		.uleb128 0x24
 495 0015 00       		.byte	0
 496 0016 0B       		.uleb128 0xb
ARM GAS  C:\USERS\LUKAS\APPDATA\LOCAL\TEMP\ccK6p7DS.s 			page 16


 497 0017 0B       		.uleb128 0xb
 498 0018 3E       		.uleb128 0x3e
 499 0019 0B       		.uleb128 0xb
 500 001a 03       		.uleb128 0x3
 501 001b 0E       		.uleb128 0xe
 502 001c 00       		.byte	0
 503 001d 00       		.byte	0
 504 001e 03       		.uleb128 0x3
 505 001f 24       		.uleb128 0x24
 506 0020 00       		.byte	0
 507 0021 0B       		.uleb128 0xb
 508 0022 0B       		.uleb128 0xb
 509 0023 3E       		.uleb128 0x3e
 510 0024 0B       		.uleb128 0xb
 511 0025 03       		.uleb128 0x3
 512 0026 08       		.uleb128 0x8
 513 0027 00       		.byte	0
 514 0028 00       		.byte	0
 515 0029 04       		.uleb128 0x4
 516 002a 16       		.uleb128 0x16
 517 002b 00       		.byte	0
 518 002c 03       		.uleb128 0x3
 519 002d 0E       		.uleb128 0xe
 520 002e 3A       		.uleb128 0x3a
 521 002f 0B       		.uleb128 0xb
 522 0030 3B       		.uleb128 0x3b
 523 0031 0B       		.uleb128 0xb
 524 0032 49       		.uleb128 0x49
 525 0033 13       		.uleb128 0x13
 526 0034 00       		.byte	0
 527 0035 00       		.byte	0
 528 0036 05       		.uleb128 0x5
 529 0037 35       		.uleb128 0x35
 530 0038 00       		.byte	0
 531 0039 49       		.uleb128 0x49
 532 003a 13       		.uleb128 0x13
 533 003b 00       		.byte	0
 534 003c 00       		.byte	0
 535 003d 06       		.uleb128 0x6
 536 003e 13       		.uleb128 0x13
 537 003f 01       		.byte	0x1
 538 0040 0B       		.uleb128 0xb
 539 0041 0B       		.uleb128 0xb
 540 0042 3A       		.uleb128 0x3a
 541 0043 0B       		.uleb128 0xb
 542 0044 3B       		.uleb128 0x3b
 543 0045 0B       		.uleb128 0xb
 544 0046 01       		.uleb128 0x1
 545 0047 13       		.uleb128 0x13
 546 0048 00       		.byte	0
 547 0049 00       		.byte	0
 548 004a 07       		.uleb128 0x7
 549 004b 0D       		.uleb128 0xd
 550 004c 00       		.byte	0
 551 004d 03       		.uleb128 0x3
 552 004e 0E       		.uleb128 0xe
 553 004f 3A       		.uleb128 0x3a
ARM GAS  C:\USERS\LUKAS\APPDATA\LOCAL\TEMP\ccK6p7DS.s 			page 17


 554 0050 0B       		.uleb128 0xb
 555 0051 3B       		.uleb128 0x3b
 556 0052 0B       		.uleb128 0xb
 557 0053 49       		.uleb128 0x49
 558 0054 13       		.uleb128 0x13
 559 0055 38       		.uleb128 0x38
 560 0056 0B       		.uleb128 0xb
 561 0057 00       		.byte	0
 562 0058 00       		.byte	0
 563 0059 08       		.uleb128 0x8
 564 005a 0D       		.uleb128 0xd
 565 005b 00       		.byte	0
 566 005c 03       		.uleb128 0x3
 567 005d 08       		.uleb128 0x8
 568 005e 3A       		.uleb128 0x3a
 569 005f 0B       		.uleb128 0xb
 570 0060 3B       		.uleb128 0x3b
 571 0061 0B       		.uleb128 0xb
 572 0062 49       		.uleb128 0x49
 573 0063 13       		.uleb128 0x13
 574 0064 38       		.uleb128 0x38
 575 0065 0B       		.uleb128 0xb
 576 0066 00       		.byte	0
 577 0067 00       		.byte	0
 578 0068 09       		.uleb128 0x9
 579 0069 2E       		.uleb128 0x2e
 580 006a 00       		.byte	0
 581 006b 3F       		.uleb128 0x3f
 582 006c 19       		.uleb128 0x19
 583 006d 03       		.uleb128 0x3
 584 006e 0E       		.uleb128 0xe
 585 006f 3A       		.uleb128 0x3a
 586 0070 0B       		.uleb128 0xb
 587 0071 3B       		.uleb128 0x3b
 588 0072 0B       		.uleb128 0xb
 589 0073 27       		.uleb128 0x27
 590 0074 19       		.uleb128 0x19
 591 0075 11       		.uleb128 0x11
 592 0076 01       		.uleb128 0x1
 593 0077 12       		.uleb128 0x12
 594 0078 06       		.uleb128 0x6
 595 0079 40       		.uleb128 0x40
 596 007a 18       		.uleb128 0x18
 597 007b 9742     		.uleb128 0x2117
 598 007d 19       		.uleb128 0x19
 599 007e 00       		.byte	0
 600 007f 00       		.byte	0
 601 0080 0A       		.uleb128 0xa
 602 0081 2E       		.uleb128 0x2e
 603 0082 00       		.byte	0
 604 0083 3F       		.uleb128 0x3f
 605 0084 19       		.uleb128 0x19
 606 0085 03       		.uleb128 0x3
 607 0086 0E       		.uleb128 0xe
 608 0087 3A       		.uleb128 0x3a
 609 0088 0B       		.uleb128 0xb
 610 0089 3B       		.uleb128 0x3b
ARM GAS  C:\USERS\LUKAS\APPDATA\LOCAL\TEMP\ccK6p7DS.s 			page 18


 611 008a 0B       		.uleb128 0xb
 612 008b 27       		.uleb128 0x27
 613 008c 19       		.uleb128 0x19
 614 008d 11       		.uleb128 0x11
 615 008e 01       		.uleb128 0x1
 616 008f 12       		.uleb128 0x12
 617 0090 06       		.uleb128 0x6
 618 0091 40       		.uleb128 0x40
 619 0092 18       		.uleb128 0x18
 620 0093 9642     		.uleb128 0x2116
 621 0095 19       		.uleb128 0x19
 622 0096 00       		.byte	0
 623 0097 00       		.byte	0
 624 0098 0B       		.uleb128 0xb
 625 0099 2E       		.uleb128 0x2e
 626 009a 01       		.byte	0x1
 627 009b 3F       		.uleb128 0x3f
 628 009c 19       		.uleb128 0x19
 629 009d 03       		.uleb128 0x3
 630 009e 0E       		.uleb128 0xe
 631 009f 3A       		.uleb128 0x3a
 632 00a0 0B       		.uleb128 0xb
 633 00a1 3B       		.uleb128 0x3b
 634 00a2 0B       		.uleb128 0xb
 635 00a3 27       		.uleb128 0x27
 636 00a4 19       		.uleb128 0x19
 637 00a5 11       		.uleb128 0x11
 638 00a6 01       		.uleb128 0x1
 639 00a7 12       		.uleb128 0x12
 640 00a8 06       		.uleb128 0x6
 641 00a9 40       		.uleb128 0x40
 642 00aa 18       		.uleb128 0x18
 643 00ab 9642     		.uleb128 0x2116
 644 00ad 19       		.uleb128 0x19
 645 00ae 01       		.uleb128 0x1
 646 00af 13       		.uleb128 0x13
 647 00b0 00       		.byte	0
 648 00b1 00       		.byte	0
 649 00b2 0C       		.uleb128 0xc
 650 00b3 34       		.uleb128 0x34
 651 00b4 00       		.byte	0
 652 00b5 03       		.uleb128 0x3
 653 00b6 0E       		.uleb128 0xe
 654 00b7 3A       		.uleb128 0x3a
 655 00b8 0B       		.uleb128 0xb
 656 00b9 3B       		.uleb128 0x3b
 657 00ba 0B       		.uleb128 0xb
 658 00bb 49       		.uleb128 0x49
 659 00bc 13       		.uleb128 0x13
 660 00bd 02       		.uleb128 0x2
 661 00be 18       		.uleb128 0x18
 662 00bf 00       		.byte	0
 663 00c0 00       		.byte	0
 664 00c1 0D       		.uleb128 0xd
 665 00c2 2E       		.uleb128 0x2e
 666 00c3 00       		.byte	0
 667 00c4 3F       		.uleb128 0x3f
ARM GAS  C:\USERS\LUKAS\APPDATA\LOCAL\TEMP\ccK6p7DS.s 			page 19


 668 00c5 19       		.uleb128 0x19
 669 00c6 03       		.uleb128 0x3
 670 00c7 0E       		.uleb128 0xe
 671 00c8 3A       		.uleb128 0x3a
 672 00c9 0B       		.uleb128 0xb
 673 00ca 3B       		.uleb128 0x3b
 674 00cb 05       		.uleb128 0x5
 675 00cc 27       		.uleb128 0x27
 676 00cd 19       		.uleb128 0x19
 677 00ce 11       		.uleb128 0x11
 678 00cf 01       		.uleb128 0x1
 679 00d0 12       		.uleb128 0x12
 680 00d1 06       		.uleb128 0x6
 681 00d2 40       		.uleb128 0x40
 682 00d3 18       		.uleb128 0x18
 683 00d4 9642     		.uleb128 0x2116
 684 00d6 19       		.uleb128 0x19
 685 00d7 00       		.byte	0
 686 00d8 00       		.byte	0
 687 00d9 0E       		.uleb128 0xe
 688 00da 34       		.uleb128 0x34
 689 00db 00       		.byte	0
 690 00dc 03       		.uleb128 0x3
 691 00dd 0E       		.uleb128 0xe
 692 00de 3A       		.uleb128 0x3a
 693 00df 0B       		.uleb128 0xb
 694 00e0 3B       		.uleb128 0x3b
 695 00e1 0B       		.uleb128 0xb
 696 00e2 49       		.uleb128 0x49
 697 00e3 13       		.uleb128 0x13
 698 00e4 3F       		.uleb128 0x3f
 699 00e5 19       		.uleb128 0x19
 700 00e6 02       		.uleb128 0x2
 701 00e7 18       		.uleb128 0x18
 702 00e8 00       		.byte	0
 703 00e9 00       		.byte	0
 704 00ea 00       		.byte	0
 705              		.section	.debug_aranges,"",%progbits
 706 0000 34000000 		.4byte	0x34
 707 0004 0200     		.2byte	0x2
 708 0006 00000000 		.4byte	.Ldebug_info0
 709 000a 04       		.byte	0x4
 710 000b 00       		.byte	0
 711 000c 0000     		.2byte	0
 712 000e 0000     		.2byte	0
 713 0010 00000000 		.4byte	.LFB0
 714 0014 48000000 		.4byte	.LFE0-.LFB0
 715 0018 00000000 		.4byte	.LFB1
 716 001c 40000000 		.4byte	.LFE1-.LFB1
 717 0020 00000000 		.4byte	.LFB2
 718 0024 80000000 		.4byte	.LFE2-.LFB2
 719 0028 00000000 		.4byte	.LFB3
 720 002c 28000000 		.4byte	.LFE3-.LFB3
 721 0030 00000000 		.4byte	0
 722 0034 00000000 		.4byte	0
 723              		.section	.debug_ranges,"",%progbits
 724              	.Ldebug_ranges0:
ARM GAS  C:\USERS\LUKAS\APPDATA\LOCAL\TEMP\ccK6p7DS.s 			page 20


 725 0000 00000000 		.4byte	.LFB0
 726 0004 48000000 		.4byte	.LFE0
 727 0008 00000000 		.4byte	.LFB1
 728 000c 40000000 		.4byte	.LFE1
 729 0010 00000000 		.4byte	.LFB2
 730 0014 80000000 		.4byte	.LFE2
 731 0018 00000000 		.4byte	.LFB3
 732 001c 28000000 		.4byte	.LFE3
 733 0020 00000000 		.4byte	0
 734 0024 00000000 		.4byte	0
 735              		.section	.debug_line,"",%progbits
 736              	.Ldebug_line0:
 737 0000 C7000000 		.section	.debug_str,"MS",%progbits,1
 737      02005C00 
 737      00000201 
 737      FB0E0D00 
 737      01010101 
 738              	.LASF28:
 739 0000 433A5C55 		.ascii	"C:\\Users\\lukas\\Desktop\\PioneerKit_P5LP_USB_Audi"
 739      73657273 
 739      5C6C756B 
 739      61735C44 
 739      65736B74 
 740 002f 6F2D6D61 		.ascii	"o-master\\PioneerKit_P5LP_USB_Audio.cydsn\000"
 740      73746572 
 740      5C50696F 
 740      6E656572 
 740      4B69745F 
 741              	.LASF16:
 742 0058 72656733 		.ascii	"reg32\000"
 742      3200
 743              	.LASF27:
 744 005e 2E5C4765 		.ascii	".\\Generated_Source\\PSoC5\\I2C_Master_PM.c\000"
 744      6E657261 
 744      7465645F 
 744      536F7572 
 744      63655C50 
 745              	.LASF21:
 746 0087 636C6B44 		.ascii	"clkDiv2\000"
 746      69763200 
 747              	.LASF3:
 748 008f 73686F72 		.ascii	"short unsigned int\000"
 748      7420756E 
 748      7369676E 
 748      65642069 
 748      6E7400
 749              	.LASF13:
 750 00a2 646F7562 		.ascii	"double\000"
 750      6C6500
 751              	.LASF24:
 752 00a9 4932435F 		.ascii	"I2C_Master_Sleep\000"
 752      4D617374 
 752      65725F53 
 752      6C656570 
 752      00
 753              	.LASF12:
 754 00ba 666C6F61 		.ascii	"float\000"
ARM GAS  C:\USERS\LUKAS\APPDATA\LOCAL\TEMP\ccK6p7DS.s 			page 21


 754      7400
 755              	.LASF1:
 756 00c0 756E7369 		.ascii	"unsigned char\000"
 756      676E6564 
 756      20636861 
 756      7200
 757              	.LASF15:
 758 00ce 72656738 		.ascii	"reg8\000"
 758      00
 759              	.LASF5:
 760 00d3 6C6F6E67 		.ascii	"long unsigned int\000"
 760      20756E73 
 760      69676E65 
 760      6420696E 
 760      7400
 761              	.LASF9:
 762 00e5 75696E74 		.ascii	"uint8\000"
 762      3800
 763              	.LASF30:
 764 00eb 656E6162 		.ascii	"enableInterrupts\000"
 764      6C65496E 
 764      74657272 
 764      75707473 
 764      00
 765              	.LASF26:
 766 00fc 474E5520 		.ascii	"GNU C 4.9.3 20150303 (release) [ARM/embedded-4_9-br"
 766      4320342E 
 766      392E3320 
 766      32303135 
 766      30333033 
 767 012f 616E6368 		.ascii	"anch revision 221220] -mcpu=cortex-m3 -mthumb -g -O"
 767      20726576 
 767      6973696F 
 767      6E203232 
 767      31323230 
 768 0162 30202D66 		.ascii	"0 -ffunction-sections -ffat-lto-objects\000"
 768      66756E63 
 768      74696F6E 
 768      2D736563 
 768      74696F6E 
 769              	.LASF31:
 770 018a 4932435F 		.ascii	"I2C_Master_backup\000"
 770      4D617374 
 770      65725F62 
 770      61636B75 
 770      7000
 771              	.LASF23:
 772 019c 4932435F 		.ascii	"I2C_Master_SaveConfig\000"
 772      4D617374 
 772      65725F53 
 772      61766543 
 772      6F6E6669 
 773              	.LASF10:
 774 01b2 75696E74 		.ascii	"uint16\000"
 774      313600
 775              	.LASF11:
 776 01b9 75696E74 		.ascii	"uint32\000"
ARM GAS  C:\USERS\LUKAS\APPDATA\LOCAL\TEMP\ccK6p7DS.s 			page 22


 776      333200
 777              	.LASF8:
 778 01c0 756E7369 		.ascii	"unsigned int\000"
 778      676E6564 
 778      20696E74 
 778      00
 779              	.LASF7:
 780 01cd 6C6F6E67 		.ascii	"long long unsigned int\000"
 780      206C6F6E 
 780      6720756E 
 780      7369676E 
 780      65642069 
 781              	.LASF20:
 782 01e4 636C6B44 		.ascii	"clkDiv1\000"
 782      69763100 
 783              	.LASF22:
 784 01ec 4932435F 		.ascii	"I2C_Master_BACKUP_STRUCT\000"
 784      4D617374 
 784      65725F42 
 784      41434B55 
 784      505F5354 
 785              	.LASF29:
 786 0205 4932435F 		.ascii	"I2C_Master_RestoreConfig\000"
 786      4D617374 
 786      65725F52 
 786      6573746F 
 786      7265436F 
 787              	.LASF25:
 788 021e 4932435F 		.ascii	"I2C_Master_Wakeup\000"
 788      4D617374 
 788      65725F57 
 788      616B6575 
 788      7000
 789              	.LASF17:
 790 0230 73697A65 		.ascii	"sizetype\000"
 790      74797065 
 790      00
 791              	.LASF6:
 792 0239 6C6F6E67 		.ascii	"long long int\000"
 792      206C6F6E 
 792      6720696E 
 792      7400
 793              	.LASF14:
 794 0247 63686172 		.ascii	"char\000"
 794      00
 795              	.LASF19:
 796 024c 78636667 		.ascii	"xcfg\000"
 796      00
 797              	.LASF2:
 798 0251 73686F72 		.ascii	"short int\000"
 798      7420696E 
 798      7400
 799              	.LASF4:
 800 025b 6C6F6E67 		.ascii	"long int\000"
 800      20696E74 
 800      00
 801              	.LASF18:
ARM GAS  C:\USERS\LUKAS\APPDATA\LOCAL\TEMP\ccK6p7DS.s 			page 23


 802 0264 656E6162 		.ascii	"enableState\000"
 802      6C655374 
 802      61746500 
 803              	.LASF0:
 804 0270 7369676E 		.ascii	"signed char\000"
 804      65642063 
 804      68617200 
 805              		.ident	"GCC: (GNU Tools for ARM Embedded Processors) 4.9.3 20150303 (release) [ARM/embedded-4_9-br
