ARM GAS  C:\USERS\LUKAS\APPDATA\LOCAL\TEMP\ccn0EBue.s 			page 1


   1              		.syntax unified
   2              		.cpu cortex-m3
   3              		.fpu softvfp
   4              		.eabi_attribute 20, 1
   5              		.eabi_attribute 21, 1
   6              		.eabi_attribute 23, 3
   7              		.eabi_attribute 24, 1
   8              		.eabi_attribute 25, 1
   9              		.eabi_attribute 26, 1
  10              		.eabi_attribute 30, 6
  11              		.eabi_attribute 34, 1
  12              		.eabi_attribute 18, 4
  13              		.thumb
  14              		.file	"I2S_PM.c"
  15              		.text
  16              	.Ltext0:
  17              		.cfi_sections	.debug_frame
  18              		.bss
  19              		.align	2
  20              	I2S_backup:
  21 0000 0000     		.space	2
  22 0002 0000     		.section	.text.I2S_SaveConfig,"ax",%progbits
  23              		.align	2
  24              		.global	I2S_SaveConfig
  25              		.thumb
  26              		.thumb_func
  27              		.type	I2S_SaveConfig, %function
  28              	I2S_SaveConfig:
  29              	.LFB0:
  30              		.file 1 ".\\Generated_Source\\PSoC5\\I2S_PM.c"
   1:.\Generated_Source\PSoC5/I2S_PM.c **** /*******************************************************************************
   2:.\Generated_Source\PSoC5/I2S_PM.c **** * File Name: I2S_PM.c
   3:.\Generated_Source\PSoC5/I2S_PM.c **** * Version 2.40
   4:.\Generated_Source\PSoC5/I2S_PM.c **** *
   5:.\Generated_Source\PSoC5/I2S_PM.c **** * Description:
   6:.\Generated_Source\PSoC5/I2S_PM.c **** *  This file contains the setup, control and status commands to support
   7:.\Generated_Source\PSoC5/I2S_PM.c **** *  component operations in low power mode.
   8:.\Generated_Source\PSoC5/I2S_PM.c **** *
   9:.\Generated_Source\PSoC5/I2S_PM.c **** * Note:
  10:.\Generated_Source\PSoC5/I2S_PM.c **** *
  11:.\Generated_Source\PSoC5/I2S_PM.c **** ********************************************************************************
  12:.\Generated_Source\PSoC5/I2S_PM.c **** * Copyright 2008-2012, Cypress Semiconductor Corporation.  All rights reserved.
  13:.\Generated_Source\PSoC5/I2S_PM.c **** * You may use this file only in accordance with the license, terms, conditions,
  14:.\Generated_Source\PSoC5/I2S_PM.c **** * disclaimers, and limitations in the end user license agreement accompanying
  15:.\Generated_Source\PSoC5/I2S_PM.c **** * the software package with which this file was provided.
  16:.\Generated_Source\PSoC5/I2S_PM.c **** *******************************************************************************/
  17:.\Generated_Source\PSoC5/I2S_PM.c **** 
  18:.\Generated_Source\PSoC5/I2S_PM.c **** #include "I2S.h"
  19:.\Generated_Source\PSoC5/I2S_PM.c **** 
  20:.\Generated_Source\PSoC5/I2S_PM.c **** static I2S_BACKUP_STRUCT  I2S_backup =
  21:.\Generated_Source\PSoC5/I2S_PM.c **** {
  22:.\Generated_Source\PSoC5/I2S_PM.c ****     /* Generation of WS and SCK is disabled */
  23:.\Generated_Source\PSoC5/I2S_PM.c ****     I2S_DISABLED,
  24:.\Generated_Source\PSoC5/I2S_PM.c **** 
  25:.\Generated_Source\PSoC5/I2S_PM.c ****     /* RX and/or TX directions are disabled */
  26:.\Generated_Source\PSoC5/I2S_PM.c ****     I2S_DISABLED,
  27:.\Generated_Source\PSoC5/I2S_PM.c **** 
ARM GAS  C:\USERS\LUKAS\APPDATA\LOCAL\TEMP\ccn0EBue.s 			page 2


  28:.\Generated_Source\PSoC5/I2S_PM.c ****     #if(CY_UDB_V0)
  29:.\Generated_Source\PSoC5/I2S_PM.c ****         /* WS Period */
  30:.\Generated_Source\PSoC5/I2S_PM.c ****         I2S_DEFAULT_WS_PERIOD,
  31:.\Generated_Source\PSoC5/I2S_PM.c **** 
  32:.\Generated_Source\PSoC5/I2S_PM.c ****         #if(I2S_TX_DIRECTION_ENABLE)
  33:.\Generated_Source\PSoC5/I2S_PM.c ****             I2S_DEFAULT_TX_INT_SOURCE,
  34:.\Generated_Source\PSoC5/I2S_PM.c ****         #endif /* (I2S_TX_DIRECTION_ENABLE) */
  35:.\Generated_Source\PSoC5/I2S_PM.c ****        
  36:.\Generated_Source\PSoC5/I2S_PM.c ****         #if(I2S_RX_DIRECTION_ENABLE)
  37:.\Generated_Source\PSoC5/I2S_PM.c ****             I2S_DEFAULT_RX_INT_SOURCE
  38:.\Generated_Source\PSoC5/I2S_PM.c ****         #endif /* (I2S_RX_DIRECTION_ENABLE) */
  39:.\Generated_Source\PSoC5/I2S_PM.c **** 
  40:.\Generated_Source\PSoC5/I2S_PM.c ****     #endif /* (CY_UDB_V0) */
  41:.\Generated_Source\PSoC5/I2S_PM.c **** };
  42:.\Generated_Source\PSoC5/I2S_PM.c **** 
  43:.\Generated_Source\PSoC5/I2S_PM.c **** 
  44:.\Generated_Source\PSoC5/I2S_PM.c **** /*******************************************************************************
  45:.\Generated_Source\PSoC5/I2S_PM.c **** * Function Name: I2S_SaveConfig
  46:.\Generated_Source\PSoC5/I2S_PM.c **** ********************************************************************************
  47:.\Generated_Source\PSoC5/I2S_PM.c **** *
  48:.\Generated_Source\PSoC5/I2S_PM.c **** * Summary:
  49:.\Generated_Source\PSoC5/I2S_PM.c **** *  Saves I2S configuration.
  50:.\Generated_Source\PSoC5/I2S_PM.c **** *
  51:.\Generated_Source\PSoC5/I2S_PM.c **** * Parameters:
  52:.\Generated_Source\PSoC5/I2S_PM.c **** *  None.
  53:.\Generated_Source\PSoC5/I2S_PM.c **** *
  54:.\Generated_Source\PSoC5/I2S_PM.c **** * Return:
  55:.\Generated_Source\PSoC5/I2S_PM.c **** *  None.
  56:.\Generated_Source\PSoC5/I2S_PM.c **** *
  57:.\Generated_Source\PSoC5/I2S_PM.c **** * Global Variables:
  58:.\Generated_Source\PSoC5/I2S_PM.c **** *  I2S_backup - modified when non-retention registers are saved.
  59:.\Generated_Source\PSoC5/I2S_PM.c **** *
  60:.\Generated_Source\PSoC5/I2S_PM.c **** * Reentrant:
  61:.\Generated_Source\PSoC5/I2S_PM.c **** *  No.
  62:.\Generated_Source\PSoC5/I2S_PM.c **** *
  63:.\Generated_Source\PSoC5/I2S_PM.c **** *******************************************************************************/
  64:.\Generated_Source\PSoC5/I2S_PM.c **** void I2S_SaveConfig(void) 
  65:.\Generated_Source\PSoC5/I2S_PM.c **** {
  31              		.loc 1 65 0
  32              		.cfi_startproc
  33              		@ args = 0, pretend = 0, frame = 0
  34              		@ frame_needed = 1, uses_anonymous_args = 0
  35              		@ link register save eliminated.
  36 0000 80B4     		push	{r7}
  37              		.cfi_def_cfa_offset 4
  38              		.cfi_offset 7, -4
  39 0002 00AF     		add	r7, sp, #0
  40              		.cfi_def_cfa_register 7
  66:.\Generated_Source\PSoC5/I2S_PM.c ****     /* Saves CTL_REG bits to define what direction was enabled */
  67:.\Generated_Source\PSoC5/I2S_PM.c ****     I2S_backup.CtrlReg = I2S_CONTROL_REG;
  41              		.loc 1 67 0
  42 0004 044B     		ldr	r3, .L2
  43 0006 1B78     		ldrb	r3, [r3]
  44 0008 DAB2     		uxtb	r2, r3
  45 000a 044B     		ldr	r3, .L2+4
  46 000c 5A70     		strb	r2, [r3, #1]
  68:.\Generated_Source\PSoC5/I2S_PM.c **** 
ARM GAS  C:\USERS\LUKAS\APPDATA\LOCAL\TEMP\ccn0EBue.s 			page 3


  69:.\Generated_Source\PSoC5/I2S_PM.c ****     /* Saves CNT7 and STATUSI MSK/PER for UDB array version 0 */
  70:.\Generated_Source\PSoC5/I2S_PM.c ****     #if(CY_UDB_V0)
  71:.\Generated_Source\PSoC5/I2S_PM.c ****         I2S_backup.Cnt7Period = I2S_CNT7_PERIOD_REG;
  72:.\Generated_Source\PSoC5/I2S_PM.c **** 
  73:.\Generated_Source\PSoC5/I2S_PM.c ****         #if(I2S_TX_DIRECTION_ENABLE)
  74:.\Generated_Source\PSoC5/I2S_PM.c ****             I2S_backup.TxIntMask = I2S_TX_STATUS_MASK_REG;
  75:.\Generated_Source\PSoC5/I2S_PM.c ****         #endif /* (I2S_TX_DIRECTION_ENABLE) */
  76:.\Generated_Source\PSoC5/I2S_PM.c ****         
  77:.\Generated_Source\PSoC5/I2S_PM.c ****         #if(I2S_RX_DIRECTION_ENABLE)
  78:.\Generated_Source\PSoC5/I2S_PM.c ****             I2S_backup.RxIntMask = I2S_RX_STATUS_MASK_REG;
  79:.\Generated_Source\PSoC5/I2S_PM.c ****         #endif /* (I2S_RX_DIRECTION_ENABLE) */
  80:.\Generated_Source\PSoC5/I2S_PM.c **** 
  81:.\Generated_Source\PSoC5/I2S_PM.c ****     #endif /* (CY_UDB_V0) */
  82:.\Generated_Source\PSoC5/I2S_PM.c **** }
  47              		.loc 1 82 0
  48 000e BD46     		mov	sp, r7
  49              		.cfi_def_cfa_register 13
  50              		@ sp needed
  51 0010 5DF8047B 		ldr	r7, [sp], #4
  52              		.cfi_restore 7
  53              		.cfi_def_cfa_offset 0
  54 0014 7047     		bx	lr
  55              	.L3:
  56 0016 00BF     		.align	2
  57              	.L2:
  58 0018 75640040 		.word	1073767541
  59 001c 00000000 		.word	I2S_backup
  60              		.cfi_endproc
  61              	.LFE0:
  62              		.size	I2S_SaveConfig, .-I2S_SaveConfig
  63              		.section	.text.I2S_RestoreConfig,"ax",%progbits
  64              		.align	2
  65              		.global	I2S_RestoreConfig
  66              		.thumb
  67              		.thumb_func
  68              		.type	I2S_RestoreConfig, %function
  69              	I2S_RestoreConfig:
  70              	.LFB1:
  83:.\Generated_Source\PSoC5/I2S_PM.c **** 
  84:.\Generated_Source\PSoC5/I2S_PM.c **** 
  85:.\Generated_Source\PSoC5/I2S_PM.c **** /*******************************************************************************
  86:.\Generated_Source\PSoC5/I2S_PM.c **** * Function Name: I2S_RestoreConfig
  87:.\Generated_Source\PSoC5/I2S_PM.c **** ********************************************************************************
  88:.\Generated_Source\PSoC5/I2S_PM.c **** *
  89:.\Generated_Source\PSoC5/I2S_PM.c **** * Summary:
  90:.\Generated_Source\PSoC5/I2S_PM.c **** *  Restores I2S configuration.
  91:.\Generated_Source\PSoC5/I2S_PM.c **** *
  92:.\Generated_Source\PSoC5/I2S_PM.c **** * Parameters:
  93:.\Generated_Source\PSoC5/I2S_PM.c **** *  None.
  94:.\Generated_Source\PSoC5/I2S_PM.c **** *
  95:.\Generated_Source\PSoC5/I2S_PM.c **** * Return:
  96:.\Generated_Source\PSoC5/I2S_PM.c **** *  None.
  97:.\Generated_Source\PSoC5/I2S_PM.c **** *
  98:.\Generated_Source\PSoC5/I2S_PM.c **** * Global Variables:
  99:.\Generated_Source\PSoC5/I2S_PM.c **** *  I2S_backup - used when non-retention registers are restored.
 100:.\Generated_Source\PSoC5/I2S_PM.c **** *
 101:.\Generated_Source\PSoC5/I2S_PM.c **** *******************************************************************************/
ARM GAS  C:\USERS\LUKAS\APPDATA\LOCAL\TEMP\ccn0EBue.s 			page 4


 102:.\Generated_Source\PSoC5/I2S_PM.c **** void I2S_RestoreConfig(void) 
 103:.\Generated_Source\PSoC5/I2S_PM.c **** {
  71              		.loc 1 103 0
  72              		.cfi_startproc
  73              		@ args = 0, pretend = 0, frame = 0
  74              		@ frame_needed = 1, uses_anonymous_args = 0
  75              		@ link register save eliminated.
  76 0000 80B4     		push	{r7}
  77              		.cfi_def_cfa_offset 4
  78              		.cfi_offset 7, -4
  79 0002 00AF     		add	r7, sp, #0
  80              		.cfi_def_cfa_register 7
 104:.\Generated_Source\PSoC5/I2S_PM.c ****     /* Restores CNT7 and STATUSI MSK/PER registers for UDB array version 0 */
 105:.\Generated_Source\PSoC5/I2S_PM.c ****     #if(CY_UDB_V0)
 106:.\Generated_Source\PSoC5/I2S_PM.c ****         I2S_CNT7_PERIOD_REG = I2S_backup.Cnt7Period;
 107:.\Generated_Source\PSoC5/I2S_PM.c **** 
 108:.\Generated_Source\PSoC5/I2S_PM.c ****         #if(I2S_TX_DIRECTION_ENABLE)
 109:.\Generated_Source\PSoC5/I2S_PM.c ****             I2S_TX_STATUS_MASK_REG = I2S_backup.TxIntMask;
 110:.\Generated_Source\PSoC5/I2S_PM.c ****         #endif /* (I2S_TX_DIRECTION_ENABLE) */
 111:.\Generated_Source\PSoC5/I2S_PM.c ****         
 112:.\Generated_Source\PSoC5/I2S_PM.c ****         #if(I2S_RX_DIRECTION_ENABLE)
 113:.\Generated_Source\PSoC5/I2S_PM.c ****             I2S_RX_STATUS_MASK_REG = I2S_backup.RxIntMask;
 114:.\Generated_Source\PSoC5/I2S_PM.c ****         #endif /* (I2S_RX_DIRECTION_ENABLE) */
 115:.\Generated_Source\PSoC5/I2S_PM.c **** 
 116:.\Generated_Source\PSoC5/I2S_PM.c ****     #endif /* CY_UDB_V0 */
 117:.\Generated_Source\PSoC5/I2S_PM.c **** }
  81              		.loc 1 117 0
  82 0004 BD46     		mov	sp, r7
  83              		.cfi_def_cfa_register 13
  84              		@ sp needed
  85 0006 5DF8047B 		ldr	r7, [sp], #4
  86              		.cfi_restore 7
  87              		.cfi_def_cfa_offset 0
  88 000a 7047     		bx	lr
  89              		.cfi_endproc
  90              	.LFE1:
  91              		.size	I2S_RestoreConfig, .-I2S_RestoreConfig
  92              		.section	.text.I2S_Sleep,"ax",%progbits
  93              		.align	2
  94              		.global	I2S_Sleep
  95              		.thumb
  96              		.thumb_func
  97              		.type	I2S_Sleep, %function
  98              	I2S_Sleep:
  99              	.LFB2:
 118:.\Generated_Source\PSoC5/I2S_PM.c **** 
 119:.\Generated_Source\PSoC5/I2S_PM.c **** 
 120:.\Generated_Source\PSoC5/I2S_PM.c **** /*******************************************************************************
 121:.\Generated_Source\PSoC5/I2S_PM.c **** * Function Name: I2S_Sleep
 122:.\Generated_Source\PSoC5/I2S_PM.c **** ********************************************************************************
 123:.\Generated_Source\PSoC5/I2S_PM.c **** *
 124:.\Generated_Source\PSoC5/I2S_PM.c **** * Summary:
 125:.\Generated_Source\PSoC5/I2S_PM.c **** *  Prepares I2S goes to sleep.
 126:.\Generated_Source\PSoC5/I2S_PM.c **** *
 127:.\Generated_Source\PSoC5/I2S_PM.c **** * Parameters:
 128:.\Generated_Source\PSoC5/I2S_PM.c **** *  None.
 129:.\Generated_Source\PSoC5/I2S_PM.c **** *
ARM GAS  C:\USERS\LUKAS\APPDATA\LOCAL\TEMP\ccn0EBue.s 			page 5


 130:.\Generated_Source\PSoC5/I2S_PM.c **** * Return:
 131:.\Generated_Source\PSoC5/I2S_PM.c **** *  None.
 132:.\Generated_Source\PSoC5/I2S_PM.c **** *
 133:.\Generated_Source\PSoC5/I2S_PM.c **** * Global Variables:
 134:.\Generated_Source\PSoC5/I2S_PM.c **** *  I2S_backup - modified when non-retention registers are saved.
 135:.\Generated_Source\PSoC5/I2S_PM.c **** *
 136:.\Generated_Source\PSoC5/I2S_PM.c **** * Reentrant:
 137:.\Generated_Source\PSoC5/I2S_PM.c **** *  No.
 138:.\Generated_Source\PSoC5/I2S_PM.c **** *
 139:.\Generated_Source\PSoC5/I2S_PM.c **** *******************************************************************************/
 140:.\Generated_Source\PSoC5/I2S_PM.c **** void I2S_Sleep(void) 
 141:.\Generated_Source\PSoC5/I2S_PM.c **** {
 100              		.loc 1 141 0
 101              		.cfi_startproc
 102              		@ args = 0, pretend = 0, frame = 0
 103              		@ frame_needed = 1, uses_anonymous_args = 0
 104 0000 80B5     		push	{r7, lr}
 105              		.cfi_def_cfa_offset 8
 106              		.cfi_offset 7, -8
 107              		.cfi_offset 14, -4
 108 0002 00AF     		add	r7, sp, #0
 109              		.cfi_def_cfa_register 7
 142:.\Generated_Source\PSoC5/I2S_PM.c ****     /* Get component state */
 143:.\Generated_Source\PSoC5/I2S_PM.c ****     I2S_backup.enableState = ((uint8) I2S_IS_ENABLE);
 110              		.loc 1 143 0
 111 0004 084B     		ldr	r3, .L6
 112 0006 1B78     		ldrb	r3, [r3]
 113 0008 DBB2     		uxtb	r3, r3
 114 000a 03F00403 		and	r3, r3, #4
 115 000e 002B     		cmp	r3, #0
 116 0010 14BF     		ite	ne
 117 0012 0123     		movne	r3, #1
 118 0014 0023     		moveq	r3, #0
 119 0016 DBB2     		uxtb	r3, r3
 120 0018 1A46     		mov	r2, r3
 121 001a 044B     		ldr	r3, .L6+4
 122 001c 1A70     		strb	r2, [r3]
 144:.\Generated_Source\PSoC5/I2S_PM.c **** 
 145:.\Generated_Source\PSoC5/I2S_PM.c ****     /* Save registers configuration */
 146:.\Generated_Source\PSoC5/I2S_PM.c ****     I2S_SaveConfig();
 123              		.loc 1 146 0
 124 001e FFF7FEFF 		bl	I2S_SaveConfig
 147:.\Generated_Source\PSoC5/I2S_PM.c **** 
 148:.\Generated_Source\PSoC5/I2S_PM.c ****     /* Stop component */
 149:.\Generated_Source\PSoC5/I2S_PM.c ****     I2S_Stop();
 125              		.loc 1 149 0
 126 0022 FFF7FEFF 		bl	I2S_Stop
 150:.\Generated_Source\PSoC5/I2S_PM.c **** }
 127              		.loc 1 150 0
 128 0026 80BD     		pop	{r7, pc}
 129              	.L7:
 130              		.align	2
 131              	.L6:
 132 0028 75640040 		.word	1073767541
 133 002c 00000000 		.word	I2S_backup
 134              		.cfi_endproc
 135              	.LFE2:
ARM GAS  C:\USERS\LUKAS\APPDATA\LOCAL\TEMP\ccn0EBue.s 			page 6


 136              		.size	I2S_Sleep, .-I2S_Sleep
 137              		.section	.text.I2S_Wakeup,"ax",%progbits
 138              		.align	2
 139              		.global	I2S_Wakeup
 140              		.thumb
 141              		.thumb_func
 142              		.type	I2S_Wakeup, %function
 143              	I2S_Wakeup:
 144              	.LFB3:
 151:.\Generated_Source\PSoC5/I2S_PM.c **** 
 152:.\Generated_Source\PSoC5/I2S_PM.c **** 
 153:.\Generated_Source\PSoC5/I2S_PM.c **** /*******************************************************************************
 154:.\Generated_Source\PSoC5/I2S_PM.c **** * Function Name: I2S_Wakeup
 155:.\Generated_Source\PSoC5/I2S_PM.c **** ********************************************************************************
 156:.\Generated_Source\PSoC5/I2S_PM.c **** *
 157:.\Generated_Source\PSoC5/I2S_PM.c **** * Summary:
 158:.\Generated_Source\PSoC5/I2S_PM.c **** *  Prepares I2S to wake up.
 159:.\Generated_Source\PSoC5/I2S_PM.c **** *
 160:.\Generated_Source\PSoC5/I2S_PM.c **** * Parameters:
 161:.\Generated_Source\PSoC5/I2S_PM.c **** *  None.
 162:.\Generated_Source\PSoC5/I2S_PM.c **** *
 163:.\Generated_Source\PSoC5/I2S_PM.c **** * Return:
 164:.\Generated_Source\PSoC5/I2S_PM.c **** *  None.
 165:.\Generated_Source\PSoC5/I2S_PM.c **** *
 166:.\Generated_Source\PSoC5/I2S_PM.c **** * Global Variables:
 167:.\Generated_Source\PSoC5/I2S_PM.c **** *  I2S_backup - used when non-retention registers are restored.
 168:.\Generated_Source\PSoC5/I2S_PM.c **** *
 169:.\Generated_Source\PSoC5/I2S_PM.c **** * Reentrant:
 170:.\Generated_Source\PSoC5/I2S_PM.c **** *  Yes.
 171:.\Generated_Source\PSoC5/I2S_PM.c **** *
 172:.\Generated_Source\PSoC5/I2S_PM.c **** *******************************************************************************/
 173:.\Generated_Source\PSoC5/I2S_PM.c **** void I2S_Wakeup(void) 
 174:.\Generated_Source\PSoC5/I2S_PM.c **** {
 145              		.loc 1 174 0
 146              		.cfi_startproc
 147              		@ args = 0, pretend = 0, frame = 0
 148              		@ frame_needed = 1, uses_anonymous_args = 0
 149 0000 80B5     		push	{r7, lr}
 150              		.cfi_def_cfa_offset 8
 151              		.cfi_offset 7, -8
 152              		.cfi_offset 14, -4
 153 0002 00AF     		add	r7, sp, #0
 154              		.cfi_def_cfa_register 7
 175:.\Generated_Source\PSoC5/I2S_PM.c ****     /* Restore registers values */
 176:.\Generated_Source\PSoC5/I2S_PM.c ****     I2S_RestoreConfig();
 155              		.loc 1 176 0
 156 0004 FFF7FEFF 		bl	I2S_RestoreConfig
 177:.\Generated_Source\PSoC5/I2S_PM.c **** 
 178:.\Generated_Source\PSoC5/I2S_PM.c ****     if(0u != I2S_backup.enableState)
 157              		.loc 1 178 0
 158 0008 074B     		ldr	r3, .L10
 159 000a 1B78     		ldrb	r3, [r3]	@ zero_extendqisi2
 160 000c 002B     		cmp	r3, #0
 161 000e 09D0     		beq	.L8
 179:.\Generated_Source\PSoC5/I2S_PM.c ****     {
 180:.\Generated_Source\PSoC5/I2S_PM.c ****         /* Enable component's operation */
 181:.\Generated_Source\PSoC5/I2S_PM.c ****         I2S_Enable();
ARM GAS  C:\USERS\LUKAS\APPDATA\LOCAL\TEMP\ccn0EBue.s 			page 7


 162              		.loc 1 181 0
 163 0010 FFF7FEFF 		bl	I2S_Enable
 182:.\Generated_Source\PSoC5/I2S_PM.c **** 
 183:.\Generated_Source\PSoC5/I2S_PM.c ****         /* Enable Tx/Rx direction if they were enabled before sleep */
 184:.\Generated_Source\PSoC5/I2S_PM.c ****         #if(I2S_TX_DIRECTION_ENABLE)
 185:.\Generated_Source\PSoC5/I2S_PM.c ****             if(0u != (I2S_backup.CtrlReg & I2S_TX_EN))
 164              		.loc 1 185 0
 165 0014 044B     		ldr	r3, .L10
 166 0016 5B78     		ldrb	r3, [r3, #1]	@ zero_extendqisi2
 167 0018 03F00103 		and	r3, r3, #1
 168 001c 002B     		cmp	r3, #0
 169 001e 01D0     		beq	.L8
 186:.\Generated_Source\PSoC5/I2S_PM.c ****             {
 187:.\Generated_Source\PSoC5/I2S_PM.c ****                 I2S_EnableTx();
 170              		.loc 1 187 0
 171 0020 FFF7FEFF 		bl	I2S_EnableTx
 172              	.L8:
 188:.\Generated_Source\PSoC5/I2S_PM.c ****             }
 189:.\Generated_Source\PSoC5/I2S_PM.c ****         #endif /* (I2S_TX_DIRECTION_ENABLE) */
 190:.\Generated_Source\PSoC5/I2S_PM.c ****         
 191:.\Generated_Source\PSoC5/I2S_PM.c ****         #if(I2S_RX_DIRECTION_ENABLE)
 192:.\Generated_Source\PSoC5/I2S_PM.c ****             if(0u != (I2S_backup.CtrlReg & I2S_RX_EN))
 193:.\Generated_Source\PSoC5/I2S_PM.c ****             {
 194:.\Generated_Source\PSoC5/I2S_PM.c ****                 I2S_EnableRx();
 195:.\Generated_Source\PSoC5/I2S_PM.c ****             }
 196:.\Generated_Source\PSoC5/I2S_PM.c ****         #endif /* (I2S_RX_DIRECTION_ENABLE) */
 197:.\Generated_Source\PSoC5/I2S_PM.c ****     }
 198:.\Generated_Source\PSoC5/I2S_PM.c **** }
 173              		.loc 1 198 0
 174 0024 80BD     		pop	{r7, pc}
 175              	.L11:
 176 0026 00BF     		.align	2
 177              	.L10:
 178 0028 00000000 		.word	I2S_backup
 179              		.cfi_endproc
 180              	.LFE3:
 181              		.size	I2S_Wakeup, .-I2S_Wakeup
 182              		.text
 183              	.Letext0:
 184              		.file 2 ".\\Generated_Source\\PSoC5\\cytypes.h"
 185              		.file 3 ".\\Generated_Source\\PSoC5\\I2S.h"
 186              		.section	.debug_info,"",%progbits
 187              	.Ldebug_info0:
 188 0000 20010000 		.4byte	0x120
 189 0004 0400     		.2byte	0x4
 190 0006 00000000 		.4byte	.Ldebug_abbrev0
 191 000a 04       		.byte	0x4
 192 000b 01       		.uleb128 0x1
 193 000c C6000000 		.4byte	.LASF22
 194 0010 01       		.byte	0x1
 195 0011 32000000 		.4byte	.LASF23
 196 0015 91010000 		.4byte	.LASF24
 197 0019 00000000 		.4byte	.Ldebug_ranges0+0
 198 001d 00000000 		.4byte	0
 199 0021 00000000 		.4byte	.Ldebug_line0
 200 0025 02       		.uleb128 0x2
 201 0026 01       		.byte	0x1
ARM GAS  C:\USERS\LUKAS\APPDATA\LOCAL\TEMP\ccn0EBue.s 			page 8


 202 0027 06       		.byte	0x6
 203 0028 85010000 		.4byte	.LASF0
 204 002c 02       		.uleb128 0x2
 205 002d 01       		.byte	0x1
 206 002e 08       		.byte	0x8
 207 002f 9F000000 		.4byte	.LASF1
 208 0033 02       		.uleb128 0x2
 209 0034 02       		.byte	0x2
 210 0035 05       		.byte	0x5
 211 0036 EF010000 		.4byte	.LASF2
 212 003a 02       		.uleb128 0x2
 213 003b 02       		.byte	0x2
 214 003c 07       		.byte	0x7
 215 003d 72010000 		.4byte	.LASF3
 216 0041 02       		.uleb128 0x2
 217 0042 04       		.byte	0x4
 218 0043 05       		.byte	0x5
 219 0044 BD000000 		.4byte	.LASF4
 220 0048 02       		.uleb128 0x2
 221 0049 04       		.byte	0x4
 222 004a 07       		.byte	0x7
 223 004b 5A000000 		.4byte	.LASF5
 224 004f 02       		.uleb128 0x2
 225 0050 08       		.byte	0x8
 226 0051 05       		.byte	0x5
 227 0052 00000000 		.4byte	.LASF6
 228 0056 02       		.uleb128 0x2
 229 0057 08       		.byte	0x8
 230 0058 07       		.byte	0x7
 231 0059 6C000000 		.4byte	.LASF7
 232 005d 03       		.uleb128 0x3
 233 005e 04       		.byte	0x4
 234 005f 05       		.byte	0x5
 235 0060 696E7400 		.ascii	"int\000"
 236 0064 02       		.uleb128 0x2
 237 0065 04       		.byte	0x4
 238 0066 07       		.byte	0x7
 239 0067 1A000000 		.4byte	.LASF8
 240 006b 04       		.uleb128 0x4
 241 006c 54000000 		.4byte	.LASF12
 242 0070 02       		.byte	0x2
 243 0071 5B       		.byte	0x5b
 244 0072 2C000000 		.4byte	0x2c
 245 0076 02       		.uleb128 0x2
 246 0077 04       		.byte	0x4
 247 0078 04       		.byte	0x4
 248 0079 E9010000 		.4byte	.LASF9
 249 007d 02       		.uleb128 0x2
 250 007e 08       		.byte	0x8
 251 007f 04       		.byte	0x4
 252 0080 54010000 		.4byte	.LASF10
 253 0084 02       		.uleb128 0x2
 254 0085 01       		.byte	0x1
 255 0086 08       		.byte	0x8
 256 0087 AD000000 		.4byte	.LASF11
 257 008b 04       		.uleb128 0x4
 258 008c F9010000 		.4byte	.LASF13
ARM GAS  C:\USERS\LUKAS\APPDATA\LOCAL\TEMP\ccn0EBue.s 			page 9


 259 0090 02       		.byte	0x2
 260 0091 F0       		.byte	0xf0
 261 0092 96000000 		.4byte	0x96
 262 0096 05       		.uleb128 0x5
 263 0097 6B000000 		.4byte	0x6b
 264 009b 02       		.uleb128 0x2
 265 009c 04       		.byte	0x4
 266 009d 07       		.byte	0x7
 267 009e 10020000 		.4byte	.LASF14
 268 00a2 06       		.uleb128 0x6
 269 00a3 02       		.byte	0x2
 270 00a4 03       		.byte	0x3
 271 00a5 40       		.byte	0x40
 272 00a6 C3000000 		.4byte	0xc3
 273 00aa 07       		.uleb128 0x7
 274 00ab 0E000000 		.4byte	.LASF15
 275 00af 03       		.byte	0x3
 276 00b0 42       		.byte	0x42
 277 00b1 6B000000 		.4byte	0x6b
 278 00b5 00       		.byte	0
 279 00b6 07       		.uleb128 0x7
 280 00b7 5B010000 		.4byte	.LASF16
 281 00bb 03       		.byte	0x3
 282 00bc 43       		.byte	0x43
 283 00bd 6B000000 		.4byte	0x6b
 284 00c1 01       		.byte	0x1
 285 00c2 00       		.byte	0
 286 00c3 04       		.uleb128 0x4
 287 00c4 FE010000 		.4byte	.LASF17
 288 00c8 03       		.byte	0x3
 289 00c9 50       		.byte	0x50
 290 00ca A2000000 		.4byte	0xa2
 291 00ce 08       		.uleb128 0x8
 292 00cf 63010000 		.4byte	.LASF18
 293 00d3 01       		.byte	0x1
 294 00d4 40       		.byte	0x40
 295 00d5 00000000 		.4byte	.LFB0
 296 00d9 20000000 		.4byte	.LFE0-.LFB0
 297 00dd 01       		.uleb128 0x1
 298 00de 9C       		.byte	0x9c
 299 00df 08       		.uleb128 0x8
 300 00e0 83000000 		.4byte	.LASF19
 301 00e4 01       		.byte	0x1
 302 00e5 66       		.byte	0x66
 303 00e6 00000000 		.4byte	.LFB1
 304 00ea 0C000000 		.4byte	.LFE1-.LFB1
 305 00ee 01       		.uleb128 0x1
 306 00ef 9C       		.byte	0x9c
 307 00f0 09       		.uleb128 0x9
 308 00f1 95000000 		.4byte	.LASF20
 309 00f5 01       		.byte	0x1
 310 00f6 8C       		.byte	0x8c
 311 00f7 00000000 		.4byte	.LFB2
 312 00fb 30000000 		.4byte	.LFE2-.LFB2
 313 00ff 01       		.uleb128 0x1
 314 0100 9C       		.byte	0x9c
 315 0101 09       		.uleb128 0x9
ARM GAS  C:\USERS\LUKAS\APPDATA\LOCAL\TEMP\ccn0EBue.s 			page 10


 316 0102 B2000000 		.4byte	.LASF21
 317 0106 01       		.byte	0x1
 318 0107 AD       		.byte	0xad
 319 0108 00000000 		.4byte	.LFB3
 320 010c 2C000000 		.4byte	.LFE3-.LFB3
 321 0110 01       		.uleb128 0x1
 322 0111 9C       		.byte	0x9c
 323 0112 0A       		.uleb128 0xa
 324 0113 27000000 		.4byte	.LASF25
 325 0117 01       		.byte	0x1
 326 0118 14       		.byte	0x14
 327 0119 C3000000 		.4byte	0xc3
 328 011d 05       		.uleb128 0x5
 329 011e 03       		.byte	0x3
 330 011f 00000000 		.4byte	I2S_backup
 331 0123 00       		.byte	0
 332              		.section	.debug_abbrev,"",%progbits
 333              	.Ldebug_abbrev0:
 334 0000 01       		.uleb128 0x1
 335 0001 11       		.uleb128 0x11
 336 0002 01       		.byte	0x1
 337 0003 25       		.uleb128 0x25
 338 0004 0E       		.uleb128 0xe
 339 0005 13       		.uleb128 0x13
 340 0006 0B       		.uleb128 0xb
 341 0007 03       		.uleb128 0x3
 342 0008 0E       		.uleb128 0xe
 343 0009 1B       		.uleb128 0x1b
 344 000a 0E       		.uleb128 0xe
 345 000b 55       		.uleb128 0x55
 346 000c 17       		.uleb128 0x17
 347 000d 11       		.uleb128 0x11
 348 000e 01       		.uleb128 0x1
 349 000f 10       		.uleb128 0x10
 350 0010 17       		.uleb128 0x17
 351 0011 00       		.byte	0
 352 0012 00       		.byte	0
 353 0013 02       		.uleb128 0x2
 354 0014 24       		.uleb128 0x24
 355 0015 00       		.byte	0
 356 0016 0B       		.uleb128 0xb
 357 0017 0B       		.uleb128 0xb
 358 0018 3E       		.uleb128 0x3e
 359 0019 0B       		.uleb128 0xb
 360 001a 03       		.uleb128 0x3
 361 001b 0E       		.uleb128 0xe
 362 001c 00       		.byte	0
 363 001d 00       		.byte	0
 364 001e 03       		.uleb128 0x3
 365 001f 24       		.uleb128 0x24
 366 0020 00       		.byte	0
 367 0021 0B       		.uleb128 0xb
 368 0022 0B       		.uleb128 0xb
 369 0023 3E       		.uleb128 0x3e
 370 0024 0B       		.uleb128 0xb
 371 0025 03       		.uleb128 0x3
 372 0026 08       		.uleb128 0x8
ARM GAS  C:\USERS\LUKAS\APPDATA\LOCAL\TEMP\ccn0EBue.s 			page 11


 373 0027 00       		.byte	0
 374 0028 00       		.byte	0
 375 0029 04       		.uleb128 0x4
 376 002a 16       		.uleb128 0x16
 377 002b 00       		.byte	0
 378 002c 03       		.uleb128 0x3
 379 002d 0E       		.uleb128 0xe
 380 002e 3A       		.uleb128 0x3a
 381 002f 0B       		.uleb128 0xb
 382 0030 3B       		.uleb128 0x3b
 383 0031 0B       		.uleb128 0xb
 384 0032 49       		.uleb128 0x49
 385 0033 13       		.uleb128 0x13
 386 0034 00       		.byte	0
 387 0035 00       		.byte	0
 388 0036 05       		.uleb128 0x5
 389 0037 35       		.uleb128 0x35
 390 0038 00       		.byte	0
 391 0039 49       		.uleb128 0x49
 392 003a 13       		.uleb128 0x13
 393 003b 00       		.byte	0
 394 003c 00       		.byte	0
 395 003d 06       		.uleb128 0x6
 396 003e 13       		.uleb128 0x13
 397 003f 01       		.byte	0x1
 398 0040 0B       		.uleb128 0xb
 399 0041 0B       		.uleb128 0xb
 400 0042 3A       		.uleb128 0x3a
 401 0043 0B       		.uleb128 0xb
 402 0044 3B       		.uleb128 0x3b
 403 0045 0B       		.uleb128 0xb
 404 0046 01       		.uleb128 0x1
 405 0047 13       		.uleb128 0x13
 406 0048 00       		.byte	0
 407 0049 00       		.byte	0
 408 004a 07       		.uleb128 0x7
 409 004b 0D       		.uleb128 0xd
 410 004c 00       		.byte	0
 411 004d 03       		.uleb128 0x3
 412 004e 0E       		.uleb128 0xe
 413 004f 3A       		.uleb128 0x3a
 414 0050 0B       		.uleb128 0xb
 415 0051 3B       		.uleb128 0x3b
 416 0052 0B       		.uleb128 0xb
 417 0053 49       		.uleb128 0x49
 418 0054 13       		.uleb128 0x13
 419 0055 38       		.uleb128 0x38
 420 0056 0B       		.uleb128 0xb
 421 0057 00       		.byte	0
 422 0058 00       		.byte	0
 423 0059 08       		.uleb128 0x8
 424 005a 2E       		.uleb128 0x2e
 425 005b 00       		.byte	0
 426 005c 3F       		.uleb128 0x3f
 427 005d 19       		.uleb128 0x19
 428 005e 03       		.uleb128 0x3
 429 005f 0E       		.uleb128 0xe
ARM GAS  C:\USERS\LUKAS\APPDATA\LOCAL\TEMP\ccn0EBue.s 			page 12


 430 0060 3A       		.uleb128 0x3a
 431 0061 0B       		.uleb128 0xb
 432 0062 3B       		.uleb128 0x3b
 433 0063 0B       		.uleb128 0xb
 434 0064 27       		.uleb128 0x27
 435 0065 19       		.uleb128 0x19
 436 0066 11       		.uleb128 0x11
 437 0067 01       		.uleb128 0x1
 438 0068 12       		.uleb128 0x12
 439 0069 06       		.uleb128 0x6
 440 006a 40       		.uleb128 0x40
 441 006b 18       		.uleb128 0x18
 442 006c 9742     		.uleb128 0x2117
 443 006e 19       		.uleb128 0x19
 444 006f 00       		.byte	0
 445 0070 00       		.byte	0
 446 0071 09       		.uleb128 0x9
 447 0072 2E       		.uleb128 0x2e
 448 0073 00       		.byte	0
 449 0074 3F       		.uleb128 0x3f
 450 0075 19       		.uleb128 0x19
 451 0076 03       		.uleb128 0x3
 452 0077 0E       		.uleb128 0xe
 453 0078 3A       		.uleb128 0x3a
 454 0079 0B       		.uleb128 0xb
 455 007a 3B       		.uleb128 0x3b
 456 007b 0B       		.uleb128 0xb
 457 007c 27       		.uleb128 0x27
 458 007d 19       		.uleb128 0x19
 459 007e 11       		.uleb128 0x11
 460 007f 01       		.uleb128 0x1
 461 0080 12       		.uleb128 0x12
 462 0081 06       		.uleb128 0x6
 463 0082 40       		.uleb128 0x40
 464 0083 18       		.uleb128 0x18
 465 0084 9642     		.uleb128 0x2116
 466 0086 19       		.uleb128 0x19
 467 0087 00       		.byte	0
 468 0088 00       		.byte	0
 469 0089 0A       		.uleb128 0xa
 470 008a 34       		.uleb128 0x34
 471 008b 00       		.byte	0
 472 008c 03       		.uleb128 0x3
 473 008d 0E       		.uleb128 0xe
 474 008e 3A       		.uleb128 0x3a
 475 008f 0B       		.uleb128 0xb
 476 0090 3B       		.uleb128 0x3b
 477 0091 0B       		.uleb128 0xb
 478 0092 49       		.uleb128 0x49
 479 0093 13       		.uleb128 0x13
 480 0094 02       		.uleb128 0x2
 481 0095 18       		.uleb128 0x18
 482 0096 00       		.byte	0
 483 0097 00       		.byte	0
 484 0098 00       		.byte	0
 485              		.section	.debug_aranges,"",%progbits
 486 0000 34000000 		.4byte	0x34
ARM GAS  C:\USERS\LUKAS\APPDATA\LOCAL\TEMP\ccn0EBue.s 			page 13


 487 0004 0200     		.2byte	0x2
 488 0006 00000000 		.4byte	.Ldebug_info0
 489 000a 04       		.byte	0x4
 490 000b 00       		.byte	0
 491 000c 0000     		.2byte	0
 492 000e 0000     		.2byte	0
 493 0010 00000000 		.4byte	.LFB0
 494 0014 20000000 		.4byte	.LFE0-.LFB0
 495 0018 00000000 		.4byte	.LFB1
 496 001c 0C000000 		.4byte	.LFE1-.LFB1
 497 0020 00000000 		.4byte	.LFB2
 498 0024 30000000 		.4byte	.LFE2-.LFB2
 499 0028 00000000 		.4byte	.LFB3
 500 002c 2C000000 		.4byte	.LFE3-.LFB3
 501 0030 00000000 		.4byte	0
 502 0034 00000000 		.4byte	0
 503              		.section	.debug_ranges,"",%progbits
 504              	.Ldebug_ranges0:
 505 0000 00000000 		.4byte	.LFB0
 506 0004 20000000 		.4byte	.LFE0
 507 0008 00000000 		.4byte	.LFB1
 508 000c 0C000000 		.4byte	.LFE1
 509 0010 00000000 		.4byte	.LFB2
 510 0014 30000000 		.4byte	.LFE2
 511 0018 00000000 		.4byte	.LFB3
 512 001c 2C000000 		.4byte	.LFE3
 513 0020 00000000 		.4byte	0
 514 0024 00000000 		.4byte	0
 515              		.section	.debug_line,"",%progbits
 516              	.Ldebug_line0:
 517 0000 A7000000 		.section	.debug_str,"MS",%progbits,1
 517      02004E00 
 517      00000201 
 517      FB0E0D00 
 517      01010101 
 518              	.LASF6:
 519 0000 6C6F6E67 		.ascii	"long long int\000"
 519      206C6F6E 
 519      6720696E 
 519      7400
 520              	.LASF15:
 521 000e 656E6162 		.ascii	"enableState\000"
 521      6C655374 
 521      61746500 
 522              	.LASF8:
 523 001a 756E7369 		.ascii	"unsigned int\000"
 523      676E6564 
 523      20696E74 
 523      00
 524              	.LASF25:
 525 0027 4932535F 		.ascii	"I2S_backup\000"
 525      6261636B 
 525      757000
 526              	.LASF23:
 527 0032 2E5C4765 		.ascii	".\\Generated_Source\\PSoC5\\I2S_PM.c\000"
 527      6E657261 
 527      7465645F 
ARM GAS  C:\USERS\LUKAS\APPDATA\LOCAL\TEMP\ccn0EBue.s 			page 14


 527      536F7572 
 527      63655C50 
 528              	.LASF12:
 529 0054 75696E74 		.ascii	"uint8\000"
 529      3800
 530              	.LASF5:
 531 005a 6C6F6E67 		.ascii	"long unsigned int\000"
 531      20756E73 
 531      69676E65 
 531      6420696E 
 531      7400
 532              	.LASF7:
 533 006c 6C6F6E67 		.ascii	"long long unsigned int\000"
 533      206C6F6E 
 533      6720756E 
 533      7369676E 
 533      65642069 
 534              	.LASF19:
 535 0083 4932535F 		.ascii	"I2S_RestoreConfig\000"
 535      52657374 
 535      6F726543 
 535      6F6E6669 
 535      6700
 536              	.LASF20:
 537 0095 4932535F 		.ascii	"I2S_Sleep\000"
 537      536C6565 
 537      7000
 538              	.LASF1:
 539 009f 756E7369 		.ascii	"unsigned char\000"
 539      676E6564 
 539      20636861 
 539      7200
 540              	.LASF11:
 541 00ad 63686172 		.ascii	"char\000"
 541      00
 542              	.LASF21:
 543 00b2 4932535F 		.ascii	"I2S_Wakeup\000"
 543      57616B65 
 543      757000
 544              	.LASF4:
 545 00bd 6C6F6E67 		.ascii	"long int\000"
 545      20696E74 
 545      00
 546              	.LASF22:
 547 00c6 474E5520 		.ascii	"GNU C 4.9.3 20150303 (release) [ARM/embedded-4_9-br"
 547      4320342E 
 547      392E3320 
 547      32303135 
 547      30333033 
 548 00f9 616E6368 		.ascii	"anch revision 221220] -mcpu=cortex-m3 -mthumb -g -O"
 548      20726576 
 548      6973696F 
 548      6E203232 
 548      31323230 
 549 012c 30202D66 		.ascii	"0 -ffunction-sections -ffat-lto-objects\000"
 549      66756E63 
 549      74696F6E 
ARM GAS  C:\USERS\LUKAS\APPDATA\LOCAL\TEMP\ccn0EBue.s 			page 15


 549      2D736563 
 549      74696F6E 
 550              	.LASF10:
 551 0154 646F7562 		.ascii	"double\000"
 551      6C6500
 552              	.LASF16:
 553 015b 4374726C 		.ascii	"CtrlReg\000"
 553      52656700 
 554              	.LASF18:
 555 0163 4932535F 		.ascii	"I2S_SaveConfig\000"
 555      53617665 
 555      436F6E66 
 555      696700
 556              	.LASF3:
 557 0172 73686F72 		.ascii	"short unsigned int\000"
 557      7420756E 
 557      7369676E 
 557      65642069 
 557      6E7400
 558              	.LASF0:
 559 0185 7369676E 		.ascii	"signed char\000"
 559      65642063 
 559      68617200 
 560              	.LASF24:
 561 0191 433A5C55 		.ascii	"C:\\Users\\lukas\\Desktop\\PioneerKit_P5LP_USB_Audi"
 561      73657273 
 561      5C6C756B 
 561      61735C44 
 561      65736B74 
 562 01c0 6F2D6D61 		.ascii	"o-master\\PioneerKit_P5LP_USB_Audio.cydsn\000"
 562      73746572 
 562      5C50696F 
 562      6E656572 
 562      4B69745F 
 563              	.LASF9:
 564 01e9 666C6F61 		.ascii	"float\000"
 564      7400
 565              	.LASF2:
 566 01ef 73686F72 		.ascii	"short int\000"
 566      7420696E 
 566      7400
 567              	.LASF13:
 568 01f9 72656738 		.ascii	"reg8\000"
 568      00
 569              	.LASF17:
 570 01fe 4932535F 		.ascii	"I2S_BACKUP_STRUCT\000"
 570      4241434B 
 570      55505F53 
 570      54525543 
 570      5400
 571              	.LASF14:
 572 0210 73697A65 		.ascii	"sizetype\000"
 572      74797065 
 572      00
 573              		.ident	"GCC: (GNU Tools for ARM Embedded Processors) 4.9.3 20150303 (release) [ARM/embedded-4_9-br
