ARM GAS  C:\USERS\LUKAS\APPDATA\LOCAL\TEMP\ccW3MvdU.s 			page 1


   1              		.syntax unified
   2              		.cpu cortex-m3
   3              		.fpu softvfp
   4              		.eabi_attribute 20, 1
   5              		.eabi_attribute 21, 1
   6              		.eabi_attribute 23, 3
   7              		.eabi_attribute 24, 1
   8              		.eabi_attribute 25, 1
   9              		.eabi_attribute 26, 1
  10              		.eabi_attribute 30, 6
  11              		.eabi_attribute 34, 1
  12              		.eabi_attribute 18, 4
  13              		.thumb
  14              		.file	"isr_RxDMADone.c"
  15              		.text
  16              	.Ltext0:
  17              		.cfi_sections	.debug_frame
  18              		.section	.text.isr_RxDMADone_Start,"ax",%progbits
  19              		.align	2
  20              		.global	isr_RxDMADone_Start
  21              		.thumb
  22              		.thumb_func
  23              		.type	isr_RxDMADone_Start, %function
  24              	isr_RxDMADone_Start:
  25              	.LFB0:
  26              		.file 1 ".\\Generated_Source\\PSoC5\\isr_RxDMADone.c"
   1:.\Generated_Source\PSoC5/isr_RxDMADone.c **** /*******************************************************************************
   2:.\Generated_Source\PSoC5/isr_RxDMADone.c **** * File Name: isr_RxDMADone.c  
   3:.\Generated_Source\PSoC5/isr_RxDMADone.c **** * Version 1.70
   4:.\Generated_Source\PSoC5/isr_RxDMADone.c **** *
   5:.\Generated_Source\PSoC5/isr_RxDMADone.c **** *  Description:
   6:.\Generated_Source\PSoC5/isr_RxDMADone.c **** *   API for controlling the state of an interrupt.
   7:.\Generated_Source\PSoC5/isr_RxDMADone.c **** *
   8:.\Generated_Source\PSoC5/isr_RxDMADone.c **** *
   9:.\Generated_Source\PSoC5/isr_RxDMADone.c **** *  Note:
  10:.\Generated_Source\PSoC5/isr_RxDMADone.c **** *
  11:.\Generated_Source\PSoC5/isr_RxDMADone.c **** ********************************************************************************
  12:.\Generated_Source\PSoC5/isr_RxDMADone.c **** * Copyright 2008-2015, Cypress Semiconductor Corporation.  All rights reserved.
  13:.\Generated_Source\PSoC5/isr_RxDMADone.c **** * You may use this file only in accordance with the license, terms, conditions, 
  14:.\Generated_Source\PSoC5/isr_RxDMADone.c **** * disclaimers, and limitations in the end user license agreement accompanying 
  15:.\Generated_Source\PSoC5/isr_RxDMADone.c **** * the software package with which this file was provided.
  16:.\Generated_Source\PSoC5/isr_RxDMADone.c **** *******************************************************************************/
  17:.\Generated_Source\PSoC5/isr_RxDMADone.c **** 
  18:.\Generated_Source\PSoC5/isr_RxDMADone.c **** 
  19:.\Generated_Source\PSoC5/isr_RxDMADone.c **** #include <cydevice_trm.h>
  20:.\Generated_Source\PSoC5/isr_RxDMADone.c **** #include <CyLib.h>
  21:.\Generated_Source\PSoC5/isr_RxDMADone.c **** #include <isr_RxDMADone.h>
  22:.\Generated_Source\PSoC5/isr_RxDMADone.c **** 
  23:.\Generated_Source\PSoC5/isr_RxDMADone.c **** 
  24:.\Generated_Source\PSoC5/isr_RxDMADone.c **** #if !defined(isr_RxDMADone__REMOVED) /* Check for removal by optimization */
  25:.\Generated_Source\PSoC5/isr_RxDMADone.c **** 
  26:.\Generated_Source\PSoC5/isr_RxDMADone.c **** /*******************************************************************************
  27:.\Generated_Source\PSoC5/isr_RxDMADone.c **** *  Place your includes, defines and code here 
  28:.\Generated_Source\PSoC5/isr_RxDMADone.c **** ********************************************************************************/
  29:.\Generated_Source\PSoC5/isr_RxDMADone.c **** /* `#START isr_RxDMADone_intc` */
  30:.\Generated_Source\PSoC5/isr_RxDMADone.c **** 
  31:.\Generated_Source\PSoC5/isr_RxDMADone.c **** /* `#END` */
ARM GAS  C:\USERS\LUKAS\APPDATA\LOCAL\TEMP\ccW3MvdU.s 			page 2


  32:.\Generated_Source\PSoC5/isr_RxDMADone.c **** 
  33:.\Generated_Source\PSoC5/isr_RxDMADone.c **** #ifndef CYINT_IRQ_BASE
  34:.\Generated_Source\PSoC5/isr_RxDMADone.c **** #define CYINT_IRQ_BASE      16
  35:.\Generated_Source\PSoC5/isr_RxDMADone.c **** #endif /* CYINT_IRQ_BASE */
  36:.\Generated_Source\PSoC5/isr_RxDMADone.c **** #ifndef CYINT_VECT_TABLE
  37:.\Generated_Source\PSoC5/isr_RxDMADone.c **** #define CYINT_VECT_TABLE    ((cyisraddress **) CYREG_NVIC_VECT_OFFSET)
  38:.\Generated_Source\PSoC5/isr_RxDMADone.c **** #endif /* CYINT_VECT_TABLE */
  39:.\Generated_Source\PSoC5/isr_RxDMADone.c **** 
  40:.\Generated_Source\PSoC5/isr_RxDMADone.c **** /* Declared in startup, used to set unused interrupts to. */
  41:.\Generated_Source\PSoC5/isr_RxDMADone.c **** CY_ISR_PROTO(IntDefaultHandler);
  42:.\Generated_Source\PSoC5/isr_RxDMADone.c **** 
  43:.\Generated_Source\PSoC5/isr_RxDMADone.c **** 
  44:.\Generated_Source\PSoC5/isr_RxDMADone.c **** /*******************************************************************************
  45:.\Generated_Source\PSoC5/isr_RxDMADone.c **** * Function Name: isr_RxDMADone_Start
  46:.\Generated_Source\PSoC5/isr_RxDMADone.c **** ********************************************************************************
  47:.\Generated_Source\PSoC5/isr_RxDMADone.c **** *
  48:.\Generated_Source\PSoC5/isr_RxDMADone.c **** * Summary:
  49:.\Generated_Source\PSoC5/isr_RxDMADone.c **** *  Set up the interrupt and enable it. This function disables the interrupt, 
  50:.\Generated_Source\PSoC5/isr_RxDMADone.c **** *  sets the default interrupt vector, sets the priority from the value in the
  51:.\Generated_Source\PSoC5/isr_RxDMADone.c **** *  Design Wide Resources Interrupt Editor, then enables the interrupt to the 
  52:.\Generated_Source\PSoC5/isr_RxDMADone.c **** *  interrupt controller.
  53:.\Generated_Source\PSoC5/isr_RxDMADone.c **** *
  54:.\Generated_Source\PSoC5/isr_RxDMADone.c **** * Parameters:  
  55:.\Generated_Source\PSoC5/isr_RxDMADone.c **** *   None
  56:.\Generated_Source\PSoC5/isr_RxDMADone.c **** *
  57:.\Generated_Source\PSoC5/isr_RxDMADone.c **** * Return:
  58:.\Generated_Source\PSoC5/isr_RxDMADone.c **** *   None
  59:.\Generated_Source\PSoC5/isr_RxDMADone.c **** *
  60:.\Generated_Source\PSoC5/isr_RxDMADone.c **** *******************************************************************************/
  61:.\Generated_Source\PSoC5/isr_RxDMADone.c **** void isr_RxDMADone_Start(void)
  62:.\Generated_Source\PSoC5/isr_RxDMADone.c **** {
  27              		.loc 1 62 0
  28              		.cfi_startproc
  29              		@ args = 0, pretend = 0, frame = 0
  30              		@ frame_needed = 1, uses_anonymous_args = 0
  31 0000 80B5     		push	{r7, lr}
  32              		.cfi_def_cfa_offset 8
  33              		.cfi_offset 7, -8
  34              		.cfi_offset 14, -4
  35 0002 00AF     		add	r7, sp, #0
  36              		.cfi_def_cfa_register 7
  63:.\Generated_Source\PSoC5/isr_RxDMADone.c ****     /* For all we know the interrupt is active. */
  64:.\Generated_Source\PSoC5/isr_RxDMADone.c ****     isr_RxDMADone_Disable();
  37              		.loc 1 64 0
  38 0004 FFF7FEFF 		bl	isr_RxDMADone_Disable
  65:.\Generated_Source\PSoC5/isr_RxDMADone.c **** 
  66:.\Generated_Source\PSoC5/isr_RxDMADone.c ****     /* Set the ISR to point to the isr_RxDMADone Interrupt. */
  67:.\Generated_Source\PSoC5/isr_RxDMADone.c ****     isr_RxDMADone_SetVector(&isr_RxDMADone_Interrupt);
  39              		.loc 1 67 0
  40 0008 0448     		ldr	r0, .L2
  41 000a FFF7FEFF 		bl	isr_RxDMADone_SetVector
  68:.\Generated_Source\PSoC5/isr_RxDMADone.c **** 
  69:.\Generated_Source\PSoC5/isr_RxDMADone.c ****     /* Set the priority. */
  70:.\Generated_Source\PSoC5/isr_RxDMADone.c ****     isr_RxDMADone_SetPriority((uint8)isr_RxDMADone_INTC_PRIOR_NUMBER);
  42              		.loc 1 70 0
  43 000e 0420     		movs	r0, #4
  44 0010 FFF7FEFF 		bl	isr_RxDMADone_SetPriority
ARM GAS  C:\USERS\LUKAS\APPDATA\LOCAL\TEMP\ccW3MvdU.s 			page 3


  71:.\Generated_Source\PSoC5/isr_RxDMADone.c **** 
  72:.\Generated_Source\PSoC5/isr_RxDMADone.c ****     /* Enable it. */
  73:.\Generated_Source\PSoC5/isr_RxDMADone.c ****     isr_RxDMADone_Enable();
  45              		.loc 1 73 0
  46 0014 FFF7FEFF 		bl	isr_RxDMADone_Enable
  74:.\Generated_Source\PSoC5/isr_RxDMADone.c **** }
  47              		.loc 1 74 0
  48 0018 80BD     		pop	{r7, pc}
  49              	.L3:
  50 001a 00BF     		.align	2
  51              	.L2:
  52 001c 00000000 		.word	isr_RxDMADone_Interrupt
  53              		.cfi_endproc
  54              	.LFE0:
  55              		.size	isr_RxDMADone_Start, .-isr_RxDMADone_Start
  56              		.section	.text.isr_RxDMADone_StartEx,"ax",%progbits
  57              		.align	2
  58              		.global	isr_RxDMADone_StartEx
  59              		.thumb
  60              		.thumb_func
  61              		.type	isr_RxDMADone_StartEx, %function
  62              	isr_RxDMADone_StartEx:
  63              	.LFB1:
  75:.\Generated_Source\PSoC5/isr_RxDMADone.c **** 
  76:.\Generated_Source\PSoC5/isr_RxDMADone.c **** 
  77:.\Generated_Source\PSoC5/isr_RxDMADone.c **** /*******************************************************************************
  78:.\Generated_Source\PSoC5/isr_RxDMADone.c **** * Function Name: isr_RxDMADone_StartEx
  79:.\Generated_Source\PSoC5/isr_RxDMADone.c **** ********************************************************************************
  80:.\Generated_Source\PSoC5/isr_RxDMADone.c **** *
  81:.\Generated_Source\PSoC5/isr_RxDMADone.c **** * Summary:
  82:.\Generated_Source\PSoC5/isr_RxDMADone.c **** *  Sets up the interrupt and enables it. This function disables the interrupt,
  83:.\Generated_Source\PSoC5/isr_RxDMADone.c **** *  sets the interrupt vector based on the address passed in, sets the priority 
  84:.\Generated_Source\PSoC5/isr_RxDMADone.c **** *  from the value in the Design Wide Resources Interrupt Editor, then enables 
  85:.\Generated_Source\PSoC5/isr_RxDMADone.c **** *  the interrupt to the interrupt controller.
  86:.\Generated_Source\PSoC5/isr_RxDMADone.c **** *  
  87:.\Generated_Source\PSoC5/isr_RxDMADone.c **** *  When defining ISR functions, the CY_ISR and CY_ISR_PROTO macros should be 
  88:.\Generated_Source\PSoC5/isr_RxDMADone.c **** *  used to provide consistent definition across compilers:
  89:.\Generated_Source\PSoC5/isr_RxDMADone.c **** *  
  90:.\Generated_Source\PSoC5/isr_RxDMADone.c **** *  Function definition example:
  91:.\Generated_Source\PSoC5/isr_RxDMADone.c **** *   CY_ISR(MyISR)
  92:.\Generated_Source\PSoC5/isr_RxDMADone.c **** *   {
  93:.\Generated_Source\PSoC5/isr_RxDMADone.c **** *   }
  94:.\Generated_Source\PSoC5/isr_RxDMADone.c **** *   Function prototype example:
  95:.\Generated_Source\PSoC5/isr_RxDMADone.c **** *   CY_ISR_PROTO(MyISR);
  96:.\Generated_Source\PSoC5/isr_RxDMADone.c **** *
  97:.\Generated_Source\PSoC5/isr_RxDMADone.c **** * Parameters:  
  98:.\Generated_Source\PSoC5/isr_RxDMADone.c **** *   address: Address of the ISR to set in the interrupt vector table.
  99:.\Generated_Source\PSoC5/isr_RxDMADone.c **** *
 100:.\Generated_Source\PSoC5/isr_RxDMADone.c **** * Return:
 101:.\Generated_Source\PSoC5/isr_RxDMADone.c **** *   None
 102:.\Generated_Source\PSoC5/isr_RxDMADone.c **** *
 103:.\Generated_Source\PSoC5/isr_RxDMADone.c **** *******************************************************************************/
 104:.\Generated_Source\PSoC5/isr_RxDMADone.c **** void isr_RxDMADone_StartEx(cyisraddress address)
 105:.\Generated_Source\PSoC5/isr_RxDMADone.c **** {
  64              		.loc 1 105 0
  65              		.cfi_startproc
  66              		@ args = 0, pretend = 0, frame = 8
ARM GAS  C:\USERS\LUKAS\APPDATA\LOCAL\TEMP\ccW3MvdU.s 			page 4


  67              		@ frame_needed = 1, uses_anonymous_args = 0
  68 0000 80B5     		push	{r7, lr}
  69              		.cfi_def_cfa_offset 8
  70              		.cfi_offset 7, -8
  71              		.cfi_offset 14, -4
  72 0002 82B0     		sub	sp, sp, #8
  73              		.cfi_def_cfa_offset 16
  74 0004 00AF     		add	r7, sp, #0
  75              		.cfi_def_cfa_register 7
  76 0006 7860     		str	r0, [r7, #4]
 106:.\Generated_Source\PSoC5/isr_RxDMADone.c ****     /* For all we know the interrupt is active. */
 107:.\Generated_Source\PSoC5/isr_RxDMADone.c ****     isr_RxDMADone_Disable();
  77              		.loc 1 107 0
  78 0008 FFF7FEFF 		bl	isr_RxDMADone_Disable
 108:.\Generated_Source\PSoC5/isr_RxDMADone.c **** 
 109:.\Generated_Source\PSoC5/isr_RxDMADone.c ****     /* Set the ISR to point to the isr_RxDMADone Interrupt. */
 110:.\Generated_Source\PSoC5/isr_RxDMADone.c ****     isr_RxDMADone_SetVector(address);
  79              		.loc 1 110 0
  80 000c 7868     		ldr	r0, [r7, #4]
  81 000e FFF7FEFF 		bl	isr_RxDMADone_SetVector
 111:.\Generated_Source\PSoC5/isr_RxDMADone.c **** 
 112:.\Generated_Source\PSoC5/isr_RxDMADone.c ****     /* Set the priority. */
 113:.\Generated_Source\PSoC5/isr_RxDMADone.c ****     isr_RxDMADone_SetPriority((uint8)isr_RxDMADone_INTC_PRIOR_NUMBER);
  82              		.loc 1 113 0
  83 0012 0420     		movs	r0, #4
  84 0014 FFF7FEFF 		bl	isr_RxDMADone_SetPriority
 114:.\Generated_Source\PSoC5/isr_RxDMADone.c **** 
 115:.\Generated_Source\PSoC5/isr_RxDMADone.c ****     /* Enable it. */
 116:.\Generated_Source\PSoC5/isr_RxDMADone.c ****     isr_RxDMADone_Enable();
  85              		.loc 1 116 0
  86 0018 FFF7FEFF 		bl	isr_RxDMADone_Enable
 117:.\Generated_Source\PSoC5/isr_RxDMADone.c **** }
  87              		.loc 1 117 0
  88 001c 0837     		adds	r7, r7, #8
  89              		.cfi_def_cfa_offset 8
  90 001e BD46     		mov	sp, r7
  91              		.cfi_def_cfa_register 13
  92              		@ sp needed
  93 0020 80BD     		pop	{r7, pc}
  94              		.cfi_endproc
  95              	.LFE1:
  96              		.size	isr_RxDMADone_StartEx, .-isr_RxDMADone_StartEx
  97 0022 00BF     		.section	.text.isr_RxDMADone_Stop,"ax",%progbits
  98              		.align	2
  99              		.global	isr_RxDMADone_Stop
 100              		.thumb
 101              		.thumb_func
 102              		.type	isr_RxDMADone_Stop, %function
 103              	isr_RxDMADone_Stop:
 104              	.LFB2:
 118:.\Generated_Source\PSoC5/isr_RxDMADone.c **** 
 119:.\Generated_Source\PSoC5/isr_RxDMADone.c **** 
 120:.\Generated_Source\PSoC5/isr_RxDMADone.c **** /*******************************************************************************
 121:.\Generated_Source\PSoC5/isr_RxDMADone.c **** * Function Name: isr_RxDMADone_Stop
 122:.\Generated_Source\PSoC5/isr_RxDMADone.c **** ********************************************************************************
 123:.\Generated_Source\PSoC5/isr_RxDMADone.c **** *
 124:.\Generated_Source\PSoC5/isr_RxDMADone.c **** * Summary:
ARM GAS  C:\USERS\LUKAS\APPDATA\LOCAL\TEMP\ccW3MvdU.s 			page 5


 125:.\Generated_Source\PSoC5/isr_RxDMADone.c **** *   Disables and removes the interrupt.
 126:.\Generated_Source\PSoC5/isr_RxDMADone.c **** *
 127:.\Generated_Source\PSoC5/isr_RxDMADone.c **** * Parameters:  
 128:.\Generated_Source\PSoC5/isr_RxDMADone.c **** *   None
 129:.\Generated_Source\PSoC5/isr_RxDMADone.c **** *
 130:.\Generated_Source\PSoC5/isr_RxDMADone.c **** * Return:
 131:.\Generated_Source\PSoC5/isr_RxDMADone.c **** *   None
 132:.\Generated_Source\PSoC5/isr_RxDMADone.c **** *
 133:.\Generated_Source\PSoC5/isr_RxDMADone.c **** *******************************************************************************/
 134:.\Generated_Source\PSoC5/isr_RxDMADone.c **** void isr_RxDMADone_Stop(void)
 135:.\Generated_Source\PSoC5/isr_RxDMADone.c **** {
 105              		.loc 1 135 0
 106              		.cfi_startproc
 107              		@ args = 0, pretend = 0, frame = 0
 108              		@ frame_needed = 1, uses_anonymous_args = 0
 109 0000 80B5     		push	{r7, lr}
 110              		.cfi_def_cfa_offset 8
 111              		.cfi_offset 7, -8
 112              		.cfi_offset 14, -4
 113 0002 00AF     		add	r7, sp, #0
 114              		.cfi_def_cfa_register 7
 136:.\Generated_Source\PSoC5/isr_RxDMADone.c ****     /* Disable this interrupt. */
 137:.\Generated_Source\PSoC5/isr_RxDMADone.c ****     isr_RxDMADone_Disable();
 115              		.loc 1 137 0
 116 0004 FFF7FEFF 		bl	isr_RxDMADone_Disable
 138:.\Generated_Source\PSoC5/isr_RxDMADone.c **** 
 139:.\Generated_Source\PSoC5/isr_RxDMADone.c ****     /* Set the ISR to point to the passive one. */
 140:.\Generated_Source\PSoC5/isr_RxDMADone.c ****     isr_RxDMADone_SetVector(&IntDefaultHandler);
 117              		.loc 1 140 0
 118 0008 0148     		ldr	r0, .L6
 119 000a FFF7FEFF 		bl	isr_RxDMADone_SetVector
 141:.\Generated_Source\PSoC5/isr_RxDMADone.c **** }
 120              		.loc 1 141 0
 121 000e 80BD     		pop	{r7, pc}
 122              	.L7:
 123              		.align	2
 124              	.L6:
 125 0010 00000000 		.word	IntDefaultHandler
 126              		.cfi_endproc
 127              	.LFE2:
 128              		.size	isr_RxDMADone_Stop, .-isr_RxDMADone_Stop
 129              		.section	.text.isr_RxDMADone_Interrupt,"ax",%progbits
 130              		.align	2
 131              		.global	isr_RxDMADone_Interrupt
 132              		.thumb
 133              		.thumb_func
 134              		.type	isr_RxDMADone_Interrupt, %function
 135              	isr_RxDMADone_Interrupt:
 136              	.LFB3:
 142:.\Generated_Source\PSoC5/isr_RxDMADone.c **** 
 143:.\Generated_Source\PSoC5/isr_RxDMADone.c **** 
 144:.\Generated_Source\PSoC5/isr_RxDMADone.c **** /*******************************************************************************
 145:.\Generated_Source\PSoC5/isr_RxDMADone.c **** * Function Name: isr_RxDMADone_Interrupt
 146:.\Generated_Source\PSoC5/isr_RxDMADone.c **** ********************************************************************************
 147:.\Generated_Source\PSoC5/isr_RxDMADone.c **** *
 148:.\Generated_Source\PSoC5/isr_RxDMADone.c **** * Summary:
 149:.\Generated_Source\PSoC5/isr_RxDMADone.c **** *   The default Interrupt Service Routine for isr_RxDMADone.
ARM GAS  C:\USERS\LUKAS\APPDATA\LOCAL\TEMP\ccW3MvdU.s 			page 6


 150:.\Generated_Source\PSoC5/isr_RxDMADone.c **** *
 151:.\Generated_Source\PSoC5/isr_RxDMADone.c **** *   Add custom code between the coments to keep the next version of this file
 152:.\Generated_Source\PSoC5/isr_RxDMADone.c **** *   from over writting your code.
 153:.\Generated_Source\PSoC5/isr_RxDMADone.c **** *
 154:.\Generated_Source\PSoC5/isr_RxDMADone.c **** * Parameters:  
 155:.\Generated_Source\PSoC5/isr_RxDMADone.c **** *
 156:.\Generated_Source\PSoC5/isr_RxDMADone.c **** * Return:
 157:.\Generated_Source\PSoC5/isr_RxDMADone.c **** *   None
 158:.\Generated_Source\PSoC5/isr_RxDMADone.c **** *
 159:.\Generated_Source\PSoC5/isr_RxDMADone.c **** *******************************************************************************/
 160:.\Generated_Source\PSoC5/isr_RxDMADone.c **** CY_ISR(isr_RxDMADone_Interrupt)
 161:.\Generated_Source\PSoC5/isr_RxDMADone.c **** {
 137              		.loc 1 161 0
 138              		.cfi_startproc
 139              		@ args = 0, pretend = 0, frame = 0
 140              		@ frame_needed = 1, uses_anonymous_args = 0
 141              		@ link register save eliminated.
 142 0000 80B4     		push	{r7}
 143              		.cfi_def_cfa_offset 4
 144              		.cfi_offset 7, -4
 145 0002 00AF     		add	r7, sp, #0
 146              		.cfi_def_cfa_register 7
 162:.\Generated_Source\PSoC5/isr_RxDMADone.c ****     #ifdef isr_RxDMADone_INTERRUPT_INTERRUPT_CALLBACK
 163:.\Generated_Source\PSoC5/isr_RxDMADone.c ****         isr_RxDMADone_Interrupt_InterruptCallback();
 164:.\Generated_Source\PSoC5/isr_RxDMADone.c ****     #endif /* isr_RxDMADone_INTERRUPT_INTERRUPT_CALLBACK */ 
 165:.\Generated_Source\PSoC5/isr_RxDMADone.c **** 
 166:.\Generated_Source\PSoC5/isr_RxDMADone.c ****     /*  Place your Interrupt code here. */
 167:.\Generated_Source\PSoC5/isr_RxDMADone.c ****     /* `#START isr_RxDMADone_Interrupt` */
 168:.\Generated_Source\PSoC5/isr_RxDMADone.c **** 
 169:.\Generated_Source\PSoC5/isr_RxDMADone.c ****     /* `#END` */
 170:.\Generated_Source\PSoC5/isr_RxDMADone.c **** }
 147              		.loc 1 170 0
 148 0004 BD46     		mov	sp, r7
 149              		.cfi_def_cfa_register 13
 150              		@ sp needed
 151 0006 5DF8047B 		ldr	r7, [sp], #4
 152              		.cfi_restore 7
 153              		.cfi_def_cfa_offset 0
 154 000a 7047     		bx	lr
 155              		.cfi_endproc
 156              	.LFE3:
 157              		.size	isr_RxDMADone_Interrupt, .-isr_RxDMADone_Interrupt
 158              		.section	.text.isr_RxDMADone_SetVector,"ax",%progbits
 159              		.align	2
 160              		.global	isr_RxDMADone_SetVector
 161              		.thumb
 162              		.thumb_func
 163              		.type	isr_RxDMADone_SetVector, %function
 164              	isr_RxDMADone_SetVector:
 165              	.LFB4:
 171:.\Generated_Source\PSoC5/isr_RxDMADone.c **** 
 172:.\Generated_Source\PSoC5/isr_RxDMADone.c **** 
 173:.\Generated_Source\PSoC5/isr_RxDMADone.c **** /*******************************************************************************
 174:.\Generated_Source\PSoC5/isr_RxDMADone.c **** * Function Name: isr_RxDMADone_SetVector
 175:.\Generated_Source\PSoC5/isr_RxDMADone.c **** ********************************************************************************
 176:.\Generated_Source\PSoC5/isr_RxDMADone.c **** *
 177:.\Generated_Source\PSoC5/isr_RxDMADone.c **** * Summary:
ARM GAS  C:\USERS\LUKAS\APPDATA\LOCAL\TEMP\ccW3MvdU.s 			page 7


 178:.\Generated_Source\PSoC5/isr_RxDMADone.c **** *   Change the ISR vector for the Interrupt. Note calling isr_RxDMADone_Start
 179:.\Generated_Source\PSoC5/isr_RxDMADone.c **** *   will override any effect this method would have had. To set the vector 
 180:.\Generated_Source\PSoC5/isr_RxDMADone.c **** *   before the component has been started use isr_RxDMADone_StartEx instead.
 181:.\Generated_Source\PSoC5/isr_RxDMADone.c **** * 
 182:.\Generated_Source\PSoC5/isr_RxDMADone.c **** *   When defining ISR functions, the CY_ISR and CY_ISR_PROTO macros should be 
 183:.\Generated_Source\PSoC5/isr_RxDMADone.c **** *   used to provide consistent definition across compilers:
 184:.\Generated_Source\PSoC5/isr_RxDMADone.c **** *
 185:.\Generated_Source\PSoC5/isr_RxDMADone.c **** *   Function definition example:
 186:.\Generated_Source\PSoC5/isr_RxDMADone.c **** *   CY_ISR(MyISR)
 187:.\Generated_Source\PSoC5/isr_RxDMADone.c **** *   {
 188:.\Generated_Source\PSoC5/isr_RxDMADone.c **** *   }
 189:.\Generated_Source\PSoC5/isr_RxDMADone.c **** *
 190:.\Generated_Source\PSoC5/isr_RxDMADone.c **** *   Function prototype example:
 191:.\Generated_Source\PSoC5/isr_RxDMADone.c **** *     CY_ISR_PROTO(MyISR);
 192:.\Generated_Source\PSoC5/isr_RxDMADone.c **** *
 193:.\Generated_Source\PSoC5/isr_RxDMADone.c **** * Parameters:
 194:.\Generated_Source\PSoC5/isr_RxDMADone.c **** *   address: Address of the ISR to set in the interrupt vector table.
 195:.\Generated_Source\PSoC5/isr_RxDMADone.c **** *
 196:.\Generated_Source\PSoC5/isr_RxDMADone.c **** * Return:
 197:.\Generated_Source\PSoC5/isr_RxDMADone.c **** *   None
 198:.\Generated_Source\PSoC5/isr_RxDMADone.c **** *
 199:.\Generated_Source\PSoC5/isr_RxDMADone.c **** *******************************************************************************/
 200:.\Generated_Source\PSoC5/isr_RxDMADone.c **** void isr_RxDMADone_SetVector(cyisraddress address)
 201:.\Generated_Source\PSoC5/isr_RxDMADone.c **** {
 166              		.loc 1 201 0
 167              		.cfi_startproc
 168              		@ args = 0, pretend = 0, frame = 16
 169              		@ frame_needed = 1, uses_anonymous_args = 0
 170              		@ link register save eliminated.
 171 0000 80B4     		push	{r7}
 172              		.cfi_def_cfa_offset 4
 173              		.cfi_offset 7, -4
 174 0002 85B0     		sub	sp, sp, #20
 175              		.cfi_def_cfa_offset 24
 176 0004 00AF     		add	r7, sp, #0
 177              		.cfi_def_cfa_register 7
 178 0006 7860     		str	r0, [r7, #4]
 202:.\Generated_Source\PSoC5/isr_RxDMADone.c ****     cyisraddress * ramVectorTable;
 203:.\Generated_Source\PSoC5/isr_RxDMADone.c **** 
 204:.\Generated_Source\PSoC5/isr_RxDMADone.c ****     ramVectorTable = (cyisraddress *) *CYINT_VECT_TABLE;
 179              		.loc 1 204 0
 180 0008 054B     		ldr	r3, .L10
 181 000a 1B68     		ldr	r3, [r3]
 182 000c FB60     		str	r3, [r7, #12]
 205:.\Generated_Source\PSoC5/isr_RxDMADone.c **** 
 206:.\Generated_Source\PSoC5/isr_RxDMADone.c ****     ramVectorTable[CYINT_IRQ_BASE + (uint32)isr_RxDMADone__INTC_NUMBER] = address;
 183              		.loc 1 206 0
 184 000e FB68     		ldr	r3, [r7, #12]
 185 0010 5833     		adds	r3, r3, #88
 186 0012 7A68     		ldr	r2, [r7, #4]
 187 0014 1A60     		str	r2, [r3]
 207:.\Generated_Source\PSoC5/isr_RxDMADone.c **** }
 188              		.loc 1 207 0
 189 0016 1437     		adds	r7, r7, #20
 190              		.cfi_def_cfa_offset 4
 191 0018 BD46     		mov	sp, r7
 192              		.cfi_def_cfa_register 13
ARM GAS  C:\USERS\LUKAS\APPDATA\LOCAL\TEMP\ccW3MvdU.s 			page 8


 193              		@ sp needed
 194 001a 5DF8047B 		ldr	r7, [sp], #4
 195              		.cfi_restore 7
 196              		.cfi_def_cfa_offset 0
 197 001e 7047     		bx	lr
 198              	.L11:
 199              		.align	2
 200              	.L10:
 201 0020 08ED00E0 		.word	-536810232
 202              		.cfi_endproc
 203              	.LFE4:
 204              		.size	isr_RxDMADone_SetVector, .-isr_RxDMADone_SetVector
 205              		.section	.text.isr_RxDMADone_GetVector,"ax",%progbits
 206              		.align	2
 207              		.global	isr_RxDMADone_GetVector
 208              		.thumb
 209              		.thumb_func
 210              		.type	isr_RxDMADone_GetVector, %function
 211              	isr_RxDMADone_GetVector:
 212              	.LFB5:
 208:.\Generated_Source\PSoC5/isr_RxDMADone.c **** 
 209:.\Generated_Source\PSoC5/isr_RxDMADone.c **** 
 210:.\Generated_Source\PSoC5/isr_RxDMADone.c **** /*******************************************************************************
 211:.\Generated_Source\PSoC5/isr_RxDMADone.c **** * Function Name: isr_RxDMADone_GetVector
 212:.\Generated_Source\PSoC5/isr_RxDMADone.c **** ********************************************************************************
 213:.\Generated_Source\PSoC5/isr_RxDMADone.c **** *
 214:.\Generated_Source\PSoC5/isr_RxDMADone.c **** * Summary:
 215:.\Generated_Source\PSoC5/isr_RxDMADone.c **** *   Gets the "address" of the current ISR vector for the Interrupt.
 216:.\Generated_Source\PSoC5/isr_RxDMADone.c **** *
 217:.\Generated_Source\PSoC5/isr_RxDMADone.c **** * Parameters:
 218:.\Generated_Source\PSoC5/isr_RxDMADone.c **** *   None
 219:.\Generated_Source\PSoC5/isr_RxDMADone.c **** *
 220:.\Generated_Source\PSoC5/isr_RxDMADone.c **** * Return:
 221:.\Generated_Source\PSoC5/isr_RxDMADone.c **** *   Address of the ISR in the interrupt vector table.
 222:.\Generated_Source\PSoC5/isr_RxDMADone.c **** *
 223:.\Generated_Source\PSoC5/isr_RxDMADone.c **** *******************************************************************************/
 224:.\Generated_Source\PSoC5/isr_RxDMADone.c **** cyisraddress isr_RxDMADone_GetVector(void)
 225:.\Generated_Source\PSoC5/isr_RxDMADone.c **** {
 213              		.loc 1 225 0
 214              		.cfi_startproc
 215              		@ args = 0, pretend = 0, frame = 8
 216              		@ frame_needed = 1, uses_anonymous_args = 0
 217              		@ link register save eliminated.
 218 0000 80B4     		push	{r7}
 219              		.cfi_def_cfa_offset 4
 220              		.cfi_offset 7, -4
 221 0002 83B0     		sub	sp, sp, #12
 222              		.cfi_def_cfa_offset 16
 223 0004 00AF     		add	r7, sp, #0
 224              		.cfi_def_cfa_register 7
 226:.\Generated_Source\PSoC5/isr_RxDMADone.c ****     cyisraddress * ramVectorTable;
 227:.\Generated_Source\PSoC5/isr_RxDMADone.c **** 
 228:.\Generated_Source\PSoC5/isr_RxDMADone.c ****     ramVectorTable = (cyisraddress *) *CYINT_VECT_TABLE;
 225              		.loc 1 228 0
 226 0006 054B     		ldr	r3, .L14
 227 0008 1B68     		ldr	r3, [r3]
 228 000a 7B60     		str	r3, [r7, #4]
ARM GAS  C:\USERS\LUKAS\APPDATA\LOCAL\TEMP\ccW3MvdU.s 			page 9


 229:.\Generated_Source\PSoC5/isr_RxDMADone.c **** 
 230:.\Generated_Source\PSoC5/isr_RxDMADone.c ****     return ramVectorTable[CYINT_IRQ_BASE + (uint32)isr_RxDMADone__INTC_NUMBER];
 229              		.loc 1 230 0
 230 000c 7B68     		ldr	r3, [r7, #4]
 231 000e 9B6D     		ldr	r3, [r3, #88]
 231:.\Generated_Source\PSoC5/isr_RxDMADone.c **** }
 232              		.loc 1 231 0
 233 0010 1846     		mov	r0, r3
 234 0012 0C37     		adds	r7, r7, #12
 235              		.cfi_def_cfa_offset 4
 236 0014 BD46     		mov	sp, r7
 237              		.cfi_def_cfa_register 13
 238              		@ sp needed
 239 0016 5DF8047B 		ldr	r7, [sp], #4
 240              		.cfi_restore 7
 241              		.cfi_def_cfa_offset 0
 242 001a 7047     		bx	lr
 243              	.L15:
 244              		.align	2
 245              	.L14:
 246 001c 08ED00E0 		.word	-536810232
 247              		.cfi_endproc
 248              	.LFE5:
 249              		.size	isr_RxDMADone_GetVector, .-isr_RxDMADone_GetVector
 250              		.section	.text.isr_RxDMADone_SetPriority,"ax",%progbits
 251              		.align	2
 252              		.global	isr_RxDMADone_SetPriority
 253              		.thumb
 254              		.thumb_func
 255              		.type	isr_RxDMADone_SetPriority, %function
 256              	isr_RxDMADone_SetPriority:
 257              	.LFB6:
 232:.\Generated_Source\PSoC5/isr_RxDMADone.c **** 
 233:.\Generated_Source\PSoC5/isr_RxDMADone.c **** 
 234:.\Generated_Source\PSoC5/isr_RxDMADone.c **** /*******************************************************************************
 235:.\Generated_Source\PSoC5/isr_RxDMADone.c **** * Function Name: isr_RxDMADone_SetPriority
 236:.\Generated_Source\PSoC5/isr_RxDMADone.c **** ********************************************************************************
 237:.\Generated_Source\PSoC5/isr_RxDMADone.c **** *
 238:.\Generated_Source\PSoC5/isr_RxDMADone.c **** * Summary:
 239:.\Generated_Source\PSoC5/isr_RxDMADone.c **** *   Sets the Priority of the Interrupt. 
 240:.\Generated_Source\PSoC5/isr_RxDMADone.c **** *
 241:.\Generated_Source\PSoC5/isr_RxDMADone.c **** *   Note calling isr_RxDMADone_Start or isr_RxDMADone_StartEx will 
 242:.\Generated_Source\PSoC5/isr_RxDMADone.c **** *   override any effect this API would have had. This API should only be called
 243:.\Generated_Source\PSoC5/isr_RxDMADone.c **** *   after isr_RxDMADone_Start or isr_RxDMADone_StartEx has been called. 
 244:.\Generated_Source\PSoC5/isr_RxDMADone.c **** *   To set the initial priority for the component, use the Design-Wide Resources
 245:.\Generated_Source\PSoC5/isr_RxDMADone.c **** *   Interrupt Editor.
 246:.\Generated_Source\PSoC5/isr_RxDMADone.c **** *
 247:.\Generated_Source\PSoC5/isr_RxDMADone.c **** *   Note This API has no effect on Non-maskable interrupt NMI).
 248:.\Generated_Source\PSoC5/isr_RxDMADone.c **** *
 249:.\Generated_Source\PSoC5/isr_RxDMADone.c **** * Parameters:
 250:.\Generated_Source\PSoC5/isr_RxDMADone.c **** *   priority: Priority of the interrupt, 0 being the highest priority
 251:.\Generated_Source\PSoC5/isr_RxDMADone.c **** *             PSoC 3 and PSoC 5LP: Priority is from 0 to 7.
 252:.\Generated_Source\PSoC5/isr_RxDMADone.c **** *             PSoC 4: Priority is from 0 to 3.
 253:.\Generated_Source\PSoC5/isr_RxDMADone.c **** *
 254:.\Generated_Source\PSoC5/isr_RxDMADone.c **** * Return:
 255:.\Generated_Source\PSoC5/isr_RxDMADone.c **** *   None
 256:.\Generated_Source\PSoC5/isr_RxDMADone.c **** *
ARM GAS  C:\USERS\LUKAS\APPDATA\LOCAL\TEMP\ccW3MvdU.s 			page 10


 257:.\Generated_Source\PSoC5/isr_RxDMADone.c **** *******************************************************************************/
 258:.\Generated_Source\PSoC5/isr_RxDMADone.c **** void isr_RxDMADone_SetPriority(uint8 priority)
 259:.\Generated_Source\PSoC5/isr_RxDMADone.c **** {
 258              		.loc 1 259 0
 259              		.cfi_startproc
 260              		@ args = 0, pretend = 0, frame = 8
 261              		@ frame_needed = 1, uses_anonymous_args = 0
 262              		@ link register save eliminated.
 263 0000 80B4     		push	{r7}
 264              		.cfi_def_cfa_offset 4
 265              		.cfi_offset 7, -4
 266 0002 83B0     		sub	sp, sp, #12
 267              		.cfi_def_cfa_offset 16
 268 0004 00AF     		add	r7, sp, #0
 269              		.cfi_def_cfa_register 7
 270 0006 0346     		mov	r3, r0
 271 0008 FB71     		strb	r3, [r7, #7]
 260:.\Generated_Source\PSoC5/isr_RxDMADone.c ****     *isr_RxDMADone_INTC_PRIOR = priority << 5;
 272              		.loc 1 260 0
 273 000a 054A     		ldr	r2, .L17
 274 000c FB79     		ldrb	r3, [r7, #7]
 275 000e 5B01     		lsls	r3, r3, #5
 276 0010 DBB2     		uxtb	r3, r3
 277 0012 1370     		strb	r3, [r2]
 261:.\Generated_Source\PSoC5/isr_RxDMADone.c **** }
 278              		.loc 1 261 0
 279 0014 0C37     		adds	r7, r7, #12
 280              		.cfi_def_cfa_offset 4
 281 0016 BD46     		mov	sp, r7
 282              		.cfi_def_cfa_register 13
 283              		@ sp needed
 284 0018 5DF8047B 		ldr	r7, [sp], #4
 285              		.cfi_restore 7
 286              		.cfi_def_cfa_offset 0
 287 001c 7047     		bx	lr
 288              	.L18:
 289 001e 00BF     		.align	2
 290              	.L17:
 291 0020 06E400E0 		.word	-536812538
 292              		.cfi_endproc
 293              	.LFE6:
 294              		.size	isr_RxDMADone_SetPriority, .-isr_RxDMADone_SetPriority
 295              		.section	.text.isr_RxDMADone_GetPriority,"ax",%progbits
 296              		.align	2
 297              		.global	isr_RxDMADone_GetPriority
 298              		.thumb
 299              		.thumb_func
 300              		.type	isr_RxDMADone_GetPriority, %function
 301              	isr_RxDMADone_GetPriority:
 302              	.LFB7:
 262:.\Generated_Source\PSoC5/isr_RxDMADone.c **** 
 263:.\Generated_Source\PSoC5/isr_RxDMADone.c **** 
 264:.\Generated_Source\PSoC5/isr_RxDMADone.c **** /*******************************************************************************
 265:.\Generated_Source\PSoC5/isr_RxDMADone.c **** * Function Name: isr_RxDMADone_GetPriority
 266:.\Generated_Source\PSoC5/isr_RxDMADone.c **** ********************************************************************************
 267:.\Generated_Source\PSoC5/isr_RxDMADone.c **** *
 268:.\Generated_Source\PSoC5/isr_RxDMADone.c **** * Summary:
ARM GAS  C:\USERS\LUKAS\APPDATA\LOCAL\TEMP\ccW3MvdU.s 			page 11


 269:.\Generated_Source\PSoC5/isr_RxDMADone.c **** *   Gets the Priority of the Interrupt.
 270:.\Generated_Source\PSoC5/isr_RxDMADone.c **** *
 271:.\Generated_Source\PSoC5/isr_RxDMADone.c **** * Parameters:
 272:.\Generated_Source\PSoC5/isr_RxDMADone.c **** *   None
 273:.\Generated_Source\PSoC5/isr_RxDMADone.c **** *
 274:.\Generated_Source\PSoC5/isr_RxDMADone.c **** * Return:
 275:.\Generated_Source\PSoC5/isr_RxDMADone.c **** *   Priority of the interrupt, 0 being the highest priority
 276:.\Generated_Source\PSoC5/isr_RxDMADone.c **** *    PSoC 3 and PSoC 5LP: Priority is from 0 to 7.
 277:.\Generated_Source\PSoC5/isr_RxDMADone.c **** *    PSoC 4: Priority is from 0 to 3.
 278:.\Generated_Source\PSoC5/isr_RxDMADone.c **** *
 279:.\Generated_Source\PSoC5/isr_RxDMADone.c **** *******************************************************************************/
 280:.\Generated_Source\PSoC5/isr_RxDMADone.c **** uint8 isr_RxDMADone_GetPriority(void)
 281:.\Generated_Source\PSoC5/isr_RxDMADone.c **** {
 303              		.loc 1 281 0
 304              		.cfi_startproc
 305              		@ args = 0, pretend = 0, frame = 8
 306              		@ frame_needed = 1, uses_anonymous_args = 0
 307              		@ link register save eliminated.
 308 0000 80B4     		push	{r7}
 309              		.cfi_def_cfa_offset 4
 310              		.cfi_offset 7, -4
 311 0002 83B0     		sub	sp, sp, #12
 312              		.cfi_def_cfa_offset 16
 313 0004 00AF     		add	r7, sp, #0
 314              		.cfi_def_cfa_register 7
 282:.\Generated_Source\PSoC5/isr_RxDMADone.c ****     uint8 priority;
 283:.\Generated_Source\PSoC5/isr_RxDMADone.c **** 
 284:.\Generated_Source\PSoC5/isr_RxDMADone.c **** 
 285:.\Generated_Source\PSoC5/isr_RxDMADone.c ****     priority = *isr_RxDMADone_INTC_PRIOR >> 5;
 315              		.loc 1 285 0
 316 0006 064B     		ldr	r3, .L21
 317 0008 1B78     		ldrb	r3, [r3]
 318 000a DBB2     		uxtb	r3, r3
 319 000c 5B09     		lsrs	r3, r3, #5
 320 000e FB71     		strb	r3, [r7, #7]
 286:.\Generated_Source\PSoC5/isr_RxDMADone.c **** 
 287:.\Generated_Source\PSoC5/isr_RxDMADone.c ****     return priority;
 321              		.loc 1 287 0
 322 0010 FB79     		ldrb	r3, [r7, #7]	@ zero_extendqisi2
 288:.\Generated_Source\PSoC5/isr_RxDMADone.c **** }
 323              		.loc 1 288 0
 324 0012 1846     		mov	r0, r3
 325 0014 0C37     		adds	r7, r7, #12
 326              		.cfi_def_cfa_offset 4
 327 0016 BD46     		mov	sp, r7
 328              		.cfi_def_cfa_register 13
 329              		@ sp needed
 330 0018 5DF8047B 		ldr	r7, [sp], #4
 331              		.cfi_restore 7
 332              		.cfi_def_cfa_offset 0
 333 001c 7047     		bx	lr
 334              	.L22:
 335 001e 00BF     		.align	2
 336              	.L21:
 337 0020 06E400E0 		.word	-536812538
 338              		.cfi_endproc
 339              	.LFE7:
ARM GAS  C:\USERS\LUKAS\APPDATA\LOCAL\TEMP\ccW3MvdU.s 			page 12


 340              		.size	isr_RxDMADone_GetPriority, .-isr_RxDMADone_GetPriority
 341              		.section	.text.isr_RxDMADone_Enable,"ax",%progbits
 342              		.align	2
 343              		.global	isr_RxDMADone_Enable
 344              		.thumb
 345              		.thumb_func
 346              		.type	isr_RxDMADone_Enable, %function
 347              	isr_RxDMADone_Enable:
 348              	.LFB8:
 289:.\Generated_Source\PSoC5/isr_RxDMADone.c **** 
 290:.\Generated_Source\PSoC5/isr_RxDMADone.c **** 
 291:.\Generated_Source\PSoC5/isr_RxDMADone.c **** /*******************************************************************************
 292:.\Generated_Source\PSoC5/isr_RxDMADone.c **** * Function Name: isr_RxDMADone_Enable
 293:.\Generated_Source\PSoC5/isr_RxDMADone.c **** ********************************************************************************
 294:.\Generated_Source\PSoC5/isr_RxDMADone.c **** *
 295:.\Generated_Source\PSoC5/isr_RxDMADone.c **** * Summary:
 296:.\Generated_Source\PSoC5/isr_RxDMADone.c **** *   Enables the interrupt to the interrupt controller. Do not call this function
 297:.\Generated_Source\PSoC5/isr_RxDMADone.c **** *   unless ISR_Start() has been called or the functionality of the ISR_Start() 
 298:.\Generated_Source\PSoC5/isr_RxDMADone.c **** *   function, which sets the vector and the priority, has been called.
 299:.\Generated_Source\PSoC5/isr_RxDMADone.c **** *
 300:.\Generated_Source\PSoC5/isr_RxDMADone.c **** * Parameters:
 301:.\Generated_Source\PSoC5/isr_RxDMADone.c **** *   None
 302:.\Generated_Source\PSoC5/isr_RxDMADone.c **** *
 303:.\Generated_Source\PSoC5/isr_RxDMADone.c **** * Return:
 304:.\Generated_Source\PSoC5/isr_RxDMADone.c **** *   None
 305:.\Generated_Source\PSoC5/isr_RxDMADone.c **** *
 306:.\Generated_Source\PSoC5/isr_RxDMADone.c **** *******************************************************************************/
 307:.\Generated_Source\PSoC5/isr_RxDMADone.c **** void isr_RxDMADone_Enable(void)
 308:.\Generated_Source\PSoC5/isr_RxDMADone.c **** {
 349              		.loc 1 308 0
 350              		.cfi_startproc
 351              		@ args = 0, pretend = 0, frame = 0
 352              		@ frame_needed = 1, uses_anonymous_args = 0
 353              		@ link register save eliminated.
 354 0000 80B4     		push	{r7}
 355              		.cfi_def_cfa_offset 4
 356              		.cfi_offset 7, -4
 357 0002 00AF     		add	r7, sp, #0
 358              		.cfi_def_cfa_register 7
 309:.\Generated_Source\PSoC5/isr_RxDMADone.c ****     /* Enable the general interrupt. */
 310:.\Generated_Source\PSoC5/isr_RxDMADone.c ****     *isr_RxDMADone_INTC_SET_EN = isr_RxDMADone__INTC_MASK;
 359              		.loc 1 310 0
 360 0004 034B     		ldr	r3, .L24
 361 0006 4022     		movs	r2, #64
 362 0008 1A60     		str	r2, [r3]
 311:.\Generated_Source\PSoC5/isr_RxDMADone.c **** }
 363              		.loc 1 311 0
 364 000a BD46     		mov	sp, r7
 365              		.cfi_def_cfa_register 13
 366              		@ sp needed
 367 000c 5DF8047B 		ldr	r7, [sp], #4
 368              		.cfi_restore 7
 369              		.cfi_def_cfa_offset 0
 370 0010 7047     		bx	lr
 371              	.L25:
 372 0012 00BF     		.align	2
 373              	.L24:
ARM GAS  C:\USERS\LUKAS\APPDATA\LOCAL\TEMP\ccW3MvdU.s 			page 13


 374 0014 00E100E0 		.word	-536813312
 375              		.cfi_endproc
 376              	.LFE8:
 377              		.size	isr_RxDMADone_Enable, .-isr_RxDMADone_Enable
 378              		.section	.text.isr_RxDMADone_GetState,"ax",%progbits
 379              		.align	2
 380              		.global	isr_RxDMADone_GetState
 381              		.thumb
 382              		.thumb_func
 383              		.type	isr_RxDMADone_GetState, %function
 384              	isr_RxDMADone_GetState:
 385              	.LFB9:
 312:.\Generated_Source\PSoC5/isr_RxDMADone.c **** 
 313:.\Generated_Source\PSoC5/isr_RxDMADone.c **** 
 314:.\Generated_Source\PSoC5/isr_RxDMADone.c **** /*******************************************************************************
 315:.\Generated_Source\PSoC5/isr_RxDMADone.c **** * Function Name: isr_RxDMADone_GetState
 316:.\Generated_Source\PSoC5/isr_RxDMADone.c **** ********************************************************************************
 317:.\Generated_Source\PSoC5/isr_RxDMADone.c **** *
 318:.\Generated_Source\PSoC5/isr_RxDMADone.c **** * Summary:
 319:.\Generated_Source\PSoC5/isr_RxDMADone.c **** *   Gets the state (enabled, disabled) of the Interrupt.
 320:.\Generated_Source\PSoC5/isr_RxDMADone.c **** *
 321:.\Generated_Source\PSoC5/isr_RxDMADone.c **** * Parameters:
 322:.\Generated_Source\PSoC5/isr_RxDMADone.c **** *   None
 323:.\Generated_Source\PSoC5/isr_RxDMADone.c **** *
 324:.\Generated_Source\PSoC5/isr_RxDMADone.c **** * Return:
 325:.\Generated_Source\PSoC5/isr_RxDMADone.c **** *   1 if enabled, 0 if disabled.
 326:.\Generated_Source\PSoC5/isr_RxDMADone.c **** *
 327:.\Generated_Source\PSoC5/isr_RxDMADone.c **** *******************************************************************************/
 328:.\Generated_Source\PSoC5/isr_RxDMADone.c **** uint8 isr_RxDMADone_GetState(void)
 329:.\Generated_Source\PSoC5/isr_RxDMADone.c **** {
 386              		.loc 1 329 0
 387              		.cfi_startproc
 388              		@ args = 0, pretend = 0, frame = 0
 389              		@ frame_needed = 1, uses_anonymous_args = 0
 390              		@ link register save eliminated.
 391 0000 80B4     		push	{r7}
 392              		.cfi_def_cfa_offset 4
 393              		.cfi_offset 7, -4
 394 0002 00AF     		add	r7, sp, #0
 395              		.cfi_def_cfa_register 7
 330:.\Generated_Source\PSoC5/isr_RxDMADone.c ****     /* Get the state of the general interrupt. */
 331:.\Generated_Source\PSoC5/isr_RxDMADone.c ****     return ((*isr_RxDMADone_INTC_SET_EN & (uint32)isr_RxDMADone__INTC_MASK) != 0u) ? 1u:0u;
 396              		.loc 1 331 0
 397 0004 064B     		ldr	r3, .L30
 398 0006 1B68     		ldr	r3, [r3]
 399 0008 03F04003 		and	r3, r3, #64
 400 000c 002B     		cmp	r3, #0
 401 000e 01D0     		beq	.L27
 402              		.loc 1 331 0 is_stmt 0 discriminator 1
 403 0010 0123     		movs	r3, #1
 404 0012 00E0     		b	.L28
 405              	.L27:
 406              		.loc 1 331 0 discriminator 2
 407 0014 0023     		movs	r3, #0
 408              	.L28:
 332:.\Generated_Source\PSoC5/isr_RxDMADone.c **** }
 409              		.loc 1 332 0 is_stmt 1 discriminator 4
ARM GAS  C:\USERS\LUKAS\APPDATA\LOCAL\TEMP\ccW3MvdU.s 			page 14


 410 0016 1846     		mov	r0, r3
 411 0018 BD46     		mov	sp, r7
 412              		.cfi_def_cfa_register 13
 413              		@ sp needed
 414 001a 5DF8047B 		ldr	r7, [sp], #4
 415              		.cfi_restore 7
 416              		.cfi_def_cfa_offset 0
 417 001e 7047     		bx	lr
 418              	.L31:
 419              		.align	2
 420              	.L30:
 421 0020 00E100E0 		.word	-536813312
 422              		.cfi_endproc
 423              	.LFE9:
 424              		.size	isr_RxDMADone_GetState, .-isr_RxDMADone_GetState
 425              		.section	.text.isr_RxDMADone_Disable,"ax",%progbits
 426              		.align	2
 427              		.global	isr_RxDMADone_Disable
 428              		.thumb
 429              		.thumb_func
 430              		.type	isr_RxDMADone_Disable, %function
 431              	isr_RxDMADone_Disable:
 432              	.LFB10:
 333:.\Generated_Source\PSoC5/isr_RxDMADone.c **** 
 334:.\Generated_Source\PSoC5/isr_RxDMADone.c **** 
 335:.\Generated_Source\PSoC5/isr_RxDMADone.c **** /*******************************************************************************
 336:.\Generated_Source\PSoC5/isr_RxDMADone.c **** * Function Name: isr_RxDMADone_Disable
 337:.\Generated_Source\PSoC5/isr_RxDMADone.c **** ********************************************************************************
 338:.\Generated_Source\PSoC5/isr_RxDMADone.c **** *
 339:.\Generated_Source\PSoC5/isr_RxDMADone.c **** * Summary:
 340:.\Generated_Source\PSoC5/isr_RxDMADone.c **** *   Disables the Interrupt in the interrupt controller.
 341:.\Generated_Source\PSoC5/isr_RxDMADone.c **** *
 342:.\Generated_Source\PSoC5/isr_RxDMADone.c **** * Parameters:
 343:.\Generated_Source\PSoC5/isr_RxDMADone.c **** *   None
 344:.\Generated_Source\PSoC5/isr_RxDMADone.c **** *
 345:.\Generated_Source\PSoC5/isr_RxDMADone.c **** * Return:
 346:.\Generated_Source\PSoC5/isr_RxDMADone.c **** *   None
 347:.\Generated_Source\PSoC5/isr_RxDMADone.c **** *
 348:.\Generated_Source\PSoC5/isr_RxDMADone.c **** *******************************************************************************/
 349:.\Generated_Source\PSoC5/isr_RxDMADone.c **** void isr_RxDMADone_Disable(void)
 350:.\Generated_Source\PSoC5/isr_RxDMADone.c **** {
 433              		.loc 1 350 0
 434              		.cfi_startproc
 435              		@ args = 0, pretend = 0, frame = 0
 436              		@ frame_needed = 1, uses_anonymous_args = 0
 437              		@ link register save eliminated.
 438 0000 80B4     		push	{r7}
 439              		.cfi_def_cfa_offset 4
 440              		.cfi_offset 7, -4
 441 0002 00AF     		add	r7, sp, #0
 442              		.cfi_def_cfa_register 7
 351:.\Generated_Source\PSoC5/isr_RxDMADone.c ****     /* Disable the general interrupt. */
 352:.\Generated_Source\PSoC5/isr_RxDMADone.c ****     *isr_RxDMADone_INTC_CLR_EN = isr_RxDMADone__INTC_MASK;
 443              		.loc 1 352 0
 444 0004 034B     		ldr	r3, .L33
 445 0006 4022     		movs	r2, #64
 446 0008 1A60     		str	r2, [r3]
ARM GAS  C:\USERS\LUKAS\APPDATA\LOCAL\TEMP\ccW3MvdU.s 			page 15


 353:.\Generated_Source\PSoC5/isr_RxDMADone.c **** }
 447              		.loc 1 353 0
 448 000a BD46     		mov	sp, r7
 449              		.cfi_def_cfa_register 13
 450              		@ sp needed
 451 000c 5DF8047B 		ldr	r7, [sp], #4
 452              		.cfi_restore 7
 453              		.cfi_def_cfa_offset 0
 454 0010 7047     		bx	lr
 455              	.L34:
 456 0012 00BF     		.align	2
 457              	.L33:
 458 0014 80E100E0 		.word	-536813184
 459              		.cfi_endproc
 460              	.LFE10:
 461              		.size	isr_RxDMADone_Disable, .-isr_RxDMADone_Disable
 462              		.section	.text.isr_RxDMADone_SetPending,"ax",%progbits
 463              		.align	2
 464              		.global	isr_RxDMADone_SetPending
 465              		.thumb
 466              		.thumb_func
 467              		.type	isr_RxDMADone_SetPending, %function
 468              	isr_RxDMADone_SetPending:
 469              	.LFB11:
 354:.\Generated_Source\PSoC5/isr_RxDMADone.c **** 
 355:.\Generated_Source\PSoC5/isr_RxDMADone.c **** 
 356:.\Generated_Source\PSoC5/isr_RxDMADone.c **** /*******************************************************************************
 357:.\Generated_Source\PSoC5/isr_RxDMADone.c **** * Function Name: isr_RxDMADone_SetPending
 358:.\Generated_Source\PSoC5/isr_RxDMADone.c **** ********************************************************************************
 359:.\Generated_Source\PSoC5/isr_RxDMADone.c **** *
 360:.\Generated_Source\PSoC5/isr_RxDMADone.c **** * Summary:
 361:.\Generated_Source\PSoC5/isr_RxDMADone.c **** *   Causes the Interrupt to enter the pending state, a software method of
 362:.\Generated_Source\PSoC5/isr_RxDMADone.c **** *   generating the interrupt.
 363:.\Generated_Source\PSoC5/isr_RxDMADone.c **** *
 364:.\Generated_Source\PSoC5/isr_RxDMADone.c **** * Parameters:
 365:.\Generated_Source\PSoC5/isr_RxDMADone.c **** *   None
 366:.\Generated_Source\PSoC5/isr_RxDMADone.c **** *
 367:.\Generated_Source\PSoC5/isr_RxDMADone.c **** * Return:
 368:.\Generated_Source\PSoC5/isr_RxDMADone.c **** *   None
 369:.\Generated_Source\PSoC5/isr_RxDMADone.c **** *
 370:.\Generated_Source\PSoC5/isr_RxDMADone.c **** * Side Effects:
 371:.\Generated_Source\PSoC5/isr_RxDMADone.c **** *   If interrupts are enabled and the interrupt is set up properly, the ISR is
 372:.\Generated_Source\PSoC5/isr_RxDMADone.c **** *   entered (depending on the priority of this interrupt and other pending 
 373:.\Generated_Source\PSoC5/isr_RxDMADone.c **** *   interrupts).
 374:.\Generated_Source\PSoC5/isr_RxDMADone.c **** *
 375:.\Generated_Source\PSoC5/isr_RxDMADone.c **** *******************************************************************************/
 376:.\Generated_Source\PSoC5/isr_RxDMADone.c **** void isr_RxDMADone_SetPending(void)
 377:.\Generated_Source\PSoC5/isr_RxDMADone.c **** {
 470              		.loc 1 377 0
 471              		.cfi_startproc
 472              		@ args = 0, pretend = 0, frame = 0
 473              		@ frame_needed = 1, uses_anonymous_args = 0
 474              		@ link register save eliminated.
 475 0000 80B4     		push	{r7}
 476              		.cfi_def_cfa_offset 4
 477              		.cfi_offset 7, -4
 478 0002 00AF     		add	r7, sp, #0
ARM GAS  C:\USERS\LUKAS\APPDATA\LOCAL\TEMP\ccW3MvdU.s 			page 16


 479              		.cfi_def_cfa_register 7
 378:.\Generated_Source\PSoC5/isr_RxDMADone.c ****     *isr_RxDMADone_INTC_SET_PD = isr_RxDMADone__INTC_MASK;
 480              		.loc 1 378 0
 481 0004 034B     		ldr	r3, .L36
 482 0006 4022     		movs	r2, #64
 483 0008 1A60     		str	r2, [r3]
 379:.\Generated_Source\PSoC5/isr_RxDMADone.c **** }
 484              		.loc 1 379 0
 485 000a BD46     		mov	sp, r7
 486              		.cfi_def_cfa_register 13
 487              		@ sp needed
 488 000c 5DF8047B 		ldr	r7, [sp], #4
 489              		.cfi_restore 7
 490              		.cfi_def_cfa_offset 0
 491 0010 7047     		bx	lr
 492              	.L37:
 493 0012 00BF     		.align	2
 494              	.L36:
 495 0014 00E200E0 		.word	-536813056
 496              		.cfi_endproc
 497              	.LFE11:
 498              		.size	isr_RxDMADone_SetPending, .-isr_RxDMADone_SetPending
 499              		.section	.text.isr_RxDMADone_ClearPending,"ax",%progbits
 500              		.align	2
 501              		.global	isr_RxDMADone_ClearPending
 502              		.thumb
 503              		.thumb_func
 504              		.type	isr_RxDMADone_ClearPending, %function
 505              	isr_RxDMADone_ClearPending:
 506              	.LFB12:
 380:.\Generated_Source\PSoC5/isr_RxDMADone.c **** 
 381:.\Generated_Source\PSoC5/isr_RxDMADone.c **** 
 382:.\Generated_Source\PSoC5/isr_RxDMADone.c **** /*******************************************************************************
 383:.\Generated_Source\PSoC5/isr_RxDMADone.c **** * Function Name: isr_RxDMADone_ClearPending
 384:.\Generated_Source\PSoC5/isr_RxDMADone.c **** ********************************************************************************
 385:.\Generated_Source\PSoC5/isr_RxDMADone.c **** *
 386:.\Generated_Source\PSoC5/isr_RxDMADone.c **** * Summary:
 387:.\Generated_Source\PSoC5/isr_RxDMADone.c **** *   Clears a pending interrupt in the interrupt controller.
 388:.\Generated_Source\PSoC5/isr_RxDMADone.c **** *
 389:.\Generated_Source\PSoC5/isr_RxDMADone.c **** *   Note Some interrupt sources are clear-on-read and require the block 
 390:.\Generated_Source\PSoC5/isr_RxDMADone.c **** *   interrupt/status register to be read/cleared with the appropriate block API 
 391:.\Generated_Source\PSoC5/isr_RxDMADone.c **** *   (GPIO, UART, and so on). Otherwise the ISR will continue to remain in 
 392:.\Generated_Source\PSoC5/isr_RxDMADone.c **** *   pending state even though the interrupt itself is cleared using this API.
 393:.\Generated_Source\PSoC5/isr_RxDMADone.c **** *
 394:.\Generated_Source\PSoC5/isr_RxDMADone.c **** * Parameters:
 395:.\Generated_Source\PSoC5/isr_RxDMADone.c **** *   None
 396:.\Generated_Source\PSoC5/isr_RxDMADone.c **** *
 397:.\Generated_Source\PSoC5/isr_RxDMADone.c **** * Return:
 398:.\Generated_Source\PSoC5/isr_RxDMADone.c **** *   None
 399:.\Generated_Source\PSoC5/isr_RxDMADone.c **** *
 400:.\Generated_Source\PSoC5/isr_RxDMADone.c **** *******************************************************************************/
 401:.\Generated_Source\PSoC5/isr_RxDMADone.c **** void isr_RxDMADone_ClearPending(void)
 402:.\Generated_Source\PSoC5/isr_RxDMADone.c **** {
 507              		.loc 1 402 0
 508              		.cfi_startproc
 509              		@ args = 0, pretend = 0, frame = 0
 510              		@ frame_needed = 1, uses_anonymous_args = 0
ARM GAS  C:\USERS\LUKAS\APPDATA\LOCAL\TEMP\ccW3MvdU.s 			page 17


 511              		@ link register save eliminated.
 512 0000 80B4     		push	{r7}
 513              		.cfi_def_cfa_offset 4
 514              		.cfi_offset 7, -4
 515 0002 00AF     		add	r7, sp, #0
 516              		.cfi_def_cfa_register 7
 403:.\Generated_Source\PSoC5/isr_RxDMADone.c ****     *isr_RxDMADone_INTC_CLR_PD = isr_RxDMADone__INTC_MASK;
 517              		.loc 1 403 0
 518 0004 034B     		ldr	r3, .L39
 519 0006 4022     		movs	r2, #64
 520 0008 1A60     		str	r2, [r3]
 404:.\Generated_Source\PSoC5/isr_RxDMADone.c **** }
 521              		.loc 1 404 0
 522 000a BD46     		mov	sp, r7
 523              		.cfi_def_cfa_register 13
 524              		@ sp needed
 525 000c 5DF8047B 		ldr	r7, [sp], #4
 526              		.cfi_restore 7
 527              		.cfi_def_cfa_offset 0
 528 0010 7047     		bx	lr
 529              	.L40:
 530 0012 00BF     		.align	2
 531              	.L39:
 532 0014 80E200E0 		.word	-536812928
 533              		.cfi_endproc
 534              	.LFE12:
 535              		.size	isr_RxDMADone_ClearPending, .-isr_RxDMADone_ClearPending
 536              		.text
 537              	.Letext0:
 538              		.file 2 "Generated_Source\\PSoC5/cytypes.h"
 539              		.section	.debug_info,"",%progbits
 540              	.Ldebug_info0:
 541 0000 32020000 		.4byte	0x232
 542 0004 0400     		.2byte	0x4
 543 0006 00000000 		.4byte	.Ldebug_abbrev0
 544 000a 04       		.byte	0x4
 545 000b 01       		.uleb128 0x1
 546 000c 4E010000 		.4byte	.LASF33
 547 0010 01       		.byte	0x1
 548 0011 0E010000 		.4byte	.LASF34
 549 0015 00000000 		.4byte	.LASF35
 550 0019 00000000 		.4byte	.Ldebug_ranges0+0
 551 001d 00000000 		.4byte	0
 552 0021 00000000 		.4byte	.Ldebug_line0
 553 0025 02       		.uleb128 0x2
 554 0026 04       		.byte	0x4
 555 0027 05       		.byte	0x5
 556 0028 696E7400 		.ascii	"int\000"
 557 002c 03       		.uleb128 0x3
 558 002d 04       		.byte	0x4
 559 002e 07       		.byte	0x7
 560 002f FC010000 		.4byte	.LASF0
 561 0033 03       		.uleb128 0x3
 562 0034 01       		.byte	0x1
 563 0035 06       		.byte	0x6
 564 0036 E7020000 		.4byte	.LASF1
 565 003a 03       		.uleb128 0x3
ARM GAS  C:\USERS\LUKAS\APPDATA\LOCAL\TEMP\ccW3MvdU.s 			page 18


 566 003b 01       		.byte	0x1
 567 003c 08       		.byte	0x8
 568 003d 40010000 		.4byte	.LASF2
 569 0041 03       		.uleb128 0x3
 570 0042 02       		.byte	0x2
 571 0043 05       		.byte	0x5
 572 0044 A1020000 		.4byte	.LASF3
 573 0048 03       		.uleb128 0x3
 574 0049 02       		.byte	0x2
 575 004a 07       		.byte	0x7
 576 004b A1000000 		.4byte	.LASF4
 577 004f 03       		.uleb128 0x3
 578 0050 04       		.byte	0x4
 579 0051 05       		.byte	0x5
 580 0052 C5020000 		.4byte	.LASF5
 581 0056 03       		.uleb128 0x3
 582 0057 04       		.byte	0x4
 583 0058 07       		.byte	0x7
 584 0059 EA010000 		.4byte	.LASF6
 585 005d 03       		.uleb128 0x3
 586 005e 08       		.byte	0x8
 587 005f 05       		.byte	0x5
 588 0060 6C020000 		.4byte	.LASF7
 589 0064 03       		.uleb128 0x3
 590 0065 08       		.byte	0x8
 591 0066 07       		.byte	0x7
 592 0067 11020000 		.4byte	.LASF8
 593 006b 03       		.uleb128 0x3
 594 006c 04       		.byte	0x4
 595 006d 07       		.byte	0x7
 596 006e 63020000 		.4byte	.LASF9
 597 0072 04       		.uleb128 0x4
 598 0073 04       		.byte	0x4
 599 0074 78000000 		.4byte	0x78
 600 0078 05       		.uleb128 0x5
 601 0079 03       		.uleb128 0x3
 602 007a 01       		.byte	0x1
 603 007b 08       		.byte	0x8
 604 007c 7A020000 		.4byte	.LASF10
 605 0080 06       		.uleb128 0x6
 606 0081 08010000 		.4byte	.LASF11
 607 0085 02       		.byte	0x2
 608 0086 5B       		.byte	0x5b
 609 0087 3A000000 		.4byte	0x3a
 610 008b 06       		.uleb128 0x6
 611 008c E3010000 		.4byte	.LASF12
 612 0090 02       		.byte	0x2
 613 0091 5D       		.byte	0x5d
 614 0092 56000000 		.4byte	0x56
 615 0096 03       		.uleb128 0x3
 616 0097 04       		.byte	0x4
 617 0098 04       		.byte	0x4
 618 0099 CF000000 		.4byte	.LASF13
 619 009d 03       		.uleb128 0x3
 620 009e 08       		.byte	0x8
 621 009f 04       		.byte	0x4
 622 00a0 DC010000 		.4byte	.LASF14
ARM GAS  C:\USERS\LUKAS\APPDATA\LOCAL\TEMP\ccW3MvdU.s 			page 19


 623 00a4 06       		.uleb128 0x6
 624 00a5 ED000000 		.4byte	.LASF15
 625 00a9 02       		.byte	0x2
 626 00aa F0       		.byte	0xf0
 627 00ab AF000000 		.4byte	0xaf
 628 00af 07       		.uleb128 0x7
 629 00b0 80000000 		.4byte	0x80
 630 00b4 06       		.uleb128 0x6
 631 00b5 58000000 		.4byte	.LASF16
 632 00b9 02       		.byte	0x2
 633 00ba F2       		.byte	0xf2
 634 00bb BF000000 		.4byte	0xbf
 635 00bf 07       		.uleb128 0x7
 636 00c0 8B000000 		.4byte	0x8b
 637 00c4 08       		.uleb128 0x8
 638 00c5 3E020000 		.4byte	.LASF17
 639 00c9 02       		.byte	0x2
 640 00ca 0201     		.2byte	0x102
 641 00cc 72000000 		.4byte	0x72
 642 00d0 09       		.uleb128 0x9
 643 00d1 5E000000 		.4byte	.LASF18
 644 00d5 01       		.byte	0x1
 645 00d6 3D       		.byte	0x3d
 646 00d7 00000000 		.4byte	.LFB0
 647 00db 20000000 		.4byte	.LFE0-.LFB0
 648 00df 01       		.uleb128 0x1
 649 00e0 9C       		.byte	0x9c
 650 00e1 0A       		.uleb128 0xa
 651 00e2 F2000000 		.4byte	.LASF21
 652 00e6 01       		.byte	0x1
 653 00e7 68       		.byte	0x68
 654 00e8 00000000 		.4byte	.LFB1
 655 00ec 22000000 		.4byte	.LFE1-.LFB1
 656 00f0 01       		.uleb128 0x1
 657 00f1 9C       		.byte	0x9c
 658 00f2 05010000 		.4byte	0x105
 659 00f6 0B       		.uleb128 0xb
 660 00f7 09020000 		.4byte	.LASF23
 661 00fb 01       		.byte	0x1
 662 00fc 68       		.byte	0x68
 663 00fd C4000000 		.4byte	0xc4
 664 0101 02       		.uleb128 0x2
 665 0102 91       		.byte	0x91
 666 0103 74       		.sleb128 -12
 667 0104 00       		.byte	0
 668 0105 09       		.uleb128 0x9
 669 0106 8E020000 		.4byte	.LASF19
 670 010a 01       		.byte	0x1
 671 010b 86       		.byte	0x86
 672 010c 00000000 		.4byte	.LFB2
 673 0110 14000000 		.4byte	.LFE2-.LFB2
 674 0114 01       		.uleb128 0x1
 675 0115 9C       		.byte	0x9c
 676 0116 0C       		.uleb128 0xc
 677 0117 0A030000 		.4byte	.LASF20
 678 011b 01       		.byte	0x1
 679 011c A0       		.byte	0xa0
ARM GAS  C:\USERS\LUKAS\APPDATA\LOCAL\TEMP\ccW3MvdU.s 			page 20


 680 011d 00000000 		.4byte	.LFB3
 681 0121 0C000000 		.4byte	.LFE3-.LFB3
 682 0125 01       		.uleb128 0x1
 683 0126 9C       		.byte	0x9c
 684 0127 0D       		.uleb128 0xd
 685 0128 D5000000 		.4byte	.LASF22
 686 012c 01       		.byte	0x1
 687 012d C8       		.byte	0xc8
 688 012e 00000000 		.4byte	.LFB4
 689 0132 24000000 		.4byte	.LFE4-.LFB4
 690 0136 01       		.uleb128 0x1
 691 0137 9C       		.byte	0x9c
 692 0138 59010000 		.4byte	0x159
 693 013c 0B       		.uleb128 0xb
 694 013d 09020000 		.4byte	.LASF23
 695 0141 01       		.byte	0x1
 696 0142 C8       		.byte	0xc8
 697 0143 C4000000 		.4byte	0xc4
 698 0147 02       		.uleb128 0x2
 699 0148 91       		.byte	0x91
 700 0149 6C       		.sleb128 -20
 701 014a 0E       		.uleb128 0xe
 702 014b 7F020000 		.4byte	.LASF24
 703 014f 01       		.byte	0x1
 704 0150 CA       		.byte	0xca
 705 0151 59010000 		.4byte	0x159
 706 0155 02       		.uleb128 0x2
 707 0156 91       		.byte	0x91
 708 0157 74       		.sleb128 -12
 709 0158 00       		.byte	0
 710 0159 04       		.uleb128 0x4
 711 015a 04       		.byte	0x4
 712 015b C4000000 		.4byte	0xc4
 713 015f 0F       		.uleb128 0xf
 714 0160 4B020000 		.4byte	.LASF27
 715 0164 01       		.byte	0x1
 716 0165 E0       		.byte	0xe0
 717 0166 C4000000 		.4byte	0xc4
 718 016a 00000000 		.4byte	.LFB5
 719 016e 20000000 		.4byte	.LFE5-.LFB5
 720 0172 01       		.uleb128 0x1
 721 0173 9C       		.byte	0x9c
 722 0174 87010000 		.4byte	0x187
 723 0178 0E       		.uleb128 0xe
 724 0179 7F020000 		.4byte	.LASF24
 725 017d 01       		.byte	0x1
 726 017e E2       		.byte	0xe2
 727 017f 59010000 		.4byte	0x159
 728 0183 02       		.uleb128 0x2
 729 0184 91       		.byte	0x91
 730 0185 74       		.sleb128 -12
 731 0186 00       		.byte	0
 732 0187 10       		.uleb128 0x10
 733 0188 87000000 		.4byte	.LASF25
 734 018c 01       		.byte	0x1
 735 018d 0201     		.2byte	0x102
 736 018f 00000000 		.4byte	.LFB6
ARM GAS  C:\USERS\LUKAS\APPDATA\LOCAL\TEMP\ccW3MvdU.s 			page 21


 737 0193 24000000 		.4byte	.LFE6-.LFB6
 738 0197 01       		.uleb128 0x1
 739 0198 9C       		.byte	0x9c
 740 0199 AD010000 		.4byte	0x1ad
 741 019d 11       		.uleb128 0x11
 742 019e 37010000 		.4byte	.LASF26
 743 01a2 01       		.byte	0x1
 744 01a3 0201     		.2byte	0x102
 745 01a5 80000000 		.4byte	0x80
 746 01a9 02       		.uleb128 0x2
 747 01aa 91       		.byte	0x91
 748 01ab 77       		.sleb128 -9
 749 01ac 00       		.byte	0
 750 01ad 12       		.uleb128 0x12
 751 01ae AB020000 		.4byte	.LASF28
 752 01b2 01       		.byte	0x1
 753 01b3 1801     		.2byte	0x118
 754 01b5 80000000 		.4byte	0x80
 755 01b9 00000000 		.4byte	.LFB7
 756 01bd 24000000 		.4byte	.LFE7-.LFB7
 757 01c1 01       		.uleb128 0x1
 758 01c2 9C       		.byte	0x9c
 759 01c3 D7010000 		.4byte	0x1d7
 760 01c7 13       		.uleb128 0x13
 761 01c8 37010000 		.4byte	.LASF26
 762 01cc 01       		.byte	0x1
 763 01cd 1A01     		.2byte	0x11a
 764 01cf 80000000 		.4byte	0x80
 765 01d3 02       		.uleb128 0x2
 766 01d4 91       		.byte	0x91
 767 01d5 77       		.sleb128 -9
 768 01d6 00       		.byte	0
 769 01d7 14       		.uleb128 0x14
 770 01d8 72000000 		.4byte	.LASF29
 771 01dc 01       		.byte	0x1
 772 01dd 3301     		.2byte	0x133
 773 01df 00000000 		.4byte	.LFB8
 774 01e3 18000000 		.4byte	.LFE8-.LFB8
 775 01e7 01       		.uleb128 0x1
 776 01e8 9C       		.byte	0x9c
 777 01e9 15       		.uleb128 0x15
 778 01ea F3020000 		.4byte	.LASF36
 779 01ee 01       		.byte	0x1
 780 01ef 4801     		.2byte	0x148
 781 01f1 80000000 		.4byte	0x80
 782 01f5 00000000 		.4byte	.LFB9
 783 01f9 24000000 		.4byte	.LFE9-.LFB9
 784 01fd 01       		.uleb128 0x1
 785 01fe 9C       		.byte	0x9c
 786 01ff 14       		.uleb128 0x14
 787 0200 28020000 		.4byte	.LASF30
 788 0204 01       		.byte	0x1
 789 0205 5D01     		.2byte	0x15d
 790 0207 00000000 		.4byte	.LFB10
 791 020b 18000000 		.4byte	.LFE10-.LFB10
 792 020f 01       		.uleb128 0x1
 793 0210 9C       		.byte	0x9c
ARM GAS  C:\USERS\LUKAS\APPDATA\LOCAL\TEMP\ccW3MvdU.s 			page 22


 794 0211 14       		.uleb128 0x14
 795 0212 CE020000 		.4byte	.LASF31
 796 0216 01       		.byte	0x1
 797 0217 7801     		.2byte	0x178
 798 0219 00000000 		.4byte	.LFB11
 799 021d 18000000 		.4byte	.LFE11-.LFB11
 800 0221 01       		.uleb128 0x1
 801 0222 9C       		.byte	0x9c
 802 0223 14       		.uleb128 0x14
 803 0224 B4000000 		.4byte	.LASF32
 804 0228 01       		.byte	0x1
 805 0229 9101     		.2byte	0x191
 806 022b 00000000 		.4byte	.LFB12
 807 022f 18000000 		.4byte	.LFE12-.LFB12
 808 0233 01       		.uleb128 0x1
 809 0234 9C       		.byte	0x9c
 810 0235 00       		.byte	0
 811              		.section	.debug_abbrev,"",%progbits
 812              	.Ldebug_abbrev0:
 813 0000 01       		.uleb128 0x1
 814 0001 11       		.uleb128 0x11
 815 0002 01       		.byte	0x1
 816 0003 25       		.uleb128 0x25
 817 0004 0E       		.uleb128 0xe
 818 0005 13       		.uleb128 0x13
 819 0006 0B       		.uleb128 0xb
 820 0007 03       		.uleb128 0x3
 821 0008 0E       		.uleb128 0xe
 822 0009 1B       		.uleb128 0x1b
 823 000a 0E       		.uleb128 0xe
 824 000b 55       		.uleb128 0x55
 825 000c 17       		.uleb128 0x17
 826 000d 11       		.uleb128 0x11
 827 000e 01       		.uleb128 0x1
 828 000f 10       		.uleb128 0x10
 829 0010 17       		.uleb128 0x17
 830 0011 00       		.byte	0
 831 0012 00       		.byte	0
 832 0013 02       		.uleb128 0x2
 833 0014 24       		.uleb128 0x24
 834 0015 00       		.byte	0
 835 0016 0B       		.uleb128 0xb
 836 0017 0B       		.uleb128 0xb
 837 0018 3E       		.uleb128 0x3e
 838 0019 0B       		.uleb128 0xb
 839 001a 03       		.uleb128 0x3
 840 001b 08       		.uleb128 0x8
 841 001c 00       		.byte	0
 842 001d 00       		.byte	0
 843 001e 03       		.uleb128 0x3
 844 001f 24       		.uleb128 0x24
 845 0020 00       		.byte	0
 846 0021 0B       		.uleb128 0xb
 847 0022 0B       		.uleb128 0xb
 848 0023 3E       		.uleb128 0x3e
 849 0024 0B       		.uleb128 0xb
 850 0025 03       		.uleb128 0x3
ARM GAS  C:\USERS\LUKAS\APPDATA\LOCAL\TEMP\ccW3MvdU.s 			page 23


 851 0026 0E       		.uleb128 0xe
 852 0027 00       		.byte	0
 853 0028 00       		.byte	0
 854 0029 04       		.uleb128 0x4
 855 002a 0F       		.uleb128 0xf
 856 002b 00       		.byte	0
 857 002c 0B       		.uleb128 0xb
 858 002d 0B       		.uleb128 0xb
 859 002e 49       		.uleb128 0x49
 860 002f 13       		.uleb128 0x13
 861 0030 00       		.byte	0
 862 0031 00       		.byte	0
 863 0032 05       		.uleb128 0x5
 864 0033 15       		.uleb128 0x15
 865 0034 00       		.byte	0
 866 0035 27       		.uleb128 0x27
 867 0036 19       		.uleb128 0x19
 868 0037 00       		.byte	0
 869 0038 00       		.byte	0
 870 0039 06       		.uleb128 0x6
 871 003a 16       		.uleb128 0x16
 872 003b 00       		.byte	0
 873 003c 03       		.uleb128 0x3
 874 003d 0E       		.uleb128 0xe
 875 003e 3A       		.uleb128 0x3a
 876 003f 0B       		.uleb128 0xb
 877 0040 3B       		.uleb128 0x3b
 878 0041 0B       		.uleb128 0xb
 879 0042 49       		.uleb128 0x49
 880 0043 13       		.uleb128 0x13
 881 0044 00       		.byte	0
 882 0045 00       		.byte	0
 883 0046 07       		.uleb128 0x7
 884 0047 35       		.uleb128 0x35
 885 0048 00       		.byte	0
 886 0049 49       		.uleb128 0x49
 887 004a 13       		.uleb128 0x13
 888 004b 00       		.byte	0
 889 004c 00       		.byte	0
 890 004d 08       		.uleb128 0x8
 891 004e 16       		.uleb128 0x16
 892 004f 00       		.byte	0
 893 0050 03       		.uleb128 0x3
 894 0051 0E       		.uleb128 0xe
 895 0052 3A       		.uleb128 0x3a
 896 0053 0B       		.uleb128 0xb
 897 0054 3B       		.uleb128 0x3b
 898 0055 05       		.uleb128 0x5
 899 0056 49       		.uleb128 0x49
 900 0057 13       		.uleb128 0x13
 901 0058 00       		.byte	0
 902 0059 00       		.byte	0
 903 005a 09       		.uleb128 0x9
 904 005b 2E       		.uleb128 0x2e
 905 005c 00       		.byte	0
 906 005d 3F       		.uleb128 0x3f
 907 005e 19       		.uleb128 0x19
ARM GAS  C:\USERS\LUKAS\APPDATA\LOCAL\TEMP\ccW3MvdU.s 			page 24


 908 005f 03       		.uleb128 0x3
 909 0060 0E       		.uleb128 0xe
 910 0061 3A       		.uleb128 0x3a
 911 0062 0B       		.uleb128 0xb
 912 0063 3B       		.uleb128 0x3b
 913 0064 0B       		.uleb128 0xb
 914 0065 27       		.uleb128 0x27
 915 0066 19       		.uleb128 0x19
 916 0067 11       		.uleb128 0x11
 917 0068 01       		.uleb128 0x1
 918 0069 12       		.uleb128 0x12
 919 006a 06       		.uleb128 0x6
 920 006b 40       		.uleb128 0x40
 921 006c 18       		.uleb128 0x18
 922 006d 9642     		.uleb128 0x2116
 923 006f 19       		.uleb128 0x19
 924 0070 00       		.byte	0
 925 0071 00       		.byte	0
 926 0072 0A       		.uleb128 0xa
 927 0073 2E       		.uleb128 0x2e
 928 0074 01       		.byte	0x1
 929 0075 3F       		.uleb128 0x3f
 930 0076 19       		.uleb128 0x19
 931 0077 03       		.uleb128 0x3
 932 0078 0E       		.uleb128 0xe
 933 0079 3A       		.uleb128 0x3a
 934 007a 0B       		.uleb128 0xb
 935 007b 3B       		.uleb128 0x3b
 936 007c 0B       		.uleb128 0xb
 937 007d 27       		.uleb128 0x27
 938 007e 19       		.uleb128 0x19
 939 007f 11       		.uleb128 0x11
 940 0080 01       		.uleb128 0x1
 941 0081 12       		.uleb128 0x12
 942 0082 06       		.uleb128 0x6
 943 0083 40       		.uleb128 0x40
 944 0084 18       		.uleb128 0x18
 945 0085 9642     		.uleb128 0x2116
 946 0087 19       		.uleb128 0x19
 947 0088 01       		.uleb128 0x1
 948 0089 13       		.uleb128 0x13
 949 008a 00       		.byte	0
 950 008b 00       		.byte	0
 951 008c 0B       		.uleb128 0xb
 952 008d 05       		.uleb128 0x5
 953 008e 00       		.byte	0
 954 008f 03       		.uleb128 0x3
 955 0090 0E       		.uleb128 0xe
 956 0091 3A       		.uleb128 0x3a
 957 0092 0B       		.uleb128 0xb
 958 0093 3B       		.uleb128 0x3b
 959 0094 0B       		.uleb128 0xb
 960 0095 49       		.uleb128 0x49
 961 0096 13       		.uleb128 0x13
 962 0097 02       		.uleb128 0x2
 963 0098 18       		.uleb128 0x18
 964 0099 00       		.byte	0
ARM GAS  C:\USERS\LUKAS\APPDATA\LOCAL\TEMP\ccW3MvdU.s 			page 25


 965 009a 00       		.byte	0
 966 009b 0C       		.uleb128 0xc
 967 009c 2E       		.uleb128 0x2e
 968 009d 00       		.byte	0
 969 009e 3F       		.uleb128 0x3f
 970 009f 19       		.uleb128 0x19
 971 00a0 03       		.uleb128 0x3
 972 00a1 0E       		.uleb128 0xe
 973 00a2 3A       		.uleb128 0x3a
 974 00a3 0B       		.uleb128 0xb
 975 00a4 3B       		.uleb128 0x3b
 976 00a5 0B       		.uleb128 0xb
 977 00a6 27       		.uleb128 0x27
 978 00a7 19       		.uleb128 0x19
 979 00a8 11       		.uleb128 0x11
 980 00a9 01       		.uleb128 0x1
 981 00aa 12       		.uleb128 0x12
 982 00ab 06       		.uleb128 0x6
 983 00ac 40       		.uleb128 0x40
 984 00ad 18       		.uleb128 0x18
 985 00ae 9742     		.uleb128 0x2117
 986 00b0 19       		.uleb128 0x19
 987 00b1 00       		.byte	0
 988 00b2 00       		.byte	0
 989 00b3 0D       		.uleb128 0xd
 990 00b4 2E       		.uleb128 0x2e
 991 00b5 01       		.byte	0x1
 992 00b6 3F       		.uleb128 0x3f
 993 00b7 19       		.uleb128 0x19
 994 00b8 03       		.uleb128 0x3
 995 00b9 0E       		.uleb128 0xe
 996 00ba 3A       		.uleb128 0x3a
 997 00bb 0B       		.uleb128 0xb
 998 00bc 3B       		.uleb128 0x3b
 999 00bd 0B       		.uleb128 0xb
 1000 00be 27       		.uleb128 0x27
 1001 00bf 19       		.uleb128 0x19
 1002 00c0 11       		.uleb128 0x11
 1003 00c1 01       		.uleb128 0x1
 1004 00c2 12       		.uleb128 0x12
 1005 00c3 06       		.uleb128 0x6
 1006 00c4 40       		.uleb128 0x40
 1007 00c5 18       		.uleb128 0x18
 1008 00c6 9742     		.uleb128 0x2117
 1009 00c8 19       		.uleb128 0x19
 1010 00c9 01       		.uleb128 0x1
 1011 00ca 13       		.uleb128 0x13
 1012 00cb 00       		.byte	0
 1013 00cc 00       		.byte	0
 1014 00cd 0E       		.uleb128 0xe
 1015 00ce 34       		.uleb128 0x34
 1016 00cf 00       		.byte	0
 1017 00d0 03       		.uleb128 0x3
 1018 00d1 0E       		.uleb128 0xe
 1019 00d2 3A       		.uleb128 0x3a
 1020 00d3 0B       		.uleb128 0xb
 1021 00d4 3B       		.uleb128 0x3b
ARM GAS  C:\USERS\LUKAS\APPDATA\LOCAL\TEMP\ccW3MvdU.s 			page 26


 1022 00d5 0B       		.uleb128 0xb
 1023 00d6 49       		.uleb128 0x49
 1024 00d7 13       		.uleb128 0x13
 1025 00d8 02       		.uleb128 0x2
 1026 00d9 18       		.uleb128 0x18
 1027 00da 00       		.byte	0
 1028 00db 00       		.byte	0
 1029 00dc 0F       		.uleb128 0xf
 1030 00dd 2E       		.uleb128 0x2e
 1031 00de 01       		.byte	0x1
 1032 00df 3F       		.uleb128 0x3f
 1033 00e0 19       		.uleb128 0x19
 1034 00e1 03       		.uleb128 0x3
 1035 00e2 0E       		.uleb128 0xe
 1036 00e3 3A       		.uleb128 0x3a
 1037 00e4 0B       		.uleb128 0xb
 1038 00e5 3B       		.uleb128 0x3b
 1039 00e6 0B       		.uleb128 0xb
 1040 00e7 27       		.uleb128 0x27
 1041 00e8 19       		.uleb128 0x19
 1042 00e9 49       		.uleb128 0x49
 1043 00ea 13       		.uleb128 0x13
 1044 00eb 11       		.uleb128 0x11
 1045 00ec 01       		.uleb128 0x1
 1046 00ed 12       		.uleb128 0x12
 1047 00ee 06       		.uleb128 0x6
 1048 00ef 40       		.uleb128 0x40
 1049 00f0 18       		.uleb128 0x18
 1050 00f1 9742     		.uleb128 0x2117
 1051 00f3 19       		.uleb128 0x19
 1052 00f4 01       		.uleb128 0x1
 1053 00f5 13       		.uleb128 0x13
 1054 00f6 00       		.byte	0
 1055 00f7 00       		.byte	0
 1056 00f8 10       		.uleb128 0x10
 1057 00f9 2E       		.uleb128 0x2e
 1058 00fa 01       		.byte	0x1
 1059 00fb 3F       		.uleb128 0x3f
 1060 00fc 19       		.uleb128 0x19
 1061 00fd 03       		.uleb128 0x3
 1062 00fe 0E       		.uleb128 0xe
 1063 00ff 3A       		.uleb128 0x3a
 1064 0100 0B       		.uleb128 0xb
 1065 0101 3B       		.uleb128 0x3b
 1066 0102 05       		.uleb128 0x5
 1067 0103 27       		.uleb128 0x27
 1068 0104 19       		.uleb128 0x19
 1069 0105 11       		.uleb128 0x11
 1070 0106 01       		.uleb128 0x1
 1071 0107 12       		.uleb128 0x12
 1072 0108 06       		.uleb128 0x6
 1073 0109 40       		.uleb128 0x40
 1074 010a 18       		.uleb128 0x18
 1075 010b 9742     		.uleb128 0x2117
 1076 010d 19       		.uleb128 0x19
 1077 010e 01       		.uleb128 0x1
 1078 010f 13       		.uleb128 0x13
ARM GAS  C:\USERS\LUKAS\APPDATA\LOCAL\TEMP\ccW3MvdU.s 			page 27


 1079 0110 00       		.byte	0
 1080 0111 00       		.byte	0
 1081 0112 11       		.uleb128 0x11
 1082 0113 05       		.uleb128 0x5
 1083 0114 00       		.byte	0
 1084 0115 03       		.uleb128 0x3
 1085 0116 0E       		.uleb128 0xe
 1086 0117 3A       		.uleb128 0x3a
 1087 0118 0B       		.uleb128 0xb
 1088 0119 3B       		.uleb128 0x3b
 1089 011a 05       		.uleb128 0x5
 1090 011b 49       		.uleb128 0x49
 1091 011c 13       		.uleb128 0x13
 1092 011d 02       		.uleb128 0x2
 1093 011e 18       		.uleb128 0x18
 1094 011f 00       		.byte	0
 1095 0120 00       		.byte	0
 1096 0121 12       		.uleb128 0x12
 1097 0122 2E       		.uleb128 0x2e
 1098 0123 01       		.byte	0x1
 1099 0124 3F       		.uleb128 0x3f
 1100 0125 19       		.uleb128 0x19
 1101 0126 03       		.uleb128 0x3
 1102 0127 0E       		.uleb128 0xe
 1103 0128 3A       		.uleb128 0x3a
 1104 0129 0B       		.uleb128 0xb
 1105 012a 3B       		.uleb128 0x3b
 1106 012b 05       		.uleb128 0x5
 1107 012c 27       		.uleb128 0x27
 1108 012d 19       		.uleb128 0x19
 1109 012e 49       		.uleb128 0x49
 1110 012f 13       		.uleb128 0x13
 1111 0130 11       		.uleb128 0x11
 1112 0131 01       		.uleb128 0x1
 1113 0132 12       		.uleb128 0x12
 1114 0133 06       		.uleb128 0x6
 1115 0134 40       		.uleb128 0x40
 1116 0135 18       		.uleb128 0x18
 1117 0136 9742     		.uleb128 0x2117
 1118 0138 19       		.uleb128 0x19
 1119 0139 01       		.uleb128 0x1
 1120 013a 13       		.uleb128 0x13
 1121 013b 00       		.byte	0
 1122 013c 00       		.byte	0
 1123 013d 13       		.uleb128 0x13
 1124 013e 34       		.uleb128 0x34
 1125 013f 00       		.byte	0
 1126 0140 03       		.uleb128 0x3
 1127 0141 0E       		.uleb128 0xe
 1128 0142 3A       		.uleb128 0x3a
 1129 0143 0B       		.uleb128 0xb
 1130 0144 3B       		.uleb128 0x3b
 1131 0145 05       		.uleb128 0x5
 1132 0146 49       		.uleb128 0x49
 1133 0147 13       		.uleb128 0x13
 1134 0148 02       		.uleb128 0x2
 1135 0149 18       		.uleb128 0x18
ARM GAS  C:\USERS\LUKAS\APPDATA\LOCAL\TEMP\ccW3MvdU.s 			page 28


 1136 014a 00       		.byte	0
 1137 014b 00       		.byte	0
 1138 014c 14       		.uleb128 0x14
 1139 014d 2E       		.uleb128 0x2e
 1140 014e 00       		.byte	0
 1141 014f 3F       		.uleb128 0x3f
 1142 0150 19       		.uleb128 0x19
 1143 0151 03       		.uleb128 0x3
 1144 0152 0E       		.uleb128 0xe
 1145 0153 3A       		.uleb128 0x3a
 1146 0154 0B       		.uleb128 0xb
 1147 0155 3B       		.uleb128 0x3b
 1148 0156 05       		.uleb128 0x5
 1149 0157 27       		.uleb128 0x27
 1150 0158 19       		.uleb128 0x19
 1151 0159 11       		.uleb128 0x11
 1152 015a 01       		.uleb128 0x1
 1153 015b 12       		.uleb128 0x12
 1154 015c 06       		.uleb128 0x6
 1155 015d 40       		.uleb128 0x40
 1156 015e 18       		.uleb128 0x18
 1157 015f 9742     		.uleb128 0x2117
 1158 0161 19       		.uleb128 0x19
 1159 0162 00       		.byte	0
 1160 0163 00       		.byte	0
 1161 0164 15       		.uleb128 0x15
 1162 0165 2E       		.uleb128 0x2e
 1163 0166 00       		.byte	0
 1164 0167 3F       		.uleb128 0x3f
 1165 0168 19       		.uleb128 0x19
 1166 0169 03       		.uleb128 0x3
 1167 016a 0E       		.uleb128 0xe
 1168 016b 3A       		.uleb128 0x3a
 1169 016c 0B       		.uleb128 0xb
 1170 016d 3B       		.uleb128 0x3b
 1171 016e 05       		.uleb128 0x5
 1172 016f 27       		.uleb128 0x27
 1173 0170 19       		.uleb128 0x19
 1174 0171 49       		.uleb128 0x49
 1175 0172 13       		.uleb128 0x13
 1176 0173 11       		.uleb128 0x11
 1177 0174 01       		.uleb128 0x1
 1178 0175 12       		.uleb128 0x12
 1179 0176 06       		.uleb128 0x6
 1180 0177 40       		.uleb128 0x40
 1181 0178 18       		.uleb128 0x18
 1182 0179 9742     		.uleb128 0x2117
 1183 017b 19       		.uleb128 0x19
 1184 017c 00       		.byte	0
 1185 017d 00       		.byte	0
 1186 017e 00       		.byte	0
 1187              		.section	.debug_aranges,"",%progbits
 1188 0000 7C000000 		.4byte	0x7c
 1189 0004 0200     		.2byte	0x2
 1190 0006 00000000 		.4byte	.Ldebug_info0
 1191 000a 04       		.byte	0x4
 1192 000b 00       		.byte	0
ARM GAS  C:\USERS\LUKAS\APPDATA\LOCAL\TEMP\ccW3MvdU.s 			page 29


 1193 000c 0000     		.2byte	0
 1194 000e 0000     		.2byte	0
 1195 0010 00000000 		.4byte	.LFB0
 1196 0014 20000000 		.4byte	.LFE0-.LFB0
 1197 0018 00000000 		.4byte	.LFB1
 1198 001c 22000000 		.4byte	.LFE1-.LFB1
 1199 0020 00000000 		.4byte	.LFB2
 1200 0024 14000000 		.4byte	.LFE2-.LFB2
 1201 0028 00000000 		.4byte	.LFB3
 1202 002c 0C000000 		.4byte	.LFE3-.LFB3
 1203 0030 00000000 		.4byte	.LFB4
 1204 0034 24000000 		.4byte	.LFE4-.LFB4
 1205 0038 00000000 		.4byte	.LFB5
 1206 003c 20000000 		.4byte	.LFE5-.LFB5
 1207 0040 00000000 		.4byte	.LFB6
 1208 0044 24000000 		.4byte	.LFE6-.LFB6
 1209 0048 00000000 		.4byte	.LFB7
 1210 004c 24000000 		.4byte	.LFE7-.LFB7
 1211 0050 00000000 		.4byte	.LFB8
 1212 0054 18000000 		.4byte	.LFE8-.LFB8
 1213 0058 00000000 		.4byte	.LFB9
 1214 005c 24000000 		.4byte	.LFE9-.LFB9
 1215 0060 00000000 		.4byte	.LFB10
 1216 0064 18000000 		.4byte	.LFE10-.LFB10
 1217 0068 00000000 		.4byte	.LFB11
 1218 006c 18000000 		.4byte	.LFE11-.LFB11
 1219 0070 00000000 		.4byte	.LFB12
 1220 0074 18000000 		.4byte	.LFE12-.LFB12
 1221 0078 00000000 		.4byte	0
 1222 007c 00000000 		.4byte	0
 1223              		.section	.debug_ranges,"",%progbits
 1224              	.Ldebug_ranges0:
 1225 0000 00000000 		.4byte	.LFB0
 1226 0004 20000000 		.4byte	.LFE0
 1227 0008 00000000 		.4byte	.LFB1
 1228 000c 22000000 		.4byte	.LFE1
 1229 0010 00000000 		.4byte	.LFB2
 1230 0014 14000000 		.4byte	.LFE2
 1231 0018 00000000 		.4byte	.LFB3
 1232 001c 0C000000 		.4byte	.LFE3
 1233 0020 00000000 		.4byte	.LFB4
 1234 0024 24000000 		.4byte	.LFE4
 1235 0028 00000000 		.4byte	.LFB5
 1236 002c 20000000 		.4byte	.LFE5
 1237 0030 00000000 		.4byte	.LFB6
 1238 0034 24000000 		.4byte	.LFE6
 1239 0038 00000000 		.4byte	.LFB7
 1240 003c 24000000 		.4byte	.LFE7
 1241 0040 00000000 		.4byte	.LFB8
 1242 0044 18000000 		.4byte	.LFE8
 1243 0048 00000000 		.4byte	.LFB9
 1244 004c 24000000 		.4byte	.LFE9
 1245 0050 00000000 		.4byte	.LFB10
 1246 0054 18000000 		.4byte	.LFE10
 1247 0058 00000000 		.4byte	.LFB11
 1248 005c 18000000 		.4byte	.LFE11
 1249 0060 00000000 		.4byte	.LFB12
ARM GAS  C:\USERS\LUKAS\APPDATA\LOCAL\TEMP\ccW3MvdU.s 			page 30


 1250 0064 18000000 		.4byte	.LFE12
 1251 0068 00000000 		.4byte	0
 1252 006c 00000000 		.4byte	0
 1253              		.section	.debug_line,"",%progbits
 1254              	.Ldebug_line0:
 1255 0000 6D010000 		.section	.debug_str,"MS",%progbits,1
 1255      02006300 
 1255      00000201 
 1255      FB0E0D00 
 1255      01010101 
 1256              	.LASF35:
 1257 0000 433A5C55 		.ascii	"C:\\Users\\lukas\\Desktop\\PioneerKit_P5LP_USB_Audi"
 1257      73657273 
 1257      5C6C756B 
 1257      61735C44 
 1257      65736B74 
 1258 002f 6F2D6D61 		.ascii	"o-master\\PioneerKit_P5LP_USB_Audio.cydsn\000"
 1258      73746572 
 1258      5C50696F 
 1258      6E656572 
 1258      4B69745F 
 1259              	.LASF16:
 1260 0058 72656733 		.ascii	"reg32\000"
 1260      3200
 1261              	.LASF18:
 1262 005e 6973725F 		.ascii	"isr_RxDMADone_Start\000"
 1262      5278444D 
 1262      41446F6E 
 1262      655F5374 
 1262      61727400 
 1263              	.LASF29:
 1264 0072 6973725F 		.ascii	"isr_RxDMADone_Enable\000"
 1264      5278444D 
 1264      41446F6E 
 1264      655F456E 
 1264      61626C65 
 1265              	.LASF25:
 1266 0087 6973725F 		.ascii	"isr_RxDMADone_SetPriority\000"
 1266      5278444D 
 1266      41446F6E 
 1266      655F5365 
 1266      74507269 
 1267              	.LASF4:
 1268 00a1 73686F72 		.ascii	"short unsigned int\000"
 1268      7420756E 
 1268      7369676E 
 1268      65642069 
 1268      6E7400
 1269              	.LASF32:
 1270 00b4 6973725F 		.ascii	"isr_RxDMADone_ClearPending\000"
 1270      5278444D 
 1270      41446F6E 
 1270      655F436C 
 1270      65617250 
 1271              	.LASF13:
 1272 00cf 666C6F61 		.ascii	"float\000"
 1272      7400
ARM GAS  C:\USERS\LUKAS\APPDATA\LOCAL\TEMP\ccW3MvdU.s 			page 31


 1273              	.LASF22:
 1274 00d5 6973725F 		.ascii	"isr_RxDMADone_SetVector\000"
 1274      5278444D 
 1274      41446F6E 
 1274      655F5365 
 1274      74566563 
 1275              	.LASF15:
 1276 00ed 72656738 		.ascii	"reg8\000"
 1276      00
 1277              	.LASF21:
 1278 00f2 6973725F 		.ascii	"isr_RxDMADone_StartEx\000"
 1278      5278444D 
 1278      41446F6E 
 1278      655F5374 
 1278      61727445 
 1279              	.LASF11:
 1280 0108 75696E74 		.ascii	"uint8\000"
 1280      3800
 1281              	.LASF34:
 1282 010e 2E5C4765 		.ascii	".\\Generated_Source\\PSoC5\\isr_RxDMADone.c\000"
 1282      6E657261 
 1282      7465645F 
 1282      536F7572 
 1282      63655C50 
 1283              	.LASF26:
 1284 0137 7072696F 		.ascii	"priority\000"
 1284      72697479 
 1284      00
 1285              	.LASF2:
 1286 0140 756E7369 		.ascii	"unsigned char\000"
 1286      676E6564 
 1286      20636861 
 1286      7200
 1287              	.LASF33:
 1288 014e 474E5520 		.ascii	"GNU C 4.9.3 20150303 (release) [ARM/embedded-4_9-br"
 1288      4320342E 
 1288      392E3320 
 1288      32303135 
 1288      30333033 
 1289 0181 616E6368 		.ascii	"anch revision 221220] -mcpu=cortex-m3 -mthumb -g -O"
 1289      20726576 
 1289      6973696F 
 1289      6E203232 
 1289      31323230 
 1290 01b4 30202D66 		.ascii	"0 -ffunction-sections -ffat-lto-objects\000"
 1290      66756E63 
 1290      74696F6E 
 1290      2D736563 
 1290      74696F6E 
 1291              	.LASF14:
 1292 01dc 646F7562 		.ascii	"double\000"
 1292      6C6500
 1293              	.LASF12:
 1294 01e3 75696E74 		.ascii	"uint32\000"
 1294      333200
 1295              	.LASF6:
 1296 01ea 6C6F6E67 		.ascii	"long unsigned int\000"
ARM GAS  C:\USERS\LUKAS\APPDATA\LOCAL\TEMP\ccW3MvdU.s 			page 32


 1296      20756E73 
 1296      69676E65 
 1296      6420696E 
 1296      7400
 1297              	.LASF0:
 1298 01fc 756E7369 		.ascii	"unsigned int\000"
 1298      676E6564 
 1298      20696E74 
 1298      00
 1299              	.LASF23:
 1300 0209 61646472 		.ascii	"address\000"
 1300      65737300 
 1301              	.LASF8:
 1302 0211 6C6F6E67 		.ascii	"long long unsigned int\000"
 1302      206C6F6E 
 1302      6720756E 
 1302      7369676E 
 1302      65642069 
 1303              	.LASF30:
 1304 0228 6973725F 		.ascii	"isr_RxDMADone_Disable\000"
 1304      5278444D 
 1304      41446F6E 
 1304      655F4469 
 1304      7361626C 
 1305              	.LASF17:
 1306 023e 63796973 		.ascii	"cyisraddress\000"
 1306      72616464 
 1306      72657373 
 1306      00
 1307              	.LASF27:
 1308 024b 6973725F 		.ascii	"isr_RxDMADone_GetVector\000"
 1308      5278444D 
 1308      41446F6E 
 1308      655F4765 
 1308      74566563 
 1309              	.LASF9:
 1310 0263 73697A65 		.ascii	"sizetype\000"
 1310      74797065 
 1310      00
 1311              	.LASF7:
 1312 026c 6C6F6E67 		.ascii	"long long int\000"
 1312      206C6F6E 
 1312      6720696E 
 1312      7400
 1313              	.LASF10:
 1314 027a 63686172 		.ascii	"char\000"
 1314      00
 1315              	.LASF24:
 1316 027f 72616D56 		.ascii	"ramVectorTable\000"
 1316      6563746F 
 1316      72546162 
 1316      6C6500
 1317              	.LASF19:
 1318 028e 6973725F 		.ascii	"isr_RxDMADone_Stop\000"
 1318      5278444D 
 1318      41446F6E 
 1318      655F5374 
ARM GAS  C:\USERS\LUKAS\APPDATA\LOCAL\TEMP\ccW3MvdU.s 			page 33


 1318      6F7000
 1319              	.LASF3:
 1320 02a1 73686F72 		.ascii	"short int\000"
 1320      7420696E 
 1320      7400
 1321              	.LASF28:
 1322 02ab 6973725F 		.ascii	"isr_RxDMADone_GetPriority\000"
 1322      5278444D 
 1322      41446F6E 
 1322      655F4765 
 1322      74507269 
 1323              	.LASF5:
 1324 02c5 6C6F6E67 		.ascii	"long int\000"
 1324      20696E74 
 1324      00
 1325              	.LASF31:
 1326 02ce 6973725F 		.ascii	"isr_RxDMADone_SetPending\000"
 1326      5278444D 
 1326      41446F6E 
 1326      655F5365 
 1326      7450656E 
 1327              	.LASF1:
 1328 02e7 7369676E 		.ascii	"signed char\000"
 1328      65642063 
 1328      68617200 
 1329              	.LASF36:
 1330 02f3 6973725F 		.ascii	"isr_RxDMADone_GetState\000"
 1330      5278444D 
 1330      41446F6E 
 1330      655F4765 
 1330      74537461 
 1331              	.LASF20:
 1332 030a 6973725F 		.ascii	"isr_RxDMADone_Interrupt\000"
 1332      5278444D 
 1332      41446F6E 
 1332      655F496E 
 1332      74657272 
 1333              		.ident	"GCC: (GNU Tools for ARM Embedded Processors) 4.9.3 20150303 (release) [ARM/embedded-4_9-br
