ARM GAS  C:\USERS\LUKAS\APPDATA\LOCAL\TEMP\ccVtDefn.s 			page 1


   1              		.syntax unified
   2              		.cpu cortex-m3
   3              		.fpu softvfp
   4              		.eabi_attribute 20, 1
   5              		.eabi_attribute 21, 1
   6              		.eabi_attribute 23, 3
   7              		.eabi_attribute 24, 1
   8              		.eabi_attribute 25, 1
   9              		.eabi_attribute 26, 1
  10              		.eabi_attribute 30, 6
  11              		.eabi_attribute 34, 1
  12              		.eabi_attribute 18, 4
  13              		.thumb
  14              		.file	"PDM_CIC_Status_Reg.c"
  15              		.text
  16              	.Ltext0:
  17              		.cfi_sections	.debug_frame
  18              		.section	.text.PDM_CIC_Status_Reg_Read,"ax",%progbits
  19              		.align	2
  20              		.global	PDM_CIC_Status_Reg_Read
  21              		.thumb
  22              		.thumb_func
  23              		.type	PDM_CIC_Status_Reg_Read, %function
  24              	PDM_CIC_Status_Reg_Read:
  25              	.LFB0:
  26              		.file 1 ".\\Generated_Source\\PSoC5\\PDM_CIC_Status_Reg.c"
   1:.\Generated_Source\PSoC5/PDM_CIC_Status_Reg.c **** /*******************************************************************************
   2:.\Generated_Source\PSoC5/PDM_CIC_Status_Reg.c **** * File Name: PDM_CIC_Status_Reg.c  
   3:.\Generated_Source\PSoC5/PDM_CIC_Status_Reg.c **** * Version 1.80
   4:.\Generated_Source\PSoC5/PDM_CIC_Status_Reg.c **** *
   5:.\Generated_Source\PSoC5/PDM_CIC_Status_Reg.c **** * Description:
   6:.\Generated_Source\PSoC5/PDM_CIC_Status_Reg.c **** *  This file contains API to enable firmware to read the value of a Status 
   7:.\Generated_Source\PSoC5/PDM_CIC_Status_Reg.c **** *  Register.
   8:.\Generated_Source\PSoC5/PDM_CIC_Status_Reg.c **** *
   9:.\Generated_Source\PSoC5/PDM_CIC_Status_Reg.c **** * Note:
  10:.\Generated_Source\PSoC5/PDM_CIC_Status_Reg.c **** *
  11:.\Generated_Source\PSoC5/PDM_CIC_Status_Reg.c **** ********************************************************************************
  12:.\Generated_Source\PSoC5/PDM_CIC_Status_Reg.c **** * Copyright 2008-2012, Cypress Semiconductor Corporation.  All rights reserved.
  13:.\Generated_Source\PSoC5/PDM_CIC_Status_Reg.c **** * You may use this file only in accordance with the license, terms, conditions, 
  14:.\Generated_Source\PSoC5/PDM_CIC_Status_Reg.c **** * disclaimers, and limitations in the end user license agreement accompanying 
  15:.\Generated_Source\PSoC5/PDM_CIC_Status_Reg.c **** * the software package with which this file was provided.
  16:.\Generated_Source\PSoC5/PDM_CIC_Status_Reg.c **** *******************************************************************************/
  17:.\Generated_Source\PSoC5/PDM_CIC_Status_Reg.c **** 
  18:.\Generated_Source\PSoC5/PDM_CIC_Status_Reg.c **** #include "PDM_CIC_Status_Reg.h"
  19:.\Generated_Source\PSoC5/PDM_CIC_Status_Reg.c **** 
  20:.\Generated_Source\PSoC5/PDM_CIC_Status_Reg.c **** #if !defined(PDM_CIC_Status_Reg_sts_intr_sts_reg__REMOVED) /* Check for removal by optimization */
  21:.\Generated_Source\PSoC5/PDM_CIC_Status_Reg.c **** 
  22:.\Generated_Source\PSoC5/PDM_CIC_Status_Reg.c **** 
  23:.\Generated_Source\PSoC5/PDM_CIC_Status_Reg.c **** /*******************************************************************************
  24:.\Generated_Source\PSoC5/PDM_CIC_Status_Reg.c **** * Function Name: PDM_CIC_Status_Reg_Read
  25:.\Generated_Source\PSoC5/PDM_CIC_Status_Reg.c **** ********************************************************************************
  26:.\Generated_Source\PSoC5/PDM_CIC_Status_Reg.c **** *
  27:.\Generated_Source\PSoC5/PDM_CIC_Status_Reg.c **** * Summary:
  28:.\Generated_Source\PSoC5/PDM_CIC_Status_Reg.c **** *  Reads the current value assigned to the Status Register.
  29:.\Generated_Source\PSoC5/PDM_CIC_Status_Reg.c **** *
  30:.\Generated_Source\PSoC5/PDM_CIC_Status_Reg.c **** * Parameters:
  31:.\Generated_Source\PSoC5/PDM_CIC_Status_Reg.c **** *  None.
ARM GAS  C:\USERS\LUKAS\APPDATA\LOCAL\TEMP\ccVtDefn.s 			page 2


  32:.\Generated_Source\PSoC5/PDM_CIC_Status_Reg.c **** *
  33:.\Generated_Source\PSoC5/PDM_CIC_Status_Reg.c **** * Return:
  34:.\Generated_Source\PSoC5/PDM_CIC_Status_Reg.c **** *  The current value in the Status Register.
  35:.\Generated_Source\PSoC5/PDM_CIC_Status_Reg.c **** *
  36:.\Generated_Source\PSoC5/PDM_CIC_Status_Reg.c **** *******************************************************************************/
  37:.\Generated_Source\PSoC5/PDM_CIC_Status_Reg.c **** uint8 PDM_CIC_Status_Reg_Read(void) 
  38:.\Generated_Source\PSoC5/PDM_CIC_Status_Reg.c **** { 
  27              		.loc 1 38 0
  28              		.cfi_startproc
  29              		@ args = 0, pretend = 0, frame = 0
  30              		@ frame_needed = 1, uses_anonymous_args = 0
  31              		@ link register save eliminated.
  32 0000 80B4     		push	{r7}
  33              		.cfi_def_cfa_offset 4
  34              		.cfi_offset 7, -4
  35 0002 00AF     		add	r7, sp, #0
  36              		.cfi_def_cfa_register 7
  39:.\Generated_Source\PSoC5/PDM_CIC_Status_Reg.c ****     return PDM_CIC_Status_Reg_Status;
  37              		.loc 1 39 0
  38 0004 034B     		ldr	r3, .L3
  39 0006 1B78     		ldrb	r3, [r3]
  40 0008 DBB2     		uxtb	r3, r3
  40:.\Generated_Source\PSoC5/PDM_CIC_Status_Reg.c **** }
  41              		.loc 1 40 0
  42 000a 1846     		mov	r0, r3
  43 000c BD46     		mov	sp, r7
  44              		.cfi_def_cfa_register 13
  45              		@ sp needed
  46 000e 5DF8047B 		ldr	r7, [sp], #4
  47              		.cfi_restore 7
  48              		.cfi_def_cfa_offset 0
  49 0012 7047     		bx	lr
  50              	.L4:
  51              		.align	2
  52              	.L3:
  53 0014 68640040 		.word	1073767528
  54              		.cfi_endproc
  55              	.LFE0:
  56              		.size	PDM_CIC_Status_Reg_Read, .-PDM_CIC_Status_Reg_Read
  57              		.section	.text.PDM_CIC_Status_Reg_InterruptEnable,"ax",%progbits
  58              		.align	2
  59              		.global	PDM_CIC_Status_Reg_InterruptEnable
  60              		.thumb
  61              		.thumb_func
  62              		.type	PDM_CIC_Status_Reg_InterruptEnable, %function
  63              	PDM_CIC_Status_Reg_InterruptEnable:
  64              	.LFB1:
  41:.\Generated_Source\PSoC5/PDM_CIC_Status_Reg.c **** 
  42:.\Generated_Source\PSoC5/PDM_CIC_Status_Reg.c **** 
  43:.\Generated_Source\PSoC5/PDM_CIC_Status_Reg.c **** /*******************************************************************************
  44:.\Generated_Source\PSoC5/PDM_CIC_Status_Reg.c **** * Function Name: PDM_CIC_Status_Reg_InterruptEnable
  45:.\Generated_Source\PSoC5/PDM_CIC_Status_Reg.c **** ********************************************************************************
  46:.\Generated_Source\PSoC5/PDM_CIC_Status_Reg.c **** *
  47:.\Generated_Source\PSoC5/PDM_CIC_Status_Reg.c **** * Summary:
  48:.\Generated_Source\PSoC5/PDM_CIC_Status_Reg.c **** *  Enables the Status Register interrupt.
  49:.\Generated_Source\PSoC5/PDM_CIC_Status_Reg.c **** *
  50:.\Generated_Source\PSoC5/PDM_CIC_Status_Reg.c **** * Parameters:
ARM GAS  C:\USERS\LUKAS\APPDATA\LOCAL\TEMP\ccVtDefn.s 			page 3


  51:.\Generated_Source\PSoC5/PDM_CIC_Status_Reg.c **** *  None.
  52:.\Generated_Source\PSoC5/PDM_CIC_Status_Reg.c **** *
  53:.\Generated_Source\PSoC5/PDM_CIC_Status_Reg.c **** * Return:
  54:.\Generated_Source\PSoC5/PDM_CIC_Status_Reg.c **** *  None.
  55:.\Generated_Source\PSoC5/PDM_CIC_Status_Reg.c **** *
  56:.\Generated_Source\PSoC5/PDM_CIC_Status_Reg.c **** *******************************************************************************/
  57:.\Generated_Source\PSoC5/PDM_CIC_Status_Reg.c **** void PDM_CIC_Status_Reg_InterruptEnable(void) 
  58:.\Generated_Source\PSoC5/PDM_CIC_Status_Reg.c **** {
  65              		.loc 1 58 0
  66              		.cfi_startproc
  67              		@ args = 0, pretend = 0, frame = 8
  68              		@ frame_needed = 1, uses_anonymous_args = 0
  69 0000 80B5     		push	{r7, lr}
  70              		.cfi_def_cfa_offset 8
  71              		.cfi_offset 7, -8
  72              		.cfi_offset 14, -4
  73 0002 82B0     		sub	sp, sp, #8
  74              		.cfi_def_cfa_offset 16
  75 0004 00AF     		add	r7, sp, #0
  76              		.cfi_def_cfa_register 7
  59:.\Generated_Source\PSoC5/PDM_CIC_Status_Reg.c ****     uint8 interruptState;
  60:.\Generated_Source\PSoC5/PDM_CIC_Status_Reg.c ****     interruptState = CyEnterCriticalSection();
  77              		.loc 1 60 0
  78 0006 FFF7FEFF 		bl	CyEnterCriticalSection
  79 000a 0346     		mov	r3, r0
  80 000c FB71     		strb	r3, [r7, #7]
  61:.\Generated_Source\PSoC5/PDM_CIC_Status_Reg.c ****     PDM_CIC_Status_Reg_Status_Aux_Ctrl |= PDM_CIC_Status_Reg_STATUS_INTR_ENBL;
  81              		.loc 1 61 0
  82 000e 074A     		ldr	r2, .L6
  83 0010 064B     		ldr	r3, .L6
  84 0012 1B78     		ldrb	r3, [r3]
  85 0014 DBB2     		uxtb	r3, r3
  86 0016 43F01003 		orr	r3, r3, #16
  87 001a DBB2     		uxtb	r3, r3
  88 001c 1370     		strb	r3, [r2]
  62:.\Generated_Source\PSoC5/PDM_CIC_Status_Reg.c ****     CyExitCriticalSection(interruptState);
  89              		.loc 1 62 0
  90 001e FB79     		ldrb	r3, [r7, #7]	@ zero_extendqisi2
  91 0020 1846     		mov	r0, r3
  92 0022 FFF7FEFF 		bl	CyExitCriticalSection
  63:.\Generated_Source\PSoC5/PDM_CIC_Status_Reg.c **** }
  93              		.loc 1 63 0
  94 0026 0837     		adds	r7, r7, #8
  95              		.cfi_def_cfa_offset 8
  96 0028 BD46     		mov	sp, r7
  97              		.cfi_def_cfa_register 13
  98              		@ sp needed
  99 002a 80BD     		pop	{r7, pc}
 100              	.L7:
 101              		.align	2
 102              	.L6:
 103 002c 98640040 		.word	1073767576
 104              		.cfi_endproc
 105              	.LFE1:
 106              		.size	PDM_CIC_Status_Reg_InterruptEnable, .-PDM_CIC_Status_Reg_InterruptEnable
 107              		.section	.text.PDM_CIC_Status_Reg_InterruptDisable,"ax",%progbits
 108              		.align	2
ARM GAS  C:\USERS\LUKAS\APPDATA\LOCAL\TEMP\ccVtDefn.s 			page 4


 109              		.global	PDM_CIC_Status_Reg_InterruptDisable
 110              		.thumb
 111              		.thumb_func
 112              		.type	PDM_CIC_Status_Reg_InterruptDisable, %function
 113              	PDM_CIC_Status_Reg_InterruptDisable:
 114              	.LFB2:
  64:.\Generated_Source\PSoC5/PDM_CIC_Status_Reg.c **** 
  65:.\Generated_Source\PSoC5/PDM_CIC_Status_Reg.c **** 
  66:.\Generated_Source\PSoC5/PDM_CIC_Status_Reg.c **** /*******************************************************************************
  67:.\Generated_Source\PSoC5/PDM_CIC_Status_Reg.c **** * Function Name: PDM_CIC_Status_Reg_InterruptDisable
  68:.\Generated_Source\PSoC5/PDM_CIC_Status_Reg.c **** ********************************************************************************
  69:.\Generated_Source\PSoC5/PDM_CIC_Status_Reg.c **** *
  70:.\Generated_Source\PSoC5/PDM_CIC_Status_Reg.c **** * Summary:
  71:.\Generated_Source\PSoC5/PDM_CIC_Status_Reg.c **** *  Disables the Status Register interrupt.
  72:.\Generated_Source\PSoC5/PDM_CIC_Status_Reg.c **** *
  73:.\Generated_Source\PSoC5/PDM_CIC_Status_Reg.c **** * Parameters:
  74:.\Generated_Source\PSoC5/PDM_CIC_Status_Reg.c **** *  None.
  75:.\Generated_Source\PSoC5/PDM_CIC_Status_Reg.c **** *
  76:.\Generated_Source\PSoC5/PDM_CIC_Status_Reg.c **** * Return:
  77:.\Generated_Source\PSoC5/PDM_CIC_Status_Reg.c **** *  None.
  78:.\Generated_Source\PSoC5/PDM_CIC_Status_Reg.c **** *
  79:.\Generated_Source\PSoC5/PDM_CIC_Status_Reg.c **** *******************************************************************************/
  80:.\Generated_Source\PSoC5/PDM_CIC_Status_Reg.c **** void PDM_CIC_Status_Reg_InterruptDisable(void) 
  81:.\Generated_Source\PSoC5/PDM_CIC_Status_Reg.c **** {
 115              		.loc 1 81 0
 116              		.cfi_startproc
 117              		@ args = 0, pretend = 0, frame = 8
 118              		@ frame_needed = 1, uses_anonymous_args = 0
 119 0000 80B5     		push	{r7, lr}
 120              		.cfi_def_cfa_offset 8
 121              		.cfi_offset 7, -8
 122              		.cfi_offset 14, -4
 123 0002 82B0     		sub	sp, sp, #8
 124              		.cfi_def_cfa_offset 16
 125 0004 00AF     		add	r7, sp, #0
 126              		.cfi_def_cfa_register 7
  82:.\Generated_Source\PSoC5/PDM_CIC_Status_Reg.c ****     uint8 interruptState;
  83:.\Generated_Source\PSoC5/PDM_CIC_Status_Reg.c ****     interruptState = CyEnterCriticalSection();
 127              		.loc 1 83 0
 128 0006 FFF7FEFF 		bl	CyEnterCriticalSection
 129 000a 0346     		mov	r3, r0
 130 000c FB71     		strb	r3, [r7, #7]
  84:.\Generated_Source\PSoC5/PDM_CIC_Status_Reg.c ****     PDM_CIC_Status_Reg_Status_Aux_Ctrl &= (uint8)(~PDM_CIC_Status_Reg_STATUS_INTR_ENBL);
 131              		.loc 1 84 0
 132 000e 074A     		ldr	r2, .L9
 133 0010 064B     		ldr	r3, .L9
 134 0012 1B78     		ldrb	r3, [r3]
 135 0014 DBB2     		uxtb	r3, r3
 136 0016 23F01003 		bic	r3, r3, #16
 137 001a DBB2     		uxtb	r3, r3
 138 001c 1370     		strb	r3, [r2]
  85:.\Generated_Source\PSoC5/PDM_CIC_Status_Reg.c ****     CyExitCriticalSection(interruptState);
 139              		.loc 1 85 0
 140 001e FB79     		ldrb	r3, [r7, #7]	@ zero_extendqisi2
 141 0020 1846     		mov	r0, r3
 142 0022 FFF7FEFF 		bl	CyExitCriticalSection
  86:.\Generated_Source\PSoC5/PDM_CIC_Status_Reg.c **** }
ARM GAS  C:\USERS\LUKAS\APPDATA\LOCAL\TEMP\ccVtDefn.s 			page 5


 143              		.loc 1 86 0
 144 0026 0837     		adds	r7, r7, #8
 145              		.cfi_def_cfa_offset 8
 146 0028 BD46     		mov	sp, r7
 147              		.cfi_def_cfa_register 13
 148              		@ sp needed
 149 002a 80BD     		pop	{r7, pc}
 150              	.L10:
 151              		.align	2
 152              	.L9:
 153 002c 98640040 		.word	1073767576
 154              		.cfi_endproc
 155              	.LFE2:
 156              		.size	PDM_CIC_Status_Reg_InterruptDisable, .-PDM_CIC_Status_Reg_InterruptDisable
 157              		.section	.text.PDM_CIC_Status_Reg_WriteMask,"ax",%progbits
 158              		.align	2
 159              		.global	PDM_CIC_Status_Reg_WriteMask
 160              		.thumb
 161              		.thumb_func
 162              		.type	PDM_CIC_Status_Reg_WriteMask, %function
 163              	PDM_CIC_Status_Reg_WriteMask:
 164              	.LFB3:
  87:.\Generated_Source\PSoC5/PDM_CIC_Status_Reg.c **** 
  88:.\Generated_Source\PSoC5/PDM_CIC_Status_Reg.c **** 
  89:.\Generated_Source\PSoC5/PDM_CIC_Status_Reg.c **** /*******************************************************************************
  90:.\Generated_Source\PSoC5/PDM_CIC_Status_Reg.c **** * Function Name: PDM_CIC_Status_Reg_WriteMask
  91:.\Generated_Source\PSoC5/PDM_CIC_Status_Reg.c **** ********************************************************************************
  92:.\Generated_Source\PSoC5/PDM_CIC_Status_Reg.c **** *
  93:.\Generated_Source\PSoC5/PDM_CIC_Status_Reg.c **** * Summary:
  94:.\Generated_Source\PSoC5/PDM_CIC_Status_Reg.c **** *  Writes the current mask value assigned to the Status Register.
  95:.\Generated_Source\PSoC5/PDM_CIC_Status_Reg.c **** *
  96:.\Generated_Source\PSoC5/PDM_CIC_Status_Reg.c **** * Parameters:
  97:.\Generated_Source\PSoC5/PDM_CIC_Status_Reg.c **** *  mask:  Value to write into the mask register.
  98:.\Generated_Source\PSoC5/PDM_CIC_Status_Reg.c **** *
  99:.\Generated_Source\PSoC5/PDM_CIC_Status_Reg.c **** * Return:
 100:.\Generated_Source\PSoC5/PDM_CIC_Status_Reg.c **** *  None.
 101:.\Generated_Source\PSoC5/PDM_CIC_Status_Reg.c **** *
 102:.\Generated_Source\PSoC5/PDM_CIC_Status_Reg.c **** *******************************************************************************/
 103:.\Generated_Source\PSoC5/PDM_CIC_Status_Reg.c **** void PDM_CIC_Status_Reg_WriteMask(uint8 mask) 
 104:.\Generated_Source\PSoC5/PDM_CIC_Status_Reg.c **** {
 165              		.loc 1 104 0
 166              		.cfi_startproc
 167              		@ args = 0, pretend = 0, frame = 8
 168              		@ frame_needed = 1, uses_anonymous_args = 0
 169              		@ link register save eliminated.
 170 0000 80B4     		push	{r7}
 171              		.cfi_def_cfa_offset 4
 172              		.cfi_offset 7, -4
 173 0002 83B0     		sub	sp, sp, #12
 174              		.cfi_def_cfa_offset 16
 175 0004 00AF     		add	r7, sp, #0
 176              		.cfi_def_cfa_register 7
 177 0006 0346     		mov	r3, r0
 178 0008 FB71     		strb	r3, [r7, #7]
 105:.\Generated_Source\PSoC5/PDM_CIC_Status_Reg.c ****     #if(PDM_CIC_Status_Reg_INPUTS < 8u)
 106:.\Generated_Source\PSoC5/PDM_CIC_Status_Reg.c ****     	mask &= (uint8)((((uint8)1u) << PDM_CIC_Status_Reg_INPUTS) - 1u);
 179              		.loc 1 106 0
ARM GAS  C:\USERS\LUKAS\APPDATA\LOCAL\TEMP\ccVtDefn.s 			page 6


 180 000a FB79     		ldrb	r3, [r7, #7]
 181 000c 03F00F03 		and	r3, r3, #15
 182 0010 FB71     		strb	r3, [r7, #7]
 107:.\Generated_Source\PSoC5/PDM_CIC_Status_Reg.c **** 	#endif /* End PDM_CIC_Status_Reg_INPUTS < 8u */
 108:.\Generated_Source\PSoC5/PDM_CIC_Status_Reg.c ****     PDM_CIC_Status_Reg_Status_Mask = mask;
 183              		.loc 1 108 0
 184 0012 044A     		ldr	r2, .L12
 185 0014 FB79     		ldrb	r3, [r7, #7]
 186 0016 1370     		strb	r3, [r2]
 109:.\Generated_Source\PSoC5/PDM_CIC_Status_Reg.c **** }
 187              		.loc 1 109 0
 188 0018 0C37     		adds	r7, r7, #12
 189              		.cfi_def_cfa_offset 4
 190 001a BD46     		mov	sp, r7
 191              		.cfi_def_cfa_register 13
 192              		@ sp needed
 193 001c 5DF8047B 		ldr	r7, [sp], #4
 194              		.cfi_restore 7
 195              		.cfi_def_cfa_offset 0
 196 0020 7047     		bx	lr
 197              	.L13:
 198 0022 00BF     		.align	2
 199              	.L12:
 200 0024 88640040 		.word	1073767560
 201              		.cfi_endproc
 202              	.LFE3:
 203              		.size	PDM_CIC_Status_Reg_WriteMask, .-PDM_CIC_Status_Reg_WriteMask
 204              		.section	.text.PDM_CIC_Status_Reg_ReadMask,"ax",%progbits
 205              		.align	2
 206              		.global	PDM_CIC_Status_Reg_ReadMask
 207              		.thumb
 208              		.thumb_func
 209              		.type	PDM_CIC_Status_Reg_ReadMask, %function
 210              	PDM_CIC_Status_Reg_ReadMask:
 211              	.LFB4:
 110:.\Generated_Source\PSoC5/PDM_CIC_Status_Reg.c **** 
 111:.\Generated_Source\PSoC5/PDM_CIC_Status_Reg.c **** 
 112:.\Generated_Source\PSoC5/PDM_CIC_Status_Reg.c **** /*******************************************************************************
 113:.\Generated_Source\PSoC5/PDM_CIC_Status_Reg.c **** * Function Name: PDM_CIC_Status_Reg_ReadMask
 114:.\Generated_Source\PSoC5/PDM_CIC_Status_Reg.c **** ********************************************************************************
 115:.\Generated_Source\PSoC5/PDM_CIC_Status_Reg.c **** *
 116:.\Generated_Source\PSoC5/PDM_CIC_Status_Reg.c **** * Summary:
 117:.\Generated_Source\PSoC5/PDM_CIC_Status_Reg.c **** *  Reads the current interrupt mask assigned to the Status Register.
 118:.\Generated_Source\PSoC5/PDM_CIC_Status_Reg.c **** *
 119:.\Generated_Source\PSoC5/PDM_CIC_Status_Reg.c **** * Parameters:
 120:.\Generated_Source\PSoC5/PDM_CIC_Status_Reg.c **** *  None.
 121:.\Generated_Source\PSoC5/PDM_CIC_Status_Reg.c **** *
 122:.\Generated_Source\PSoC5/PDM_CIC_Status_Reg.c **** * Return:
 123:.\Generated_Source\PSoC5/PDM_CIC_Status_Reg.c **** *  The value of the interrupt mask of the Status Register.
 124:.\Generated_Source\PSoC5/PDM_CIC_Status_Reg.c **** *
 125:.\Generated_Source\PSoC5/PDM_CIC_Status_Reg.c **** *******************************************************************************/
 126:.\Generated_Source\PSoC5/PDM_CIC_Status_Reg.c **** uint8 PDM_CIC_Status_Reg_ReadMask(void) 
 127:.\Generated_Source\PSoC5/PDM_CIC_Status_Reg.c **** {
 212              		.loc 1 127 0
 213              		.cfi_startproc
 214              		@ args = 0, pretend = 0, frame = 0
 215              		@ frame_needed = 1, uses_anonymous_args = 0
ARM GAS  C:\USERS\LUKAS\APPDATA\LOCAL\TEMP\ccVtDefn.s 			page 7


 216              		@ link register save eliminated.
 217 0000 80B4     		push	{r7}
 218              		.cfi_def_cfa_offset 4
 219              		.cfi_offset 7, -4
 220 0002 00AF     		add	r7, sp, #0
 221              		.cfi_def_cfa_register 7
 128:.\Generated_Source\PSoC5/PDM_CIC_Status_Reg.c ****     return PDM_CIC_Status_Reg_Status_Mask;
 222              		.loc 1 128 0
 223 0004 034B     		ldr	r3, .L16
 224 0006 1B78     		ldrb	r3, [r3]
 225 0008 DBB2     		uxtb	r3, r3
 129:.\Generated_Source\PSoC5/PDM_CIC_Status_Reg.c **** }
 226              		.loc 1 129 0
 227 000a 1846     		mov	r0, r3
 228 000c BD46     		mov	sp, r7
 229              		.cfi_def_cfa_register 13
 230              		@ sp needed
 231 000e 5DF8047B 		ldr	r7, [sp], #4
 232              		.cfi_restore 7
 233              		.cfi_def_cfa_offset 0
 234 0012 7047     		bx	lr
 235              	.L17:
 236              		.align	2
 237              	.L16:
 238 0014 88640040 		.word	1073767560
 239              		.cfi_endproc
 240              	.LFE4:
 241              		.size	PDM_CIC_Status_Reg_ReadMask, .-PDM_CIC_Status_Reg_ReadMask
 242              		.text
 243              	.Letext0:
 244              		.file 2 ".\\Generated_Source\\PSoC5\\cytypes.h"
 245              		.section	.debug_info,"",%progbits
 246              	.Ldebug_info0:
 247 0000 35010000 		.4byte	0x135
 248 0004 0400     		.2byte	0x4
 249 0006 00000000 		.4byte	.Ldebug_abbrev0
 250 000a 04       		.byte	0x4
 251 000b 01       		.uleb128 0x1
 252 000c 31010000 		.4byte	.LASF21
 253 0010 01       		.byte	0x1
 254 0011 38000000 		.4byte	.LASF22
 255 0015 E5010000 		.4byte	.LASF23
 256 0019 00000000 		.4byte	.Ldebug_ranges0+0
 257 001d 00000000 		.4byte	0
 258 0021 00000000 		.4byte	.Ldebug_line0
 259 0025 02       		.uleb128 0x2
 260 0026 01       		.byte	0x1
 261 0027 06       		.byte	0x6
 262 0028 D9010000 		.4byte	.LASF0
 263 002c 02       		.uleb128 0x2
 264 002d 01       		.byte	0x1
 265 002e 08       		.byte	0x8
 266 002f 15010000 		.4byte	.LASF1
 267 0033 02       		.uleb128 0x2
 268 0034 02       		.byte	0x2
 269 0035 05       		.byte	0x5
 270 0036 43020000 		.4byte	.LASF2
ARM GAS  C:\USERS\LUKAS\APPDATA\LOCAL\TEMP\ccVtDefn.s 			page 8


 271 003a 02       		.uleb128 0x2
 272 003b 02       		.byte	0x2
 273 003c 07       		.byte	0x7
 274 003d C6010000 		.4byte	.LASF3
 275 0041 02       		.uleb128 0x2
 276 0042 04       		.byte	0x4
 277 0043 05       		.byte	0x5
 278 0044 28010000 		.4byte	.LASF4
 279 0048 02       		.uleb128 0x2
 280 0049 04       		.byte	0x4
 281 004a 07       		.byte	0x7
 282 004b 88000000 		.4byte	.LASF5
 283 004f 02       		.uleb128 0x2
 284 0050 08       		.byte	0x8
 285 0051 05       		.byte	0x5
 286 0052 00000000 		.4byte	.LASF6
 287 0056 02       		.uleb128 0x2
 288 0057 08       		.byte	0x8
 289 0058 07       		.byte	0x7
 290 0059 B2000000 		.4byte	.LASF7
 291 005d 03       		.uleb128 0x3
 292 005e 04       		.byte	0x4
 293 005f 05       		.byte	0x5
 294 0060 696E7400 		.ascii	"int\000"
 295 0064 02       		.uleb128 0x2
 296 0065 04       		.byte	0x4
 297 0066 07       		.byte	0x7
 298 0067 0E000000 		.4byte	.LASF8
 299 006b 04       		.uleb128 0x4
 300 006c 82000000 		.4byte	.LASF12
 301 0070 02       		.byte	0x2
 302 0071 5B       		.byte	0x5b
 303 0072 2C000000 		.4byte	0x2c
 304 0076 02       		.uleb128 0x2
 305 0077 04       		.byte	0x4
 306 0078 04       		.byte	0x4
 307 0079 3D020000 		.4byte	.LASF9
 308 007d 02       		.uleb128 0x2
 309 007e 08       		.byte	0x8
 310 007f 04       		.byte	0x4
 311 0080 BF010000 		.4byte	.LASF10
 312 0084 02       		.uleb128 0x2
 313 0085 01       		.byte	0x1
 314 0086 08       		.byte	0x8
 315 0087 23010000 		.4byte	.LASF11
 316 008b 04       		.uleb128 0x4
 317 008c 4D020000 		.4byte	.LASF13
 318 0090 02       		.byte	0x2
 319 0091 F0       		.byte	0xf0
 320 0092 96000000 		.4byte	0x96
 321 0096 05       		.uleb128 0x5
 322 0097 6B000000 		.4byte	0x6b
 323 009b 02       		.uleb128 0x2
 324 009c 04       		.byte	0x4
 325 009d 07       		.byte	0x7
 326 009e 52020000 		.4byte	.LASF14
 327 00a2 06       		.uleb128 0x6
ARM GAS  C:\USERS\LUKAS\APPDATA\LOCAL\TEMP\ccVtDefn.s 			page 9


 328 00a3 9A000000 		.4byte	.LASF19
 329 00a7 01       		.byte	0x1
 330 00a8 25       		.byte	0x25
 331 00a9 6B000000 		.4byte	0x6b
 332 00ad 00000000 		.4byte	.LFB0
 333 00b1 18000000 		.4byte	.LFE0-.LFB0
 334 00b5 01       		.uleb128 0x1
 335 00b6 9C       		.byte	0x9c
 336 00b7 07       		.uleb128 0x7
 337 00b8 F2000000 		.4byte	.LASF15
 338 00bc 01       		.byte	0x1
 339 00bd 39       		.byte	0x39
 340 00be 00000000 		.4byte	.LFB1
 341 00c2 30000000 		.4byte	.LFE1-.LFB1
 342 00c6 01       		.uleb128 0x1
 343 00c7 9C       		.byte	0x9c
 344 00c8 DB000000 		.4byte	0xdb
 345 00cc 08       		.uleb128 0x8
 346 00cd 5B020000 		.4byte	.LASF17
 347 00d1 01       		.byte	0x1
 348 00d2 3B       		.byte	0x3b
 349 00d3 6B000000 		.4byte	0x6b
 350 00d7 02       		.uleb128 0x2
 351 00d8 91       		.byte	0x91
 352 00d9 77       		.sleb128 -9
 353 00da 00       		.byte	0
 354 00db 07       		.uleb128 0x7
 355 00dc C9000000 		.4byte	.LASF16
 356 00e0 01       		.byte	0x1
 357 00e1 50       		.byte	0x50
 358 00e2 00000000 		.4byte	.LFB2
 359 00e6 30000000 		.4byte	.LFE2-.LFB2
 360 00ea 01       		.uleb128 0x1
 361 00eb 9C       		.byte	0x9c
 362 00ec FF000000 		.4byte	0xff
 363 00f0 08       		.uleb128 0x8
 364 00f1 5B020000 		.4byte	.LASF17
 365 00f5 01       		.byte	0x1
 366 00f6 52       		.byte	0x52
 367 00f7 6B000000 		.4byte	0x6b
 368 00fb 02       		.uleb128 0x2
 369 00fc 91       		.byte	0x91
 370 00fd 77       		.sleb128 -9
 371 00fe 00       		.byte	0
 372 00ff 09       		.uleb128 0x9
 373 0100 1B000000 		.4byte	.LASF18
 374 0104 01       		.byte	0x1
 375 0105 67       		.byte	0x67
 376 0106 00000000 		.4byte	.LFB3
 377 010a 28000000 		.4byte	.LFE3-.LFB3
 378 010e 01       		.uleb128 0x1
 379 010f 9C       		.byte	0x9c
 380 0110 23010000 		.4byte	0x123
 381 0114 0A       		.uleb128 0xa
 382 0115 ED000000 		.4byte	.LASF24
 383 0119 01       		.byte	0x1
 384 011a 67       		.byte	0x67
ARM GAS  C:\USERS\LUKAS\APPDATA\LOCAL\TEMP\ccVtDefn.s 			page 10


 385 011b 6B000000 		.4byte	0x6b
 386 011f 02       		.uleb128 0x2
 387 0120 91       		.byte	0x91
 388 0121 77       		.sleb128 -9
 389 0122 00       		.byte	0
 390 0123 06       		.uleb128 0x6
 391 0124 66000000 		.4byte	.LASF20
 392 0128 01       		.byte	0x1
 393 0129 7E       		.byte	0x7e
 394 012a 6B000000 		.4byte	0x6b
 395 012e 00000000 		.4byte	.LFB4
 396 0132 18000000 		.4byte	.LFE4-.LFB4
 397 0136 01       		.uleb128 0x1
 398 0137 9C       		.byte	0x9c
 399 0138 00       		.byte	0
 400              		.section	.debug_abbrev,"",%progbits
 401              	.Ldebug_abbrev0:
 402 0000 01       		.uleb128 0x1
 403 0001 11       		.uleb128 0x11
 404 0002 01       		.byte	0x1
 405 0003 25       		.uleb128 0x25
 406 0004 0E       		.uleb128 0xe
 407 0005 13       		.uleb128 0x13
 408 0006 0B       		.uleb128 0xb
 409 0007 03       		.uleb128 0x3
 410 0008 0E       		.uleb128 0xe
 411 0009 1B       		.uleb128 0x1b
 412 000a 0E       		.uleb128 0xe
 413 000b 55       		.uleb128 0x55
 414 000c 17       		.uleb128 0x17
 415 000d 11       		.uleb128 0x11
 416 000e 01       		.uleb128 0x1
 417 000f 10       		.uleb128 0x10
 418 0010 17       		.uleb128 0x17
 419 0011 00       		.byte	0
 420 0012 00       		.byte	0
 421 0013 02       		.uleb128 0x2
 422 0014 24       		.uleb128 0x24
 423 0015 00       		.byte	0
 424 0016 0B       		.uleb128 0xb
 425 0017 0B       		.uleb128 0xb
 426 0018 3E       		.uleb128 0x3e
 427 0019 0B       		.uleb128 0xb
 428 001a 03       		.uleb128 0x3
 429 001b 0E       		.uleb128 0xe
 430 001c 00       		.byte	0
 431 001d 00       		.byte	0
 432 001e 03       		.uleb128 0x3
 433 001f 24       		.uleb128 0x24
 434 0020 00       		.byte	0
 435 0021 0B       		.uleb128 0xb
 436 0022 0B       		.uleb128 0xb
 437 0023 3E       		.uleb128 0x3e
 438 0024 0B       		.uleb128 0xb
 439 0025 03       		.uleb128 0x3
 440 0026 08       		.uleb128 0x8
 441 0027 00       		.byte	0
ARM GAS  C:\USERS\LUKAS\APPDATA\LOCAL\TEMP\ccVtDefn.s 			page 11


 442 0028 00       		.byte	0
 443 0029 04       		.uleb128 0x4
 444 002a 16       		.uleb128 0x16
 445 002b 00       		.byte	0
 446 002c 03       		.uleb128 0x3
 447 002d 0E       		.uleb128 0xe
 448 002e 3A       		.uleb128 0x3a
 449 002f 0B       		.uleb128 0xb
 450 0030 3B       		.uleb128 0x3b
 451 0031 0B       		.uleb128 0xb
 452 0032 49       		.uleb128 0x49
 453 0033 13       		.uleb128 0x13
 454 0034 00       		.byte	0
 455 0035 00       		.byte	0
 456 0036 05       		.uleb128 0x5
 457 0037 35       		.uleb128 0x35
 458 0038 00       		.byte	0
 459 0039 49       		.uleb128 0x49
 460 003a 13       		.uleb128 0x13
 461 003b 00       		.byte	0
 462 003c 00       		.byte	0
 463 003d 06       		.uleb128 0x6
 464 003e 2E       		.uleb128 0x2e
 465 003f 00       		.byte	0
 466 0040 3F       		.uleb128 0x3f
 467 0041 19       		.uleb128 0x19
 468 0042 03       		.uleb128 0x3
 469 0043 0E       		.uleb128 0xe
 470 0044 3A       		.uleb128 0x3a
 471 0045 0B       		.uleb128 0xb
 472 0046 3B       		.uleb128 0x3b
 473 0047 0B       		.uleb128 0xb
 474 0048 27       		.uleb128 0x27
 475 0049 19       		.uleb128 0x19
 476 004a 49       		.uleb128 0x49
 477 004b 13       		.uleb128 0x13
 478 004c 11       		.uleb128 0x11
 479 004d 01       		.uleb128 0x1
 480 004e 12       		.uleb128 0x12
 481 004f 06       		.uleb128 0x6
 482 0050 40       		.uleb128 0x40
 483 0051 18       		.uleb128 0x18
 484 0052 9742     		.uleb128 0x2117
 485 0054 19       		.uleb128 0x19
 486 0055 00       		.byte	0
 487 0056 00       		.byte	0
 488 0057 07       		.uleb128 0x7
 489 0058 2E       		.uleb128 0x2e
 490 0059 01       		.byte	0x1
 491 005a 3F       		.uleb128 0x3f
 492 005b 19       		.uleb128 0x19
 493 005c 03       		.uleb128 0x3
 494 005d 0E       		.uleb128 0xe
 495 005e 3A       		.uleb128 0x3a
 496 005f 0B       		.uleb128 0xb
 497 0060 3B       		.uleb128 0x3b
 498 0061 0B       		.uleb128 0xb
ARM GAS  C:\USERS\LUKAS\APPDATA\LOCAL\TEMP\ccVtDefn.s 			page 12


 499 0062 27       		.uleb128 0x27
 500 0063 19       		.uleb128 0x19
 501 0064 11       		.uleb128 0x11
 502 0065 01       		.uleb128 0x1
 503 0066 12       		.uleb128 0x12
 504 0067 06       		.uleb128 0x6
 505 0068 40       		.uleb128 0x40
 506 0069 18       		.uleb128 0x18
 507 006a 9642     		.uleb128 0x2116
 508 006c 19       		.uleb128 0x19
 509 006d 01       		.uleb128 0x1
 510 006e 13       		.uleb128 0x13
 511 006f 00       		.byte	0
 512 0070 00       		.byte	0
 513 0071 08       		.uleb128 0x8
 514 0072 34       		.uleb128 0x34
 515 0073 00       		.byte	0
 516 0074 03       		.uleb128 0x3
 517 0075 0E       		.uleb128 0xe
 518 0076 3A       		.uleb128 0x3a
 519 0077 0B       		.uleb128 0xb
 520 0078 3B       		.uleb128 0x3b
 521 0079 0B       		.uleb128 0xb
 522 007a 49       		.uleb128 0x49
 523 007b 13       		.uleb128 0x13
 524 007c 02       		.uleb128 0x2
 525 007d 18       		.uleb128 0x18
 526 007e 00       		.byte	0
 527 007f 00       		.byte	0
 528 0080 09       		.uleb128 0x9
 529 0081 2E       		.uleb128 0x2e
 530 0082 01       		.byte	0x1
 531 0083 3F       		.uleb128 0x3f
 532 0084 19       		.uleb128 0x19
 533 0085 03       		.uleb128 0x3
 534 0086 0E       		.uleb128 0xe
 535 0087 3A       		.uleb128 0x3a
 536 0088 0B       		.uleb128 0xb
 537 0089 3B       		.uleb128 0x3b
 538 008a 0B       		.uleb128 0xb
 539 008b 27       		.uleb128 0x27
 540 008c 19       		.uleb128 0x19
 541 008d 11       		.uleb128 0x11
 542 008e 01       		.uleb128 0x1
 543 008f 12       		.uleb128 0x12
 544 0090 06       		.uleb128 0x6
 545 0091 40       		.uleb128 0x40
 546 0092 18       		.uleb128 0x18
 547 0093 9742     		.uleb128 0x2117
 548 0095 19       		.uleb128 0x19
 549 0096 01       		.uleb128 0x1
 550 0097 13       		.uleb128 0x13
 551 0098 00       		.byte	0
 552 0099 00       		.byte	0
 553 009a 0A       		.uleb128 0xa
 554 009b 05       		.uleb128 0x5
 555 009c 00       		.byte	0
ARM GAS  C:\USERS\LUKAS\APPDATA\LOCAL\TEMP\ccVtDefn.s 			page 13


 556 009d 03       		.uleb128 0x3
 557 009e 0E       		.uleb128 0xe
 558 009f 3A       		.uleb128 0x3a
 559 00a0 0B       		.uleb128 0xb
 560 00a1 3B       		.uleb128 0x3b
 561 00a2 0B       		.uleb128 0xb
 562 00a3 49       		.uleb128 0x49
 563 00a4 13       		.uleb128 0x13
 564 00a5 02       		.uleb128 0x2
 565 00a6 18       		.uleb128 0x18
 566 00a7 00       		.byte	0
 567 00a8 00       		.byte	0
 568 00a9 00       		.byte	0
 569              		.section	.debug_aranges,"",%progbits
 570 0000 3C000000 		.4byte	0x3c
 571 0004 0200     		.2byte	0x2
 572 0006 00000000 		.4byte	.Ldebug_info0
 573 000a 04       		.byte	0x4
 574 000b 00       		.byte	0
 575 000c 0000     		.2byte	0
 576 000e 0000     		.2byte	0
 577 0010 00000000 		.4byte	.LFB0
 578 0014 18000000 		.4byte	.LFE0-.LFB0
 579 0018 00000000 		.4byte	.LFB1
 580 001c 30000000 		.4byte	.LFE1-.LFB1
 581 0020 00000000 		.4byte	.LFB2
 582 0024 30000000 		.4byte	.LFE2-.LFB2
 583 0028 00000000 		.4byte	.LFB3
 584 002c 28000000 		.4byte	.LFE3-.LFB3
 585 0030 00000000 		.4byte	.LFB4
 586 0034 18000000 		.4byte	.LFE4-.LFB4
 587 0038 00000000 		.4byte	0
 588 003c 00000000 		.4byte	0
 589              		.section	.debug_ranges,"",%progbits
 590              	.Ldebug_ranges0:
 591 0000 00000000 		.4byte	.LFB0
 592 0004 18000000 		.4byte	.LFE0
 593 0008 00000000 		.4byte	.LFB1
 594 000c 30000000 		.4byte	.LFE1
 595 0010 00000000 		.4byte	.LFB2
 596 0014 30000000 		.4byte	.LFE2
 597 0018 00000000 		.4byte	.LFB3
 598 001c 28000000 		.4byte	.LFE3
 599 0020 00000000 		.4byte	.LFB4
 600 0024 18000000 		.4byte	.LFE4
 601 0028 00000000 		.4byte	0
 602 002c 00000000 		.4byte	0
 603              		.section	.debug_line,"",%progbits
 604              	.Ldebug_line0:
 605 0000 B4000000 		.section	.debug_str,"MS",%progbits,1
 605      02005100 
 605      00000201 
 605      FB0E0D00 
 605      01010101 
 606              	.LASF6:
 607 0000 6C6F6E67 		.ascii	"long long int\000"
 607      206C6F6E 
ARM GAS  C:\USERS\LUKAS\APPDATA\LOCAL\TEMP\ccVtDefn.s 			page 14


 607      6720696E 
 607      7400
 608              	.LASF8:
 609 000e 756E7369 		.ascii	"unsigned int\000"
 609      676E6564 
 609      20696E74 
 609      00
 610              	.LASF18:
 611 001b 50444D5F 		.ascii	"PDM_CIC_Status_Reg_WriteMask\000"
 611      4349435F 
 611      53746174 
 611      75735F52 
 611      65675F57 
 612              	.LASF22:
 613 0038 2E5C4765 		.ascii	".\\Generated_Source\\PSoC5\\PDM_CIC_Status_Reg.c\000"
 613      6E657261 
 613      7465645F 
 613      536F7572 
 613      63655C50 
 614              	.LASF20:
 615 0066 50444D5F 		.ascii	"PDM_CIC_Status_Reg_ReadMask\000"
 615      4349435F 
 615      53746174 
 615      75735F52 
 615      65675F52 
 616              	.LASF12:
 617 0082 75696E74 		.ascii	"uint8\000"
 617      3800
 618              	.LASF5:
 619 0088 6C6F6E67 		.ascii	"long unsigned int\000"
 619      20756E73 
 619      69676E65 
 619      6420696E 
 619      7400
 620              	.LASF19:
 621 009a 50444D5F 		.ascii	"PDM_CIC_Status_Reg_Read\000"
 621      4349435F 
 621      53746174 
 621      75735F52 
 621      65675F52 
 622              	.LASF7:
 623 00b2 6C6F6E67 		.ascii	"long long unsigned int\000"
 623      206C6F6E 
 623      6720756E 
 623      7369676E 
 623      65642069 
 624              	.LASF16:
 625 00c9 50444D5F 		.ascii	"PDM_CIC_Status_Reg_InterruptDisable\000"
 625      4349435F 
 625      53746174 
 625      75735F52 
 625      65675F49 
 626              	.LASF24:
 627 00ed 6D61736B 		.ascii	"mask\000"
 627      00
 628              	.LASF15:
 629 00f2 50444D5F 		.ascii	"PDM_CIC_Status_Reg_InterruptEnable\000"
ARM GAS  C:\USERS\LUKAS\APPDATA\LOCAL\TEMP\ccVtDefn.s 			page 15


 629      4349435F 
 629      53746174 
 629      75735F52 
 629      65675F49 
 630              	.LASF1:
 631 0115 756E7369 		.ascii	"unsigned char\000"
 631      676E6564 
 631      20636861 
 631      7200
 632              	.LASF11:
 633 0123 63686172 		.ascii	"char\000"
 633      00
 634              	.LASF4:
 635 0128 6C6F6E67 		.ascii	"long int\000"
 635      20696E74 
 635      00
 636              	.LASF21:
 637 0131 474E5520 		.ascii	"GNU C 4.9.3 20150303 (release) [ARM/embedded-4_9-br"
 637      4320342E 
 637      392E3320 
 637      32303135 
 637      30333033 
 638 0164 616E6368 		.ascii	"anch revision 221220] -mcpu=cortex-m3 -mthumb -g -O"
 638      20726576 
 638      6973696F 
 638      6E203232 
 638      31323230 
 639 0197 30202D66 		.ascii	"0 -ffunction-sections -ffat-lto-objects\000"
 639      66756E63 
 639      74696F6E 
 639      2D736563 
 639      74696F6E 
 640              	.LASF10:
 641 01bf 646F7562 		.ascii	"double\000"
 641      6C6500
 642              	.LASF3:
 643 01c6 73686F72 		.ascii	"short unsigned int\000"
 643      7420756E 
 643      7369676E 
 643      65642069 
 643      6E7400
 644              	.LASF0:
 645 01d9 7369676E 		.ascii	"signed char\000"
 645      65642063 
 645      68617200 
 646              	.LASF23:
 647 01e5 433A5C55 		.ascii	"C:\\Users\\lukas\\Desktop\\PioneerKit_P5LP_USB_Audi"
 647      73657273 
 647      5C6C756B 
 647      61735C44 
 647      65736B74 
 648 0214 6F2D6D61 		.ascii	"o-master\\PioneerKit_P5LP_USB_Audio.cydsn\000"
 648      73746572 
 648      5C50696F 
 648      6E656572 
 648      4B69745F 
 649              	.LASF9:
ARM GAS  C:\USERS\LUKAS\APPDATA\LOCAL\TEMP\ccVtDefn.s 			page 16


 650 023d 666C6F61 		.ascii	"float\000"
 650      7400
 651              	.LASF2:
 652 0243 73686F72 		.ascii	"short int\000"
 652      7420696E 
 652      7400
 653              	.LASF13:
 654 024d 72656738 		.ascii	"reg8\000"
 654      00
 655              	.LASF14:
 656 0252 73697A65 		.ascii	"sizetype\000"
 656      74797065 
 656      00
 657              	.LASF17:
 658 025b 696E7465 		.ascii	"interruptState\000"
 658      72727570 
 658      74537461 
 658      746500
 659              		.ident	"GCC: (GNU Tools for ARM Embedded Processors) 4.9.3 20150303 (release) [ARM/embedded-4_9-br
