ARM GAS  C:\USERS\LUKAS\APPDATA\LOCAL\TEMP\ccPwerNd.s 			page 1


   1              		.syntax unified
   2              		.cpu cortex-m3
   3              		.fpu softvfp
   4              		.eabi_attribute 20, 1
   5              		.eabi_attribute 21, 1
   6              		.eabi_attribute 23, 3
   7              		.eabi_attribute 24, 1
   8              		.eabi_attribute 25, 1
   9              		.eabi_attribute 26, 1
  10              		.eabi_attribute 30, 6
  11              		.eabi_attribute 34, 1
  12              		.eabi_attribute 18, 4
  13              		.thumb
  14              		.file	"PDM_CIC_Int_Ctrl_Reg.c"
  15              		.text
  16              	.Ltext0:
  17              		.cfi_sections	.debug_frame
  18              		.section	.text.PDM_CIC_Int_Ctrl_Reg_Write,"ax",%progbits
  19              		.align	2
  20              		.global	PDM_CIC_Int_Ctrl_Reg_Write
  21              		.thumb
  22              		.thumb_func
  23              		.type	PDM_CIC_Int_Ctrl_Reg_Write, %function
  24              	PDM_CIC_Int_Ctrl_Reg_Write:
  25              	.LFB0:
  26              		.file 1 ".\\Generated_Source\\PSoC5\\PDM_CIC_Int_Ctrl_Reg.c"
   1:.\Generated_Source\PSoC5/PDM_CIC_Int_Ctrl_Reg.c **** /*******************************************************************************
   2:.\Generated_Source\PSoC5/PDM_CIC_Int_Ctrl_Reg.c **** * File Name: PDM_CIC_Int_Ctrl_Reg.c  
   3:.\Generated_Source\PSoC5/PDM_CIC_Int_Ctrl_Reg.c **** * Version 1.70
   4:.\Generated_Source\PSoC5/PDM_CIC_Int_Ctrl_Reg.c **** *
   5:.\Generated_Source\PSoC5/PDM_CIC_Int_Ctrl_Reg.c **** * Description:
   6:.\Generated_Source\PSoC5/PDM_CIC_Int_Ctrl_Reg.c **** *  This file contains API to enable firmware control of a Control Register.
   7:.\Generated_Source\PSoC5/PDM_CIC_Int_Ctrl_Reg.c **** *
   8:.\Generated_Source\PSoC5/PDM_CIC_Int_Ctrl_Reg.c **** * Note:
   9:.\Generated_Source\PSoC5/PDM_CIC_Int_Ctrl_Reg.c **** *
  10:.\Generated_Source\PSoC5/PDM_CIC_Int_Ctrl_Reg.c **** ********************************************************************************
  11:.\Generated_Source\PSoC5/PDM_CIC_Int_Ctrl_Reg.c **** * Copyright 2008-2012, Cypress Semiconductor Corporation.  All rights reserved.
  12:.\Generated_Source\PSoC5/PDM_CIC_Int_Ctrl_Reg.c **** * You may use this file only in accordance with the license, terms, conditions, 
  13:.\Generated_Source\PSoC5/PDM_CIC_Int_Ctrl_Reg.c **** * disclaimers, and limitations in the end user license agreement accompanying 
  14:.\Generated_Source\PSoC5/PDM_CIC_Int_Ctrl_Reg.c **** * the software package with which this file was provided.
  15:.\Generated_Source\PSoC5/PDM_CIC_Int_Ctrl_Reg.c **** *******************************************************************************/
  16:.\Generated_Source\PSoC5/PDM_CIC_Int_Ctrl_Reg.c **** 
  17:.\Generated_Source\PSoC5/PDM_CIC_Int_Ctrl_Reg.c **** #include "PDM_CIC_Int_Ctrl_Reg.h"
  18:.\Generated_Source\PSoC5/PDM_CIC_Int_Ctrl_Reg.c **** 
  19:.\Generated_Source\PSoC5/PDM_CIC_Int_Ctrl_Reg.c **** #if !defined(PDM_CIC_Int_Ctrl_Reg_Sync_ctrl_reg__REMOVED) /* Check for removal by optimization */
  20:.\Generated_Source\PSoC5/PDM_CIC_Int_Ctrl_Reg.c **** 
  21:.\Generated_Source\PSoC5/PDM_CIC_Int_Ctrl_Reg.c **** /*******************************************************************************
  22:.\Generated_Source\PSoC5/PDM_CIC_Int_Ctrl_Reg.c **** * Function Name: PDM_CIC_Int_Ctrl_Reg_Write
  23:.\Generated_Source\PSoC5/PDM_CIC_Int_Ctrl_Reg.c **** ********************************************************************************
  24:.\Generated_Source\PSoC5/PDM_CIC_Int_Ctrl_Reg.c **** *
  25:.\Generated_Source\PSoC5/PDM_CIC_Int_Ctrl_Reg.c **** * Summary:
  26:.\Generated_Source\PSoC5/PDM_CIC_Int_Ctrl_Reg.c **** *  Write a byte to the Control Register.
  27:.\Generated_Source\PSoC5/PDM_CIC_Int_Ctrl_Reg.c **** *
  28:.\Generated_Source\PSoC5/PDM_CIC_Int_Ctrl_Reg.c **** * Parameters:
  29:.\Generated_Source\PSoC5/PDM_CIC_Int_Ctrl_Reg.c **** *  control:  The value to be assigned to the Control Register.
  30:.\Generated_Source\PSoC5/PDM_CIC_Int_Ctrl_Reg.c **** *
  31:.\Generated_Source\PSoC5/PDM_CIC_Int_Ctrl_Reg.c **** * Return:
ARM GAS  C:\USERS\LUKAS\APPDATA\LOCAL\TEMP\ccPwerNd.s 			page 2


  32:.\Generated_Source\PSoC5/PDM_CIC_Int_Ctrl_Reg.c **** *  None.
  33:.\Generated_Source\PSoC5/PDM_CIC_Int_Ctrl_Reg.c **** *
  34:.\Generated_Source\PSoC5/PDM_CIC_Int_Ctrl_Reg.c **** *******************************************************************************/
  35:.\Generated_Source\PSoC5/PDM_CIC_Int_Ctrl_Reg.c **** void PDM_CIC_Int_Ctrl_Reg_Write(uint8 control) 
  36:.\Generated_Source\PSoC5/PDM_CIC_Int_Ctrl_Reg.c **** {
  27              		.loc 1 36 0
  28              		.cfi_startproc
  29              		@ args = 0, pretend = 0, frame = 8
  30              		@ frame_needed = 1, uses_anonymous_args = 0
  31              		@ link register save eliminated.
  32 0000 80B4     		push	{r7}
  33              		.cfi_def_cfa_offset 4
  34              		.cfi_offset 7, -4
  35 0002 83B0     		sub	sp, sp, #12
  36              		.cfi_def_cfa_offset 16
  37 0004 00AF     		add	r7, sp, #0
  38              		.cfi_def_cfa_register 7
  39 0006 0346     		mov	r3, r0
  40 0008 FB71     		strb	r3, [r7, #7]
  37:.\Generated_Source\PSoC5/PDM_CIC_Int_Ctrl_Reg.c ****     PDM_CIC_Int_Ctrl_Reg_Control = control;
  41              		.loc 1 37 0
  42 000a 044A     		ldr	r2, .L2
  43 000c FB79     		ldrb	r3, [r7, #7]
  44 000e 1370     		strb	r3, [r2]
  38:.\Generated_Source\PSoC5/PDM_CIC_Int_Ctrl_Reg.c **** }
  45              		.loc 1 38 0
  46 0010 0C37     		adds	r7, r7, #12
  47              		.cfi_def_cfa_offset 4
  48 0012 BD46     		mov	sp, r7
  49              		.cfi_def_cfa_register 13
  50              		@ sp needed
  51 0014 5DF8047B 		ldr	r7, [sp], #4
  52              		.cfi_restore 7
  53              		.cfi_def_cfa_offset 0
  54 0018 7047     		bx	lr
  55              	.L3:
  56 001a 00BF     		.align	2
  57              	.L2:
  58 001c 7A640040 		.word	1073767546
  59              		.cfi_endproc
  60              	.LFE0:
  61              		.size	PDM_CIC_Int_Ctrl_Reg_Write, .-PDM_CIC_Int_Ctrl_Reg_Write
  62              		.section	.text.PDM_CIC_Int_Ctrl_Reg_Read,"ax",%progbits
  63              		.align	2
  64              		.global	PDM_CIC_Int_Ctrl_Reg_Read
  65              		.thumb
  66              		.thumb_func
  67              		.type	PDM_CIC_Int_Ctrl_Reg_Read, %function
  68              	PDM_CIC_Int_Ctrl_Reg_Read:
  69              	.LFB1:
  39:.\Generated_Source\PSoC5/PDM_CIC_Int_Ctrl_Reg.c **** 
  40:.\Generated_Source\PSoC5/PDM_CIC_Int_Ctrl_Reg.c **** 
  41:.\Generated_Source\PSoC5/PDM_CIC_Int_Ctrl_Reg.c **** /*******************************************************************************
  42:.\Generated_Source\PSoC5/PDM_CIC_Int_Ctrl_Reg.c **** * Function Name: PDM_CIC_Int_Ctrl_Reg_Read
  43:.\Generated_Source\PSoC5/PDM_CIC_Int_Ctrl_Reg.c **** ********************************************************************************
  44:.\Generated_Source\PSoC5/PDM_CIC_Int_Ctrl_Reg.c **** *
  45:.\Generated_Source\PSoC5/PDM_CIC_Int_Ctrl_Reg.c **** * Summary:
ARM GAS  C:\USERS\LUKAS\APPDATA\LOCAL\TEMP\ccPwerNd.s 			page 3


  46:.\Generated_Source\PSoC5/PDM_CIC_Int_Ctrl_Reg.c **** *  Reads the current value assigned to the Control Register.
  47:.\Generated_Source\PSoC5/PDM_CIC_Int_Ctrl_Reg.c **** *
  48:.\Generated_Source\PSoC5/PDM_CIC_Int_Ctrl_Reg.c **** * Parameters:
  49:.\Generated_Source\PSoC5/PDM_CIC_Int_Ctrl_Reg.c **** *  None.
  50:.\Generated_Source\PSoC5/PDM_CIC_Int_Ctrl_Reg.c **** *
  51:.\Generated_Source\PSoC5/PDM_CIC_Int_Ctrl_Reg.c **** * Return:
  52:.\Generated_Source\PSoC5/PDM_CIC_Int_Ctrl_Reg.c **** *  Returns the current value in the Control Register.
  53:.\Generated_Source\PSoC5/PDM_CIC_Int_Ctrl_Reg.c **** *
  54:.\Generated_Source\PSoC5/PDM_CIC_Int_Ctrl_Reg.c **** *******************************************************************************/
  55:.\Generated_Source\PSoC5/PDM_CIC_Int_Ctrl_Reg.c **** uint8 PDM_CIC_Int_Ctrl_Reg_Read(void) 
  56:.\Generated_Source\PSoC5/PDM_CIC_Int_Ctrl_Reg.c **** {
  70              		.loc 1 56 0
  71              		.cfi_startproc
  72              		@ args = 0, pretend = 0, frame = 0
  73              		@ frame_needed = 1, uses_anonymous_args = 0
  74              		@ link register save eliminated.
  75 0000 80B4     		push	{r7}
  76              		.cfi_def_cfa_offset 4
  77              		.cfi_offset 7, -4
  78 0002 00AF     		add	r7, sp, #0
  79              		.cfi_def_cfa_register 7
  57:.\Generated_Source\PSoC5/PDM_CIC_Int_Ctrl_Reg.c ****     return PDM_CIC_Int_Ctrl_Reg_Control;
  80              		.loc 1 57 0
  81 0004 034B     		ldr	r3, .L6
  82 0006 1B78     		ldrb	r3, [r3]
  83 0008 DBB2     		uxtb	r3, r3
  58:.\Generated_Source\PSoC5/PDM_CIC_Int_Ctrl_Reg.c **** }
  84              		.loc 1 58 0
  85 000a 1846     		mov	r0, r3
  86 000c BD46     		mov	sp, r7
  87              		.cfi_def_cfa_register 13
  88              		@ sp needed
  89 000e 5DF8047B 		ldr	r7, [sp], #4
  90              		.cfi_restore 7
  91              		.cfi_def_cfa_offset 0
  92 0012 7047     		bx	lr
  93              	.L7:
  94              		.align	2
  95              	.L6:
  96 0014 7A640040 		.word	1073767546
  97              		.cfi_endproc
  98              	.LFE1:
  99              		.size	PDM_CIC_Int_Ctrl_Reg_Read, .-PDM_CIC_Int_Ctrl_Reg_Read
 100              		.text
 101              	.Letext0:
 102              		.file 2 ".\\Generated_Source\\PSoC5\\cytypes.h"
 103              		.section	.debug_info,"",%progbits
 104              	.Ldebug_info0:
 105 0000 D1000000 		.4byte	0xd1
 106 0004 0400     		.2byte	0x4
 107 0006 00000000 		.4byte	.Ldebug_abbrev0
 108 000a 04       		.byte	0x4
 109 000b 01       		.uleb128 0x1
 110 000c 58000000 		.4byte	.LASF14
 111 0010 01       		.byte	0x1
 112 0011 4E010000 		.4byte	.LASF15
 113 0015 00000000 		.4byte	.LASF16
ARM GAS  C:\USERS\LUKAS\APPDATA\LOCAL\TEMP\ccPwerNd.s 			page 4


 114 0019 00000000 		.4byte	.Ldebug_ranges0+0
 115 001d 00000000 		.4byte	0
 116 0021 00000000 		.4byte	.Ldebug_line0
 117 0025 02       		.uleb128 0x2
 118 0026 01       		.byte	0x1
 119 0027 06       		.byte	0x6
 120 0028 E8010000 		.4byte	.LASF0
 121 002c 02       		.uleb128 0x2
 122 002d 01       		.byte	0x1
 123 002e 08       		.byte	0x8
 124 002f F3000000 		.4byte	.LASF1
 125 0033 02       		.uleb128 0x2
 126 0034 02       		.byte	0x2
 127 0035 05       		.byte	0x5
 128 0036 CF010000 		.4byte	.LASF2
 129 003a 02       		.uleb128 0x2
 130 003b 02       		.byte	0x2
 131 003c 07       		.byte	0x7
 132 003d 18010000 		.4byte	.LASF3
 133 0041 02       		.uleb128 0x2
 134 0042 04       		.byte	0x4
 135 0043 05       		.byte	0x5
 136 0044 DF010000 		.4byte	.LASF4
 137 0048 02       		.uleb128 0x2
 138 0049 04       		.byte	0x4
 139 004a 07       		.byte	0x7
 140 004b 06010000 		.4byte	.LASF5
 141 004f 02       		.uleb128 0x2
 142 0050 08       		.byte	0x8
 143 0051 05       		.byte	0x5
 144 0052 BC010000 		.4byte	.LASF6
 145 0056 02       		.uleb128 0x2
 146 0057 08       		.byte	0x8
 147 0058 07       		.byte	0x7
 148 0059 8B010000 		.4byte	.LASF7
 149 005d 03       		.uleb128 0x3
 150 005e 04       		.byte	0x4
 151 005f 05       		.byte	0x5
 152 0060 696E7400 		.ascii	"int\000"
 153 0064 02       		.uleb128 0x2
 154 0065 04       		.byte	0x4
 155 0066 07       		.byte	0x7
 156 0067 7E010000 		.4byte	.LASF8
 157 006b 04       		.uleb128 0x4
 158 006c D9010000 		.4byte	.LASF12
 159 0070 02       		.byte	0x2
 160 0071 5B       		.byte	0x5b
 161 0072 2C000000 		.4byte	0x2c
 162 0076 02       		.uleb128 0x2
 163 0077 04       		.byte	0x4
 164 0078 04       		.byte	0x4
 165 0079 ED000000 		.4byte	.LASF9
 166 007d 02       		.uleb128 0x2
 167 007e 08       		.byte	0x8
 168 007f 04       		.byte	0x4
 169 0080 E6000000 		.4byte	.LASF10
 170 0084 02       		.uleb128 0x2
ARM GAS  C:\USERS\LUKAS\APPDATA\LOCAL\TEMP\ccPwerNd.s 			page 5


 171 0085 01       		.byte	0x1
 172 0086 08       		.byte	0x8
 173 0087 CA010000 		.4byte	.LASF11
 174 008b 04       		.uleb128 0x4
 175 008c 01010000 		.4byte	.LASF13
 176 0090 02       		.byte	0x2
 177 0091 F0       		.byte	0xf0
 178 0092 96000000 		.4byte	0x96
 179 0096 05       		.uleb128 0x5
 180 0097 6B000000 		.4byte	0x6b
 181 009b 06       		.uleb128 0x6
 182 009c 33010000 		.4byte	.LASF17
 183 00a0 01       		.byte	0x1
 184 00a1 23       		.byte	0x23
 185 00a2 00000000 		.4byte	.LFB0
 186 00a6 20000000 		.4byte	.LFE0-.LFB0
 187 00aa 01       		.uleb128 0x1
 188 00ab 9C       		.byte	0x9c
 189 00ac BF000000 		.4byte	0xbf
 190 00b0 07       		.uleb128 0x7
 191 00b1 2B010000 		.4byte	.LASF18
 192 00b5 01       		.byte	0x1
 193 00b6 23       		.byte	0x23
 194 00b7 6B000000 		.4byte	0x6b
 195 00bb 02       		.uleb128 0x2
 196 00bc 91       		.byte	0x91
 197 00bd 77       		.sleb128 -9
 198 00be 00       		.byte	0
 199 00bf 08       		.uleb128 0x8
 200 00c0 A2010000 		.4byte	.LASF19
 201 00c4 01       		.byte	0x1
 202 00c5 37       		.byte	0x37
 203 00c6 6B000000 		.4byte	0x6b
 204 00ca 00000000 		.4byte	.LFB1
 205 00ce 18000000 		.4byte	.LFE1-.LFB1
 206 00d2 01       		.uleb128 0x1
 207 00d3 9C       		.byte	0x9c
 208 00d4 00       		.byte	0
 209              		.section	.debug_abbrev,"",%progbits
 210              	.Ldebug_abbrev0:
 211 0000 01       		.uleb128 0x1
 212 0001 11       		.uleb128 0x11
 213 0002 01       		.byte	0x1
 214 0003 25       		.uleb128 0x25
 215 0004 0E       		.uleb128 0xe
 216 0005 13       		.uleb128 0x13
 217 0006 0B       		.uleb128 0xb
 218 0007 03       		.uleb128 0x3
 219 0008 0E       		.uleb128 0xe
 220 0009 1B       		.uleb128 0x1b
 221 000a 0E       		.uleb128 0xe
 222 000b 55       		.uleb128 0x55
 223 000c 17       		.uleb128 0x17
 224 000d 11       		.uleb128 0x11
 225 000e 01       		.uleb128 0x1
 226 000f 10       		.uleb128 0x10
 227 0010 17       		.uleb128 0x17
ARM GAS  C:\USERS\LUKAS\APPDATA\LOCAL\TEMP\ccPwerNd.s 			page 6


 228 0011 00       		.byte	0
 229 0012 00       		.byte	0
 230 0013 02       		.uleb128 0x2
 231 0014 24       		.uleb128 0x24
 232 0015 00       		.byte	0
 233 0016 0B       		.uleb128 0xb
 234 0017 0B       		.uleb128 0xb
 235 0018 3E       		.uleb128 0x3e
 236 0019 0B       		.uleb128 0xb
 237 001a 03       		.uleb128 0x3
 238 001b 0E       		.uleb128 0xe
 239 001c 00       		.byte	0
 240 001d 00       		.byte	0
 241 001e 03       		.uleb128 0x3
 242 001f 24       		.uleb128 0x24
 243 0020 00       		.byte	0
 244 0021 0B       		.uleb128 0xb
 245 0022 0B       		.uleb128 0xb
 246 0023 3E       		.uleb128 0x3e
 247 0024 0B       		.uleb128 0xb
 248 0025 03       		.uleb128 0x3
 249 0026 08       		.uleb128 0x8
 250 0027 00       		.byte	0
 251 0028 00       		.byte	0
 252 0029 04       		.uleb128 0x4
 253 002a 16       		.uleb128 0x16
 254 002b 00       		.byte	0
 255 002c 03       		.uleb128 0x3
 256 002d 0E       		.uleb128 0xe
 257 002e 3A       		.uleb128 0x3a
 258 002f 0B       		.uleb128 0xb
 259 0030 3B       		.uleb128 0x3b
 260 0031 0B       		.uleb128 0xb
 261 0032 49       		.uleb128 0x49
 262 0033 13       		.uleb128 0x13
 263 0034 00       		.byte	0
 264 0035 00       		.byte	0
 265 0036 05       		.uleb128 0x5
 266 0037 35       		.uleb128 0x35
 267 0038 00       		.byte	0
 268 0039 49       		.uleb128 0x49
 269 003a 13       		.uleb128 0x13
 270 003b 00       		.byte	0
 271 003c 00       		.byte	0
 272 003d 06       		.uleb128 0x6
 273 003e 2E       		.uleb128 0x2e
 274 003f 01       		.byte	0x1
 275 0040 3F       		.uleb128 0x3f
 276 0041 19       		.uleb128 0x19
 277 0042 03       		.uleb128 0x3
 278 0043 0E       		.uleb128 0xe
 279 0044 3A       		.uleb128 0x3a
 280 0045 0B       		.uleb128 0xb
 281 0046 3B       		.uleb128 0x3b
 282 0047 0B       		.uleb128 0xb
 283 0048 27       		.uleb128 0x27
 284 0049 19       		.uleb128 0x19
ARM GAS  C:\USERS\LUKAS\APPDATA\LOCAL\TEMP\ccPwerNd.s 			page 7


 285 004a 11       		.uleb128 0x11
 286 004b 01       		.uleb128 0x1
 287 004c 12       		.uleb128 0x12
 288 004d 06       		.uleb128 0x6
 289 004e 40       		.uleb128 0x40
 290 004f 18       		.uleb128 0x18
 291 0050 9742     		.uleb128 0x2117
 292 0052 19       		.uleb128 0x19
 293 0053 01       		.uleb128 0x1
 294 0054 13       		.uleb128 0x13
 295 0055 00       		.byte	0
 296 0056 00       		.byte	0
 297 0057 07       		.uleb128 0x7
 298 0058 05       		.uleb128 0x5
 299 0059 00       		.byte	0
 300 005a 03       		.uleb128 0x3
 301 005b 0E       		.uleb128 0xe
 302 005c 3A       		.uleb128 0x3a
 303 005d 0B       		.uleb128 0xb
 304 005e 3B       		.uleb128 0x3b
 305 005f 0B       		.uleb128 0xb
 306 0060 49       		.uleb128 0x49
 307 0061 13       		.uleb128 0x13
 308 0062 02       		.uleb128 0x2
 309 0063 18       		.uleb128 0x18
 310 0064 00       		.byte	0
 311 0065 00       		.byte	0
 312 0066 08       		.uleb128 0x8
 313 0067 2E       		.uleb128 0x2e
 314 0068 00       		.byte	0
 315 0069 3F       		.uleb128 0x3f
 316 006a 19       		.uleb128 0x19
 317 006b 03       		.uleb128 0x3
 318 006c 0E       		.uleb128 0xe
 319 006d 3A       		.uleb128 0x3a
 320 006e 0B       		.uleb128 0xb
 321 006f 3B       		.uleb128 0x3b
 322 0070 0B       		.uleb128 0xb
 323 0071 27       		.uleb128 0x27
 324 0072 19       		.uleb128 0x19
 325 0073 49       		.uleb128 0x49
 326 0074 13       		.uleb128 0x13
 327 0075 11       		.uleb128 0x11
 328 0076 01       		.uleb128 0x1
 329 0077 12       		.uleb128 0x12
 330 0078 06       		.uleb128 0x6
 331 0079 40       		.uleb128 0x40
 332 007a 18       		.uleb128 0x18
 333 007b 9742     		.uleb128 0x2117
 334 007d 19       		.uleb128 0x19
 335 007e 00       		.byte	0
 336 007f 00       		.byte	0
 337 0080 00       		.byte	0
 338              		.section	.debug_aranges,"",%progbits
 339 0000 24000000 		.4byte	0x24
 340 0004 0200     		.2byte	0x2
 341 0006 00000000 		.4byte	.Ldebug_info0
ARM GAS  C:\USERS\LUKAS\APPDATA\LOCAL\TEMP\ccPwerNd.s 			page 8


 342 000a 04       		.byte	0x4
 343 000b 00       		.byte	0
 344 000c 0000     		.2byte	0
 345 000e 0000     		.2byte	0
 346 0010 00000000 		.4byte	.LFB0
 347 0014 20000000 		.4byte	.LFE0-.LFB0
 348 0018 00000000 		.4byte	.LFB1
 349 001c 18000000 		.4byte	.LFE1-.LFB1
 350 0020 00000000 		.4byte	0
 351 0024 00000000 		.4byte	0
 352              		.section	.debug_ranges,"",%progbits
 353              	.Ldebug_ranges0:
 354 0000 00000000 		.4byte	.LFB0
 355 0004 20000000 		.4byte	.LFE0
 356 0008 00000000 		.4byte	.LFB1
 357 000c 18000000 		.4byte	.LFE1
 358 0010 00000000 		.4byte	0
 359 0014 00000000 		.4byte	0
 360              		.section	.debug_line,"",%progbits
 361              	.Ldebug_line0:
 362 0000 7B000000 		.section	.debug_str,"MS",%progbits,1
 362      02005300 
 362      00000201 
 362      FB0E0D00 
 362      01010101 
 363              	.LASF16:
 364 0000 433A5C55 		.ascii	"C:\\Users\\lukas\\Desktop\\PioneerKit_P5LP_USB_Audi"
 364      73657273 
 364      5C6C756B 
 364      61735C44 
 364      65736B74 
 365 002f 6F2D6D61 		.ascii	"o-master\\PioneerKit_P5LP_USB_Audio.cydsn\000"
 365      73746572 
 365      5C50696F 
 365      6E656572 
 365      4B69745F 
 366              	.LASF14:
 367 0058 474E5520 		.ascii	"GNU C 4.9.3 20150303 (release) [ARM/embedded-4_9-br"
 367      4320342E 
 367      392E3320 
 367      32303135 
 367      30333033 
 368 008b 616E6368 		.ascii	"anch revision 221220] -mcpu=cortex-m3 -mthumb -g -O"
 368      20726576 
 368      6973696F 
 368      6E203232 
 368      31323230 
 369 00be 30202D66 		.ascii	"0 -ffunction-sections -ffat-lto-objects\000"
 369      66756E63 
 369      74696F6E 
 369      2D736563 
 369      74696F6E 
 370              	.LASF10:
 371 00e6 646F7562 		.ascii	"double\000"
 371      6C6500
 372              	.LASF9:
 373 00ed 666C6F61 		.ascii	"float\000"
ARM GAS  C:\USERS\LUKAS\APPDATA\LOCAL\TEMP\ccPwerNd.s 			page 9


 373      7400
 374              	.LASF1:
 375 00f3 756E7369 		.ascii	"unsigned char\000"
 375      676E6564 
 375      20636861 
 375      7200
 376              	.LASF13:
 377 0101 72656738 		.ascii	"reg8\000"
 377      00
 378              	.LASF5:
 379 0106 6C6F6E67 		.ascii	"long unsigned int\000"
 379      20756E73 
 379      69676E65 
 379      6420696E 
 379      7400
 380              	.LASF3:
 381 0118 73686F72 		.ascii	"short unsigned int\000"
 381      7420756E 
 381      7369676E 
 381      65642069 
 381      6E7400
 382              	.LASF18:
 383 012b 636F6E74 		.ascii	"control\000"
 383      726F6C00 
 384              	.LASF17:
 385 0133 50444D5F 		.ascii	"PDM_CIC_Int_Ctrl_Reg_Write\000"
 385      4349435F 
 385      496E745F 
 385      4374726C 
 385      5F526567 
 386              	.LASF15:
 387 014e 2E5C4765 		.ascii	".\\Generated_Source\\PSoC5\\PDM_CIC_Int_Ctrl_Reg.c\000"
 387      6E657261 
 387      7465645F 
 387      536F7572 
 387      63655C50 
 388              	.LASF8:
 389 017e 756E7369 		.ascii	"unsigned int\000"
 389      676E6564 
 389      20696E74 
 389      00
 390              	.LASF7:
 391 018b 6C6F6E67 		.ascii	"long long unsigned int\000"
 391      206C6F6E 
 391      6720756E 
 391      7369676E 
 391      65642069 
 392              	.LASF19:
 393 01a2 50444D5F 		.ascii	"PDM_CIC_Int_Ctrl_Reg_Read\000"
 393      4349435F 
 393      496E745F 
 393      4374726C 
 393      5F526567 
 394              	.LASF6:
 395 01bc 6C6F6E67 		.ascii	"long long int\000"
 395      206C6F6E 
 395      6720696E 
ARM GAS  C:\USERS\LUKAS\APPDATA\LOCAL\TEMP\ccPwerNd.s 			page 10


 395      7400
 396              	.LASF11:
 397 01ca 63686172 		.ascii	"char\000"
 397      00
 398              	.LASF2:
 399 01cf 73686F72 		.ascii	"short int\000"
 399      7420696E 
 399      7400
 400              	.LASF12:
 401 01d9 75696E74 		.ascii	"uint8\000"
 401      3800
 402              	.LASF4:
 403 01df 6C6F6E67 		.ascii	"long int\000"
 403      20696E74 
 403      00
 404              	.LASF0:
 405 01e8 7369676E 		.ascii	"signed char\000"
 405      65642063 
 405      68617200 
 406              		.ident	"GCC: (GNU Tools for ARM Embedded Processors) 4.9.3 20150303 (release) [ARM/embedded-4_9-br
