ARM GAS  C:\USERS\LUKAS\APPDATA\LOCAL\TEMP\ccIv6LF0.s 			page 1


   1              		.syntax unified
   2              		.cpu cortex-m3
   3              		.fpu softvfp
   4              		.eabi_attribute 20, 1
   5              		.eabi_attribute 21, 1
   6              		.eabi_attribute 23, 3
   7              		.eabi_attribute 24, 1
   8              		.eabi_attribute 25, 1
   9              		.eabi_attribute 26, 1
  10              		.eabi_attribute 30, 6
  11              		.eabi_attribute 34, 1
  12              		.eabi_attribute 18, 4
  13              		.thumb
  14              		.file	"SDA.c"
  15              		.text
  16              	.Ltext0:
  17              		.cfi_sections	.debug_frame
  18              		.section	.text.SDA_Write,"ax",%progbits
  19              		.align	2
  20              		.global	SDA_Write
  21              		.thumb
  22              		.thumb_func
  23              		.type	SDA_Write, %function
  24              	SDA_Write:
  25              	.LFB0:
  26              		.file 1 ".\\Generated_Source\\PSoC5\\SDA.c"
   1:.\Generated_Source\PSoC5/SDA.c **** /*******************************************************************************
   2:.\Generated_Source\PSoC5/SDA.c **** * File Name: SDA.c  
   3:.\Generated_Source\PSoC5/SDA.c **** * Version 1.90
   4:.\Generated_Source\PSoC5/SDA.c **** *
   5:.\Generated_Source\PSoC5/SDA.c **** * Description:
   6:.\Generated_Source\PSoC5/SDA.c **** *  This file contains API to enable firmware control of a Pins component.
   7:.\Generated_Source\PSoC5/SDA.c **** *
   8:.\Generated_Source\PSoC5/SDA.c **** * Note:
   9:.\Generated_Source\PSoC5/SDA.c **** *
  10:.\Generated_Source\PSoC5/SDA.c **** ********************************************************************************
  11:.\Generated_Source\PSoC5/SDA.c **** * Copyright 2008-2012, Cypress Semiconductor Corporation.  All rights reserved.
  12:.\Generated_Source\PSoC5/SDA.c **** * You may use this file only in accordance with the license, terms, conditions, 
  13:.\Generated_Source\PSoC5/SDA.c **** * disclaimers, and limitations in the end user license agreement accompanying 
  14:.\Generated_Source\PSoC5/SDA.c **** * the software package with which this file was provided.
  15:.\Generated_Source\PSoC5/SDA.c **** *******************************************************************************/
  16:.\Generated_Source\PSoC5/SDA.c **** 
  17:.\Generated_Source\PSoC5/SDA.c **** #include "cytypes.h"
  18:.\Generated_Source\PSoC5/SDA.c **** #include "SDA.h"
  19:.\Generated_Source\PSoC5/SDA.c **** 
  20:.\Generated_Source\PSoC5/SDA.c **** /* APIs are not generated for P15[7:6] on PSoC 5 */
  21:.\Generated_Source\PSoC5/SDA.c **** #if !(CY_PSOC5A &&\
  22:.\Generated_Source\PSoC5/SDA.c **** 	 SDA__PORT == 15 && ((SDA__MASK & 0xC0) != 0))
  23:.\Generated_Source\PSoC5/SDA.c **** 
  24:.\Generated_Source\PSoC5/SDA.c **** 
  25:.\Generated_Source\PSoC5/SDA.c **** /*******************************************************************************
  26:.\Generated_Source\PSoC5/SDA.c **** * Function Name: SDA_Write
  27:.\Generated_Source\PSoC5/SDA.c **** ********************************************************************************
  28:.\Generated_Source\PSoC5/SDA.c **** *
  29:.\Generated_Source\PSoC5/SDA.c **** * Summary:
  30:.\Generated_Source\PSoC5/SDA.c **** *  Assign a new value to the digital port's data output register.  
  31:.\Generated_Source\PSoC5/SDA.c **** *
ARM GAS  C:\USERS\LUKAS\APPDATA\LOCAL\TEMP\ccIv6LF0.s 			page 2


  32:.\Generated_Source\PSoC5/SDA.c **** * Parameters:  
  33:.\Generated_Source\PSoC5/SDA.c **** *  prtValue:  The value to be assigned to the Digital Port. 
  34:.\Generated_Source\PSoC5/SDA.c **** *
  35:.\Generated_Source\PSoC5/SDA.c **** * Return: 
  36:.\Generated_Source\PSoC5/SDA.c **** *  None
  37:.\Generated_Source\PSoC5/SDA.c **** *  
  38:.\Generated_Source\PSoC5/SDA.c **** *******************************************************************************/
  39:.\Generated_Source\PSoC5/SDA.c **** void SDA_Write(uint8 value) 
  40:.\Generated_Source\PSoC5/SDA.c **** {
  27              		.loc 1 40 0
  28              		.cfi_startproc
  29              		@ args = 0, pretend = 0, frame = 16
  30              		@ frame_needed = 1, uses_anonymous_args = 0
  31              		@ link register save eliminated.
  32 0000 80B4     		push	{r7}
  33              		.cfi_def_cfa_offset 4
  34              		.cfi_offset 7, -4
  35 0002 85B0     		sub	sp, sp, #20
  36              		.cfi_def_cfa_offset 24
  37 0004 00AF     		add	r7, sp, #0
  38              		.cfi_def_cfa_register 7
  39 0006 0346     		mov	r3, r0
  40 0008 FB71     		strb	r3, [r7, #7]
  41:.\Generated_Source\PSoC5/SDA.c ****     uint8 staticBits = (SDA_DR & (uint8)(~SDA_MASK));
  41              		.loc 1 41 0
  42 000a 094B     		ldr	r3, .L2
  43 000c 1B78     		ldrb	r3, [r3]
  44 000e DBB2     		uxtb	r3, r3
  45 0010 03F07F03 		and	r3, r3, #127
  46 0014 FB73     		strb	r3, [r7, #15]
  42:.\Generated_Source\PSoC5/SDA.c ****     SDA_DR = staticBits | ((uint8)(value << SDA_SHIFT) & SDA_MASK);
  47              		.loc 1 42 0
  48 0016 0649     		ldr	r1, .L2
  49 0018 FB79     		ldrb	r3, [r7, #7]
  50 001a DB01     		lsls	r3, r3, #7
  51 001c DAB2     		uxtb	r2, r3
  52 001e FB7B     		ldrb	r3, [r7, #15]
  53 0020 1343     		orrs	r3, r3, r2
  54 0022 DBB2     		uxtb	r3, r3
  55 0024 0B70     		strb	r3, [r1]
  43:.\Generated_Source\PSoC5/SDA.c **** }
  56              		.loc 1 43 0
  57 0026 1437     		adds	r7, r7, #20
  58              		.cfi_def_cfa_offset 4
  59 0028 BD46     		mov	sp, r7
  60              		.cfi_def_cfa_register 13
  61              		@ sp needed
  62 002a 5DF8047B 		ldr	r7, [sp], #4
  63              		.cfi_restore 7
  64              		.cfi_def_cfa_offset 0
  65 002e 7047     		bx	lr
  66              	.L3:
  67              		.align	2
  68              	.L2:
  69 0030 00510040 		.word	1073762560
  70              		.cfi_endproc
  71              	.LFE0:
ARM GAS  C:\USERS\LUKAS\APPDATA\LOCAL\TEMP\ccIv6LF0.s 			page 3


  72              		.size	SDA_Write, .-SDA_Write
  73              		.section	.text.SDA_SetDriveMode,"ax",%progbits
  74              		.align	2
  75              		.global	SDA_SetDriveMode
  76              		.thumb
  77              		.thumb_func
  78              		.type	SDA_SetDriveMode, %function
  79              	SDA_SetDriveMode:
  80              	.LFB1:
  44:.\Generated_Source\PSoC5/SDA.c **** 
  45:.\Generated_Source\PSoC5/SDA.c **** 
  46:.\Generated_Source\PSoC5/SDA.c **** /*******************************************************************************
  47:.\Generated_Source\PSoC5/SDA.c **** * Function Name: SDA_SetDriveMode
  48:.\Generated_Source\PSoC5/SDA.c **** ********************************************************************************
  49:.\Generated_Source\PSoC5/SDA.c **** *
  50:.\Generated_Source\PSoC5/SDA.c **** * Summary:
  51:.\Generated_Source\PSoC5/SDA.c **** *  Change the drive mode on the pins of the port.
  52:.\Generated_Source\PSoC5/SDA.c **** * 
  53:.\Generated_Source\PSoC5/SDA.c **** * Parameters:  
  54:.\Generated_Source\PSoC5/SDA.c **** *  mode:  Change the pins to this drive mode.
  55:.\Generated_Source\PSoC5/SDA.c **** *
  56:.\Generated_Source\PSoC5/SDA.c **** * Return: 
  57:.\Generated_Source\PSoC5/SDA.c **** *  None
  58:.\Generated_Source\PSoC5/SDA.c **** *
  59:.\Generated_Source\PSoC5/SDA.c **** *******************************************************************************/
  60:.\Generated_Source\PSoC5/SDA.c **** void SDA_SetDriveMode(uint8 mode) 
  61:.\Generated_Source\PSoC5/SDA.c **** {
  81              		.loc 1 61 0
  82              		.cfi_startproc
  83              		@ args = 0, pretend = 0, frame = 8
  84              		@ frame_needed = 1, uses_anonymous_args = 0
  85              		@ link register save eliminated.
  86 0000 80B4     		push	{r7}
  87              		.cfi_def_cfa_offset 4
  88              		.cfi_offset 7, -4
  89 0002 83B0     		sub	sp, sp, #12
  90              		.cfi_def_cfa_offset 16
  91 0004 00AF     		add	r7, sp, #0
  92              		.cfi_def_cfa_register 7
  93 0006 0346     		mov	r3, r0
  94 0008 FB71     		strb	r3, [r7, #7]
  62:.\Generated_Source\PSoC5/SDA.c **** 	CyPins_SetPinDriveMode(SDA_0, mode);
  95              		.loc 1 62 0
  96 000a 0A4B     		ldr	r3, .L5
  97 000c 094A     		ldr	r2, .L5
  98 000e 1278     		ldrb	r2, [r2]
  99 0010 D2B2     		uxtb	r2, r2
 100 0012 D2B2     		uxtb	r2, r2
 101 0014 22F00E02 		bic	r2, r2, #14
 102 0018 D1B2     		uxtb	r1, r2
 103 001a FA79     		ldrb	r2, [r7, #7]	@ zero_extendqisi2
 104 001c 02F00E02 		and	r2, r2, #14
 105 0020 D2B2     		uxtb	r2, r2
 106 0022 0A43     		orrs	r2, r2, r1
 107 0024 D2B2     		uxtb	r2, r2
 108 0026 D2B2     		uxtb	r2, r2
 109 0028 1A70     		strb	r2, [r3]
ARM GAS  C:\USERS\LUKAS\APPDATA\LOCAL\TEMP\ccIv6LF0.s 			page 4


  63:.\Generated_Source\PSoC5/SDA.c **** }
 110              		.loc 1 63 0
 111 002a 0C37     		adds	r7, r7, #12
 112              		.cfi_def_cfa_offset 4
 113 002c BD46     		mov	sp, r7
 114              		.cfi_def_cfa_register 13
 115              		@ sp needed
 116 002e 5DF8047B 		ldr	r7, [sp], #4
 117              		.cfi_restore 7
 118              		.cfi_def_cfa_offset 0
 119 0032 7047     		bx	lr
 120              	.L6:
 121              		.align	2
 122              	.L5:
 123 0034 07500040 		.word	1073762311
 124              		.cfi_endproc
 125              	.LFE1:
 126              		.size	SDA_SetDriveMode, .-SDA_SetDriveMode
 127              		.section	.text.SDA_Read,"ax",%progbits
 128              		.align	2
 129              		.global	SDA_Read
 130              		.thumb
 131              		.thumb_func
 132              		.type	SDA_Read, %function
 133              	SDA_Read:
 134              	.LFB2:
  64:.\Generated_Source\PSoC5/SDA.c **** 
  65:.\Generated_Source\PSoC5/SDA.c **** 
  66:.\Generated_Source\PSoC5/SDA.c **** /*******************************************************************************
  67:.\Generated_Source\PSoC5/SDA.c **** * Function Name: SDA_Read
  68:.\Generated_Source\PSoC5/SDA.c **** ********************************************************************************
  69:.\Generated_Source\PSoC5/SDA.c **** *
  70:.\Generated_Source\PSoC5/SDA.c **** * Summary:
  71:.\Generated_Source\PSoC5/SDA.c **** *  Read the current value on the pins of the Digital Port in right justified 
  72:.\Generated_Source\PSoC5/SDA.c **** *  form.
  73:.\Generated_Source\PSoC5/SDA.c **** *
  74:.\Generated_Source\PSoC5/SDA.c **** * Parameters:  
  75:.\Generated_Source\PSoC5/SDA.c **** *  None
  76:.\Generated_Source\PSoC5/SDA.c **** *
  77:.\Generated_Source\PSoC5/SDA.c **** * Return: 
  78:.\Generated_Source\PSoC5/SDA.c **** *  Returns the current value of the Digital Port as a right justified number
  79:.\Generated_Source\PSoC5/SDA.c **** *  
  80:.\Generated_Source\PSoC5/SDA.c **** * Note:
  81:.\Generated_Source\PSoC5/SDA.c **** *  Macro SDA_ReadPS calls this function. 
  82:.\Generated_Source\PSoC5/SDA.c **** *  
  83:.\Generated_Source\PSoC5/SDA.c **** *******************************************************************************/
  84:.\Generated_Source\PSoC5/SDA.c **** uint8 SDA_Read(void) 
  85:.\Generated_Source\PSoC5/SDA.c **** {
 135              		.loc 1 85 0
 136              		.cfi_startproc
 137              		@ args = 0, pretend = 0, frame = 0
 138              		@ frame_needed = 1, uses_anonymous_args = 0
 139              		@ link register save eliminated.
 140 0000 80B4     		push	{r7}
 141              		.cfi_def_cfa_offset 4
 142              		.cfi_offset 7, -4
 143 0002 00AF     		add	r7, sp, #0
ARM GAS  C:\USERS\LUKAS\APPDATA\LOCAL\TEMP\ccIv6LF0.s 			page 5


 144              		.cfi_def_cfa_register 7
  86:.\Generated_Source\PSoC5/SDA.c ****     return (SDA_PS & SDA_MASK) >> SDA_SHIFT;
 145              		.loc 1 86 0
 146 0004 044B     		ldr	r3, .L9
 147 0006 1B78     		ldrb	r3, [r3]
 148 0008 DBB2     		uxtb	r3, r3
 149 000a DB09     		lsrs	r3, r3, #7
 150 000c DBB2     		uxtb	r3, r3
  87:.\Generated_Source\PSoC5/SDA.c **** }
 151              		.loc 1 87 0
 152 000e 1846     		mov	r0, r3
 153 0010 BD46     		mov	sp, r7
 154              		.cfi_def_cfa_register 13
 155              		@ sp needed
 156 0012 5DF8047B 		ldr	r7, [sp], #4
 157              		.cfi_restore 7
 158              		.cfi_def_cfa_offset 0
 159 0016 7047     		bx	lr
 160              	.L10:
 161              		.align	2
 162              	.L9:
 163 0018 01510040 		.word	1073762561
 164              		.cfi_endproc
 165              	.LFE2:
 166              		.size	SDA_Read, .-SDA_Read
 167              		.section	.text.SDA_ReadDataReg,"ax",%progbits
 168              		.align	2
 169              		.global	SDA_ReadDataReg
 170              		.thumb
 171              		.thumb_func
 172              		.type	SDA_ReadDataReg, %function
 173              	SDA_ReadDataReg:
 174              	.LFB3:
  88:.\Generated_Source\PSoC5/SDA.c **** 
  89:.\Generated_Source\PSoC5/SDA.c **** 
  90:.\Generated_Source\PSoC5/SDA.c **** /*******************************************************************************
  91:.\Generated_Source\PSoC5/SDA.c **** * Function Name: SDA_ReadDataReg
  92:.\Generated_Source\PSoC5/SDA.c **** ********************************************************************************
  93:.\Generated_Source\PSoC5/SDA.c **** *
  94:.\Generated_Source\PSoC5/SDA.c **** * Summary:
  95:.\Generated_Source\PSoC5/SDA.c **** *  Read the current value assigned to a Digital Port's data output register
  96:.\Generated_Source\PSoC5/SDA.c **** *
  97:.\Generated_Source\PSoC5/SDA.c **** * Parameters:  
  98:.\Generated_Source\PSoC5/SDA.c **** *  None 
  99:.\Generated_Source\PSoC5/SDA.c **** *
 100:.\Generated_Source\PSoC5/SDA.c **** * Return: 
 101:.\Generated_Source\PSoC5/SDA.c **** *  Returns the current value assigned to the Digital Port's data output register
 102:.\Generated_Source\PSoC5/SDA.c **** *  
 103:.\Generated_Source\PSoC5/SDA.c **** *******************************************************************************/
 104:.\Generated_Source\PSoC5/SDA.c **** uint8 SDA_ReadDataReg(void) 
 105:.\Generated_Source\PSoC5/SDA.c **** {
 175              		.loc 1 105 0
 176              		.cfi_startproc
 177              		@ args = 0, pretend = 0, frame = 0
 178              		@ frame_needed = 1, uses_anonymous_args = 0
 179              		@ link register save eliminated.
 180 0000 80B4     		push	{r7}
ARM GAS  C:\USERS\LUKAS\APPDATA\LOCAL\TEMP\ccIv6LF0.s 			page 6


 181              		.cfi_def_cfa_offset 4
 182              		.cfi_offset 7, -4
 183 0002 00AF     		add	r7, sp, #0
 184              		.cfi_def_cfa_register 7
 106:.\Generated_Source\PSoC5/SDA.c ****     return (SDA_DR & SDA_MASK) >> SDA_SHIFT;
 185              		.loc 1 106 0
 186 0004 044B     		ldr	r3, .L13
 187 0006 1B78     		ldrb	r3, [r3]
 188 0008 DBB2     		uxtb	r3, r3
 189 000a DB09     		lsrs	r3, r3, #7
 190 000c DBB2     		uxtb	r3, r3
 107:.\Generated_Source\PSoC5/SDA.c **** }
 191              		.loc 1 107 0
 192 000e 1846     		mov	r0, r3
 193 0010 BD46     		mov	sp, r7
 194              		.cfi_def_cfa_register 13
 195              		@ sp needed
 196 0012 5DF8047B 		ldr	r7, [sp], #4
 197              		.cfi_restore 7
 198              		.cfi_def_cfa_offset 0
 199 0016 7047     		bx	lr
 200              	.L14:
 201              		.align	2
 202              	.L13:
 203 0018 00510040 		.word	1073762560
 204              		.cfi_endproc
 205              	.LFE3:
 206              		.size	SDA_ReadDataReg, .-SDA_ReadDataReg
 207              		.text
 208              	.Letext0:
 209              		.file 2 ".\\Generated_Source\\PSoC5\\cytypes.h"
 210              		.section	.debug_info,"",%progbits
 211              	.Ldebug_info0:
 212 0000 18010000 		.4byte	0x118
 213 0004 0400     		.2byte	0x4
 214 0006 00000000 		.4byte	.Ldebug_abbrev0
 215 000a 04       		.byte	0x4
 216 000b 01       		.uleb128 0x1
 217 000c 72000000 		.4byte	.LASF20
 218 0010 01       		.byte	0x1
 219 0011 9B010000 		.4byte	.LASF21
 220 0015 00000000 		.4byte	.LASF22
 221 0019 00000000 		.4byte	.Ldebug_ranges0+0
 222 001d 00000000 		.4byte	0
 223 0021 00000000 		.4byte	.Ldebug_line0
 224 0025 02       		.uleb128 0x2
 225 0026 01       		.byte	0x1
 226 0027 06       		.byte	0x6
 227 0028 C3010000 		.4byte	.LASF0
 228 002c 02       		.uleb128 0x2
 229 002d 01       		.byte	0x1
 230 002e 08       		.byte	0x8
 231 002f 06010000 		.4byte	.LASF1
 232 0033 02       		.uleb128 0x2
 233 0034 02       		.byte	0x2
 234 0035 05       		.byte	0x5
 235 0036 8B010000 		.4byte	.LASF2
ARM GAS  C:\USERS\LUKAS\APPDATA\LOCAL\TEMP\ccIv6LF0.s 			page 7


 236 003a 02       		.uleb128 0x2
 237 003b 02       		.byte	0x2
 238 003c 07       		.byte	0x7
 239 003d 2B010000 		.4byte	.LASF3
 240 0041 02       		.uleb128 0x2
 241 0042 04       		.byte	0x4
 242 0043 05       		.byte	0x5
 243 0044 BA010000 		.4byte	.LASF4
 244 0048 02       		.uleb128 0x2
 245 0049 04       		.byte	0x4
 246 004a 07       		.byte	0x7
 247 004b 19010000 		.4byte	.LASF5
 248 004f 02       		.uleb128 0x2
 249 0050 08       		.byte	0x8
 250 0051 05       		.byte	0x5
 251 0052 6E010000 		.4byte	.LASF6
 252 0056 02       		.uleb128 0x2
 253 0057 08       		.byte	0x8
 254 0058 07       		.byte	0x7
 255 0059 52010000 		.4byte	.LASF7
 256 005d 03       		.uleb128 0x3
 257 005e 04       		.byte	0x4
 258 005f 05       		.byte	0x5
 259 0060 696E7400 		.ascii	"int\000"
 260 0064 02       		.uleb128 0x2
 261 0065 04       		.byte	0x4
 262 0066 07       		.byte	0x7
 263 0067 45010000 		.4byte	.LASF8
 264 006b 04       		.uleb128 0x4
 265 006c 95010000 		.4byte	.LASF12
 266 0070 02       		.byte	0x2
 267 0071 5B       		.byte	0x5b
 268 0072 2C000000 		.4byte	0x2c
 269 0076 02       		.uleb128 0x2
 270 0077 04       		.byte	0x4
 271 0078 04       		.byte	0x4
 272 0079 00010000 		.4byte	.LASF9
 273 007d 02       		.uleb128 0x2
 274 007e 08       		.byte	0x8
 275 007f 04       		.byte	0x4
 276 0080 3E010000 		.4byte	.LASF10
 277 0084 02       		.uleb128 0x2
 278 0085 01       		.byte	0x1
 279 0086 08       		.byte	0x8
 280 0087 7C010000 		.4byte	.LASF11
 281 008b 04       		.uleb128 0x4
 282 008c 14010000 		.4byte	.LASF13
 283 0090 02       		.byte	0x2
 284 0091 F0       		.byte	0xf0
 285 0092 96000000 		.4byte	0x96
 286 0096 05       		.uleb128 0x5
 287 0097 6B000000 		.4byte	0x6b
 288 009b 06       		.uleb128 0x6
 289 009c 81010000 		.4byte	.LASF14
 290 00a0 01       		.byte	0x1
 291 00a1 27       		.byte	0x27
 292 00a2 00000000 		.4byte	.LFB0
ARM GAS  C:\USERS\LUKAS\APPDATA\LOCAL\TEMP\ccIv6LF0.s 			page 8


 293 00a6 34000000 		.4byte	.LFE0-.LFB0
 294 00aa 01       		.uleb128 0x1
 295 00ab 9C       		.byte	0x9c
 296 00ac CD000000 		.4byte	0xcd
 297 00b0 07       		.uleb128 0x7
 298 00b1 61000000 		.4byte	.LASF16
 299 00b5 01       		.byte	0x1
 300 00b6 27       		.byte	0x27
 301 00b7 6B000000 		.4byte	0x6b
 302 00bb 02       		.uleb128 0x2
 303 00bc 91       		.byte	0x91
 304 00bd 6F       		.sleb128 -17
 305 00be 08       		.uleb128 0x8
 306 00bf 67000000 		.4byte	.LASF23
 307 00c3 01       		.byte	0x1
 308 00c4 29       		.byte	0x29
 309 00c5 6B000000 		.4byte	0x6b
 310 00c9 02       		.uleb128 0x2
 311 00ca 91       		.byte	0x91
 312 00cb 77       		.sleb128 -9
 313 00cc 00       		.byte	0
 314 00cd 06       		.uleb128 0x6
 315 00ce CF010000 		.4byte	.LASF15
 316 00d2 01       		.byte	0x1
 317 00d3 3C       		.byte	0x3c
 318 00d4 00000000 		.4byte	.LFB1
 319 00d8 38000000 		.4byte	.LFE1-.LFB1
 320 00dc 01       		.uleb128 0x1
 321 00dd 9C       		.byte	0x9c
 322 00de F1000000 		.4byte	0xf1
 323 00e2 07       		.uleb128 0x7
 324 00e3 69010000 		.4byte	.LASF17
 325 00e7 01       		.byte	0x1
 326 00e8 3C       		.byte	0x3c
 327 00e9 6B000000 		.4byte	0x6b
 328 00ed 02       		.uleb128 0x2
 329 00ee 91       		.byte	0x91
 330 00ef 77       		.sleb128 -9
 331 00f0 00       		.byte	0
 332 00f1 09       		.uleb128 0x9
 333 00f2 58000000 		.4byte	.LASF18
 334 00f6 01       		.byte	0x1
 335 00f7 54       		.byte	0x54
 336 00f8 6B000000 		.4byte	0x6b
 337 00fc 00000000 		.4byte	.LFB2
 338 0100 1C000000 		.4byte	.LFE2-.LFB2
 339 0104 01       		.uleb128 0x1
 340 0105 9C       		.byte	0x9c
 341 0106 09       		.uleb128 0x9
 342 0107 E0010000 		.4byte	.LASF19
 343 010b 01       		.byte	0x1
 344 010c 68       		.byte	0x68
 345 010d 6B000000 		.4byte	0x6b
 346 0111 00000000 		.4byte	.LFB3
 347 0115 1C000000 		.4byte	.LFE3-.LFB3
 348 0119 01       		.uleb128 0x1
 349 011a 9C       		.byte	0x9c
ARM GAS  C:\USERS\LUKAS\APPDATA\LOCAL\TEMP\ccIv6LF0.s 			page 9


 350 011b 00       		.byte	0
 351              		.section	.debug_abbrev,"",%progbits
 352              	.Ldebug_abbrev0:
 353 0000 01       		.uleb128 0x1
 354 0001 11       		.uleb128 0x11
 355 0002 01       		.byte	0x1
 356 0003 25       		.uleb128 0x25
 357 0004 0E       		.uleb128 0xe
 358 0005 13       		.uleb128 0x13
 359 0006 0B       		.uleb128 0xb
 360 0007 03       		.uleb128 0x3
 361 0008 0E       		.uleb128 0xe
 362 0009 1B       		.uleb128 0x1b
 363 000a 0E       		.uleb128 0xe
 364 000b 55       		.uleb128 0x55
 365 000c 17       		.uleb128 0x17
 366 000d 11       		.uleb128 0x11
 367 000e 01       		.uleb128 0x1
 368 000f 10       		.uleb128 0x10
 369 0010 17       		.uleb128 0x17
 370 0011 00       		.byte	0
 371 0012 00       		.byte	0
 372 0013 02       		.uleb128 0x2
 373 0014 24       		.uleb128 0x24
 374 0015 00       		.byte	0
 375 0016 0B       		.uleb128 0xb
 376 0017 0B       		.uleb128 0xb
 377 0018 3E       		.uleb128 0x3e
 378 0019 0B       		.uleb128 0xb
 379 001a 03       		.uleb128 0x3
 380 001b 0E       		.uleb128 0xe
 381 001c 00       		.byte	0
 382 001d 00       		.byte	0
 383 001e 03       		.uleb128 0x3
 384 001f 24       		.uleb128 0x24
 385 0020 00       		.byte	0
 386 0021 0B       		.uleb128 0xb
 387 0022 0B       		.uleb128 0xb
 388 0023 3E       		.uleb128 0x3e
 389 0024 0B       		.uleb128 0xb
 390 0025 03       		.uleb128 0x3
 391 0026 08       		.uleb128 0x8
 392 0027 00       		.byte	0
 393 0028 00       		.byte	0
 394 0029 04       		.uleb128 0x4
 395 002a 16       		.uleb128 0x16
 396 002b 00       		.byte	0
 397 002c 03       		.uleb128 0x3
 398 002d 0E       		.uleb128 0xe
 399 002e 3A       		.uleb128 0x3a
 400 002f 0B       		.uleb128 0xb
 401 0030 3B       		.uleb128 0x3b
 402 0031 0B       		.uleb128 0xb
 403 0032 49       		.uleb128 0x49
 404 0033 13       		.uleb128 0x13
 405 0034 00       		.byte	0
 406 0035 00       		.byte	0
ARM GAS  C:\USERS\LUKAS\APPDATA\LOCAL\TEMP\ccIv6LF0.s 			page 10


 407 0036 05       		.uleb128 0x5
 408 0037 35       		.uleb128 0x35
 409 0038 00       		.byte	0
 410 0039 49       		.uleb128 0x49
 411 003a 13       		.uleb128 0x13
 412 003b 00       		.byte	0
 413 003c 00       		.byte	0
 414 003d 06       		.uleb128 0x6
 415 003e 2E       		.uleb128 0x2e
 416 003f 01       		.byte	0x1
 417 0040 3F       		.uleb128 0x3f
 418 0041 19       		.uleb128 0x19
 419 0042 03       		.uleb128 0x3
 420 0043 0E       		.uleb128 0xe
 421 0044 3A       		.uleb128 0x3a
 422 0045 0B       		.uleb128 0xb
 423 0046 3B       		.uleb128 0x3b
 424 0047 0B       		.uleb128 0xb
 425 0048 27       		.uleb128 0x27
 426 0049 19       		.uleb128 0x19
 427 004a 11       		.uleb128 0x11
 428 004b 01       		.uleb128 0x1
 429 004c 12       		.uleb128 0x12
 430 004d 06       		.uleb128 0x6
 431 004e 40       		.uleb128 0x40
 432 004f 18       		.uleb128 0x18
 433 0050 9742     		.uleb128 0x2117
 434 0052 19       		.uleb128 0x19
 435 0053 01       		.uleb128 0x1
 436 0054 13       		.uleb128 0x13
 437 0055 00       		.byte	0
 438 0056 00       		.byte	0
 439 0057 07       		.uleb128 0x7
 440 0058 05       		.uleb128 0x5
 441 0059 00       		.byte	0
 442 005a 03       		.uleb128 0x3
 443 005b 0E       		.uleb128 0xe
 444 005c 3A       		.uleb128 0x3a
 445 005d 0B       		.uleb128 0xb
 446 005e 3B       		.uleb128 0x3b
 447 005f 0B       		.uleb128 0xb
 448 0060 49       		.uleb128 0x49
 449 0061 13       		.uleb128 0x13
 450 0062 02       		.uleb128 0x2
 451 0063 18       		.uleb128 0x18
 452 0064 00       		.byte	0
 453 0065 00       		.byte	0
 454 0066 08       		.uleb128 0x8
 455 0067 34       		.uleb128 0x34
 456 0068 00       		.byte	0
 457 0069 03       		.uleb128 0x3
 458 006a 0E       		.uleb128 0xe
 459 006b 3A       		.uleb128 0x3a
 460 006c 0B       		.uleb128 0xb
 461 006d 3B       		.uleb128 0x3b
 462 006e 0B       		.uleb128 0xb
 463 006f 49       		.uleb128 0x49
ARM GAS  C:\USERS\LUKAS\APPDATA\LOCAL\TEMP\ccIv6LF0.s 			page 11


 464 0070 13       		.uleb128 0x13
 465 0071 02       		.uleb128 0x2
 466 0072 18       		.uleb128 0x18
 467 0073 00       		.byte	0
 468 0074 00       		.byte	0
 469 0075 09       		.uleb128 0x9
 470 0076 2E       		.uleb128 0x2e
 471 0077 00       		.byte	0
 472 0078 3F       		.uleb128 0x3f
 473 0079 19       		.uleb128 0x19
 474 007a 03       		.uleb128 0x3
 475 007b 0E       		.uleb128 0xe
 476 007c 3A       		.uleb128 0x3a
 477 007d 0B       		.uleb128 0xb
 478 007e 3B       		.uleb128 0x3b
 479 007f 0B       		.uleb128 0xb
 480 0080 27       		.uleb128 0x27
 481 0081 19       		.uleb128 0x19
 482 0082 49       		.uleb128 0x49
 483 0083 13       		.uleb128 0x13
 484 0084 11       		.uleb128 0x11
 485 0085 01       		.uleb128 0x1
 486 0086 12       		.uleb128 0x12
 487 0087 06       		.uleb128 0x6
 488 0088 40       		.uleb128 0x40
 489 0089 18       		.uleb128 0x18
 490 008a 9742     		.uleb128 0x2117
 491 008c 19       		.uleb128 0x19
 492 008d 00       		.byte	0
 493 008e 00       		.byte	0
 494 008f 00       		.byte	0
 495              		.section	.debug_aranges,"",%progbits
 496 0000 34000000 		.4byte	0x34
 497 0004 0200     		.2byte	0x2
 498 0006 00000000 		.4byte	.Ldebug_info0
 499 000a 04       		.byte	0x4
 500 000b 00       		.byte	0
 501 000c 0000     		.2byte	0
 502 000e 0000     		.2byte	0
 503 0010 00000000 		.4byte	.LFB0
 504 0014 34000000 		.4byte	.LFE0-.LFB0
 505 0018 00000000 		.4byte	.LFB1
 506 001c 38000000 		.4byte	.LFE1-.LFB1
 507 0020 00000000 		.4byte	.LFB2
 508 0024 1C000000 		.4byte	.LFE2-.LFB2
 509 0028 00000000 		.4byte	.LFB3
 510 002c 1C000000 		.4byte	.LFE3-.LFB3
 511 0030 00000000 		.4byte	0
 512 0034 00000000 		.4byte	0
 513              		.section	.debug_ranges,"",%progbits
 514              	.Ldebug_ranges0:
 515 0000 00000000 		.4byte	.LFB0
 516 0004 34000000 		.4byte	.LFE0
 517 0008 00000000 		.4byte	.LFB1
 518 000c 38000000 		.4byte	.LFE1
 519 0010 00000000 		.4byte	.LFB2
 520 0014 1C000000 		.4byte	.LFE2
ARM GAS  C:\USERS\LUKAS\APPDATA\LOCAL\TEMP\ccIv6LF0.s 			page 12


 521 0018 00000000 		.4byte	.LFB3
 522 001c 1C000000 		.4byte	.LFE3
 523 0020 00000000 		.4byte	0
 524 0024 00000000 		.4byte	0
 525              		.section	.debug_line,"",%progbits
 526              	.Ldebug_line0:
 527 0000 8F000000 		.section	.debug_str,"MS",%progbits,1
 527      02004200 
 527      00000201 
 527      FB0E0D00 
 527      01010101 
 528              	.LASF22:
 529 0000 433A5C55 		.ascii	"C:\\Users\\lukas\\Desktop\\PioneerKit_P5LP_USB_Audi"
 529      73657273 
 529      5C6C756B 
 529      61735C44 
 529      65736B74 
 530 002f 6F2D6D61 		.ascii	"o-master\\PioneerKit_P5LP_USB_Audio.cydsn\000"
 530      73746572 
 530      5C50696F 
 530      6E656572 
 530      4B69745F 
 531              	.LASF18:
 532 0058 5344415F 		.ascii	"SDA_Read\000"
 532      52656164 
 532      00
 533              	.LASF16:
 534 0061 76616C75 		.ascii	"value\000"
 534      6500
 535              	.LASF23:
 536 0067 73746174 		.ascii	"staticBits\000"
 536      69634269 
 536      747300
 537              	.LASF20:
 538 0072 474E5520 		.ascii	"GNU C 4.9.3 20150303 (release) [ARM/embedded-4_9-br"
 538      4320342E 
 538      392E3320 
 538      32303135 
 538      30333033 
 539 00a5 616E6368 		.ascii	"anch revision 221220] -mcpu=cortex-m3 -mthumb -g -O"
 539      20726576 
 539      6973696F 
 539      6E203232 
 539      31323230 
 540 00d8 30202D66 		.ascii	"0 -ffunction-sections -ffat-lto-objects\000"
 540      66756E63 
 540      74696F6E 
 540      2D736563 
 540      74696F6E 
 541              	.LASF9:
 542 0100 666C6F61 		.ascii	"float\000"
 542      7400
 543              	.LASF1:
 544 0106 756E7369 		.ascii	"unsigned char\000"
 544      676E6564 
 544      20636861 
 544      7200
ARM GAS  C:\USERS\LUKAS\APPDATA\LOCAL\TEMP\ccIv6LF0.s 			page 13


 545              	.LASF13:
 546 0114 72656738 		.ascii	"reg8\000"
 546      00
 547              	.LASF5:
 548 0119 6C6F6E67 		.ascii	"long unsigned int\000"
 548      20756E73 
 548      69676E65 
 548      6420696E 
 548      7400
 549              	.LASF3:
 550 012b 73686F72 		.ascii	"short unsigned int\000"
 550      7420756E 
 550      7369676E 
 550      65642069 
 550      6E7400
 551              	.LASF10:
 552 013e 646F7562 		.ascii	"double\000"
 552      6C6500
 553              	.LASF8:
 554 0145 756E7369 		.ascii	"unsigned int\000"
 554      676E6564 
 554      20696E74 
 554      00
 555              	.LASF7:
 556 0152 6C6F6E67 		.ascii	"long long unsigned int\000"
 556      206C6F6E 
 556      6720756E 
 556      7369676E 
 556      65642069 
 557              	.LASF17:
 558 0169 6D6F6465 		.ascii	"mode\000"
 558      00
 559              	.LASF6:
 560 016e 6C6F6E67 		.ascii	"long long int\000"
 560      206C6F6E 
 560      6720696E 
 560      7400
 561              	.LASF11:
 562 017c 63686172 		.ascii	"char\000"
 562      00
 563              	.LASF14:
 564 0181 5344415F 		.ascii	"SDA_Write\000"
 564      57726974 
 564      6500
 565              	.LASF2:
 566 018b 73686F72 		.ascii	"short int\000"
 566      7420696E 
 566      7400
 567              	.LASF12:
 568 0195 75696E74 		.ascii	"uint8\000"
 568      3800
 569              	.LASF21:
 570 019b 2E5C4765 		.ascii	".\\Generated_Source\\PSoC5\\SDA.c\000"
 570      6E657261 
 570      7465645F 
 570      536F7572 
 570      63655C50 
ARM GAS  C:\USERS\LUKAS\APPDATA\LOCAL\TEMP\ccIv6LF0.s 			page 14


 571              	.LASF4:
 572 01ba 6C6F6E67 		.ascii	"long int\000"
 572      20696E74 
 572      00
 573              	.LASF0:
 574 01c3 7369676E 		.ascii	"signed char\000"
 574      65642063 
 574      68617200 
 575              	.LASF15:
 576 01cf 5344415F 		.ascii	"SDA_SetDriveMode\000"
 576      53657444 
 576      72697665 
 576      4D6F6465 
 576      00
 577              	.LASF19:
 578 01e0 5344415F 		.ascii	"SDA_ReadDataReg\000"
 578      52656164 
 578      44617461 
 578      52656700 
 579              		.ident	"GCC: (GNU Tools for ARM Embedded Processors) 4.9.3 20150303 (release) [ARM/embedded-4_9-br
