ARM GAS  C:\USERS\LUKAS\APPDATA\LOCAL\TEMP\ccLey1x9.s 			page 1


   1              		.syntax unified
   2              		.cpu cortex-m3
   3              		.fpu softvfp
   4              		.eabi_attribute 20, 1
   5              		.eabi_attribute 21, 1
   6              		.eabi_attribute 23, 3
   7              		.eabi_attribute 24, 1
   8              		.eabi_attribute 25, 1
   9              		.eabi_attribute 26, 1
  10              		.eabi_attribute 30, 6
  11              		.eabi_attribute 34, 1
  12              		.eabi_attribute 18, 4
  13              		.thumb
  14              		.file	"USBFS_cls.c"
  15              		.text
  16              	.Ltext0:
  17              		.cfi_sections	.debug_frame
  18              		.section	.text.USBFS_DispatchClassRqst,"ax",%progbits
  19              		.align	2
  20              		.global	USBFS_DispatchClassRqst
  21              		.thumb
  22              		.thumb_func
  23              		.type	USBFS_DispatchClassRqst, %function
  24              	USBFS_DispatchClassRqst:
  25              	.LFB0:
  26              		.file 1 ".\\Generated_Source\\PSoC5\\USBFS_cls.c"
   1:.\Generated_Source\PSoC5/USBFS_cls.c **** /*******************************************************************************
   2:.\Generated_Source\PSoC5/USBFS_cls.c **** * File Name: USBFS_cls.c
   3:.\Generated_Source\PSoC5/USBFS_cls.c **** * Version 2.50
   4:.\Generated_Source\PSoC5/USBFS_cls.c **** *
   5:.\Generated_Source\PSoC5/USBFS_cls.c **** * Description:
   6:.\Generated_Source\PSoC5/USBFS_cls.c **** *  USB Class request handler.
   7:.\Generated_Source\PSoC5/USBFS_cls.c **** *
   8:.\Generated_Source\PSoC5/USBFS_cls.c **** * Note:
   9:.\Generated_Source\PSoC5/USBFS_cls.c **** *
  10:.\Generated_Source\PSoC5/USBFS_cls.c **** ********************************************************************************
  11:.\Generated_Source\PSoC5/USBFS_cls.c **** * Copyright 2008-2012, Cypress Semiconductor Corporation.  All rights reserved.
  12:.\Generated_Source\PSoC5/USBFS_cls.c **** * You may use this file only in accordance with the license, terms, conditions,
  13:.\Generated_Source\PSoC5/USBFS_cls.c **** * disclaimers, and limitations in the end user license agreement accompanying
  14:.\Generated_Source\PSoC5/USBFS_cls.c **** * the software package with which this file was provided.
  15:.\Generated_Source\PSoC5/USBFS_cls.c **** *******************************************************************************/
  16:.\Generated_Source\PSoC5/USBFS_cls.c **** 
  17:.\Generated_Source\PSoC5/USBFS_cls.c **** #include "USBFS.h"
  18:.\Generated_Source\PSoC5/USBFS_cls.c **** 
  19:.\Generated_Source\PSoC5/USBFS_cls.c **** #if(USBFS_EXTERN_CLS == USBFS_FALSE)
  20:.\Generated_Source\PSoC5/USBFS_cls.c **** 
  21:.\Generated_Source\PSoC5/USBFS_cls.c **** 
  22:.\Generated_Source\PSoC5/USBFS_cls.c **** /***************************************
  23:.\Generated_Source\PSoC5/USBFS_cls.c **** * External references
  24:.\Generated_Source\PSoC5/USBFS_cls.c **** ***************************************/
  25:.\Generated_Source\PSoC5/USBFS_cls.c **** 
  26:.\Generated_Source\PSoC5/USBFS_cls.c **** #if defined(USBFS_ENABLE_HID_CLASS)
  27:.\Generated_Source\PSoC5/USBFS_cls.c ****     uint8 USBFS_DispatchHIDClassRqst(void);
  28:.\Generated_Source\PSoC5/USBFS_cls.c **** #endif /* End USBFS_ENABLE_HID_CLASS */
  29:.\Generated_Source\PSoC5/USBFS_cls.c **** #if defined(USBFS_ENABLE_AUDIO_CLASS)
  30:.\Generated_Source\PSoC5/USBFS_cls.c ****     uint8 USBFS_DispatchAUDIOClassRqst(void);
  31:.\Generated_Source\PSoC5/USBFS_cls.c **** #endif /* End USBFS_ENABLE_HID_CLASS */
ARM GAS  C:\USERS\LUKAS\APPDATA\LOCAL\TEMP\ccLey1x9.s 			page 2


  32:.\Generated_Source\PSoC5/USBFS_cls.c **** #if defined(USBFS_ENABLE_CDC_CLASS)
  33:.\Generated_Source\PSoC5/USBFS_cls.c ****     uint8 USBFS_DispatchCDCClassRqst(void);
  34:.\Generated_Source\PSoC5/USBFS_cls.c **** #endif /* End USBFS_ENABLE_CDC_CLASS */
  35:.\Generated_Source\PSoC5/USBFS_cls.c **** 
  36:.\Generated_Source\PSoC5/USBFS_cls.c **** extern uint8 CYCODE *USBFS_interfaceClass;
  37:.\Generated_Source\PSoC5/USBFS_cls.c **** extern volatile T_USBFS_EP_CTL_BLOCK USBFS_EP[];
  38:.\Generated_Source\PSoC5/USBFS_cls.c **** 
  39:.\Generated_Source\PSoC5/USBFS_cls.c **** 
  40:.\Generated_Source\PSoC5/USBFS_cls.c **** /***************************************
  41:.\Generated_Source\PSoC5/USBFS_cls.c **** * User Implemented Class Driver Declarations.
  42:.\Generated_Source\PSoC5/USBFS_cls.c **** ***************************************/
  43:.\Generated_Source\PSoC5/USBFS_cls.c **** /* `#START USER_DEFINED_CLASS_DECLARATIONS` Place your declaration here */
  44:.\Generated_Source\PSoC5/USBFS_cls.c **** 
  45:.\Generated_Source\PSoC5/USBFS_cls.c **** /* `#END` */
  46:.\Generated_Source\PSoC5/USBFS_cls.c **** 
  47:.\Generated_Source\PSoC5/USBFS_cls.c **** 
  48:.\Generated_Source\PSoC5/USBFS_cls.c **** /*******************************************************************************
  49:.\Generated_Source\PSoC5/USBFS_cls.c **** * Function Name: USBFS_DispatchClassRqst
  50:.\Generated_Source\PSoC5/USBFS_cls.c **** ********************************************************************************
  51:.\Generated_Source\PSoC5/USBFS_cls.c **** * Summary:
  52:.\Generated_Source\PSoC5/USBFS_cls.c **** *  This routine dispatches class specific requests depend on inteface class.
  53:.\Generated_Source\PSoC5/USBFS_cls.c **** *
  54:.\Generated_Source\PSoC5/USBFS_cls.c **** * Parameters:
  55:.\Generated_Source\PSoC5/USBFS_cls.c **** *  None.
  56:.\Generated_Source\PSoC5/USBFS_cls.c **** *
  57:.\Generated_Source\PSoC5/USBFS_cls.c **** * Return:
  58:.\Generated_Source\PSoC5/USBFS_cls.c **** *  requestHandled.
  59:.\Generated_Source\PSoC5/USBFS_cls.c **** *
  60:.\Generated_Source\PSoC5/USBFS_cls.c **** * Reentrant:
  61:.\Generated_Source\PSoC5/USBFS_cls.c **** *  No.
  62:.\Generated_Source\PSoC5/USBFS_cls.c **** *
  63:.\Generated_Source\PSoC5/USBFS_cls.c **** *******************************************************************************/
  64:.\Generated_Source\PSoC5/USBFS_cls.c **** uint8 USBFS_DispatchClassRqst() 
  65:.\Generated_Source\PSoC5/USBFS_cls.c **** {
  27              		.loc 1 65 0
  28              		.cfi_startproc
  29              		@ args = 0, pretend = 0, frame = 8
  30              		@ frame_needed = 1, uses_anonymous_args = 0
  31 0000 80B5     		push	{r7, lr}
  32              		.cfi_def_cfa_offset 8
  33              		.cfi_offset 7, -8
  34              		.cfi_offset 14, -4
  35 0002 82B0     		sub	sp, sp, #8
  36              		.cfi_def_cfa_offset 16
  37 0004 00AF     		add	r7, sp, #0
  38              		.cfi_def_cfa_register 7
  66:.\Generated_Source\PSoC5/USBFS_cls.c ****     uint8 requestHandled = USBFS_FALSE;
  39              		.loc 1 66 0
  40 0006 0023     		movs	r3, #0
  41 0008 FB71     		strb	r3, [r7, #7]
  67:.\Generated_Source\PSoC5/USBFS_cls.c ****     uint8 interfaceNumber = 0u;
  42              		.loc 1 67 0
  43 000a 0023     		movs	r3, #0
  44 000c BB71     		strb	r3, [r7, #6]
  68:.\Generated_Source\PSoC5/USBFS_cls.c **** 
  69:.\Generated_Source\PSoC5/USBFS_cls.c ****     switch(CY_GET_REG8(USBFS_bmRequestType) & USBFS_RQST_RCPT_MASK)
  45              		.loc 1 69 0
ARM GAS  C:\USERS\LUKAS\APPDATA\LOCAL\TEMP\ccLey1x9.s 			page 3


  46 000e 1C4B     		ldr	r3, .L13
  47 0010 1B78     		ldrb	r3, [r3]
  48 0012 DBB2     		uxtb	r3, r3
  49 0014 03F00303 		and	r3, r3, #3
  50 0018 012B     		cmp	r3, #1
  51 001a 02D0     		beq	.L3
  52 001c 022B     		cmp	r3, #2
  53 001e 04D0     		beq	.L4
  70:.\Generated_Source\PSoC5/USBFS_cls.c ****     {
  71:.\Generated_Source\PSoC5/USBFS_cls.c ****         case USBFS_RQST_RCPT_IFC:        /* class-specific request directed to an interface */
  72:.\Generated_Source\PSoC5/USBFS_cls.c ****             interfaceNumber = CY_GET_REG8(USBFS_wIndexLo); /* wIndexLo contain Interface number */
  73:.\Generated_Source\PSoC5/USBFS_cls.c ****             break;
  74:.\Generated_Source\PSoC5/USBFS_cls.c ****         case USBFS_RQST_RCPT_EP:         /* class-specific request directed to the endpoint */
  75:.\Generated_Source\PSoC5/USBFS_cls.c ****             /* find related intenface to the endpoint, wIndexLo contain EP number */
  76:.\Generated_Source\PSoC5/USBFS_cls.c ****             interfaceNumber =
  77:.\Generated_Source\PSoC5/USBFS_cls.c ****                 USBFS_EP[CY_GET_REG8(USBFS_wIndexLo) & USBFS_DIR_UNUSED].interface;
  78:.\Generated_Source\PSoC5/USBFS_cls.c ****             break;
  79:.\Generated_Source\PSoC5/USBFS_cls.c ****         default:    /* requestHandled is initialized as FALSE by default */
  80:.\Generated_Source\PSoC5/USBFS_cls.c ****             break;
  54              		.loc 1 80 0
  55 0020 12E0     		b	.L5
  56              	.L3:
  72:.\Generated_Source\PSoC5/USBFS_cls.c ****             break;
  57              		.loc 1 72 0
  58 0022 184B     		ldr	r3, .L13+4
  59 0024 1B78     		ldrb	r3, [r3]
  60 0026 BB71     		strb	r3, [r7, #6]
  73:.\Generated_Source\PSoC5/USBFS_cls.c ****         case USBFS_RQST_RCPT_EP:         /* class-specific request directed to the endpoint */
  61              		.loc 1 73 0
  62 0028 0EE0     		b	.L5
  63              	.L4:
  77:.\Generated_Source\PSoC5/USBFS_cls.c ****             break;
  64              		.loc 1 77 0
  65 002a 164B     		ldr	r3, .L13+4
  66 002c 1B78     		ldrb	r3, [r3]
  67 002e DBB2     		uxtb	r3, r3
  68 0030 03F07F02 		and	r2, r3, #127
  76:.\Generated_Source\PSoC5/USBFS_cls.c ****                 USBFS_EP[CY_GET_REG8(USBFS_wIndexLo) & USBFS_DIR_UNUSED].interface;
  69              		.loc 1 76 0
  70 0034 1449     		ldr	r1, .L13+8
  71 0036 1346     		mov	r3, r2
  72 0038 5B00     		lsls	r3, r3, #1
  73 003a 1344     		add	r3, r3, r2
  74 003c 9B00     		lsls	r3, r3, #2
  75 003e 0B44     		add	r3, r3, r1
  76 0040 0833     		adds	r3, r3, #8
  77 0042 9B78     		ldrb	r3, [r3, #2]
  78 0044 BB71     		strb	r3, [r7, #6]
  78:.\Generated_Source\PSoC5/USBFS_cls.c ****         default:    /* requestHandled is initialized as FALSE by default */
  79              		.loc 1 78 0
  80 0046 00BF     		nop
  81              	.L5:
  81:.\Generated_Source\PSoC5/USBFS_cls.c ****     }
  82:.\Generated_Source\PSoC5/USBFS_cls.c ****     /* Handle Class request depend on interface type */
  83:.\Generated_Source\PSoC5/USBFS_cls.c ****     switch(USBFS_interfaceClass[interfaceNumber])
  82              		.loc 1 83 0
  83 0048 104B     		ldr	r3, .L13+12
ARM GAS  C:\USERS\LUKAS\APPDATA\LOCAL\TEMP\ccLey1x9.s 			page 4


  84 004a 1A68     		ldr	r2, [r3]
  85 004c BB79     		ldrb	r3, [r7, #6]	@ zero_extendqisi2
  86 004e 1344     		add	r3, r3, r2
  87 0050 1B78     		ldrb	r3, [r3]	@ zero_extendqisi2
  88 0052 022B     		cmp	r3, #2
  89 0054 0ED0     		beq	.L12
  90 0056 032B     		cmp	r3, #3
  91 0058 02D0     		beq	.L8
  92 005a 012B     		cmp	r3, #1
  93 005c 05D0     		beq	.L9
  84:.\Generated_Source\PSoC5/USBFS_cls.c ****     {
  85:.\Generated_Source\PSoC5/USBFS_cls.c ****         case USBFS_CLASS_HID:
  86:.\Generated_Source\PSoC5/USBFS_cls.c ****             #if defined(USBFS_ENABLE_HID_CLASS)
  87:.\Generated_Source\PSoC5/USBFS_cls.c ****                 requestHandled = USBFS_DispatchHIDClassRqst();
  88:.\Generated_Source\PSoC5/USBFS_cls.c ****             #endif /* USBFS_ENABLE_HID_CLASS */
  89:.\Generated_Source\PSoC5/USBFS_cls.c ****             break;
  90:.\Generated_Source\PSoC5/USBFS_cls.c ****         case USBFS_CLASS_AUDIO:
  91:.\Generated_Source\PSoC5/USBFS_cls.c ****             #if defined(USBFS_ENABLE_AUDIO_CLASS)
  92:.\Generated_Source\PSoC5/USBFS_cls.c ****                 requestHandled = USBFS_DispatchAUDIOClassRqst();
  93:.\Generated_Source\PSoC5/USBFS_cls.c ****             #endif /* USBFS_ENABLE_HID_CLASS */
  94:.\Generated_Source\PSoC5/USBFS_cls.c ****             break;
  95:.\Generated_Source\PSoC5/USBFS_cls.c ****         case USBFS_CLASS_CDC:
  96:.\Generated_Source\PSoC5/USBFS_cls.c ****             #if defined(USBFS_ENABLE_CDC_CLASS)
  97:.\Generated_Source\PSoC5/USBFS_cls.c ****                 requestHandled = USBFS_DispatchCDCClassRqst();
  98:.\Generated_Source\PSoC5/USBFS_cls.c ****             #endif /* USBFS_ENABLE_CDC_CLASS */
  99:.\Generated_Source\PSoC5/USBFS_cls.c ****             break;
 100:.\Generated_Source\PSoC5/USBFS_cls.c ****         default:    /* requestHandled is initialezed as FALSE by default */
 101:.\Generated_Source\PSoC5/USBFS_cls.c ****             break;
  94              		.loc 1 101 0
  95 005e 0AE0     		b	.L10
  96              	.L8:
  87:.\Generated_Source\PSoC5/USBFS_cls.c ****             #endif /* USBFS_ENABLE_HID_CLASS */
  97              		.loc 1 87 0
  98 0060 FFF7FEFF 		bl	USBFS_DispatchHIDClassRqst
  99 0064 0346     		mov	r3, r0
 100 0066 FB71     		strb	r3, [r7, #7]
  89:.\Generated_Source\PSoC5/USBFS_cls.c ****         case USBFS_CLASS_AUDIO:
 101              		.loc 1 89 0
 102 0068 05E0     		b	.L10
 103              	.L9:
  92:.\Generated_Source\PSoC5/USBFS_cls.c ****             #endif /* USBFS_ENABLE_HID_CLASS */
 104              		.loc 1 92 0
 105 006a FFF7FEFF 		bl	USBFS_DispatchAUDIOClassRqst
 106 006e 0346     		mov	r3, r0
 107 0070 FB71     		strb	r3, [r7, #7]
  94:.\Generated_Source\PSoC5/USBFS_cls.c ****         case USBFS_CLASS_CDC:
 108              		.loc 1 94 0
 109 0072 00E0     		b	.L10
 110              	.L12:
  99:.\Generated_Source\PSoC5/USBFS_cls.c ****         default:    /* requestHandled is initialezed as FALSE by default */
 111              		.loc 1 99 0
 112 0074 00BF     		nop
 113              	.L10:
 102:.\Generated_Source\PSoC5/USBFS_cls.c ****     }
 103:.\Generated_Source\PSoC5/USBFS_cls.c **** 
 104:.\Generated_Source\PSoC5/USBFS_cls.c ****     /* `#START USER_DEFINED_CLASS_CODE` Place your Class request here */
 105:.\Generated_Source\PSoC5/USBFS_cls.c **** 
ARM GAS  C:\USERS\LUKAS\APPDATA\LOCAL\TEMP\ccLey1x9.s 			page 5


 106:.\Generated_Source\PSoC5/USBFS_cls.c ****     /* `#END` */
 107:.\Generated_Source\PSoC5/USBFS_cls.c **** 
 108:.\Generated_Source\PSoC5/USBFS_cls.c ****     return(requestHandled);
 114              		.loc 1 108 0
 115 0076 FB79     		ldrb	r3, [r7, #7]	@ zero_extendqisi2
 109:.\Generated_Source\PSoC5/USBFS_cls.c **** }
 116              		.loc 1 109 0
 117 0078 1846     		mov	r0, r3
 118 007a 0837     		adds	r7, r7, #8
 119              		.cfi_def_cfa_offset 8
 120 007c BD46     		mov	sp, r7
 121              		.cfi_def_cfa_register 13
 122              		@ sp needed
 123 007e 80BD     		pop	{r7, pc}
 124              	.L14:
 125              		.align	2
 126              	.L13:
 127 0080 00600040 		.word	1073766400
 128 0084 04600040 		.word	1073766404
 129 0088 00000000 		.word	USBFS_EP
 130 008c 00000000 		.word	USBFS_interfaceClass
 131              		.cfi_endproc
 132              	.LFE0:
 133              		.size	USBFS_DispatchClassRqst, .-USBFS_DispatchClassRqst
 134              		.text
 135              	.Letext0:
 136              		.file 2 ".\\Generated_Source\\PSoC5\\cytypes.h"
 137              		.file 3 ".\\Generated_Source\\PSoC5\\USBFS.h"
 138              		.section	.debug_info,"",%progbits
 139              	.Ldebug_info0:
 140 0000 90010000 		.4byte	0x190
 141 0004 0400     		.2byte	0x4
 142 0006 00000000 		.4byte	.Ldebug_abbrev0
 143 000a 04       		.byte	0x4
 144 000b 01       		.uleb128 0x1
 145 000c 0E010000 		.4byte	.LASF30
 146 0010 01       		.byte	0x1
 147 0011 64020000 		.4byte	.LASF31
 148 0015 00000000 		.4byte	.LASF32
 149 0019 00000000 		.4byte	.Ldebug_ranges0+0
 150 001d 00000000 		.4byte	0
 151 0021 00000000 		.4byte	.Ldebug_line0
 152 0025 02       		.uleb128 0x2
 153 0026 01       		.byte	0x1
 154 0027 06       		.byte	0x6
 155 0028 58020000 		.4byte	.LASF0
 156 002c 02       		.uleb128 0x2
 157 002d 01       		.byte	0x1
 158 002e 08       		.byte	0x8
 159 002f 00010000 		.4byte	.LASF1
 160 0033 02       		.uleb128 0x2
 161 0034 02       		.byte	0x2
 162 0035 05       		.byte	0x5
 163 0036 35020000 		.4byte	.LASF2
 164 003a 02       		.uleb128 0x2
 165 003b 02       		.byte	0x2
 166 003c 07       		.byte	0x7
ARM GAS  C:\USERS\LUKAS\APPDATA\LOCAL\TEMP\ccLey1x9.s 			page 6


 167 003d 58000000 		.4byte	.LASF3
 168 0041 02       		.uleb128 0x2
 169 0042 04       		.byte	0x4
 170 0043 05       		.byte	0x5
 171 0044 4F020000 		.4byte	.LASF4
 172 0048 02       		.uleb128 0x2
 173 0049 04       		.byte	0x4
 174 004a 07       		.byte	0x7
 175 004b D0000000 		.4byte	.LASF5
 176 004f 02       		.uleb128 0x2
 177 0050 08       		.byte	0x8
 178 0051 05       		.byte	0x5
 179 0052 17020000 		.4byte	.LASF6
 180 0056 02       		.uleb128 0x2
 181 0057 08       		.byte	0x8
 182 0058 07       		.byte	0x7
 183 0059 D4010000 		.4byte	.LASF7
 184 005d 03       		.uleb128 0x3
 185 005e 04       		.byte	0x4
 186 005f 05       		.byte	0x5
 187 0060 696E7400 		.ascii	"int\000"
 188 0064 02       		.uleb128 0x2
 189 0065 04       		.byte	0x4
 190 0066 07       		.byte	0x7
 191 0067 C7010000 		.4byte	.LASF8
 192 006b 04       		.uleb128 0x4
 193 006c 3F020000 		.4byte	.LASF9
 194 0070 02       		.byte	0x2
 195 0071 5B       		.byte	0x5b
 196 0072 2C000000 		.4byte	0x2c
 197 0076 04       		.uleb128 0x4
 198 0077 B5010000 		.4byte	.LASF10
 199 007b 02       		.byte	0x2
 200 007c 5C       		.byte	0x5c
 201 007d 3A000000 		.4byte	0x3a
 202 0081 02       		.uleb128 0x2
 203 0082 04       		.byte	0x4
 204 0083 04       		.byte	0x4
 205 0084 8F000000 		.4byte	.LASF11
 206 0088 02       		.uleb128 0x2
 207 0089 08       		.byte	0x8
 208 008a 04       		.byte	0x4
 209 008b 9C010000 		.4byte	.LASF12
 210 008f 02       		.uleb128 0x2
 211 0090 01       		.byte	0x1
 212 0091 08       		.byte	0x8
 213 0092 25020000 		.4byte	.LASF13
 214 0096 04       		.uleb128 0x4
 215 0097 B3000000 		.4byte	.LASF14
 216 009b 02       		.byte	0x2
 217 009c F0       		.byte	0xf0
 218 009d A1000000 		.4byte	0xa1
 219 00a1 05       		.uleb128 0x5
 220 00a2 6B000000 		.4byte	0x6b
 221 00a6 02       		.uleb128 0x2
 222 00a7 04       		.byte	0x4
 223 00a8 07       		.byte	0x7
ARM GAS  C:\USERS\LUKAS\APPDATA\LOCAL\TEMP\ccLey1x9.s 			page 7


 224 00a9 07020000 		.4byte	.LASF15
 225 00ad 06       		.uleb128 0x6
 226 00ae F5010000 		.4byte	.LASF33
 227 00b2 0C       		.byte	0xc
 228 00b3 03       		.byte	0x3
 229 00b4 79       		.byte	0x79
 230 00b5 26010000 		.4byte	0x126
 231 00b9 07       		.uleb128 0x7
 232 00ba A3010000 		.4byte	.LASF16
 233 00be 03       		.byte	0x3
 234 00bf 7B       		.byte	0x7b
 235 00c0 6B000000 		.4byte	0x6b
 236 00c4 00       		.byte	0
 237 00c5 07       		.uleb128 0x7
 238 00c6 BC010000 		.4byte	.LASF17
 239 00ca 03       		.byte	0x3
 240 00cb 7C       		.byte	0x7c
 241 00cc 6B000000 		.4byte	0x6b
 242 00d0 01       		.byte	0x1
 243 00d1 07       		.uleb128 0x7
 244 00d2 EB010000 		.4byte	.LASF18
 245 00d6 03       		.byte	0x3
 246 00d7 7D       		.byte	0x7d
 247 00d8 6B000000 		.4byte	0x6b
 248 00dc 02       		.byte	0x2
 249 00dd 07       		.uleb128 0x7
 250 00de 95000000 		.4byte	.LASF19
 251 00e2 03       		.byte	0x3
 252 00e3 7E       		.byte	0x7e
 253 00e4 6B000000 		.4byte	0x6b
 254 00e8 03       		.byte	0x3
 255 00e9 07       		.uleb128 0x7
 256 00ea E2000000 		.4byte	.LASF20
 257 00ee 03       		.byte	0x3
 258 00ef 7F       		.byte	0x7f
 259 00f0 6B000000 		.4byte	0x6b
 260 00f4 04       		.byte	0x4
 261 00f5 07       		.uleb128 0x7
 262 00f6 10020000 		.4byte	.LASF21
 263 00fa 03       		.byte	0x3
 264 00fb 80       		.byte	0x80
 265 00fc 6B000000 		.4byte	0x6b
 266 0100 05       		.byte	0x5
 267 0101 07       		.uleb128 0x7
 268 0102 AA010000 		.4byte	.LASF22
 269 0106 03       		.byte	0x3
 270 0107 81       		.byte	0x81
 271 0108 76000000 		.4byte	0x76
 272 010c 06       		.byte	0x6
 273 010d 07       		.uleb128 0x7
 274 010e 2A020000 		.4byte	.LASF23
 275 0112 03       		.byte	0x3
 276 0113 82       		.byte	0x82
 277 0114 76000000 		.4byte	0x76
 278 0118 08       		.byte	0x8
 279 0119 07       		.uleb128 0x7
 280 011a 45020000 		.4byte	.LASF24
ARM GAS  C:\USERS\LUKAS\APPDATA\LOCAL\TEMP\ccLey1x9.s 			page 8


 281 011e 03       		.byte	0x3
 282 011f 83       		.byte	0x83
 283 0120 6B000000 		.4byte	0x6b
 284 0124 0A       		.byte	0xa
 285 0125 00       		.byte	0
 286 0126 04       		.uleb128 0x4
 287 0127 6B000000 		.4byte	.LASF25
 288 012b 03       		.byte	0x3
 289 012c 84       		.byte	0x84
 290 012d AD000000 		.4byte	0xad
 291 0131 08       		.uleb128 0x8
 292 0132 B8000000 		.4byte	.LASF34
 293 0136 01       		.byte	0x1
 294 0137 40       		.byte	0x40
 295 0138 6B000000 		.4byte	0x6b
 296 013c 00000000 		.4byte	.LFB0
 297 0140 90000000 		.4byte	.LFE0-.LFB0
 298 0144 01       		.uleb128 0x1
 299 0145 9C       		.byte	0x9c
 300 0146 67010000 		.4byte	0x167
 301 014a 09       		.uleb128 0x9
 302 014b 80000000 		.4byte	.LASF26
 303 014f 01       		.byte	0x1
 304 0150 42       		.byte	0x42
 305 0151 6B000000 		.4byte	0x6b
 306 0155 02       		.uleb128 0x2
 307 0156 91       		.byte	0x91
 308 0157 77       		.sleb128 -9
 309 0158 09       		.uleb128 0x9
 310 0159 E7000000 		.4byte	.LASF27
 311 015d 01       		.byte	0x1
 312 015e 43       		.byte	0x43
 313 015f 6B000000 		.4byte	0x6b
 314 0163 02       		.uleb128 0x2
 315 0164 91       		.byte	0x91
 316 0165 76       		.sleb128 -10
 317 0166 00       		.byte	0
 318 0167 0A       		.uleb128 0xa
 319 0168 9E000000 		.4byte	.LASF28
 320 016c 01       		.byte	0x1
 321 016d 24       		.byte	0x24
 322 016e 72010000 		.4byte	0x172
 323 0172 0B       		.uleb128 0xb
 324 0173 04       		.byte	0x4
 325 0174 6B000000 		.4byte	0x6b
 326 0178 0C       		.uleb128 0xc
 327 0179 26010000 		.4byte	0x126
 328 017d 83010000 		.4byte	0x183
 329 0181 0D       		.uleb128 0xd
 330 0182 00       		.byte	0
 331 0183 0A       		.uleb128 0xa
 332 0184 F7000000 		.4byte	.LASF29
 333 0188 01       		.byte	0x1
 334 0189 25       		.byte	0x25
 335 018a 8E010000 		.4byte	0x18e
 336 018e 05       		.uleb128 0x5
 337 018f 78010000 		.4byte	0x178
ARM GAS  C:\USERS\LUKAS\APPDATA\LOCAL\TEMP\ccLey1x9.s 			page 9


 338 0193 00       		.byte	0
 339              		.section	.debug_abbrev,"",%progbits
 340              	.Ldebug_abbrev0:
 341 0000 01       		.uleb128 0x1
 342 0001 11       		.uleb128 0x11
 343 0002 01       		.byte	0x1
 344 0003 25       		.uleb128 0x25
 345 0004 0E       		.uleb128 0xe
 346 0005 13       		.uleb128 0x13
 347 0006 0B       		.uleb128 0xb
 348 0007 03       		.uleb128 0x3
 349 0008 0E       		.uleb128 0xe
 350 0009 1B       		.uleb128 0x1b
 351 000a 0E       		.uleb128 0xe
 352 000b 55       		.uleb128 0x55
 353 000c 17       		.uleb128 0x17
 354 000d 11       		.uleb128 0x11
 355 000e 01       		.uleb128 0x1
 356 000f 10       		.uleb128 0x10
 357 0010 17       		.uleb128 0x17
 358 0011 00       		.byte	0
 359 0012 00       		.byte	0
 360 0013 02       		.uleb128 0x2
 361 0014 24       		.uleb128 0x24
 362 0015 00       		.byte	0
 363 0016 0B       		.uleb128 0xb
 364 0017 0B       		.uleb128 0xb
 365 0018 3E       		.uleb128 0x3e
 366 0019 0B       		.uleb128 0xb
 367 001a 03       		.uleb128 0x3
 368 001b 0E       		.uleb128 0xe
 369 001c 00       		.byte	0
 370 001d 00       		.byte	0
 371 001e 03       		.uleb128 0x3
 372 001f 24       		.uleb128 0x24
 373 0020 00       		.byte	0
 374 0021 0B       		.uleb128 0xb
 375 0022 0B       		.uleb128 0xb
 376 0023 3E       		.uleb128 0x3e
 377 0024 0B       		.uleb128 0xb
 378 0025 03       		.uleb128 0x3
 379 0026 08       		.uleb128 0x8
 380 0027 00       		.byte	0
 381 0028 00       		.byte	0
 382 0029 04       		.uleb128 0x4
 383 002a 16       		.uleb128 0x16
 384 002b 00       		.byte	0
 385 002c 03       		.uleb128 0x3
 386 002d 0E       		.uleb128 0xe
 387 002e 3A       		.uleb128 0x3a
 388 002f 0B       		.uleb128 0xb
 389 0030 3B       		.uleb128 0x3b
 390 0031 0B       		.uleb128 0xb
 391 0032 49       		.uleb128 0x49
 392 0033 13       		.uleb128 0x13
 393 0034 00       		.byte	0
 394 0035 00       		.byte	0
ARM GAS  C:\USERS\LUKAS\APPDATA\LOCAL\TEMP\ccLey1x9.s 			page 10


 395 0036 05       		.uleb128 0x5
 396 0037 35       		.uleb128 0x35
 397 0038 00       		.byte	0
 398 0039 49       		.uleb128 0x49
 399 003a 13       		.uleb128 0x13
 400 003b 00       		.byte	0
 401 003c 00       		.byte	0
 402 003d 06       		.uleb128 0x6
 403 003e 13       		.uleb128 0x13
 404 003f 01       		.byte	0x1
 405 0040 03       		.uleb128 0x3
 406 0041 0E       		.uleb128 0xe
 407 0042 0B       		.uleb128 0xb
 408 0043 0B       		.uleb128 0xb
 409 0044 3A       		.uleb128 0x3a
 410 0045 0B       		.uleb128 0xb
 411 0046 3B       		.uleb128 0x3b
 412 0047 0B       		.uleb128 0xb
 413 0048 01       		.uleb128 0x1
 414 0049 13       		.uleb128 0x13
 415 004a 00       		.byte	0
 416 004b 00       		.byte	0
 417 004c 07       		.uleb128 0x7
 418 004d 0D       		.uleb128 0xd
 419 004e 00       		.byte	0
 420 004f 03       		.uleb128 0x3
 421 0050 0E       		.uleb128 0xe
 422 0051 3A       		.uleb128 0x3a
 423 0052 0B       		.uleb128 0xb
 424 0053 3B       		.uleb128 0x3b
 425 0054 0B       		.uleb128 0xb
 426 0055 49       		.uleb128 0x49
 427 0056 13       		.uleb128 0x13
 428 0057 38       		.uleb128 0x38
 429 0058 0B       		.uleb128 0xb
 430 0059 00       		.byte	0
 431 005a 00       		.byte	0
 432 005b 08       		.uleb128 0x8
 433 005c 2E       		.uleb128 0x2e
 434 005d 01       		.byte	0x1
 435 005e 3F       		.uleb128 0x3f
 436 005f 19       		.uleb128 0x19
 437 0060 03       		.uleb128 0x3
 438 0061 0E       		.uleb128 0xe
 439 0062 3A       		.uleb128 0x3a
 440 0063 0B       		.uleb128 0xb
 441 0064 3B       		.uleb128 0x3b
 442 0065 0B       		.uleb128 0xb
 443 0066 49       		.uleb128 0x49
 444 0067 13       		.uleb128 0x13
 445 0068 11       		.uleb128 0x11
 446 0069 01       		.uleb128 0x1
 447 006a 12       		.uleb128 0x12
 448 006b 06       		.uleb128 0x6
 449 006c 40       		.uleb128 0x40
 450 006d 18       		.uleb128 0x18
 451 006e 9642     		.uleb128 0x2116
ARM GAS  C:\USERS\LUKAS\APPDATA\LOCAL\TEMP\ccLey1x9.s 			page 11


 452 0070 19       		.uleb128 0x19
 453 0071 01       		.uleb128 0x1
 454 0072 13       		.uleb128 0x13
 455 0073 00       		.byte	0
 456 0074 00       		.byte	0
 457 0075 09       		.uleb128 0x9
 458 0076 34       		.uleb128 0x34
 459 0077 00       		.byte	0
 460 0078 03       		.uleb128 0x3
 461 0079 0E       		.uleb128 0xe
 462 007a 3A       		.uleb128 0x3a
 463 007b 0B       		.uleb128 0xb
 464 007c 3B       		.uleb128 0x3b
 465 007d 0B       		.uleb128 0xb
 466 007e 49       		.uleb128 0x49
 467 007f 13       		.uleb128 0x13
 468 0080 02       		.uleb128 0x2
 469 0081 18       		.uleb128 0x18
 470 0082 00       		.byte	0
 471 0083 00       		.byte	0
 472 0084 0A       		.uleb128 0xa
 473 0085 34       		.uleb128 0x34
 474 0086 00       		.byte	0
 475 0087 03       		.uleb128 0x3
 476 0088 0E       		.uleb128 0xe
 477 0089 3A       		.uleb128 0x3a
 478 008a 0B       		.uleb128 0xb
 479 008b 3B       		.uleb128 0x3b
 480 008c 0B       		.uleb128 0xb
 481 008d 49       		.uleb128 0x49
 482 008e 13       		.uleb128 0x13
 483 008f 3F       		.uleb128 0x3f
 484 0090 19       		.uleb128 0x19
 485 0091 3C       		.uleb128 0x3c
 486 0092 19       		.uleb128 0x19
 487 0093 00       		.byte	0
 488 0094 00       		.byte	0
 489 0095 0B       		.uleb128 0xb
 490 0096 0F       		.uleb128 0xf
 491 0097 00       		.byte	0
 492 0098 0B       		.uleb128 0xb
 493 0099 0B       		.uleb128 0xb
 494 009a 49       		.uleb128 0x49
 495 009b 13       		.uleb128 0x13
 496 009c 00       		.byte	0
 497 009d 00       		.byte	0
 498 009e 0C       		.uleb128 0xc
 499 009f 01       		.uleb128 0x1
 500 00a0 01       		.byte	0x1
 501 00a1 49       		.uleb128 0x49
 502 00a2 13       		.uleb128 0x13
 503 00a3 01       		.uleb128 0x1
 504 00a4 13       		.uleb128 0x13
 505 00a5 00       		.byte	0
 506 00a6 00       		.byte	0
 507 00a7 0D       		.uleb128 0xd
 508 00a8 21       		.uleb128 0x21
ARM GAS  C:\USERS\LUKAS\APPDATA\LOCAL\TEMP\ccLey1x9.s 			page 12


 509 00a9 00       		.byte	0
 510 00aa 00       		.byte	0
 511 00ab 00       		.byte	0
 512 00ac 00       		.byte	0
 513              		.section	.debug_aranges,"",%progbits
 514 0000 1C000000 		.4byte	0x1c
 515 0004 0200     		.2byte	0x2
 516 0006 00000000 		.4byte	.Ldebug_info0
 517 000a 04       		.byte	0x4
 518 000b 00       		.byte	0
 519 000c 0000     		.2byte	0
 520 000e 0000     		.2byte	0
 521 0010 00000000 		.4byte	.LFB0
 522 0014 90000000 		.4byte	.LFE0-.LFB0
 523 0018 00000000 		.4byte	0
 524 001c 00000000 		.4byte	0
 525              		.section	.debug_ranges,"",%progbits
 526              	.Ldebug_ranges0:
 527 0000 00000000 		.4byte	.LFB0
 528 0004 90000000 		.4byte	.LFE0
 529 0008 00000000 		.4byte	0
 530 000c 00000000 		.4byte	0
 531              		.section	.debug_line,"",%progbits
 532              	.Ldebug_line0:
 533 0000 85000000 		.section	.debug_str,"MS",%progbits,1
 533      02005300 
 533      00000201 
 533      FB0E0D00 
 533      01010101 
 534              	.LASF32:
 535 0000 433A5C55 		.ascii	"C:\\Users\\lukas\\Desktop\\PioneerKit_P5LP_USB_Audi"
 535      73657273 
 535      5C6C756B 
 535      61735C44 
 535      65736B74 
 536 002f 6F2D6D61 		.ascii	"o-master\\PioneerKit_P5LP_USB_Audio.cydsn\000"
 536      73746572 
 536      5C50696F 
 536      6E656572 
 536      4B69745F 
 537              	.LASF3:
 538 0058 73686F72 		.ascii	"short unsigned int\000"
 538      7420756E 
 538      7369676E 
 538      65642069 
 538      6E7400
 539              	.LASF25:
 540 006b 545F5553 		.ascii	"T_USBFS_EP_CTL_BLOCK\000"
 540      4246535F 
 540      45505F43 
 540      544C5F42 
 540      4C4F434B 
 541              	.LASF26:
 542 0080 72657175 		.ascii	"requestHandled\000"
 542      65737448 
 542      616E646C 
 542      656400
ARM GAS  C:\USERS\LUKAS\APPDATA\LOCAL\TEMP\ccLey1x9.s 			page 13


 543              	.LASF11:
 544 008f 666C6F61 		.ascii	"float\000"
 544      7400
 545              	.LASF19:
 546 0095 6570546F 		.ascii	"epToggle\000"
 546      67676C65 
 546      00
 547              	.LASF28:
 548 009e 55534246 		.ascii	"USBFS_interfaceClass\000"
 548      535F696E 
 548      74657266 
 548      61636543 
 548      6C617373 
 549              	.LASF14:
 550 00b3 72656738 		.ascii	"reg8\000"
 550      00
 551              	.LASF34:
 552 00b8 55534246 		.ascii	"USBFS_DispatchClassRqst\000"
 552      535F4469 
 552      73706174 
 552      6368436C 
 552      61737352 
 553              	.LASF5:
 554 00d0 6C6F6E67 		.ascii	"long unsigned int\000"
 554      20756E73 
 554      69676E65 
 554      6420696E 
 554      7400
 555              	.LASF20:
 556 00e2 61646472 		.ascii	"addr\000"
 556      00
 557              	.LASF27:
 558 00e7 696E7465 		.ascii	"interfaceNumber\000"
 558      72666163 
 558      654E756D 
 558      62657200 
 559              	.LASF29:
 560 00f7 55534246 		.ascii	"USBFS_EP\000"
 560      535F4550 
 560      00
 561              	.LASF1:
 562 0100 756E7369 		.ascii	"unsigned char\000"
 562      676E6564 
 562      20636861 
 562      7200
 563              	.LASF30:
 564 010e 474E5520 		.ascii	"GNU C 4.9.3 20150303 (release) [ARM/embedded-4_9-br"
 564      4320342E 
 564      392E3320 
 564      32303135 
 564      30333033 
 565 0141 616E6368 		.ascii	"anch revision 221220] -mcpu=cortex-m3 -mthumb -g -O"
 565      20726576 
 565      6973696F 
 565      6E203232 
 565      31323230 
 566 0174 30202D66 		.ascii	"0 -ffunction-sections -ffat-lto-objects\000"
ARM GAS  C:\USERS\LUKAS\APPDATA\LOCAL\TEMP\ccLey1x9.s 			page 14


 566      66756E63 
 566      74696F6E 
 566      2D736563 
 566      74696F6E 
 567              	.LASF12:
 568 019c 646F7562 		.ascii	"double\000"
 568      6C6500
 569              	.LASF16:
 570 01a3 61747472 		.ascii	"attrib\000"
 570      696200
 571              	.LASF22:
 572 01aa 62756666 		.ascii	"buffOffset\000"
 572      4F666673 
 572      657400
 573              	.LASF10:
 574 01b5 75696E74 		.ascii	"uint16\000"
 574      313600
 575              	.LASF17:
 576 01bc 61706945 		.ascii	"apiEpState\000"
 576      70537461 
 576      746500
 577              	.LASF8:
 578 01c7 756E7369 		.ascii	"unsigned int\000"
 578      676E6564 
 578      20696E74 
 578      00
 579              	.LASF7:
 580 01d4 6C6F6E67 		.ascii	"long long unsigned int\000"
 580      206C6F6E 
 580      6720756E 
 580      7369676E 
 580      65642069 
 581              	.LASF18:
 582 01eb 68774570 		.ascii	"hwEpState\000"
 582      53746174 
 582      6500
 583              	.LASF33:
 584 01f5 5F555342 		.ascii	"_USBFS_EpCtlBlock\000"
 584      46535F45 
 584      7043746C 
 584      426C6F63 
 584      6B00
 585              	.LASF15:
 586 0207 73697A65 		.ascii	"sizetype\000"
 586      74797065 
 586      00
 587              	.LASF21:
 588 0210 65704D6F 		.ascii	"epMode\000"
 588      646500
 589              	.LASF6:
 590 0217 6C6F6E67 		.ascii	"long long int\000"
 590      206C6F6E 
 590      6720696E 
 590      7400
 591              	.LASF13:
 592 0225 63686172 		.ascii	"char\000"
 592      00
ARM GAS  C:\USERS\LUKAS\APPDATA\LOCAL\TEMP\ccLey1x9.s 			page 15


 593              	.LASF23:
 594 022a 62756666 		.ascii	"bufferSize\000"
 594      65725369 
 594      7A6500
 595              	.LASF2:
 596 0235 73686F72 		.ascii	"short int\000"
 596      7420696E 
 596      7400
 597              	.LASF9:
 598 023f 75696E74 		.ascii	"uint8\000"
 598      3800
 599              	.LASF24:
 600 0245 696E7465 		.ascii	"interface\000"
 600      72666163 
 600      6500
 601              	.LASF4:
 602 024f 6C6F6E67 		.ascii	"long int\000"
 602      20696E74 
 602      00
 603              	.LASF0:
 604 0258 7369676E 		.ascii	"signed char\000"
 604      65642063 
 604      68617200 
 605              	.LASF31:
 606 0264 2E5C4765 		.ascii	".\\Generated_Source\\PSoC5\\USBFS_cls.c\000"
 606      6E657261 
 606      7465645F 
 606      536F7572 
 606      63655C50 
 607              		.ident	"GCC: (GNU Tools for ARM Embedded Processors) 4.9.3 20150303 (release) [ARM/embedded-4_9-br
