ARM GAS  C:\USERS\LUKAS\APPDATA\LOCAL\TEMP\ccjlhmvW.s 			page 1


   1              		.syntax unified
   2              		.cpu cortex-m3
   3              		.fpu softvfp
   4              		.eabi_attribute 20, 1
   5              		.eabi_attribute 21, 1
   6              		.eabi_attribute 23, 3
   7              		.eabi_attribute 24, 1
   8              		.eabi_attribute 25, 1
   9              		.eabi_attribute 26, 1
  10              		.eabi_attribute 30, 6
  11              		.eabi_attribute 34, 1
  12              		.eabi_attribute 18, 4
  13              		.thumb
  14              		.file	"USBFS_Dp.c"
  15              		.text
  16              	.Ltext0:
  17              		.cfi_sections	.debug_frame
  18              		.section	.text.USBFS_Dp_Write,"ax",%progbits
  19              		.align	2
  20              		.global	USBFS_Dp_Write
  21              		.thumb
  22              		.thumb_func
  23              		.type	USBFS_Dp_Write, %function
  24              	USBFS_Dp_Write:
  25              	.LFB0:
  26              		.file 1 ".\\Generated_Source\\PSoC5\\USBFS_Dp.c"
   1:.\Generated_Source\PSoC5/USBFS_Dp.c **** /*******************************************************************************
   2:.\Generated_Source\PSoC5/USBFS_Dp.c **** * File Name: USBFS_Dp.c  
   3:.\Generated_Source\PSoC5/USBFS_Dp.c **** * Version 1.80
   4:.\Generated_Source\PSoC5/USBFS_Dp.c **** *
   5:.\Generated_Source\PSoC5/USBFS_Dp.c **** * Description:
   6:.\Generated_Source\PSoC5/USBFS_Dp.c **** *  This file contains API to enable firmware control of a Pins component.
   7:.\Generated_Source\PSoC5/USBFS_Dp.c **** *
   8:.\Generated_Source\PSoC5/USBFS_Dp.c **** * Note:
   9:.\Generated_Source\PSoC5/USBFS_Dp.c **** *
  10:.\Generated_Source\PSoC5/USBFS_Dp.c **** ********************************************************************************
  11:.\Generated_Source\PSoC5/USBFS_Dp.c **** * Copyright 2008-2012, Cypress Semiconductor Corporation.  All rights reserved.
  12:.\Generated_Source\PSoC5/USBFS_Dp.c **** * You may use this file only in accordance with the license, terms, conditions, 
  13:.\Generated_Source\PSoC5/USBFS_Dp.c **** * disclaimers, and limitations in the end user license agreement accompanying 
  14:.\Generated_Source\PSoC5/USBFS_Dp.c **** * the software package with which this file was provided.
  15:.\Generated_Source\PSoC5/USBFS_Dp.c **** *******************************************************************************/
  16:.\Generated_Source\PSoC5/USBFS_Dp.c **** 
  17:.\Generated_Source\PSoC5/USBFS_Dp.c **** #include "cytypes.h"
  18:.\Generated_Source\PSoC5/USBFS_Dp.c **** #include "USBFS_Dp.h"
  19:.\Generated_Source\PSoC5/USBFS_Dp.c **** 
  20:.\Generated_Source\PSoC5/USBFS_Dp.c **** /* APIs are not generated for P15[7:6] on PSoC 5 */
  21:.\Generated_Source\PSoC5/USBFS_Dp.c **** #if !(CY_PSOC5A &&\
  22:.\Generated_Source\PSoC5/USBFS_Dp.c **** 	 USBFS_Dp__PORT == 15 && ((USBFS_Dp__MASK & 0xC0) != 0))
  23:.\Generated_Source\PSoC5/USBFS_Dp.c **** 
  24:.\Generated_Source\PSoC5/USBFS_Dp.c **** 
  25:.\Generated_Source\PSoC5/USBFS_Dp.c **** /*******************************************************************************
  26:.\Generated_Source\PSoC5/USBFS_Dp.c **** * Function Name: USBFS_Dp_Write
  27:.\Generated_Source\PSoC5/USBFS_Dp.c **** ********************************************************************************
  28:.\Generated_Source\PSoC5/USBFS_Dp.c **** *
  29:.\Generated_Source\PSoC5/USBFS_Dp.c **** * Summary:
  30:.\Generated_Source\PSoC5/USBFS_Dp.c **** *  Assign a new value to the digital port's data output register.  
  31:.\Generated_Source\PSoC5/USBFS_Dp.c **** *
ARM GAS  C:\USERS\LUKAS\APPDATA\LOCAL\TEMP\ccjlhmvW.s 			page 2


  32:.\Generated_Source\PSoC5/USBFS_Dp.c **** * Parameters:  
  33:.\Generated_Source\PSoC5/USBFS_Dp.c **** *  prtValue:  The value to be assigned to the Digital Port. 
  34:.\Generated_Source\PSoC5/USBFS_Dp.c **** *
  35:.\Generated_Source\PSoC5/USBFS_Dp.c **** * Return: 
  36:.\Generated_Source\PSoC5/USBFS_Dp.c **** *  None
  37:.\Generated_Source\PSoC5/USBFS_Dp.c **** *  
  38:.\Generated_Source\PSoC5/USBFS_Dp.c **** *******************************************************************************/
  39:.\Generated_Source\PSoC5/USBFS_Dp.c **** void USBFS_Dp_Write(uint8 value) 
  40:.\Generated_Source\PSoC5/USBFS_Dp.c **** {
  27              		.loc 1 40 0
  28              		.cfi_startproc
  29              		@ args = 0, pretend = 0, frame = 16
  30              		@ frame_needed = 1, uses_anonymous_args = 0
  31              		@ link register save eliminated.
  32 0000 80B4     		push	{r7}
  33              		.cfi_def_cfa_offset 4
  34              		.cfi_offset 7, -4
  35 0002 85B0     		sub	sp, sp, #20
  36              		.cfi_def_cfa_offset 24
  37 0004 00AF     		add	r7, sp, #0
  38              		.cfi_def_cfa_register 7
  39 0006 0346     		mov	r3, r0
  40 0008 FB71     		strb	r3, [r7, #7]
  41:.\Generated_Source\PSoC5/USBFS_Dp.c ****     uint8 staticBits = (USBFS_Dp_DR & (uint8)(~USBFS_Dp_MASK));
  41              		.loc 1 41 0
  42 000a 0B4B     		ldr	r3, .L2
  43 000c 1B78     		ldrb	r3, [r3]
  44 000e DBB2     		uxtb	r3, r3
  45 0010 23F04003 		bic	r3, r3, #64
  46 0014 FB73     		strb	r3, [r7, #15]
  42:.\Generated_Source\PSoC5/USBFS_Dp.c ****     USBFS_Dp_DR = staticBits | ((uint8)(value << USBFS_Dp_SHIFT) & USBFS_Dp_MASK);
  47              		.loc 1 42 0
  48 0016 0849     		ldr	r1, .L2
  49 0018 FB79     		ldrb	r3, [r7, #7]
  50 001a 9B01     		lsls	r3, r3, #6
  51 001c DBB2     		uxtb	r3, r3
  52 001e 03F04003 		and	r3, r3, #64
  53 0022 DAB2     		uxtb	r2, r3
  54 0024 FB7B     		ldrb	r3, [r7, #15]
  55 0026 1343     		orrs	r3, r3, r2
  56 0028 DBB2     		uxtb	r3, r3
  57 002a 0B70     		strb	r3, [r1]
  43:.\Generated_Source\PSoC5/USBFS_Dp.c **** }
  58              		.loc 1 43 0
  59 002c 1437     		adds	r7, r7, #20
  60              		.cfi_def_cfa_offset 4
  61 002e BD46     		mov	sp, r7
  62              		.cfi_def_cfa_register 13
  63              		@ sp needed
  64 0030 5DF8047B 		ldr	r7, [sp], #4
  65              		.cfi_restore 7
  66              		.cfi_def_cfa_offset 0
  67 0034 7047     		bx	lr
  68              	.L3:
  69 0036 00BF     		.align	2
  70              	.L2:
  71 0038 F0510040 		.word	1073762800
ARM GAS  C:\USERS\LUKAS\APPDATA\LOCAL\TEMP\ccjlhmvW.s 			page 3


  72              		.cfi_endproc
  73              	.LFE0:
  74              		.size	USBFS_Dp_Write, .-USBFS_Dp_Write
  75              		.section	.text.USBFS_Dp_SetDriveMode,"ax",%progbits
  76              		.align	2
  77              		.global	USBFS_Dp_SetDriveMode
  78              		.thumb
  79              		.thumb_func
  80              		.type	USBFS_Dp_SetDriveMode, %function
  81              	USBFS_Dp_SetDriveMode:
  82              	.LFB1:
  44:.\Generated_Source\PSoC5/USBFS_Dp.c **** 
  45:.\Generated_Source\PSoC5/USBFS_Dp.c **** 
  46:.\Generated_Source\PSoC5/USBFS_Dp.c **** /*******************************************************************************
  47:.\Generated_Source\PSoC5/USBFS_Dp.c **** * Function Name: USBFS_Dp_SetDriveMode
  48:.\Generated_Source\PSoC5/USBFS_Dp.c **** ********************************************************************************
  49:.\Generated_Source\PSoC5/USBFS_Dp.c **** *
  50:.\Generated_Source\PSoC5/USBFS_Dp.c **** * Summary:
  51:.\Generated_Source\PSoC5/USBFS_Dp.c **** *  Change the drive mode on the pins of the port.
  52:.\Generated_Source\PSoC5/USBFS_Dp.c **** * 
  53:.\Generated_Source\PSoC5/USBFS_Dp.c **** * Parameters:  
  54:.\Generated_Source\PSoC5/USBFS_Dp.c **** *  mode:  Change the pins to this drive mode.
  55:.\Generated_Source\PSoC5/USBFS_Dp.c **** *
  56:.\Generated_Source\PSoC5/USBFS_Dp.c **** * Return: 
  57:.\Generated_Source\PSoC5/USBFS_Dp.c **** *  None
  58:.\Generated_Source\PSoC5/USBFS_Dp.c **** *
  59:.\Generated_Source\PSoC5/USBFS_Dp.c **** *******************************************************************************/
  60:.\Generated_Source\PSoC5/USBFS_Dp.c **** void USBFS_Dp_SetDriveMode(uint8 mode) 
  61:.\Generated_Source\PSoC5/USBFS_Dp.c **** {
  83              		.loc 1 61 0
  84              		.cfi_startproc
  85              		@ args = 0, pretend = 0, frame = 8
  86              		@ frame_needed = 1, uses_anonymous_args = 0
  87              		@ link register save eliminated.
  88 0000 80B4     		push	{r7}
  89              		.cfi_def_cfa_offset 4
  90              		.cfi_offset 7, -4
  91 0002 83B0     		sub	sp, sp, #12
  92              		.cfi_def_cfa_offset 16
  93 0004 00AF     		add	r7, sp, #0
  94              		.cfi_def_cfa_register 7
  95 0006 0346     		mov	r3, r0
  96 0008 FB71     		strb	r3, [r7, #7]
  62:.\Generated_Source\PSoC5/USBFS_Dp.c **** 	CyPins_SetPinDriveMode(USBFS_Dp_0, mode);
  97              		.loc 1 62 0
  98 000a 0A4B     		ldr	r3, .L5
  99 000c 094A     		ldr	r2, .L5
 100 000e 1278     		ldrb	r2, [r2]
 101 0010 D2B2     		uxtb	r2, r2
 102 0012 D2B2     		uxtb	r2, r2
 103 0014 22F00E02 		bic	r2, r2, #14
 104 0018 D1B2     		uxtb	r1, r2
 105 001a FA79     		ldrb	r2, [r7, #7]	@ zero_extendqisi2
 106 001c 02F00E02 		and	r2, r2, #14
 107 0020 D2B2     		uxtb	r2, r2
 108 0022 0A43     		orrs	r2, r2, r1
 109 0024 D2B2     		uxtb	r2, r2
ARM GAS  C:\USERS\LUKAS\APPDATA\LOCAL\TEMP\ccjlhmvW.s 			page 4


 110 0026 D2B2     		uxtb	r2, r2
 111 0028 1A70     		strb	r2, [r3]
  63:.\Generated_Source\PSoC5/USBFS_Dp.c **** }
 112              		.loc 1 63 0
 113 002a 0C37     		adds	r7, r7, #12
 114              		.cfi_def_cfa_offset 4
 115 002c BD46     		mov	sp, r7
 116              		.cfi_def_cfa_register 13
 117              		@ sp needed
 118 002e 5DF8047B 		ldr	r7, [sp], #4
 119              		.cfi_restore 7
 120              		.cfi_def_cfa_offset 0
 121 0032 7047     		bx	lr
 122              	.L6:
 123              		.align	2
 124              	.L5:
 125 0034 7E500040 		.word	1073762430
 126              		.cfi_endproc
 127              	.LFE1:
 128              		.size	USBFS_Dp_SetDriveMode, .-USBFS_Dp_SetDriveMode
 129              		.section	.text.USBFS_Dp_Read,"ax",%progbits
 130              		.align	2
 131              		.global	USBFS_Dp_Read
 132              		.thumb
 133              		.thumb_func
 134              		.type	USBFS_Dp_Read, %function
 135              	USBFS_Dp_Read:
 136              	.LFB2:
  64:.\Generated_Source\PSoC5/USBFS_Dp.c **** 
  65:.\Generated_Source\PSoC5/USBFS_Dp.c **** 
  66:.\Generated_Source\PSoC5/USBFS_Dp.c **** /*******************************************************************************
  67:.\Generated_Source\PSoC5/USBFS_Dp.c **** * Function Name: USBFS_Dp_Read
  68:.\Generated_Source\PSoC5/USBFS_Dp.c **** ********************************************************************************
  69:.\Generated_Source\PSoC5/USBFS_Dp.c **** *
  70:.\Generated_Source\PSoC5/USBFS_Dp.c **** * Summary:
  71:.\Generated_Source\PSoC5/USBFS_Dp.c **** *  Read the current value on the pins of the Digital Port in right justified 
  72:.\Generated_Source\PSoC5/USBFS_Dp.c **** *  form.
  73:.\Generated_Source\PSoC5/USBFS_Dp.c **** *
  74:.\Generated_Source\PSoC5/USBFS_Dp.c **** * Parameters:  
  75:.\Generated_Source\PSoC5/USBFS_Dp.c **** *  None
  76:.\Generated_Source\PSoC5/USBFS_Dp.c **** *
  77:.\Generated_Source\PSoC5/USBFS_Dp.c **** * Return: 
  78:.\Generated_Source\PSoC5/USBFS_Dp.c **** *  Returns the current value of the Digital Port as a right justified number
  79:.\Generated_Source\PSoC5/USBFS_Dp.c **** *  
  80:.\Generated_Source\PSoC5/USBFS_Dp.c **** * Note:
  81:.\Generated_Source\PSoC5/USBFS_Dp.c **** *  Macro USBFS_Dp_ReadPS calls this function. 
  82:.\Generated_Source\PSoC5/USBFS_Dp.c **** *  
  83:.\Generated_Source\PSoC5/USBFS_Dp.c **** *******************************************************************************/
  84:.\Generated_Source\PSoC5/USBFS_Dp.c **** uint8 USBFS_Dp_Read(void) 
  85:.\Generated_Source\PSoC5/USBFS_Dp.c **** {
 137              		.loc 1 85 0
 138              		.cfi_startproc
 139              		@ args = 0, pretend = 0, frame = 0
 140              		@ frame_needed = 1, uses_anonymous_args = 0
 141              		@ link register save eliminated.
 142 0000 80B4     		push	{r7}
 143              		.cfi_def_cfa_offset 4
ARM GAS  C:\USERS\LUKAS\APPDATA\LOCAL\TEMP\ccjlhmvW.s 			page 5


 144              		.cfi_offset 7, -4
 145 0002 00AF     		add	r7, sp, #0
 146              		.cfi_def_cfa_register 7
  86:.\Generated_Source\PSoC5/USBFS_Dp.c ****     return (USBFS_Dp_PS & USBFS_Dp_MASK) >> USBFS_Dp_SHIFT;
 147              		.loc 1 86 0
 148 0004 054B     		ldr	r3, .L9
 149 0006 1B78     		ldrb	r3, [r3]
 150 0008 DBB2     		uxtb	r3, r3
 151 000a 03F04003 		and	r3, r3, #64
 152 000e 9B09     		lsrs	r3, r3, #6
 153 0010 DBB2     		uxtb	r3, r3
  87:.\Generated_Source\PSoC5/USBFS_Dp.c **** }
 154              		.loc 1 87 0
 155 0012 1846     		mov	r0, r3
 156 0014 BD46     		mov	sp, r7
 157              		.cfi_def_cfa_register 13
 158              		@ sp needed
 159 0016 5DF8047B 		ldr	r7, [sp], #4
 160              		.cfi_restore 7
 161              		.cfi_def_cfa_offset 0
 162 001a 7047     		bx	lr
 163              	.L10:
 164              		.align	2
 165              	.L9:
 166 001c F1510040 		.word	1073762801
 167              		.cfi_endproc
 168              	.LFE2:
 169              		.size	USBFS_Dp_Read, .-USBFS_Dp_Read
 170              		.section	.text.USBFS_Dp_ReadDataReg,"ax",%progbits
 171              		.align	2
 172              		.global	USBFS_Dp_ReadDataReg
 173              		.thumb
 174              		.thumb_func
 175              		.type	USBFS_Dp_ReadDataReg, %function
 176              	USBFS_Dp_ReadDataReg:
 177              	.LFB3:
  88:.\Generated_Source\PSoC5/USBFS_Dp.c **** 
  89:.\Generated_Source\PSoC5/USBFS_Dp.c **** 
  90:.\Generated_Source\PSoC5/USBFS_Dp.c **** /*******************************************************************************
  91:.\Generated_Source\PSoC5/USBFS_Dp.c **** * Function Name: USBFS_Dp_ReadDataReg
  92:.\Generated_Source\PSoC5/USBFS_Dp.c **** ********************************************************************************
  93:.\Generated_Source\PSoC5/USBFS_Dp.c **** *
  94:.\Generated_Source\PSoC5/USBFS_Dp.c **** * Summary:
  95:.\Generated_Source\PSoC5/USBFS_Dp.c **** *  Read the current value assigned to a Digital Port's data output register
  96:.\Generated_Source\PSoC5/USBFS_Dp.c **** *
  97:.\Generated_Source\PSoC5/USBFS_Dp.c **** * Parameters:  
  98:.\Generated_Source\PSoC5/USBFS_Dp.c **** *  None 
  99:.\Generated_Source\PSoC5/USBFS_Dp.c **** *
 100:.\Generated_Source\PSoC5/USBFS_Dp.c **** * Return: 
 101:.\Generated_Source\PSoC5/USBFS_Dp.c **** *  Returns the current value assigned to the Digital Port's data output register
 102:.\Generated_Source\PSoC5/USBFS_Dp.c **** *  
 103:.\Generated_Source\PSoC5/USBFS_Dp.c **** *******************************************************************************/
 104:.\Generated_Source\PSoC5/USBFS_Dp.c **** uint8 USBFS_Dp_ReadDataReg(void) 
 105:.\Generated_Source\PSoC5/USBFS_Dp.c **** {
 178              		.loc 1 105 0
 179              		.cfi_startproc
 180              		@ args = 0, pretend = 0, frame = 0
ARM GAS  C:\USERS\LUKAS\APPDATA\LOCAL\TEMP\ccjlhmvW.s 			page 6


 181              		@ frame_needed = 1, uses_anonymous_args = 0
 182              		@ link register save eliminated.
 183 0000 80B4     		push	{r7}
 184              		.cfi_def_cfa_offset 4
 185              		.cfi_offset 7, -4
 186 0002 00AF     		add	r7, sp, #0
 187              		.cfi_def_cfa_register 7
 106:.\Generated_Source\PSoC5/USBFS_Dp.c ****     return (USBFS_Dp_DR & USBFS_Dp_MASK) >> USBFS_Dp_SHIFT;
 188              		.loc 1 106 0
 189 0004 054B     		ldr	r3, .L13
 190 0006 1B78     		ldrb	r3, [r3]
 191 0008 DBB2     		uxtb	r3, r3
 192 000a 03F04003 		and	r3, r3, #64
 193 000e 9B09     		lsrs	r3, r3, #6
 194 0010 DBB2     		uxtb	r3, r3
 107:.\Generated_Source\PSoC5/USBFS_Dp.c **** }
 195              		.loc 1 107 0
 196 0012 1846     		mov	r0, r3
 197 0014 BD46     		mov	sp, r7
 198              		.cfi_def_cfa_register 13
 199              		@ sp needed
 200 0016 5DF8047B 		ldr	r7, [sp], #4
 201              		.cfi_restore 7
 202              		.cfi_def_cfa_offset 0
 203 001a 7047     		bx	lr
 204              	.L14:
 205              		.align	2
 206              	.L13:
 207 001c F0510040 		.word	1073762800
 208              		.cfi_endproc
 209              	.LFE3:
 210              		.size	USBFS_Dp_ReadDataReg, .-USBFS_Dp_ReadDataReg
 211              		.section	.text.USBFS_Dp_ClearInterrupt,"ax",%progbits
 212              		.align	2
 213              		.global	USBFS_Dp_ClearInterrupt
 214              		.thumb
 215              		.thumb_func
 216              		.type	USBFS_Dp_ClearInterrupt, %function
 217              	USBFS_Dp_ClearInterrupt:
 218              	.LFB4:
 108:.\Generated_Source\PSoC5/USBFS_Dp.c **** 
 109:.\Generated_Source\PSoC5/USBFS_Dp.c **** 
 110:.\Generated_Source\PSoC5/USBFS_Dp.c **** /* If Interrupts Are Enabled for this Pins component */ 
 111:.\Generated_Source\PSoC5/USBFS_Dp.c **** #if defined(USBFS_Dp_INTSTAT) 
 112:.\Generated_Source\PSoC5/USBFS_Dp.c **** 
 113:.\Generated_Source\PSoC5/USBFS_Dp.c ****     /*******************************************************************************
 114:.\Generated_Source\PSoC5/USBFS_Dp.c ****     * Function Name: USBFS_Dp_ClearInterrupt
 115:.\Generated_Source\PSoC5/USBFS_Dp.c ****     ********************************************************************************
 116:.\Generated_Source\PSoC5/USBFS_Dp.c ****     * Summary:
 117:.\Generated_Source\PSoC5/USBFS_Dp.c ****     *  Clears any active interrupts attached to port and returns the value of the 
 118:.\Generated_Source\PSoC5/USBFS_Dp.c ****     *  interrupt status register.
 119:.\Generated_Source\PSoC5/USBFS_Dp.c ****     *
 120:.\Generated_Source\PSoC5/USBFS_Dp.c ****     * Parameters:  
 121:.\Generated_Source\PSoC5/USBFS_Dp.c ****     *  None 
 122:.\Generated_Source\PSoC5/USBFS_Dp.c ****     *
 123:.\Generated_Source\PSoC5/USBFS_Dp.c ****     * Return: 
 124:.\Generated_Source\PSoC5/USBFS_Dp.c ****     *  Returns the value of the interrupt status register
ARM GAS  C:\USERS\LUKAS\APPDATA\LOCAL\TEMP\ccjlhmvW.s 			page 7


 125:.\Generated_Source\PSoC5/USBFS_Dp.c ****     *  
 126:.\Generated_Source\PSoC5/USBFS_Dp.c ****     *******************************************************************************/
 127:.\Generated_Source\PSoC5/USBFS_Dp.c ****     uint8 USBFS_Dp_ClearInterrupt(void) 
 128:.\Generated_Source\PSoC5/USBFS_Dp.c ****     {
 219              		.loc 1 128 0
 220              		.cfi_startproc
 221              		@ args = 0, pretend = 0, frame = 0
 222              		@ frame_needed = 1, uses_anonymous_args = 0
 223              		@ link register save eliminated.
 224 0000 80B4     		push	{r7}
 225              		.cfi_def_cfa_offset 4
 226              		.cfi_offset 7, -4
 227 0002 00AF     		add	r7, sp, #0
 228              		.cfi_def_cfa_register 7
 129:.\Generated_Source\PSoC5/USBFS_Dp.c ****         return (USBFS_Dp_INTSTAT & USBFS_Dp_MASK) >> USBFS_Dp_SHIFT;
 229              		.loc 1 129 0
 230 0004 054B     		ldr	r3, .L17
 231 0006 1B78     		ldrb	r3, [r3]
 232 0008 DBB2     		uxtb	r3, r3
 233 000a 03F04003 		and	r3, r3, #64
 234 000e 9B09     		lsrs	r3, r3, #6
 235 0010 DBB2     		uxtb	r3, r3
 130:.\Generated_Source\PSoC5/USBFS_Dp.c ****     }
 236              		.loc 1 130 0
 237 0012 1846     		mov	r0, r3
 238 0014 BD46     		mov	sp, r7
 239              		.cfi_def_cfa_register 13
 240              		@ sp needed
 241 0016 5DF8047B 		ldr	r7, [sp], #4
 242              		.cfi_restore 7
 243              		.cfi_def_cfa_offset 0
 244 001a 7047     		bx	lr
 245              	.L18:
 246              		.align	2
 247              	.L17:
 248 001c 8F450040 		.word	1073759631
 249              		.cfi_endproc
 250              	.LFE4:
 251              		.size	USBFS_Dp_ClearInterrupt, .-USBFS_Dp_ClearInterrupt
 252              		.text
 253              	.Letext0:
 254              		.file 2 ".\\Generated_Source\\PSoC5\\cytypes.h"
 255              		.section	.debug_info,"",%progbits
 256              	.Ldebug_info0:
 257 0000 2D010000 		.4byte	0x12d
 258 0004 0400     		.2byte	0x4
 259 0006 00000000 		.4byte	.Ldebug_abbrev0
 260 000a 04       		.byte	0x4
 261 000b 01       		.uleb128 0x1
 262 000c 77000000 		.4byte	.LASF21
 263 0010 01       		.byte	0x1
 264 0011 62010000 		.4byte	.LASF22
 265 0015 00000000 		.4byte	.LASF23
 266 0019 00000000 		.4byte	.Ldebug_ranges0+0
 267 001d 00000000 		.4byte	0
 268 0021 00000000 		.4byte	.Ldebug_line0
 269 0025 02       		.uleb128 0x2
ARM GAS  C:\USERS\LUKAS\APPDATA\LOCAL\TEMP\ccjlhmvW.s 			page 8


 270 0026 01       		.byte	0x1
 271 0027 06       		.byte	0x6
 272 0028 15020000 		.4byte	.LASF0
 273 002c 02       		.uleb128 0x2
 274 002d 01       		.byte	0x1
 275 002e 08       		.byte	0x8
 276 002f 23010000 		.4byte	.LASF1
 277 0033 02       		.uleb128 0x2
 278 0034 02       		.byte	0x2
 279 0035 05       		.byte	0x5
 280 0036 E6010000 		.4byte	.LASF2
 281 003a 02       		.uleb128 0x2
 282 003b 02       		.byte	0x2
 283 003c 07       		.byte	0x7
 284 003d 48010000 		.4byte	.LASF3
 285 0041 02       		.uleb128 0x2
 286 0042 04       		.byte	0x4
 287 0043 05       		.byte	0x5
 288 0044 F6010000 		.4byte	.LASF4
 289 0048 02       		.uleb128 0x2
 290 0049 04       		.byte	0x4
 291 004a 07       		.byte	0x7
 292 004b 36010000 		.4byte	.LASF5
 293 004f 02       		.uleb128 0x2
 294 0050 08       		.byte	0x8
 295 0051 05       		.byte	0x5
 296 0052 D3010000 		.4byte	.LASF6
 297 0056 02       		.uleb128 0x2
 298 0057 08       		.byte	0x8
 299 0058 07       		.byte	0x7
 300 0059 A2010000 		.4byte	.LASF7
 301 005d 03       		.uleb128 0x3
 302 005e 04       		.byte	0x4
 303 005f 05       		.byte	0x5
 304 0060 696E7400 		.ascii	"int\000"
 305 0064 02       		.uleb128 0x2
 306 0065 04       		.byte	0x4
 307 0066 07       		.byte	0x7
 308 0067 95010000 		.4byte	.LASF8
 309 006b 04       		.uleb128 0x4
 310 006c F0010000 		.4byte	.LASF12
 311 0070 02       		.byte	0x2
 312 0071 5B       		.byte	0x5b
 313 0072 2C000000 		.4byte	0x2c
 314 0076 02       		.uleb128 0x2
 315 0077 04       		.byte	0x4
 316 0078 04       		.byte	0x4
 317 0079 05010000 		.4byte	.LASF9
 318 007d 02       		.uleb128 0x2
 319 007e 08       		.byte	0x8
 320 007f 04       		.byte	0x4
 321 0080 5B010000 		.4byte	.LASF10
 322 0084 02       		.uleb128 0x2
 323 0085 01       		.byte	0x1
 324 0086 08       		.byte	0x8
 325 0087 E1010000 		.4byte	.LASF11
 326 008b 04       		.uleb128 0x4
ARM GAS  C:\USERS\LUKAS\APPDATA\LOCAL\TEMP\ccjlhmvW.s 			page 9


 327 008c 31010000 		.4byte	.LASF13
 328 0090 02       		.byte	0x2
 329 0091 F0       		.byte	0xf0
 330 0092 96000000 		.4byte	0x96
 331 0096 05       		.uleb128 0x5
 332 0097 6B000000 		.4byte	0x6b
 333 009b 06       		.uleb128 0x6
 334 009c 86010000 		.4byte	.LASF14
 335 00a0 01       		.byte	0x1
 336 00a1 27       		.byte	0x27
 337 00a2 00000000 		.4byte	.LFB0
 338 00a6 3C000000 		.4byte	.LFE0-.LFB0
 339 00aa 01       		.uleb128 0x1
 340 00ab 9C       		.byte	0x9c
 341 00ac CD000000 		.4byte	0xcd
 342 00b0 07       		.uleb128 0x7
 343 00b1 58000000 		.4byte	.LASF16
 344 00b5 01       		.byte	0x1
 345 00b6 27       		.byte	0x27
 346 00b7 6B000000 		.4byte	0x6b
 347 00bb 02       		.uleb128 0x2
 348 00bc 91       		.byte	0x91
 349 00bd 6F       		.sleb128 -17
 350 00be 08       		.uleb128 0x8
 351 00bf 6C000000 		.4byte	.LASF24
 352 00c3 01       		.byte	0x1
 353 00c4 29       		.byte	0x29
 354 00c5 6B000000 		.4byte	0x6b
 355 00c9 02       		.uleb128 0x2
 356 00ca 91       		.byte	0x91
 357 00cb 77       		.sleb128 -9
 358 00cc 00       		.byte	0
 359 00cd 06       		.uleb128 0x6
 360 00ce FF010000 		.4byte	.LASF15
 361 00d2 01       		.byte	0x1
 362 00d3 3C       		.byte	0x3c
 363 00d4 00000000 		.4byte	.LFB1
 364 00d8 38000000 		.4byte	.LFE1-.LFB1
 365 00dc 01       		.uleb128 0x1
 366 00dd 9C       		.byte	0x9c
 367 00de F1000000 		.4byte	0xf1
 368 00e2 07       		.uleb128 0x7
 369 00e3 CE010000 		.4byte	.LASF17
 370 00e7 01       		.byte	0x1
 371 00e8 3C       		.byte	0x3c
 372 00e9 6B000000 		.4byte	0x6b
 373 00ed 02       		.uleb128 0x2
 374 00ee 91       		.byte	0x91
 375 00ef 77       		.sleb128 -9
 376 00f0 00       		.byte	0
 377 00f1 09       		.uleb128 0x9
 378 00f2 5E000000 		.4byte	.LASF18
 379 00f6 01       		.byte	0x1
 380 00f7 54       		.byte	0x54
 381 00f8 6B000000 		.4byte	0x6b
 382 00fc 00000000 		.4byte	.LFB2
 383 0100 20000000 		.4byte	.LFE2-.LFB2
ARM GAS  C:\USERS\LUKAS\APPDATA\LOCAL\TEMP\ccjlhmvW.s 			page 10


 384 0104 01       		.uleb128 0x1
 385 0105 9C       		.byte	0x9c
 386 0106 09       		.uleb128 0x9
 387 0107 B9010000 		.4byte	.LASF19
 388 010b 01       		.byte	0x1
 389 010c 68       		.byte	0x68
 390 010d 6B000000 		.4byte	0x6b
 391 0111 00000000 		.4byte	.LFB3
 392 0115 20000000 		.4byte	.LFE3-.LFB3
 393 0119 01       		.uleb128 0x1
 394 011a 9C       		.byte	0x9c
 395 011b 09       		.uleb128 0x9
 396 011c 0B010000 		.4byte	.LASF20
 397 0120 01       		.byte	0x1
 398 0121 7F       		.byte	0x7f
 399 0122 6B000000 		.4byte	0x6b
 400 0126 00000000 		.4byte	.LFB4
 401 012a 20000000 		.4byte	.LFE4-.LFB4
 402 012e 01       		.uleb128 0x1
 403 012f 9C       		.byte	0x9c
 404 0130 00       		.byte	0
 405              		.section	.debug_abbrev,"",%progbits
 406              	.Ldebug_abbrev0:
 407 0000 01       		.uleb128 0x1
 408 0001 11       		.uleb128 0x11
 409 0002 01       		.byte	0x1
 410 0003 25       		.uleb128 0x25
 411 0004 0E       		.uleb128 0xe
 412 0005 13       		.uleb128 0x13
 413 0006 0B       		.uleb128 0xb
 414 0007 03       		.uleb128 0x3
 415 0008 0E       		.uleb128 0xe
 416 0009 1B       		.uleb128 0x1b
 417 000a 0E       		.uleb128 0xe
 418 000b 55       		.uleb128 0x55
 419 000c 17       		.uleb128 0x17
 420 000d 11       		.uleb128 0x11
 421 000e 01       		.uleb128 0x1
 422 000f 10       		.uleb128 0x10
 423 0010 17       		.uleb128 0x17
 424 0011 00       		.byte	0
 425 0012 00       		.byte	0
 426 0013 02       		.uleb128 0x2
 427 0014 24       		.uleb128 0x24
 428 0015 00       		.byte	0
 429 0016 0B       		.uleb128 0xb
 430 0017 0B       		.uleb128 0xb
 431 0018 3E       		.uleb128 0x3e
 432 0019 0B       		.uleb128 0xb
 433 001a 03       		.uleb128 0x3
 434 001b 0E       		.uleb128 0xe
 435 001c 00       		.byte	0
 436 001d 00       		.byte	0
 437 001e 03       		.uleb128 0x3
 438 001f 24       		.uleb128 0x24
 439 0020 00       		.byte	0
 440 0021 0B       		.uleb128 0xb
ARM GAS  C:\USERS\LUKAS\APPDATA\LOCAL\TEMP\ccjlhmvW.s 			page 11


 441 0022 0B       		.uleb128 0xb
 442 0023 3E       		.uleb128 0x3e
 443 0024 0B       		.uleb128 0xb
 444 0025 03       		.uleb128 0x3
 445 0026 08       		.uleb128 0x8
 446 0027 00       		.byte	0
 447 0028 00       		.byte	0
 448 0029 04       		.uleb128 0x4
 449 002a 16       		.uleb128 0x16
 450 002b 00       		.byte	0
 451 002c 03       		.uleb128 0x3
 452 002d 0E       		.uleb128 0xe
 453 002e 3A       		.uleb128 0x3a
 454 002f 0B       		.uleb128 0xb
 455 0030 3B       		.uleb128 0x3b
 456 0031 0B       		.uleb128 0xb
 457 0032 49       		.uleb128 0x49
 458 0033 13       		.uleb128 0x13
 459 0034 00       		.byte	0
 460 0035 00       		.byte	0
 461 0036 05       		.uleb128 0x5
 462 0037 35       		.uleb128 0x35
 463 0038 00       		.byte	0
 464 0039 49       		.uleb128 0x49
 465 003a 13       		.uleb128 0x13
 466 003b 00       		.byte	0
 467 003c 00       		.byte	0
 468 003d 06       		.uleb128 0x6
 469 003e 2E       		.uleb128 0x2e
 470 003f 01       		.byte	0x1
 471 0040 3F       		.uleb128 0x3f
 472 0041 19       		.uleb128 0x19
 473 0042 03       		.uleb128 0x3
 474 0043 0E       		.uleb128 0xe
 475 0044 3A       		.uleb128 0x3a
 476 0045 0B       		.uleb128 0xb
 477 0046 3B       		.uleb128 0x3b
 478 0047 0B       		.uleb128 0xb
 479 0048 27       		.uleb128 0x27
 480 0049 19       		.uleb128 0x19
 481 004a 11       		.uleb128 0x11
 482 004b 01       		.uleb128 0x1
 483 004c 12       		.uleb128 0x12
 484 004d 06       		.uleb128 0x6
 485 004e 40       		.uleb128 0x40
 486 004f 18       		.uleb128 0x18
 487 0050 9742     		.uleb128 0x2117
 488 0052 19       		.uleb128 0x19
 489 0053 01       		.uleb128 0x1
 490 0054 13       		.uleb128 0x13
 491 0055 00       		.byte	0
 492 0056 00       		.byte	0
 493 0057 07       		.uleb128 0x7
 494 0058 05       		.uleb128 0x5
 495 0059 00       		.byte	0
 496 005a 03       		.uleb128 0x3
 497 005b 0E       		.uleb128 0xe
ARM GAS  C:\USERS\LUKAS\APPDATA\LOCAL\TEMP\ccjlhmvW.s 			page 12


 498 005c 3A       		.uleb128 0x3a
 499 005d 0B       		.uleb128 0xb
 500 005e 3B       		.uleb128 0x3b
 501 005f 0B       		.uleb128 0xb
 502 0060 49       		.uleb128 0x49
 503 0061 13       		.uleb128 0x13
 504 0062 02       		.uleb128 0x2
 505 0063 18       		.uleb128 0x18
 506 0064 00       		.byte	0
 507 0065 00       		.byte	0
 508 0066 08       		.uleb128 0x8
 509 0067 34       		.uleb128 0x34
 510 0068 00       		.byte	0
 511 0069 03       		.uleb128 0x3
 512 006a 0E       		.uleb128 0xe
 513 006b 3A       		.uleb128 0x3a
 514 006c 0B       		.uleb128 0xb
 515 006d 3B       		.uleb128 0x3b
 516 006e 0B       		.uleb128 0xb
 517 006f 49       		.uleb128 0x49
 518 0070 13       		.uleb128 0x13
 519 0071 02       		.uleb128 0x2
 520 0072 18       		.uleb128 0x18
 521 0073 00       		.byte	0
 522 0074 00       		.byte	0
 523 0075 09       		.uleb128 0x9
 524 0076 2E       		.uleb128 0x2e
 525 0077 00       		.byte	0
 526 0078 3F       		.uleb128 0x3f
 527 0079 19       		.uleb128 0x19
 528 007a 03       		.uleb128 0x3
 529 007b 0E       		.uleb128 0xe
 530 007c 3A       		.uleb128 0x3a
 531 007d 0B       		.uleb128 0xb
 532 007e 3B       		.uleb128 0x3b
 533 007f 0B       		.uleb128 0xb
 534 0080 27       		.uleb128 0x27
 535 0081 19       		.uleb128 0x19
 536 0082 49       		.uleb128 0x49
 537 0083 13       		.uleb128 0x13
 538 0084 11       		.uleb128 0x11
 539 0085 01       		.uleb128 0x1
 540 0086 12       		.uleb128 0x12
 541 0087 06       		.uleb128 0x6
 542 0088 40       		.uleb128 0x40
 543 0089 18       		.uleb128 0x18
 544 008a 9742     		.uleb128 0x2117
 545 008c 19       		.uleb128 0x19
 546 008d 00       		.byte	0
 547 008e 00       		.byte	0
 548 008f 00       		.byte	0
 549              		.section	.debug_aranges,"",%progbits
 550 0000 3C000000 		.4byte	0x3c
 551 0004 0200     		.2byte	0x2
 552 0006 00000000 		.4byte	.Ldebug_info0
 553 000a 04       		.byte	0x4
 554 000b 00       		.byte	0
ARM GAS  C:\USERS\LUKAS\APPDATA\LOCAL\TEMP\ccjlhmvW.s 			page 13


 555 000c 0000     		.2byte	0
 556 000e 0000     		.2byte	0
 557 0010 00000000 		.4byte	.LFB0
 558 0014 3C000000 		.4byte	.LFE0-.LFB0
 559 0018 00000000 		.4byte	.LFB1
 560 001c 38000000 		.4byte	.LFE1-.LFB1
 561 0020 00000000 		.4byte	.LFB2
 562 0024 20000000 		.4byte	.LFE2-.LFB2
 563 0028 00000000 		.4byte	.LFB3
 564 002c 20000000 		.4byte	.LFE3-.LFB3
 565 0030 00000000 		.4byte	.LFB4
 566 0034 20000000 		.4byte	.LFE4-.LFB4
 567 0038 00000000 		.4byte	0
 568 003c 00000000 		.4byte	0
 569              		.section	.debug_ranges,"",%progbits
 570              	.Ldebug_ranges0:
 571 0000 00000000 		.4byte	.LFB0
 572 0004 3C000000 		.4byte	.LFE0
 573 0008 00000000 		.4byte	.LFB1
 574 000c 38000000 		.4byte	.LFE1
 575 0010 00000000 		.4byte	.LFB2
 576 0014 20000000 		.4byte	.LFE2
 577 0018 00000000 		.4byte	.LFB3
 578 001c 20000000 		.4byte	.LFE3
 579 0020 00000000 		.4byte	.LFB4
 580 0024 20000000 		.4byte	.LFE4
 581 0028 00000000 		.4byte	0
 582 002c 00000000 		.4byte	0
 583              		.section	.debug_line,"",%progbits
 584              	.Ldebug_line0:
 585 0000 A6000000 		.section	.debug_str,"MS",%progbits,1
 585      02004700 
 585      00000201 
 585      FB0E0D00 
 585      01010101 
 586              	.LASF23:
 587 0000 433A5C55 		.ascii	"C:\\Users\\lukas\\Desktop\\PioneerKit_P5LP_USB_Audi"
 587      73657273 
 587      5C6C756B 
 587      61735C44 
 587      65736B74 
 588 002f 6F2D6D61 		.ascii	"o-master\\PioneerKit_P5LP_USB_Audio.cydsn\000"
 588      73746572 
 588      5C50696F 
 588      6E656572 
 588      4B69745F 
 589              	.LASF16:
 590 0058 76616C75 		.ascii	"value\000"
 590      6500
 591              	.LASF18:
 592 005e 55534246 		.ascii	"USBFS_Dp_Read\000"
 592      535F4470 
 592      5F526561 
 592      6400
 593              	.LASF24:
 594 006c 73746174 		.ascii	"staticBits\000"
 594      69634269 
ARM GAS  C:\USERS\LUKAS\APPDATA\LOCAL\TEMP\ccjlhmvW.s 			page 14


 594      747300
 595              	.LASF21:
 596 0077 474E5520 		.ascii	"GNU C 4.9.3 20150303 (release) [ARM/embedded-4_9-br"
 596      4320342E 
 596      392E3320 
 596      32303135 
 596      30333033 
 597 00aa 616E6368 		.ascii	"anch revision 221220] -mcpu=cortex-m3 -mthumb -g -O"
 597      20726576 
 597      6973696F 
 597      6E203232 
 597      31323230 
 598 00dd 30202D66 		.ascii	"0 -ffunction-sections -ffat-lto-objects\000"
 598      66756E63 
 598      74696F6E 
 598      2D736563 
 598      74696F6E 
 599              	.LASF9:
 600 0105 666C6F61 		.ascii	"float\000"
 600      7400
 601              	.LASF20:
 602 010b 55534246 		.ascii	"USBFS_Dp_ClearInterrupt\000"
 602      535F4470 
 602      5F436C65 
 602      6172496E 
 602      74657272 
 603              	.LASF1:
 604 0123 756E7369 		.ascii	"unsigned char\000"
 604      676E6564 
 604      20636861 
 604      7200
 605              	.LASF13:
 606 0131 72656738 		.ascii	"reg8\000"
 606      00
 607              	.LASF5:
 608 0136 6C6F6E67 		.ascii	"long unsigned int\000"
 608      20756E73 
 608      69676E65 
 608      6420696E 
 608      7400
 609              	.LASF3:
 610 0148 73686F72 		.ascii	"short unsigned int\000"
 610      7420756E 
 610      7369676E 
 610      65642069 
 610      6E7400
 611              	.LASF10:
 612 015b 646F7562 		.ascii	"double\000"
 612      6C6500
 613              	.LASF22:
 614 0162 2E5C4765 		.ascii	".\\Generated_Source\\PSoC5\\USBFS_Dp.c\000"
 614      6E657261 
 614      7465645F 
 614      536F7572 
 614      63655C50 
 615              	.LASF14:
 616 0186 55534246 		.ascii	"USBFS_Dp_Write\000"
ARM GAS  C:\USERS\LUKAS\APPDATA\LOCAL\TEMP\ccjlhmvW.s 			page 15


 616      535F4470 
 616      5F577269 
 616      746500
 617              	.LASF8:
 618 0195 756E7369 		.ascii	"unsigned int\000"
 618      676E6564 
 618      20696E74 
 618      00
 619              	.LASF7:
 620 01a2 6C6F6E67 		.ascii	"long long unsigned int\000"
 620      206C6F6E 
 620      6720756E 
 620      7369676E 
 620      65642069 
 621              	.LASF19:
 622 01b9 55534246 		.ascii	"USBFS_Dp_ReadDataReg\000"
 622      535F4470 
 622      5F526561 
 622      64446174 
 622      61526567 
 623              	.LASF17:
 624 01ce 6D6F6465 		.ascii	"mode\000"
 624      00
 625              	.LASF6:
 626 01d3 6C6F6E67 		.ascii	"long long int\000"
 626      206C6F6E 
 626      6720696E 
 626      7400
 627              	.LASF11:
 628 01e1 63686172 		.ascii	"char\000"
 628      00
 629              	.LASF2:
 630 01e6 73686F72 		.ascii	"short int\000"
 630      7420696E 
 630      7400
 631              	.LASF12:
 632 01f0 75696E74 		.ascii	"uint8\000"
 632      3800
 633              	.LASF4:
 634 01f6 6C6F6E67 		.ascii	"long int\000"
 634      20696E74 
 634      00
 635              	.LASF15:
 636 01ff 55534246 		.ascii	"USBFS_Dp_SetDriveMode\000"
 636      535F4470 
 636      5F536574 
 636      44726976 
 636      654D6F64 
 637              	.LASF0:
 638 0215 7369676E 		.ascii	"signed char\000"
 638      65642063 
 638      68617200 
 639              		.ident	"GCC: (GNU Tools for ARM Embedded Processors) 4.9.3 20150303 (release) [ARM/embedded-4_9-br
