ARM GAS  C:\USERS\LUKAS\APPDATA\LOCAL\TEMP\cc2onCsj.s 			page 1


   1              		.syntax unified
   2              		.cpu cortex-m3
   3              		.fpu softvfp
   4              		.eabi_attribute 20, 1
   5              		.eabi_attribute 21, 1
   6              		.eabi_attribute 23, 3
   7              		.eabi_attribute 24, 1
   8              		.eabi_attribute 25, 1
   9              		.eabi_attribute 26, 1
  10              		.eabi_attribute 30, 6
  11              		.eabi_attribute 34, 1
  12              		.eabi_attribute 18, 4
  13              		.thumb
  14              		.file	"VolumeControl.c"
  15              		.text
  16              	.Ltext0:
  17              		.cfi_sections	.debug_frame
  18              	.Letext0:
  19              		.file 1 "c:\\program files (x86)\\cypress\\psoc creator\\3.3\\psoc creator\\import\\gnu\\arm\\4.9.
  20              		.file 2 "c:\\program files (x86)\\cypress\\psoc creator\\3.3\\psoc creator\\import\\gnu\\arm\\4.9.
  21              		.file 3 "Generated_Source\\PSoC5/core_cm3.h"
  22              		.section	.debug_info,"",%progbits
  23              	.Ldebug_info0:
  24 0000 A3000000 		.4byte	0xa3
  25 0004 0400     		.2byte	0x4
  26 0006 00000000 		.4byte	.Ldebug_abbrev0
  27 000a 04       		.byte	0x4
  28 000b 01       		.uleb128 0x1
  29 000c 85000000 		.4byte	.LASF15
  30 0010 01       		.byte	0x1
  31 0011 2E000000 		.4byte	.LASF16
  32 0015 33010000 		.4byte	.LASF17
  33 0019 00000000 		.4byte	.Ldebug_line0
  34 001d 02       		.uleb128 0x2
  35 001e 01       		.byte	0x1
  36 001f 06       		.byte	0x6
  37 0020 27010000 		.4byte	.LASF0
  38 0024 02       		.uleb128 0x2
  39 0025 01       		.byte	0x1
  40 0026 08       		.byte	0x8
  41 0027 69000000 		.4byte	.LASF1
  42 002b 02       		.uleb128 0x2
  43 002c 02       		.byte	0x2
  44 002d 05       		.byte	0x5
  45 002e 9B010000 		.4byte	.LASF2
  46 0032 02       		.uleb128 0x2
  47 0033 02       		.byte	0x2
  48 0034 07       		.byte	0x7
  49 0035 0E000000 		.4byte	.LASF3
  50 0039 03       		.uleb128 0x3
  51 003a 8B010000 		.4byte	.LASF9
  52 003e 01       		.byte	0x1
  53 003f 3F       		.byte	0x3f
  54 0040 44000000 		.4byte	0x44
  55 0044 02       		.uleb128 0x2
  56 0045 04       		.byte	0x4
  57 0046 05       		.byte	0x5
ARM GAS  C:\USERS\LUKAS\APPDATA\LOCAL\TEMP\cc2onCsj.s 			page 2


  58 0047 7C000000 		.4byte	.LASF4
  59 004b 02       		.uleb128 0x2
  60 004c 04       		.byte	0x4
  61 004d 07       		.byte	0x7
  62 004e 40000000 		.4byte	.LASF5
  63 0052 02       		.uleb128 0x2
  64 0053 08       		.byte	0x8
  65 0054 05       		.byte	0x5
  66 0055 00000000 		.4byte	.LASF6
  67 0059 02       		.uleb128 0x2
  68 005a 08       		.byte	0x8
  69 005b 07       		.byte	0x7
  70 005c 52000000 		.4byte	.LASF7
  71 0060 04       		.uleb128 0x4
  72 0061 04       		.byte	0x4
  73 0062 05       		.byte	0x5
  74 0063 696E7400 		.ascii	"int\000"
  75 0067 02       		.uleb128 0x2
  76 0068 04       		.byte	0x4
  77 0069 07       		.byte	0x7
  78 006a 21000000 		.4byte	.LASF8
  79 006e 03       		.uleb128 0x3
  80 006f A5010000 		.4byte	.LASF10
  81 0073 02       		.byte	0x2
  82 0074 2C       		.byte	0x2c
  83 0075 39000000 		.4byte	0x39
  84 0079 02       		.uleb128 0x2
  85 007a 04       		.byte	0x4
  86 007b 04       		.byte	0x4
  87 007c 95010000 		.4byte	.LASF11
  88 0080 02       		.uleb128 0x2
  89 0081 08       		.byte	0x8
  90 0082 04       		.byte	0x4
  91 0083 13010000 		.4byte	.LASF12
  92 0087 02       		.uleb128 0x2
  93 0088 01       		.byte	0x1
  94 0089 08       		.byte	0x8
  95 008a 77000000 		.4byte	.LASF13
  96 008e 02       		.uleb128 0x2
  97 008f 04       		.byte	0x4
  98 0090 07       		.byte	0x7
  99 0091 AD010000 		.4byte	.LASF14
 100 0095 05       		.uleb128 0x5
 101 0096 1A010000 		.4byte	.LASF18
 102 009a 03       		.byte	0x3
 103 009b 1606     		.2byte	0x616
 104 009d A1000000 		.4byte	0xa1
 105 00a1 06       		.uleb128 0x6
 106 00a2 6E000000 		.4byte	0x6e
 107 00a6 00       		.byte	0
 108              		.section	.debug_abbrev,"",%progbits
 109              	.Ldebug_abbrev0:
 110 0000 01       		.uleb128 0x1
 111 0001 11       		.uleb128 0x11
 112 0002 01       		.byte	0x1
 113 0003 25       		.uleb128 0x25
 114 0004 0E       		.uleb128 0xe
ARM GAS  C:\USERS\LUKAS\APPDATA\LOCAL\TEMP\cc2onCsj.s 			page 3


 115 0005 13       		.uleb128 0x13
 116 0006 0B       		.uleb128 0xb
 117 0007 03       		.uleb128 0x3
 118 0008 0E       		.uleb128 0xe
 119 0009 1B       		.uleb128 0x1b
 120 000a 0E       		.uleb128 0xe
 121 000b 10       		.uleb128 0x10
 122 000c 17       		.uleb128 0x17
 123 000d 00       		.byte	0
 124 000e 00       		.byte	0
 125 000f 02       		.uleb128 0x2
 126 0010 24       		.uleb128 0x24
 127 0011 00       		.byte	0
 128 0012 0B       		.uleb128 0xb
 129 0013 0B       		.uleb128 0xb
 130 0014 3E       		.uleb128 0x3e
 131 0015 0B       		.uleb128 0xb
 132 0016 03       		.uleb128 0x3
 133 0017 0E       		.uleb128 0xe
 134 0018 00       		.byte	0
 135 0019 00       		.byte	0
 136 001a 03       		.uleb128 0x3
 137 001b 16       		.uleb128 0x16
 138 001c 00       		.byte	0
 139 001d 03       		.uleb128 0x3
 140 001e 0E       		.uleb128 0xe
 141 001f 3A       		.uleb128 0x3a
 142 0020 0B       		.uleb128 0xb
 143 0021 3B       		.uleb128 0x3b
 144 0022 0B       		.uleb128 0xb
 145 0023 49       		.uleb128 0x49
 146 0024 13       		.uleb128 0x13
 147 0025 00       		.byte	0
 148 0026 00       		.byte	0
 149 0027 04       		.uleb128 0x4
 150 0028 24       		.uleb128 0x24
 151 0029 00       		.byte	0
 152 002a 0B       		.uleb128 0xb
 153 002b 0B       		.uleb128 0xb
 154 002c 3E       		.uleb128 0x3e
 155 002d 0B       		.uleb128 0xb
 156 002e 03       		.uleb128 0x3
 157 002f 08       		.uleb128 0x8
 158 0030 00       		.byte	0
 159 0031 00       		.byte	0
 160 0032 05       		.uleb128 0x5
 161 0033 34       		.uleb128 0x34
 162 0034 00       		.byte	0
 163 0035 03       		.uleb128 0x3
 164 0036 0E       		.uleb128 0xe
 165 0037 3A       		.uleb128 0x3a
 166 0038 0B       		.uleb128 0xb
 167 0039 3B       		.uleb128 0x3b
 168 003a 05       		.uleb128 0x5
 169 003b 49       		.uleb128 0x49
 170 003c 13       		.uleb128 0x13
 171 003d 3F       		.uleb128 0x3f
ARM GAS  C:\USERS\LUKAS\APPDATA\LOCAL\TEMP\cc2onCsj.s 			page 4


 172 003e 19       		.uleb128 0x19
 173 003f 3C       		.uleb128 0x3c
 174 0040 19       		.uleb128 0x19
 175 0041 00       		.byte	0
 176 0042 00       		.byte	0
 177 0043 06       		.uleb128 0x6
 178 0044 35       		.uleb128 0x35
 179 0045 00       		.byte	0
 180 0046 49       		.uleb128 0x49
 181 0047 13       		.uleb128 0x13
 182 0048 00       		.byte	0
 183 0049 00       		.byte	0
 184 004a 00       		.byte	0
 185              		.section	.debug_aranges,"",%progbits
 186 0000 14000000 		.4byte	0x14
 187 0004 0200     		.2byte	0x2
 188 0006 00000000 		.4byte	.Ldebug_info0
 189 000a 04       		.byte	0x4
 190 000b 00       		.byte	0
 191 000c 0000     		.2byte	0
 192 000e 0000     		.2byte	0
 193 0010 00000000 		.4byte	0
 194 0014 00000000 		.4byte	0
 195              		.section	.debug_line,"",%progbits
 196              	.Ldebug_line0:
 197 0000 36010000 		.section	.debug_str,"MS",%progbits,1
 197      02003001 
 197      00000201 
 197      FB0E0D00 
 197      01010101 
 198              	.LASF6:
 199 0000 6C6F6E67 		.ascii	"long long int\000"
 199      206C6F6E 
 199      6720696E 
 199      7400
 200              	.LASF3:
 201 000e 73686F72 		.ascii	"short unsigned int\000"
 201      7420756E 
 201      7369676E 
 201      65642069 
 201      6E7400
 202              	.LASF8:
 203 0021 756E7369 		.ascii	"unsigned int\000"
 203      676E6564 
 203      20696E74 
 203      00
 204              	.LASF16:
 205 002e 2E5C566F 		.ascii	".\\VolumeControl.c\000"
 205      6C756D65 
 205      436F6E74 
 205      726F6C2E 
 205      6300
 206              	.LASF5:
 207 0040 6C6F6E67 		.ascii	"long unsigned int\000"
 207      20756E73 
 207      69676E65 
 207      6420696E 
ARM GAS  C:\USERS\LUKAS\APPDATA\LOCAL\TEMP\cc2onCsj.s 			page 5


 207      7400
 208              	.LASF7:
 209 0052 6C6F6E67 		.ascii	"long long unsigned int\000"
 209      206C6F6E 
 209      6720756E 
 209      7369676E 
 209      65642069 
 210              	.LASF1:
 211 0069 756E7369 		.ascii	"unsigned char\000"
 211      676E6564 
 211      20636861 
 211      7200
 212              	.LASF13:
 213 0077 63686172 		.ascii	"char\000"
 213      00
 214              	.LASF4:
 215 007c 6C6F6E67 		.ascii	"long int\000"
 215      20696E74 
 215      00
 216              	.LASF15:
 217 0085 474E5520 		.ascii	"GNU C 4.9.3 20150303 (release) [ARM/embedded-4_9-br"
 217      4320342E 
 217      392E3320 
 217      32303135 
 217      30333033 
 218 00b8 616E6368 		.ascii	"anch revision 221220] -mcpu=cortex-m3 -mthumb -g -O"
 218      20726576 
 218      6973696F 
 218      6E203232 
 218      31323230 
 219 00eb 30202D66 		.ascii	"0 -ffunction-sections -ffat-lto-objects\000"
 219      66756E63 
 219      74696F6E 
 219      2D736563 
 219      74696F6E 
 220              	.LASF12:
 221 0113 646F7562 		.ascii	"double\000"
 221      6C6500
 222              	.LASF18:
 223 011a 49544D5F 		.ascii	"ITM_RxBuffer\000"
 223      52784275 
 223      66666572 
 223      00
 224              	.LASF0:
 225 0127 7369676E 		.ascii	"signed char\000"
 225      65642063 
 225      68617200 
 226              	.LASF17:
 227 0133 433A5C55 		.ascii	"C:\\Users\\lukas\\Desktop\\PioneerKit_P5LP_USB_Audi"
 227      73657273 
 227      5C6C756B 
 227      61735C44 
 227      65736B74 
 228 0162 6F2D6D61 		.ascii	"o-master\\PioneerKit_P5LP_USB_Audio.cydsn\000"
 228      73746572 
 228      5C50696F 
 228      6E656572 
ARM GAS  C:\USERS\LUKAS\APPDATA\LOCAL\TEMP\cc2onCsj.s 			page 6


 228      4B69745F 
 229              	.LASF9:
 230 018b 5F5F696E 		.ascii	"__int32_t\000"
 230      7433325F 
 230      7400
 231              	.LASF11:
 232 0195 666C6F61 		.ascii	"float\000"
 232      7400
 233              	.LASF2:
 234 019b 73686F72 		.ascii	"short int\000"
 234      7420696E 
 234      7400
 235              	.LASF10:
 236 01a5 696E7433 		.ascii	"int32_t\000"
 236      325F7400 
 237              	.LASF14:
 238 01ad 73697A65 		.ascii	"sizetype\000"
 238      74797065 
 238      00
 239              		.ident	"GCC: (GNU Tools for ARM Embedded Processors) 4.9.3 20150303 (release) [ARM/embedded-4_9-br
