ARM GAS  C:\Users\LUKASC~1\AppData\Local\Temp\ccbCZWjG.s 			page 1


   1              		.syntax unified
   2              		.cpu cortex-m3
   3              		.fpu softvfp
   4              		.eabi_attribute 20, 1
   5              		.eabi_attribute 21, 1
   6              		.eabi_attribute 23, 3
   7              		.eabi_attribute 24, 1
   8              		.eabi_attribute 25, 1
   9              		.eabi_attribute 26, 1
  10              		.eabi_attribute 30, 1
  11              		.eabi_attribute 34, 1
  12              		.eabi_attribute 18, 4
  13              		.thumb
  14              		.file	"cymetadata.c"
  15              		.text
  16              	.Ltext0:
  17              		.cfi_sections	.debug_frame
  18              		.global	cy_metadata
  19              		.global	cy_meta_flashprotect
  20              		.global	cy_meta_wonvl
  21              		.global	cy_meta_custnvl
  22              		.global	cy_meta_configecc
  23              		.section	.cyconfigecc,"a",%progbits
  24              		.align	2
  25              		.type	cy_meta_configecc, %object
  26              		.size	cy_meta_configecc, 256
  27              	cy_meta_configecc:
  28 0000 01       		.byte	1
  29 0001 45       		.byte	69
  30 0002 00       		.byte	0
  31 0003 40       		.byte	64
  32 0004 01       		.byte	1
  33 0005 52       		.byte	82
  34 0006 00       		.byte	0
  35 0007 40       		.byte	64
  36 0008 02       		.byte	2
  37 0009 64       		.byte	100
  38 000a 00       		.byte	0
  39 000b 40       		.byte	64
  40 000c 02       		.byte	2
  41 000d 03       		.byte	3
  42 000e 01       		.byte	1
  43 000f 40       		.byte	64
  44 0010 06       		.byte	6
  45 0011 0A       		.byte	10
  46 0012 01       		.byte	1
  47 0013 40       		.byte	64
  48 0014 16       		.byte	22
  49 0015 0B       		.byte	11
  50 0016 01       		.byte	1
  51 0017 40       		.byte	64
  52 0018 0A       		.byte	10
  53 0019 0C       		.byte	12
  54 001a 01       		.byte	1
  55 001b 40       		.byte	64
  56 001c 0D       		.byte	13
  57 001d 0D       		.byte	13
ARM GAS  C:\Users\LUKASC~1\AppData\Local\Temp\ccbCZWjG.s 			page 2


  58 001e 01       		.byte	1
  59 001f 40       		.byte	64
  60 0020 01       		.byte	1
  61 0021 17       		.byte	23
  62 0022 01       		.byte	1
  63 0023 40       		.byte	64
  64 0024 01       		.byte	1
  65 0025 19       		.byte	25
  66 0026 01       		.byte	1
  67 0027 40       		.byte	64
  68 0028 05       		.byte	5
  69 0029 40       		.byte	64
  70 002a 01       		.byte	1
  71 002b 40       		.byte	64
  72 002c 06       		.byte	6
  73 002d 41       		.byte	65
  74 002e 01       		.byte	1
  75 002f 40       		.byte	64
  76 0030 01       		.byte	1
  77 0031 42       		.byte	66
  78 0032 01       		.byte	1
  79 0033 40       		.byte	64
  80 0034 01       		.byte	1
  81 0035 43       		.byte	67
  82 0036 01       		.byte	1
  83 0037 40       		.byte	64
  84 0038 02       		.byte	2
  85 0039 47       		.byte	71
  86 003a 01       		.byte	1
  87 003b 40       		.byte	64
  88 003c 02       		.byte	2
  89 003d 48       		.byte	72
  90 003e 01       		.byte	1
  91 003f 40       		.byte	64
  92 0040 01       		.byte	1
  93 0041 4C       		.byte	76
  94 0042 01       		.byte	1
  95 0043 40       		.byte	64
  96 0044 03       		.byte	3
  97 0045 50       		.byte	80
  98 0046 01       		.byte	1
  99 0047 40       		.byte	64
 100 0048 01       		.byte	1
 101 0049 51       		.byte	81
 102 004a 01       		.byte	1
 103 004b 40       		.byte	64
 104 004c 7E       		.byte	126
 105 004d 02       		.byte	2
 106 004e 7C       		.byte	124
 107 004f 40       		.byte	64
 108 0050 8C       		.byte	-116
 109 0051 03       		.byte	3
 110 0052 8D       		.byte	-115
 111 0053 7F       		.byte	127
 112 0054 E6       		.byte	-26
 113 0055 08       		.byte	8
 114 0056 E8       		.byte	-24
ARM GAS  C:\Users\LUKASC~1\AppData\Local\Temp\ccbCZWjG.s 			page 3


 115 0057 01       		.byte	1
 116 0058 56       		.byte	86
 117 0059 08       		.byte	8
 118 005a 5B       		.byte	91
 119 005b 04       		.byte	4
 120 005c 5D       		.byte	93
 121 005d 90       		.byte	-112
 122 005e D6       		.byte	-42
 123 005f 08       		.byte	8
 124 0060 DB       		.byte	-37
 125 0061 04       		.byte	4
 126 0062 DD       		.byte	-35
 127 0063 90       		.byte	-112
 128 0064 5B       		.byte	91
 129 0065 80       		.byte	-128
 130 0066 61       		.byte	97
 131 0067 08       		.byte	8
 132 0068 62       		.byte	98
 133 0069 A2       		.byte	-94
 134 006a 64       		.byte	100
 135 006b 10       		.byte	16
 136 006c 65       		.byte	101
 137 006d 01       		.byte	1
 138 006e 66       		.byte	102
 139 006f 50       		.byte	80
 140 0070 88       		.byte	-120
 141 0071 13       		.byte	19
 142 0072 89       		.byte	-119
 143 0073 08       		.byte	8
 144 0074 8A       		.byte	-118
 145 0075 40       		.byte	64
 146 0076 8B       		.byte	-117
 147 0077 10       		.byte	16
 148 0078 8D       		.byte	-115
 149 0079 11       		.byte	17
 150 007a 8E       		.byte	-114
 151 007b AA       		.byte	-86
 152 007c 8F       		.byte	-113
 153 007d 44       		.byte	68
 154 007e 97       		.byte	-105
 155 007f 10       		.byte	16
 156 0080 9B       		.byte	-101
 157 0081 80       		.byte	-128
 158 0082 9C       		.byte	-100
 159 0083 03       		.byte	3
 160 0084 9D       		.byte	-99
 161 0085 10       		.byte	16
 162 0086 9E       		.byte	-98
 163 0087 10       		.byte	16
 164 0088 9F       		.byte	-97
 165 0089 44       		.byte	68
 166 008a A6       		.byte	-90
 167 008b 08       		.byte	8
 168 008c D6       		.byte	-42
 169 008d 08       		.byte	8
 170 008e D8       		.byte	-40
 171 008f FF       		.byte	-1
ARM GAS  C:\Users\LUKASC~1\AppData\Local\Temp\ccbCZWjG.s 			page 4


 172 0090 54       		.byte	84
 173 0091 03       		.byte	3
 174 0092 56       		.byte	86
 175 0093 04       		.byte	4
 176 0094 5B       		.byte	91
 177 0095 04       		.byte	4
 178 0096 5D       		.byte	93
 179 0097 90       		.byte	-112
 180 0098 5F       		.byte	95
 181 0099 01       		.byte	1
 182 009a D4       		.byte	-44
 183 009b 7F       		.byte	127
 184 009c D6       		.byte	-42
 185 009d 04       		.byte	4
 186 009e DB       		.byte	-37
 187 009f 04       		.byte	4
 188 00a0 DD       		.byte	-35
 189 00a1 90       		.byte	-112
 190 00a2 DF       		.byte	-33
 191 00a3 01       		.byte	1
 192 00a4 58       		.byte	88
 193 00a5 01       		.byte	1
 194 00a6 59       		.byte	89
 195 00a7 10       		.byte	16
 196 00a8 5B       		.byte	91
 197 00a9 44       		.byte	68
 198 00aa 5C       		.byte	92
 199 00ab 80       		.byte	-128
 200 00ac 5F       		.byte	95
 201 00ad 10       		.byte	16
 202 00ae 60       		.byte	96
 203 00af 82       		.byte	-126
 204 00b0 62       		.byte	98
 205 00b1 18       		.byte	24
 206 00b2 64       		.byte	100
 207 00b3 40       		.byte	64
 208 00b4 84       		.byte	-124
 209 00b5 40       		.byte	64
 210 00b6 9B       		.byte	-101
 211 00b7 80       		.byte	-128
 212 00b8 AB       		.byte	-85
 213 00b9 80       		.byte	-128
 214 00ba D6       		.byte	-42
 215 00bb 3F       		.byte	63
 216 00bc D8       		.byte	-40
 217 00bd 8F       		.byte	-113
 218 00be EE       		.byte	-18
 219 00bf 02       		.byte	2
 220 00c0 EE       		.byte	-18
 221 00c1 02       		.byte	2
 222 00c2 17       		.byte	23
 223 00c3 04       		.byte	4
 224 00c4 30       		.byte	48
 225 00c5 40       		.byte	64
 226 00c6 36       		.byte	54
 227 00c7 40       		.byte	64
 228 00c8 C4       		.byte	-60
ARM GAS  C:\Users\LUKASC~1\AppData\Local\Temp\ccbCZWjG.s 			page 5


 229 00c9 20       		.byte	32
 230 00ca CC       		.byte	-52
 231 00cb 30       		.byte	48
 232 00cc 84       		.byte	-124
 233 00cd 40       		.byte	64
 234 00ce 9C       		.byte	-100
 235 00cf 40       		.byte	64
 236 00d0 A6       		.byte	-90
 237 00d1 40       		.byte	64
 238 00d2 AB       		.byte	-85
 239 00d3 04       		.byte	4
 240 00d4 E6       		.byte	-26
 241 00d5 10       		.byte	16
 242 00d6 E8       		.byte	-24
 243 00d7 80       		.byte	-128
 244 00d8 A6       		.byte	-90
 245 00d9 40       		.byte	64
 246 00da A6       		.byte	-90
 247 00db 40       		.byte	64
 248 00dc 0F       		.byte	15
 249 00dd 40       		.byte	64
 250 00de C2       		.byte	-62
 251 00df 04       		.byte	4
 252 00e0 AE       		.byte	-82
 253 00e1 40       		.byte	64
 254 00e2 EE       		.byte	-18
 255 00e3 40       		.byte	64
 256 00e4 AF       		.byte	-81
 257 00e5 40       		.byte	64
 258 00e6 01       		.byte	1
 259 00e7 01       		.byte	1
 260 00e8 0D       		.byte	13
 261 00e9 01       		.byte	1
 262 00ea 0F       		.byte	15
 263 00eb 01       		.byte	1
 264 00ec 00       		.byte	0
 265 00ed 0B       		.byte	11
 266 00ee 00       		.byte	0
 267 00ef 00       		.byte	0
 268 00f0 40       		.byte	64
 269 00f1 00       		.byte	0
 270 00f2 00       		.byte	0
 271 00f3 00       		.byte	0
 272 00f4 00       		.byte	0
 273 00f5 00       		.byte	0
 274 00f6 00       		.byte	0
 275 00f7 00       		.byte	0
 276 00f8 C0       		.byte	-64
 277 00f9 00       		.byte	0
 278 00fa 00       		.byte	0
 279 00fb 00       		.byte	0
 280 00fc 00       		.byte	0
 281 00fd 01       		.byte	1
 282 00fe 00       		.byte	0
 283 00ff 00       		.byte	0
 284              		.section	.cywolatch,"a",%progbits
 285              		.align	2
ARM GAS  C:\Users\LUKASC~1\AppData\Local\Temp\ccbCZWjG.s 			page 6


 286              		.type	cy_meta_wonvl, %object
 287              		.size	cy_meta_wonvl, 4
 288              	cy_meta_wonvl:
 289 0000 BC       		.byte	-68
 290 0001 90       		.byte	-112
 291 0002 AC       		.byte	-84
 292 0003 AF       		.byte	-81
 293              		.section	.cycustnvl,"a",%progbits
 294              		.align	2
 295              		.type	cy_meta_custnvl, %object
 296              		.size	cy_meta_custnvl, 4
 297              	cy_meta_custnvl:
 298 0000 00       		.byte	0
 299 0001 00       		.byte	0
 300 0002 40       		.byte	64
 301 0003 05       		.byte	5
 302              		.section	.cymeta,"a",%progbits
 303              		.align	2
 304              		.type	cy_metadata, %object
 305              		.size	cy_metadata, 12
 306              	cy_metadata:
 307 0000 00       		.byte	0
 308 0001 01       		.byte	1
 309 0002 2E       		.byte	46
 310 0003 16       		.byte	22
 311 0004 10       		.byte	16
 312 0005 69       		.byte	105
 313 0006 00       		.byte	0
 314 0007 01       		.byte	1
 315 0008 00       		.byte	0
 316 0009 00       		.byte	0
 317 000a 00       		.byte	0
 318 000b 00       		.byte	0
 319              		.section	.cyflashprotect,"a",%progbits
 320              		.align	2
 321              		.type	cy_meta_flashprotect, %object
 322              		.size	cy_meta_flashprotect, 256
 323              	cy_meta_flashprotect:
 324 0000 00000000 		.space	256
 324      00000000 
 324      00000000 
 324      00000000 
 324      00000000 
 325              		.text
 326              	.Letext0:
 327              		.file 1 ".\\Generated_Source\\PSoC5\\cymetadata.c"
 328              		.file 2 ".\\Generated_Source\\PSoC5\\cytypes.h"
 329              		.section	.debug_info,"",%progbits
 330              	.Ldebug_info0:
 331 0000 26010000 		.4byte	0x126
 332 0004 0400     		.2byte	0x4
 333 0006 00000000 		.4byte	.Ldebug_abbrev0
 334 000a 04       		.byte	0x4
 335 000b 01       		.uleb128 0x1
 336 000c FD000000 		.4byte	.LASF18
 337 0010 01       		.byte	0x1
 338 0011 69000000 		.4byte	.LASF19
ARM GAS  C:\Users\LUKASC~1\AppData\Local\Temp\ccbCZWjG.s 			page 7


 339 0015 00000000 		.4byte	.LASF20
 340 0019 00000000 		.4byte	.Ldebug_line0
 341 001d 02       		.uleb128 0x2
 342 001e 01       		.byte	0x1
 343 001f 06       		.byte	0x6
 344 0020 07020000 		.4byte	.LASF0
 345 0024 02       		.uleb128 0x2
 346 0025 01       		.byte	0x1
 347 0026 08       		.byte	0x8
 348 0027 A1000000 		.4byte	.LASF1
 349 002b 02       		.uleb128 0x2
 350 002c 02       		.byte	0x2
 351 002d 05       		.byte	0x5
 352 002e EE010000 		.4byte	.LASF2
 353 0032 02       		.uleb128 0x2
 354 0033 02       		.byte	0x2
 355 0034 07       		.byte	0x7
 356 0035 C1000000 		.4byte	.LASF3
 357 0039 02       		.uleb128 0x2
 358 003a 04       		.byte	0x4
 359 003b 05       		.byte	0x5
 360 003c FE010000 		.4byte	.LASF4
 361 0040 02       		.uleb128 0x2
 362 0041 04       		.byte	0x4
 363 0042 07       		.byte	0x7
 364 0043 AF000000 		.4byte	.LASF5
 365 0047 02       		.uleb128 0x2
 366 0048 08       		.byte	0x8
 367 0049 05       		.byte	0x5
 368 004a DB010000 		.4byte	.LASF6
 369 004e 02       		.uleb128 0x2
 370 004f 08       		.byte	0x8
 371 0050 07       		.byte	0x7
 372 0051 98010000 		.4byte	.LASF7
 373 0055 03       		.uleb128 0x3
 374 0056 04       		.byte	0x4
 375 0057 05       		.byte	0x5
 376 0058 696E7400 		.ascii	"int\000"
 377 005c 02       		.uleb128 0x2
 378 005d 04       		.byte	0x4
 379 005e 07       		.byte	0x7
 380 005f 8B010000 		.4byte	.LASF8
 381 0063 04       		.uleb128 0x4
 382 0064 F8010000 		.4byte	.LASF21
 383 0068 02       		.byte	0x2
 384 0069 3801     		.2byte	0x138
 385 006b 24000000 		.4byte	0x24
 386 006f 02       		.uleb128 0x2
 387 0070 04       		.byte	0x4
 388 0071 04       		.byte	0x4
 389 0072 9B000000 		.4byte	.LASF9
 390 0076 02       		.uleb128 0x2
 391 0077 08       		.byte	0x8
 392 0078 04       		.byte	0x4
 393 0079 D4000000 		.4byte	.LASF10
 394 007d 02       		.uleb128 0x2
 395 007e 01       		.byte	0x1
ARM GAS  C:\Users\LUKASC~1\AppData\Local\Temp\ccbCZWjG.s 			page 8


 396 007f 08       		.byte	0x8
 397 0080 E9010000 		.4byte	.LASF11
 398 0084 05       		.uleb128 0x5
 399 0085 63000000 		.4byte	0x63
 400 0089 94000000 		.4byte	0x94
 401 008d 06       		.uleb128 0x6
 402 008e 94000000 		.4byte	0x94
 403 0092 FF       		.byte	0xff
 404 0093 00       		.byte	0
 405 0094 02       		.uleb128 0x2
 406 0095 04       		.byte	0x4
 407 0096 07       		.byte	0x7
 408 0097 D2010000 		.4byte	.LASF12
 409 009b 07       		.uleb128 0x7
 410 009c EB000000 		.4byte	.LASF13
 411 00a0 01       		.byte	0x1
 412 00a1 1F       		.byte	0x1f
 413 00a2 AC000000 		.4byte	0xac
 414 00a6 05       		.uleb128 0x5
 415 00a7 03       		.byte	0x3
 416 00a8 00000000 		.4byte	cy_meta_configecc
 417 00ac 08       		.uleb128 0x8
 418 00ad 84000000 		.4byte	0x84
 419 00b1 05       		.uleb128 0x5
 420 00b2 63000000 		.4byte	0x63
 421 00b6 C1000000 		.4byte	0xc1
 422 00ba 06       		.uleb128 0x6
 423 00bb 94000000 		.4byte	0x94
 424 00bf 03       		.byte	0x3
 425 00c0 00       		.byte	0
 426 00c1 07       		.uleb128 0x7
 427 00c2 DB000000 		.4byte	.LASF14
 428 00c6 01       		.byte	0x1
 429 00c7 4C       		.byte	0x4c
 430 00c8 D2000000 		.4byte	0xd2
 431 00cc 05       		.uleb128 0x5
 432 00cd 03       		.byte	0x3
 433 00ce 00000000 		.4byte	cy_meta_custnvl
 434 00d2 08       		.uleb128 0x8
 435 00d3 B1000000 		.4byte	0xb1
 436 00d7 07       		.uleb128 0x7
 437 00d8 C4010000 		.4byte	.LASF15
 438 00dc 01       		.byte	0x1
 439 00dd 5A       		.byte	0x5a
 440 00de E8000000 		.4byte	0xe8
 441 00e2 05       		.uleb128 0x5
 442 00e3 03       		.byte	0x3
 443 00e4 00000000 		.4byte	cy_meta_wonvl
 444 00e8 08       		.uleb128 0x8
 445 00e9 B1000000 		.4byte	0xb1
 446 00ed 07       		.uleb128 0x7
 447 00ee AF010000 		.4byte	.LASF16
 448 00f2 01       		.byte	0x1
 449 00f3 68       		.byte	0x68
 450 00f4 FE000000 		.4byte	0xfe
 451 00f8 05       		.uleb128 0x5
 452 00f9 03       		.byte	0x3
ARM GAS  C:\Users\LUKASC~1\AppData\Local\Temp\ccbCZWjG.s 			page 9


 453 00fa 00000000 		.4byte	cy_meta_flashprotect
 454 00fe 08       		.uleb128 0x8
 455 00ff 84000000 		.4byte	0x84
 456 0103 05       		.uleb128 0x5
 457 0104 63000000 		.4byte	0x63
 458 0108 13010000 		.4byte	0x113
 459 010c 06       		.uleb128 0x6
 460 010d 94000000 		.4byte	0x94
 461 0111 0B       		.byte	0xb
 462 0112 00       		.byte	0
 463 0113 07       		.uleb128 0x7
 464 0114 8F000000 		.4byte	.LASF17
 465 0118 01       		.byte	0x1
 466 0119 95       		.byte	0x95
 467 011a 24010000 		.4byte	0x124
 468 011e 05       		.uleb128 0x5
 469 011f 03       		.byte	0x3
 470 0120 00000000 		.4byte	cy_metadata
 471 0124 08       		.uleb128 0x8
 472 0125 03010000 		.4byte	0x103
 473 0129 00       		.byte	0
 474              		.section	.debug_abbrev,"",%progbits
 475              	.Ldebug_abbrev0:
 476 0000 01       		.uleb128 0x1
 477 0001 11       		.uleb128 0x11
 478 0002 01       		.byte	0x1
 479 0003 25       		.uleb128 0x25
 480 0004 0E       		.uleb128 0xe
 481 0005 13       		.uleb128 0x13
 482 0006 0B       		.uleb128 0xb
 483 0007 03       		.uleb128 0x3
 484 0008 0E       		.uleb128 0xe
 485 0009 1B       		.uleb128 0x1b
 486 000a 0E       		.uleb128 0xe
 487 000b 10       		.uleb128 0x10
 488 000c 17       		.uleb128 0x17
 489 000d 00       		.byte	0
 490 000e 00       		.byte	0
 491 000f 02       		.uleb128 0x2
 492 0010 24       		.uleb128 0x24
 493 0011 00       		.byte	0
 494 0012 0B       		.uleb128 0xb
 495 0013 0B       		.uleb128 0xb
 496 0014 3E       		.uleb128 0x3e
 497 0015 0B       		.uleb128 0xb
 498 0016 03       		.uleb128 0x3
 499 0017 0E       		.uleb128 0xe
 500 0018 00       		.byte	0
 501 0019 00       		.byte	0
 502 001a 03       		.uleb128 0x3
 503 001b 24       		.uleb128 0x24
 504 001c 00       		.byte	0
 505 001d 0B       		.uleb128 0xb
 506 001e 0B       		.uleb128 0xb
 507 001f 3E       		.uleb128 0x3e
 508 0020 0B       		.uleb128 0xb
 509 0021 03       		.uleb128 0x3
ARM GAS  C:\Users\LUKASC~1\AppData\Local\Temp\ccbCZWjG.s 			page 10


 510 0022 08       		.uleb128 0x8
 511 0023 00       		.byte	0
 512 0024 00       		.byte	0
 513 0025 04       		.uleb128 0x4
 514 0026 16       		.uleb128 0x16
 515 0027 00       		.byte	0
 516 0028 03       		.uleb128 0x3
 517 0029 0E       		.uleb128 0xe
 518 002a 3A       		.uleb128 0x3a
 519 002b 0B       		.uleb128 0xb
 520 002c 3B       		.uleb128 0x3b
 521 002d 05       		.uleb128 0x5
 522 002e 49       		.uleb128 0x49
 523 002f 13       		.uleb128 0x13
 524 0030 00       		.byte	0
 525 0031 00       		.byte	0
 526 0032 05       		.uleb128 0x5
 527 0033 01       		.uleb128 0x1
 528 0034 01       		.byte	0x1
 529 0035 49       		.uleb128 0x49
 530 0036 13       		.uleb128 0x13
 531 0037 01       		.uleb128 0x1
 532 0038 13       		.uleb128 0x13
 533 0039 00       		.byte	0
 534 003a 00       		.byte	0
 535 003b 06       		.uleb128 0x6
 536 003c 21       		.uleb128 0x21
 537 003d 00       		.byte	0
 538 003e 49       		.uleb128 0x49
 539 003f 13       		.uleb128 0x13
 540 0040 2F       		.uleb128 0x2f
 541 0041 0B       		.uleb128 0xb
 542 0042 00       		.byte	0
 543 0043 00       		.byte	0
 544 0044 07       		.uleb128 0x7
 545 0045 34       		.uleb128 0x34
 546 0046 00       		.byte	0
 547 0047 03       		.uleb128 0x3
 548 0048 0E       		.uleb128 0xe
 549 0049 3A       		.uleb128 0x3a
 550 004a 0B       		.uleb128 0xb
 551 004b 3B       		.uleb128 0x3b
 552 004c 0B       		.uleb128 0xb
 553 004d 49       		.uleb128 0x49
 554 004e 13       		.uleb128 0x13
 555 004f 3F       		.uleb128 0x3f
 556 0050 19       		.uleb128 0x19
 557 0051 02       		.uleb128 0x2
 558 0052 18       		.uleb128 0x18
 559 0053 00       		.byte	0
 560 0054 00       		.byte	0
 561 0055 08       		.uleb128 0x8
 562 0056 26       		.uleb128 0x26
 563 0057 00       		.byte	0
 564 0058 49       		.uleb128 0x49
 565 0059 13       		.uleb128 0x13
 566 005a 00       		.byte	0
ARM GAS  C:\Users\LUKASC~1\AppData\Local\Temp\ccbCZWjG.s 			page 11


 567 005b 00       		.byte	0
 568 005c 00       		.byte	0
 569              		.section	.debug_aranges,"",%progbits
 570 0000 14000000 		.4byte	0x14
 571 0004 0200     		.2byte	0x2
 572 0006 00000000 		.4byte	.Ldebug_info0
 573 000a 04       		.byte	0x4
 574 000b 00       		.byte	0
 575 000c 0000     		.2byte	0
 576 000e 0000     		.2byte	0
 577 0010 00000000 		.4byte	0
 578 0014 00000000 		.4byte	0
 579              		.section	.debug_line,"",%progbits
 580              	.Ldebug_line0:
 581 0000 4F000000 		.section	.debug_str,"MS",%progbits,1
 581      02004900 
 581      00000201 
 581      FB0E0D00 
 581      01010101 
 582              	.LASF20:
 583 0000 433A5C55 		.ascii	"C:\\Users\\Lukas Creutzburg\\Documents\\GitHub\\PSo"
 583      73657273 
 583      5C4C756B 
 583      61732043 
 583      72657574 
 584 002e 43354C50 		.ascii	"C5LP-freeDSP-USB-Port\\PSoC_freeDSP_USB_Port\\Desig"
 584      2D667265 
 584      65445350 
 584      2D555342 
 584      2D506F72 
 585 005f 6E30312E 		.ascii	"n01.cydsn\000"
 585      63796473 
 585      6E00
 586              	.LASF19:
 587 0069 2E5C4765 		.ascii	".\\Generated_Source\\PSoC5\\cymetadata.c\000"
 587      6E657261 
 587      7465645F 
 587      536F7572 
 587      63655C50 
 588              	.LASF17:
 589 008f 63795F6D 		.ascii	"cy_metadata\000"
 589      65746164 
 589      61746100 
 590              	.LASF9:
 591 009b 666C6F61 		.ascii	"float\000"
 591      7400
 592              	.LASF1:
 593 00a1 756E7369 		.ascii	"unsigned char\000"
 593      676E6564 
 593      20636861 
 593      7200
 594              	.LASF5:
 595 00af 6C6F6E67 		.ascii	"long unsigned int\000"
 595      20756E73 
 595      69676E65 
 595      6420696E 
 595      7400
ARM GAS  C:\Users\LUKASC~1\AppData\Local\Temp\ccbCZWjG.s 			page 12


 596              	.LASF3:
 597 00c1 73686F72 		.ascii	"short unsigned int\000"
 597      7420756E 
 597      7369676E 
 597      65642069 
 597      6E7400
 598              	.LASF10:
 599 00d4 646F7562 		.ascii	"double\000"
 599      6C6500
 600              	.LASF14:
 601 00db 63795F6D 		.ascii	"cy_meta_custnvl\000"
 601      6574615F 
 601      63757374 
 601      6E766C00 
 602              	.LASF13:
 603 00eb 63795F6D 		.ascii	"cy_meta_configecc\000"
 603      6574615F 
 603      636F6E66 
 603      69676563 
 603      6300
 604              	.LASF18:
 605 00fd 474E5520 		.ascii	"GNU C 4.9.3 20150303 (release) [ARM/embedded-4_9-br"
 605      4320342E 
 605      392E3320 
 605      32303135 
 605      30333033 
 606 0130 616E6368 		.ascii	"anch revision 221220] -mcpu=cortex-m3 -mthumb -g -O"
 606      20726576 
 606      6973696F 
 606      6E203232 
 606      31323230 
 607 0163 67202D66 		.ascii	"g -ffunction-sections -ffat-lto-objects\000"
 607      66756E63 
 607      74696F6E 
 607      2D736563 
 607      74696F6E 
 608              	.LASF8:
 609 018b 756E7369 		.ascii	"unsigned int\000"
 609      676E6564 
 609      20696E74 
 609      00
 610              	.LASF7:
 611 0198 6C6F6E67 		.ascii	"long long unsigned int\000"
 611      206C6F6E 
 611      6720756E 
 611      7369676E 
 611      65642069 
 612              	.LASF16:
 613 01af 63795F6D 		.ascii	"cy_meta_flashprotect\000"
 613      6574615F 
 613      666C6173 
 613      6870726F 
 613      74656374 
 614              	.LASF15:
 615 01c4 63795F6D 		.ascii	"cy_meta_wonvl\000"
 615      6574615F 
 615      776F6E76 
ARM GAS  C:\Users\LUKASC~1\AppData\Local\Temp\ccbCZWjG.s 			page 13


 615      6C00
 616              	.LASF12:
 617 01d2 73697A65 		.ascii	"sizetype\000"
 617      74797065 
 617      00
 618              	.LASF6:
 619 01db 6C6F6E67 		.ascii	"long long int\000"
 619      206C6F6E 
 619      6720696E 
 619      7400
 620              	.LASF11:
 621 01e9 63686172 		.ascii	"char\000"
 621      00
 622              	.LASF2:
 623 01ee 73686F72 		.ascii	"short int\000"
 623      7420696E 
 623      7400
 624              	.LASF21:
 625 01f8 75696E74 		.ascii	"uint8\000"
 625      3800
 626              	.LASF4:
 627 01fe 6C6F6E67 		.ascii	"long int\000"
 627      20696E74 
 627      00
 628              	.LASF0:
 629 0207 7369676E 		.ascii	"signed char\000"
 629      65642063 
 629      68617200 
 630              		.ident	"GCC: (GNU Tools for ARM Embedded Processors) 4.9.3 20150303 (release) [ARM/embedded-4_9-br
