ARM GAS  C:\Users\LUKASC~1\AppData\Local\Temp\ccif4RaV.s 			page 1


   1              		.syntax unified
   2              		.cpu cortex-m3
   3              		.fpu softvfp
   4              		.eabi_attribute 20, 1
   5              		.eabi_attribute 21, 1
   6              		.eabi_attribute 23, 3
   7              		.eabi_attribute 24, 1
   8              		.eabi_attribute 25, 1
   9              		.eabi_attribute 26, 1
  10              		.eabi_attribute 30, 1
  11              		.eabi_attribute 34, 1
  12              		.eabi_attribute 18, 4
  13              		.thumb
  14              		.file	"USBFS_1_pm.c"
  15              		.text
  16              	.Ltext0:
  17              		.cfi_sections	.debug_frame
  18              		.section	.text.USBFS_1_DP_ISR,"ax",%progbits
  19              		.align	2
  20              		.global	USBFS_1_DP_ISR
  21              		.thumb
  22              		.thumb_func
  23              		.type	USBFS_1_DP_ISR, %function
  24              	USBFS_1_DP_ISR:
  25              	.LFB0:
  26              		.file 1 ".\\Generated_Source\\PSoC5\\USBFS_1_pm.c"
   1:.\Generated_Source\PSoC5/USBFS_1_pm.c **** /***************************************************************************//**
   2:.\Generated_Source\PSoC5/USBFS_1_pm.c **** * \file USBFS_1_pm.c
   3:.\Generated_Source\PSoC5/USBFS_1_pm.c **** * \version 3.0
   4:.\Generated_Source\PSoC5/USBFS_1_pm.c **** *
   5:.\Generated_Source\PSoC5/USBFS_1_pm.c **** * \brief
   6:.\Generated_Source\PSoC5/USBFS_1_pm.c **** *  This file provides Suspend/Resume APIs implementation.
   7:.\Generated_Source\PSoC5/USBFS_1_pm.c **** *
   8:.\Generated_Source\PSoC5/USBFS_1_pm.c **** ********************************************************************************
   9:.\Generated_Source\PSoC5/USBFS_1_pm.c **** * \copyright
  10:.\Generated_Source\PSoC5/USBFS_1_pm.c **** * Copyright 2008-2015, Cypress Semiconductor Corporation.  All rights reserved.
  11:.\Generated_Source\PSoC5/USBFS_1_pm.c **** * You may use this file only in accordance with the license, terms, conditions,
  12:.\Generated_Source\PSoC5/USBFS_1_pm.c **** * disclaimers, and limitations in the end user license agreement accompanying
  13:.\Generated_Source\PSoC5/USBFS_1_pm.c **** * the software package with which this file was provided.
  14:.\Generated_Source\PSoC5/USBFS_1_pm.c **** *******************************************************************************/
  15:.\Generated_Source\PSoC5/USBFS_1_pm.c **** 
  16:.\Generated_Source\PSoC5/USBFS_1_pm.c **** #include "USBFS_1_pvt.h"
  17:.\Generated_Source\PSoC5/USBFS_1_pm.c **** #include "USBFS_1_Dp.h"
  18:.\Generated_Source\PSoC5/USBFS_1_pm.c **** #include "cyapicallbacks.h"
  19:.\Generated_Source\PSoC5/USBFS_1_pm.c **** 
  20:.\Generated_Source\PSoC5/USBFS_1_pm.c **** /***************************************
  21:.\Generated_Source\PSoC5/USBFS_1_pm.c **** * Custom Declarations
  22:.\Generated_Source\PSoC5/USBFS_1_pm.c **** ***************************************/
  23:.\Generated_Source\PSoC5/USBFS_1_pm.c **** /* `#START PM_CUSTOM_DECLARATIONS` Place your declaration here */
  24:.\Generated_Source\PSoC5/USBFS_1_pm.c **** 
  25:.\Generated_Source\PSoC5/USBFS_1_pm.c **** /* `#END` */
  26:.\Generated_Source\PSoC5/USBFS_1_pm.c **** 
  27:.\Generated_Source\PSoC5/USBFS_1_pm.c **** 
  28:.\Generated_Source\PSoC5/USBFS_1_pm.c **** /***************************************
  29:.\Generated_Source\PSoC5/USBFS_1_pm.c **** * Local data allocation
  30:.\Generated_Source\PSoC5/USBFS_1_pm.c **** ***************************************/
  31:.\Generated_Source\PSoC5/USBFS_1_pm.c **** 
ARM GAS  C:\Users\LUKASC~1\AppData\Local\Temp\ccif4RaV.s 			page 2


  32:.\Generated_Source\PSoC5/USBFS_1_pm.c **** static USBFS_1_BACKUP_STRUCT  USBFS_1_backup;
  33:.\Generated_Source\PSoC5/USBFS_1_pm.c **** 
  34:.\Generated_Source\PSoC5/USBFS_1_pm.c **** #if (USBFS_1_DP_ISR_ACTIVE)
  35:.\Generated_Source\PSoC5/USBFS_1_pm.c ****     /*******************************************************************************
  36:.\Generated_Source\PSoC5/USBFS_1_pm.c ****     * Function Name: USBFS_1_DP_ISR
  37:.\Generated_Source\PSoC5/USBFS_1_pm.c ****     ****************************************************************************//**
  38:.\Generated_Source\PSoC5/USBFS_1_pm.c ****     *
  39:.\Generated_Source\PSoC5/USBFS_1_pm.c ****     *  This Interrupt Service Routine handles DP pin changes for wake-up from
  40:.\Generated_Source\PSoC5/USBFS_1_pm.c ****     *  the sleep mode.
  41:.\Generated_Source\PSoC5/USBFS_1_pm.c ****     *
  42:.\Generated_Source\PSoC5/USBFS_1_pm.c ****     *******************************************************************************/
  43:.\Generated_Source\PSoC5/USBFS_1_pm.c ****     CY_ISR(USBFS_1_DP_ISR)
  44:.\Generated_Source\PSoC5/USBFS_1_pm.c ****     {
  27              		.loc 1 44 0
  28              		.cfi_startproc
  29              		@ args = 0, pretend = 0, frame = 0
  30              		@ frame_needed = 0, uses_anonymous_args = 0
  31 0000 08B5     		push	{r3, lr}
  32              		.cfi_def_cfa_offset 8
  33              		.cfi_offset 3, -8
  34              		.cfi_offset 14, -4
  45:.\Generated_Source\PSoC5/USBFS_1_pm.c ****     #ifdef USBFS_1_DP_ISR_ENTRY_CALLBACK
  46:.\Generated_Source\PSoC5/USBFS_1_pm.c ****         USBFS_1_DP_ISR_EntryCallback();
  47:.\Generated_Source\PSoC5/USBFS_1_pm.c ****     #endif /* (USBFS_1_DP_ISR_ENTRY_CALLBACK) */
  48:.\Generated_Source\PSoC5/USBFS_1_pm.c **** 
  49:.\Generated_Source\PSoC5/USBFS_1_pm.c ****         /* `#START DP_USER_CODE` Place your code here */
  50:.\Generated_Source\PSoC5/USBFS_1_pm.c **** 
  51:.\Generated_Source\PSoC5/USBFS_1_pm.c ****         /* `#END` */
  52:.\Generated_Source\PSoC5/USBFS_1_pm.c **** 
  53:.\Generated_Source\PSoC5/USBFS_1_pm.c ****         (void) USBFS_1_Dp_ClearInterrupt();
  35              		.loc 1 53 0
  36 0002 FFF7FEFF 		bl	USBFS_1_Dp_ClearInterrupt
  37              	.LVL0:
  38 0006 08BD     		pop	{r3, pc}
  39              		.cfi_endproc
  40              	.LFE0:
  41              		.size	USBFS_1_DP_ISR, .-USBFS_1_DP_ISR
  42              		.section	.text.USBFS_1_SaveConfig,"ax",%progbits
  43              		.align	2
  44              		.global	USBFS_1_SaveConfig
  45              		.thumb
  46              		.thumb_func
  47              		.type	USBFS_1_SaveConfig, %function
  48              	USBFS_1_SaveConfig:
  49              	.LFB1:
  54:.\Generated_Source\PSoC5/USBFS_1_pm.c **** 		
  55:.\Generated_Source\PSoC5/USBFS_1_pm.c **** 	#ifdef USBFS_1_DP_ISR_EXIT_CALLBACK
  56:.\Generated_Source\PSoC5/USBFS_1_pm.c ****         USBFS_1_DP_ISR_ExitCallback();
  57:.\Generated_Source\PSoC5/USBFS_1_pm.c ****     #endif /* (USBFS_1_DP_ISR_EXIT_CALLBACK) */
  58:.\Generated_Source\PSoC5/USBFS_1_pm.c ****     }
  59:.\Generated_Source\PSoC5/USBFS_1_pm.c **** #endif /* (USBFS_1_DP_ISR_ACTIVE) */
  60:.\Generated_Source\PSoC5/USBFS_1_pm.c **** 
  61:.\Generated_Source\PSoC5/USBFS_1_pm.c **** 
  62:.\Generated_Source\PSoC5/USBFS_1_pm.c **** /*******************************************************************************
  63:.\Generated_Source\PSoC5/USBFS_1_pm.c **** * Function Name: USBFS_1_SaveConfig
  64:.\Generated_Source\PSoC5/USBFS_1_pm.c **** ****************************************************************************//**
  65:.\Generated_Source\PSoC5/USBFS_1_pm.c **** *
ARM GAS  C:\Users\LUKASC~1\AppData\Local\Temp\ccif4RaV.s 			page 3


  66:.\Generated_Source\PSoC5/USBFS_1_pm.c **** *  Saves the current user configuration.
  67:.\Generated_Source\PSoC5/USBFS_1_pm.c **** *
  68:.\Generated_Source\PSoC5/USBFS_1_pm.c **** * \reentrant
  69:.\Generated_Source\PSoC5/USBFS_1_pm.c **** *  No.
  70:.\Generated_Source\PSoC5/USBFS_1_pm.c **** *
  71:.\Generated_Source\PSoC5/USBFS_1_pm.c **** *******************************************************************************/
  72:.\Generated_Source\PSoC5/USBFS_1_pm.c **** void USBFS_1_SaveConfig(void) 
  73:.\Generated_Source\PSoC5/USBFS_1_pm.c **** {
  50              		.loc 1 73 0
  51              		.cfi_startproc
  52              		@ args = 0, pretend = 0, frame = 0
  53              		@ frame_needed = 0, uses_anonymous_args = 0
  54              		@ link register save eliminated.
  55 0000 7047     		bx	lr
  56              		.cfi_endproc
  57              	.LFE1:
  58              		.size	USBFS_1_SaveConfig, .-USBFS_1_SaveConfig
  59 0002 00BF     		.section	.text.USBFS_1_RestoreConfig,"ax",%progbits
  60              		.align	2
  61              		.global	USBFS_1_RestoreConfig
  62              		.thumb
  63              		.thumb_func
  64              		.type	USBFS_1_RestoreConfig, %function
  65              	USBFS_1_RestoreConfig:
  66              	.LFB2:
  74:.\Generated_Source\PSoC5/USBFS_1_pm.c ****     /* Empty function added for the compatibility purpose. */
  75:.\Generated_Source\PSoC5/USBFS_1_pm.c **** }
  76:.\Generated_Source\PSoC5/USBFS_1_pm.c **** 
  77:.\Generated_Source\PSoC5/USBFS_1_pm.c **** 
  78:.\Generated_Source\PSoC5/USBFS_1_pm.c **** /*******************************************************************************
  79:.\Generated_Source\PSoC5/USBFS_1_pm.c **** * Function Name: USBFS_1_RestoreConfig
  80:.\Generated_Source\PSoC5/USBFS_1_pm.c **** ****************************************************************************//**
  81:.\Generated_Source\PSoC5/USBFS_1_pm.c **** *
  82:.\Generated_Source\PSoC5/USBFS_1_pm.c **** *  Restores the current user configuration.
  83:.\Generated_Source\PSoC5/USBFS_1_pm.c **** *
  84:.\Generated_Source\PSoC5/USBFS_1_pm.c **** * \reentrant
  85:.\Generated_Source\PSoC5/USBFS_1_pm.c **** *  No.
  86:.\Generated_Source\PSoC5/USBFS_1_pm.c **** *
  87:.\Generated_Source\PSoC5/USBFS_1_pm.c **** *******************************************************************************/
  88:.\Generated_Source\PSoC5/USBFS_1_pm.c **** void USBFS_1_RestoreConfig(void) 
  89:.\Generated_Source\PSoC5/USBFS_1_pm.c **** {
  67              		.loc 1 89 0
  68              		.cfi_startproc
  69              		@ args = 0, pretend = 0, frame = 0
  70              		@ frame_needed = 0, uses_anonymous_args = 0
  71              		.loc 1 89 0
  72 0000 08B5     		push	{r3, lr}
  73              		.cfi_def_cfa_offset 8
  74              		.cfi_offset 3, -8
  75              		.cfi_offset 14, -4
  90:.\Generated_Source\PSoC5/USBFS_1_pm.c ****     if (USBFS_1_configuration != 0u)
  76              		.loc 1 90 0
  77 0002 054B     		ldr	r3, .L7
  78 0004 1B78     		ldrb	r3, [r3]	@ zero_extendqisi2
  79 0006 13F0FF0F 		tst	r3, #255
  80 000a 03D0     		beq	.L4
  91:.\Generated_Source\PSoC5/USBFS_1_pm.c ****     {
ARM GAS  C:\Users\LUKASC~1\AppData\Local\Temp\ccif4RaV.s 			page 4


  92:.\Generated_Source\PSoC5/USBFS_1_pm.c ****         USBFS_1_ConfigReg();
  81              		.loc 1 92 0
  82 000c FFF7FEFF 		bl	USBFS_1_ConfigReg
  83              	.LVL1:
  93:.\Generated_Source\PSoC5/USBFS_1_pm.c ****         USBFS_1_EpStateInit();
  84              		.loc 1 93 0
  85 0010 FFF7FEFF 		bl	USBFS_1_EpStateInit
  86              	.LVL2:
  87              	.L4:
  88 0014 08BD     		pop	{r3, pc}
  89              	.L8:
  90 0016 00BF     		.align	2
  91              	.L7:
  92 0018 00000000 		.word	USBFS_1_configuration
  93              		.cfi_endproc
  94              	.LFE2:
  95              		.size	USBFS_1_RestoreConfig, .-USBFS_1_RestoreConfig
  96              		.section	.text.USBFS_1_Suspend,"ax",%progbits
  97              		.align	2
  98              		.global	USBFS_1_Suspend
  99              		.thumb
 100              		.thumb_func
 101              		.type	USBFS_1_Suspend, %function
 102              	USBFS_1_Suspend:
 103              	.LFB3:
  94:.\Generated_Source\PSoC5/USBFS_1_pm.c ****     }
  95:.\Generated_Source\PSoC5/USBFS_1_pm.c **** }
  96:.\Generated_Source\PSoC5/USBFS_1_pm.c **** 
  97:.\Generated_Source\PSoC5/USBFS_1_pm.c **** 
  98:.\Generated_Source\PSoC5/USBFS_1_pm.c **** /*******************************************************************************
  99:.\Generated_Source\PSoC5/USBFS_1_pm.c **** * Function Name: USBFS_1_Suspend
 100:.\Generated_Source\PSoC5/USBFS_1_pm.c **** ****************************************************************************//**
 101:.\Generated_Source\PSoC5/USBFS_1_pm.c **** *
 102:.\Generated_Source\PSoC5/USBFS_1_pm.c **** *  This function prepares the USBFS component to enter low power mode. The 
 103:.\Generated_Source\PSoC5/USBFS_1_pm.c **** *  interrupt on falling edge on Dp pin is configured to wakeup device when the 
 104:.\Generated_Source\PSoC5/USBFS_1_pm.c **** *  host drives resume condition. The pull-up is enabled on the Dp line while 
 105:.\Generated_Source\PSoC5/USBFS_1_pm.c **** *  device is in low power mode. The supported low power modes are Deep Sleep 
 106:.\Generated_Source\PSoC5/USBFS_1_pm.c **** *  (PSoC 4200L) and Sleep (PSoC 3/ PSoC 5LP).
 107:.\Generated_Source\PSoC5/USBFS_1_pm.c **** *  
 108:.\Generated_Source\PSoC5/USBFS_1_pm.c **** *  *Note* For PSoC 4200L devices, this function should not be called before 
 109:.\Generated_Source\PSoC5/USBFS_1_pm.c **** *  entering Sleep.
 110:.\Generated_Source\PSoC5/USBFS_1_pm.c **** *  
 111:.\Generated_Source\PSoC5/USBFS_1_pm.c **** *  *Note* After enter low power mode, the data which is left in the IN or OUT 
 112:.\Generated_Source\PSoC5/USBFS_1_pm.c **** *  endpoint buffers is not restored after wakeup and lost. Therefore it should 
 113:.\Generated_Source\PSoC5/USBFS_1_pm.c **** *  be stored in the SRAM for OUT endpoint or read by the host for IN endpoint 
 114:.\Generated_Source\PSoC5/USBFS_1_pm.c **** *  before enter low power mode.
 115:.\Generated_Source\PSoC5/USBFS_1_pm.c **** *
 116:.\Generated_Source\PSoC5/USBFS_1_pm.c **** * \globalvars
 117:.\Generated_Source\PSoC5/USBFS_1_pm.c **** *  USBFS_1_backup.enable:  modified.
 118:.\Generated_Source\PSoC5/USBFS_1_pm.c **** *
 119:.\Generated_Source\PSoC5/USBFS_1_pm.c **** * \reentrant
 120:.\Generated_Source\PSoC5/USBFS_1_pm.c **** *  No.
 121:.\Generated_Source\PSoC5/USBFS_1_pm.c **** *
 122:.\Generated_Source\PSoC5/USBFS_1_pm.c **** *******************************************************************************/
 123:.\Generated_Source\PSoC5/USBFS_1_pm.c **** void USBFS_1_Suspend(void) 
 124:.\Generated_Source\PSoC5/USBFS_1_pm.c **** {
 104              		.loc 1 124 0
ARM GAS  C:\Users\LUKASC~1\AppData\Local\Temp\ccif4RaV.s 			page 5


 105              		.cfi_startproc
 106              		@ args = 0, pretend = 0, frame = 0
 107              		@ frame_needed = 0, uses_anonymous_args = 0
 108 0000 F8B5     		push	{r3, r4, r5, r6, r7, lr}
 109              		.cfi_def_cfa_offset 24
 110              		.cfi_offset 3, -24
 111              		.cfi_offset 4, -20
 112              		.cfi_offset 5, -16
 113              		.cfi_offset 6, -12
 114              		.cfi_offset 7, -8
 115              		.cfi_offset 14, -4
 125:.\Generated_Source\PSoC5/USBFS_1_pm.c ****     uint8 enableInterrupts;
 126:.\Generated_Source\PSoC5/USBFS_1_pm.c **** 
 127:.\Generated_Source\PSoC5/USBFS_1_pm.c ****     enableInterrupts = CyEnterCriticalSection();
 116              		.loc 1 127 0
 117 0002 FFF7FEFF 		bl	CyEnterCriticalSection
 118              	.LVL3:
 119 0006 0446     		mov	r4, r0
 120              	.LVL4:
 128:.\Generated_Source\PSoC5/USBFS_1_pm.c **** 
 129:.\Generated_Source\PSoC5/USBFS_1_pm.c ****     if (0u != (USBFS_1_CR0_REG & USBFS_1_CR0_ENABLE))
 121              		.loc 1 129 0
 122 0008 294B     		ldr	r3, .L13
 123 000a 1B78     		ldrb	r3, [r3]	@ zero_extendqisi2
 124 000c 13F0800F 		tst	r3, #128
 125 0010 3ED0     		beq	.L10
 130:.\Generated_Source\PSoC5/USBFS_1_pm.c ****     {
 131:.\Generated_Source\PSoC5/USBFS_1_pm.c ****         /* USB block is enabled. */
 132:.\Generated_Source\PSoC5/USBFS_1_pm.c ****         USBFS_1_backup.enableState = 1u;
 126              		.loc 1 132 0
 127 0012 284F     		ldr	r7, .L13+4
 128 0014 0126     		movs	r6, #1
 129 0016 3E70     		strb	r6, [r7]
 133:.\Generated_Source\PSoC5/USBFS_1_pm.c **** 
 134:.\Generated_Source\PSoC5/USBFS_1_pm.c ****     #if (USBFS_1_EP_MANAGEMENT_DMA)
 135:.\Generated_Source\PSoC5/USBFS_1_pm.c ****         USBFS_1_Stop_DMA(USBFS_1_MAX_EP);
 130              		.loc 1 135 0
 131 0018 0920     		movs	r0, #9
 132 001a FFF7FEFF 		bl	USBFS_1_Stop_DMA
 133              	.LVL5:
 136:.\Generated_Source\PSoC5/USBFS_1_pm.c ****     #endif /* (USBFS_1_EP_MANAGEMENT_DMA) */
 137:.\Generated_Source\PSoC5/USBFS_1_pm.c **** 
 138:.\Generated_Source\PSoC5/USBFS_1_pm.c ****     #if (CY_PSOC4)
 139:.\Generated_Source\PSoC5/USBFS_1_pm.c ****         /* Suspend enter sequence. */
 140:.\Generated_Source\PSoC5/USBFS_1_pm.c ****         USBFS_1_POWER_CTRL_REG |= (USBFS_1_POWER_CTRL_SUSPEND |
 141:.\Generated_Source\PSoC5/USBFS_1_pm.c ****                                             USBFS_1_POWER_CTRL_SUSPEND_DEL);
 142:.\Generated_Source\PSoC5/USBFS_1_pm.c **** 
 143:.\Generated_Source\PSoC5/USBFS_1_pm.c ****         /* Store state of USB regulator and disable it. */
 144:.\Generated_Source\PSoC5/USBFS_1_pm.c ****         USBFS_1_backup.mode = (uint8)  (USBFS_1_CR1_REG & USBFS_1_CR1_REG_ENABLE);
 145:.\Generated_Source\PSoC5/USBFS_1_pm.c ****         USBFS_1_CR1_REG    &= (uint32) ~USBFS_1_CR1_REG_ENABLE;
 146:.\Generated_Source\PSoC5/USBFS_1_pm.c ****         
 147:.\Generated_Source\PSoC5/USBFS_1_pm.c ****         /* Store SIE interrupt sources. Valid bits are 0 - 4. */
 148:.\Generated_Source\PSoC5/USBFS_1_pm.c ****         USBFS_1_backup.intrSeiMask = (uint8) USBFS_1_INTR_SIE_MASK_REG;
 149:.\Generated_Source\PSoC5/USBFS_1_pm.c **** 
 150:.\Generated_Source\PSoC5/USBFS_1_pm.c ****     #else
 151:.\Generated_Source\PSoC5/USBFS_1_pm.c ****         /* Ensure USB transmit enable is low (USB_USBIO_CR0.ten). - Manual Transmission - Disabled.
 152:.\Generated_Source\PSoC5/USBFS_1_pm.c ****         USBFS_1_USBIO_CR0_REG &= (uint8) ~USBFS_1_USBIO_CR0_TEN;
ARM GAS  C:\Users\LUKASC~1\AppData\Local\Temp\ccif4RaV.s 			page 6


 134              		.loc 1 152 0
 135 001e 264A     		ldr	r2, .L13+8
 136 0020 1378     		ldrb	r3, [r2]	@ zero_extendqisi2
 137 0022 03F07F03 		and	r3, r3, #127
 138 0026 1370     		strb	r3, [r2]
 153:.\Generated_Source\PSoC5/USBFS_1_pm.c ****         CyDelayUs(USBFS_1_WAIT_REG_STABILITY_50NS);  /*~50ns delay. */
 139              		.loc 1 153 0
 140 0028 0020     		movs	r0, #0
 141 002a FFF7FEFF 		bl	CyDelayUs
 142              	.LVL6:
 154:.\Generated_Source\PSoC5/USBFS_1_pm.c **** 
 155:.\Generated_Source\PSoC5/USBFS_1_pm.c ****         /* Disable the USBIO by asserting PM.USB_CR0.fsusbio_pd_n(Inverted) and pd_pullup_hv(Invert
 156:.\Generated_Source\PSoC5/USBFS_1_pm.c ****         USBFS_1_PM_USB_CR0_REG &= (uint8) ~(USBFS_1_PM_USB_CR0_PD_N |
 143              		.loc 1 156 0
 144 002e 234D     		ldr	r5, .L13+12
 145 0030 2B78     		ldrb	r3, [r5]	@ zero_extendqisi2
 146 0032 03F0F903 		and	r3, r3, #249
 147 0036 2B70     		strb	r3, [r5]
 157:.\Generated_Source\PSoC5/USBFS_1_pm.c ****                                                      USBFS_1_PM_USB_CR0_PD_PULLUP_N);
 158:.\Generated_Source\PSoC5/USBFS_1_pm.c **** 
 159:.\Generated_Source\PSoC5/USBFS_1_pm.c ****         /* Disable the SIE. */
 160:.\Generated_Source\PSoC5/USBFS_1_pm.c ****         USBFS_1_CR0_REG &= (uint8) ~USBFS_1_CR0_ENABLE;
 148              		.loc 1 160 0
 149 0038 1D4A     		ldr	r2, .L13
 150 003a 1378     		ldrb	r3, [r2]	@ zero_extendqisi2
 151 003c 03F07F03 		and	r3, r3, #127
 152 0040 1370     		strb	r3, [r2]
 161:.\Generated_Source\PSoC5/USBFS_1_pm.c **** 
 162:.\Generated_Source\PSoC5/USBFS_1_pm.c ****         CyDelayUs(USBFS_1_WAIT_REG_STABILITY_50NS);  /* ~50ns delay. */
 153              		.loc 1 162 0
 154 0042 0020     		movs	r0, #0
 155 0044 FFF7FEFF 		bl	CyDelayUs
 156              	.LVL7:
 163:.\Generated_Source\PSoC5/USBFS_1_pm.c ****         /* Store mode and disable VRegulator. */
 164:.\Generated_Source\PSoC5/USBFS_1_pm.c ****         USBFS_1_backup.mode = (uint8) (USBFS_1_CR1_REG & USBFS_1_CR1_REG_ENABLE);
 157              		.loc 1 164 0
 158 0048 1D4B     		ldr	r3, .L13+16
 159 004a 1A78     		ldrb	r2, [r3]	@ zero_extendqisi2
 160 004c 3240     		ands	r2, r2, r6
 161 004e 7A70     		strb	r2, [r7, #1]
 165:.\Generated_Source\PSoC5/USBFS_1_pm.c ****         USBFS_1_CR1_REG    &= (uint8) ~USBFS_1_CR1_REG_ENABLE;
 162              		.loc 1 165 0
 163 0050 1A78     		ldrb	r2, [r3]	@ zero_extendqisi2
 164 0052 02F0FE02 		and	r2, r2, #254
 165 0056 1A70     		strb	r2, [r3]
 166:.\Generated_Source\PSoC5/USBFS_1_pm.c **** 
 167:.\Generated_Source\PSoC5/USBFS_1_pm.c ****         CyDelayUs(USBFS_1_WAIT_REG_STABILITY_1US); /* min 0.5us delay required. */
 166              		.loc 1 167 0
 167 0058 3046     		mov	r0, r6
 168 005a FFF7FEFF 		bl	CyDelayUs
 169              	.LVL8:
 168:.\Generated_Source\PSoC5/USBFS_1_pm.c **** 
 169:.\Generated_Source\PSoC5/USBFS_1_pm.c ****         /* Disable the USBIO reference by setting PM.USB_CR0.fsusbio_ref_en.*/
 170:.\Generated_Source\PSoC5/USBFS_1_pm.c ****         USBFS_1_PM_USB_CR0_REG &= (uint8) ~USBFS_1_PM_USB_CR0_REF_EN;
 170              		.loc 1 170 0
 171 005e 2B78     		ldrb	r3, [r5]	@ zero_extendqisi2
 172 0060 03F0FE03 		and	r3, r3, #254
ARM GAS  C:\Users\LUKASC~1\AppData\Local\Temp\ccif4RaV.s 			page 7


 173 0064 2B70     		strb	r3, [r5]
 171:.\Generated_Source\PSoC5/USBFS_1_pm.c **** 
 172:.\Generated_Source\PSoC5/USBFS_1_pm.c ****         /* Switch DP and DM terminals to GPIO mode and disconnect 1.5k pull-up. */
 173:.\Generated_Source\PSoC5/USBFS_1_pm.c ****         USBFS_1_USBIO_CR1_REG |= USBFS_1_USBIO_CR1_IOMODE;
 174              		.loc 1 173 0
 175 0066 174A     		ldr	r2, .L13+20
 176 0068 1378     		ldrb	r3, [r2]	@ zero_extendqisi2
 177 006a 43F02003 		orr	r3, r3, #32
 178 006e 1370     		strb	r3, [r2]
 174:.\Generated_Source\PSoC5/USBFS_1_pm.c **** 
 175:.\Generated_Source\PSoC5/USBFS_1_pm.c ****         /* Disable USBFS block. */
 176:.\Generated_Source\PSoC5/USBFS_1_pm.c ****         /* Clear power active and standby mode templates: disable USB block. */
 177:.\Generated_Source\PSoC5/USBFS_1_pm.c ****         USBFS_1_PM_ACT_CFG_REG  &= (uint8) ~USBFS_1_PM_ACT_EN_FSUSB;
 179              		.loc 1 177 0
 180 0070 A2F5E352 		sub	r2, r2, #7264
 181 0074 0D3A     		subs	r2, r2, #13
 182 0076 1378     		ldrb	r3, [r2]	@ zero_extendqisi2
 183 0078 03F0FE03 		and	r3, r3, #254
 184 007c 1370     		strb	r3, [r2]
 178:.\Generated_Source\PSoC5/USBFS_1_pm.c ****         USBFS_1_PM_STBY_CFG_REG &= (uint8) ~USBFS_1_PM_STBY_EN_FSUSB;
 185              		.loc 1 178 0
 186 007e 1032     		adds	r2, r2, #16
 187 0080 1378     		ldrb	r3, [r2]	@ zero_extendqisi2
 188 0082 03F0FE03 		and	r3, r3, #254
 189 0086 1370     		strb	r3, [r2]
 179:.\Generated_Source\PSoC5/USBFS_1_pm.c **** 
 180:.\Generated_Source\PSoC5/USBFS_1_pm.c ****         CyDelayUs(USBFS_1_WAIT_REG_STABILITY_1US); /* min 0.5us delay required. */
 190              		.loc 1 180 0
 191 0088 3046     		mov	r0, r6
 192 008a FFF7FEFF 		bl	CyDelayUs
 193              	.LVL9:
 194 008e 02E0     		b	.L11
 195              	.L10:
 181:.\Generated_Source\PSoC5/USBFS_1_pm.c ****     #endif /* (CY_PSOC4) */
 182:.\Generated_Source\PSoC5/USBFS_1_pm.c ****     }
 183:.\Generated_Source\PSoC5/USBFS_1_pm.c ****     else
 184:.\Generated_Source\PSoC5/USBFS_1_pm.c ****     {
 185:.\Generated_Source\PSoC5/USBFS_1_pm.c ****         USBFS_1_backup.enableState = 0u;
 196              		.loc 1 185 0
 197 0090 0022     		movs	r2, #0
 198 0092 084B     		ldr	r3, .L13+4
 199 0094 1A70     		strb	r2, [r3]
 200              	.L11:
 186:.\Generated_Source\PSoC5/USBFS_1_pm.c ****     }
 187:.\Generated_Source\PSoC5/USBFS_1_pm.c **** 
 188:.\Generated_Source\PSoC5/USBFS_1_pm.c ****     CyExitCriticalSection(enableInterrupts);
 201              		.loc 1 188 0
 202 0096 2046     		mov	r0, r4
 203 0098 FFF7FEFF 		bl	CyExitCriticalSection
 204              	.LVL10:
 189:.\Generated_Source\PSoC5/USBFS_1_pm.c **** 
 190:.\Generated_Source\PSoC5/USBFS_1_pm.c **** #if (USBFS_1_DP_ISR_ACTIVE)
 191:.\Generated_Source\PSoC5/USBFS_1_pm.c ****     /* Clear active mode Dp interrupt source history. */
 192:.\Generated_Source\PSoC5/USBFS_1_pm.c ****     (void) USBFS_1_Dp_ClearInterrupt();
 205              		.loc 1 192 0
 206 009c FFF7FEFF 		bl	USBFS_1_Dp_ClearInterrupt
 207              	.LVL11:
ARM GAS  C:\Users\LUKASC~1\AppData\Local\Temp\ccif4RaV.s 			page 8


 193:.\Generated_Source\PSoC5/USBFS_1_pm.c ****     CyIntClearPending(USBFS_1_DP_INTC_VECT_NUM);
 208              		.loc 1 193 0
 209 00a0 4FF48053 		mov	r3, #4096
 210 00a4 084A     		ldr	r2, .L13+24
 211 00a6 1360     		str	r3, [r2]
 194:.\Generated_Source\PSoC5/USBFS_1_pm.c **** 
 195:.\Generated_Source\PSoC5/USBFS_1_pm.c ****     CyIntEnable      (USBFS_1_DP_INTC_VECT_NUM);
 212              		.loc 1 195 0
 213 00a8 A2F5C072 		sub	r2, r2, #384
 214 00ac 1360     		str	r3, [r2]
 215 00ae F8BD     		pop	{r3, r4, r5, r6, r7, pc}
 216              	.LVL12:
 217              	.L14:
 218              		.align	2
 219              	.L13:
 220 00b0 08600040 		.word	1073766408
 221 00b4 00000000 		.word	.LANCHOR0
 222 00b8 10600040 		.word	1073766416
 223 00bc 94430040 		.word	1073759124
 224 00c0 09600040 		.word	1073766409
 225 00c4 12600040 		.word	1073766418
 226 00c8 80E200E0 		.word	-536812928
 227              		.cfi_endproc
 228              	.LFE3:
 229              		.size	USBFS_1_Suspend, .-USBFS_1_Suspend
 230              		.section	.text.USBFS_1_Resume,"ax",%progbits
 231              		.align	2
 232              		.global	USBFS_1_Resume
 233              		.thumb
 234              		.thumb_func
 235              		.type	USBFS_1_Resume, %function
 236              	USBFS_1_Resume:
 237              	.LFB4:
 196:.\Generated_Source\PSoC5/USBFS_1_pm.c **** #endif /* (USBFS_1_DP_ISR_ACTIVE). */
 197:.\Generated_Source\PSoC5/USBFS_1_pm.c **** }
 198:.\Generated_Source\PSoC5/USBFS_1_pm.c **** 
 199:.\Generated_Source\PSoC5/USBFS_1_pm.c **** 
 200:.\Generated_Source\PSoC5/USBFS_1_pm.c **** /*******************************************************************************
 201:.\Generated_Source\PSoC5/USBFS_1_pm.c **** * Function Name: USBFS_1_Resume
 202:.\Generated_Source\PSoC5/USBFS_1_pm.c **** ****************************************************************************//**
 203:.\Generated_Source\PSoC5/USBFS_1_pm.c **** *
 204:.\Generated_Source\PSoC5/USBFS_1_pm.c **** *  This function prepares the USBFS component for active mode operation after 
 205:.\Generated_Source\PSoC5/USBFS_1_pm.c **** *  exit low power mode. It restores the component active mode configuration such 
 206:.\Generated_Source\PSoC5/USBFS_1_pm.c **** *  as device address assigned previously by the host, endpoints buffer and disables 
 207:.\Generated_Source\PSoC5/USBFS_1_pm.c **** *  interrupt on Dp pin.
 208:.\Generated_Source\PSoC5/USBFS_1_pm.c **** *  The supported low power modes are Deep Sleep (PSoC 4200L) and Sleep 
 209:.\Generated_Source\PSoC5/USBFS_1_pm.c **** *  (PSoC 3/ PSoC 5LP).
 210:.\Generated_Source\PSoC5/USBFS_1_pm.c **** *  
 211:.\Generated_Source\PSoC5/USBFS_1_pm.c **** *  *Note* For PSoC 4200L devices, this function should not be called after 
 212:.\Generated_Source\PSoC5/USBFS_1_pm.c **** *  exiting Sleep.
 213:.\Generated_Source\PSoC5/USBFS_1_pm.c **** *  
 214:.\Generated_Source\PSoC5/USBFS_1_pm.c **** *  *Note* To resume communication with the host, the data endpoints must be 
 215:.\Generated_Source\PSoC5/USBFS_1_pm.c **** *  managed: the OUT endpoints must be enabled and IN endpoints must be loaded 
 216:.\Generated_Source\PSoC5/USBFS_1_pm.c **** *  with data. For DMA with Automatic Buffer Management, all endpoints buffers 
 217:.\Generated_Source\PSoC5/USBFS_1_pm.c **** *  must be initialized again before making them available to the host.
 218:.\Generated_Source\PSoC5/USBFS_1_pm.c **** *
 219:.\Generated_Source\PSoC5/USBFS_1_pm.c **** *
ARM GAS  C:\Users\LUKASC~1\AppData\Local\Temp\ccif4RaV.s 			page 9


 220:.\Generated_Source\PSoC5/USBFS_1_pm.c **** * \globalvars
 221:.\Generated_Source\PSoC5/USBFS_1_pm.c **** *  USBFS_1_backup - checked.
 222:.\Generated_Source\PSoC5/USBFS_1_pm.c **** *
 223:.\Generated_Source\PSoC5/USBFS_1_pm.c **** * \reentrant
 224:.\Generated_Source\PSoC5/USBFS_1_pm.c **** *  No.
 225:.\Generated_Source\PSoC5/USBFS_1_pm.c **** *
 226:.\Generated_Source\PSoC5/USBFS_1_pm.c **** *******************************************************************************/
 227:.\Generated_Source\PSoC5/USBFS_1_pm.c **** void USBFS_1_Resume(void) 
 228:.\Generated_Source\PSoC5/USBFS_1_pm.c **** {
 238              		.loc 1 228 0
 239              		.cfi_startproc
 240              		@ args = 0, pretend = 0, frame = 0
 241              		@ frame_needed = 0, uses_anonymous_args = 0
 242 0000 38B5     		push	{r3, r4, r5, lr}
 243              		.cfi_def_cfa_offset 16
 244              		.cfi_offset 3, -16
 245              		.cfi_offset 4, -12
 246              		.cfi_offset 5, -8
 247              		.cfi_offset 14, -4
 229:.\Generated_Source\PSoC5/USBFS_1_pm.c ****     uint8 enableInterrupts;
 230:.\Generated_Source\PSoC5/USBFS_1_pm.c **** 
 231:.\Generated_Source\PSoC5/USBFS_1_pm.c ****     enableInterrupts = CyEnterCriticalSection();
 248              		.loc 1 231 0
 249 0002 FFF7FEFF 		bl	CyEnterCriticalSection
 250              	.LVL13:
 251 0006 0546     		mov	r5, r0
 252              	.LVL14:
 232:.\Generated_Source\PSoC5/USBFS_1_pm.c **** 
 233:.\Generated_Source\PSoC5/USBFS_1_pm.c ****     if (0u != USBFS_1_backup.enableState)
 253              		.loc 1 233 0
 254 0008 274B     		ldr	r3, .L18
 255 000a 1B78     		ldrb	r3, [r3]	@ zero_extendqisi2
 256 000c 002B     		cmp	r3, #0
 257 000e 46D0     		beq	.L16
 234:.\Generated_Source\PSoC5/USBFS_1_pm.c ****     {
 235:.\Generated_Source\PSoC5/USBFS_1_pm.c ****     #if (USBFS_1_DP_ISR_ACTIVE)
 236:.\Generated_Source\PSoC5/USBFS_1_pm.c ****         CyIntDisable(USBFS_1_DP_INTC_VECT_NUM);
 258              		.loc 1 236 0
 259 0010 4FF48052 		mov	r2, #4096
 260 0014 254B     		ldr	r3, .L18+4
 261 0016 1A60     		str	r2, [r3]
 237:.\Generated_Source\PSoC5/USBFS_1_pm.c ****     #endif /* (USBFS_1_DP_ISR_ACTIVE) */
 238:.\Generated_Source\PSoC5/USBFS_1_pm.c **** 
 239:.\Generated_Source\PSoC5/USBFS_1_pm.c ****     #if (CY_PSOC4)
 240:.\Generated_Source\PSoC5/USBFS_1_pm.c ****         /* Enable clock to USB IP. */
 241:.\Generated_Source\PSoC5/USBFS_1_pm.c ****         USBFS_1_USB_CLK_EN_REG |= USBFS_1_USB_CLK_CSR_CLK_EN;
 242:.\Generated_Source\PSoC5/USBFS_1_pm.c **** 
 243:.\Generated_Source\PSoC5/USBFS_1_pm.c ****         /* Restore arbiter configuration for DMA transfers. */
 244:.\Generated_Source\PSoC5/USBFS_1_pm.c ****         #if (USBFS_1_EP_MANAGEMENT_DMA)
 245:.\Generated_Source\PSoC5/USBFS_1_pm.c ****             #if (USBFS_1_ARB_ISR_ACTIVE)
 246:.\Generated_Source\PSoC5/USBFS_1_pm.c ****                 /* Enable ARB EP interrupt sources. */
 247:.\Generated_Source\PSoC5/USBFS_1_pm.c ****                 USBFS_1_ARB_INT_EN_REG = USBFS_1_DEFAULT_ARB_INT_EN;
 248:.\Generated_Source\PSoC5/USBFS_1_pm.c ****             #endif /* (USBFS_1_EP_MANAGEMENT_DMA) */
 249:.\Generated_Source\PSoC5/USBFS_1_pm.c **** 
 250:.\Generated_Source\PSoC5/USBFS_1_pm.c ****             /* Configure arbiter for Manual or Auto DMA operation and clear 
 251:.\Generated_Source\PSoC5/USBFS_1_pm.c ****             * configuration completion. 
 252:.\Generated_Source\PSoC5/USBFS_1_pm.c ****             */
ARM GAS  C:\Users\LUKASC~1\AppData\Local\Temp\ccif4RaV.s 			page 10


 253:.\Generated_Source\PSoC5/USBFS_1_pm.c ****             USBFS_1_ARB_CFG_REG = USBFS_1_DEFAULT_ARB_CFG;
 254:.\Generated_Source\PSoC5/USBFS_1_pm.c ****         #endif /* (USBFS_1_EP_MANAGEMENT_DMA) */
 255:.\Generated_Source\PSoC5/USBFS_1_pm.c **** 
 256:.\Generated_Source\PSoC5/USBFS_1_pm.c ****         /* Restore level (hi, lo, med) for each interrupt source. */
 257:.\Generated_Source\PSoC5/USBFS_1_pm.c ****         USBFS_1_INTR_LVL_SEL_REG = USBFS_1_DEFAULT_INTR_LVL_SEL;
 258:.\Generated_Source\PSoC5/USBFS_1_pm.c ****         
 259:.\Generated_Source\PSoC5/USBFS_1_pm.c ****         /* Store SIE interrupt sources. */
 260:.\Generated_Source\PSoC5/USBFS_1_pm.c ****         USBFS_1_INTR_SIE_MASK_REG = (uint32) USBFS_1_backup.intrSeiMask;
 261:.\Generated_Source\PSoC5/USBFS_1_pm.c **** 
 262:.\Generated_Source\PSoC5/USBFS_1_pm.c ****         /* Set EP0.CR: ACK Setup, NAK IN/OUT. */
 263:.\Generated_Source\PSoC5/USBFS_1_pm.c ****         USBFS_1_EP0_CR_REG = USBFS_1_MODE_NAK_IN_OUT;
 264:.\Generated_Source\PSoC5/USBFS_1_pm.c **** 
 265:.\Generated_Source\PSoC5/USBFS_1_pm.c ****         /* Restore data EP1-8 configuration. */
 266:.\Generated_Source\PSoC5/USBFS_1_pm.c ****         USBFS_1_RestoreConfig();
 267:.\Generated_Source\PSoC5/USBFS_1_pm.c **** 
 268:.\Generated_Source\PSoC5/USBFS_1_pm.c ****         /* Restore state of USB regulator and wait until it supples stable power. */
 269:.\Generated_Source\PSoC5/USBFS_1_pm.c ****         USBFS_1_CR1_REG |= USBFS_1_backup.mode;
 270:.\Generated_Source\PSoC5/USBFS_1_pm.c ****         CyDelayUs(USBFS_1_WAIT_VREF_STABILITY);
 271:.\Generated_Source\PSoC5/USBFS_1_pm.c **** 
 272:.\Generated_Source\PSoC5/USBFS_1_pm.c ****         /* Suspend exit sequence. */
 273:.\Generated_Source\PSoC5/USBFS_1_pm.c ****         USBFS_1_POWER_CTRL_REG &= (uint32) ~USBFS_1_POWER_CTRL_SUSPEND;
 274:.\Generated_Source\PSoC5/USBFS_1_pm.c ****         CyDelayUs(USBFS_1_WAIT_SUSPEND_DEL_DISABLE);
 275:.\Generated_Source\PSoC5/USBFS_1_pm.c ****         USBFS_1_POWER_CTRL_REG &= (uint32) ~USBFS_1_POWER_CTRL_SUSPEND_DEL;
 276:.\Generated_Source\PSoC5/USBFS_1_pm.c **** 
 277:.\Generated_Source\PSoC5/USBFS_1_pm.c ****     #else
 278:.\Generated_Source\PSoC5/USBFS_1_pm.c ****         /* Set power active and standby mode templates: enable USB block. */
 279:.\Generated_Source\PSoC5/USBFS_1_pm.c ****         USBFS_1_PM_ACT_CFG_REG  |= USBFS_1_PM_ACT_EN_FSUSB;
 262              		.loc 1 279 0
 263 0018 254A     		ldr	r2, .L18+8
 264 001a 1378     		ldrb	r3, [r2]	@ zero_extendqisi2
 265 001c 43F00103 		orr	r3, r3, #1
 266 0020 1370     		strb	r3, [r2]
 280:.\Generated_Source\PSoC5/USBFS_1_pm.c ****         USBFS_1_PM_STBY_CFG_REG |= USBFS_1_PM_STBY_EN_FSUSB;
 267              		.loc 1 280 0
 268 0022 1032     		adds	r2, r2, #16
 269 0024 1378     		ldrb	r3, [r2]	@ zero_extendqisi2
 270 0026 43F00103 		orr	r3, r3, #1
 271 002a 1370     		strb	r3, [r2]
 281:.\Generated_Source\PSoC5/USBFS_1_pm.c **** 
 282:.\Generated_Source\PSoC5/USBFS_1_pm.c ****         /* Enable core clock. */
 283:.\Generated_Source\PSoC5/USBFS_1_pm.c ****         USBFS_1_USB_CLK_EN_REG |= USBFS_1_USB_CLK_ENABLE;
 272              		.loc 1 283 0
 273 002c 02F5E752 		add	r2, r2, #7392
 274 0030 0832     		adds	r2, r2, #8
 275 0032 1378     		ldrb	r3, [r2]	@ zero_extendqisi2
 276 0034 43F00103 		orr	r3, r3, #1
 277 0038 1370     		strb	r3, [r2]
 284:.\Generated_Source\PSoC5/USBFS_1_pm.c **** 
 285:.\Generated_Source\PSoC5/USBFS_1_pm.c ****         /* Enable the USBIO reference by setting PM.USB_CR0.fsusbio_ref_en.*/
 286:.\Generated_Source\PSoC5/USBFS_1_pm.c ****         USBFS_1_PM_USB_CR0_REG |= USBFS_1_PM_USB_CR0_REF_EN;
 278              		.loc 1 286 0
 279 003a 1E4C     		ldr	r4, .L18+12
 280 003c 2378     		ldrb	r3, [r4]	@ zero_extendqisi2
 281 003e 43F00103 		orr	r3, r3, #1
 282 0042 2370     		strb	r3, [r4]
 287:.\Generated_Source\PSoC5/USBFS_1_pm.c **** 
 288:.\Generated_Source\PSoC5/USBFS_1_pm.c ****         /* The reference is available ~40us after power restored. */
ARM GAS  C:\Users\LUKASC~1\AppData\Local\Temp\ccif4RaV.s 			page 11


 289:.\Generated_Source\PSoC5/USBFS_1_pm.c ****         CyDelayUs(USBFS_1_WAIT_VREF_RESTORE);
 283              		.loc 1 289 0
 284 0044 2820     		movs	r0, #40
 285 0046 FFF7FEFF 		bl	CyDelayUs
 286              	.LVL15:
 290:.\Generated_Source\PSoC5/USBFS_1_pm.c ****         /* Restore state of USB regulator and wait until it supples stable power. */
 291:.\Generated_Source\PSoC5/USBFS_1_pm.c ****         USBFS_1_CR1_REG |= USBFS_1_backup.mode;
 287              		.loc 1 291 0
 288 004a 1B4A     		ldr	r2, .L18+16
 289 004c 1178     		ldrb	r1, [r2]	@ zero_extendqisi2
 290 004e 164B     		ldr	r3, .L18
 291 0050 5B78     		ldrb	r3, [r3, #1]	@ zero_extendqisi2
 292 0052 0B43     		orrs	r3, r3, r1
 293 0054 1370     		strb	r3, [r2]
 292:.\Generated_Source\PSoC5/USBFS_1_pm.c ****         CyDelayUs(USBFS_1_WAIT_VREF_STABILITY);   /*~50ns delay. */
 294              		.loc 1 292 0
 295 0056 0020     		movs	r0, #0
 296 0058 FFF7FEFF 		bl	CyDelayUs
 297              	.LVL16:
 293:.\Generated_Source\PSoC5/USBFS_1_pm.c **** 
 294:.\Generated_Source\PSoC5/USBFS_1_pm.c ****         /* Enable USBIO. */
 295:.\Generated_Source\PSoC5/USBFS_1_pm.c ****         USBFS_1_PM_USB_CR0_REG |= USBFS_1_PM_USB_CR0_PD_N;
 298              		.loc 1 295 0
 299 005c 2378     		ldrb	r3, [r4]	@ zero_extendqisi2
 300 005e 43F00203 		orr	r3, r3, #2
 301 0062 2370     		strb	r3, [r4]
 296:.\Generated_Source\PSoC5/USBFS_1_pm.c ****         CyDelayUs(USBFS_1_WAIT_PD_PULLUP_N_ENABLE);
 302              		.loc 1 296 0
 303 0064 0220     		movs	r0, #2
 304 0066 FFF7FEFF 		bl	CyDelayUs
 305              	.LVL17:
 297:.\Generated_Source\PSoC5/USBFS_1_pm.c ****         /* Set the USBIO pull-up enable. */
 298:.\Generated_Source\PSoC5/USBFS_1_pm.c ****         USBFS_1_PM_USB_CR0_REG |= USBFS_1_PM_USB_CR0_PD_PULLUP_N;
 306              		.loc 1 298 0
 307 006a 2378     		ldrb	r3, [r4]	@ zero_extendqisi2
 308 006c 43F00403 		orr	r3, r3, #4
 309 0070 2370     		strb	r3, [r4]
 299:.\Generated_Source\PSoC5/USBFS_1_pm.c **** 
 300:.\Generated_Source\PSoC5/USBFS_1_pm.c ****         /* Restore arbiter configuration for DMA transfers. */
 301:.\Generated_Source\PSoC5/USBFS_1_pm.c ****         #if (USBFS_1_EP_MANAGEMENT_DMA)
 302:.\Generated_Source\PSoC5/USBFS_1_pm.c ****             #if (USBFS_1_ARB_ISR_ACTIVE)
 303:.\Generated_Source\PSoC5/USBFS_1_pm.c ****                 /* Enable ARB EP interrupt sources. */
 304:.\Generated_Source\PSoC5/USBFS_1_pm.c ****                 USBFS_1_ARB_INT_EN_REG = USBFS_1_DEFAULT_ARB_INT_EN;
 310              		.loc 1 304 0
 311 0072 0222     		movs	r2, #2
 312 0074 114B     		ldr	r3, .L18+20
 313 0076 1A70     		strb	r2, [r3]
 305:.\Generated_Source\PSoC5/USBFS_1_pm.c ****             #endif /* (USBFS_1_EP_MANAGEMENT_DMA) */
 306:.\Generated_Source\PSoC5/USBFS_1_pm.c **** 
 307:.\Generated_Source\PSoC5/USBFS_1_pm.c ****             /* Configure arbiter for Manual or Auto DMA operation and clear 
 308:.\Generated_Source\PSoC5/USBFS_1_pm.c ****             * configuration completion. 
 309:.\Generated_Source\PSoC5/USBFS_1_pm.c ****             */
 310:.\Generated_Source\PSoC5/USBFS_1_pm.c ****             USBFS_1_ARB_CFG_REG = USBFS_1_DEFAULT_ARB_CFG;
 314              		.loc 1 310 0
 315 0078 5022     		movs	r2, #80
 316 007a 023B     		subs	r3, r3, #2
 317 007c 1A70     		strb	r2, [r3]
ARM GAS  C:\Users\LUKASC~1\AppData\Local\Temp\ccif4RaV.s 			page 12


 311:.\Generated_Source\PSoC5/USBFS_1_pm.c ****         #endif /* (USBFS_1_EP_MANAGEMENT_DMA) */
 312:.\Generated_Source\PSoC5/USBFS_1_pm.c **** 
 313:.\Generated_Source\PSoC5/USBFS_1_pm.c ****         /* Set EP0.CR: ACK Setup, STALL IN/OUT. */
 314:.\Generated_Source\PSoC5/USBFS_1_pm.c ****         USBFS_1_EP0_CR_REG = USBFS_1_MODE_STALL_IN_OUT;
 318              		.loc 1 314 0
 319 007e 0322     		movs	r2, #3
 320 0080 743B     		subs	r3, r3, #116
 321 0082 1A70     		strb	r2, [r3]
 315:.\Generated_Source\PSoC5/USBFS_1_pm.c **** 
 316:.\Generated_Source\PSoC5/USBFS_1_pm.c ****         /* Enable the USB IP to respond to USB traffic with the last address. */
 317:.\Generated_Source\PSoC5/USBFS_1_pm.c ****         USBFS_1_CR0_REG |= USBFS_1_CR0_ENABLE;
 322              		.loc 1 317 0
 323 0084 0E4A     		ldr	r2, .L18+24
 324 0086 1378     		ldrb	r3, [r2]	@ zero_extendqisi2
 325 0088 43F08003 		orr	r3, r3, #128
 326 008c 1370     		strb	r3, [r2]
 318:.\Generated_Source\PSoC5/USBFS_1_pm.c ****         CyDelayCycles(USBFS_1_WAIT_CR0_REG_STABILITY);
 327              		.loc 1 318 0
 328 008e 0120     		movs	r0, #1
 329 0090 FFF7FEFF 		bl	CyDelayCycles
 330              	.LVL18:
 319:.\Generated_Source\PSoC5/USBFS_1_pm.c **** 
 320:.\Generated_Source\PSoC5/USBFS_1_pm.c ****         /* Enable D+ pull-up and keep USB control on IO. */
 321:.\Generated_Source\PSoC5/USBFS_1_pm.c ****         USBFS_1_USBIO_CR1_REG = USBFS_1_USBIO_CR1_USBPUEN;
 331              		.loc 1 321 0
 332 0094 0422     		movs	r2, #4
 333 0096 0B4B     		ldr	r3, .L18+28
 334 0098 1A70     		strb	r2, [r3]
 322:.\Generated_Source\PSoC5/USBFS_1_pm.c **** 
 323:.\Generated_Source\PSoC5/USBFS_1_pm.c ****         /* Restore data EP1-8 configuration. */
 324:.\Generated_Source\PSoC5/USBFS_1_pm.c ****         USBFS_1_RestoreConfig();
 335              		.loc 1 324 0
 336 009a FFF7FEFF 		bl	USBFS_1_RestoreConfig
 337              	.LVL19:
 338              	.L16:
 325:.\Generated_Source\PSoC5/USBFS_1_pm.c ****     #endif /* (CY_PSOC4) */
 326:.\Generated_Source\PSoC5/USBFS_1_pm.c ****     }
 327:.\Generated_Source\PSoC5/USBFS_1_pm.c **** 
 328:.\Generated_Source\PSoC5/USBFS_1_pm.c ****     CyExitCriticalSection(enableInterrupts);
 339              		.loc 1 328 0
 340 009e 2846     		mov	r0, r5
 341 00a0 FFF7FEFF 		bl	CyExitCriticalSection
 342              	.LVL20:
 343 00a4 38BD     		pop	{r3, r4, r5, pc}
 344              	.LVL21:
 345              	.L19:
 346 00a6 00BF     		.align	2
 347              	.L18:
 348 00a8 00000000 		.word	.LANCHOR0
 349 00ac 80E100E0 		.word	-536813184
 350 00b0 A5430040 		.word	1073759141
 351 00b4 94430040 		.word	1073759124
 352 00b8 09600040 		.word	1073766409
 353 00bc 9E600040 		.word	1073766558
 354 00c0 08600040 		.word	1073766408
 355 00c4 12600040 		.word	1073766418
 356              		.cfi_endproc
ARM GAS  C:\Users\LUKASC~1\AppData\Local\Temp\ccif4RaV.s 			page 13


 357              	.LFE4:
 358              		.size	USBFS_1_Resume, .-USBFS_1_Resume
 359              		.bss
 360              		.align	2
 361              		.set	.LANCHOR0,. + 0
 362              		.type	USBFS_1_backup, %object
 363              		.size	USBFS_1_backup, 2
 364              	USBFS_1_backup:
 365 0000 0000     		.space	2
 366 0002 0000     		.text
 367              	.Letext0:
 368              		.file 2 ".\\Generated_Source\\PSoC5\\cytypes.h"
 369              		.file 3 ".\\Generated_Source\\PSoC5\\USBFS_1.h"
 370              		.file 4 ".\\Generated_Source\\PSoC5\\USBFS_1_pvt.h"
 371              		.file 5 ".\\Generated_Source\\PSoC5\\USBFS_1_Dp.h"
 372              		.file 6 ".\\Generated_Source\\PSoC5\\CyLib.h"
 373              		.section	.debug_info,"",%progbits
 374              	.Ldebug_info0:
 375 0000 10030000 		.4byte	0x310
 376 0004 0400     		.2byte	0x4
 377 0006 00000000 		.4byte	.Ldebug_abbrev0
 378 000a 04       		.byte	0x4
 379 000b 01       		.uleb128 0x1
 380 000c 6D010000 		.4byte	.LASF34
 381 0010 01       		.byte	0x1
 382 0011 13010000 		.4byte	.LASF35
 383 0015 14000000 		.4byte	.LASF36
 384 0019 00000000 		.4byte	.Ldebug_ranges0+0
 385 001d 00000000 		.4byte	0
 386 0021 00000000 		.4byte	.Ldebug_line0
 387 0025 02       		.uleb128 0x2
 388 0026 01       		.byte	0x1
 389 0027 06       		.byte	0x6
 390 0028 EC020000 		.4byte	.LASF0
 391 002c 02       		.uleb128 0x2
 392 002d 01       		.byte	0x1
 393 002e 08       		.byte	0x8
 394 002f 4A010000 		.4byte	.LASF1
 395 0033 02       		.uleb128 0x2
 396 0034 02       		.byte	0x2
 397 0035 05       		.byte	0x5
 398 0036 BC020000 		.4byte	.LASF2
 399 003a 02       		.uleb128 0x2
 400 003b 02       		.byte	0x2
 401 003c 07       		.byte	0x7
 402 003d F8020000 		.4byte	.LASF3
 403 0041 02       		.uleb128 0x2
 404 0042 04       		.byte	0x4
 405 0043 05       		.byte	0x5
 406 0044 C6020000 		.4byte	.LASF4
 407 0048 02       		.uleb128 0x2
 408 0049 04       		.byte	0x4
 409 004a 07       		.byte	0x7
 410 004b FB000000 		.4byte	.LASF5
 411 004f 02       		.uleb128 0x2
 412 0050 08       		.byte	0x8
 413 0051 05       		.byte	0x5
ARM GAS  C:\Users\LUKASC~1\AppData\Local\Temp\ccif4RaV.s 			page 14


 414 0052 7A020000 		.4byte	.LASF6
 415 0056 02       		.uleb128 0x2
 416 0057 08       		.byte	0x8
 417 0058 07       		.byte	0x7
 418 0059 B9000000 		.4byte	.LASF7
 419 005d 03       		.uleb128 0x3
 420 005e 04       		.byte	0x4
 421 005f 05       		.byte	0x5
 422 0060 696E7400 		.ascii	"int\000"
 423 0064 02       		.uleb128 0x2
 424 0065 04       		.byte	0x4
 425 0066 07       		.byte	0x7
 426 0067 12020000 		.4byte	.LASF8
 427 006b 04       		.uleb128 0x4
 428 006c 0D010000 		.4byte	.LASF9
 429 0070 02       		.byte	0x2
 430 0071 3801     		.2byte	0x138
 431 0073 2C000000 		.4byte	0x2c
 432 0077 04       		.uleb128 0x4
 433 0078 5F010000 		.4byte	.LASF10
 434 007c 02       		.byte	0x2
 435 007d 3901     		.2byte	0x139
 436 007f 3A000000 		.4byte	0x3a
 437 0083 04       		.uleb128 0x4
 438 0084 66010000 		.4byte	.LASF11
 439 0088 02       		.byte	0x2
 440 0089 3A01     		.2byte	0x13a
 441 008b 48000000 		.4byte	0x48
 442 008f 02       		.uleb128 0x2
 443 0090 04       		.byte	0x4
 444 0091 04       		.byte	0x4
 445 0092 B3000000 		.4byte	.LASF12
 446 0096 02       		.uleb128 0x2
 447 0097 08       		.byte	0x8
 448 0098 04       		.byte	0x4
 449 0099 58010000 		.4byte	.LASF13
 450 009d 02       		.uleb128 0x2
 451 009e 01       		.byte	0x1
 452 009f 08       		.byte	0x8
 453 00a0 92020000 		.4byte	.LASF14
 454 00a4 04       		.uleb128 0x4
 455 00a5 F6000000 		.4byte	.LASF15
 456 00a9 02       		.byte	0x2
 457 00aa E201     		.2byte	0x1e2
 458 00ac B0000000 		.4byte	0xb0
 459 00b0 05       		.uleb128 0x5
 460 00b1 6B000000 		.4byte	0x6b
 461 00b5 04       		.uleb128 0x4
 462 00b6 0E000000 		.4byte	.LASF16
 463 00ba 02       		.byte	0x2
 464 00bb E401     		.2byte	0x1e4
 465 00bd C1000000 		.4byte	0xc1
 466 00c1 05       		.uleb128 0x5
 467 00c2 83000000 		.4byte	0x83
 468 00c6 02       		.uleb128 0x2
 469 00c7 04       		.byte	0x4
 470 00c8 07       		.byte	0x7
ARM GAS  C:\Users\LUKASC~1\AppData\Local\Temp\ccif4RaV.s 			page 15


 471 00c9 71020000 		.4byte	.LASF17
 472 00cd 06       		.uleb128 0x6
 473 00ce 02       		.byte	0x2
 474 00cf 03       		.byte	0x3
 475 00d0 B7       		.byte	0xb7
 476 00d1 EE000000 		.4byte	0xee
 477 00d5 07       		.uleb128 0x7
 478 00d6 CF020000 		.4byte	.LASF18
 479 00da 03       		.byte	0x3
 480 00db B9       		.byte	0xb9
 481 00dc 6B000000 		.4byte	0x6b
 482 00e0 00       		.byte	0
 483 00e1 07       		.uleb128 0x7
 484 00e2 5A020000 		.4byte	.LASF19
 485 00e6 03       		.byte	0x3
 486 00e7 BA       		.byte	0xba
 487 00e8 6B000000 		.4byte	0x6b
 488 00ec 01       		.byte	0x1
 489 00ed 00       		.byte	0
 490 00ee 08       		.uleb128 0x8
 491 00ef 44020000 		.4byte	.LASF20
 492 00f3 03       		.byte	0x3
 493 00f4 BE       		.byte	0xbe
 494 00f5 CD000000 		.4byte	0xcd
 495 00f9 09       		.uleb128 0x9
 496 00fa AD020000 		.4byte	.LASF21
 497 00fe 01       		.byte	0x1
 498 00ff 2B       		.byte	0x2b
 499 0100 00000000 		.4byte	.LFB0
 500 0104 08000000 		.4byte	.LFE0-.LFB0
 501 0108 01       		.uleb128 0x1
 502 0109 9C       		.byte	0x9c
 503 010a 18010000 		.4byte	0x118
 504 010e 0A       		.uleb128 0xa
 505 010f 06000000 		.4byte	.LVL0
 506 0113 AE020000 		.4byte	0x2ae
 507 0117 00       		.byte	0
 508 0118 0B       		.uleb128 0xb
 509 0119 A0000000 		.4byte	.LASF37
 510 011d 01       		.byte	0x1
 511 011e 48       		.byte	0x48
 512 011f 00000000 		.4byte	.LFB1
 513 0123 02000000 		.4byte	.LFE1-.LFB1
 514 0127 01       		.uleb128 0x1
 515 0128 9C       		.byte	0x9c
 516 0129 09       		.uleb128 0x9
 517 012a 97020000 		.4byte	.LASF22
 518 012e 01       		.byte	0x1
 519 012f 58       		.byte	0x58
 520 0130 00000000 		.4byte	.LFB2
 521 0134 1C000000 		.4byte	.LFE2-.LFB2
 522 0138 01       		.uleb128 0x1
 523 0139 9C       		.byte	0x9c
 524 013a 51010000 		.4byte	0x151
 525 013e 0A       		.uleb128 0xa
 526 013f 10000000 		.4byte	.LVL1
 527 0143 B9020000 		.4byte	0x2b9
ARM GAS  C:\Users\LUKASC~1\AppData\Local\Temp\ccif4RaV.s 			page 16


 528 0147 0A       		.uleb128 0xa
 529 0148 14000000 		.4byte	.LVL2
 530 014c C0020000 		.4byte	0x2c0
 531 0150 00       		.byte	0
 532 0151 09       		.uleb128 0x9
 533 0152 D0000000 		.4byte	.LASF23
 534 0156 01       		.byte	0x1
 535 0157 7B       		.byte	0x7b
 536 0158 00000000 		.4byte	.LFB3
 537 015c CC000000 		.4byte	.LFE3-.LFB3
 538 0160 01       		.uleb128 0x1
 539 0161 9C       		.byte	0x9c
 540 0162 FD010000 		.4byte	0x1fd
 541 0166 0C       		.uleb128 0xc
 542 0167 39010000 		.4byte	.LASF25
 543 016b 01       		.byte	0x1
 544 016c 7D       		.byte	0x7d
 545 016d 6B000000 		.4byte	0x6b
 546 0171 00000000 		.4byte	.LLST0
 547 0175 0A       		.uleb128 0xa
 548 0176 06000000 		.4byte	.LVL3
 549 017a C7020000 		.4byte	0x2c7
 550 017e 0D       		.uleb128 0xd
 551 017f 1E000000 		.4byte	.LVL5
 552 0183 D2020000 		.4byte	0x2d2
 553 0187 91010000 		.4byte	0x191
 554 018b 0E       		.uleb128 0xe
 555 018c 01       		.uleb128 0x1
 556 018d 50       		.byte	0x50
 557 018e 01       		.uleb128 0x1
 558 018f 39       		.byte	0x39
 559 0190 00       		.byte	0
 560 0191 0D       		.uleb128 0xd
 561 0192 2E000000 		.4byte	.LVL6
 562 0196 E4020000 		.4byte	0x2e4
 563 019a A4010000 		.4byte	0x1a4
 564 019e 0E       		.uleb128 0xe
 565 019f 01       		.uleb128 0x1
 566 01a0 50       		.byte	0x50
 567 01a1 01       		.uleb128 0x1
 568 01a2 30       		.byte	0x30
 569 01a3 00       		.byte	0
 570 01a4 0D       		.uleb128 0xd
 571 01a5 48000000 		.4byte	.LVL7
 572 01a9 E4020000 		.4byte	0x2e4
 573 01ad B7010000 		.4byte	0x1b7
 574 01b1 0E       		.uleb128 0xe
 575 01b2 01       		.uleb128 0x1
 576 01b3 50       		.byte	0x50
 577 01b4 01       		.uleb128 0x1
 578 01b5 30       		.byte	0x30
 579 01b6 00       		.byte	0
 580 01b7 0D       		.uleb128 0xd
 581 01b8 5E000000 		.4byte	.LVL8
 582 01bc E4020000 		.4byte	0x2e4
 583 01c0 CB010000 		.4byte	0x1cb
 584 01c4 0E       		.uleb128 0xe
ARM GAS  C:\Users\LUKASC~1\AppData\Local\Temp\ccif4RaV.s 			page 17


 585 01c5 01       		.uleb128 0x1
 586 01c6 50       		.byte	0x50
 587 01c7 02       		.uleb128 0x2
 588 01c8 76       		.byte	0x76
 589 01c9 00       		.sleb128 0
 590 01ca 00       		.byte	0
 591 01cb 0D       		.uleb128 0xd
 592 01cc 8E000000 		.4byte	.LVL9
 593 01d0 E4020000 		.4byte	0x2e4
 594 01d4 DF010000 		.4byte	0x1df
 595 01d8 0E       		.uleb128 0xe
 596 01d9 01       		.uleb128 0x1
 597 01da 50       		.byte	0x50
 598 01db 02       		.uleb128 0x2
 599 01dc 76       		.byte	0x76
 600 01dd 00       		.sleb128 0
 601 01de 00       		.byte	0
 602 01df 0D       		.uleb128 0xd
 603 01e0 9C000000 		.4byte	.LVL10
 604 01e4 F5020000 		.4byte	0x2f5
 605 01e8 F3010000 		.4byte	0x1f3
 606 01ec 0E       		.uleb128 0xe
 607 01ed 01       		.uleb128 0x1
 608 01ee 50       		.byte	0x50
 609 01ef 02       		.uleb128 0x2
 610 01f0 74       		.byte	0x74
 611 01f1 00       		.sleb128 0
 612 01f2 00       		.byte	0
 613 01f3 0A       		.uleb128 0xa
 614 01f4 A0000000 		.4byte	.LVL11
 615 01f8 AE020000 		.4byte	0x2ae
 616 01fc 00       		.byte	0
 617 01fd 09       		.uleb128 0x9
 618 01fe 35020000 		.4byte	.LASF24
 619 0202 01       		.byte	0x1
 620 0203 E3       		.byte	0xe3
 621 0204 00000000 		.4byte	.LFB4
 622 0208 C8000000 		.4byte	.LFE4-.LFB4
 623 020c 01       		.uleb128 0x1
 624 020d 9C       		.byte	0x9c
 625 020e 91020000 		.4byte	0x291
 626 0212 0C       		.uleb128 0xc
 627 0213 39010000 		.4byte	.LASF25
 628 0217 01       		.byte	0x1
 629 0218 E5       		.byte	0xe5
 630 0219 6B000000 		.4byte	0x6b
 631 021d 13000000 		.4byte	.LLST1
 632 0221 0A       		.uleb128 0xa
 633 0222 06000000 		.4byte	.LVL13
 634 0226 C7020000 		.4byte	0x2c7
 635 022a 0D       		.uleb128 0xd
 636 022b 4A000000 		.4byte	.LVL15
 637 022f E4020000 		.4byte	0x2e4
 638 0233 3E020000 		.4byte	0x23e
 639 0237 0E       		.uleb128 0xe
 640 0238 01       		.uleb128 0x1
 641 0239 50       		.byte	0x50
ARM GAS  C:\Users\LUKASC~1\AppData\Local\Temp\ccif4RaV.s 			page 18


 642 023a 02       		.uleb128 0x2
 643 023b 08       		.byte	0x8
 644 023c 28       		.byte	0x28
 645 023d 00       		.byte	0
 646 023e 0D       		.uleb128 0xd
 647 023f 5C000000 		.4byte	.LVL16
 648 0243 E4020000 		.4byte	0x2e4
 649 0247 51020000 		.4byte	0x251
 650 024b 0E       		.uleb128 0xe
 651 024c 01       		.uleb128 0x1
 652 024d 50       		.byte	0x50
 653 024e 01       		.uleb128 0x1
 654 024f 30       		.byte	0x30
 655 0250 00       		.byte	0
 656 0251 0D       		.uleb128 0xd
 657 0252 6A000000 		.4byte	.LVL17
 658 0256 E4020000 		.4byte	0x2e4
 659 025a 64020000 		.4byte	0x264
 660 025e 0E       		.uleb128 0xe
 661 025f 01       		.uleb128 0x1
 662 0260 50       		.byte	0x50
 663 0261 01       		.uleb128 0x1
 664 0262 32       		.byte	0x32
 665 0263 00       		.byte	0
 666 0264 0D       		.uleb128 0xd
 667 0265 94000000 		.4byte	.LVL18
 668 0269 06030000 		.4byte	0x306
 669 026d 77020000 		.4byte	0x277
 670 0271 0E       		.uleb128 0xe
 671 0272 01       		.uleb128 0x1
 672 0273 50       		.byte	0x50
 673 0274 01       		.uleb128 0x1
 674 0275 31       		.byte	0x31
 675 0276 00       		.byte	0
 676 0277 0A       		.uleb128 0xa
 677 0278 9E000000 		.4byte	.LVL19
 678 027c 29010000 		.4byte	0x129
 679 0280 0F       		.uleb128 0xf
 680 0281 A4000000 		.4byte	.LVL20
 681 0285 F5020000 		.4byte	0x2f5
 682 0289 0E       		.uleb128 0xe
 683 028a 01       		.uleb128 0x1
 684 028b 50       		.byte	0x50
 685 028c 02       		.uleb128 0x2
 686 028d 75       		.byte	0x75
 687 028e 00       		.sleb128 0
 688 028f 00       		.byte	0
 689 0290 00       		.byte	0
 690 0291 10       		.uleb128 0x10
 691 0292 7D000000 		.4byte	.LASF26
 692 0296 01       		.byte	0x1
 693 0297 20       		.byte	0x20
 694 0298 EE000000 		.4byte	0xee
 695 029c 05       		.uleb128 0x5
 696 029d 03       		.byte	0x3
 697 029e 00000000 		.4byte	USBFS_1_backup
 698 02a2 11       		.uleb128 0x11
ARM GAS  C:\Users\LUKASC~1\AppData\Local\Temp\ccif4RaV.s 			page 19


 699 02a3 E0000000 		.4byte	.LASF38
 700 02a7 03       		.byte	0x3
 701 02a8 D302     		.2byte	0x2d3
 702 02aa B0000000 		.4byte	0xb0
 703 02ae 12       		.uleb128 0x12
 704 02af 0B030000 		.4byte	.LASF29
 705 02b3 05       		.byte	0x5
 706 02b4 2B       		.byte	0x2b
 707 02b5 6B000000 		.4byte	0x6b
 708 02b9 13       		.uleb128 0x13
 709 02ba 5F020000 		.4byte	.LASF27
 710 02be 04       		.byte	0x4
 711 02bf BA       		.byte	0xba
 712 02c0 13       		.uleb128 0x13
 713 02c1 8C000000 		.4byte	.LASF28
 714 02c5 04       		.byte	0x4
 715 02c6 BB       		.byte	0xbb
 716 02c7 12       		.uleb128 0x12
 717 02c8 FB010000 		.4byte	.LASF30
 718 02cc 06       		.byte	0x6
 719 02cd 7E       		.byte	0x7e
 720 02ce 6B000000 		.4byte	0x6b
 721 02d2 14       		.uleb128 0x14
 722 02d3 DB020000 		.4byte	.LASF31
 723 02d7 03       		.byte	0x3
 724 02d8 5601     		.2byte	0x156
 725 02da E4020000 		.4byte	0x2e4
 726 02de 15       		.uleb128 0x15
 727 02df 6B000000 		.4byte	0x6b
 728 02e3 00       		.byte	0
 729 02e4 16       		.uleb128 0x16
 730 02e5 88020000 		.4byte	.LASF32
 731 02e9 06       		.byte	0x6
 732 02ea 78       		.byte	0x78
 733 02eb F5020000 		.4byte	0x2f5
 734 02ef 15       		.uleb128 0x15
 735 02f0 77000000 		.4byte	0x77
 736 02f4 00       		.byte	0
 737 02f5 16       		.uleb128 0x16
 738 02f6 1F020000 		.4byte	.LASF33
 739 02fa 06       		.byte	0x6
 740 02fb 7F       		.byte	0x7f
 741 02fc 06030000 		.4byte	0x306
 742 0300 15       		.uleb128 0x15
 743 0301 6B000000 		.4byte	0x6b
 744 0305 00       		.byte	0
 745 0306 17       		.uleb128 0x17
 746 0307 00000000 		.4byte	.LASF39
 747 030b 06       		.byte	0x6
 748 030c 7A       		.byte	0x7a
 749 030d 15       		.uleb128 0x15
 750 030e 83000000 		.4byte	0x83
 751 0312 00       		.byte	0
 752 0313 00       		.byte	0
 753              		.section	.debug_abbrev,"",%progbits
 754              	.Ldebug_abbrev0:
 755 0000 01       		.uleb128 0x1
ARM GAS  C:\Users\LUKASC~1\AppData\Local\Temp\ccif4RaV.s 			page 20


 756 0001 11       		.uleb128 0x11
 757 0002 01       		.byte	0x1
 758 0003 25       		.uleb128 0x25
 759 0004 0E       		.uleb128 0xe
 760 0005 13       		.uleb128 0x13
 761 0006 0B       		.uleb128 0xb
 762 0007 03       		.uleb128 0x3
 763 0008 0E       		.uleb128 0xe
 764 0009 1B       		.uleb128 0x1b
 765 000a 0E       		.uleb128 0xe
 766 000b 55       		.uleb128 0x55
 767 000c 17       		.uleb128 0x17
 768 000d 11       		.uleb128 0x11
 769 000e 01       		.uleb128 0x1
 770 000f 10       		.uleb128 0x10
 771 0010 17       		.uleb128 0x17
 772 0011 00       		.byte	0
 773 0012 00       		.byte	0
 774 0013 02       		.uleb128 0x2
 775 0014 24       		.uleb128 0x24
 776 0015 00       		.byte	0
 777 0016 0B       		.uleb128 0xb
 778 0017 0B       		.uleb128 0xb
 779 0018 3E       		.uleb128 0x3e
 780 0019 0B       		.uleb128 0xb
 781 001a 03       		.uleb128 0x3
 782 001b 0E       		.uleb128 0xe
 783 001c 00       		.byte	0
 784 001d 00       		.byte	0
 785 001e 03       		.uleb128 0x3
 786 001f 24       		.uleb128 0x24
 787 0020 00       		.byte	0
 788 0021 0B       		.uleb128 0xb
 789 0022 0B       		.uleb128 0xb
 790 0023 3E       		.uleb128 0x3e
 791 0024 0B       		.uleb128 0xb
 792 0025 03       		.uleb128 0x3
 793 0026 08       		.uleb128 0x8
 794 0027 00       		.byte	0
 795 0028 00       		.byte	0
 796 0029 04       		.uleb128 0x4
 797 002a 16       		.uleb128 0x16
 798 002b 00       		.byte	0
 799 002c 03       		.uleb128 0x3
 800 002d 0E       		.uleb128 0xe
 801 002e 3A       		.uleb128 0x3a
 802 002f 0B       		.uleb128 0xb
 803 0030 3B       		.uleb128 0x3b
 804 0031 05       		.uleb128 0x5
 805 0032 49       		.uleb128 0x49
 806 0033 13       		.uleb128 0x13
 807 0034 00       		.byte	0
 808 0035 00       		.byte	0
 809 0036 05       		.uleb128 0x5
 810 0037 35       		.uleb128 0x35
 811 0038 00       		.byte	0
 812 0039 49       		.uleb128 0x49
ARM GAS  C:\Users\LUKASC~1\AppData\Local\Temp\ccif4RaV.s 			page 21


 813 003a 13       		.uleb128 0x13
 814 003b 00       		.byte	0
 815 003c 00       		.byte	0
 816 003d 06       		.uleb128 0x6
 817 003e 13       		.uleb128 0x13
 818 003f 01       		.byte	0x1
 819 0040 0B       		.uleb128 0xb
 820 0041 0B       		.uleb128 0xb
 821 0042 3A       		.uleb128 0x3a
 822 0043 0B       		.uleb128 0xb
 823 0044 3B       		.uleb128 0x3b
 824 0045 0B       		.uleb128 0xb
 825 0046 01       		.uleb128 0x1
 826 0047 13       		.uleb128 0x13
 827 0048 00       		.byte	0
 828 0049 00       		.byte	0
 829 004a 07       		.uleb128 0x7
 830 004b 0D       		.uleb128 0xd
 831 004c 00       		.byte	0
 832 004d 03       		.uleb128 0x3
 833 004e 0E       		.uleb128 0xe
 834 004f 3A       		.uleb128 0x3a
 835 0050 0B       		.uleb128 0xb
 836 0051 3B       		.uleb128 0x3b
 837 0052 0B       		.uleb128 0xb
 838 0053 49       		.uleb128 0x49
 839 0054 13       		.uleb128 0x13
 840 0055 38       		.uleb128 0x38
 841 0056 0B       		.uleb128 0xb
 842 0057 00       		.byte	0
 843 0058 00       		.byte	0
 844 0059 08       		.uleb128 0x8
 845 005a 16       		.uleb128 0x16
 846 005b 00       		.byte	0
 847 005c 03       		.uleb128 0x3
 848 005d 0E       		.uleb128 0xe
 849 005e 3A       		.uleb128 0x3a
 850 005f 0B       		.uleb128 0xb
 851 0060 3B       		.uleb128 0x3b
 852 0061 0B       		.uleb128 0xb
 853 0062 49       		.uleb128 0x49
 854 0063 13       		.uleb128 0x13
 855 0064 00       		.byte	0
 856 0065 00       		.byte	0
 857 0066 09       		.uleb128 0x9
 858 0067 2E       		.uleb128 0x2e
 859 0068 01       		.byte	0x1
 860 0069 3F       		.uleb128 0x3f
 861 006a 19       		.uleb128 0x19
 862 006b 03       		.uleb128 0x3
 863 006c 0E       		.uleb128 0xe
 864 006d 3A       		.uleb128 0x3a
 865 006e 0B       		.uleb128 0xb
 866 006f 3B       		.uleb128 0x3b
 867 0070 0B       		.uleb128 0xb
 868 0071 27       		.uleb128 0x27
 869 0072 19       		.uleb128 0x19
ARM GAS  C:\Users\LUKASC~1\AppData\Local\Temp\ccif4RaV.s 			page 22


 870 0073 11       		.uleb128 0x11
 871 0074 01       		.uleb128 0x1
 872 0075 12       		.uleb128 0x12
 873 0076 06       		.uleb128 0x6
 874 0077 40       		.uleb128 0x40
 875 0078 18       		.uleb128 0x18
 876 0079 9742     		.uleb128 0x2117
 877 007b 19       		.uleb128 0x19
 878 007c 01       		.uleb128 0x1
 879 007d 13       		.uleb128 0x13
 880 007e 00       		.byte	0
 881 007f 00       		.byte	0
 882 0080 0A       		.uleb128 0xa
 883 0081 898201   		.uleb128 0x4109
 884 0084 00       		.byte	0
 885 0085 11       		.uleb128 0x11
 886 0086 01       		.uleb128 0x1
 887 0087 31       		.uleb128 0x31
 888 0088 13       		.uleb128 0x13
 889 0089 00       		.byte	0
 890 008a 00       		.byte	0
 891 008b 0B       		.uleb128 0xb
 892 008c 2E       		.uleb128 0x2e
 893 008d 00       		.byte	0
 894 008e 3F       		.uleb128 0x3f
 895 008f 19       		.uleb128 0x19
 896 0090 03       		.uleb128 0x3
 897 0091 0E       		.uleb128 0xe
 898 0092 3A       		.uleb128 0x3a
 899 0093 0B       		.uleb128 0xb
 900 0094 3B       		.uleb128 0x3b
 901 0095 0B       		.uleb128 0xb
 902 0096 27       		.uleb128 0x27
 903 0097 19       		.uleb128 0x19
 904 0098 11       		.uleb128 0x11
 905 0099 01       		.uleb128 0x1
 906 009a 12       		.uleb128 0x12
 907 009b 06       		.uleb128 0x6
 908 009c 40       		.uleb128 0x40
 909 009d 18       		.uleb128 0x18
 910 009e 9742     		.uleb128 0x2117
 911 00a0 19       		.uleb128 0x19
 912 00a1 00       		.byte	0
 913 00a2 00       		.byte	0
 914 00a3 0C       		.uleb128 0xc
 915 00a4 34       		.uleb128 0x34
 916 00a5 00       		.byte	0
 917 00a6 03       		.uleb128 0x3
 918 00a7 0E       		.uleb128 0xe
 919 00a8 3A       		.uleb128 0x3a
 920 00a9 0B       		.uleb128 0xb
 921 00aa 3B       		.uleb128 0x3b
 922 00ab 0B       		.uleb128 0xb
 923 00ac 49       		.uleb128 0x49
 924 00ad 13       		.uleb128 0x13
 925 00ae 02       		.uleb128 0x2
 926 00af 17       		.uleb128 0x17
ARM GAS  C:\Users\LUKASC~1\AppData\Local\Temp\ccif4RaV.s 			page 23


 927 00b0 00       		.byte	0
 928 00b1 00       		.byte	0
 929 00b2 0D       		.uleb128 0xd
 930 00b3 898201   		.uleb128 0x4109
 931 00b6 01       		.byte	0x1
 932 00b7 11       		.uleb128 0x11
 933 00b8 01       		.uleb128 0x1
 934 00b9 31       		.uleb128 0x31
 935 00ba 13       		.uleb128 0x13
 936 00bb 01       		.uleb128 0x1
 937 00bc 13       		.uleb128 0x13
 938 00bd 00       		.byte	0
 939 00be 00       		.byte	0
 940 00bf 0E       		.uleb128 0xe
 941 00c0 8A8201   		.uleb128 0x410a
 942 00c3 00       		.byte	0
 943 00c4 02       		.uleb128 0x2
 944 00c5 18       		.uleb128 0x18
 945 00c6 9142     		.uleb128 0x2111
 946 00c8 18       		.uleb128 0x18
 947 00c9 00       		.byte	0
 948 00ca 00       		.byte	0
 949 00cb 0F       		.uleb128 0xf
 950 00cc 898201   		.uleb128 0x4109
 951 00cf 01       		.byte	0x1
 952 00d0 11       		.uleb128 0x11
 953 00d1 01       		.uleb128 0x1
 954 00d2 31       		.uleb128 0x31
 955 00d3 13       		.uleb128 0x13
 956 00d4 00       		.byte	0
 957 00d5 00       		.byte	0
 958 00d6 10       		.uleb128 0x10
 959 00d7 34       		.uleb128 0x34
 960 00d8 00       		.byte	0
 961 00d9 03       		.uleb128 0x3
 962 00da 0E       		.uleb128 0xe
 963 00db 3A       		.uleb128 0x3a
 964 00dc 0B       		.uleb128 0xb
 965 00dd 3B       		.uleb128 0x3b
 966 00de 0B       		.uleb128 0xb
 967 00df 49       		.uleb128 0x49
 968 00e0 13       		.uleb128 0x13
 969 00e1 02       		.uleb128 0x2
 970 00e2 18       		.uleb128 0x18
 971 00e3 00       		.byte	0
 972 00e4 00       		.byte	0
 973 00e5 11       		.uleb128 0x11
 974 00e6 34       		.uleb128 0x34
 975 00e7 00       		.byte	0
 976 00e8 03       		.uleb128 0x3
 977 00e9 0E       		.uleb128 0xe
 978 00ea 3A       		.uleb128 0x3a
 979 00eb 0B       		.uleb128 0xb
 980 00ec 3B       		.uleb128 0x3b
 981 00ed 05       		.uleb128 0x5
 982 00ee 49       		.uleb128 0x49
 983 00ef 13       		.uleb128 0x13
ARM GAS  C:\Users\LUKASC~1\AppData\Local\Temp\ccif4RaV.s 			page 24


 984 00f0 3F       		.uleb128 0x3f
 985 00f1 19       		.uleb128 0x19
 986 00f2 3C       		.uleb128 0x3c
 987 00f3 19       		.uleb128 0x19
 988 00f4 00       		.byte	0
 989 00f5 00       		.byte	0
 990 00f6 12       		.uleb128 0x12
 991 00f7 2E       		.uleb128 0x2e
 992 00f8 00       		.byte	0
 993 00f9 3F       		.uleb128 0x3f
 994 00fa 19       		.uleb128 0x19
 995 00fb 03       		.uleb128 0x3
 996 00fc 0E       		.uleb128 0xe
 997 00fd 3A       		.uleb128 0x3a
 998 00fe 0B       		.uleb128 0xb
 999 00ff 3B       		.uleb128 0x3b
 1000 0100 0B       		.uleb128 0xb
 1001 0101 27       		.uleb128 0x27
 1002 0102 19       		.uleb128 0x19
 1003 0103 49       		.uleb128 0x49
 1004 0104 13       		.uleb128 0x13
 1005 0105 3C       		.uleb128 0x3c
 1006 0106 19       		.uleb128 0x19
 1007 0107 00       		.byte	0
 1008 0108 00       		.byte	0
 1009 0109 13       		.uleb128 0x13
 1010 010a 2E       		.uleb128 0x2e
 1011 010b 00       		.byte	0
 1012 010c 3F       		.uleb128 0x3f
 1013 010d 19       		.uleb128 0x19
 1014 010e 03       		.uleb128 0x3
 1015 010f 0E       		.uleb128 0xe
 1016 0110 3A       		.uleb128 0x3a
 1017 0111 0B       		.uleb128 0xb
 1018 0112 3B       		.uleb128 0x3b
 1019 0113 0B       		.uleb128 0xb
 1020 0114 27       		.uleb128 0x27
 1021 0115 19       		.uleb128 0x19
 1022 0116 3C       		.uleb128 0x3c
 1023 0117 19       		.uleb128 0x19
 1024 0118 00       		.byte	0
 1025 0119 00       		.byte	0
 1026 011a 14       		.uleb128 0x14
 1027 011b 2E       		.uleb128 0x2e
 1028 011c 01       		.byte	0x1
 1029 011d 3F       		.uleb128 0x3f
 1030 011e 19       		.uleb128 0x19
 1031 011f 03       		.uleb128 0x3
 1032 0120 0E       		.uleb128 0xe
 1033 0121 3A       		.uleb128 0x3a
 1034 0122 0B       		.uleb128 0xb
 1035 0123 3B       		.uleb128 0x3b
 1036 0124 05       		.uleb128 0x5
 1037 0125 27       		.uleb128 0x27
 1038 0126 19       		.uleb128 0x19
 1039 0127 3C       		.uleb128 0x3c
 1040 0128 19       		.uleb128 0x19
ARM GAS  C:\Users\LUKASC~1\AppData\Local\Temp\ccif4RaV.s 			page 25


 1041 0129 01       		.uleb128 0x1
 1042 012a 13       		.uleb128 0x13
 1043 012b 00       		.byte	0
 1044 012c 00       		.byte	0
 1045 012d 15       		.uleb128 0x15
 1046 012e 05       		.uleb128 0x5
 1047 012f 00       		.byte	0
 1048 0130 49       		.uleb128 0x49
 1049 0131 13       		.uleb128 0x13
 1050 0132 00       		.byte	0
 1051 0133 00       		.byte	0
 1052 0134 16       		.uleb128 0x16
 1053 0135 2E       		.uleb128 0x2e
 1054 0136 01       		.byte	0x1
 1055 0137 3F       		.uleb128 0x3f
 1056 0138 19       		.uleb128 0x19
 1057 0139 03       		.uleb128 0x3
 1058 013a 0E       		.uleb128 0xe
 1059 013b 3A       		.uleb128 0x3a
 1060 013c 0B       		.uleb128 0xb
 1061 013d 3B       		.uleb128 0x3b
 1062 013e 0B       		.uleb128 0xb
 1063 013f 27       		.uleb128 0x27
 1064 0140 19       		.uleb128 0x19
 1065 0141 3C       		.uleb128 0x3c
 1066 0142 19       		.uleb128 0x19
 1067 0143 01       		.uleb128 0x1
 1068 0144 13       		.uleb128 0x13
 1069 0145 00       		.byte	0
 1070 0146 00       		.byte	0
 1071 0147 17       		.uleb128 0x17
 1072 0148 2E       		.uleb128 0x2e
 1073 0149 01       		.byte	0x1
 1074 014a 3F       		.uleb128 0x3f
 1075 014b 19       		.uleb128 0x19
 1076 014c 03       		.uleb128 0x3
 1077 014d 0E       		.uleb128 0xe
 1078 014e 3A       		.uleb128 0x3a
 1079 014f 0B       		.uleb128 0xb
 1080 0150 3B       		.uleb128 0x3b
 1081 0151 0B       		.uleb128 0xb
 1082 0152 27       		.uleb128 0x27
 1083 0153 19       		.uleb128 0x19
 1084 0154 3C       		.uleb128 0x3c
 1085 0155 19       		.uleb128 0x19
 1086 0156 00       		.byte	0
 1087 0157 00       		.byte	0
 1088 0158 00       		.byte	0
 1089              		.section	.debug_loc,"",%progbits
 1090              	.Ldebug_loc0:
 1091              	.LLST0:
 1092 0000 08000000 		.4byte	.LVL4
 1093 0004 B0000000 		.4byte	.LVL12
 1094 0008 0100     		.2byte	0x1
 1095 000a 54       		.byte	0x54
 1096 000b 00000000 		.4byte	0
 1097 000f 00000000 		.4byte	0
ARM GAS  C:\Users\LUKASC~1\AppData\Local\Temp\ccif4RaV.s 			page 26


 1098              	.LLST1:
 1099 0013 08000000 		.4byte	.LVL14
 1100 0017 A6000000 		.4byte	.LVL21
 1101 001b 0100     		.2byte	0x1
 1102 001d 55       		.byte	0x55
 1103 001e 00000000 		.4byte	0
 1104 0022 00000000 		.4byte	0
 1105              		.section	.debug_aranges,"",%progbits
 1106 0000 3C000000 		.4byte	0x3c
 1107 0004 0200     		.2byte	0x2
 1108 0006 00000000 		.4byte	.Ldebug_info0
 1109 000a 04       		.byte	0x4
 1110 000b 00       		.byte	0
 1111 000c 0000     		.2byte	0
 1112 000e 0000     		.2byte	0
 1113 0010 00000000 		.4byte	.LFB0
 1114 0014 08000000 		.4byte	.LFE0-.LFB0
 1115 0018 00000000 		.4byte	.LFB1
 1116 001c 02000000 		.4byte	.LFE1-.LFB1
 1117 0020 00000000 		.4byte	.LFB2
 1118 0024 1C000000 		.4byte	.LFE2-.LFB2
 1119 0028 00000000 		.4byte	.LFB3
 1120 002c CC000000 		.4byte	.LFE3-.LFB3
 1121 0030 00000000 		.4byte	.LFB4
 1122 0034 C8000000 		.4byte	.LFE4-.LFB4
 1123 0038 00000000 		.4byte	0
 1124 003c 00000000 		.4byte	0
 1125              		.section	.debug_ranges,"",%progbits
 1126              	.Ldebug_ranges0:
 1127 0000 00000000 		.4byte	.LFB0
 1128 0004 08000000 		.4byte	.LFE0
 1129 0008 00000000 		.4byte	.LFB1
 1130 000c 02000000 		.4byte	.LFE1
 1131 0010 00000000 		.4byte	.LFB2
 1132 0014 1C000000 		.4byte	.LFE2
 1133 0018 00000000 		.4byte	.LFB3
 1134 001c CC000000 		.4byte	.LFE3
 1135 0020 00000000 		.4byte	.LFB4
 1136 0024 C8000000 		.4byte	.LFE4
 1137 0028 00000000 		.4byte	0
 1138 002c 00000000 		.4byte	0
 1139              		.section	.debug_line,"",%progbits
 1140              	.Ldebug_line0:
 1141 0000 0D010000 		.section	.debug_str,"MS",%progbits,1
 1141      02008200 
 1141      00000201 
 1141      FB0E0D00 
 1141      01010101 
 1142              	.LASF39:
 1143 0000 43794465 		.ascii	"CyDelayCycles\000"
 1143      6C617943 
 1143      79636C65 
 1143      7300
 1144              	.LASF16:
 1145 000e 72656733 		.ascii	"reg32\000"
 1145      3200
 1146              	.LASF36:
ARM GAS  C:\Users\LUKASC~1\AppData\Local\Temp\ccif4RaV.s 			page 27


 1147 0014 433A5C55 		.ascii	"C:\\Users\\Lukas Creutzburg\\Documents\\GitHub\\PSo"
 1147      73657273 
 1147      5C4C756B 
 1147      61732043 
 1147      72657574 
 1148 0042 43354C50 		.ascii	"C5LP-freeDSP-USB-Port\\PSoC_freeDSP_USB_Port\\Desig"
 1148      2D667265 
 1148      65445350 
 1148      2D555342 
 1148      2D506F72 
 1149 0073 6E30312E 		.ascii	"n01.cydsn\000"
 1149      63796473 
 1149      6E00
 1150              	.LASF26:
 1151 007d 55534246 		.ascii	"USBFS_1_backup\000"
 1151      535F315F 
 1151      6261636B 
 1151      757000
 1152              	.LASF28:
 1153 008c 55534246 		.ascii	"USBFS_1_EpStateInit\000"
 1153      535F315F 
 1153      45705374 
 1153      61746549 
 1153      6E697400 
 1154              	.LASF37:
 1155 00a0 55534246 		.ascii	"USBFS_1_SaveConfig\000"
 1155      535F315F 
 1155      53617665 
 1155      436F6E66 
 1155      696700
 1156              	.LASF12:
 1157 00b3 666C6F61 		.ascii	"float\000"
 1157      7400
 1158              	.LASF7:
 1159 00b9 6C6F6E67 		.ascii	"long long unsigned int\000"
 1159      206C6F6E 
 1159      6720756E 
 1159      7369676E 
 1159      65642069 
 1160              	.LASF23:
 1161 00d0 55534246 		.ascii	"USBFS_1_Suspend\000"
 1161      535F315F 
 1161      53757370 
 1161      656E6400 
 1162              	.LASF38:
 1163 00e0 55534246 		.ascii	"USBFS_1_configuration\000"
 1163      535F315F 
 1163      636F6E66 
 1163      69677572 
 1163      6174696F 
 1164              	.LASF15:
 1165 00f6 72656738 		.ascii	"reg8\000"
 1165      00
 1166              	.LASF5:
 1167 00fb 6C6F6E67 		.ascii	"long unsigned int\000"
 1167      20756E73 
 1167      69676E65 
ARM GAS  C:\Users\LUKASC~1\AppData\Local\Temp\ccif4RaV.s 			page 28


 1167      6420696E 
 1167      7400
 1168              	.LASF9:
 1169 010d 75696E74 		.ascii	"uint8\000"
 1169      3800
 1170              	.LASF35:
 1171 0113 2E5C4765 		.ascii	".\\Generated_Source\\PSoC5\\USBFS_1_pm.c\000"
 1171      6E657261 
 1171      7465645F 
 1171      536F7572 
 1171      63655C50 
 1172              	.LASF25:
 1173 0139 656E6162 		.ascii	"enableInterrupts\000"
 1173      6C65496E 
 1173      74657272 
 1173      75707473 
 1173      00
 1174              	.LASF1:
 1175 014a 756E7369 		.ascii	"unsigned char\000"
 1175      676E6564 
 1175      20636861 
 1175      7200
 1176              	.LASF13:
 1177 0158 646F7562 		.ascii	"double\000"
 1177      6C6500
 1178              	.LASF10:
 1179 015f 75696E74 		.ascii	"uint16\000"
 1179      313600
 1180              	.LASF11:
 1181 0166 75696E74 		.ascii	"uint32\000"
 1181      333200
 1182              	.LASF34:
 1183 016d 474E5520 		.ascii	"GNU C 4.9.3 20150303 (release) [ARM/embedded-4_9-br"
 1183      4320342E 
 1183      392E3320 
 1183      32303135 
 1183      30333033 
 1184 01a0 616E6368 		.ascii	"anch revision 221220] -mcpu=cortex-m3 -mthumb -g -O"
 1184      20726576 
 1184      6973696F 
 1184      6E203232 
 1184      31323230 
 1185 01d3 67202D66 		.ascii	"g -ffunction-sections -ffat-lto-objects\000"
 1185      66756E63 
 1185      74696F6E 
 1185      2D736563 
 1185      74696F6E 
 1186              	.LASF30:
 1187 01fb 4379456E 		.ascii	"CyEnterCriticalSection\000"
 1187      74657243 
 1187      72697469 
 1187      63616C53 
 1187      65637469 
 1188              	.LASF8:
 1189 0212 756E7369 		.ascii	"unsigned int\000"
 1189      676E6564 
 1189      20696E74 
ARM GAS  C:\Users\LUKASC~1\AppData\Local\Temp\ccif4RaV.s 			page 29


 1189      00
 1190              	.LASF33:
 1191 021f 43794578 		.ascii	"CyExitCriticalSection\000"
 1191      69744372 
 1191      69746963 
 1191      616C5365 
 1191      6374696F 
 1192              	.LASF24:
 1193 0235 55534246 		.ascii	"USBFS_1_Resume\000"
 1193      535F315F 
 1193      52657375 
 1193      6D6500
 1194              	.LASF20:
 1195 0244 55534246 		.ascii	"USBFS_1_BACKUP_STRUCT\000"
 1195      535F315F 
 1195      4241434B 
 1195      55505F53 
 1195      54525543 
 1196              	.LASF19:
 1197 025a 6D6F6465 		.ascii	"mode\000"
 1197      00
 1198              	.LASF27:
 1199 025f 55534246 		.ascii	"USBFS_1_ConfigReg\000"
 1199      535F315F 
 1199      436F6E66 
 1199      69675265 
 1199      6700
 1200              	.LASF17:
 1201 0271 73697A65 		.ascii	"sizetype\000"
 1201      74797065 
 1201      00
 1202              	.LASF6:
 1203 027a 6C6F6E67 		.ascii	"long long int\000"
 1203      206C6F6E 
 1203      6720696E 
 1203      7400
 1204              	.LASF32:
 1205 0288 43794465 		.ascii	"CyDelayUs\000"
 1205      6C617955 
 1205      7300
 1206              	.LASF14:
 1207 0292 63686172 		.ascii	"char\000"
 1207      00
 1208              	.LASF22:
 1209 0297 55534246 		.ascii	"USBFS_1_RestoreConfig\000"
 1209      535F315F 
 1209      52657374 
 1209      6F726543 
 1209      6F6E6669 
 1210              	.LASF21:
 1211 02ad 55534246 		.ascii	"USBFS_1_DP_ISR\000"
 1211      535F315F 
 1211      44505F49 
 1211      535200
 1212              	.LASF2:
 1213 02bc 73686F72 		.ascii	"short int\000"
 1213      7420696E 
ARM GAS  C:\Users\LUKASC~1\AppData\Local\Temp\ccif4RaV.s 			page 30


 1213      7400
 1214              	.LASF4:
 1215 02c6 6C6F6E67 		.ascii	"long int\000"
 1215      20696E74 
 1215      00
 1216              	.LASF18:
 1217 02cf 656E6162 		.ascii	"enableState\000"
 1217      6C655374 
 1217      61746500 
 1218              	.LASF31:
 1219 02db 55534246 		.ascii	"USBFS_1_Stop_DMA\000"
 1219      535F315F 
 1219      53746F70 
 1219      5F444D41 
 1219      00
 1220              	.LASF0:
 1221 02ec 7369676E 		.ascii	"signed char\000"
 1221      65642063 
 1221      68617200 
 1222              	.LASF3:
 1223 02f8 73686F72 		.ascii	"short unsigned int\000"
 1223      7420756E 
 1223      7369676E 
 1223      65642069 
 1223      6E7400
 1224              	.LASF29:
 1225 030b 55534246 		.ascii	"USBFS_1_Dp_ClearInterrupt\000"
 1225      535F315F 
 1225      44705F43 
 1225      6C656172 
 1225      496E7465 
 1226              		.ident	"GCC: (GNU Tools for ARM Embedded Processors) 4.9.3 20150303 (release) [ARM/embedded-4_9-br
