ARM GAS  C:\Users\LUKASC~1\AppData\Local\Temp\cciz4Z1j.s 			page 1


   1              		.syntax unified
   2              		.cpu cortex-m3
   3              		.fpu softvfp
   4              		.eabi_attribute 20, 1
   5              		.eabi_attribute 21, 1
   6              		.eabi_attribute 23, 3
   7              		.eabi_attribute 24, 1
   8              		.eabi_attribute 25, 1
   9              		.eabi_attribute 26, 1
  10              		.eabi_attribute 30, 1
  11              		.eabi_attribute 34, 1
  12              		.eabi_attribute 18, 4
  13              		.thumb
  14              		.file	"USBFS_1_descr.c"
  15              		.text
  16              	.Ltext0:
  17              		.cfi_sections	.debug_frame
  18              		.global	USBFS_1_TABLE
  19              		.global	USBFS_1_DEVICE0_TABLE
  20              		.global	USBFS_1_DEVICE0_CONFIGURATION0_TABLE
  21              		.global	USBFS_1_DEVICE0_CONFIGURATION0_INTERFACE_CLASS
  22              		.global	USBFS_1_DEVICE0_CONFIGURATION0_EP_SETTINGS_TABLE
  23              		.global	USBFS_1_STRING_DESCRIPTORS
  24              		.global	USBFS_1_DEVICE0_CONFIGURATION0_DESCR
  25              		.global	USBFS_1_DEVICE0_DESCR
  26              		.section	.rodata
  27              		.align	2
  28              		.type	USBFS_1_TABLE, %object
  29              		.size	USBFS_1_TABLE, 8
  30              	USBFS_1_TABLE:
  31 0000 01       		.byte	1
  32 0001 000000   		.space	3
  33 0004 00000000 		.word	USBFS_1_DEVICE0_TABLE
  34              		.type	USBFS_1_DEVICE0_TABLE, %object
  35              		.size	USBFS_1_DEVICE0_TABLE, 24
  36              	USBFS_1_DEVICE0_TABLE:
  37 0008 01       		.byte	1
  38 0009 000000   		.space	3
  39 000c 00000000 		.word	USBFS_1_DEVICE0_DESCR
  40 0010 00       		.byte	0
  41 0011 000000   		.space	3
  42 0014 00000000 		.word	0
  43 0018 01       		.byte	1
  44 0019 000000   		.space	3
  45 001c 00000000 		.word	USBFS_1_DEVICE0_CONFIGURATION0_TABLE
  46              		.type	USBFS_1_DEVICE0_CONFIGURATION0_TABLE, %object
  47              		.size	USBFS_1_DEVICE0_CONFIGURATION0_TABLE, 40
  48              	USBFS_1_DEVICE0_CONFIGURATION0_TABLE:
  49 0020 01       		.byte	1
  50 0021 000000   		.space	3
  51 0024 00000000 		.word	USBFS_1_DEVICE0_CONFIGURATION0_DESCR
  52 0028 01       		.byte	1
  53 0029 000000   		.space	3
  54 002c 00000000 		.word	USBFS_1_DEVICE0_CONFIGURATION0_EP_SETTINGS_TABLE
  55 0030 00       		.byte	0
  56 0031 000000   		.space	3
  57 0034 00000000 		.word	0
ARM GAS  C:\Users\LUKASC~1\AppData\Local\Temp\cciz4Z1j.s 			page 2


  58 0038 00       		.byte	0
  59 0039 000000   		.space	3
  60 003c 00000000 		.word	0
  61 0040 00       		.byte	0
  62 0041 000000   		.space	3
  63 0044 00000000 		.word	USBFS_1_DEVICE0_CONFIGURATION0_INTERFACE_CLASS
  64              		.type	USBFS_1_DEVICE0_CONFIGURATION0_INTERFACE_CLASS, %object
  65              		.size	USBFS_1_DEVICE0_CONFIGURATION0_INTERFACE_CLASS, 2
  66              	USBFS_1_DEVICE0_CONFIGURATION0_INTERFACE_CLASS:
  67 0048 01       		.byte	1
  68 0049 01       		.byte	1
  69 004a 0000     		.space	2
  70              		.type	USBFS_1_DEVICE0_CONFIGURATION0_EP_SETTINGS_TABLE, %object
  71              		.size	USBFS_1_DEVICE0_CONFIGURATION0_EP_SETTINGS_TABLE, 8
  72              	USBFS_1_DEVICE0_CONFIGURATION0_EP_SETTINGS_TABLE:
  73 004c 01       		.byte	1
  74 004d 01       		.byte	1
  75 004e 02       		.byte	2
  76 004f 02       		.byte	2
  77 0050 0800     		.short	8
  78 0052 01       		.byte	1
  79 0053 00       		.space	1
  80              		.type	USBFS_1_STRING_DESCRIPTORS, %object
  81              		.size	USBFS_1_STRING_DESCRIPTORS, 43
  82              	USBFS_1_STRING_DESCRIPTORS:
  83 0054 04       		.byte	4
  84 0055 03       		.byte	3
  85 0056 09       		.byte	9
  86 0057 04       		.byte	4
  87 0058 16       		.byte	22
  88 0059 03       		.byte	3
  89 005a 54       		.byte	84
  90 005b 00       		.byte	0
  91 005c 55       		.byte	85
  92 005d 00       		.byte	0
  93 005e 20       		.byte	32
  94 005f 00       		.byte	0
  95 0060 44       		.byte	68
  96 0061 00       		.byte	0
  97 0062 72       		.byte	114
  98 0063 00       		.byte	0
  99 0064 65       		.byte	101
 100 0065 00       		.byte	0
 101 0066 73       		.byte	115
 102 0067 00       		.byte	0
 103 0068 64       		.byte	100
 104 0069 00       		.byte	0
 105 006a 65       		.byte	101
 106 006b 00       		.byte	0
 107 006c 6E       		.byte	110
 108 006d 00       		.byte	0
 109 006e 10       		.byte	16
 110 006f 03       		.byte	3
 111 0070 46       		.byte	70
 112 0071 00       		.byte	0
 113 0072 72       		.byte	114
 114 0073 00       		.byte	0
ARM GAS  C:\Users\LUKASC~1\AppData\Local\Temp\cciz4Z1j.s 			page 3


 115 0074 65       		.byte	101
 116 0075 00       		.byte	0
 117 0076 65       		.byte	101
 118 0077 00       		.byte	0
 119 0078 44       		.byte	68
 120 0079 00       		.byte	0
 121 007a 53       		.byte	83
 122 007b 00       		.byte	0
 123 007c 50       		.byte	80
 124 007d 00       		.byte	0
 125 007e 00       		.byte	0
 126 007f 00       		.space	1
 127              		.type	USBFS_1_DEVICE0_CONFIGURATION0_DESCR, %object
 128              		.size	USBFS_1_DEVICE0_CONFIGURATION0_DESCR, 120
 129              	USBFS_1_DEVICE0_CONFIGURATION0_DESCR:
 130 0080 09       		.byte	9
 131 0081 02       		.byte	2
 132 0082 78       		.byte	120
 133 0083 00       		.byte	0
 134 0084 02       		.byte	2
 135 0085 01       		.byte	1
 136 0086 00       		.byte	0
 137 0087 80       		.byte	-128
 138 0088 96       		.byte	-106
 139 0089 09       		.byte	9
 140 008a 04       		.byte	4
 141 008b 00       		.byte	0
 142 008c 00       		.byte	0
 143 008d 00       		.byte	0
 144 008e 01       		.byte	1
 145 008f 01       		.byte	1
 146 0090 20       		.byte	32
 147 0091 00       		.byte	0
 148 0092 09       		.byte	9
 149 0093 24       		.byte	36
 150 0094 01       		.byte	1
 151 0095 00       		.byte	0
 152 0096 00       		.byte	0
 153 0097 00       		.byte	0
 154 0098 26       		.byte	38
 155 0099 00       		.byte	0
 156 009a 00       		.byte	0
 157 009b 11       		.byte	17
 158 009c 24       		.byte	36
 159 009d 02       		.byte	2
 160 009e 00       		.byte	0
 161 009f 00       		.byte	0
 162 00a0 00       		.byte	0
 163 00a1 00       		.byte	0
 164 00a2 00       		.byte	0
 165 00a3 00       		.byte	0
 166 00a4 00       		.byte	0
 167 00a5 00       		.byte	0
 168 00a6 00       		.byte	0
 169 00a7 00       		.byte	0
 170 00a8 00       		.byte	0
 171 00a9 00       		.byte	0
ARM GAS  C:\Users\LUKASC~1\AppData\Local\Temp\cciz4Z1j.s 			page 4


 172 00aa 00       		.byte	0
 173 00ab 00       		.byte	0
 174 00ac 0C       		.byte	12
 175 00ad 24       		.byte	36
 176 00ae 03       		.byte	3
 177 00af 00       		.byte	0
 178 00b0 00       		.byte	0
 179 00b1 00       		.byte	0
 180 00b2 00       		.byte	0
 181 00b3 00       		.byte	0
 182 00b4 00       		.byte	0
 183 00b5 00       		.byte	0
 184 00b6 00       		.byte	0
 185 00b7 00       		.byte	0
 186 00b8 09       		.byte	9
 187 00b9 04       		.byte	4
 188 00ba 01       		.byte	1
 189 00bb 00       		.byte	0
 190 00bc 00       		.byte	0
 191 00bd 01       		.byte	1
 192 00be 02       		.byte	2
 193 00bf 00       		.byte	0
 194 00c0 00       		.byte	0
 195 00c1 09       		.byte	9
 196 00c2 04       		.byte	4
 197 00c3 01       		.byte	1
 198 00c4 01       		.byte	1
 199 00c5 01       		.byte	1
 200 00c6 01       		.byte	1
 201 00c7 02       		.byte	2
 202 00c8 20       		.byte	32
 203 00c9 00       		.byte	0
 204 00ca 10       		.byte	16
 205 00cb 24       		.byte	36
 206 00cc 01       		.byte	1
 207 00cd 00       		.byte	0
 208 00ce 00       		.byte	0
 209 00cf 00       		.byte	0
 210 00d0 00       		.byte	0
 211 00d1 00       		.byte	0
 212 00d2 00       		.byte	0
 213 00d3 00       		.byte	0
 214 00d4 02       		.byte	2
 215 00d5 00       		.byte	0
 216 00d6 00       		.byte	0
 217 00d7 00       		.byte	0
 218 00d8 00       		.byte	0
 219 00d9 00       		.byte	0
 220 00da 0E       		.byte	14
 221 00db 24       		.byte	36
 222 00dc 02       		.byte	2
 223 00dd 01       		.byte	1
 224 00de 02       		.byte	2
 225 00df 01       		.byte	1
 226 00e0 10       		.byte	16
 227 00e1 00       		.byte	0
 228 00e2 80       		.byte	-128
ARM GAS  C:\Users\LUKASC~1\AppData\Local\Temp\cciz4Z1j.s 			page 5


 229 00e3 BB       		.byte	-69
 230 00e4 00       		.byte	0
 231 00e5 80       		.byte	-128
 232 00e6 BB       		.byte	-69
 233 00e7 00       		.byte	0
 234 00e8 09       		.byte	9
 235 00e9 05       		.byte	5
 236 00ea 02       		.byte	2
 237 00eb 02       		.byte	2
 238 00ec 08       		.byte	8
 239 00ed 00       		.byte	0
 240 00ee 00       		.byte	0
 241 00ef 00       		.byte	0
 242 00f0 00       		.byte	0
 243 00f1 07       		.byte	7
 244 00f2 25       		.byte	37
 245 00f3 01       		.byte	1
 246 00f4 01       		.byte	1
 247 00f5 00       		.byte	0
 248 00f6 00       		.byte	0
 249 00f7 00       		.byte	0
 250              		.type	USBFS_1_DEVICE0_DESCR, %object
 251              		.size	USBFS_1_DEVICE0_DESCR, 18
 252              	USBFS_1_DEVICE0_DESCR:
 253 00f8 12       		.byte	18
 254 00f9 01       		.byte	1
 255 00fa 00       		.byte	0
 256 00fb 02       		.byte	2
 257 00fc 00       		.byte	0
 258 00fd 00       		.byte	0
 259 00fe 00       		.byte	0
 260 00ff 08       		.byte	8
 261 0100 B4       		.byte	-76
 262 0101 04       		.byte	4
 263 0102 51       		.byte	81
 264 0103 80       		.byte	-128
 265 0104 00       		.byte	0
 266 0105 00       		.byte	0
 267 0106 01       		.byte	1
 268 0107 02       		.byte	2
 269 0108 00       		.byte	0
 270 0109 01       		.byte	1
 271 010a 0000     		.text
 272              	.Letext0:
 273              		.file 1 ".\\Generated_Source\\PSoC5\\cytypes.h"
 274              		.file 2 ".\\Generated_Source\\PSoC5\\USBFS_1.h"
 275              		.file 3 ".\\Generated_Source\\PSoC5\\USBFS_1_descr.c"
 276              		.section	.debug_info,"",%progbits
 277              	.Ldebug_info0:
 278 0000 51020000 		.4byte	0x251
 279 0004 0400     		.2byte	0x4
 280 0006 00000000 		.4byte	.Ldebug_abbrev0
 281 000a 04       		.byte	0x4
 282 000b 01       		.uleb128 0x1
 283 000c 76010000 		.4byte	.LASF32
 284 0010 01       		.byte	0x1
 285 0011 DE020000 		.4byte	.LASF33
ARM GAS  C:\Users\LUKASC~1\AppData\Local\Temp\cciz4Z1j.s 			page 6


 286 0015 00000000 		.4byte	.LASF34
 287 0019 00000000 		.4byte	.Ldebug_line0
 288 001d 02       		.uleb128 0x2
 289 001e 01       		.byte	0x1
 290 001f 06       		.byte	0x6
 291 0020 BB000000 		.4byte	.LASF0
 292 0024 02       		.uleb128 0x2
 293 0025 01       		.byte	0x1
 294 0026 08       		.byte	0x8
 295 0027 D5000000 		.4byte	.LASF1
 296 002b 02       		.uleb128 0x2
 297 002c 02       		.byte	0x2
 298 002d 05       		.byte	0x5
 299 002e 7A020000 		.4byte	.LASF2
 300 0032 02       		.uleb128 0x2
 301 0033 02       		.byte	0x2
 302 0034 07       		.byte	0x7
 303 0035 72000000 		.4byte	.LASF3
 304 0039 02       		.uleb128 0x2
 305 003a 04       		.byte	0x4
 306 003b 05       		.byte	0x5
 307 003c 69000000 		.4byte	.LASF4
 308 0040 02       		.uleb128 0x2
 309 0041 04       		.byte	0x4
 310 0042 07       		.byte	0x7
 311 0043 EE000000 		.4byte	.LASF5
 312 0047 02       		.uleb128 0x2
 313 0048 08       		.byte	0x8
 314 0049 05       		.byte	0x5
 315 004a 5C020000 		.4byte	.LASF6
 316 004e 02       		.uleb128 0x2
 317 004f 08       		.byte	0x8
 318 0050 07       		.byte	0x7
 319 0051 35020000 		.4byte	.LASF7
 320 0055 03       		.uleb128 0x3
 321 0056 04       		.byte	0x4
 322 0057 05       		.byte	0x5
 323 0058 696E7400 		.ascii	"int\000"
 324 005c 02       		.uleb128 0x2
 325 005d 04       		.byte	0x4
 326 005e 07       		.byte	0x7
 327 005f 04020000 		.4byte	.LASF8
 328 0063 04       		.uleb128 0x4
 329 0064 84020000 		.4byte	.LASF9
 330 0068 01       		.byte	0x1
 331 0069 3801     		.2byte	0x138
 332 006b 24000000 		.4byte	0x24
 333 006f 04       		.uleb128 0x4
 334 0070 3E010000 		.4byte	.LASF10
 335 0074 01       		.byte	0x1
 336 0075 3901     		.2byte	0x139
 337 0077 32000000 		.4byte	0x32
 338 007b 02       		.uleb128 0x2
 339 007c 04       		.byte	0x4
 340 007d 04       		.byte	0x4
 341 007e AA000000 		.4byte	.LASF11
 342 0082 02       		.uleb128 0x2
ARM GAS  C:\Users\LUKASC~1\AppData\Local\Temp\cciz4Z1j.s 			page 7


 343 0083 08       		.byte	0x8
 344 0084 04       		.byte	0x4
 345 0085 37010000 		.4byte	.LASF12
 346 0089 02       		.uleb128 0x2
 347 008a 01       		.byte	0x1
 348 008b 08       		.byte	0x8
 349 008c 6A020000 		.4byte	.LASF13
 350 0090 02       		.uleb128 0x2
 351 0091 04       		.byte	0x4
 352 0092 07       		.byte	0x7
 353 0093 53020000 		.4byte	.LASF14
 354 0097 05       		.uleb128 0x5
 355 0098 08       		.byte	0x8
 356 0099 02       		.byte	0x2
 357 009a 99       		.byte	0x99
 358 009b E8000000 		.4byte	0xe8
 359 009f 06       		.uleb128 0x6
 360 00a0 8A020000 		.4byte	.LASF15
 361 00a4 02       		.byte	0x2
 362 00a5 9B       		.byte	0x9b
 363 00a6 63000000 		.4byte	0x63
 364 00aa 00       		.byte	0
 365 00ab 06       		.uleb128 0x6
 366 00ac B0000000 		.4byte	.LASF16
 367 00b0 02       		.byte	0x2
 368 00b1 9C       		.byte	0x9c
 369 00b2 63000000 		.4byte	0x63
 370 00b6 01       		.byte	0x1
 371 00b7 06       		.uleb128 0x6
 372 00b8 00010000 		.4byte	.LASF17
 373 00bc 02       		.byte	0x2
 374 00bd 9D       		.byte	0x9d
 375 00be 63000000 		.4byte	0x63
 376 00c2 02       		.byte	0x2
 377 00c3 06       		.uleb128 0x6
 378 00c4 E3000000 		.4byte	.LASF18
 379 00c8 02       		.byte	0x2
 380 00c9 9E       		.byte	0x9e
 381 00ca 63000000 		.4byte	0x63
 382 00ce 03       		.byte	0x3
 383 00cf 06       		.uleb128 0x6
 384 00d0 6F020000 		.4byte	.LASF19
 385 00d4 02       		.byte	0x2
 386 00d5 9F       		.byte	0x9f
 387 00d6 6F000000 		.4byte	0x6f
 388 00da 04       		.byte	0x4
 389 00db 06       		.uleb128 0x6
 390 00dc 2C030000 		.4byte	.LASF20
 391 00e0 02       		.byte	0x2
 392 00e1 A0       		.byte	0xa0
 393 00e2 63000000 		.4byte	0x63
 394 00e6 06       		.byte	0x6
 395 00e7 00       		.byte	0
 396 00e8 07       		.uleb128 0x7
 397 00e9 1B010000 		.4byte	.LASF21
 398 00ed 02       		.byte	0x2
 399 00ee A1       		.byte	0xa1
ARM GAS  C:\Users\LUKASC~1\AppData\Local\Temp\cciz4Z1j.s 			page 8


 400 00ef 97000000 		.4byte	0x97
 401 00f3 05       		.uleb128 0x5
 402 00f4 08       		.byte	0x8
 403 00f5 02       		.byte	0x2
 404 00f6 B0       		.byte	0xb0
 405 00f7 12010000 		.4byte	0x112
 406 00fb 08       		.uleb128 0x8
 407 00fc 6300     		.ascii	"c\000"
 408 00fe 02       		.byte	0x2
 409 00ff B2       		.byte	0xb2
 410 0100 63000000 		.4byte	0x63
 411 0104 00       		.byte	0
 412 0105 06       		.uleb128 0x6
 413 0106 4C020000 		.4byte	.LASF22
 414 010a 02       		.byte	0x2
 415 010b B3       		.byte	0xb3
 416 010c 12010000 		.4byte	0x112
 417 0110 04       		.byte	0x4
 418 0111 00       		.byte	0
 419 0112 09       		.uleb128 0x9
 420 0113 04       		.byte	0x4
 421 0114 18010000 		.4byte	0x118
 422 0118 0A       		.uleb128 0xa
 423 0119 07       		.uleb128 0x7
 424 011a 11020000 		.4byte	.LASF23
 425 011e 02       		.byte	0x2
 426 011f B4       		.byte	0xb4
 427 0120 F3000000 		.4byte	0xf3
 428 0124 0B       		.uleb128 0xb
 429 0125 63000000 		.4byte	0x63
 430 0129 34010000 		.4byte	0x134
 431 012d 0C       		.uleb128 0xc
 432 012e 90000000 		.4byte	0x90
 433 0132 11       		.byte	0x11
 434 0133 00       		.byte	0
 435 0134 0D       		.uleb128 0xd
 436 0135 1F020000 		.4byte	.LASF24
 437 0139 03       		.byte	0x3
 438 013a 24       		.byte	0x24
 439 013b 45010000 		.4byte	0x145
 440 013f 05       		.uleb128 0x5
 441 0140 03       		.byte	0x3
 442 0141 00000000 		.4byte	USBFS_1_DEVICE0_DESCR
 443 0145 0E       		.uleb128 0xe
 444 0146 24010000 		.4byte	0x124
 445 014a 0B       		.uleb128 0xb
 446 014b 63000000 		.4byte	0x63
 447 014f 5A010000 		.4byte	0x15a
 448 0153 0C       		.uleb128 0xc
 449 0154 90000000 		.4byte	0x90
 450 0158 77       		.byte	0x77
 451 0159 00       		.byte	0
 452 015a 0D       		.uleb128 0xd
 453 015b 85000000 		.4byte	.LASF25
 454 015f 03       		.byte	0x3
 455 0160 37       		.byte	0x37
 456 0161 6B010000 		.4byte	0x16b
ARM GAS  C:\Users\LUKASC~1\AppData\Local\Temp\cciz4Z1j.s 			page 9


 457 0165 05       		.uleb128 0x5
 458 0166 03       		.byte	0x3
 459 0167 00000000 		.4byte	USBFS_1_DEVICE0_CONFIGURATION0_DESCR
 460 016b 0E       		.uleb128 0xe
 461 016c 4A010000 		.4byte	0x14a
 462 0170 0B       		.uleb128 0xb
 463 0171 E8000000 		.4byte	0xe8
 464 0175 80010000 		.4byte	0x180
 465 0179 0C       		.uleb128 0xc
 466 017a 90000000 		.4byte	0x90
 467 017e 00       		.byte	0
 468 017f 00       		.byte	0
 469 0180 0D       		.uleb128 0xd
 470 0181 45010000 		.4byte	.LASF26
 471 0185 03       		.byte	0x3
 472 0186 E0       		.byte	0xe0
 473 0187 91010000 		.4byte	0x191
 474 018b 05       		.uleb128 0x5
 475 018c 03       		.byte	0x3
 476 018d 00000000 		.4byte	USBFS_1_DEVICE0_CONFIGURATION0_EP_SETTINGS_TABLE
 477 0191 0E       		.uleb128 0xe
 478 0192 70010000 		.4byte	0x170
 479 0196 0B       		.uleb128 0xb
 480 0197 63000000 		.4byte	0x63
 481 019b A6010000 		.4byte	0x1a6
 482 019f 0C       		.uleb128 0xc
 483 01a0 90000000 		.4byte	0x90
 484 01a4 01       		.byte	0x1
 485 01a5 00       		.byte	0
 486 01a6 0D       		.uleb128 0xd
 487 01a7 AF020000 		.4byte	.LASF27
 488 01ab 03       		.byte	0x3
 489 01ac E4       		.byte	0xe4
 490 01ad B7010000 		.4byte	0x1b7
 491 01b1 05       		.uleb128 0x5
 492 01b2 03       		.byte	0x3
 493 01b3 00000000 		.4byte	USBFS_1_DEVICE0_CONFIGURATION0_INTERFACE_CLASS
 494 01b7 0E       		.uleb128 0xe
 495 01b8 96010000 		.4byte	0x196
 496 01bc 0B       		.uleb128 0xb
 497 01bd 19010000 		.4byte	0x119
 498 01c1 CC010000 		.4byte	0x1cc
 499 01c5 0C       		.uleb128 0xc
 500 01c6 90000000 		.4byte	0x90
 501 01ca 04       		.byte	0x4
 502 01cb 00       		.byte	0
 503 01cc 0D       		.uleb128 0xd
 504 01cd 07030000 		.4byte	.LASF28
 505 01d1 03       		.byte	0x3
 506 01d2 EC       		.byte	0xec
 507 01d3 DD010000 		.4byte	0x1dd
 508 01d7 05       		.uleb128 0x5
 509 01d8 03       		.byte	0x3
 510 01d9 00000000 		.4byte	USBFS_1_DEVICE0_CONFIGURATION0_TABLE
 511 01dd 0E       		.uleb128 0xe
 512 01de BC010000 		.4byte	0x1bc
 513 01e2 0B       		.uleb128 0xb
ARM GAS  C:\Users\LUKASC~1\AppData\Local\Temp\cciz4Z1j.s 			page 10


 514 01e3 19010000 		.4byte	0x119
 515 01e7 F2010000 		.4byte	0x1f2
 516 01eb 0C       		.uleb128 0xc
 517 01ec 90000000 		.4byte	0x90
 518 01f0 02       		.byte	0x2
 519 01f1 00       		.byte	0
 520 01f2 0D       		.uleb128 0xd
 521 01f3 05010000 		.4byte	.LASF29
 522 01f7 03       		.byte	0x3
 523 01f8 F7       		.byte	0xf7
 524 01f9 03020000 		.4byte	0x203
 525 01fd 05       		.uleb128 0x5
 526 01fe 03       		.byte	0x3
 527 01ff 00000000 		.4byte	USBFS_1_DEVICE0_TABLE
 528 0203 0E       		.uleb128 0xe
 529 0204 E2010000 		.4byte	0x1e2
 530 0208 0B       		.uleb128 0xb
 531 0209 19010000 		.4byte	0x119
 532 020d 18020000 		.4byte	0x218
 533 0211 0C       		.uleb128 0xc
 534 0212 90000000 		.4byte	0x90
 535 0216 00       		.byte	0
 536 0217 00       		.byte	0
 537 0218 0D       		.uleb128 0xd
 538 0219 C7000000 		.4byte	.LASF30
 539 021d 03       		.byte	0x3
 540 021e FF       		.byte	0xff
 541 021f 29020000 		.4byte	0x229
 542 0223 05       		.uleb128 0x5
 543 0224 03       		.byte	0x3
 544 0225 00000000 		.4byte	USBFS_1_TABLE
 545 0229 0E       		.uleb128 0xe
 546 022a 08020000 		.4byte	0x208
 547 022e 0B       		.uleb128 0xb
 548 022f 63000000 		.4byte	0x63
 549 0233 3E020000 		.4byte	0x23e
 550 0237 0C       		.uleb128 0xc
 551 0238 90000000 		.4byte	0x90
 552 023c 2A       		.byte	0x2a
 553 023d 00       		.byte	0
 554 023e 0D       		.uleb128 0xd
 555 023f 94020000 		.4byte	.LASF31
 556 0243 03       		.byte	0x3
 557 0244 BD       		.byte	0xbd
 558 0245 4F020000 		.4byte	0x24f
 559 0249 05       		.uleb128 0x5
 560 024a 03       		.byte	0x3
 561 024b 00000000 		.4byte	USBFS_1_STRING_DESCRIPTORS
 562 024f 0E       		.uleb128 0xe
 563 0250 2E020000 		.4byte	0x22e
 564 0254 00       		.byte	0
 565              		.section	.debug_abbrev,"",%progbits
 566              	.Ldebug_abbrev0:
 567 0000 01       		.uleb128 0x1
 568 0001 11       		.uleb128 0x11
 569 0002 01       		.byte	0x1
 570 0003 25       		.uleb128 0x25
ARM GAS  C:\Users\LUKASC~1\AppData\Local\Temp\cciz4Z1j.s 			page 11


 571 0004 0E       		.uleb128 0xe
 572 0005 13       		.uleb128 0x13
 573 0006 0B       		.uleb128 0xb
 574 0007 03       		.uleb128 0x3
 575 0008 0E       		.uleb128 0xe
 576 0009 1B       		.uleb128 0x1b
 577 000a 0E       		.uleb128 0xe
 578 000b 10       		.uleb128 0x10
 579 000c 17       		.uleb128 0x17
 580 000d 00       		.byte	0
 581 000e 00       		.byte	0
 582 000f 02       		.uleb128 0x2
 583 0010 24       		.uleb128 0x24
 584 0011 00       		.byte	0
 585 0012 0B       		.uleb128 0xb
 586 0013 0B       		.uleb128 0xb
 587 0014 3E       		.uleb128 0x3e
 588 0015 0B       		.uleb128 0xb
 589 0016 03       		.uleb128 0x3
 590 0017 0E       		.uleb128 0xe
 591 0018 00       		.byte	0
 592 0019 00       		.byte	0
 593 001a 03       		.uleb128 0x3
 594 001b 24       		.uleb128 0x24
 595 001c 00       		.byte	0
 596 001d 0B       		.uleb128 0xb
 597 001e 0B       		.uleb128 0xb
 598 001f 3E       		.uleb128 0x3e
 599 0020 0B       		.uleb128 0xb
 600 0021 03       		.uleb128 0x3
 601 0022 08       		.uleb128 0x8
 602 0023 00       		.byte	0
 603 0024 00       		.byte	0
 604 0025 04       		.uleb128 0x4
 605 0026 16       		.uleb128 0x16
 606 0027 00       		.byte	0
 607 0028 03       		.uleb128 0x3
 608 0029 0E       		.uleb128 0xe
 609 002a 3A       		.uleb128 0x3a
 610 002b 0B       		.uleb128 0xb
 611 002c 3B       		.uleb128 0x3b
 612 002d 05       		.uleb128 0x5
 613 002e 49       		.uleb128 0x49
 614 002f 13       		.uleb128 0x13
 615 0030 00       		.byte	0
 616 0031 00       		.byte	0
 617 0032 05       		.uleb128 0x5
 618 0033 13       		.uleb128 0x13
 619 0034 01       		.byte	0x1
 620 0035 0B       		.uleb128 0xb
 621 0036 0B       		.uleb128 0xb
 622 0037 3A       		.uleb128 0x3a
 623 0038 0B       		.uleb128 0xb
 624 0039 3B       		.uleb128 0x3b
 625 003a 0B       		.uleb128 0xb
 626 003b 01       		.uleb128 0x1
 627 003c 13       		.uleb128 0x13
ARM GAS  C:\Users\LUKASC~1\AppData\Local\Temp\cciz4Z1j.s 			page 12


 628 003d 00       		.byte	0
 629 003e 00       		.byte	0
 630 003f 06       		.uleb128 0x6
 631 0040 0D       		.uleb128 0xd
 632 0041 00       		.byte	0
 633 0042 03       		.uleb128 0x3
 634 0043 0E       		.uleb128 0xe
 635 0044 3A       		.uleb128 0x3a
 636 0045 0B       		.uleb128 0xb
 637 0046 3B       		.uleb128 0x3b
 638 0047 0B       		.uleb128 0xb
 639 0048 49       		.uleb128 0x49
 640 0049 13       		.uleb128 0x13
 641 004a 38       		.uleb128 0x38
 642 004b 0B       		.uleb128 0xb
 643 004c 00       		.byte	0
 644 004d 00       		.byte	0
 645 004e 07       		.uleb128 0x7
 646 004f 16       		.uleb128 0x16
 647 0050 00       		.byte	0
 648 0051 03       		.uleb128 0x3
 649 0052 0E       		.uleb128 0xe
 650 0053 3A       		.uleb128 0x3a
 651 0054 0B       		.uleb128 0xb
 652 0055 3B       		.uleb128 0x3b
 653 0056 0B       		.uleb128 0xb
 654 0057 49       		.uleb128 0x49
 655 0058 13       		.uleb128 0x13
 656 0059 00       		.byte	0
 657 005a 00       		.byte	0
 658 005b 08       		.uleb128 0x8
 659 005c 0D       		.uleb128 0xd
 660 005d 00       		.byte	0
 661 005e 03       		.uleb128 0x3
 662 005f 08       		.uleb128 0x8
 663 0060 3A       		.uleb128 0x3a
 664 0061 0B       		.uleb128 0xb
 665 0062 3B       		.uleb128 0x3b
 666 0063 0B       		.uleb128 0xb
 667 0064 49       		.uleb128 0x49
 668 0065 13       		.uleb128 0x13
 669 0066 38       		.uleb128 0x38
 670 0067 0B       		.uleb128 0xb
 671 0068 00       		.byte	0
 672 0069 00       		.byte	0
 673 006a 09       		.uleb128 0x9
 674 006b 0F       		.uleb128 0xf
 675 006c 00       		.byte	0
 676 006d 0B       		.uleb128 0xb
 677 006e 0B       		.uleb128 0xb
 678 006f 49       		.uleb128 0x49
 679 0070 13       		.uleb128 0x13
 680 0071 00       		.byte	0
 681 0072 00       		.byte	0
 682 0073 0A       		.uleb128 0xa
 683 0074 26       		.uleb128 0x26
 684 0075 00       		.byte	0
ARM GAS  C:\Users\LUKASC~1\AppData\Local\Temp\cciz4Z1j.s 			page 13


 685 0076 00       		.byte	0
 686 0077 00       		.byte	0
 687 0078 0B       		.uleb128 0xb
 688 0079 01       		.uleb128 0x1
 689 007a 01       		.byte	0x1
 690 007b 49       		.uleb128 0x49
 691 007c 13       		.uleb128 0x13
 692 007d 01       		.uleb128 0x1
 693 007e 13       		.uleb128 0x13
 694 007f 00       		.byte	0
 695 0080 00       		.byte	0
 696 0081 0C       		.uleb128 0xc
 697 0082 21       		.uleb128 0x21
 698 0083 00       		.byte	0
 699 0084 49       		.uleb128 0x49
 700 0085 13       		.uleb128 0x13
 701 0086 2F       		.uleb128 0x2f
 702 0087 0B       		.uleb128 0xb
 703 0088 00       		.byte	0
 704 0089 00       		.byte	0
 705 008a 0D       		.uleb128 0xd
 706 008b 34       		.uleb128 0x34
 707 008c 00       		.byte	0
 708 008d 03       		.uleb128 0x3
 709 008e 0E       		.uleb128 0xe
 710 008f 3A       		.uleb128 0x3a
 711 0090 0B       		.uleb128 0xb
 712 0091 3B       		.uleb128 0x3b
 713 0092 0B       		.uleb128 0xb
 714 0093 49       		.uleb128 0x49
 715 0094 13       		.uleb128 0x13
 716 0095 3F       		.uleb128 0x3f
 717 0096 19       		.uleb128 0x19
 718 0097 02       		.uleb128 0x2
 719 0098 18       		.uleb128 0x18
 720 0099 00       		.byte	0
 721 009a 00       		.byte	0
 722 009b 0E       		.uleb128 0xe
 723 009c 26       		.uleb128 0x26
 724 009d 00       		.byte	0
 725 009e 49       		.uleb128 0x49
 726 009f 13       		.uleb128 0x13
 727 00a0 00       		.byte	0
 728 00a1 00       		.byte	0
 729 00a2 00       		.byte	0
 730              		.section	.debug_aranges,"",%progbits
 731 0000 14000000 		.4byte	0x14
 732 0004 0200     		.2byte	0x2
 733 0006 00000000 		.4byte	.Ldebug_info0
 734 000a 04       		.byte	0x4
 735 000b 00       		.byte	0
 736 000c 0000     		.2byte	0
 737 000e 0000     		.2byte	0
 738 0010 00000000 		.4byte	0
 739 0014 00000000 		.4byte	0
 740              		.section	.debug_line,"",%progbits
 741              	.Ldebug_line0:
ARM GAS  C:\Users\LUKASC~1\AppData\Local\Temp\cciz4Z1j.s 			page 14


 742 0000 5F000000 		.section	.debug_str,"MS",%progbits,1
 742      02005900 
 742      00000201 
 742      FB0E0D00 
 742      01010101 
 743              	.LASF34:
 744 0000 433A5C55 		.ascii	"C:\\Users\\Lukas Creutzburg\\Documents\\GitHub\\PSo"
 744      73657273 
 744      5C4C756B 
 744      61732043 
 744      72657574 
 745 002e 43354C50 		.ascii	"C5LP-freeDSP-USB-Port\\PSoC_freeDSP_USB_Port\\Desig"
 745      2D667265 
 745      65445350 
 745      2D555342 
 745      2D506F72 
 746 005f 6E30312E 		.ascii	"n01.cydsn\000"
 746      63796473 
 746      6E00
 747              	.LASF4:
 748 0069 6C6F6E67 		.ascii	"long int\000"
 748      20696E74 
 748      00
 749              	.LASF3:
 750 0072 73686F72 		.ascii	"short unsigned int\000"
 750      7420756E 
 750      7369676E 
 750      65642069 
 750      6E7400
 751              	.LASF25:
 752 0085 55534246 		.ascii	"USBFS_1_DEVICE0_CONFIGURATION0_DESCR\000"
 752      535F315F 
 752      44455649 
 752      4345305F 
 752      434F4E46 
 753              	.LASF11:
 754 00aa 666C6F61 		.ascii	"float\000"
 754      7400
 755              	.LASF16:
 756 00b0 616C7453 		.ascii	"altSetting\000"
 756      65747469 
 756      6E6700
 757              	.LASF0:
 758 00bb 7369676E 		.ascii	"signed char\000"
 758      65642063 
 758      68617200 
 759              	.LASF30:
 760 00c7 55534246 		.ascii	"USBFS_1_TABLE\000"
 760      535F315F 
 760      5441424C 
 760      4500
 761              	.LASF1:
 762 00d5 756E7369 		.ascii	"unsigned char\000"
 762      676E6564 
 762      20636861 
 762      7200
 763              	.LASF18:
ARM GAS  C:\Users\LUKASC~1\AppData\Local\Temp\cciz4Z1j.s 			page 15


 764 00e3 61747472 		.ascii	"attributes\000"
 764      69627574 
 764      657300
 765              	.LASF5:
 766 00ee 6C6F6E67 		.ascii	"long unsigned int\000"
 766      20756E73 
 766      69676E65 
 766      6420696E 
 766      7400
 767              	.LASF17:
 768 0100 61646472 		.ascii	"addr\000"
 768      00
 769              	.LASF29:
 770 0105 55534246 		.ascii	"USBFS_1_DEVICE0_TABLE\000"
 770      535F315F 
 770      44455649 
 770      4345305F 
 770      5441424C 
 771              	.LASF21:
 772 011b 545F5553 		.ascii	"T_USBFS_1_EP_SETTINGS_BLOCK\000"
 772      4246535F 
 772      315F4550 
 772      5F534554 
 772      54494E47 
 773              	.LASF12:
 774 0137 646F7562 		.ascii	"double\000"
 774      6C6500
 775              	.LASF10:
 776 013e 75696E74 		.ascii	"uint16\000"
 776      313600
 777              	.LASF26:
 778 0145 55534246 		.ascii	"USBFS_1_DEVICE0_CONFIGURATION0_EP_SETTINGS_TABLE\000"
 778      535F315F 
 778      44455649 
 778      4345305F 
 778      434F4E46 
 779              	.LASF32:
 780 0176 474E5520 		.ascii	"GNU C 4.9.3 20150303 (release) [ARM/embedded-4_9-br"
 780      4320342E 
 780      392E3320 
 780      32303135 
 780      30333033 
 781 01a9 616E6368 		.ascii	"anch revision 221220] -mcpu=cortex-m3 -mthumb -g -O"
 781      20726576 
 781      6973696F 
 781      6E203232 
 781      31323230 
 782 01dc 67202D66 		.ascii	"g -ffunction-sections -ffat-lto-objects\000"
 782      66756E63 
 782      74696F6E 
 782      2D736563 
 782      74696F6E 
 783              	.LASF8:
 784 0204 756E7369 		.ascii	"unsigned int\000"
 784      676E6564 
 784      20696E74 
 784      00
ARM GAS  C:\Users\LUKASC~1\AppData\Local\Temp\cciz4Z1j.s 			page 16


 785              	.LASF23:
 786 0211 545F5553 		.ascii	"T_USBFS_1_LUT\000"
 786      4246535F 
 786      315F4C55 
 786      5400
 787              	.LASF24:
 788 021f 55534246 		.ascii	"USBFS_1_DEVICE0_DESCR\000"
 788      535F315F 
 788      44455649 
 788      4345305F 
 788      44455343 
 789              	.LASF7:
 790 0235 6C6F6E67 		.ascii	"long long unsigned int\000"
 790      206C6F6E 
 790      6720756E 
 790      7369676E 
 790      65642069 
 791              	.LASF22:
 792 024c 705F6C69 		.ascii	"p_list\000"
 792      737400
 793              	.LASF14:
 794 0253 73697A65 		.ascii	"sizetype\000"
 794      74797065 
 794      00
 795              	.LASF6:
 796 025c 6C6F6E67 		.ascii	"long long int\000"
 796      206C6F6E 
 796      6720696E 
 796      7400
 797              	.LASF13:
 798 026a 63686172 		.ascii	"char\000"
 798      00
 799              	.LASF19:
 800 026f 62756666 		.ascii	"bufferSize\000"
 800      65725369 
 800      7A6500
 801              	.LASF2:
 802 027a 73686F72 		.ascii	"short int\000"
 802      7420696E 
 802      7400
 803              	.LASF9:
 804 0284 75696E74 		.ascii	"uint8\000"
 804      3800
 805              	.LASF15:
 806 028a 696E7465 		.ascii	"interface\000"
 806      72666163 
 806      6500
 807              	.LASF31:
 808 0294 55534246 		.ascii	"USBFS_1_STRING_DESCRIPTORS\000"
 808      535F315F 
 808      53545249 
 808      4E475F44 
 808      45534352 
 809              	.LASF27:
 810 02af 55534246 		.ascii	"USBFS_1_DEVICE0_CONFIGURATION0_INTERFACE_CLASS\000"
 810      535F315F 
 810      44455649 
ARM GAS  C:\Users\LUKASC~1\AppData\Local\Temp\cciz4Z1j.s 			page 17


 810      4345305F 
 810      434F4E46 
 811              	.LASF33:
 812 02de 2E5C4765 		.ascii	".\\Generated_Source\\PSoC5\\USBFS_1_descr.c\000"
 812      6E657261 
 812      7465645F 
 812      536F7572 
 812      63655C50 
 813              	.LASF28:
 814 0307 55534246 		.ascii	"USBFS_1_DEVICE0_CONFIGURATION0_TABLE\000"
 814      535F315F 
 814      44455649 
 814      4345305F 
 814      434F4E46 
 815              	.LASF20:
 816 032c 624D6973 		.ascii	"bMisc\000"
 816      6300
 817              		.ident	"GCC: (GNU Tools for ARM Embedded Processors) 4.9.3 20150303 (release) [ARM/embedded-4_9-br
